[2023-08-23T21:33:52.944-0400] {processor.py:157} INFO - Started process (PID=8487) to work on /Users/mauri/Desktop/repositorio/apache-airflow-tutorial/env/lib/python3.11/site-packages/airflow/example_dags/plugins/workday.py
[2023-08-23T21:33:52.946-0400] {processor.py:829} INFO - Processing file /Users/mauri/Desktop/repositorio/apache-airflow-tutorial/env/lib/python3.11/site-packages/airflow/example_dags/plugins/workday.py for tasks to queue
[2023-08-23T21:33:52.946-0400] {logging_mixin.py:151} INFO - [2023-08-23T21:33:52.946-0400] {dagbag.py:539} INFO - Filling up the DagBag from /Users/mauri/Desktop/repositorio/apache-airflow-tutorial/env/lib/python3.11/site-packages/airflow/example_dags/plugins/workday.py
[2023-08-23T21:33:52.946-0400] {logging_mixin.py:151} INFO - [2023-08-23T21:33:52.946-0400] {workday.py:36} WARNING - Could not import pandas. Holidays will not be considered.
[2023-08-23T21:33:52.946-0400] {processor.py:841} WARNING - No viable dags retrieved from /Users/mauri/Desktop/repositorio/apache-airflow-tutorial/env/lib/python3.11/site-packages/airflow/example_dags/plugins/workday.py
[2023-08-23T21:33:52.998-0400] {processor.py:179} INFO - Processing /Users/mauri/Desktop/repositorio/apache-airflow-tutorial/env/lib/python3.11/site-packages/airflow/example_dags/plugins/workday.py took 0.054 seconds
[2023-08-23T21:35:14.769-0400] {processor.py:157} INFO - Started process (PID=8551) to work on /Users/mauri/Desktop/repositorio/apache-airflow-tutorial/env/lib/python3.11/site-packages/airflow/example_dags/plugins/workday.py
[2023-08-23T21:35:14.771-0400] {processor.py:829} INFO - Processing file /Users/mauri/Desktop/repositorio/apache-airflow-tutorial/env/lib/python3.11/site-packages/airflow/example_dags/plugins/workday.py for tasks to queue
[2023-08-23T21:35:14.771-0400] {logging_mixin.py:151} INFO - [2023-08-23T21:35:14.771-0400] {dagbag.py:539} INFO - Filling up the DagBag from /Users/mauri/Desktop/repositorio/apache-airflow-tutorial/env/lib/python3.11/site-packages/airflow/example_dags/plugins/workday.py
[2023-08-23T21:35:14.772-0400] {logging_mixin.py:151} INFO - [2023-08-23T21:35:14.772-0400] {workday.py:36} WARNING - Could not import pandas. Holidays will not be considered.
[2023-08-23T21:35:14.772-0400] {processor.py:841} WARNING - No viable dags retrieved from /Users/mauri/Desktop/repositorio/apache-airflow-tutorial/env/lib/python3.11/site-packages/airflow/example_dags/plugins/workday.py
[2023-08-23T21:35:14.827-0400] {processor.py:179} INFO - Processing /Users/mauri/Desktop/repositorio/apache-airflow-tutorial/env/lib/python3.11/site-packages/airflow/example_dags/plugins/workday.py took 0.058 seconds
[2023-08-23T21:35:57.883-0400] {processor.py:157} INFO - Started process (PID=8589) to work on /Users/mauri/Desktop/repositorio/apache-airflow-tutorial/env/lib/python3.11/site-packages/airflow/example_dags/plugins/workday.py
[2023-08-23T21:35:57.886-0400] {processor.py:829} INFO - Processing file /Users/mauri/Desktop/repositorio/apache-airflow-tutorial/env/lib/python3.11/site-packages/airflow/example_dags/plugins/workday.py for tasks to queue
[2023-08-23T21:35:57.886-0400] {logging_mixin.py:151} INFO - [2023-08-23T21:35:57.886-0400] {dagbag.py:539} INFO - Filling up the DagBag from /Users/mauri/Desktop/repositorio/apache-airflow-tutorial/env/lib/python3.11/site-packages/airflow/example_dags/plugins/workday.py
[2023-08-23T21:35:57.887-0400] {logging_mixin.py:151} INFO - [2023-08-23T21:35:57.887-0400] {workday.py:36} WARNING - Could not import pandas. Holidays will not be considered.
[2023-08-23T21:35:57.887-0400] {processor.py:841} WARNING - No viable dags retrieved from /Users/mauri/Desktop/repositorio/apache-airflow-tutorial/env/lib/python3.11/site-packages/airflow/example_dags/plugins/workday.py
[2023-08-23T21:35:57.948-0400] {processor.py:179} INFO - Processing /Users/mauri/Desktop/repositorio/apache-airflow-tutorial/env/lib/python3.11/site-packages/airflow/example_dags/plugins/workday.py took 0.065 seconds
[2023-08-23T21:36:33.565-0400] {processor.py:157} INFO - Started process (PID=8622) to work on /Users/mauri/Desktop/repositorio/apache-airflow-tutorial/env/lib/python3.11/site-packages/airflow/example_dags/plugins/workday.py
[2023-08-23T21:36:33.566-0400] {processor.py:829} INFO - Processing file /Users/mauri/Desktop/repositorio/apache-airflow-tutorial/env/lib/python3.11/site-packages/airflow/example_dags/plugins/workday.py for tasks to queue
[2023-08-23T21:36:33.567-0400] {logging_mixin.py:151} INFO - [2023-08-23T21:36:33.567-0400] {dagbag.py:539} INFO - Filling up the DagBag from /Users/mauri/Desktop/repositorio/apache-airflow-tutorial/env/lib/python3.11/site-packages/airflow/example_dags/plugins/workday.py
[2023-08-23T21:36:33.568-0400] {logging_mixin.py:151} INFO - [2023-08-23T21:36:33.568-0400] {workday.py:36} WARNING - Could not import pandas. Holidays will not be considered.
[2023-08-23T21:36:33.568-0400] {processor.py:841} WARNING - No viable dags retrieved from /Users/mauri/Desktop/repositorio/apache-airflow-tutorial/env/lib/python3.11/site-packages/airflow/example_dags/plugins/workday.py
[2023-08-23T21:36:33.620-0400] {processor.py:179} INFO - Processing /Users/mauri/Desktop/repositorio/apache-airflow-tutorial/env/lib/python3.11/site-packages/airflow/example_dags/plugins/workday.py took 0.055 seconds
[2023-08-23T21:37:10.547-0400] {processor.py:157} INFO - Started process (PID=8656) to work on /Users/mauri/Desktop/repositorio/apache-airflow-tutorial/env/lib/python3.11/site-packages/airflow/example_dags/plugins/workday.py
[2023-08-23T21:37:10.549-0400] {processor.py:829} INFO - Processing file /Users/mauri/Desktop/repositorio/apache-airflow-tutorial/env/lib/python3.11/site-packages/airflow/example_dags/plugins/workday.py for tasks to queue
[2023-08-23T21:37:10.549-0400] {logging_mixin.py:151} INFO - [2023-08-23T21:37:10.549-0400] {dagbag.py:539} INFO - Filling up the DagBag from /Users/mauri/Desktop/repositorio/apache-airflow-tutorial/env/lib/python3.11/site-packages/airflow/example_dags/plugins/workday.py
[2023-08-23T21:37:10.549-0400] {logging_mixin.py:151} INFO - [2023-08-23T21:37:10.549-0400] {workday.py:36} WARNING - Could not import pandas. Holidays will not be considered.
[2023-08-23T21:37:10.549-0400] {processor.py:841} WARNING - No viable dags retrieved from /Users/mauri/Desktop/repositorio/apache-airflow-tutorial/env/lib/python3.11/site-packages/airflow/example_dags/plugins/workday.py
[2023-08-23T21:37:10.603-0400] {processor.py:179} INFO - Processing /Users/mauri/Desktop/repositorio/apache-airflow-tutorial/env/lib/python3.11/site-packages/airflow/example_dags/plugins/workday.py took 0.056 seconds
[2023-08-23T21:37:48.499-0400] {processor.py:157} INFO - Started process (PID=8684) to work on /Users/mauri/Desktop/repositorio/apache-airflow-tutorial/env/lib/python3.11/site-packages/airflow/example_dags/plugins/workday.py
[2023-08-23T21:37:48.501-0400] {processor.py:829} INFO - Processing file /Users/mauri/Desktop/repositorio/apache-airflow-tutorial/env/lib/python3.11/site-packages/airflow/example_dags/plugins/workday.py for tasks to queue
[2023-08-23T21:37:48.502-0400] {logging_mixin.py:151} INFO - [2023-08-23T21:37:48.501-0400] {dagbag.py:539} INFO - Filling up the DagBag from /Users/mauri/Desktop/repositorio/apache-airflow-tutorial/env/lib/python3.11/site-packages/airflow/example_dags/plugins/workday.py
[2023-08-23T21:37:48.502-0400] {logging_mixin.py:151} INFO - [2023-08-23T21:37:48.502-0400] {workday.py:36} WARNING - Could not import pandas. Holidays will not be considered.
[2023-08-23T21:37:48.502-0400] {processor.py:841} WARNING - No viable dags retrieved from /Users/mauri/Desktop/repositorio/apache-airflow-tutorial/env/lib/python3.11/site-packages/airflow/example_dags/plugins/workday.py
[2023-08-23T21:37:48.555-0400] {processor.py:179} INFO - Processing /Users/mauri/Desktop/repositorio/apache-airflow-tutorial/env/lib/python3.11/site-packages/airflow/example_dags/plugins/workday.py took 0.056 seconds
[2023-08-23T21:38:24.601-0400] {processor.py:157} INFO - Started process (PID=8720) to work on /Users/mauri/Desktop/repositorio/apache-airflow-tutorial/env/lib/python3.11/site-packages/airflow/example_dags/plugins/workday.py
[2023-08-23T21:38:24.603-0400] {processor.py:829} INFO - Processing file /Users/mauri/Desktop/repositorio/apache-airflow-tutorial/env/lib/python3.11/site-packages/airflow/example_dags/plugins/workday.py for tasks to queue
[2023-08-23T21:38:24.603-0400] {logging_mixin.py:151} INFO - [2023-08-23T21:38:24.603-0400] {dagbag.py:539} INFO - Filling up the DagBag from /Users/mauri/Desktop/repositorio/apache-airflow-tutorial/env/lib/python3.11/site-packages/airflow/example_dags/plugins/workday.py
[2023-08-23T21:38:24.604-0400] {logging_mixin.py:151} INFO - [2023-08-23T21:38:24.604-0400] {workday.py:36} WARNING - Could not import pandas. Holidays will not be considered.
[2023-08-23T21:38:24.604-0400] {processor.py:841} WARNING - No viable dags retrieved from /Users/mauri/Desktop/repositorio/apache-airflow-tutorial/env/lib/python3.11/site-packages/airflow/example_dags/plugins/workday.py
[2023-08-23T21:38:24.663-0400] {processor.py:179} INFO - Processing /Users/mauri/Desktop/repositorio/apache-airflow-tutorial/env/lib/python3.11/site-packages/airflow/example_dags/plugins/workday.py took 0.062 seconds
[2023-08-23T21:39:02.982-0400] {processor.py:157} INFO - Started process (PID=8756) to work on /Users/mauri/Desktop/repositorio/apache-airflow-tutorial/env/lib/python3.11/site-packages/airflow/example_dags/plugins/workday.py
[2023-08-23T21:39:02.983-0400] {processor.py:829} INFO - Processing file /Users/mauri/Desktop/repositorio/apache-airflow-tutorial/env/lib/python3.11/site-packages/airflow/example_dags/plugins/workday.py for tasks to queue
[2023-08-23T21:39:02.983-0400] {logging_mixin.py:151} INFO - [2023-08-23T21:39:02.983-0400] {dagbag.py:539} INFO - Filling up the DagBag from /Users/mauri/Desktop/repositorio/apache-airflow-tutorial/env/lib/python3.11/site-packages/airflow/example_dags/plugins/workday.py
[2023-08-23T21:39:02.984-0400] {logging_mixin.py:151} INFO - [2023-08-23T21:39:02.984-0400] {workday.py:36} WARNING - Could not import pandas. Holidays will not be considered.
[2023-08-23T21:39:02.984-0400] {processor.py:841} WARNING - No viable dags retrieved from /Users/mauri/Desktop/repositorio/apache-airflow-tutorial/env/lib/python3.11/site-packages/airflow/example_dags/plugins/workday.py
[2023-08-23T21:39:03.038-0400] {processor.py:179} INFO - Processing /Users/mauri/Desktop/repositorio/apache-airflow-tutorial/env/lib/python3.11/site-packages/airflow/example_dags/plugins/workday.py took 0.056 seconds
[2023-08-23T21:39:40.588-0400] {processor.py:157} INFO - Started process (PID=8787) to work on /Users/mauri/Desktop/repositorio/apache-airflow-tutorial/env/lib/python3.11/site-packages/airflow/example_dags/plugins/workday.py
[2023-08-23T21:39:40.589-0400] {processor.py:829} INFO - Processing file /Users/mauri/Desktop/repositorio/apache-airflow-tutorial/env/lib/python3.11/site-packages/airflow/example_dags/plugins/workday.py for tasks to queue
[2023-08-23T21:39:40.589-0400] {logging_mixin.py:151} INFO - [2023-08-23T21:39:40.589-0400] {dagbag.py:539} INFO - Filling up the DagBag from /Users/mauri/Desktop/repositorio/apache-airflow-tutorial/env/lib/python3.11/site-packages/airflow/example_dags/plugins/workday.py
[2023-08-23T21:39:40.590-0400] {logging_mixin.py:151} INFO - [2023-08-23T21:39:40.590-0400] {workday.py:36} WARNING - Could not import pandas. Holidays will not be considered.
[2023-08-23T21:39:40.590-0400] {processor.py:841} WARNING - No viable dags retrieved from /Users/mauri/Desktop/repositorio/apache-airflow-tutorial/env/lib/python3.11/site-packages/airflow/example_dags/plugins/workday.py
[2023-08-23T21:39:40.642-0400] {processor.py:179} INFO - Processing /Users/mauri/Desktop/repositorio/apache-airflow-tutorial/env/lib/python3.11/site-packages/airflow/example_dags/plugins/workday.py took 0.054 seconds
[2023-08-23T21:40:17.771-0400] {processor.py:157} INFO - Started process (PID=8821) to work on /Users/mauri/Desktop/repositorio/apache-airflow-tutorial/env/lib/python3.11/site-packages/airflow/example_dags/plugins/workday.py
[2023-08-23T21:40:17.772-0400] {processor.py:829} INFO - Processing file /Users/mauri/Desktop/repositorio/apache-airflow-tutorial/env/lib/python3.11/site-packages/airflow/example_dags/plugins/workday.py for tasks to queue
[2023-08-23T21:40:17.773-0400] {logging_mixin.py:151} INFO - [2023-08-23T21:40:17.772-0400] {dagbag.py:539} INFO - Filling up the DagBag from /Users/mauri/Desktop/repositorio/apache-airflow-tutorial/env/lib/python3.11/site-packages/airflow/example_dags/plugins/workday.py
[2023-08-23T21:40:17.773-0400] {logging_mixin.py:151} INFO - [2023-08-23T21:40:17.773-0400] {workday.py:36} WARNING - Could not import pandas. Holidays will not be considered.
[2023-08-23T21:40:17.773-0400] {processor.py:841} WARNING - No viable dags retrieved from /Users/mauri/Desktop/repositorio/apache-airflow-tutorial/env/lib/python3.11/site-packages/airflow/example_dags/plugins/workday.py
[2023-08-23T21:40:17.826-0400] {processor.py:179} INFO - Processing /Users/mauri/Desktop/repositorio/apache-airflow-tutorial/env/lib/python3.11/site-packages/airflow/example_dags/plugins/workday.py took 0.055 seconds
[2023-08-23T21:40:54.568-0400] {processor.py:157} INFO - Started process (PID=8849) to work on /Users/mauri/Desktop/repositorio/apache-airflow-tutorial/env/lib/python3.11/site-packages/airflow/example_dags/plugins/workday.py
[2023-08-23T21:40:54.569-0400] {processor.py:829} INFO - Processing file /Users/mauri/Desktop/repositorio/apache-airflow-tutorial/env/lib/python3.11/site-packages/airflow/example_dags/plugins/workday.py for tasks to queue
[2023-08-23T21:40:54.569-0400] {logging_mixin.py:151} INFO - [2023-08-23T21:40:54.569-0400] {dagbag.py:539} INFO - Filling up the DagBag from /Users/mauri/Desktop/repositorio/apache-airflow-tutorial/env/lib/python3.11/site-packages/airflow/example_dags/plugins/workday.py
[2023-08-23T21:40:54.570-0400] {logging_mixin.py:151} INFO - [2023-08-23T21:40:54.570-0400] {workday.py:36} WARNING - Could not import pandas. Holidays will not be considered.
[2023-08-23T21:40:54.570-0400] {processor.py:841} WARNING - No viable dags retrieved from /Users/mauri/Desktop/repositorio/apache-airflow-tutorial/env/lib/python3.11/site-packages/airflow/example_dags/plugins/workday.py
[2023-08-23T21:40:54.623-0400] {processor.py:179} INFO - Processing /Users/mauri/Desktop/repositorio/apache-airflow-tutorial/env/lib/python3.11/site-packages/airflow/example_dags/plugins/workday.py took 0.056 seconds
[2023-08-23T21:41:30.773-0400] {processor.py:157} INFO - Started process (PID=8875) to work on /Users/mauri/Desktop/repositorio/apache-airflow-tutorial/env/lib/python3.11/site-packages/airflow/example_dags/plugins/workday.py
[2023-08-23T21:41:30.775-0400] {processor.py:829} INFO - Processing file /Users/mauri/Desktop/repositorio/apache-airflow-tutorial/env/lib/python3.11/site-packages/airflow/example_dags/plugins/workday.py for tasks to queue
[2023-08-23T21:41:30.775-0400] {logging_mixin.py:151} INFO - [2023-08-23T21:41:30.775-0400] {dagbag.py:539} INFO - Filling up the DagBag from /Users/mauri/Desktop/repositorio/apache-airflow-tutorial/env/lib/python3.11/site-packages/airflow/example_dags/plugins/workday.py
[2023-08-23T21:41:30.775-0400] {logging_mixin.py:151} INFO - [2023-08-23T21:41:30.775-0400] {workday.py:36} WARNING - Could not import pandas. Holidays will not be considered.
[2023-08-23T21:41:30.775-0400] {processor.py:841} WARNING - No viable dags retrieved from /Users/mauri/Desktop/repositorio/apache-airflow-tutorial/env/lib/python3.11/site-packages/airflow/example_dags/plugins/workday.py
[2023-08-23T21:41:30.827-0400] {processor.py:179} INFO - Processing /Users/mauri/Desktop/repositorio/apache-airflow-tutorial/env/lib/python3.11/site-packages/airflow/example_dags/plugins/workday.py took 0.054 seconds
[2023-08-23T21:42:07.331-0400] {processor.py:157} INFO - Started process (PID=8906) to work on /Users/mauri/Desktop/repositorio/apache-airflow-tutorial/env/lib/python3.11/site-packages/airflow/example_dags/plugins/workday.py
[2023-08-23T21:42:07.332-0400] {processor.py:829} INFO - Processing file /Users/mauri/Desktop/repositorio/apache-airflow-tutorial/env/lib/python3.11/site-packages/airflow/example_dags/plugins/workday.py for tasks to queue
[2023-08-23T21:42:07.332-0400] {logging_mixin.py:151} INFO - [2023-08-23T21:42:07.332-0400] {dagbag.py:539} INFO - Filling up the DagBag from /Users/mauri/Desktop/repositorio/apache-airflow-tutorial/env/lib/python3.11/site-packages/airflow/example_dags/plugins/workday.py
[2023-08-23T21:42:07.333-0400] {logging_mixin.py:151} INFO - [2023-08-23T21:42:07.333-0400] {workday.py:36} WARNING - Could not import pandas. Holidays will not be considered.
[2023-08-23T21:42:07.333-0400] {processor.py:841} WARNING - No viable dags retrieved from /Users/mauri/Desktop/repositorio/apache-airflow-tutorial/env/lib/python3.11/site-packages/airflow/example_dags/plugins/workday.py
[2023-08-23T21:42:07.384-0400] {processor.py:179} INFO - Processing /Users/mauri/Desktop/repositorio/apache-airflow-tutorial/env/lib/python3.11/site-packages/airflow/example_dags/plugins/workday.py took 0.054 seconds
[2023-08-23T21:42:43.713-0400] {processor.py:157} INFO - Started process (PID=8945) to work on /Users/mauri/Desktop/repositorio/apache-airflow-tutorial/env/lib/python3.11/site-packages/airflow/example_dags/plugins/workday.py
[2023-08-23T21:42:43.714-0400] {processor.py:829} INFO - Processing file /Users/mauri/Desktop/repositorio/apache-airflow-tutorial/env/lib/python3.11/site-packages/airflow/example_dags/plugins/workday.py for tasks to queue
[2023-08-23T21:42:43.715-0400] {logging_mixin.py:151} INFO - [2023-08-23T21:42:43.715-0400] {dagbag.py:539} INFO - Filling up the DagBag from /Users/mauri/Desktop/repositorio/apache-airflow-tutorial/env/lib/python3.11/site-packages/airflow/example_dags/plugins/workday.py
[2023-08-23T21:42:43.715-0400] {logging_mixin.py:151} INFO - [2023-08-23T21:42:43.715-0400] {workday.py:36} WARNING - Could not import pandas. Holidays will not be considered.
[2023-08-23T21:42:43.715-0400] {processor.py:841} WARNING - No viable dags retrieved from /Users/mauri/Desktop/repositorio/apache-airflow-tutorial/env/lib/python3.11/site-packages/airflow/example_dags/plugins/workday.py
[2023-08-23T21:42:43.770-0400] {processor.py:179} INFO - Processing /Users/mauri/Desktop/repositorio/apache-airflow-tutorial/env/lib/python3.11/site-packages/airflow/example_dags/plugins/workday.py took 0.057 seconds
[2023-08-23T21:43:19.955-0400] {processor.py:157} INFO - Started process (PID=8971) to work on /Users/mauri/Desktop/repositorio/apache-airflow-tutorial/env/lib/python3.11/site-packages/airflow/example_dags/plugins/workday.py
[2023-08-23T21:43:19.956-0400] {processor.py:829} INFO - Processing file /Users/mauri/Desktop/repositorio/apache-airflow-tutorial/env/lib/python3.11/site-packages/airflow/example_dags/plugins/workday.py for tasks to queue
[2023-08-23T21:43:19.956-0400] {logging_mixin.py:151} INFO - [2023-08-23T21:43:19.956-0400] {dagbag.py:539} INFO - Filling up the DagBag from /Users/mauri/Desktop/repositorio/apache-airflow-tutorial/env/lib/python3.11/site-packages/airflow/example_dags/plugins/workday.py
[2023-08-23T21:43:19.957-0400] {logging_mixin.py:151} INFO - [2023-08-23T21:43:19.957-0400] {workday.py:36} WARNING - Could not import pandas. Holidays will not be considered.
[2023-08-23T21:43:19.957-0400] {processor.py:841} WARNING - No viable dags retrieved from /Users/mauri/Desktop/repositorio/apache-airflow-tutorial/env/lib/python3.11/site-packages/airflow/example_dags/plugins/workday.py
[2023-08-23T21:43:20.008-0400] {processor.py:179} INFO - Processing /Users/mauri/Desktop/repositorio/apache-airflow-tutorial/env/lib/python3.11/site-packages/airflow/example_dags/plugins/workday.py took 0.054 seconds
[2023-08-23T21:43:54.133-0400] {processor.py:157} INFO - Started process (PID=9005) to work on /Users/mauri/Desktop/repositorio/apache-airflow-tutorial/env/lib/python3.11/site-packages/airflow/example_dags/plugins/workday.py
[2023-08-23T21:43:54.134-0400] {processor.py:829} INFO - Processing file /Users/mauri/Desktop/repositorio/apache-airflow-tutorial/env/lib/python3.11/site-packages/airflow/example_dags/plugins/workday.py for tasks to queue
[2023-08-23T21:43:54.134-0400] {logging_mixin.py:151} INFO - [2023-08-23T21:43:54.134-0400] {dagbag.py:539} INFO - Filling up the DagBag from /Users/mauri/Desktop/repositorio/apache-airflow-tutorial/env/lib/python3.11/site-packages/airflow/example_dags/plugins/workday.py
[2023-08-23T21:43:54.135-0400] {logging_mixin.py:151} INFO - [2023-08-23T21:43:54.135-0400] {workday.py:36} WARNING - Could not import pandas. Holidays will not be considered.
[2023-08-23T21:43:54.135-0400] {processor.py:841} WARNING - No viable dags retrieved from /Users/mauri/Desktop/repositorio/apache-airflow-tutorial/env/lib/python3.11/site-packages/airflow/example_dags/plugins/workday.py
[2023-08-23T21:43:54.187-0400] {processor.py:179} INFO - Processing /Users/mauri/Desktop/repositorio/apache-airflow-tutorial/env/lib/python3.11/site-packages/airflow/example_dags/plugins/workday.py took 0.054 seconds
[2023-08-23T21:44:30.406-0400] {processor.py:157} INFO - Started process (PID=9049) to work on /Users/mauri/Desktop/repositorio/apache-airflow-tutorial/env/lib/python3.11/site-packages/airflow/example_dags/plugins/workday.py
[2023-08-23T21:44:30.408-0400] {processor.py:829} INFO - Processing file /Users/mauri/Desktop/repositorio/apache-airflow-tutorial/env/lib/python3.11/site-packages/airflow/example_dags/plugins/workday.py for tasks to queue
[2023-08-23T21:44:30.408-0400] {logging_mixin.py:151} INFO - [2023-08-23T21:44:30.408-0400] {dagbag.py:539} INFO - Filling up the DagBag from /Users/mauri/Desktop/repositorio/apache-airflow-tutorial/env/lib/python3.11/site-packages/airflow/example_dags/plugins/workday.py
[2023-08-23T21:44:30.408-0400] {logging_mixin.py:151} INFO - [2023-08-23T21:44:30.408-0400] {workday.py:36} WARNING - Could not import pandas. Holidays will not be considered.
[2023-08-23T21:44:30.408-0400] {processor.py:841} WARNING - No viable dags retrieved from /Users/mauri/Desktop/repositorio/apache-airflow-tutorial/env/lib/python3.11/site-packages/airflow/example_dags/plugins/workday.py
[2023-08-23T21:44:30.460-0400] {processor.py:179} INFO - Processing /Users/mauri/Desktop/repositorio/apache-airflow-tutorial/env/lib/python3.11/site-packages/airflow/example_dags/plugins/workday.py took 0.054 seconds
[2023-08-23T21:45:07.671-0400] {processor.py:157} INFO - Started process (PID=9081) to work on /Users/mauri/Desktop/repositorio/apache-airflow-tutorial/env/lib/python3.11/site-packages/airflow/example_dags/plugins/workday.py
[2023-08-23T21:45:07.673-0400] {processor.py:829} INFO - Processing file /Users/mauri/Desktop/repositorio/apache-airflow-tutorial/env/lib/python3.11/site-packages/airflow/example_dags/plugins/workday.py for tasks to queue
[2023-08-23T21:45:07.673-0400] {logging_mixin.py:151} INFO - [2023-08-23T21:45:07.673-0400] {dagbag.py:539} INFO - Filling up the DagBag from /Users/mauri/Desktop/repositorio/apache-airflow-tutorial/env/lib/python3.11/site-packages/airflow/example_dags/plugins/workday.py
[2023-08-23T21:45:07.674-0400] {logging_mixin.py:151} INFO - [2023-08-23T21:45:07.674-0400] {workday.py:36} WARNING - Could not import pandas. Holidays will not be considered.
[2023-08-23T21:45:07.674-0400] {processor.py:841} WARNING - No viable dags retrieved from /Users/mauri/Desktop/repositorio/apache-airflow-tutorial/env/lib/python3.11/site-packages/airflow/example_dags/plugins/workday.py
[2023-08-23T21:45:07.734-0400] {processor.py:179} INFO - Processing /Users/mauri/Desktop/repositorio/apache-airflow-tutorial/env/lib/python3.11/site-packages/airflow/example_dags/plugins/workday.py took 0.063 seconds
[2023-08-23T21:45:43.823-0400] {processor.py:157} INFO - Started process (PID=9115) to work on /Users/mauri/Desktop/repositorio/apache-airflow-tutorial/env/lib/python3.11/site-packages/airflow/example_dags/plugins/workday.py
[2023-08-23T21:45:43.824-0400] {processor.py:829} INFO - Processing file /Users/mauri/Desktop/repositorio/apache-airflow-tutorial/env/lib/python3.11/site-packages/airflow/example_dags/plugins/workday.py for tasks to queue
[2023-08-23T21:45:43.825-0400] {logging_mixin.py:151} INFO - [2023-08-23T21:45:43.825-0400] {dagbag.py:539} INFO - Filling up the DagBag from /Users/mauri/Desktop/repositorio/apache-airflow-tutorial/env/lib/python3.11/site-packages/airflow/example_dags/plugins/workday.py
[2023-08-23T21:45:43.825-0400] {logging_mixin.py:151} INFO - [2023-08-23T21:45:43.825-0400] {workday.py:36} WARNING - Could not import pandas. Holidays will not be considered.
[2023-08-23T21:45:43.825-0400] {processor.py:841} WARNING - No viable dags retrieved from /Users/mauri/Desktop/repositorio/apache-airflow-tutorial/env/lib/python3.11/site-packages/airflow/example_dags/plugins/workday.py
[2023-08-23T21:45:43.886-0400] {processor.py:179} INFO - Processing /Users/mauri/Desktop/repositorio/apache-airflow-tutorial/env/lib/python3.11/site-packages/airflow/example_dags/plugins/workday.py took 0.064 seconds
[2023-08-23T21:46:20.506-0400] {processor.py:157} INFO - Started process (PID=9199) to work on /Users/mauri/Desktop/repositorio/apache-airflow-tutorial/env/lib/python3.11/site-packages/airflow/example_dags/plugins/workday.py
[2023-08-23T21:46:20.507-0400] {processor.py:829} INFO - Processing file /Users/mauri/Desktop/repositorio/apache-airflow-tutorial/env/lib/python3.11/site-packages/airflow/example_dags/plugins/workday.py for tasks to queue
[2023-08-23T21:46:20.508-0400] {logging_mixin.py:151} INFO - [2023-08-23T21:46:20.507-0400] {dagbag.py:539} INFO - Filling up the DagBag from /Users/mauri/Desktop/repositorio/apache-airflow-tutorial/env/lib/python3.11/site-packages/airflow/example_dags/plugins/workday.py
[2023-08-23T21:46:20.508-0400] {logging_mixin.py:151} INFO - [2023-08-23T21:46:20.508-0400] {workday.py:36} WARNING - Could not import pandas. Holidays will not be considered.
[2023-08-23T21:46:20.508-0400] {processor.py:841} WARNING - No viable dags retrieved from /Users/mauri/Desktop/repositorio/apache-airflow-tutorial/env/lib/python3.11/site-packages/airflow/example_dags/plugins/workday.py
[2023-08-23T21:46:20.560-0400] {processor.py:179} INFO - Processing /Users/mauri/Desktop/repositorio/apache-airflow-tutorial/env/lib/python3.11/site-packages/airflow/example_dags/plugins/workday.py took 0.054 seconds
[2023-08-23T21:46:54.947-0400] {processor.py:157} INFO - Started process (PID=9280) to work on /Users/mauri/Desktop/repositorio/apache-airflow-tutorial/env/lib/python3.11/site-packages/airflow/example_dags/plugins/workday.py
[2023-08-23T21:46:54.948-0400] {processor.py:829} INFO - Processing file /Users/mauri/Desktop/repositorio/apache-airflow-tutorial/env/lib/python3.11/site-packages/airflow/example_dags/plugins/workday.py for tasks to queue
[2023-08-23T21:46:54.948-0400] {logging_mixin.py:151} INFO - [2023-08-23T21:46:54.948-0400] {dagbag.py:539} INFO - Filling up the DagBag from /Users/mauri/Desktop/repositorio/apache-airflow-tutorial/env/lib/python3.11/site-packages/airflow/example_dags/plugins/workday.py
[2023-08-23T21:46:54.949-0400] {logging_mixin.py:151} INFO - [2023-08-23T21:46:54.949-0400] {workday.py:36} WARNING - Could not import pandas. Holidays will not be considered.
[2023-08-23T21:46:54.949-0400] {processor.py:841} WARNING - No viable dags retrieved from /Users/mauri/Desktop/repositorio/apache-airflow-tutorial/env/lib/python3.11/site-packages/airflow/example_dags/plugins/workday.py
[2023-08-23T21:46:55.003-0400] {processor.py:179} INFO - Processing /Users/mauri/Desktop/repositorio/apache-airflow-tutorial/env/lib/python3.11/site-packages/airflow/example_dags/plugins/workday.py took 0.057 seconds
[2023-08-23T21:47:29.123-0400] {processor.py:157} INFO - Started process (PID=9326) to work on /Users/mauri/Desktop/repositorio/apache-airflow-tutorial/env/lib/python3.11/site-packages/airflow/example_dags/plugins/workday.py
[2023-08-23T21:47:29.124-0400] {processor.py:829} INFO - Processing file /Users/mauri/Desktop/repositorio/apache-airflow-tutorial/env/lib/python3.11/site-packages/airflow/example_dags/plugins/workday.py for tasks to queue
[2023-08-23T21:47:29.125-0400] {logging_mixin.py:151} INFO - [2023-08-23T21:47:29.124-0400] {dagbag.py:539} INFO - Filling up the DagBag from /Users/mauri/Desktop/repositorio/apache-airflow-tutorial/env/lib/python3.11/site-packages/airflow/example_dags/plugins/workday.py
[2023-08-23T21:47:29.125-0400] {logging_mixin.py:151} INFO - [2023-08-23T21:47:29.125-0400] {workday.py:36} WARNING - Could not import pandas. Holidays will not be considered.
[2023-08-23T21:47:29.125-0400] {processor.py:841} WARNING - No viable dags retrieved from /Users/mauri/Desktop/repositorio/apache-airflow-tutorial/env/lib/python3.11/site-packages/airflow/example_dags/plugins/workday.py
[2023-08-23T21:47:29.180-0400] {processor.py:179} INFO - Processing /Users/mauri/Desktop/repositorio/apache-airflow-tutorial/env/lib/python3.11/site-packages/airflow/example_dags/plugins/workday.py took 0.057 seconds
[2023-08-23T21:48:05.424-0400] {processor.py:157} INFO - Started process (PID=9399) to work on /Users/mauri/Desktop/repositorio/apache-airflow-tutorial/env/lib/python3.11/site-packages/airflow/example_dags/plugins/workday.py
[2023-08-23T21:48:05.425-0400] {processor.py:829} INFO - Processing file /Users/mauri/Desktop/repositorio/apache-airflow-tutorial/env/lib/python3.11/site-packages/airflow/example_dags/plugins/workday.py for tasks to queue
[2023-08-23T21:48:05.426-0400] {logging_mixin.py:151} INFO - [2023-08-23T21:48:05.426-0400] {dagbag.py:539} INFO - Filling up the DagBag from /Users/mauri/Desktop/repositorio/apache-airflow-tutorial/env/lib/python3.11/site-packages/airflow/example_dags/plugins/workday.py
[2023-08-23T21:48:05.426-0400] {logging_mixin.py:151} INFO - [2023-08-23T21:48:05.426-0400] {workday.py:36} WARNING - Could not import pandas. Holidays will not be considered.
[2023-08-23T21:48:05.426-0400] {processor.py:841} WARNING - No viable dags retrieved from /Users/mauri/Desktop/repositorio/apache-airflow-tutorial/env/lib/python3.11/site-packages/airflow/example_dags/plugins/workday.py
[2023-08-23T21:48:05.479-0400] {processor.py:179} INFO - Processing /Users/mauri/Desktop/repositorio/apache-airflow-tutorial/env/lib/python3.11/site-packages/airflow/example_dags/plugins/workday.py took 0.055 seconds
[2023-08-23T21:48:41.944-0400] {processor.py:157} INFO - Started process (PID=9433) to work on /Users/mauri/Desktop/repositorio/apache-airflow-tutorial/env/lib/python3.11/site-packages/airflow/example_dags/plugins/workday.py
[2023-08-23T21:48:41.945-0400] {processor.py:829} INFO - Processing file /Users/mauri/Desktop/repositorio/apache-airflow-tutorial/env/lib/python3.11/site-packages/airflow/example_dags/plugins/workday.py for tasks to queue
[2023-08-23T21:48:41.945-0400] {logging_mixin.py:151} INFO - [2023-08-23T21:48:41.945-0400] {dagbag.py:539} INFO - Filling up the DagBag from /Users/mauri/Desktop/repositorio/apache-airflow-tutorial/env/lib/python3.11/site-packages/airflow/example_dags/plugins/workday.py
[2023-08-23T21:48:41.946-0400] {logging_mixin.py:151} INFO - [2023-08-23T21:48:41.946-0400] {workday.py:36} WARNING - Could not import pandas. Holidays will not be considered.
[2023-08-23T21:48:41.946-0400] {processor.py:841} WARNING - No viable dags retrieved from /Users/mauri/Desktop/repositorio/apache-airflow-tutorial/env/lib/python3.11/site-packages/airflow/example_dags/plugins/workday.py
[2023-08-23T21:48:42.002-0400] {processor.py:179} INFO - Processing /Users/mauri/Desktop/repositorio/apache-airflow-tutorial/env/lib/python3.11/site-packages/airflow/example_dags/plugins/workday.py took 0.058 seconds
[2023-08-23T21:49:18.391-0400] {processor.py:157} INFO - Started process (PID=9468) to work on /Users/mauri/Desktop/repositorio/apache-airflow-tutorial/env/lib/python3.11/site-packages/airflow/example_dags/plugins/workday.py
[2023-08-23T21:49:18.392-0400] {processor.py:829} INFO - Processing file /Users/mauri/Desktop/repositorio/apache-airflow-tutorial/env/lib/python3.11/site-packages/airflow/example_dags/plugins/workday.py for tasks to queue
[2023-08-23T21:49:18.392-0400] {logging_mixin.py:151} INFO - [2023-08-23T21:49:18.392-0400] {dagbag.py:539} INFO - Filling up the DagBag from /Users/mauri/Desktop/repositorio/apache-airflow-tutorial/env/lib/python3.11/site-packages/airflow/example_dags/plugins/workday.py
[2023-08-23T21:49:18.393-0400] {logging_mixin.py:151} INFO - [2023-08-23T21:49:18.393-0400] {workday.py:36} WARNING - Could not import pandas. Holidays will not be considered.
[2023-08-23T21:49:18.393-0400] {processor.py:841} WARNING - No viable dags retrieved from /Users/mauri/Desktop/repositorio/apache-airflow-tutorial/env/lib/python3.11/site-packages/airflow/example_dags/plugins/workday.py
[2023-08-23T21:49:18.445-0400] {processor.py:179} INFO - Processing /Users/mauri/Desktop/repositorio/apache-airflow-tutorial/env/lib/python3.11/site-packages/airflow/example_dags/plugins/workday.py took 0.054 seconds
[2023-08-23T21:49:55.705-0400] {processor.py:157} INFO - Started process (PID=9500) to work on /Users/mauri/Desktop/repositorio/apache-airflow-tutorial/env/lib/python3.11/site-packages/airflow/example_dags/plugins/workday.py
[2023-08-23T21:49:55.706-0400] {processor.py:829} INFO - Processing file /Users/mauri/Desktop/repositorio/apache-airflow-tutorial/env/lib/python3.11/site-packages/airflow/example_dags/plugins/workday.py for tasks to queue
[2023-08-23T21:49:55.706-0400] {logging_mixin.py:151} INFO - [2023-08-23T21:49:55.706-0400] {dagbag.py:539} INFO - Filling up the DagBag from /Users/mauri/Desktop/repositorio/apache-airflow-tutorial/env/lib/python3.11/site-packages/airflow/example_dags/plugins/workday.py
[2023-08-23T21:49:55.707-0400] {logging_mixin.py:151} INFO - [2023-08-23T21:49:55.707-0400] {workday.py:36} WARNING - Could not import pandas. Holidays will not be considered.
[2023-08-23T21:49:55.707-0400] {processor.py:841} WARNING - No viable dags retrieved from /Users/mauri/Desktop/repositorio/apache-airflow-tutorial/env/lib/python3.11/site-packages/airflow/example_dags/plugins/workday.py
[2023-08-23T21:49:55.759-0400] {processor.py:179} INFO - Processing /Users/mauri/Desktop/repositorio/apache-airflow-tutorial/env/lib/python3.11/site-packages/airflow/example_dags/plugins/workday.py took 0.054 seconds
[2023-08-23T21:50:34.847-0400] {processor.py:157} INFO - Started process (PID=9538) to work on /Users/mauri/Desktop/repositorio/apache-airflow-tutorial/env/lib/python3.11/site-packages/airflow/example_dags/plugins/workday.py
[2023-08-23T21:50:34.849-0400] {processor.py:829} INFO - Processing file /Users/mauri/Desktop/repositorio/apache-airflow-tutorial/env/lib/python3.11/site-packages/airflow/example_dags/plugins/workday.py for tasks to queue
[2023-08-23T21:50:34.849-0400] {logging_mixin.py:151} INFO - [2023-08-23T21:50:34.849-0400] {dagbag.py:539} INFO - Filling up the DagBag from /Users/mauri/Desktop/repositorio/apache-airflow-tutorial/env/lib/python3.11/site-packages/airflow/example_dags/plugins/workday.py
[2023-08-23T21:50:34.849-0400] {logging_mixin.py:151} INFO - [2023-08-23T21:50:34.849-0400] {workday.py:36} WARNING - Could not import pandas. Holidays will not be considered.
[2023-08-23T21:50:34.850-0400] {processor.py:841} WARNING - No viable dags retrieved from /Users/mauri/Desktop/repositorio/apache-airflow-tutorial/env/lib/python3.11/site-packages/airflow/example_dags/plugins/workday.py
[2023-08-23T21:50:34.906-0400] {processor.py:179} INFO - Processing /Users/mauri/Desktop/repositorio/apache-airflow-tutorial/env/lib/python3.11/site-packages/airflow/example_dags/plugins/workday.py took 0.059 seconds
[2023-08-23T21:51:12.389-0400] {processor.py:157} INFO - Started process (PID=9594) to work on /Users/mauri/Desktop/repositorio/apache-airflow-tutorial/env/lib/python3.11/site-packages/airflow/example_dags/plugins/workday.py
[2023-08-23T21:51:12.391-0400] {processor.py:829} INFO - Processing file /Users/mauri/Desktop/repositorio/apache-airflow-tutorial/env/lib/python3.11/site-packages/airflow/example_dags/plugins/workday.py for tasks to queue
[2023-08-23T21:51:12.392-0400] {logging_mixin.py:151} INFO - [2023-08-23T21:51:12.392-0400] {dagbag.py:539} INFO - Filling up the DagBag from /Users/mauri/Desktop/repositorio/apache-airflow-tutorial/env/lib/python3.11/site-packages/airflow/example_dags/plugins/workday.py
[2023-08-23T21:51:12.392-0400] {logging_mixin.py:151} INFO - [2023-08-23T21:51:12.392-0400] {workday.py:36} WARNING - Could not import pandas. Holidays will not be considered.
[2023-08-23T21:51:12.392-0400] {processor.py:841} WARNING - No viable dags retrieved from /Users/mauri/Desktop/repositorio/apache-airflow-tutorial/env/lib/python3.11/site-packages/airflow/example_dags/plugins/workday.py
[2023-08-23T21:51:12.445-0400] {processor.py:179} INFO - Processing /Users/mauri/Desktop/repositorio/apache-airflow-tutorial/env/lib/python3.11/site-packages/airflow/example_dags/plugins/workday.py took 0.056 seconds
[2023-08-23T21:51:48.400-0400] {processor.py:157} INFO - Started process (PID=9634) to work on /Users/mauri/Desktop/repositorio/apache-airflow-tutorial/env/lib/python3.11/site-packages/airflow/example_dags/plugins/workday.py
[2023-08-23T21:51:48.402-0400] {processor.py:829} INFO - Processing file /Users/mauri/Desktop/repositorio/apache-airflow-tutorial/env/lib/python3.11/site-packages/airflow/example_dags/plugins/workday.py for tasks to queue
[2023-08-23T21:51:48.402-0400] {logging_mixin.py:151} INFO - [2023-08-23T21:51:48.402-0400] {dagbag.py:539} INFO - Filling up the DagBag from /Users/mauri/Desktop/repositorio/apache-airflow-tutorial/env/lib/python3.11/site-packages/airflow/example_dags/plugins/workday.py
[2023-08-23T21:51:48.402-0400] {logging_mixin.py:151} INFO - [2023-08-23T21:51:48.402-0400] {workday.py:36} WARNING - Could not import pandas. Holidays will not be considered.
[2023-08-23T21:51:48.402-0400] {processor.py:841} WARNING - No viable dags retrieved from /Users/mauri/Desktop/repositorio/apache-airflow-tutorial/env/lib/python3.11/site-packages/airflow/example_dags/plugins/workday.py
[2023-08-23T21:51:48.455-0400] {processor.py:179} INFO - Processing /Users/mauri/Desktop/repositorio/apache-airflow-tutorial/env/lib/python3.11/site-packages/airflow/example_dags/plugins/workday.py took 0.055 seconds
[2023-08-23T21:52:25.004-0400] {processor.py:157} INFO - Started process (PID=9666) to work on /Users/mauri/Desktop/repositorio/apache-airflow-tutorial/env/lib/python3.11/site-packages/airflow/example_dags/plugins/workday.py
[2023-08-23T21:52:25.005-0400] {processor.py:829} INFO - Processing file /Users/mauri/Desktop/repositorio/apache-airflow-tutorial/env/lib/python3.11/site-packages/airflow/example_dags/plugins/workday.py for tasks to queue
[2023-08-23T21:52:25.005-0400] {logging_mixin.py:151} INFO - [2023-08-23T21:52:25.005-0400] {dagbag.py:539} INFO - Filling up the DagBag from /Users/mauri/Desktop/repositorio/apache-airflow-tutorial/env/lib/python3.11/site-packages/airflow/example_dags/plugins/workday.py
[2023-08-23T21:52:25.006-0400] {logging_mixin.py:151} INFO - [2023-08-23T21:52:25.006-0400] {workday.py:36} WARNING - Could not import pandas. Holidays will not be considered.
[2023-08-23T21:52:25.006-0400] {processor.py:841} WARNING - No viable dags retrieved from /Users/mauri/Desktop/repositorio/apache-airflow-tutorial/env/lib/python3.11/site-packages/airflow/example_dags/plugins/workday.py
[2023-08-23T21:52:25.059-0400] {processor.py:179} INFO - Processing /Users/mauri/Desktop/repositorio/apache-airflow-tutorial/env/lib/python3.11/site-packages/airflow/example_dags/plugins/workday.py took 0.055 seconds
[2023-08-23T21:52:59.163-0400] {processor.py:157} INFO - Started process (PID=9699) to work on /Users/mauri/Desktop/repositorio/apache-airflow-tutorial/env/lib/python3.11/site-packages/airflow/example_dags/plugins/workday.py
[2023-08-23T21:52:59.164-0400] {processor.py:829} INFO - Processing file /Users/mauri/Desktop/repositorio/apache-airflow-tutorial/env/lib/python3.11/site-packages/airflow/example_dags/plugins/workday.py for tasks to queue
[2023-08-23T21:52:59.164-0400] {logging_mixin.py:151} INFO - [2023-08-23T21:52:59.164-0400] {dagbag.py:539} INFO - Filling up the DagBag from /Users/mauri/Desktop/repositorio/apache-airflow-tutorial/env/lib/python3.11/site-packages/airflow/example_dags/plugins/workday.py
[2023-08-23T21:52:59.165-0400] {logging_mixin.py:151} INFO - [2023-08-23T21:52:59.165-0400] {workday.py:36} WARNING - Could not import pandas. Holidays will not be considered.
[2023-08-23T21:52:59.165-0400] {processor.py:841} WARNING - No viable dags retrieved from /Users/mauri/Desktop/repositorio/apache-airflow-tutorial/env/lib/python3.11/site-packages/airflow/example_dags/plugins/workday.py
[2023-08-23T21:52:59.218-0400] {processor.py:179} INFO - Processing /Users/mauri/Desktop/repositorio/apache-airflow-tutorial/env/lib/python3.11/site-packages/airflow/example_dags/plugins/workday.py took 0.055 seconds
[2023-08-23T21:53:34.299-0400] {processor.py:157} INFO - Started process (PID=9730) to work on /Users/mauri/Desktop/repositorio/apache-airflow-tutorial/env/lib/python3.11/site-packages/airflow/example_dags/plugins/workday.py
[2023-08-23T21:53:34.300-0400] {processor.py:829} INFO - Processing file /Users/mauri/Desktop/repositorio/apache-airflow-tutorial/env/lib/python3.11/site-packages/airflow/example_dags/plugins/workday.py for tasks to queue
[2023-08-23T21:53:34.300-0400] {logging_mixin.py:151} INFO - [2023-08-23T21:53:34.300-0400] {dagbag.py:539} INFO - Filling up the DagBag from /Users/mauri/Desktop/repositorio/apache-airflow-tutorial/env/lib/python3.11/site-packages/airflow/example_dags/plugins/workday.py
[2023-08-23T21:53:34.301-0400] {logging_mixin.py:151} INFO - [2023-08-23T21:53:34.301-0400] {workday.py:36} WARNING - Could not import pandas. Holidays will not be considered.
[2023-08-23T21:53:34.301-0400] {processor.py:841} WARNING - No viable dags retrieved from /Users/mauri/Desktop/repositorio/apache-airflow-tutorial/env/lib/python3.11/site-packages/airflow/example_dags/plugins/workday.py
[2023-08-23T21:53:34.358-0400] {processor.py:179} INFO - Processing /Users/mauri/Desktop/repositorio/apache-airflow-tutorial/env/lib/python3.11/site-packages/airflow/example_dags/plugins/workday.py took 0.059 seconds
[2023-08-23T21:54:11.030-0400] {processor.py:157} INFO - Started process (PID=9768) to work on /Users/mauri/Desktop/repositorio/apache-airflow-tutorial/env/lib/python3.11/site-packages/airflow/example_dags/plugins/workday.py
[2023-08-23T21:54:11.032-0400] {processor.py:829} INFO - Processing file /Users/mauri/Desktop/repositorio/apache-airflow-tutorial/env/lib/python3.11/site-packages/airflow/example_dags/plugins/workday.py for tasks to queue
[2023-08-23T21:54:11.032-0400] {logging_mixin.py:151} INFO - [2023-08-23T21:54:11.032-0400] {dagbag.py:539} INFO - Filling up the DagBag from /Users/mauri/Desktop/repositorio/apache-airflow-tutorial/env/lib/python3.11/site-packages/airflow/example_dags/plugins/workday.py
[2023-08-23T21:54:11.032-0400] {logging_mixin.py:151} INFO - [2023-08-23T21:54:11.032-0400] {workday.py:36} WARNING - Could not import pandas. Holidays will not be considered.
[2023-08-23T21:54:11.032-0400] {processor.py:841} WARNING - No viable dags retrieved from /Users/mauri/Desktop/repositorio/apache-airflow-tutorial/env/lib/python3.11/site-packages/airflow/example_dags/plugins/workday.py
[2023-08-23T21:54:11.084-0400] {processor.py:179} INFO - Processing /Users/mauri/Desktop/repositorio/apache-airflow-tutorial/env/lib/python3.11/site-packages/airflow/example_dags/plugins/workday.py took 0.054 seconds
[2023-08-23T21:54:45.824-0400] {processor.py:157} INFO - Started process (PID=9795) to work on /Users/mauri/Desktop/repositorio/apache-airflow-tutorial/env/lib/python3.11/site-packages/airflow/example_dags/plugins/workday.py
[2023-08-23T21:54:45.825-0400] {processor.py:829} INFO - Processing file /Users/mauri/Desktop/repositorio/apache-airflow-tutorial/env/lib/python3.11/site-packages/airflow/example_dags/plugins/workday.py for tasks to queue
[2023-08-23T21:54:45.825-0400] {logging_mixin.py:151} INFO - [2023-08-23T21:54:45.825-0400] {dagbag.py:539} INFO - Filling up the DagBag from /Users/mauri/Desktop/repositorio/apache-airflow-tutorial/env/lib/python3.11/site-packages/airflow/example_dags/plugins/workday.py
[2023-08-23T21:54:45.826-0400] {logging_mixin.py:151} INFO - [2023-08-23T21:54:45.826-0400] {workday.py:36} WARNING - Could not import pandas. Holidays will not be considered.
[2023-08-23T21:54:45.826-0400] {processor.py:841} WARNING - No viable dags retrieved from /Users/mauri/Desktop/repositorio/apache-airflow-tutorial/env/lib/python3.11/site-packages/airflow/example_dags/plugins/workday.py
[2023-08-23T21:54:45.882-0400] {processor.py:179} INFO - Processing /Users/mauri/Desktop/repositorio/apache-airflow-tutorial/env/lib/python3.11/site-packages/airflow/example_dags/plugins/workday.py took 0.058 seconds
[2023-08-23T21:55:22.537-0400] {processor.py:157} INFO - Started process (PID=9831) to work on /Users/mauri/Desktop/repositorio/apache-airflow-tutorial/env/lib/python3.11/site-packages/airflow/example_dags/plugins/workday.py
[2023-08-23T21:55:22.538-0400] {processor.py:829} INFO - Processing file /Users/mauri/Desktop/repositorio/apache-airflow-tutorial/env/lib/python3.11/site-packages/airflow/example_dags/plugins/workday.py for tasks to queue
[2023-08-23T21:55:22.539-0400] {logging_mixin.py:151} INFO - [2023-08-23T21:55:22.539-0400] {dagbag.py:539} INFO - Filling up the DagBag from /Users/mauri/Desktop/repositorio/apache-airflow-tutorial/env/lib/python3.11/site-packages/airflow/example_dags/plugins/workday.py
[2023-08-23T21:55:22.539-0400] {logging_mixin.py:151} INFO - [2023-08-23T21:55:22.539-0400] {workday.py:36} WARNING - Could not import pandas. Holidays will not be considered.
[2023-08-23T21:55:22.539-0400] {processor.py:841} WARNING - No viable dags retrieved from /Users/mauri/Desktop/repositorio/apache-airflow-tutorial/env/lib/python3.11/site-packages/airflow/example_dags/plugins/workday.py
[2023-08-23T21:55:22.591-0400] {processor.py:179} INFO - Processing /Users/mauri/Desktop/repositorio/apache-airflow-tutorial/env/lib/python3.11/site-packages/airflow/example_dags/plugins/workday.py took 0.054 seconds
[2023-08-23T21:55:59.023-0400] {processor.py:157} INFO - Started process (PID=9864) to work on /Users/mauri/Desktop/repositorio/apache-airflow-tutorial/env/lib/python3.11/site-packages/airflow/example_dags/plugins/workday.py
[2023-08-23T21:55:59.024-0400] {processor.py:829} INFO - Processing file /Users/mauri/Desktop/repositorio/apache-airflow-tutorial/env/lib/python3.11/site-packages/airflow/example_dags/plugins/workday.py for tasks to queue
[2023-08-23T21:55:59.024-0400] {logging_mixin.py:151} INFO - [2023-08-23T21:55:59.024-0400] {dagbag.py:539} INFO - Filling up the DagBag from /Users/mauri/Desktop/repositorio/apache-airflow-tutorial/env/lib/python3.11/site-packages/airflow/example_dags/plugins/workday.py
[2023-08-23T21:55:59.025-0400] {logging_mixin.py:151} INFO - [2023-08-23T21:55:59.025-0400] {workday.py:36} WARNING - Could not import pandas. Holidays will not be considered.
[2023-08-23T21:55:59.025-0400] {processor.py:841} WARNING - No viable dags retrieved from /Users/mauri/Desktop/repositorio/apache-airflow-tutorial/env/lib/python3.11/site-packages/airflow/example_dags/plugins/workday.py
[2023-08-23T21:55:59.081-0400] {processor.py:179} INFO - Processing /Users/mauri/Desktop/repositorio/apache-airflow-tutorial/env/lib/python3.11/site-packages/airflow/example_dags/plugins/workday.py took 0.058 seconds
[2023-08-23T21:56:35.611-0400] {processor.py:157} INFO - Started process (PID=9898) to work on /Users/mauri/Desktop/repositorio/apache-airflow-tutorial/env/lib/python3.11/site-packages/airflow/example_dags/plugins/workday.py
[2023-08-23T21:56:35.613-0400] {processor.py:829} INFO - Processing file /Users/mauri/Desktop/repositorio/apache-airflow-tutorial/env/lib/python3.11/site-packages/airflow/example_dags/plugins/workday.py for tasks to queue
[2023-08-23T21:56:35.613-0400] {logging_mixin.py:151} INFO - [2023-08-23T21:56:35.613-0400] {dagbag.py:539} INFO - Filling up the DagBag from /Users/mauri/Desktop/repositorio/apache-airflow-tutorial/env/lib/python3.11/site-packages/airflow/example_dags/plugins/workday.py
[2023-08-23T21:56:35.613-0400] {logging_mixin.py:151} INFO - [2023-08-23T21:56:35.613-0400] {workday.py:36} WARNING - Could not import pandas. Holidays will not be considered.
[2023-08-23T21:56:35.613-0400] {processor.py:841} WARNING - No viable dags retrieved from /Users/mauri/Desktop/repositorio/apache-airflow-tutorial/env/lib/python3.11/site-packages/airflow/example_dags/plugins/workday.py
[2023-08-23T21:56:35.666-0400] {processor.py:179} INFO - Processing /Users/mauri/Desktop/repositorio/apache-airflow-tutorial/env/lib/python3.11/site-packages/airflow/example_dags/plugins/workday.py took 0.055 seconds
[2023-08-23T21:57:13.538-0400] {processor.py:157} INFO - Started process (PID=9934) to work on /Users/mauri/Desktop/repositorio/apache-airflow-tutorial/env/lib/python3.11/site-packages/airflow/example_dags/plugins/workday.py
[2023-08-23T21:57:13.540-0400] {processor.py:829} INFO - Processing file /Users/mauri/Desktop/repositorio/apache-airflow-tutorial/env/lib/python3.11/site-packages/airflow/example_dags/plugins/workday.py for tasks to queue
[2023-08-23T21:57:13.540-0400] {logging_mixin.py:151} INFO - [2023-08-23T21:57:13.540-0400] {dagbag.py:539} INFO - Filling up the DagBag from /Users/mauri/Desktop/repositorio/apache-airflow-tutorial/env/lib/python3.11/site-packages/airflow/example_dags/plugins/workday.py
[2023-08-23T21:57:13.540-0400] {logging_mixin.py:151} INFO - [2023-08-23T21:57:13.540-0400] {workday.py:36} WARNING - Could not import pandas. Holidays will not be considered.
[2023-08-23T21:57:13.540-0400] {processor.py:841} WARNING - No viable dags retrieved from /Users/mauri/Desktop/repositorio/apache-airflow-tutorial/env/lib/python3.11/site-packages/airflow/example_dags/plugins/workday.py
[2023-08-23T21:57:13.596-0400] {processor.py:179} INFO - Processing /Users/mauri/Desktop/repositorio/apache-airflow-tutorial/env/lib/python3.11/site-packages/airflow/example_dags/plugins/workday.py took 0.059 seconds
[2023-08-23T21:57:52.236-0400] {processor.py:157} INFO - Started process (PID=9965) to work on /Users/mauri/Desktop/repositorio/apache-airflow-tutorial/env/lib/python3.11/site-packages/airflow/example_dags/plugins/workday.py
[2023-08-23T21:57:52.237-0400] {processor.py:829} INFO - Processing file /Users/mauri/Desktop/repositorio/apache-airflow-tutorial/env/lib/python3.11/site-packages/airflow/example_dags/plugins/workday.py for tasks to queue
[2023-08-23T21:57:52.237-0400] {logging_mixin.py:151} INFO - [2023-08-23T21:57:52.237-0400] {dagbag.py:539} INFO - Filling up the DagBag from /Users/mauri/Desktop/repositorio/apache-airflow-tutorial/env/lib/python3.11/site-packages/airflow/example_dags/plugins/workday.py
[2023-08-23T21:57:52.238-0400] {logging_mixin.py:151} INFO - [2023-08-23T21:57:52.238-0400] {workday.py:36} WARNING - Could not import pandas. Holidays will not be considered.
[2023-08-23T21:57:52.238-0400] {processor.py:841} WARNING - No viable dags retrieved from /Users/mauri/Desktop/repositorio/apache-airflow-tutorial/env/lib/python3.11/site-packages/airflow/example_dags/plugins/workday.py
[2023-08-23T21:57:52.290-0400] {processor.py:179} INFO - Processing /Users/mauri/Desktop/repositorio/apache-airflow-tutorial/env/lib/python3.11/site-packages/airflow/example_dags/plugins/workday.py took 0.054 seconds
[2023-08-23T21:58:29.194-0400] {processor.py:157} INFO - Started process (PID=9997) to work on /Users/mauri/Desktop/repositorio/apache-airflow-tutorial/env/lib/python3.11/site-packages/airflow/example_dags/plugins/workday.py
[2023-08-23T21:58:29.195-0400] {processor.py:829} INFO - Processing file /Users/mauri/Desktop/repositorio/apache-airflow-tutorial/env/lib/python3.11/site-packages/airflow/example_dags/plugins/workday.py for tasks to queue
[2023-08-23T21:58:29.196-0400] {logging_mixin.py:151} INFO - [2023-08-23T21:58:29.196-0400] {dagbag.py:539} INFO - Filling up the DagBag from /Users/mauri/Desktop/repositorio/apache-airflow-tutorial/env/lib/python3.11/site-packages/airflow/example_dags/plugins/workday.py
[2023-08-23T21:58:29.196-0400] {logging_mixin.py:151} INFO - [2023-08-23T21:58:29.196-0400] {workday.py:36} WARNING - Could not import pandas. Holidays will not be considered.
[2023-08-23T21:58:29.196-0400] {processor.py:841} WARNING - No viable dags retrieved from /Users/mauri/Desktop/repositorio/apache-airflow-tutorial/env/lib/python3.11/site-packages/airflow/example_dags/plugins/workday.py
[2023-08-23T21:58:29.256-0400] {processor.py:179} INFO - Processing /Users/mauri/Desktop/repositorio/apache-airflow-tutorial/env/lib/python3.11/site-packages/airflow/example_dags/plugins/workday.py took 0.062 seconds
[2023-08-23T21:59:07.016-0400] {processor.py:157} INFO - Started process (PID=10032) to work on /Users/mauri/Desktop/repositorio/apache-airflow-tutorial/env/lib/python3.11/site-packages/airflow/example_dags/plugins/workday.py
[2023-08-23T21:59:07.018-0400] {processor.py:829} INFO - Processing file /Users/mauri/Desktop/repositorio/apache-airflow-tutorial/env/lib/python3.11/site-packages/airflow/example_dags/plugins/workday.py for tasks to queue
[2023-08-23T21:59:07.018-0400] {logging_mixin.py:151} INFO - [2023-08-23T21:59:07.018-0400] {dagbag.py:539} INFO - Filling up the DagBag from /Users/mauri/Desktop/repositorio/apache-airflow-tutorial/env/lib/python3.11/site-packages/airflow/example_dags/plugins/workday.py
[2023-08-23T21:59:07.018-0400] {logging_mixin.py:151} INFO - [2023-08-23T21:59:07.018-0400] {workday.py:36} WARNING - Could not import pandas. Holidays will not be considered.
[2023-08-23T21:59:07.018-0400] {processor.py:841} WARNING - No viable dags retrieved from /Users/mauri/Desktop/repositorio/apache-airflow-tutorial/env/lib/python3.11/site-packages/airflow/example_dags/plugins/workday.py
[2023-08-23T21:59:07.070-0400] {processor.py:179} INFO - Processing /Users/mauri/Desktop/repositorio/apache-airflow-tutorial/env/lib/python3.11/site-packages/airflow/example_dags/plugins/workday.py took 0.054 seconds
[2023-08-23T21:59:44.100-0400] {processor.py:157} INFO - Started process (PID=10067) to work on /Users/mauri/Desktop/repositorio/apache-airflow-tutorial/env/lib/python3.11/site-packages/airflow/example_dags/plugins/workday.py
[2023-08-23T21:59:44.101-0400] {processor.py:829} INFO - Processing file /Users/mauri/Desktop/repositorio/apache-airflow-tutorial/env/lib/python3.11/site-packages/airflow/example_dags/plugins/workday.py for tasks to queue
[2023-08-23T21:59:44.102-0400] {logging_mixin.py:151} INFO - [2023-08-23T21:59:44.102-0400] {dagbag.py:539} INFO - Filling up the DagBag from /Users/mauri/Desktop/repositorio/apache-airflow-tutorial/env/lib/python3.11/site-packages/airflow/example_dags/plugins/workday.py
[2023-08-23T21:59:44.102-0400] {logging_mixin.py:151} INFO - [2023-08-23T21:59:44.102-0400] {workday.py:36} WARNING - Could not import pandas. Holidays will not be considered.
[2023-08-23T21:59:44.102-0400] {processor.py:841} WARNING - No viable dags retrieved from /Users/mauri/Desktop/repositorio/apache-airflow-tutorial/env/lib/python3.11/site-packages/airflow/example_dags/plugins/workday.py
[2023-08-23T21:59:44.155-0400] {processor.py:179} INFO - Processing /Users/mauri/Desktop/repositorio/apache-airflow-tutorial/env/lib/python3.11/site-packages/airflow/example_dags/plugins/workday.py took 0.055 seconds
