[2023-08-23T21:34:06.068-0400] {processor.py:157} INFO - Started process (PID=8500) to work on /Users/mauri/Desktop/repositorio/apache-airflow-tutorial/env/lib/python3.11/site-packages/airflow/example_dags/example_xcom.py
[2023-08-23T21:34:06.069-0400] {processor.py:829} INFO - Processing file /Users/mauri/Desktop/repositorio/apache-airflow-tutorial/env/lib/python3.11/site-packages/airflow/example_dags/example_xcom.py for tasks to queue
[2023-08-23T21:34:06.069-0400] {logging_mixin.py:151} INFO - [2023-08-23T21:34:06.069-0400] {dagbag.py:539} INFO - Filling up the DagBag from /Users/mauri/Desktop/repositorio/apache-airflow-tutorial/env/lib/python3.11/site-packages/airflow/example_dags/example_xcom.py
[2023-08-23T21:34:06.102-0400] {processor.py:839} INFO - DAG(s) dict_keys(['example_xcom']) retrieved from /Users/mauri/Desktop/repositorio/apache-airflow-tutorial/env/lib/python3.11/site-packages/airflow/example_dags/example_xcom.py
[2023-08-23T21:34:06.400-0400] {logging_mixin.py:151} INFO - [2023-08-23T21:34:06.400-0400] {manager.py:501} INFO - Created Permission View: can edit on DAG:example_xcom
[2023-08-23T21:34:06.403-0400] {logging_mixin.py:151} INFO - [2023-08-23T21:34:06.403-0400] {manager.py:501} INFO - Created Permission View: can delete on DAG:example_xcom
[2023-08-23T21:34:06.405-0400] {logging_mixin.py:151} INFO - [2023-08-23T21:34:06.405-0400] {manager.py:501} INFO - Created Permission View: can read on DAG:example_xcom
[2023-08-23T21:34:06.408-0400] {logging_mixin.py:151} INFO - [2023-08-23T21:34:06.408-0400] {dag.py:2907} INFO - Sync 1 DAGs
[2023-08-23T21:34:06.411-0400] {logging_mixin.py:151} INFO - [2023-08-23T21:34:06.411-0400] {dag.py:2929} INFO - Creating ORM DAG for example_xcom
[2023-08-23T21:34:06.413-0400] {logging_mixin.py:151} INFO - [2023-08-23T21:34:06.413-0400] {dag.py:3677} INFO - Setting next_dagrun for example_xcom to 2021-01-01T00:00:00+00:00, run_after=2021-01-01T00:00:00+00:00
[2023-08-23T21:34:06.419-0400] {processor.py:179} INFO - Processing /Users/mauri/Desktop/repositorio/apache-airflow-tutorial/env/lib/python3.11/site-packages/airflow/example_dags/example_xcom.py took 0.351 seconds
[2023-08-23T21:35:26.703-0400] {processor.py:157} INFO - Started process (PID=8559) to work on /Users/mauri/Desktop/repositorio/apache-airflow-tutorial/env/lib/python3.11/site-packages/airflow/example_dags/example_xcom.py
[2023-08-23T21:35:26.706-0400] {processor.py:829} INFO - Processing file /Users/mauri/Desktop/repositorio/apache-airflow-tutorial/env/lib/python3.11/site-packages/airflow/example_dags/example_xcom.py for tasks to queue
[2023-08-23T21:35:26.706-0400] {logging_mixin.py:151} INFO - [2023-08-23T21:35:26.706-0400] {dagbag.py:539} INFO - Filling up the DagBag from /Users/mauri/Desktop/repositorio/apache-airflow-tutorial/env/lib/python3.11/site-packages/airflow/example_dags/example_xcom.py
[2023-08-23T21:35:26.739-0400] {processor.py:839} INFO - DAG(s) dict_keys(['example_xcom']) retrieved from /Users/mauri/Desktop/repositorio/apache-airflow-tutorial/env/lib/python3.11/site-packages/airflow/example_dags/example_xcom.py
[2023-08-23T21:35:26.792-0400] {logging_mixin.py:151} INFO - [2023-08-23T21:35:26.792-0400] {dag.py:2907} INFO - Sync 1 DAGs
[2023-08-23T21:35:26.798-0400] {logging_mixin.py:151} INFO - [2023-08-23T21:35:26.798-0400] {dag.py:3677} INFO - Setting next_dagrun for example_xcom to 2021-01-01T00:00:00+00:00, run_after=2021-01-01T00:00:00+00:00
[2023-08-23T21:35:26.805-0400] {processor.py:179} INFO - Processing /Users/mauri/Desktop/repositorio/apache-airflow-tutorial/env/lib/python3.11/site-packages/airflow/example_dags/example_xcom.py took 0.102 seconds
[2023-08-23T21:36:39.679-0400] {processor.py:157} INFO - Started process (PID=8627) to work on /Users/mauri/Desktop/repositorio/apache-airflow-tutorial/env/lib/python3.11/site-packages/airflow/example_dags/example_xcom.py
[2023-08-23T21:36:39.681-0400] {processor.py:829} INFO - Processing file /Users/mauri/Desktop/repositorio/apache-airflow-tutorial/env/lib/python3.11/site-packages/airflow/example_dags/example_xcom.py for tasks to queue
[2023-08-23T21:36:39.682-0400] {logging_mixin.py:151} INFO - [2023-08-23T21:36:39.682-0400] {dagbag.py:539} INFO - Filling up the DagBag from /Users/mauri/Desktop/repositorio/apache-airflow-tutorial/env/lib/python3.11/site-packages/airflow/example_dags/example_xcom.py
[2023-08-23T21:36:39.717-0400] {processor.py:839} INFO - DAG(s) dict_keys(['example_xcom']) retrieved from /Users/mauri/Desktop/repositorio/apache-airflow-tutorial/env/lib/python3.11/site-packages/airflow/example_dags/example_xcom.py
[2023-08-23T21:36:39.772-0400] {logging_mixin.py:151} INFO - [2023-08-23T21:36:39.772-0400] {dag.py:2907} INFO - Sync 1 DAGs
[2023-08-23T21:36:39.778-0400] {logging_mixin.py:151} INFO - [2023-08-23T21:36:39.778-0400] {dag.py:3677} INFO - Setting next_dagrun for example_xcom to 2021-01-01T00:00:00+00:00, run_after=2021-01-01T00:00:00+00:00
[2023-08-23T21:36:39.785-0400] {processor.py:179} INFO - Processing /Users/mauri/Desktop/repositorio/apache-airflow-tutorial/env/lib/python3.11/site-packages/airflow/example_dags/example_xcom.py took 0.106 seconds
[2023-08-23T21:37:53.343-0400] {processor.py:157} INFO - Started process (PID=8688) to work on /Users/mauri/Desktop/repositorio/apache-airflow-tutorial/env/lib/python3.11/site-packages/airflow/example_dags/example_xcom.py
[2023-08-23T21:37:53.346-0400] {processor.py:829} INFO - Processing file /Users/mauri/Desktop/repositorio/apache-airflow-tutorial/env/lib/python3.11/site-packages/airflow/example_dags/example_xcom.py for tasks to queue
[2023-08-23T21:37:53.346-0400] {logging_mixin.py:151} INFO - [2023-08-23T21:37:53.346-0400] {dagbag.py:539} INFO - Filling up the DagBag from /Users/mauri/Desktop/repositorio/apache-airflow-tutorial/env/lib/python3.11/site-packages/airflow/example_dags/example_xcom.py
[2023-08-23T21:37:53.378-0400] {processor.py:839} INFO - DAG(s) dict_keys(['example_xcom']) retrieved from /Users/mauri/Desktop/repositorio/apache-airflow-tutorial/env/lib/python3.11/site-packages/airflow/example_dags/example_xcom.py
[2023-08-23T21:37:53.430-0400] {logging_mixin.py:151} INFO - [2023-08-23T21:37:53.430-0400] {dag.py:2907} INFO - Sync 1 DAGs
[2023-08-23T21:37:53.435-0400] {logging_mixin.py:151} INFO - [2023-08-23T21:37:53.435-0400] {dag.py:3677} INFO - Setting next_dagrun for example_xcom to 2021-01-01T00:00:00+00:00, run_after=2021-01-01T00:00:00+00:00
[2023-08-23T21:37:53.442-0400] {processor.py:179} INFO - Processing /Users/mauri/Desktop/repositorio/apache-airflow-tutorial/env/lib/python3.11/site-packages/airflow/example_dags/example_xcom.py took 0.099 seconds
[2023-08-23T21:39:10.183-0400] {processor.py:157} INFO - Started process (PID=8761) to work on /Users/mauri/Desktop/repositorio/apache-airflow-tutorial/env/lib/python3.11/site-packages/airflow/example_dags/example_xcom.py
[2023-08-23T21:39:10.185-0400] {processor.py:829} INFO - Processing file /Users/mauri/Desktop/repositorio/apache-airflow-tutorial/env/lib/python3.11/site-packages/airflow/example_dags/example_xcom.py for tasks to queue
[2023-08-23T21:39:10.186-0400] {logging_mixin.py:151} INFO - [2023-08-23T21:39:10.186-0400] {dagbag.py:539} INFO - Filling up the DagBag from /Users/mauri/Desktop/repositorio/apache-airflow-tutorial/env/lib/python3.11/site-packages/airflow/example_dags/example_xcom.py
[2023-08-23T21:39:10.221-0400] {processor.py:839} INFO - DAG(s) dict_keys(['example_xcom']) retrieved from /Users/mauri/Desktop/repositorio/apache-airflow-tutorial/env/lib/python3.11/site-packages/airflow/example_dags/example_xcom.py
[2023-08-23T21:39:10.279-0400] {logging_mixin.py:151} INFO - [2023-08-23T21:39:10.279-0400] {dag.py:2907} INFO - Sync 1 DAGs
[2023-08-23T21:39:10.284-0400] {logging_mixin.py:151} INFO - [2023-08-23T21:39:10.284-0400] {dag.py:3677} INFO - Setting next_dagrun for example_xcom to 2021-01-01T00:00:00+00:00, run_after=2021-01-01T00:00:00+00:00
[2023-08-23T21:39:10.291-0400] {processor.py:179} INFO - Processing /Users/mauri/Desktop/repositorio/apache-airflow-tutorial/env/lib/python3.11/site-packages/airflow/example_dags/example_xcom.py took 0.108 seconds
[2023-08-23T21:40:24.123-0400] {processor.py:157} INFO - Started process (PID=8825) to work on /Users/mauri/Desktop/repositorio/apache-airflow-tutorial/env/lib/python3.11/site-packages/airflow/example_dags/example_xcom.py
[2023-08-23T21:40:24.124-0400] {processor.py:829} INFO - Processing file /Users/mauri/Desktop/repositorio/apache-airflow-tutorial/env/lib/python3.11/site-packages/airflow/example_dags/example_xcom.py for tasks to queue
[2023-08-23T21:40:24.124-0400] {logging_mixin.py:151} INFO - [2023-08-23T21:40:24.124-0400] {dagbag.py:539} INFO - Filling up the DagBag from /Users/mauri/Desktop/repositorio/apache-airflow-tutorial/env/lib/python3.11/site-packages/airflow/example_dags/example_xcom.py
[2023-08-23T21:40:24.155-0400] {processor.py:839} INFO - DAG(s) dict_keys(['example_xcom']) retrieved from /Users/mauri/Desktop/repositorio/apache-airflow-tutorial/env/lib/python3.11/site-packages/airflow/example_dags/example_xcom.py
[2023-08-23T21:40:24.209-0400] {logging_mixin.py:151} INFO - [2023-08-23T21:40:24.208-0400] {dag.py:2907} INFO - Sync 1 DAGs
[2023-08-23T21:40:24.214-0400] {logging_mixin.py:151} INFO - [2023-08-23T21:40:24.214-0400] {dag.py:3677} INFO - Setting next_dagrun for example_xcom to 2021-01-01T00:00:00+00:00, run_after=2021-01-01T00:00:00+00:00
[2023-08-23T21:40:24.221-0400] {processor.py:179} INFO - Processing /Users/mauri/Desktop/repositorio/apache-airflow-tutorial/env/lib/python3.11/site-packages/airflow/example_dags/example_xcom.py took 0.099 seconds
[2023-08-23T21:41:37.116-0400] {processor.py:157} INFO - Started process (PID=8879) to work on /Users/mauri/Desktop/repositorio/apache-airflow-tutorial/env/lib/python3.11/site-packages/airflow/example_dags/example_xcom.py
[2023-08-23T21:41:37.117-0400] {processor.py:829} INFO - Processing file /Users/mauri/Desktop/repositorio/apache-airflow-tutorial/env/lib/python3.11/site-packages/airflow/example_dags/example_xcom.py for tasks to queue
[2023-08-23T21:41:37.118-0400] {logging_mixin.py:151} INFO - [2023-08-23T21:41:37.118-0400] {dagbag.py:539} INFO - Filling up the DagBag from /Users/mauri/Desktop/repositorio/apache-airflow-tutorial/env/lib/python3.11/site-packages/airflow/example_dags/example_xcom.py
[2023-08-23T21:41:37.153-0400] {processor.py:839} INFO - DAG(s) dict_keys(['example_xcom']) retrieved from /Users/mauri/Desktop/repositorio/apache-airflow-tutorial/env/lib/python3.11/site-packages/airflow/example_dags/example_xcom.py
[2023-08-23T21:41:37.210-0400] {logging_mixin.py:151} INFO - [2023-08-23T21:41:37.210-0400] {dag.py:2907} INFO - Sync 1 DAGs
[2023-08-23T21:41:37.215-0400] {logging_mixin.py:151} INFO - [2023-08-23T21:41:37.215-0400] {dag.py:3677} INFO - Setting next_dagrun for example_xcom to 2021-01-01T00:00:00+00:00, run_after=2021-01-01T00:00:00+00:00
[2023-08-23T21:41:37.223-0400] {processor.py:179} INFO - Processing /Users/mauri/Desktop/repositorio/apache-airflow-tutorial/env/lib/python3.11/site-packages/airflow/example_dags/example_xcom.py took 0.108 seconds
[2023-08-23T21:42:50.038-0400] {processor.py:157} INFO - Started process (PID=8949) to work on /Users/mauri/Desktop/repositorio/apache-airflow-tutorial/env/lib/python3.11/site-packages/airflow/example_dags/example_xcom.py
[2023-08-23T21:42:50.039-0400] {processor.py:829} INFO - Processing file /Users/mauri/Desktop/repositorio/apache-airflow-tutorial/env/lib/python3.11/site-packages/airflow/example_dags/example_xcom.py for tasks to queue
[2023-08-23T21:42:50.039-0400] {logging_mixin.py:151} INFO - [2023-08-23T21:42:50.039-0400] {dagbag.py:539} INFO - Filling up the DagBag from /Users/mauri/Desktop/repositorio/apache-airflow-tutorial/env/lib/python3.11/site-packages/airflow/example_dags/example_xcom.py
[2023-08-23T21:42:50.072-0400] {processor.py:839} INFO - DAG(s) dict_keys(['example_xcom']) retrieved from /Users/mauri/Desktop/repositorio/apache-airflow-tutorial/env/lib/python3.11/site-packages/airflow/example_dags/example_xcom.py
[2023-08-23T21:42:50.126-0400] {logging_mixin.py:151} INFO - [2023-08-23T21:42:50.126-0400] {dag.py:2907} INFO - Sync 1 DAGs
[2023-08-23T21:42:50.131-0400] {logging_mixin.py:151} INFO - [2023-08-23T21:42:50.131-0400] {dag.py:3677} INFO - Setting next_dagrun for example_xcom to 2021-01-01T00:00:00+00:00, run_after=2021-01-01T00:00:00+00:00
[2023-08-23T21:42:50.138-0400] {processor.py:179} INFO - Processing /Users/mauri/Desktop/repositorio/apache-airflow-tutorial/env/lib/python3.11/site-packages/airflow/example_dags/example_xcom.py took 0.101 seconds
[2023-08-23T21:43:58.661-0400] {processor.py:157} INFO - Started process (PID=9012) to work on /Users/mauri/Desktop/repositorio/apache-airflow-tutorial/env/lib/python3.11/site-packages/airflow/example_dags/example_xcom.py
[2023-08-23T21:43:58.662-0400] {processor.py:829} INFO - Processing file /Users/mauri/Desktop/repositorio/apache-airflow-tutorial/env/lib/python3.11/site-packages/airflow/example_dags/example_xcom.py for tasks to queue
[2023-08-23T21:43:58.663-0400] {logging_mixin.py:151} INFO - [2023-08-23T21:43:58.663-0400] {dagbag.py:539} INFO - Filling up the DagBag from /Users/mauri/Desktop/repositorio/apache-airflow-tutorial/env/lib/python3.11/site-packages/airflow/example_dags/example_xcom.py
[2023-08-23T21:43:58.695-0400] {processor.py:839} INFO - DAG(s) dict_keys(['example_xcom']) retrieved from /Users/mauri/Desktop/repositorio/apache-airflow-tutorial/env/lib/python3.11/site-packages/airflow/example_dags/example_xcom.py
[2023-08-23T21:43:58.748-0400] {logging_mixin.py:151} INFO - [2023-08-23T21:43:58.748-0400] {dag.py:2907} INFO - Sync 1 DAGs
[2023-08-23T21:43:58.753-0400] {logging_mixin.py:151} INFO - [2023-08-23T21:43:58.753-0400] {dag.py:3677} INFO - Setting next_dagrun for example_xcom to 2021-01-01T00:00:00+00:00, run_after=2021-01-01T00:00:00+00:00
[2023-08-23T21:43:58.760-0400] {processor.py:179} INFO - Processing /Users/mauri/Desktop/repositorio/apache-airflow-tutorial/env/lib/python3.11/site-packages/airflow/example_dags/example_xcom.py took 0.099 seconds
[2023-08-23T21:45:12.475-0400] {processor.py:157} INFO - Started process (PID=9089) to work on /Users/mauri/Desktop/repositorio/apache-airflow-tutorial/env/lib/python3.11/site-packages/airflow/example_dags/example_xcom.py
[2023-08-23T21:45:12.476-0400] {processor.py:829} INFO - Processing file /Users/mauri/Desktop/repositorio/apache-airflow-tutorial/env/lib/python3.11/site-packages/airflow/example_dags/example_xcom.py for tasks to queue
[2023-08-23T21:45:12.476-0400] {logging_mixin.py:151} INFO - [2023-08-23T21:45:12.476-0400] {dagbag.py:539} INFO - Filling up the DagBag from /Users/mauri/Desktop/repositorio/apache-airflow-tutorial/env/lib/python3.11/site-packages/airflow/example_dags/example_xcom.py
[2023-08-23T21:45:12.513-0400] {processor.py:839} INFO - DAG(s) dict_keys(['example_xcom']) retrieved from /Users/mauri/Desktop/repositorio/apache-airflow-tutorial/env/lib/python3.11/site-packages/airflow/example_dags/example_xcom.py
[2023-08-23T21:45:12.568-0400] {logging_mixin.py:151} INFO - [2023-08-23T21:45:12.568-0400] {dag.py:2907} INFO - Sync 1 DAGs
[2023-08-23T21:45:12.573-0400] {logging_mixin.py:151} INFO - [2023-08-23T21:45:12.573-0400] {dag.py:3677} INFO - Setting next_dagrun for example_xcom to 2021-01-01T00:00:00+00:00, run_after=2021-01-01T00:00:00+00:00
[2023-08-23T21:45:12.581-0400] {processor.py:179} INFO - Processing /Users/mauri/Desktop/repositorio/apache-airflow-tutorial/env/lib/python3.11/site-packages/airflow/example_dags/example_xcom.py took 0.106 seconds
[2023-08-23T21:46:23.953-0400] {processor.py:157} INFO - Started process (PID=9202) to work on /Users/mauri/Desktop/repositorio/apache-airflow-tutorial/env/lib/python3.11/site-packages/airflow/example_dags/example_xcom.py
[2023-08-23T21:46:23.954-0400] {processor.py:829} INFO - Processing file /Users/mauri/Desktop/repositorio/apache-airflow-tutorial/env/lib/python3.11/site-packages/airflow/example_dags/example_xcom.py for tasks to queue
[2023-08-23T21:46:23.954-0400] {logging_mixin.py:151} INFO - [2023-08-23T21:46:23.954-0400] {dagbag.py:539} INFO - Filling up the DagBag from /Users/mauri/Desktop/repositorio/apache-airflow-tutorial/env/lib/python3.11/site-packages/airflow/example_dags/example_xcom.py
[2023-08-23T21:46:23.986-0400] {processor.py:839} INFO - DAG(s) dict_keys(['example_xcom']) retrieved from /Users/mauri/Desktop/repositorio/apache-airflow-tutorial/env/lib/python3.11/site-packages/airflow/example_dags/example_xcom.py
[2023-08-23T21:46:24.038-0400] {logging_mixin.py:151} INFO - [2023-08-23T21:46:24.038-0400] {dag.py:2907} INFO - Sync 1 DAGs
[2023-08-23T21:46:24.043-0400] {logging_mixin.py:151} INFO - [2023-08-23T21:46:24.043-0400] {dag.py:3677} INFO - Setting next_dagrun for example_xcom to 2021-01-01T00:00:00+00:00, run_after=2021-01-01T00:00:00+00:00
[2023-08-23T21:46:24.050-0400] {processor.py:179} INFO - Processing /Users/mauri/Desktop/repositorio/apache-airflow-tutorial/env/lib/python3.11/site-packages/airflow/example_dags/example_xcom.py took 0.098 seconds
[2023-08-23T21:47:34.941-0400] {processor.py:157} INFO - Started process (PID=9332) to work on /Users/mauri/Desktop/repositorio/apache-airflow-tutorial/env/lib/python3.11/site-packages/airflow/example_dags/example_xcom.py
[2023-08-23T21:47:34.943-0400] {processor.py:829} INFO - Processing file /Users/mauri/Desktop/repositorio/apache-airflow-tutorial/env/lib/python3.11/site-packages/airflow/example_dags/example_xcom.py for tasks to queue
[2023-08-23T21:47:34.943-0400] {logging_mixin.py:151} INFO - [2023-08-23T21:47:34.943-0400] {dagbag.py:539} INFO - Filling up the DagBag from /Users/mauri/Desktop/repositorio/apache-airflow-tutorial/env/lib/python3.11/site-packages/airflow/example_dags/example_xcom.py
[2023-08-23T21:47:34.974-0400] {processor.py:839} INFO - DAG(s) dict_keys(['example_xcom']) retrieved from /Users/mauri/Desktop/repositorio/apache-airflow-tutorial/env/lib/python3.11/site-packages/airflow/example_dags/example_xcom.py
[2023-08-23T21:47:35.027-0400] {logging_mixin.py:151} INFO - [2023-08-23T21:47:35.027-0400] {dag.py:2907} INFO - Sync 1 DAGs
[2023-08-23T21:47:35.032-0400] {logging_mixin.py:151} INFO - [2023-08-23T21:47:35.032-0400] {dag.py:3677} INFO - Setting next_dagrun for example_xcom to 2021-01-01T00:00:00+00:00, run_after=2021-01-01T00:00:00+00:00
[2023-08-23T21:47:35.039-0400] {processor.py:179} INFO - Processing /Users/mauri/Desktop/repositorio/apache-airflow-tutorial/env/lib/python3.11/site-packages/airflow/example_dags/example_xcom.py took 0.098 seconds
[2023-08-23T21:48:47.847-0400] {processor.py:157} INFO - Started process (PID=9437) to work on /Users/mauri/Desktop/repositorio/apache-airflow-tutorial/env/lib/python3.11/site-packages/airflow/example_dags/example_xcom.py
[2023-08-23T21:48:47.849-0400] {processor.py:829} INFO - Processing file /Users/mauri/Desktop/repositorio/apache-airflow-tutorial/env/lib/python3.11/site-packages/airflow/example_dags/example_xcom.py for tasks to queue
[2023-08-23T21:48:47.849-0400] {logging_mixin.py:151} INFO - [2023-08-23T21:48:47.849-0400] {dagbag.py:539} INFO - Filling up the DagBag from /Users/mauri/Desktop/repositorio/apache-airflow-tutorial/env/lib/python3.11/site-packages/airflow/example_dags/example_xcom.py
[2023-08-23T21:48:47.882-0400] {processor.py:839} INFO - DAG(s) dict_keys(['example_xcom']) retrieved from /Users/mauri/Desktop/repositorio/apache-airflow-tutorial/env/lib/python3.11/site-packages/airflow/example_dags/example_xcom.py
[2023-08-23T21:48:47.934-0400] {logging_mixin.py:151} INFO - [2023-08-23T21:48:47.934-0400] {dag.py:2907} INFO - Sync 1 DAGs
[2023-08-23T21:48:47.940-0400] {logging_mixin.py:151} INFO - [2023-08-23T21:48:47.939-0400] {dag.py:3677} INFO - Setting next_dagrun for example_xcom to 2021-01-01T00:00:00+00:00, run_after=2021-01-01T00:00:00+00:00
[2023-08-23T21:48:47.947-0400] {processor.py:179} INFO - Processing /Users/mauri/Desktop/repositorio/apache-airflow-tutorial/env/lib/python3.11/site-packages/airflow/example_dags/example_xcom.py took 0.100 seconds
[2023-08-23T21:50:02.734-0400] {processor.py:157} INFO - Started process (PID=9511) to work on /Users/mauri/Desktop/repositorio/apache-airflow-tutorial/env/lib/python3.11/site-packages/airflow/example_dags/example_xcom.py
[2023-08-23T21:50:02.736-0400] {processor.py:829} INFO - Processing file /Users/mauri/Desktop/repositorio/apache-airflow-tutorial/env/lib/python3.11/site-packages/airflow/example_dags/example_xcom.py for tasks to queue
[2023-08-23T21:50:02.737-0400] {logging_mixin.py:151} INFO - [2023-08-23T21:50:02.737-0400] {dagbag.py:539} INFO - Filling up the DagBag from /Users/mauri/Desktop/repositorio/apache-airflow-tutorial/env/lib/python3.11/site-packages/airflow/example_dags/example_xcom.py
[2023-08-23T21:50:02.769-0400] {processor.py:839} INFO - DAG(s) dict_keys(['example_xcom']) retrieved from /Users/mauri/Desktop/repositorio/apache-airflow-tutorial/env/lib/python3.11/site-packages/airflow/example_dags/example_xcom.py
[2023-08-23T21:50:02.822-0400] {logging_mixin.py:151} INFO - [2023-08-23T21:50:02.822-0400] {dag.py:2907} INFO - Sync 1 DAGs
[2023-08-23T21:50:02.827-0400] {logging_mixin.py:151} INFO - [2023-08-23T21:50:02.827-0400] {dag.py:3677} INFO - Setting next_dagrun for example_xcom to 2021-01-01T00:00:00+00:00, run_after=2021-01-01T00:00:00+00:00
[2023-08-23T21:50:02.834-0400] {processor.py:179} INFO - Processing /Users/mauri/Desktop/repositorio/apache-airflow-tutorial/env/lib/python3.11/site-packages/airflow/example_dags/example_xcom.py took 0.100 seconds
[2023-08-23T21:51:17.999-0400] {processor.py:157} INFO - Started process (PID=9603) to work on /Users/mauri/Desktop/repositorio/apache-airflow-tutorial/env/lib/python3.11/site-packages/airflow/example_dags/example_xcom.py
[2023-08-23T21:51:18.001-0400] {processor.py:829} INFO - Processing file /Users/mauri/Desktop/repositorio/apache-airflow-tutorial/env/lib/python3.11/site-packages/airflow/example_dags/example_xcom.py for tasks to queue
[2023-08-23T21:51:18.001-0400] {logging_mixin.py:151} INFO - [2023-08-23T21:51:18.001-0400] {dagbag.py:539} INFO - Filling up the DagBag from /Users/mauri/Desktop/repositorio/apache-airflow-tutorial/env/lib/python3.11/site-packages/airflow/example_dags/example_xcom.py
[2023-08-23T21:51:18.033-0400] {processor.py:839} INFO - DAG(s) dict_keys(['example_xcom']) retrieved from /Users/mauri/Desktop/repositorio/apache-airflow-tutorial/env/lib/python3.11/site-packages/airflow/example_dags/example_xcom.py
[2023-08-23T21:51:18.087-0400] {logging_mixin.py:151} INFO - [2023-08-23T21:51:18.086-0400] {dag.py:2907} INFO - Sync 1 DAGs
[2023-08-23T21:51:18.092-0400] {logging_mixin.py:151} INFO - [2023-08-23T21:51:18.092-0400] {dag.py:3677} INFO - Setting next_dagrun for example_xcom to 2021-01-01T00:00:00+00:00, run_after=2021-01-01T00:00:00+00:00
[2023-08-23T21:51:18.099-0400] {processor.py:179} INFO - Processing /Users/mauri/Desktop/repositorio/apache-airflow-tutorial/env/lib/python3.11/site-packages/airflow/example_dags/example_xcom.py took 0.101 seconds
[2023-08-23T21:52:29.087-0400] {processor.py:157} INFO - Started process (PID=9669) to work on /Users/mauri/Desktop/repositorio/apache-airflow-tutorial/env/lib/python3.11/site-packages/airflow/example_dags/example_xcom.py
[2023-08-23T21:52:29.089-0400] {processor.py:829} INFO - Processing file /Users/mauri/Desktop/repositorio/apache-airflow-tutorial/env/lib/python3.11/site-packages/airflow/example_dags/example_xcom.py for tasks to queue
[2023-08-23T21:52:29.089-0400] {logging_mixin.py:151} INFO - [2023-08-23T21:52:29.089-0400] {dagbag.py:539} INFO - Filling up the DagBag from /Users/mauri/Desktop/repositorio/apache-airflow-tutorial/env/lib/python3.11/site-packages/airflow/example_dags/example_xcom.py
[2023-08-23T21:52:29.120-0400] {processor.py:839} INFO - DAG(s) dict_keys(['example_xcom']) retrieved from /Users/mauri/Desktop/repositorio/apache-airflow-tutorial/env/lib/python3.11/site-packages/airflow/example_dags/example_xcom.py
[2023-08-23T21:52:29.172-0400] {logging_mixin.py:151} INFO - [2023-08-23T21:52:29.172-0400] {dag.py:2907} INFO - Sync 1 DAGs
[2023-08-23T21:52:29.177-0400] {logging_mixin.py:151} INFO - [2023-08-23T21:52:29.177-0400] {dag.py:3677} INFO - Setting next_dagrun for example_xcom to 2021-01-01T00:00:00+00:00, run_after=2021-01-01T00:00:00+00:00
[2023-08-23T21:52:29.184-0400] {processor.py:179} INFO - Processing /Users/mauri/Desktop/repositorio/apache-airflow-tutorial/env/lib/python3.11/site-packages/airflow/example_dags/example_xcom.py took 0.097 seconds
[2023-08-23T21:53:39.850-0400] {processor.py:157} INFO - Started process (PID=9734) to work on /Users/mauri/Desktop/repositorio/apache-airflow-tutorial/env/lib/python3.11/site-packages/airflow/example_dags/example_xcom.py
[2023-08-23T21:53:39.851-0400] {processor.py:829} INFO - Processing file /Users/mauri/Desktop/repositorio/apache-airflow-tutorial/env/lib/python3.11/site-packages/airflow/example_dags/example_xcom.py for tasks to queue
[2023-08-23T21:53:39.851-0400] {logging_mixin.py:151} INFO - [2023-08-23T21:53:39.851-0400] {dagbag.py:539} INFO - Filling up the DagBag from /Users/mauri/Desktop/repositorio/apache-airflow-tutorial/env/lib/python3.11/site-packages/airflow/example_dags/example_xcom.py
[2023-08-23T21:53:39.883-0400] {processor.py:839} INFO - DAG(s) dict_keys(['example_xcom']) retrieved from /Users/mauri/Desktop/repositorio/apache-airflow-tutorial/env/lib/python3.11/site-packages/airflow/example_dags/example_xcom.py
[2023-08-23T21:53:39.936-0400] {logging_mixin.py:151} INFO - [2023-08-23T21:53:39.936-0400] {dag.py:2907} INFO - Sync 1 DAGs
[2023-08-23T21:53:39.941-0400] {logging_mixin.py:151} INFO - [2023-08-23T21:53:39.941-0400] {dag.py:3677} INFO - Setting next_dagrun for example_xcom to 2021-01-01T00:00:00+00:00, run_after=2021-01-01T00:00:00+00:00
[2023-08-23T21:53:39.948-0400] {processor.py:179} INFO - Processing /Users/mauri/Desktop/repositorio/apache-airflow-tutorial/env/lib/python3.11/site-packages/airflow/example_dags/example_xcom.py took 0.099 seconds
[2023-08-23T21:54:51.989-0400] {processor.py:157} INFO - Started process (PID=9799) to work on /Users/mauri/Desktop/repositorio/apache-airflow-tutorial/env/lib/python3.11/site-packages/airflow/example_dags/example_xcom.py
[2023-08-23T21:54:51.990-0400] {processor.py:829} INFO - Processing file /Users/mauri/Desktop/repositorio/apache-airflow-tutorial/env/lib/python3.11/site-packages/airflow/example_dags/example_xcom.py for tasks to queue
[2023-08-23T21:54:51.990-0400] {logging_mixin.py:151} INFO - [2023-08-23T21:54:51.990-0400] {dagbag.py:539} INFO - Filling up the DagBag from /Users/mauri/Desktop/repositorio/apache-airflow-tutorial/env/lib/python3.11/site-packages/airflow/example_dags/example_xcom.py
[2023-08-23T21:54:52.026-0400] {processor.py:839} INFO - DAG(s) dict_keys(['example_xcom']) retrieved from /Users/mauri/Desktop/repositorio/apache-airflow-tutorial/env/lib/python3.11/site-packages/airflow/example_dags/example_xcom.py
[2023-08-23T21:54:52.081-0400] {logging_mixin.py:151} INFO - [2023-08-23T21:54:52.081-0400] {dag.py:2907} INFO - Sync 1 DAGs
[2023-08-23T21:54:52.087-0400] {logging_mixin.py:151} INFO - [2023-08-23T21:54:52.087-0400] {dag.py:3677} INFO - Setting next_dagrun for example_xcom to 2021-01-01T00:00:00+00:00, run_after=2021-01-01T00:00:00+00:00
[2023-08-23T21:54:52.094-0400] {processor.py:179} INFO - Processing /Users/mauri/Desktop/repositorio/apache-airflow-tutorial/env/lib/python3.11/site-packages/airflow/example_dags/example_xcom.py took 0.106 seconds
[2023-08-23T21:56:04.874-0400] {processor.py:157} INFO - Started process (PID=9874) to work on /Users/mauri/Desktop/repositorio/apache-airflow-tutorial/env/lib/python3.11/site-packages/airflow/example_dags/example_xcom.py
[2023-08-23T21:56:04.875-0400] {processor.py:829} INFO - Processing file /Users/mauri/Desktop/repositorio/apache-airflow-tutorial/env/lib/python3.11/site-packages/airflow/example_dags/example_xcom.py for tasks to queue
[2023-08-23T21:56:04.876-0400] {logging_mixin.py:151} INFO - [2023-08-23T21:56:04.876-0400] {dagbag.py:539} INFO - Filling up the DagBag from /Users/mauri/Desktop/repositorio/apache-airflow-tutorial/env/lib/python3.11/site-packages/airflow/example_dags/example_xcom.py
[2023-08-23T21:56:04.910-0400] {processor.py:839} INFO - DAG(s) dict_keys(['example_xcom']) retrieved from /Users/mauri/Desktop/repositorio/apache-airflow-tutorial/env/lib/python3.11/site-packages/airflow/example_dags/example_xcom.py
[2023-08-23T21:56:04.963-0400] {logging_mixin.py:151} INFO - [2023-08-23T21:56:04.963-0400] {dag.py:2907} INFO - Sync 1 DAGs
[2023-08-23T21:56:04.969-0400] {logging_mixin.py:151} INFO - [2023-08-23T21:56:04.969-0400] {dag.py:3677} INFO - Setting next_dagrun for example_xcom to 2021-01-01T00:00:00+00:00, run_after=2021-01-01T00:00:00+00:00
[2023-08-23T21:56:04.977-0400] {processor.py:179} INFO - Processing /Users/mauri/Desktop/repositorio/apache-airflow-tutorial/env/lib/python3.11/site-packages/airflow/example_dags/example_xcom.py took 0.103 seconds
[2023-08-23T21:57:19.874-0400] {processor.py:157} INFO - Started process (PID=9939) to work on /Users/mauri/Desktop/repositorio/apache-airflow-tutorial/env/lib/python3.11/site-packages/airflow/example_dags/example_xcom.py
[2023-08-23T21:57:19.875-0400] {processor.py:829} INFO - Processing file /Users/mauri/Desktop/repositorio/apache-airflow-tutorial/env/lib/python3.11/site-packages/airflow/example_dags/example_xcom.py for tasks to queue
[2023-08-23T21:57:19.875-0400] {logging_mixin.py:151} INFO - [2023-08-23T21:57:19.875-0400] {dagbag.py:539} INFO - Filling up the DagBag from /Users/mauri/Desktop/repositorio/apache-airflow-tutorial/env/lib/python3.11/site-packages/airflow/example_dags/example_xcom.py
[2023-08-23T21:57:19.907-0400] {processor.py:839} INFO - DAG(s) dict_keys(['example_xcom']) retrieved from /Users/mauri/Desktop/repositorio/apache-airflow-tutorial/env/lib/python3.11/site-packages/airflow/example_dags/example_xcom.py
[2023-08-23T21:57:19.960-0400] {logging_mixin.py:151} INFO - [2023-08-23T21:57:19.959-0400] {dag.py:2907} INFO - Sync 1 DAGs
[2023-08-23T21:57:19.965-0400] {logging_mixin.py:151} INFO - [2023-08-23T21:57:19.965-0400] {dag.py:3677} INFO - Setting next_dagrun for example_xcom to 2021-01-01T00:00:00+00:00, run_after=2021-01-01T00:00:00+00:00
[2023-08-23T21:57:19.972-0400] {processor.py:179} INFO - Processing /Users/mauri/Desktop/repositorio/apache-airflow-tutorial/env/lib/python3.11/site-packages/airflow/example_dags/example_xcom.py took 0.098 seconds
[2023-08-23T21:58:36.000-0400] {processor.py:157} INFO - Started process (PID=10002) to work on /Users/mauri/Desktop/repositorio/apache-airflow-tutorial/env/lib/python3.11/site-packages/airflow/example_dags/example_xcom.py
[2023-08-23T21:58:36.001-0400] {processor.py:829} INFO - Processing file /Users/mauri/Desktop/repositorio/apache-airflow-tutorial/env/lib/python3.11/site-packages/airflow/example_dags/example_xcom.py for tasks to queue
[2023-08-23T21:58:36.001-0400] {logging_mixin.py:151} INFO - [2023-08-23T21:58:36.001-0400] {dagbag.py:539} INFO - Filling up the DagBag from /Users/mauri/Desktop/repositorio/apache-airflow-tutorial/env/lib/python3.11/site-packages/airflow/example_dags/example_xcom.py
[2023-08-23T21:58:36.036-0400] {processor.py:839} INFO - DAG(s) dict_keys(['example_xcom']) retrieved from /Users/mauri/Desktop/repositorio/apache-airflow-tutorial/env/lib/python3.11/site-packages/airflow/example_dags/example_xcom.py
[2023-08-23T21:58:36.094-0400] {logging_mixin.py:151} INFO - [2023-08-23T21:58:36.094-0400] {dag.py:2907} INFO - Sync 1 DAGs
[2023-08-23T21:58:36.099-0400] {logging_mixin.py:151} INFO - [2023-08-23T21:58:36.099-0400] {dag.py:3677} INFO - Setting next_dagrun for example_xcom to 2021-01-01T00:00:00+00:00, run_after=2021-01-01T00:00:00+00:00
[2023-08-23T21:58:36.107-0400] {processor.py:179} INFO - Processing /Users/mauri/Desktop/repositorio/apache-airflow-tutorial/env/lib/python3.11/site-packages/airflow/example_dags/example_xcom.py took 0.107 seconds
[2023-08-23T21:59:49.205-0400] {processor.py:157} INFO - Started process (PID=10071) to work on /Users/mauri/Desktop/repositorio/apache-airflow-tutorial/env/lib/python3.11/site-packages/airflow/example_dags/example_xcom.py
[2023-08-23T21:59:49.206-0400] {processor.py:829} INFO - Processing file /Users/mauri/Desktop/repositorio/apache-airflow-tutorial/env/lib/python3.11/site-packages/airflow/example_dags/example_xcom.py for tasks to queue
[2023-08-23T21:59:49.206-0400] {logging_mixin.py:151} INFO - [2023-08-23T21:59:49.206-0400] {dagbag.py:539} INFO - Filling up the DagBag from /Users/mauri/Desktop/repositorio/apache-airflow-tutorial/env/lib/python3.11/site-packages/airflow/example_dags/example_xcom.py
[2023-08-23T21:59:49.239-0400] {processor.py:839} INFO - DAG(s) dict_keys(['example_xcom']) retrieved from /Users/mauri/Desktop/repositorio/apache-airflow-tutorial/env/lib/python3.11/site-packages/airflow/example_dags/example_xcom.py
[2023-08-23T21:59:49.295-0400] {logging_mixin.py:151} INFO - [2023-08-23T21:59:49.295-0400] {dag.py:2907} INFO - Sync 1 DAGs
[2023-08-23T21:59:49.301-0400] {logging_mixin.py:151} INFO - [2023-08-23T21:59:49.301-0400] {dag.py:3677} INFO - Setting next_dagrun for example_xcom to 2021-01-01T00:00:00+00:00, run_after=2021-01-01T00:00:00+00:00
[2023-08-23T21:59:49.308-0400] {processor.py:179} INFO - Processing /Users/mauri/Desktop/repositorio/apache-airflow-tutorial/env/lib/python3.11/site-packages/airflow/example_dags/example_xcom.py took 0.103 seconds
