[2023-08-23T21:35:08.544-0400] {processor.py:157} INFO - Started process (PID=8547) to work on /Users/mauri/Desktop/repositorio/apache-airflow-tutorial/env/lib/python3.11/site-packages/airflow/example_dags/example_branch_datetime_operator.py
[2023-08-23T21:35:08.545-0400] {processor.py:829} INFO - Processing file /Users/mauri/Desktop/repositorio/apache-airflow-tutorial/env/lib/python3.11/site-packages/airflow/example_dags/example_branch_datetime_operator.py for tasks to queue
[2023-08-23T21:35:08.545-0400] {logging_mixin.py:151} INFO - [2023-08-23T21:35:08.545-0400] {dagbag.py:539} INFO - Filling up the DagBag from /Users/mauri/Desktop/repositorio/apache-airflow-tutorial/env/lib/python3.11/site-packages/airflow/example_dags/example_branch_datetime_operator.py
[2023-08-23T21:35:08.554-0400] {processor.py:839} INFO - DAG(s) dict_keys(['example_branch_datetime_operator_2', 'example_branch_datetime_operator', 'example_branch_datetime_operator_3']) retrieved from /Users/mauri/Desktop/repositorio/apache-airflow-tutorial/env/lib/python3.11/site-packages/airflow/example_dags/example_branch_datetime_operator.py
[2023-08-23T21:35:08.890-0400] {logging_mixin.py:151} INFO - [2023-08-23T21:35:08.890-0400] {manager.py:501} INFO - Created Permission View: can edit on DAG:example_branch_datetime_operator_2
[2023-08-23T21:35:08.893-0400] {logging_mixin.py:151} INFO - [2023-08-23T21:35:08.893-0400] {manager.py:501} INFO - Created Permission View: can read on DAG:example_branch_datetime_operator_2
[2023-08-23T21:35:08.895-0400] {logging_mixin.py:151} INFO - [2023-08-23T21:35:08.895-0400] {manager.py:501} INFO - Created Permission View: can delete on DAG:example_branch_datetime_operator_2
[2023-08-23T21:35:08.902-0400] {logging_mixin.py:151} INFO - [2023-08-23T21:35:08.902-0400] {manager.py:501} INFO - Created Permission View: can edit on DAG:example_branch_datetime_operator
[2023-08-23T21:35:08.904-0400] {logging_mixin.py:151} INFO - [2023-08-23T21:35:08.904-0400] {manager.py:501} INFO - Created Permission View: can read on DAG:example_branch_datetime_operator
[2023-08-23T21:35:08.906-0400] {logging_mixin.py:151} INFO - [2023-08-23T21:35:08.906-0400] {manager.py:501} INFO - Created Permission View: can delete on DAG:example_branch_datetime_operator
[2023-08-23T21:35:08.910-0400] {logging_mixin.py:151} INFO - [2023-08-23T21:35:08.910-0400] {manager.py:501} INFO - Created Permission View: can edit on DAG:example_branch_datetime_operator_3
[2023-08-23T21:35:08.912-0400] {logging_mixin.py:151} INFO - [2023-08-23T21:35:08.912-0400] {manager.py:501} INFO - Created Permission View: can read on DAG:example_branch_datetime_operator_3
[2023-08-23T21:35:08.913-0400] {logging_mixin.py:151} INFO - [2023-08-23T21:35:08.913-0400] {manager.py:501} INFO - Created Permission View: can delete on DAG:example_branch_datetime_operator_3
[2023-08-23T21:35:08.915-0400] {logging_mixin.py:151} INFO - [2023-08-23T21:35:08.915-0400] {dag.py:2907} INFO - Sync 3 DAGs
[2023-08-23T21:35:08.917-0400] {logging_mixin.py:151} INFO - [2023-08-23T21:35:08.917-0400] {dag.py:2929} INFO - Creating ORM DAG for example_branch_datetime_operator
[2023-08-23T21:35:08.918-0400] {logging_mixin.py:151} INFO - [2023-08-23T21:35:08.918-0400] {dag.py:2929} INFO - Creating ORM DAG for example_branch_datetime_operator_2
[2023-08-23T21:35:08.918-0400] {logging_mixin.py:151} INFO - [2023-08-23T21:35:08.918-0400] {dag.py:2929} INFO - Creating ORM DAG for example_branch_datetime_operator_3
[2023-08-23T21:35:08.921-0400] {logging_mixin.py:151} INFO - [2023-08-23T21:35:08.920-0400] {dag.py:3677} INFO - Setting next_dagrun for example_branch_datetime_operator to 2023-08-23T00:00:00+00:00, run_after=2023-08-24T00:00:00+00:00
[2023-08-23T21:35:08.921-0400] {logging_mixin.py:151} INFO - [2023-08-23T21:35:08.921-0400] {dag.py:3677} INFO - Setting next_dagrun for example_branch_datetime_operator_2 to 2023-08-23T00:00:00+00:00, run_after=2023-08-24T00:00:00+00:00
[2023-08-23T21:35:08.922-0400] {logging_mixin.py:151} INFO - [2023-08-23T21:35:08.922-0400] {dag.py:3677} INFO - Setting next_dagrun for example_branch_datetime_operator_3 to 2023-08-23T00:00:00+00:00, run_after=2023-08-24T00:00:00+00:00
[2023-08-23T21:35:08.927-0400] {processor.py:179} INFO - Processing /Users/mauri/Desktop/repositorio/apache-airflow-tutorial/env/lib/python3.11/site-packages/airflow/example_dags/example_branch_datetime_operator.py took 0.384 seconds
[2023-08-23T21:36:28.009-0400] {processor.py:157} INFO - Started process (PID=8618) to work on /Users/mauri/Desktop/repositorio/apache-airflow-tutorial/env/lib/python3.11/site-packages/airflow/example_dags/example_branch_datetime_operator.py
[2023-08-23T21:36:28.010-0400] {processor.py:829} INFO - Processing file /Users/mauri/Desktop/repositorio/apache-airflow-tutorial/env/lib/python3.11/site-packages/airflow/example_dags/example_branch_datetime_operator.py for tasks to queue
[2023-08-23T21:36:28.010-0400] {logging_mixin.py:151} INFO - [2023-08-23T21:36:28.010-0400] {dagbag.py:539} INFO - Filling up the DagBag from /Users/mauri/Desktop/repositorio/apache-airflow-tutorial/env/lib/python3.11/site-packages/airflow/example_dags/example_branch_datetime_operator.py
[2023-08-23T21:36:28.019-0400] {processor.py:839} INFO - DAG(s) dict_keys(['example_branch_datetime_operator_2', 'example_branch_datetime_operator', 'example_branch_datetime_operator_3']) retrieved from /Users/mauri/Desktop/repositorio/apache-airflow-tutorial/env/lib/python3.11/site-packages/airflow/example_dags/example_branch_datetime_operator.py
[2023-08-23T21:36:28.089-0400] {logging_mixin.py:151} INFO - [2023-08-23T21:36:28.089-0400] {dag.py:2907} INFO - Sync 3 DAGs
[2023-08-23T21:36:28.095-0400] {logging_mixin.py:151} INFO - [2023-08-23T21:36:28.095-0400] {dag.py:3677} INFO - Setting next_dagrun for example_branch_datetime_operator to 2023-08-23T00:00:00+00:00, run_after=2023-08-24T00:00:00+00:00
[2023-08-23T21:36:28.096-0400] {logging_mixin.py:151} INFO - [2023-08-23T21:36:28.096-0400] {dag.py:3677} INFO - Setting next_dagrun for example_branch_datetime_operator_2 to 2023-08-23T00:00:00+00:00, run_after=2023-08-24T00:00:00+00:00
[2023-08-23T21:36:28.097-0400] {logging_mixin.py:151} INFO - [2023-08-23T21:36:28.097-0400] {dag.py:3677} INFO - Setting next_dagrun for example_branch_datetime_operator_3 to 2023-08-23T00:00:00+00:00, run_after=2023-08-24T00:00:00+00:00
[2023-08-23T21:36:28.103-0400] {processor.py:179} INFO - Processing /Users/mauri/Desktop/repositorio/apache-airflow-tutorial/env/lib/python3.11/site-packages/airflow/example_dags/example_branch_datetime_operator.py took 0.095 seconds
[2023-08-23T21:37:42.744-0400] {processor.py:157} INFO - Started process (PID=8680) to work on /Users/mauri/Desktop/repositorio/apache-airflow-tutorial/env/lib/python3.11/site-packages/airflow/example_dags/example_branch_datetime_operator.py
[2023-08-23T21:37:42.747-0400] {processor.py:829} INFO - Processing file /Users/mauri/Desktop/repositorio/apache-airflow-tutorial/env/lib/python3.11/site-packages/airflow/example_dags/example_branch_datetime_operator.py for tasks to queue
[2023-08-23T21:37:42.747-0400] {logging_mixin.py:151} INFO - [2023-08-23T21:37:42.747-0400] {dagbag.py:539} INFO - Filling up the DagBag from /Users/mauri/Desktop/repositorio/apache-airflow-tutorial/env/lib/python3.11/site-packages/airflow/example_dags/example_branch_datetime_operator.py
[2023-08-23T21:37:42.755-0400] {processor.py:839} INFO - DAG(s) dict_keys(['example_branch_datetime_operator', 'example_branch_datetime_operator_3', 'example_branch_datetime_operator_2']) retrieved from /Users/mauri/Desktop/repositorio/apache-airflow-tutorial/env/lib/python3.11/site-packages/airflow/example_dags/example_branch_datetime_operator.py
[2023-08-23T21:37:42.830-0400] {logging_mixin.py:151} INFO - [2023-08-23T21:37:42.830-0400] {dag.py:2907} INFO - Sync 3 DAGs
[2023-08-23T21:37:42.838-0400] {logging_mixin.py:151} INFO - [2023-08-23T21:37:42.837-0400] {dag.py:3677} INFO - Setting next_dagrun for example_branch_datetime_operator to 2023-08-23T00:00:00+00:00, run_after=2023-08-24T00:00:00+00:00
[2023-08-23T21:37:42.839-0400] {logging_mixin.py:151} INFO - [2023-08-23T21:37:42.839-0400] {dag.py:3677} INFO - Setting next_dagrun for example_branch_datetime_operator_2 to 2023-08-23T00:00:00+00:00, run_after=2023-08-24T00:00:00+00:00
[2023-08-23T21:37:42.840-0400] {logging_mixin.py:151} INFO - [2023-08-23T21:37:42.840-0400] {dag.py:3677} INFO - Setting next_dagrun for example_branch_datetime_operator_3 to 2023-08-23T00:00:00+00:00, run_after=2023-08-24T00:00:00+00:00
[2023-08-23T21:37:42.847-0400] {processor.py:179} INFO - Processing /Users/mauri/Desktop/repositorio/apache-airflow-tutorial/env/lib/python3.11/site-packages/airflow/example_dags/example_branch_datetime_operator.py took 0.103 seconds
[2023-08-23T21:38:57.502-0400] {processor.py:157} INFO - Started process (PID=8752) to work on /Users/mauri/Desktop/repositorio/apache-airflow-tutorial/env/lib/python3.11/site-packages/airflow/example_dags/example_branch_datetime_operator.py
[2023-08-23T21:38:57.504-0400] {processor.py:829} INFO - Processing file /Users/mauri/Desktop/repositorio/apache-airflow-tutorial/env/lib/python3.11/site-packages/airflow/example_dags/example_branch_datetime_operator.py for tasks to queue
[2023-08-23T21:38:57.504-0400] {logging_mixin.py:151} INFO - [2023-08-23T21:38:57.504-0400] {dagbag.py:539} INFO - Filling up the DagBag from /Users/mauri/Desktop/repositorio/apache-airflow-tutorial/env/lib/python3.11/site-packages/airflow/example_dags/example_branch_datetime_operator.py
[2023-08-23T21:38:57.513-0400] {processor.py:839} INFO - DAG(s) dict_keys(['example_branch_datetime_operator_3', 'example_branch_datetime_operator_2', 'example_branch_datetime_operator']) retrieved from /Users/mauri/Desktop/repositorio/apache-airflow-tutorial/env/lib/python3.11/site-packages/airflow/example_dags/example_branch_datetime_operator.py
[2023-08-23T21:38:57.586-0400] {logging_mixin.py:151} INFO - [2023-08-23T21:38:57.586-0400] {dag.py:2907} INFO - Sync 3 DAGs
[2023-08-23T21:38:57.592-0400] {logging_mixin.py:151} INFO - [2023-08-23T21:38:57.592-0400] {dag.py:3677} INFO - Setting next_dagrun for example_branch_datetime_operator to 2023-08-23T00:00:00+00:00, run_after=2023-08-24T00:00:00+00:00
[2023-08-23T21:38:57.593-0400] {logging_mixin.py:151} INFO - [2023-08-23T21:38:57.593-0400] {dag.py:3677} INFO - Setting next_dagrun for example_branch_datetime_operator_2 to 2023-08-23T00:00:00+00:00, run_after=2023-08-24T00:00:00+00:00
[2023-08-23T21:38:57.594-0400] {logging_mixin.py:151} INFO - [2023-08-23T21:38:57.594-0400] {dag.py:3677} INFO - Setting next_dagrun for example_branch_datetime_operator_3 to 2023-08-23T00:00:00+00:00, run_after=2023-08-24T00:00:00+00:00
[2023-08-23T21:38:57.600-0400] {processor.py:179} INFO - Processing /Users/mauri/Desktop/repositorio/apache-airflow-tutorial/env/lib/python3.11/site-packages/airflow/example_dags/example_branch_datetime_operator.py took 0.098 seconds
[2023-08-23T21:40:13.051-0400] {processor.py:157} INFO - Started process (PID=8815) to work on /Users/mauri/Desktop/repositorio/apache-airflow-tutorial/env/lib/python3.11/site-packages/airflow/example_dags/example_branch_datetime_operator.py
[2023-08-23T21:40:13.052-0400] {processor.py:829} INFO - Processing file /Users/mauri/Desktop/repositorio/apache-airflow-tutorial/env/lib/python3.11/site-packages/airflow/example_dags/example_branch_datetime_operator.py for tasks to queue
[2023-08-23T21:40:13.052-0400] {logging_mixin.py:151} INFO - [2023-08-23T21:40:13.052-0400] {dagbag.py:539} INFO - Filling up the DagBag from /Users/mauri/Desktop/repositorio/apache-airflow-tutorial/env/lib/python3.11/site-packages/airflow/example_dags/example_branch_datetime_operator.py
[2023-08-23T21:40:13.060-0400] {processor.py:839} INFO - DAG(s) dict_keys(['example_branch_datetime_operator', 'example_branch_datetime_operator_2', 'example_branch_datetime_operator_3']) retrieved from /Users/mauri/Desktop/repositorio/apache-airflow-tutorial/env/lib/python3.11/site-packages/airflow/example_dags/example_branch_datetime_operator.py
[2023-08-23T21:40:13.134-0400] {logging_mixin.py:151} INFO - [2023-08-23T21:40:13.134-0400] {dag.py:2907} INFO - Sync 3 DAGs
[2023-08-23T21:40:13.140-0400] {logging_mixin.py:151} INFO - [2023-08-23T21:40:13.139-0400] {dag.py:3677} INFO - Setting next_dagrun for example_branch_datetime_operator to 2023-08-23T00:00:00+00:00, run_after=2023-08-24T00:00:00+00:00
[2023-08-23T21:40:13.141-0400] {logging_mixin.py:151} INFO - [2023-08-23T21:40:13.141-0400] {dag.py:3677} INFO - Setting next_dagrun for example_branch_datetime_operator_2 to 2023-08-23T00:00:00+00:00, run_after=2023-08-24T00:00:00+00:00
[2023-08-23T21:40:13.142-0400] {logging_mixin.py:151} INFO - [2023-08-23T21:40:13.142-0400] {dag.py:3677} INFO - Setting next_dagrun for example_branch_datetime_operator_3 to 2023-08-23T00:00:00+00:00, run_after=2023-08-24T00:00:00+00:00
[2023-08-23T21:40:13.147-0400] {processor.py:179} INFO - Processing /Users/mauri/Desktop/repositorio/apache-airflow-tutorial/env/lib/python3.11/site-packages/airflow/example_dags/example_branch_datetime_operator.py took 0.097 seconds
[2023-08-23T21:41:26.103-0400] {processor.py:157} INFO - Started process (PID=8871) to work on /Users/mauri/Desktop/repositorio/apache-airflow-tutorial/env/lib/python3.11/site-packages/airflow/example_dags/example_branch_datetime_operator.py
[2023-08-23T21:41:26.104-0400] {processor.py:829} INFO - Processing file /Users/mauri/Desktop/repositorio/apache-airflow-tutorial/env/lib/python3.11/site-packages/airflow/example_dags/example_branch_datetime_operator.py for tasks to queue
[2023-08-23T21:41:26.104-0400] {logging_mixin.py:151} INFO - [2023-08-23T21:41:26.104-0400] {dagbag.py:539} INFO - Filling up the DagBag from /Users/mauri/Desktop/repositorio/apache-airflow-tutorial/env/lib/python3.11/site-packages/airflow/example_dags/example_branch_datetime_operator.py
[2023-08-23T21:41:26.112-0400] {processor.py:839} INFO - DAG(s) dict_keys(['example_branch_datetime_operator_3', 'example_branch_datetime_operator_2', 'example_branch_datetime_operator']) retrieved from /Users/mauri/Desktop/repositorio/apache-airflow-tutorial/env/lib/python3.11/site-packages/airflow/example_dags/example_branch_datetime_operator.py
[2023-08-23T21:41:26.184-0400] {logging_mixin.py:151} INFO - [2023-08-23T21:41:26.184-0400] {dag.py:2907} INFO - Sync 3 DAGs
[2023-08-23T21:41:26.190-0400] {logging_mixin.py:151} INFO - [2023-08-23T21:41:26.190-0400] {dag.py:3677} INFO - Setting next_dagrun for example_branch_datetime_operator to 2023-08-23T00:00:00+00:00, run_after=2023-08-24T00:00:00+00:00
[2023-08-23T21:41:26.191-0400] {logging_mixin.py:151} INFO - [2023-08-23T21:41:26.191-0400] {dag.py:3677} INFO - Setting next_dagrun for example_branch_datetime_operator_2 to 2023-08-23T00:00:00+00:00, run_after=2023-08-24T00:00:00+00:00
[2023-08-23T21:41:26.192-0400] {logging_mixin.py:151} INFO - [2023-08-23T21:41:26.191-0400] {dag.py:3677} INFO - Setting next_dagrun for example_branch_datetime_operator_3 to 2023-08-23T00:00:00+00:00, run_after=2023-08-24T00:00:00+00:00
[2023-08-23T21:41:26.198-0400] {processor.py:179} INFO - Processing /Users/mauri/Desktop/repositorio/apache-airflow-tutorial/env/lib/python3.11/site-packages/airflow/example_dags/example_branch_datetime_operator.py took 0.095 seconds
[2023-08-23T21:42:38.976-0400] {processor.py:157} INFO - Started process (PID=8939) to work on /Users/mauri/Desktop/repositorio/apache-airflow-tutorial/env/lib/python3.11/site-packages/airflow/example_dags/example_branch_datetime_operator.py
[2023-08-23T21:42:38.977-0400] {processor.py:829} INFO - Processing file /Users/mauri/Desktop/repositorio/apache-airflow-tutorial/env/lib/python3.11/site-packages/airflow/example_dags/example_branch_datetime_operator.py for tasks to queue
[2023-08-23T21:42:38.978-0400] {logging_mixin.py:151} INFO - [2023-08-23T21:42:38.978-0400] {dagbag.py:539} INFO - Filling up the DagBag from /Users/mauri/Desktop/repositorio/apache-airflow-tutorial/env/lib/python3.11/site-packages/airflow/example_dags/example_branch_datetime_operator.py
[2023-08-23T21:42:38.985-0400] {processor.py:839} INFO - DAG(s) dict_keys(['example_branch_datetime_operator_2', 'example_branch_datetime_operator_3', 'example_branch_datetime_operator']) retrieved from /Users/mauri/Desktop/repositorio/apache-airflow-tutorial/env/lib/python3.11/site-packages/airflow/example_dags/example_branch_datetime_operator.py
[2023-08-23T21:42:39.059-0400] {logging_mixin.py:151} INFO - [2023-08-23T21:42:39.059-0400] {dag.py:2907} INFO - Sync 3 DAGs
[2023-08-23T21:42:39.065-0400] {logging_mixin.py:151} INFO - [2023-08-23T21:42:39.064-0400] {dag.py:3677} INFO - Setting next_dagrun for example_branch_datetime_operator to 2023-08-23T00:00:00+00:00, run_after=2023-08-24T00:00:00+00:00
[2023-08-23T21:42:39.066-0400] {logging_mixin.py:151} INFO - [2023-08-23T21:42:39.066-0400] {dag.py:3677} INFO - Setting next_dagrun for example_branch_datetime_operator_2 to 2023-08-23T00:00:00+00:00, run_after=2023-08-24T00:00:00+00:00
[2023-08-23T21:42:39.066-0400] {logging_mixin.py:151} INFO - [2023-08-23T21:42:39.066-0400] {dag.py:3677} INFO - Setting next_dagrun for example_branch_datetime_operator_3 to 2023-08-23T00:00:00+00:00, run_after=2023-08-24T00:00:00+00:00
[2023-08-23T21:42:39.073-0400] {processor.py:179} INFO - Processing /Users/mauri/Desktop/repositorio/apache-airflow-tutorial/env/lib/python3.11/site-packages/airflow/example_dags/example_branch_datetime_operator.py took 0.097 seconds
[2023-08-23T21:43:49.242-0400] {processor.py:157} INFO - Started process (PID=8998) to work on /Users/mauri/Desktop/repositorio/apache-airflow-tutorial/env/lib/python3.11/site-packages/airflow/example_dags/example_branch_datetime_operator.py
[2023-08-23T21:43:49.243-0400] {processor.py:829} INFO - Processing file /Users/mauri/Desktop/repositorio/apache-airflow-tutorial/env/lib/python3.11/site-packages/airflow/example_dags/example_branch_datetime_operator.py for tasks to queue
[2023-08-23T21:43:49.244-0400] {logging_mixin.py:151} INFO - [2023-08-23T21:43:49.244-0400] {dagbag.py:539} INFO - Filling up the DagBag from /Users/mauri/Desktop/repositorio/apache-airflow-tutorial/env/lib/python3.11/site-packages/airflow/example_dags/example_branch_datetime_operator.py
[2023-08-23T21:43:49.251-0400] {processor.py:839} INFO - DAG(s) dict_keys(['example_branch_datetime_operator', 'example_branch_datetime_operator_3', 'example_branch_datetime_operator_2']) retrieved from /Users/mauri/Desktop/repositorio/apache-airflow-tutorial/env/lib/python3.11/site-packages/airflow/example_dags/example_branch_datetime_operator.py
[2023-08-23T21:43:49.322-0400] {logging_mixin.py:151} INFO - [2023-08-23T21:43:49.322-0400] {dag.py:2907} INFO - Sync 3 DAGs
[2023-08-23T21:43:49.327-0400] {logging_mixin.py:151} INFO - [2023-08-23T21:43:49.327-0400] {dag.py:3677} INFO - Setting next_dagrun for example_branch_datetime_operator to 2023-08-23T00:00:00+00:00, run_after=2023-08-24T00:00:00+00:00
[2023-08-23T21:43:49.329-0400] {logging_mixin.py:151} INFO - [2023-08-23T21:43:49.329-0400] {dag.py:3677} INFO - Setting next_dagrun for example_branch_datetime_operator_2 to 2023-08-23T00:00:00+00:00, run_after=2023-08-24T00:00:00+00:00
[2023-08-23T21:43:49.329-0400] {logging_mixin.py:151} INFO - [2023-08-23T21:43:49.329-0400] {dag.py:3677} INFO - Setting next_dagrun for example_branch_datetime_operator_3 to 2023-08-23T00:00:00+00:00, run_after=2023-08-24T00:00:00+00:00
[2023-08-23T21:43:49.336-0400] {processor.py:179} INFO - Processing /Users/mauri/Desktop/repositorio/apache-airflow-tutorial/env/lib/python3.11/site-packages/airflow/example_dags/example_branch_datetime_operator.py took 0.094 seconds
[2023-08-23T21:45:01.844-0400] {processor.py:157} INFO - Started process (PID=9073) to work on /Users/mauri/Desktop/repositorio/apache-airflow-tutorial/env/lib/python3.11/site-packages/airflow/example_dags/example_branch_datetime_operator.py
[2023-08-23T21:45:01.846-0400] {processor.py:829} INFO - Processing file /Users/mauri/Desktop/repositorio/apache-airflow-tutorial/env/lib/python3.11/site-packages/airflow/example_dags/example_branch_datetime_operator.py for tasks to queue
[2023-08-23T21:45:01.846-0400] {logging_mixin.py:151} INFO - [2023-08-23T21:45:01.846-0400] {dagbag.py:539} INFO - Filling up the DagBag from /Users/mauri/Desktop/repositorio/apache-airflow-tutorial/env/lib/python3.11/site-packages/airflow/example_dags/example_branch_datetime_operator.py
[2023-08-23T21:45:01.854-0400] {processor.py:839} INFO - DAG(s) dict_keys(['example_branch_datetime_operator', 'example_branch_datetime_operator_2', 'example_branch_datetime_operator_3']) retrieved from /Users/mauri/Desktop/repositorio/apache-airflow-tutorial/env/lib/python3.11/site-packages/airflow/example_dags/example_branch_datetime_operator.py
[2023-08-23T21:45:01.930-0400] {logging_mixin.py:151} INFO - [2023-08-23T21:45:01.930-0400] {dag.py:2907} INFO - Sync 3 DAGs
[2023-08-23T21:45:01.936-0400] {logging_mixin.py:151} INFO - [2023-08-23T21:45:01.936-0400] {dag.py:3677} INFO - Setting next_dagrun for example_branch_datetime_operator to 2023-08-23T00:00:00+00:00, run_after=2023-08-24T00:00:00+00:00
[2023-08-23T21:45:01.937-0400] {logging_mixin.py:151} INFO - [2023-08-23T21:45:01.937-0400] {dag.py:3677} INFO - Setting next_dagrun for example_branch_datetime_operator_2 to 2023-08-23T00:00:00+00:00, run_after=2023-08-24T00:00:00+00:00
[2023-08-23T21:45:01.938-0400] {logging_mixin.py:151} INFO - [2023-08-23T21:45:01.938-0400] {dag.py:3677} INFO - Setting next_dagrun for example_branch_datetime_operator_3 to 2023-08-23T00:00:00+00:00, run_after=2023-08-24T00:00:00+00:00
[2023-08-23T21:45:01.944-0400] {processor.py:179} INFO - Processing /Users/mauri/Desktop/repositorio/apache-airflow-tutorial/env/lib/python3.11/site-packages/airflow/example_dags/example_branch_datetime_operator.py took 0.100 seconds
[2023-08-23T21:46:14.934-0400] {processor.py:157} INFO - Started process (PID=9195) to work on /Users/mauri/Desktop/repositorio/apache-airflow-tutorial/env/lib/python3.11/site-packages/airflow/example_dags/example_branch_datetime_operator.py
[2023-08-23T21:46:14.935-0400] {processor.py:829} INFO - Processing file /Users/mauri/Desktop/repositorio/apache-airflow-tutorial/env/lib/python3.11/site-packages/airflow/example_dags/example_branch_datetime_operator.py for tasks to queue
[2023-08-23T21:46:14.935-0400] {logging_mixin.py:151} INFO - [2023-08-23T21:46:14.935-0400] {dagbag.py:539} INFO - Filling up the DagBag from /Users/mauri/Desktop/repositorio/apache-airflow-tutorial/env/lib/python3.11/site-packages/airflow/example_dags/example_branch_datetime_operator.py
[2023-08-23T21:46:14.943-0400] {processor.py:839} INFO - DAG(s) dict_keys(['example_branch_datetime_operator_2', 'example_branch_datetime_operator', 'example_branch_datetime_operator_3']) retrieved from /Users/mauri/Desktop/repositorio/apache-airflow-tutorial/env/lib/python3.11/site-packages/airflow/example_dags/example_branch_datetime_operator.py
[2023-08-23T21:46:15.014-0400] {logging_mixin.py:151} INFO - [2023-08-23T21:46:15.013-0400] {dag.py:2907} INFO - Sync 3 DAGs
[2023-08-23T21:46:15.019-0400] {logging_mixin.py:151} INFO - [2023-08-23T21:46:15.019-0400] {dag.py:3677} INFO - Setting next_dagrun for example_branch_datetime_operator to 2023-08-23T00:00:00+00:00, run_after=2023-08-24T00:00:00+00:00
[2023-08-23T21:46:15.021-0400] {logging_mixin.py:151} INFO - [2023-08-23T21:46:15.021-0400] {dag.py:3677} INFO - Setting next_dagrun for example_branch_datetime_operator_2 to 2023-08-23T00:00:00+00:00, run_after=2023-08-24T00:00:00+00:00
[2023-08-23T21:46:15.021-0400] {logging_mixin.py:151} INFO - [2023-08-23T21:46:15.021-0400] {dag.py:3677} INFO - Setting next_dagrun for example_branch_datetime_operator_3 to 2023-08-23T00:00:00+00:00, run_after=2023-08-24T00:00:00+00:00
[2023-08-23T21:46:15.027-0400] {processor.py:179} INFO - Processing /Users/mauri/Desktop/repositorio/apache-airflow-tutorial/env/lib/python3.11/site-packages/airflow/example_dags/example_branch_datetime_operator.py took 0.094 seconds
[2023-08-23T21:47:23.839-0400] {processor.py:157} INFO - Started process (PID=9317) to work on /Users/mauri/Desktop/repositorio/apache-airflow-tutorial/env/lib/python3.11/site-packages/airflow/example_dags/example_branch_datetime_operator.py
[2023-08-23T21:47:23.840-0400] {processor.py:829} INFO - Processing file /Users/mauri/Desktop/repositorio/apache-airflow-tutorial/env/lib/python3.11/site-packages/airflow/example_dags/example_branch_datetime_operator.py for tasks to queue
[2023-08-23T21:47:23.840-0400] {logging_mixin.py:151} INFO - [2023-08-23T21:47:23.840-0400] {dagbag.py:539} INFO - Filling up the DagBag from /Users/mauri/Desktop/repositorio/apache-airflow-tutorial/env/lib/python3.11/site-packages/airflow/example_dags/example_branch_datetime_operator.py
[2023-08-23T21:47:23.848-0400] {processor.py:839} INFO - DAG(s) dict_keys(['example_branch_datetime_operator', 'example_branch_datetime_operator_2', 'example_branch_datetime_operator_3']) retrieved from /Users/mauri/Desktop/repositorio/apache-airflow-tutorial/env/lib/python3.11/site-packages/airflow/example_dags/example_branch_datetime_operator.py
[2023-08-23T21:47:23.918-0400] {logging_mixin.py:151} INFO - [2023-08-23T21:47:23.918-0400] {dag.py:2907} INFO - Sync 3 DAGs
[2023-08-23T21:47:23.924-0400] {logging_mixin.py:151} INFO - [2023-08-23T21:47:23.924-0400] {dag.py:3677} INFO - Setting next_dagrun for example_branch_datetime_operator to 2023-08-23T00:00:00+00:00, run_after=2023-08-24T00:00:00+00:00
[2023-08-23T21:47:23.925-0400] {logging_mixin.py:151} INFO - [2023-08-23T21:47:23.925-0400] {dag.py:3677} INFO - Setting next_dagrun for example_branch_datetime_operator_2 to 2023-08-23T00:00:00+00:00, run_after=2023-08-24T00:00:00+00:00
[2023-08-23T21:47:23.926-0400] {logging_mixin.py:151} INFO - [2023-08-23T21:47:23.926-0400] {dag.py:3677} INFO - Setting next_dagrun for example_branch_datetime_operator_3 to 2023-08-23T00:00:00+00:00, run_after=2023-08-24T00:00:00+00:00
[2023-08-23T21:47:23.932-0400] {processor.py:179} INFO - Processing /Users/mauri/Desktop/repositorio/apache-airflow-tutorial/env/lib/python3.11/site-packages/airflow/example_dags/example_branch_datetime_operator.py took 0.094 seconds
[2023-08-23T21:48:37.010-0400] {processor.py:157} INFO - Started process (PID=9427) to work on /Users/mauri/Desktop/repositorio/apache-airflow-tutorial/env/lib/python3.11/site-packages/airflow/example_dags/example_branch_datetime_operator.py
[2023-08-23T21:48:37.011-0400] {processor.py:829} INFO - Processing file /Users/mauri/Desktop/repositorio/apache-airflow-tutorial/env/lib/python3.11/site-packages/airflow/example_dags/example_branch_datetime_operator.py for tasks to queue
[2023-08-23T21:48:37.011-0400] {logging_mixin.py:151} INFO - [2023-08-23T21:48:37.011-0400] {dagbag.py:539} INFO - Filling up the DagBag from /Users/mauri/Desktop/repositorio/apache-airflow-tutorial/env/lib/python3.11/site-packages/airflow/example_dags/example_branch_datetime_operator.py
[2023-08-23T21:48:37.019-0400] {processor.py:839} INFO - DAG(s) dict_keys(['example_branch_datetime_operator', 'example_branch_datetime_operator_2', 'example_branch_datetime_operator_3']) retrieved from /Users/mauri/Desktop/repositorio/apache-airflow-tutorial/env/lib/python3.11/site-packages/airflow/example_dags/example_branch_datetime_operator.py
[2023-08-23T21:48:37.091-0400] {logging_mixin.py:151} INFO - [2023-08-23T21:48:37.090-0400] {dag.py:2907} INFO - Sync 3 DAGs
[2023-08-23T21:48:37.096-0400] {logging_mixin.py:151} INFO - [2023-08-23T21:48:37.096-0400] {dag.py:3677} INFO - Setting next_dagrun for example_branch_datetime_operator to 2023-08-23T00:00:00+00:00, run_after=2023-08-24T00:00:00+00:00
[2023-08-23T21:48:37.098-0400] {logging_mixin.py:151} INFO - [2023-08-23T21:48:37.098-0400] {dag.py:3677} INFO - Setting next_dagrun for example_branch_datetime_operator_2 to 2023-08-23T00:00:00+00:00, run_after=2023-08-24T00:00:00+00:00
[2023-08-23T21:48:37.098-0400] {logging_mixin.py:151} INFO - [2023-08-23T21:48:37.098-0400] {dag.py:3677} INFO - Setting next_dagrun for example_branch_datetime_operator_3 to 2023-08-23T00:00:00+00:00, run_after=2023-08-24T00:00:00+00:00
[2023-08-23T21:48:37.104-0400] {processor.py:179} INFO - Processing /Users/mauri/Desktop/repositorio/apache-airflow-tutorial/env/lib/python3.11/site-packages/airflow/example_dags/example_branch_datetime_operator.py took 0.095 seconds
[2023-08-23T21:49:50.078-0400] {processor.py:157} INFO - Started process (PID=9495) to work on /Users/mauri/Desktop/repositorio/apache-airflow-tutorial/env/lib/python3.11/site-packages/airflow/example_dags/example_branch_datetime_operator.py
[2023-08-23T21:49:50.079-0400] {processor.py:829} INFO - Processing file /Users/mauri/Desktop/repositorio/apache-airflow-tutorial/env/lib/python3.11/site-packages/airflow/example_dags/example_branch_datetime_operator.py for tasks to queue
[2023-08-23T21:49:50.079-0400] {logging_mixin.py:151} INFO - [2023-08-23T21:49:50.079-0400] {dagbag.py:539} INFO - Filling up the DagBag from /Users/mauri/Desktop/repositorio/apache-airflow-tutorial/env/lib/python3.11/site-packages/airflow/example_dags/example_branch_datetime_operator.py
[2023-08-23T21:49:50.087-0400] {processor.py:839} INFO - DAG(s) dict_keys(['example_branch_datetime_operator_2', 'example_branch_datetime_operator', 'example_branch_datetime_operator_3']) retrieved from /Users/mauri/Desktop/repositorio/apache-airflow-tutorial/env/lib/python3.11/site-packages/airflow/example_dags/example_branch_datetime_operator.py
[2023-08-23T21:49:50.164-0400] {logging_mixin.py:151} INFO - [2023-08-23T21:49:50.164-0400] {dag.py:2907} INFO - Sync 3 DAGs
[2023-08-23T21:49:50.170-0400] {logging_mixin.py:151} INFO - [2023-08-23T21:49:50.170-0400] {dag.py:3677} INFO - Setting next_dagrun for example_branch_datetime_operator to 2023-08-23T00:00:00+00:00, run_after=2023-08-24T00:00:00+00:00
[2023-08-23T21:49:50.172-0400] {logging_mixin.py:151} INFO - [2023-08-23T21:49:50.172-0400] {dag.py:3677} INFO - Setting next_dagrun for example_branch_datetime_operator_2 to 2023-08-23T00:00:00+00:00, run_after=2023-08-24T00:00:00+00:00
[2023-08-23T21:49:50.172-0400] {logging_mixin.py:151} INFO - [2023-08-23T21:49:50.172-0400] {dag.py:3677} INFO - Setting next_dagrun for example_branch_datetime_operator_3 to 2023-08-23T00:00:00+00:00, run_after=2023-08-24T00:00:00+00:00
[2023-08-23T21:49:50.179-0400] {processor.py:179} INFO - Processing /Users/mauri/Desktop/repositorio/apache-airflow-tutorial/env/lib/python3.11/site-packages/airflow/example_dags/example_branch_datetime_operator.py took 0.101 seconds
[2023-08-23T21:51:06.299-0400] {processor.py:157} INFO - Started process (PID=9571) to work on /Users/mauri/Desktop/repositorio/apache-airflow-tutorial/env/lib/python3.11/site-packages/airflow/example_dags/example_branch_datetime_operator.py
[2023-08-23T21:51:06.301-0400] {processor.py:829} INFO - Processing file /Users/mauri/Desktop/repositorio/apache-airflow-tutorial/env/lib/python3.11/site-packages/airflow/example_dags/example_branch_datetime_operator.py for tasks to queue
[2023-08-23T21:51:06.302-0400] {logging_mixin.py:151} INFO - [2023-08-23T21:51:06.302-0400] {dagbag.py:539} INFO - Filling up the DagBag from /Users/mauri/Desktop/repositorio/apache-airflow-tutorial/env/lib/python3.11/site-packages/airflow/example_dags/example_branch_datetime_operator.py
[2023-08-23T21:51:06.309-0400] {processor.py:839} INFO - DAG(s) dict_keys(['example_branch_datetime_operator_2', 'example_branch_datetime_operator_3', 'example_branch_datetime_operator']) retrieved from /Users/mauri/Desktop/repositorio/apache-airflow-tutorial/env/lib/python3.11/site-packages/airflow/example_dags/example_branch_datetime_operator.py
[2023-08-23T21:51:06.381-0400] {logging_mixin.py:151} INFO - [2023-08-23T21:51:06.380-0400] {dag.py:2907} INFO - Sync 3 DAGs
[2023-08-23T21:51:06.386-0400] {logging_mixin.py:151} INFO - [2023-08-23T21:51:06.386-0400] {dag.py:3677} INFO - Setting next_dagrun for example_branch_datetime_operator to 2023-08-23T00:00:00+00:00, run_after=2023-08-24T00:00:00+00:00
[2023-08-23T21:51:06.388-0400] {logging_mixin.py:151} INFO - [2023-08-23T21:51:06.388-0400] {dag.py:3677} INFO - Setting next_dagrun for example_branch_datetime_operator_2 to 2023-08-23T00:00:00+00:00, run_after=2023-08-24T00:00:00+00:00
[2023-08-23T21:51:06.388-0400] {logging_mixin.py:151} INFO - [2023-08-23T21:51:06.388-0400] {dag.py:3677} INFO - Setting next_dagrun for example_branch_datetime_operator_3 to 2023-08-23T00:00:00+00:00, run_after=2023-08-24T00:00:00+00:00
[2023-08-23T21:51:06.394-0400] {processor.py:179} INFO - Processing /Users/mauri/Desktop/repositorio/apache-airflow-tutorial/env/lib/python3.11/site-packages/airflow/example_dags/example_branch_datetime_operator.py took 0.096 seconds
[2023-08-23T21:52:18.896-0400] {processor.py:157} INFO - Started process (PID=9662) to work on /Users/mauri/Desktop/repositorio/apache-airflow-tutorial/env/lib/python3.11/site-packages/airflow/example_dags/example_branch_datetime_operator.py
[2023-08-23T21:52:18.898-0400] {processor.py:829} INFO - Processing file /Users/mauri/Desktop/repositorio/apache-airflow-tutorial/env/lib/python3.11/site-packages/airflow/example_dags/example_branch_datetime_operator.py for tasks to queue
[2023-08-23T21:52:18.898-0400] {logging_mixin.py:151} INFO - [2023-08-23T21:52:18.898-0400] {dagbag.py:539} INFO - Filling up the DagBag from /Users/mauri/Desktop/repositorio/apache-airflow-tutorial/env/lib/python3.11/site-packages/airflow/example_dags/example_branch_datetime_operator.py
[2023-08-23T21:52:18.905-0400] {processor.py:839} INFO - DAG(s) dict_keys(['example_branch_datetime_operator', 'example_branch_datetime_operator_2', 'example_branch_datetime_operator_3']) retrieved from /Users/mauri/Desktop/repositorio/apache-airflow-tutorial/env/lib/python3.11/site-packages/airflow/example_dags/example_branch_datetime_operator.py
[2023-08-23T21:52:18.976-0400] {logging_mixin.py:151} INFO - [2023-08-23T21:52:18.976-0400] {dag.py:2907} INFO - Sync 3 DAGs
[2023-08-23T21:52:18.982-0400] {logging_mixin.py:151} INFO - [2023-08-23T21:52:18.982-0400] {dag.py:3677} INFO - Setting next_dagrun for example_branch_datetime_operator to 2023-08-23T00:00:00+00:00, run_after=2023-08-24T00:00:00+00:00
[2023-08-23T21:52:18.983-0400] {logging_mixin.py:151} INFO - [2023-08-23T21:52:18.983-0400] {dag.py:3677} INFO - Setting next_dagrun for example_branch_datetime_operator_2 to 2023-08-23T00:00:00+00:00, run_after=2023-08-24T00:00:00+00:00
[2023-08-23T21:52:18.984-0400] {logging_mixin.py:151} INFO - [2023-08-23T21:52:18.984-0400] {dag.py:3677} INFO - Setting next_dagrun for example_branch_datetime_operator_3 to 2023-08-23T00:00:00+00:00, run_after=2023-08-24T00:00:00+00:00
[2023-08-23T21:52:18.990-0400] {processor.py:179} INFO - Processing /Users/mauri/Desktop/repositorio/apache-airflow-tutorial/env/lib/python3.11/site-packages/airflow/example_dags/example_branch_datetime_operator.py took 0.094 seconds
[2023-08-23T21:53:28.716-0400] {processor.py:157} INFO - Started process (PID=9726) to work on /Users/mauri/Desktop/repositorio/apache-airflow-tutorial/env/lib/python3.11/site-packages/airflow/example_dags/example_branch_datetime_operator.py
[2023-08-23T21:53:28.717-0400] {processor.py:829} INFO - Processing file /Users/mauri/Desktop/repositorio/apache-airflow-tutorial/env/lib/python3.11/site-packages/airflow/example_dags/example_branch_datetime_operator.py for tasks to queue
[2023-08-23T21:53:28.717-0400] {logging_mixin.py:151} INFO - [2023-08-23T21:53:28.717-0400] {dagbag.py:539} INFO - Filling up the DagBag from /Users/mauri/Desktop/repositorio/apache-airflow-tutorial/env/lib/python3.11/site-packages/airflow/example_dags/example_branch_datetime_operator.py
[2023-08-23T21:53:28.725-0400] {processor.py:839} INFO - DAG(s) dict_keys(['example_branch_datetime_operator_3', 'example_branch_datetime_operator', 'example_branch_datetime_operator_2']) retrieved from /Users/mauri/Desktop/repositorio/apache-airflow-tutorial/env/lib/python3.11/site-packages/airflow/example_dags/example_branch_datetime_operator.py
[2023-08-23T21:53:28.796-0400] {logging_mixin.py:151} INFO - [2023-08-23T21:53:28.795-0400] {dag.py:2907} INFO - Sync 3 DAGs
[2023-08-23T21:53:28.801-0400] {logging_mixin.py:151} INFO - [2023-08-23T21:53:28.801-0400] {dag.py:3677} INFO - Setting next_dagrun for example_branch_datetime_operator to 2023-08-23T00:00:00+00:00, run_after=2023-08-24T00:00:00+00:00
[2023-08-23T21:53:28.803-0400] {logging_mixin.py:151} INFO - [2023-08-23T21:53:28.803-0400] {dag.py:3677} INFO - Setting next_dagrun for example_branch_datetime_operator_2 to 2023-08-23T00:00:00+00:00, run_after=2023-08-24T00:00:00+00:00
[2023-08-23T21:53:28.803-0400] {logging_mixin.py:151} INFO - [2023-08-23T21:53:28.803-0400] {dag.py:3677} INFO - Setting next_dagrun for example_branch_datetime_operator_3 to 2023-08-23T00:00:00+00:00, run_after=2023-08-24T00:00:00+00:00
[2023-08-23T21:53:28.809-0400] {processor.py:179} INFO - Processing /Users/mauri/Desktop/repositorio/apache-airflow-tutorial/env/lib/python3.11/site-packages/airflow/example_dags/example_branch_datetime_operator.py took 0.094 seconds
[2023-08-23T21:54:40.912-0400] {processor.py:157} INFO - Started process (PID=9789) to work on /Users/mauri/Desktop/repositorio/apache-airflow-tutorial/env/lib/python3.11/site-packages/airflow/example_dags/example_branch_datetime_operator.py
[2023-08-23T21:54:40.914-0400] {processor.py:829} INFO - Processing file /Users/mauri/Desktop/repositorio/apache-airflow-tutorial/env/lib/python3.11/site-packages/airflow/example_dags/example_branch_datetime_operator.py for tasks to queue
[2023-08-23T21:54:40.914-0400] {logging_mixin.py:151} INFO - [2023-08-23T21:54:40.914-0400] {dagbag.py:539} INFO - Filling up the DagBag from /Users/mauri/Desktop/repositorio/apache-airflow-tutorial/env/lib/python3.11/site-packages/airflow/example_dags/example_branch_datetime_operator.py
[2023-08-23T21:54:40.922-0400] {processor.py:839} INFO - DAG(s) dict_keys(['example_branch_datetime_operator_3', 'example_branch_datetime_operator', 'example_branch_datetime_operator_2']) retrieved from /Users/mauri/Desktop/repositorio/apache-airflow-tutorial/env/lib/python3.11/site-packages/airflow/example_dags/example_branch_datetime_operator.py
[2023-08-23T21:54:40.997-0400] {logging_mixin.py:151} INFO - [2023-08-23T21:54:40.997-0400] {dag.py:2907} INFO - Sync 3 DAGs
[2023-08-23T21:54:41.003-0400] {logging_mixin.py:151} INFO - [2023-08-23T21:54:41.003-0400] {dag.py:3677} INFO - Setting next_dagrun for example_branch_datetime_operator to 2023-08-23T00:00:00+00:00, run_after=2023-08-24T00:00:00+00:00
[2023-08-23T21:54:41.005-0400] {logging_mixin.py:151} INFO - [2023-08-23T21:54:41.005-0400] {dag.py:3677} INFO - Setting next_dagrun for example_branch_datetime_operator_2 to 2023-08-23T00:00:00+00:00, run_after=2023-08-24T00:00:00+00:00
[2023-08-23T21:54:41.005-0400] {logging_mixin.py:151} INFO - [2023-08-23T21:54:41.005-0400] {dag.py:3677} INFO - Setting next_dagrun for example_branch_datetime_operator_3 to 2023-08-23T00:00:00+00:00, run_after=2023-08-24T00:00:00+00:00
[2023-08-23T21:54:41.012-0400] {processor.py:179} INFO - Processing /Users/mauri/Desktop/repositorio/apache-airflow-tutorial/env/lib/python3.11/site-packages/airflow/example_dags/example_branch_datetime_operator.py took 0.100 seconds
[2023-08-23T21:55:53.320-0400] {processor.py:157} INFO - Started process (PID=9859) to work on /Users/mauri/Desktop/repositorio/apache-airflow-tutorial/env/lib/python3.11/site-packages/airflow/example_dags/example_branch_datetime_operator.py
[2023-08-23T21:55:53.322-0400] {processor.py:829} INFO - Processing file /Users/mauri/Desktop/repositorio/apache-airflow-tutorial/env/lib/python3.11/site-packages/airflow/example_dags/example_branch_datetime_operator.py for tasks to queue
[2023-08-23T21:55:53.322-0400] {logging_mixin.py:151} INFO - [2023-08-23T21:55:53.322-0400] {dagbag.py:539} INFO - Filling up the DagBag from /Users/mauri/Desktop/repositorio/apache-airflow-tutorial/env/lib/python3.11/site-packages/airflow/example_dags/example_branch_datetime_operator.py
[2023-08-23T21:55:53.330-0400] {processor.py:839} INFO - DAG(s) dict_keys(['example_branch_datetime_operator_2', 'example_branch_datetime_operator', 'example_branch_datetime_operator_3']) retrieved from /Users/mauri/Desktop/repositorio/apache-airflow-tutorial/env/lib/python3.11/site-packages/airflow/example_dags/example_branch_datetime_operator.py
[2023-08-23T21:55:53.402-0400] {logging_mixin.py:151} INFO - [2023-08-23T21:55:53.402-0400] {dag.py:2907} INFO - Sync 3 DAGs
[2023-08-23T21:55:53.408-0400] {logging_mixin.py:151} INFO - [2023-08-23T21:55:53.408-0400] {dag.py:3677} INFO - Setting next_dagrun for example_branch_datetime_operator to 2023-08-23T00:00:00+00:00, run_after=2023-08-24T00:00:00+00:00
[2023-08-23T21:55:53.409-0400] {logging_mixin.py:151} INFO - [2023-08-23T21:55:53.409-0400] {dag.py:3677} INFO - Setting next_dagrun for example_branch_datetime_operator_2 to 2023-08-23T00:00:00+00:00, run_after=2023-08-24T00:00:00+00:00
[2023-08-23T21:55:53.410-0400] {logging_mixin.py:151} INFO - [2023-08-23T21:55:53.410-0400] {dag.py:3677} INFO - Setting next_dagrun for example_branch_datetime_operator_3 to 2023-08-23T00:00:00+00:00, run_after=2023-08-24T00:00:00+00:00
[2023-08-23T21:55:53.417-0400] {processor.py:179} INFO - Processing /Users/mauri/Desktop/repositorio/apache-airflow-tutorial/env/lib/python3.11/site-packages/airflow/example_dags/example_branch_datetime_operator.py took 0.097 seconds
[2023-08-23T21:57:07.078-0400] {processor.py:157} INFO - Started process (PID=9928) to work on /Users/mauri/Desktop/repositorio/apache-airflow-tutorial/env/lib/python3.11/site-packages/airflow/example_dags/example_branch_datetime_operator.py
[2023-08-23T21:57:07.079-0400] {processor.py:829} INFO - Processing file /Users/mauri/Desktop/repositorio/apache-airflow-tutorial/env/lib/python3.11/site-packages/airflow/example_dags/example_branch_datetime_operator.py for tasks to queue
[2023-08-23T21:57:07.079-0400] {logging_mixin.py:151} INFO - [2023-08-23T21:57:07.079-0400] {dagbag.py:539} INFO - Filling up the DagBag from /Users/mauri/Desktop/repositorio/apache-airflow-tutorial/env/lib/python3.11/site-packages/airflow/example_dags/example_branch_datetime_operator.py
[2023-08-23T21:57:07.087-0400] {processor.py:839} INFO - DAG(s) dict_keys(['example_branch_datetime_operator_2', 'example_branch_datetime_operator', 'example_branch_datetime_operator_3']) retrieved from /Users/mauri/Desktop/repositorio/apache-airflow-tutorial/env/lib/python3.11/site-packages/airflow/example_dags/example_branch_datetime_operator.py
[2023-08-23T21:57:07.157-0400] {logging_mixin.py:151} INFO - [2023-08-23T21:57:07.157-0400] {dag.py:2907} INFO - Sync 3 DAGs
[2023-08-23T21:57:07.163-0400] {logging_mixin.py:151} INFO - [2023-08-23T21:57:07.163-0400] {dag.py:3677} INFO - Setting next_dagrun for example_branch_datetime_operator to 2023-08-23T00:00:00+00:00, run_after=2023-08-24T00:00:00+00:00
[2023-08-23T21:57:07.164-0400] {logging_mixin.py:151} INFO - [2023-08-23T21:57:07.164-0400] {dag.py:3677} INFO - Setting next_dagrun for example_branch_datetime_operator_2 to 2023-08-23T00:00:00+00:00, run_after=2023-08-24T00:00:00+00:00
[2023-08-23T21:57:07.165-0400] {logging_mixin.py:151} INFO - [2023-08-23T21:57:07.165-0400] {dag.py:3677} INFO - Setting next_dagrun for example_branch_datetime_operator_3 to 2023-08-23T00:00:00+00:00, run_after=2023-08-24T00:00:00+00:00
[2023-08-23T21:57:07.171-0400] {processor.py:179} INFO - Processing /Users/mauri/Desktop/repositorio/apache-airflow-tutorial/env/lib/python3.11/site-packages/airflow/example_dags/example_branch_datetime_operator.py took 0.093 seconds
[2023-08-23T21:58:23.672-0400] {processor.py:157} INFO - Started process (PID=9993) to work on /Users/mauri/Desktop/repositorio/apache-airflow-tutorial/env/lib/python3.11/site-packages/airflow/example_dags/example_branch_datetime_operator.py
[2023-08-23T21:58:23.673-0400] {processor.py:829} INFO - Processing file /Users/mauri/Desktop/repositorio/apache-airflow-tutorial/env/lib/python3.11/site-packages/airflow/example_dags/example_branch_datetime_operator.py for tasks to queue
[2023-08-23T21:58:23.673-0400] {logging_mixin.py:151} INFO - [2023-08-23T21:58:23.673-0400] {dagbag.py:539} INFO - Filling up the DagBag from /Users/mauri/Desktop/repositorio/apache-airflow-tutorial/env/lib/python3.11/site-packages/airflow/example_dags/example_branch_datetime_operator.py
[2023-08-23T21:58:23.681-0400] {processor.py:839} INFO - DAG(s) dict_keys(['example_branch_datetime_operator', 'example_branch_datetime_operator_2', 'example_branch_datetime_operator_3']) retrieved from /Users/mauri/Desktop/repositorio/apache-airflow-tutorial/env/lib/python3.11/site-packages/airflow/example_dags/example_branch_datetime_operator.py
[2023-08-23T21:58:23.753-0400] {logging_mixin.py:151} INFO - [2023-08-23T21:58:23.753-0400] {dag.py:2907} INFO - Sync 3 DAGs
[2023-08-23T21:58:23.759-0400] {logging_mixin.py:151} INFO - [2023-08-23T21:58:23.759-0400] {dag.py:3677} INFO - Setting next_dagrun for example_branch_datetime_operator to 2023-08-23T00:00:00+00:00, run_after=2023-08-24T00:00:00+00:00
[2023-08-23T21:58:23.760-0400] {logging_mixin.py:151} INFO - [2023-08-23T21:58:23.760-0400] {dag.py:3677} INFO - Setting next_dagrun for example_branch_datetime_operator_2 to 2023-08-23T00:00:00+00:00, run_after=2023-08-24T00:00:00+00:00
[2023-08-23T21:58:23.761-0400] {logging_mixin.py:151} INFO - [2023-08-23T21:58:23.761-0400] {dag.py:3677} INFO - Setting next_dagrun for example_branch_datetime_operator_3 to 2023-08-23T00:00:00+00:00, run_after=2023-08-24T00:00:00+00:00
[2023-08-23T21:58:23.767-0400] {processor.py:179} INFO - Processing /Users/mauri/Desktop/repositorio/apache-airflow-tutorial/env/lib/python3.11/site-packages/airflow/example_dags/example_branch_datetime_operator.py took 0.095 seconds
[2023-08-23T21:59:38.589-0400] {processor.py:157} INFO - Started process (PID=10061) to work on /Users/mauri/Desktop/repositorio/apache-airflow-tutorial/env/lib/python3.11/site-packages/airflow/example_dags/example_branch_datetime_operator.py
[2023-08-23T21:59:38.590-0400] {processor.py:829} INFO - Processing file /Users/mauri/Desktop/repositorio/apache-airflow-tutorial/env/lib/python3.11/site-packages/airflow/example_dags/example_branch_datetime_operator.py for tasks to queue
[2023-08-23T21:59:38.590-0400] {logging_mixin.py:151} INFO - [2023-08-23T21:59:38.590-0400] {dagbag.py:539} INFO - Filling up the DagBag from /Users/mauri/Desktop/repositorio/apache-airflow-tutorial/env/lib/python3.11/site-packages/airflow/example_dags/example_branch_datetime_operator.py
[2023-08-23T21:59:38.598-0400] {processor.py:839} INFO - DAG(s) dict_keys(['example_branch_datetime_operator', 'example_branch_datetime_operator_2', 'example_branch_datetime_operator_3']) retrieved from /Users/mauri/Desktop/repositorio/apache-airflow-tutorial/env/lib/python3.11/site-packages/airflow/example_dags/example_branch_datetime_operator.py
[2023-08-23T21:59:38.673-0400] {logging_mixin.py:151} INFO - [2023-08-23T21:59:38.673-0400] {dag.py:2907} INFO - Sync 3 DAGs
[2023-08-23T21:59:38.679-0400] {logging_mixin.py:151} INFO - [2023-08-23T21:59:38.679-0400] {dag.py:3677} INFO - Setting next_dagrun for example_branch_datetime_operator to 2023-08-23T00:00:00+00:00, run_after=2023-08-24T00:00:00+00:00
[2023-08-23T21:59:38.681-0400] {logging_mixin.py:151} INFO - [2023-08-23T21:59:38.681-0400] {dag.py:3677} INFO - Setting next_dagrun for example_branch_datetime_operator_2 to 2023-08-23T00:00:00+00:00, run_after=2023-08-24T00:00:00+00:00
[2023-08-23T21:59:38.681-0400] {logging_mixin.py:151} INFO - [2023-08-23T21:59:38.681-0400] {dag.py:3677} INFO - Setting next_dagrun for example_branch_datetime_operator_3 to 2023-08-23T00:00:00+00:00, run_after=2023-08-24T00:00:00+00:00
[2023-08-23T21:59:38.687-0400] {processor.py:179} INFO - Processing /Users/mauri/Desktop/repositorio/apache-airflow-tutorial/env/lib/python3.11/site-packages/airflow/example_dags/example_branch_datetime_operator.py took 0.099 seconds
