[2023-08-23T21:34:20.787-0400] {processor.py:157} INFO - Started process (PID=8514) to work on /Users/mauri/Desktop/repositorio/apache-airflow-tutorial/env/lib/python3.11/site-packages/airflow/example_dags/example_skip_dag.py
[2023-08-23T21:34:20.788-0400] {processor.py:829} INFO - Processing file /Users/mauri/Desktop/repositorio/apache-airflow-tutorial/env/lib/python3.11/site-packages/airflow/example_dags/example_skip_dag.py for tasks to queue
[2023-08-23T21:34:20.789-0400] {logging_mixin.py:151} INFO - [2023-08-23T21:34:20.788-0400] {dagbag.py:539} INFO - Filling up the DagBag from /Users/mauri/Desktop/repositorio/apache-airflow-tutorial/env/lib/python3.11/site-packages/airflow/example_dags/example_skip_dag.py
[2023-08-23T21:34:20.795-0400] {processor.py:839} INFO - DAG(s) dict_keys(['example_skip_dag']) retrieved from /Users/mauri/Desktop/repositorio/apache-airflow-tutorial/env/lib/python3.11/site-packages/airflow/example_dags/example_skip_dag.py
[2023-08-23T21:34:21.114-0400] {logging_mixin.py:151} INFO - [2023-08-23T21:34:21.114-0400] {manager.py:501} INFO - Created Permission View: can delete on DAG:example_skip_dag
[2023-08-23T21:34:21.117-0400] {logging_mixin.py:151} INFO - [2023-08-23T21:34:21.117-0400] {manager.py:501} INFO - Created Permission View: can read on DAG:example_skip_dag
[2023-08-23T21:34:21.119-0400] {logging_mixin.py:151} INFO - [2023-08-23T21:34:21.119-0400] {manager.py:501} INFO - Created Permission View: can edit on DAG:example_skip_dag
[2023-08-23T21:34:21.122-0400] {logging_mixin.py:151} INFO - [2023-08-23T21:34:21.122-0400] {dag.py:2907} INFO - Sync 1 DAGs
[2023-08-23T21:34:21.126-0400] {logging_mixin.py:151} INFO - [2023-08-23T21:34:21.126-0400] {dag.py:2929} INFO - Creating ORM DAG for example_skip_dag
[2023-08-23T21:34:21.128-0400] {logging_mixin.py:151} INFO - [2023-08-23T21:34:21.128-0400] {dag.py:3677} INFO - Setting next_dagrun for example_skip_dag to 2023-08-23T01:34:21.128427+00:00, run_after=2023-08-24T01:34:21.128427+00:00
[2023-08-23T21:34:21.134-0400] {processor.py:179} INFO - Processing /Users/mauri/Desktop/repositorio/apache-airflow-tutorial/env/lib/python3.11/site-packages/airflow/example_dags/example_skip_dag.py took 0.347 seconds
[2023-08-23T21:35:37.909-0400] {processor.py:157} INFO - Started process (PID=8567) to work on /Users/mauri/Desktop/repositorio/apache-airflow-tutorial/env/lib/python3.11/site-packages/airflow/example_dags/example_skip_dag.py
[2023-08-23T21:35:37.911-0400] {processor.py:829} INFO - Processing file /Users/mauri/Desktop/repositorio/apache-airflow-tutorial/env/lib/python3.11/site-packages/airflow/example_dags/example_skip_dag.py for tasks to queue
[2023-08-23T21:35:37.912-0400] {logging_mixin.py:151} INFO - [2023-08-23T21:35:37.912-0400] {dagbag.py:539} INFO - Filling up the DagBag from /Users/mauri/Desktop/repositorio/apache-airflow-tutorial/env/lib/python3.11/site-packages/airflow/example_dags/example_skip_dag.py
[2023-08-23T21:35:37.918-0400] {processor.py:839} INFO - DAG(s) dict_keys(['example_skip_dag']) retrieved from /Users/mauri/Desktop/repositorio/apache-airflow-tutorial/env/lib/python3.11/site-packages/airflow/example_dags/example_skip_dag.py
[2023-08-23T21:35:37.993-0400] {logging_mixin.py:151} INFO - [2023-08-23T21:35:37.993-0400] {dag.py:2907} INFO - Sync 1 DAGs
[2023-08-23T21:35:37.999-0400] {logging_mixin.py:151} INFO - [2023-08-23T21:35:37.999-0400] {dag.py:3677} INFO - Setting next_dagrun for example_skip_dag to 2023-08-23T01:35:37.999127+00:00, run_after=2023-08-24T01:35:37.999127+00:00
[2023-08-23T21:35:38.006-0400] {processor.py:179} INFO - Processing /Users/mauri/Desktop/repositorio/apache-airflow-tutorial/env/lib/python3.11/site-packages/airflow/example_dags/example_skip_dag.py took 0.097 seconds
[2023-08-23T21:36:50.493-0400] {processor.py:157} INFO - Started process (PID=8637) to work on /Users/mauri/Desktop/repositorio/apache-airflow-tutorial/env/lib/python3.11/site-packages/airflow/example_dags/example_skip_dag.py
[2023-08-23T21:36:50.496-0400] {processor.py:829} INFO - Processing file /Users/mauri/Desktop/repositorio/apache-airflow-tutorial/env/lib/python3.11/site-packages/airflow/example_dags/example_skip_dag.py for tasks to queue
[2023-08-23T21:36:50.496-0400] {logging_mixin.py:151} INFO - [2023-08-23T21:36:50.496-0400] {dagbag.py:539} INFO - Filling up the DagBag from /Users/mauri/Desktop/repositorio/apache-airflow-tutorial/env/lib/python3.11/site-packages/airflow/example_dags/example_skip_dag.py
[2023-08-23T21:36:50.502-0400] {processor.py:839} INFO - DAG(s) dict_keys(['example_skip_dag']) retrieved from /Users/mauri/Desktop/repositorio/apache-airflow-tutorial/env/lib/python3.11/site-packages/airflow/example_dags/example_skip_dag.py
[2023-08-23T21:36:50.572-0400] {logging_mixin.py:151} INFO - [2023-08-23T21:36:50.572-0400] {dag.py:2907} INFO - Sync 1 DAGs
[2023-08-23T21:36:50.578-0400] {logging_mixin.py:151} INFO - [2023-08-23T21:36:50.577-0400] {dag.py:3677} INFO - Setting next_dagrun for example_skip_dag to 2023-08-23T01:36:50.577912+00:00, run_after=2023-08-24T01:36:50.577912+00:00
[2023-08-23T21:36:50.584-0400] {processor.py:179} INFO - Processing /Users/mauri/Desktop/repositorio/apache-airflow-tutorial/env/lib/python3.11/site-packages/airflow/example_dags/example_skip_dag.py took 0.091 seconds
[2023-08-23T21:38:05.285-0400] {processor.py:157} INFO - Started process (PID=8696) to work on /Users/mauri/Desktop/repositorio/apache-airflow-tutorial/env/lib/python3.11/site-packages/airflow/example_dags/example_skip_dag.py
[2023-08-23T21:38:05.287-0400] {processor.py:829} INFO - Processing file /Users/mauri/Desktop/repositorio/apache-airflow-tutorial/env/lib/python3.11/site-packages/airflow/example_dags/example_skip_dag.py for tasks to queue
[2023-08-23T21:38:05.287-0400] {logging_mixin.py:151} INFO - [2023-08-23T21:38:05.287-0400] {dagbag.py:539} INFO - Filling up the DagBag from /Users/mauri/Desktop/repositorio/apache-airflow-tutorial/env/lib/python3.11/site-packages/airflow/example_dags/example_skip_dag.py
[2023-08-23T21:38:05.294-0400] {processor.py:839} INFO - DAG(s) dict_keys(['example_skip_dag']) retrieved from /Users/mauri/Desktop/repositorio/apache-airflow-tutorial/env/lib/python3.11/site-packages/airflow/example_dags/example_skip_dag.py
[2023-08-23T21:38:05.363-0400] {logging_mixin.py:151} INFO - [2023-08-23T21:38:05.362-0400] {dag.py:2907} INFO - Sync 1 DAGs
[2023-08-23T21:38:05.368-0400] {logging_mixin.py:151} INFO - [2023-08-23T21:38:05.368-0400] {dag.py:3677} INFO - Setting next_dagrun for example_skip_dag to 2023-08-23T01:38:05.368541+00:00, run_after=2023-08-24T01:38:05.368541+00:00
[2023-08-23T21:38:05.375-0400] {processor.py:179} INFO - Processing /Users/mauri/Desktop/repositorio/apache-airflow-tutorial/env/lib/python3.11/site-packages/airflow/example_dags/example_skip_dag.py took 0.090 seconds
[2023-08-23T21:39:21.365-0400] {processor.py:157} INFO - Started process (PID=8772) to work on /Users/mauri/Desktop/repositorio/apache-airflow-tutorial/env/lib/python3.11/site-packages/airflow/example_dags/example_skip_dag.py
[2023-08-23T21:39:21.368-0400] {processor.py:829} INFO - Processing file /Users/mauri/Desktop/repositorio/apache-airflow-tutorial/env/lib/python3.11/site-packages/airflow/example_dags/example_skip_dag.py for tasks to queue
[2023-08-23T21:39:21.368-0400] {logging_mixin.py:151} INFO - [2023-08-23T21:39:21.368-0400] {dagbag.py:539} INFO - Filling up the DagBag from /Users/mauri/Desktop/repositorio/apache-airflow-tutorial/env/lib/python3.11/site-packages/airflow/example_dags/example_skip_dag.py
[2023-08-23T21:39:21.374-0400] {processor.py:839} INFO - DAG(s) dict_keys(['example_skip_dag']) retrieved from /Users/mauri/Desktop/repositorio/apache-airflow-tutorial/env/lib/python3.11/site-packages/airflow/example_dags/example_skip_dag.py
[2023-08-23T21:39:21.448-0400] {logging_mixin.py:151} INFO - [2023-08-23T21:39:21.448-0400] {dag.py:2907} INFO - Sync 1 DAGs
[2023-08-23T21:39:21.454-0400] {logging_mixin.py:151} INFO - [2023-08-23T21:39:21.454-0400] {dag.py:3677} INFO - Setting next_dagrun for example_skip_dag to 2023-08-23T01:39:21.454129+00:00, run_after=2023-08-24T01:39:21.454129+00:00
[2023-08-23T21:39:21.461-0400] {processor.py:179} INFO - Processing /Users/mauri/Desktop/repositorio/apache-airflow-tutorial/env/lib/python3.11/site-packages/airflow/example_dags/example_skip_dag.py took 0.096 seconds
[2023-08-23T21:40:35.018-0400] {processor.py:157} INFO - Started process (PID=8833) to work on /Users/mauri/Desktop/repositorio/apache-airflow-tutorial/env/lib/python3.11/site-packages/airflow/example_dags/example_skip_dag.py
[2023-08-23T21:40:35.020-0400] {processor.py:829} INFO - Processing file /Users/mauri/Desktop/repositorio/apache-airflow-tutorial/env/lib/python3.11/site-packages/airflow/example_dags/example_skip_dag.py for tasks to queue
[2023-08-23T21:40:35.020-0400] {logging_mixin.py:151} INFO - [2023-08-23T21:40:35.020-0400] {dagbag.py:539} INFO - Filling up the DagBag from /Users/mauri/Desktop/repositorio/apache-airflow-tutorial/env/lib/python3.11/site-packages/airflow/example_dags/example_skip_dag.py
[2023-08-23T21:40:35.026-0400] {processor.py:839} INFO - DAG(s) dict_keys(['example_skip_dag']) retrieved from /Users/mauri/Desktop/repositorio/apache-airflow-tutorial/env/lib/python3.11/site-packages/airflow/example_dags/example_skip_dag.py
[2023-08-23T21:40:35.097-0400] {logging_mixin.py:151} INFO - [2023-08-23T21:40:35.097-0400] {dag.py:2907} INFO - Sync 1 DAGs
[2023-08-23T21:40:35.102-0400] {logging_mixin.py:151} INFO - [2023-08-23T21:40:35.102-0400] {dag.py:3677} INFO - Setting next_dagrun for example_skip_dag to 2023-08-23T01:40:35.102602+00:00, run_after=2023-08-24T01:40:35.102602+00:00
[2023-08-23T21:40:35.109-0400] {processor.py:179} INFO - Processing /Users/mauri/Desktop/repositorio/apache-airflow-tutorial/env/lib/python3.11/site-packages/airflow/example_dags/example_skip_dag.py took 0.091 seconds
[2023-08-23T21:41:48.424-0400] {processor.py:157} INFO - Started process (PID=8892) to work on /Users/mauri/Desktop/repositorio/apache-airflow-tutorial/env/lib/python3.11/site-packages/airflow/example_dags/example_skip_dag.py
[2023-08-23T21:41:48.425-0400] {processor.py:829} INFO - Processing file /Users/mauri/Desktop/repositorio/apache-airflow-tutorial/env/lib/python3.11/site-packages/airflow/example_dags/example_skip_dag.py for tasks to queue
[2023-08-23T21:41:48.425-0400] {logging_mixin.py:151} INFO - [2023-08-23T21:41:48.425-0400] {dagbag.py:539} INFO - Filling up the DagBag from /Users/mauri/Desktop/repositorio/apache-airflow-tutorial/env/lib/python3.11/site-packages/airflow/example_dags/example_skip_dag.py
[2023-08-23T21:41:48.432-0400] {processor.py:839} INFO - DAG(s) dict_keys(['example_skip_dag']) retrieved from /Users/mauri/Desktop/repositorio/apache-airflow-tutorial/env/lib/python3.11/site-packages/airflow/example_dags/example_skip_dag.py
[2023-08-23T21:41:48.500-0400] {logging_mixin.py:151} INFO - [2023-08-23T21:41:48.500-0400] {dag.py:2907} INFO - Sync 1 DAGs
[2023-08-23T21:41:48.506-0400] {logging_mixin.py:151} INFO - [2023-08-23T21:41:48.506-0400] {dag.py:3677} INFO - Setting next_dagrun for example_skip_dag to 2023-08-23T01:41:48.506418+00:00, run_after=2023-08-24T01:41:48.506418+00:00
[2023-08-23T21:41:48.513-0400] {processor.py:179} INFO - Processing /Users/mauri/Desktop/repositorio/apache-airflow-tutorial/env/lib/python3.11/site-packages/airflow/example_dags/example_skip_dag.py took 0.089 seconds
[2023-08-23T21:43:00.829-0400] {processor.py:157} INFO - Started process (PID=8957) to work on /Users/mauri/Desktop/repositorio/apache-airflow-tutorial/env/lib/python3.11/site-packages/airflow/example_dags/example_skip_dag.py
[2023-08-23T21:43:00.831-0400] {processor.py:829} INFO - Processing file /Users/mauri/Desktop/repositorio/apache-airflow-tutorial/env/lib/python3.11/site-packages/airflow/example_dags/example_skip_dag.py for tasks to queue
[2023-08-23T21:43:00.831-0400] {logging_mixin.py:151} INFO - [2023-08-23T21:43:00.831-0400] {dagbag.py:539} INFO - Filling up the DagBag from /Users/mauri/Desktop/repositorio/apache-airflow-tutorial/env/lib/python3.11/site-packages/airflow/example_dags/example_skip_dag.py
[2023-08-23T21:43:00.837-0400] {processor.py:839} INFO - DAG(s) dict_keys(['example_skip_dag']) retrieved from /Users/mauri/Desktop/repositorio/apache-airflow-tutorial/env/lib/python3.11/site-packages/airflow/example_dags/example_skip_dag.py
[2023-08-23T21:43:00.907-0400] {logging_mixin.py:151} INFO - [2023-08-23T21:43:00.907-0400] {dag.py:2907} INFO - Sync 1 DAGs
[2023-08-23T21:43:00.913-0400] {logging_mixin.py:151} INFO - [2023-08-23T21:43:00.913-0400] {dag.py:3677} INFO - Setting next_dagrun for example_skip_dag to 2023-08-23T01:43:00.912994+00:00, run_after=2023-08-24T01:43:00.912994+00:00
[2023-08-23T21:43:00.919-0400] {processor.py:179} INFO - Processing /Users/mauri/Desktop/repositorio/apache-airflow-tutorial/env/lib/python3.11/site-packages/airflow/example_dags/example_skip_dag.py took 0.090 seconds
[2023-08-23T21:44:09.818-0400] {processor.py:157} INFO - Started process (PID=9021) to work on /Users/mauri/Desktop/repositorio/apache-airflow-tutorial/env/lib/python3.11/site-packages/airflow/example_dags/example_skip_dag.py
[2023-08-23T21:44:09.820-0400] {processor.py:829} INFO - Processing file /Users/mauri/Desktop/repositorio/apache-airflow-tutorial/env/lib/python3.11/site-packages/airflow/example_dags/example_skip_dag.py for tasks to queue
[2023-08-23T21:44:09.820-0400] {logging_mixin.py:151} INFO - [2023-08-23T21:44:09.820-0400] {dagbag.py:539} INFO - Filling up the DagBag from /Users/mauri/Desktop/repositorio/apache-airflow-tutorial/env/lib/python3.11/site-packages/airflow/example_dags/example_skip_dag.py
[2023-08-23T21:44:09.826-0400] {processor.py:839} INFO - DAG(s) dict_keys(['example_skip_dag']) retrieved from /Users/mauri/Desktop/repositorio/apache-airflow-tutorial/env/lib/python3.11/site-packages/airflow/example_dags/example_skip_dag.py
[2023-08-23T21:44:09.898-0400] {logging_mixin.py:151} INFO - [2023-08-23T21:44:09.898-0400] {dag.py:2907} INFO - Sync 1 DAGs
[2023-08-23T21:44:09.905-0400] {logging_mixin.py:151} INFO - [2023-08-23T21:44:09.904-0400] {dag.py:3677} INFO - Setting next_dagrun for example_skip_dag to 2023-08-23T01:44:09.904880+00:00, run_after=2023-08-24T01:44:09.904880+00:00
[2023-08-23T21:44:09.911-0400] {processor.py:179} INFO - Processing /Users/mauri/Desktop/repositorio/apache-airflow-tutorial/env/lib/python3.11/site-packages/airflow/example_dags/example_skip_dag.py took 0.093 seconds
[2023-08-23T21:45:24.568-0400] {processor.py:157} INFO - Started process (PID=9099) to work on /Users/mauri/Desktop/repositorio/apache-airflow-tutorial/env/lib/python3.11/site-packages/airflow/example_dags/example_skip_dag.py
[2023-08-23T21:45:24.569-0400] {processor.py:829} INFO - Processing file /Users/mauri/Desktop/repositorio/apache-airflow-tutorial/env/lib/python3.11/site-packages/airflow/example_dags/example_skip_dag.py for tasks to queue
[2023-08-23T21:45:24.569-0400] {logging_mixin.py:151} INFO - [2023-08-23T21:45:24.569-0400] {dagbag.py:539} INFO - Filling up the DagBag from /Users/mauri/Desktop/repositorio/apache-airflow-tutorial/env/lib/python3.11/site-packages/airflow/example_dags/example_skip_dag.py
[2023-08-23T21:45:24.575-0400] {processor.py:839} INFO - DAG(s) dict_keys(['example_skip_dag']) retrieved from /Users/mauri/Desktop/repositorio/apache-airflow-tutorial/env/lib/python3.11/site-packages/airflow/example_dags/example_skip_dag.py
[2023-08-23T21:45:24.646-0400] {logging_mixin.py:151} INFO - [2023-08-23T21:45:24.646-0400] {dag.py:2907} INFO - Sync 1 DAGs
[2023-08-23T21:45:24.652-0400] {logging_mixin.py:151} INFO - [2023-08-23T21:45:24.652-0400] {dag.py:3677} INFO - Setting next_dagrun for example_skip_dag to 2023-08-23T01:45:24.652068+00:00, run_after=2023-08-24T01:45:24.652068+00:00
[2023-08-23T21:45:24.659-0400] {processor.py:179} INFO - Processing /Users/mauri/Desktop/repositorio/apache-airflow-tutorial/env/lib/python3.11/site-packages/airflow/example_dags/example_skip_dag.py took 0.091 seconds
[2023-08-23T21:46:35.732-0400] {processor.py:157} INFO - Started process (PID=9228) to work on /Users/mauri/Desktop/repositorio/apache-airflow-tutorial/env/lib/python3.11/site-packages/airflow/example_dags/example_skip_dag.py
[2023-08-23T21:46:35.733-0400] {processor.py:829} INFO - Processing file /Users/mauri/Desktop/repositorio/apache-airflow-tutorial/env/lib/python3.11/site-packages/airflow/example_dags/example_skip_dag.py for tasks to queue
[2023-08-23T21:46:35.734-0400] {logging_mixin.py:151} INFO - [2023-08-23T21:46:35.733-0400] {dagbag.py:539} INFO - Filling up the DagBag from /Users/mauri/Desktop/repositorio/apache-airflow-tutorial/env/lib/python3.11/site-packages/airflow/example_dags/example_skip_dag.py
[2023-08-23T21:46:35.740-0400] {processor.py:839} INFO - DAG(s) dict_keys(['example_skip_dag']) retrieved from /Users/mauri/Desktop/repositorio/apache-airflow-tutorial/env/lib/python3.11/site-packages/airflow/example_dags/example_skip_dag.py
[2023-08-23T21:46:35.808-0400] {logging_mixin.py:151} INFO - [2023-08-23T21:46:35.808-0400] {dag.py:2907} INFO - Sync 1 DAGs
[2023-08-23T21:46:35.814-0400] {logging_mixin.py:151} INFO - [2023-08-23T21:46:35.814-0400] {dag.py:3677} INFO - Setting next_dagrun for example_skip_dag to 2023-08-23T01:46:35.814044+00:00, run_after=2023-08-24T01:46:35.814044+00:00
[2023-08-23T21:46:35.820-0400] {processor.py:179} INFO - Processing /Users/mauri/Desktop/repositorio/apache-airflow-tutorial/env/lib/python3.11/site-packages/airflow/example_dags/example_skip_dag.py took 0.089 seconds
[2023-08-23T21:47:46.238-0400] {processor.py:157} INFO - Started process (PID=9357) to work on /Users/mauri/Desktop/repositorio/apache-airflow-tutorial/env/lib/python3.11/site-packages/airflow/example_dags/example_skip_dag.py
[2023-08-23T21:47:46.239-0400] {processor.py:829} INFO - Processing file /Users/mauri/Desktop/repositorio/apache-airflow-tutorial/env/lib/python3.11/site-packages/airflow/example_dags/example_skip_dag.py for tasks to queue
[2023-08-23T21:47:46.239-0400] {logging_mixin.py:151} INFO - [2023-08-23T21:47:46.239-0400] {dagbag.py:539} INFO - Filling up the DagBag from /Users/mauri/Desktop/repositorio/apache-airflow-tutorial/env/lib/python3.11/site-packages/airflow/example_dags/example_skip_dag.py
[2023-08-23T21:47:46.246-0400] {processor.py:839} INFO - DAG(s) dict_keys(['example_skip_dag']) retrieved from /Users/mauri/Desktop/repositorio/apache-airflow-tutorial/env/lib/python3.11/site-packages/airflow/example_dags/example_skip_dag.py
[2023-08-23T21:47:46.319-0400] {logging_mixin.py:151} INFO - [2023-08-23T21:47:46.319-0400] {dag.py:2907} INFO - Sync 1 DAGs
[2023-08-23T21:47:46.325-0400] {logging_mixin.py:151} INFO - [2023-08-23T21:47:46.325-0400] {dag.py:3677} INFO - Setting next_dagrun for example_skip_dag to 2023-08-23T01:47:46.325411+00:00, run_after=2023-08-24T01:47:46.325411+00:00
[2023-08-23T21:47:46.332-0400] {processor.py:179} INFO - Processing /Users/mauri/Desktop/repositorio/apache-airflow-tutorial/env/lib/python3.11/site-packages/airflow/example_dags/example_skip_dag.py took 0.095 seconds
[2023-08-23T21:48:59.416-0400] {processor.py:157} INFO - Started process (PID=9447) to work on /Users/mauri/Desktop/repositorio/apache-airflow-tutorial/env/lib/python3.11/site-packages/airflow/example_dags/example_skip_dag.py
[2023-08-23T21:48:59.417-0400] {processor.py:829} INFO - Processing file /Users/mauri/Desktop/repositorio/apache-airflow-tutorial/env/lib/python3.11/site-packages/airflow/example_dags/example_skip_dag.py for tasks to queue
[2023-08-23T21:48:59.418-0400] {logging_mixin.py:151} INFO - [2023-08-23T21:48:59.417-0400] {dagbag.py:539} INFO - Filling up the DagBag from /Users/mauri/Desktop/repositorio/apache-airflow-tutorial/env/lib/python3.11/site-packages/airflow/example_dags/example_skip_dag.py
[2023-08-23T21:48:59.424-0400] {processor.py:839} INFO - DAG(s) dict_keys(['example_skip_dag']) retrieved from /Users/mauri/Desktop/repositorio/apache-airflow-tutorial/env/lib/python3.11/site-packages/airflow/example_dags/example_skip_dag.py
[2023-08-23T21:48:59.497-0400] {logging_mixin.py:151} INFO - [2023-08-23T21:48:59.497-0400] {dag.py:2907} INFO - Sync 1 DAGs
[2023-08-23T21:48:59.505-0400] {logging_mixin.py:151} INFO - [2023-08-23T21:48:59.505-0400] {dag.py:3677} INFO - Setting next_dagrun for example_skip_dag to 2023-08-23T01:48:59.505014+00:00, run_after=2023-08-24T01:48:59.505014+00:00
[2023-08-23T21:48:59.513-0400] {processor.py:179} INFO - Processing /Users/mauri/Desktop/repositorio/apache-airflow-tutorial/env/lib/python3.11/site-packages/airflow/example_dags/example_skip_dag.py took 0.097 seconds
[2023-08-23T21:50:14.795-0400] {processor.py:157} INFO - Started process (PID=9524) to work on /Users/mauri/Desktop/repositorio/apache-airflow-tutorial/env/lib/python3.11/site-packages/airflow/example_dags/example_skip_dag.py
[2023-08-23T21:50:14.797-0400] {processor.py:829} INFO - Processing file /Users/mauri/Desktop/repositorio/apache-airflow-tutorial/env/lib/python3.11/site-packages/airflow/example_dags/example_skip_dag.py for tasks to queue
[2023-08-23T21:50:14.797-0400] {logging_mixin.py:151} INFO - [2023-08-23T21:50:14.797-0400] {dagbag.py:539} INFO - Filling up the DagBag from /Users/mauri/Desktop/repositorio/apache-airflow-tutorial/env/lib/python3.11/site-packages/airflow/example_dags/example_skip_dag.py
[2023-08-23T21:50:14.803-0400] {processor.py:839} INFO - DAG(s) dict_keys(['example_skip_dag']) retrieved from /Users/mauri/Desktop/repositorio/apache-airflow-tutorial/env/lib/python3.11/site-packages/airflow/example_dags/example_skip_dag.py
[2023-08-23T21:50:14.874-0400] {logging_mixin.py:151} INFO - [2023-08-23T21:50:14.874-0400] {dag.py:2907} INFO - Sync 1 DAGs
[2023-08-23T21:50:14.879-0400] {logging_mixin.py:151} INFO - [2023-08-23T21:50:14.879-0400] {dag.py:3677} INFO - Setting next_dagrun for example_skip_dag to 2023-08-23T01:50:14.879773+00:00, run_after=2023-08-24T01:50:14.879773+00:00
[2023-08-23T21:50:14.886-0400] {processor.py:179} INFO - Processing /Users/mauri/Desktop/repositorio/apache-airflow-tutorial/env/lib/python3.11/site-packages/airflow/example_dags/example_skip_dag.py took 0.092 seconds
[2023-08-23T21:51:29.270-0400] {processor.py:157} INFO - Started process (PID=9611) to work on /Users/mauri/Desktop/repositorio/apache-airflow-tutorial/env/lib/python3.11/site-packages/airflow/example_dags/example_skip_dag.py
[2023-08-23T21:51:29.272-0400] {processor.py:829} INFO - Processing file /Users/mauri/Desktop/repositorio/apache-airflow-tutorial/env/lib/python3.11/site-packages/airflow/example_dags/example_skip_dag.py for tasks to queue
[2023-08-23T21:51:29.272-0400] {logging_mixin.py:151} INFO - [2023-08-23T21:51:29.272-0400] {dagbag.py:539} INFO - Filling up the DagBag from /Users/mauri/Desktop/repositorio/apache-airflow-tutorial/env/lib/python3.11/site-packages/airflow/example_dags/example_skip_dag.py
[2023-08-23T21:51:29.279-0400] {processor.py:839} INFO - DAG(s) dict_keys(['example_skip_dag']) retrieved from /Users/mauri/Desktop/repositorio/apache-airflow-tutorial/env/lib/python3.11/site-packages/airflow/example_dags/example_skip_dag.py
[2023-08-23T21:51:29.350-0400] {logging_mixin.py:151} INFO - [2023-08-23T21:51:29.349-0400] {dag.py:2907} INFO - Sync 1 DAGs
[2023-08-23T21:51:29.355-0400] {logging_mixin.py:151} INFO - [2023-08-23T21:51:29.355-0400] {dag.py:3677} INFO - Setting next_dagrun for example_skip_dag to 2023-08-23T01:51:29.355685+00:00, run_after=2023-08-24T01:51:29.355685+00:00
[2023-08-23T21:51:29.362-0400] {processor.py:179} INFO - Processing /Users/mauri/Desktop/repositorio/apache-airflow-tutorial/env/lib/python3.11/site-packages/airflow/example_dags/example_skip_dag.py took 0.093 seconds
[2023-08-23T21:52:40.274-0400] {processor.py:157} INFO - Started process (PID=9677) to work on /Users/mauri/Desktop/repositorio/apache-airflow-tutorial/env/lib/python3.11/site-packages/airflow/example_dags/example_skip_dag.py
[2023-08-23T21:52:40.275-0400] {processor.py:829} INFO - Processing file /Users/mauri/Desktop/repositorio/apache-airflow-tutorial/env/lib/python3.11/site-packages/airflow/example_dags/example_skip_dag.py for tasks to queue
[2023-08-23T21:52:40.275-0400] {logging_mixin.py:151} INFO - [2023-08-23T21:52:40.275-0400] {dagbag.py:539} INFO - Filling up the DagBag from /Users/mauri/Desktop/repositorio/apache-airflow-tutorial/env/lib/python3.11/site-packages/airflow/example_dags/example_skip_dag.py
[2023-08-23T21:52:40.282-0400] {processor.py:839} INFO - DAG(s) dict_keys(['example_skip_dag']) retrieved from /Users/mauri/Desktop/repositorio/apache-airflow-tutorial/env/lib/python3.11/site-packages/airflow/example_dags/example_skip_dag.py
[2023-08-23T21:52:40.354-0400] {logging_mixin.py:151} INFO - [2023-08-23T21:52:40.354-0400] {dag.py:2907} INFO - Sync 1 DAGs
[2023-08-23T21:52:40.360-0400] {logging_mixin.py:151} INFO - [2023-08-23T21:52:40.360-0400] {dag.py:3677} INFO - Setting next_dagrun for example_skip_dag to 2023-08-23T01:52:40.360742+00:00, run_after=2023-08-24T01:52:40.360742+00:00
[2023-08-23T21:52:40.367-0400] {processor.py:179} INFO - Processing /Users/mauri/Desktop/repositorio/apache-airflow-tutorial/env/lib/python3.11/site-packages/airflow/example_dags/example_skip_dag.py took 0.094 seconds
[2023-08-23T21:53:51.100-0400] {processor.py:157} INFO - Started process (PID=9745) to work on /Users/mauri/Desktop/repositorio/apache-airflow-tutorial/env/lib/python3.11/site-packages/airflow/example_dags/example_skip_dag.py
[2023-08-23T21:53:51.101-0400] {processor.py:829} INFO - Processing file /Users/mauri/Desktop/repositorio/apache-airflow-tutorial/env/lib/python3.11/site-packages/airflow/example_dags/example_skip_dag.py for tasks to queue
[2023-08-23T21:53:51.101-0400] {logging_mixin.py:151} INFO - [2023-08-23T21:53:51.101-0400] {dagbag.py:539} INFO - Filling up the DagBag from /Users/mauri/Desktop/repositorio/apache-airflow-tutorial/env/lib/python3.11/site-packages/airflow/example_dags/example_skip_dag.py
[2023-08-23T21:53:51.108-0400] {processor.py:839} INFO - DAG(s) dict_keys(['example_skip_dag']) retrieved from /Users/mauri/Desktop/repositorio/apache-airflow-tutorial/env/lib/python3.11/site-packages/airflow/example_dags/example_skip_dag.py
[2023-08-23T21:53:51.184-0400] {logging_mixin.py:151} INFO - [2023-08-23T21:53:51.184-0400] {dag.py:2907} INFO - Sync 1 DAGs
[2023-08-23T21:53:51.190-0400] {logging_mixin.py:151} INFO - [2023-08-23T21:53:51.190-0400] {dag.py:3677} INFO - Setting next_dagrun for example_skip_dag to 2023-08-23T01:53:51.190185+00:00, run_after=2023-08-24T01:53:51.190185+00:00
[2023-08-23T21:53:51.197-0400] {processor.py:179} INFO - Processing /Users/mauri/Desktop/repositorio/apache-airflow-tutorial/env/lib/python3.11/site-packages/airflow/example_dags/example_skip_dag.py took 0.097 seconds
[2023-08-23T21:55:02.725-0400] {processor.py:157} INFO - Started process (PID=9809) to work on /Users/mauri/Desktop/repositorio/apache-airflow-tutorial/env/lib/python3.11/site-packages/airflow/example_dags/example_skip_dag.py
[2023-08-23T21:55:02.727-0400] {processor.py:829} INFO - Processing file /Users/mauri/Desktop/repositorio/apache-airflow-tutorial/env/lib/python3.11/site-packages/airflow/example_dags/example_skip_dag.py for tasks to queue
[2023-08-23T21:55:02.727-0400] {logging_mixin.py:151} INFO - [2023-08-23T21:55:02.727-0400] {dagbag.py:539} INFO - Filling up the DagBag from /Users/mauri/Desktop/repositorio/apache-airflow-tutorial/env/lib/python3.11/site-packages/airflow/example_dags/example_skip_dag.py
[2023-08-23T21:55:02.733-0400] {processor.py:839} INFO - DAG(s) dict_keys(['example_skip_dag']) retrieved from /Users/mauri/Desktop/repositorio/apache-airflow-tutorial/env/lib/python3.11/site-packages/airflow/example_dags/example_skip_dag.py
[2023-08-23T21:55:02.802-0400] {logging_mixin.py:151} INFO - [2023-08-23T21:55:02.802-0400] {dag.py:2907} INFO - Sync 1 DAGs
[2023-08-23T21:55:02.808-0400] {logging_mixin.py:151} INFO - [2023-08-23T21:55:02.808-0400] {dag.py:3677} INFO - Setting next_dagrun for example_skip_dag to 2023-08-23T01:55:02.808382+00:00, run_after=2023-08-24T01:55:02.808382+00:00
[2023-08-23T21:55:02.815-0400] {processor.py:179} INFO - Processing /Users/mauri/Desktop/repositorio/apache-airflow-tutorial/env/lib/python3.11/site-packages/airflow/example_dags/example_skip_dag.py took 0.090 seconds
[2023-08-23T21:56:16.274-0400] {processor.py:157} INFO - Started process (PID=9884) to work on /Users/mauri/Desktop/repositorio/apache-airflow-tutorial/env/lib/python3.11/site-packages/airflow/example_dags/example_skip_dag.py
[2023-08-23T21:56:16.276-0400] {processor.py:829} INFO - Processing file /Users/mauri/Desktop/repositorio/apache-airflow-tutorial/env/lib/python3.11/site-packages/airflow/example_dags/example_skip_dag.py for tasks to queue
[2023-08-23T21:56:16.276-0400] {logging_mixin.py:151} INFO - [2023-08-23T21:56:16.276-0400] {dagbag.py:539} INFO - Filling up the DagBag from /Users/mauri/Desktop/repositorio/apache-airflow-tutorial/env/lib/python3.11/site-packages/airflow/example_dags/example_skip_dag.py
[2023-08-23T21:56:16.282-0400] {processor.py:839} INFO - DAG(s) dict_keys(['example_skip_dag']) retrieved from /Users/mauri/Desktop/repositorio/apache-airflow-tutorial/env/lib/python3.11/site-packages/airflow/example_dags/example_skip_dag.py
[2023-08-23T21:56:16.353-0400] {logging_mixin.py:151} INFO - [2023-08-23T21:56:16.353-0400] {dag.py:2907} INFO - Sync 1 DAGs
[2023-08-23T21:56:16.358-0400] {logging_mixin.py:151} INFO - [2023-08-23T21:56:16.358-0400] {dag.py:3677} INFO - Setting next_dagrun for example_skip_dag to 2023-08-23T01:56:16.358833+00:00, run_after=2023-08-24T01:56:16.358833+00:00
[2023-08-23T21:56:16.365-0400] {processor.py:179} INFO - Processing /Users/mauri/Desktop/repositorio/apache-airflow-tutorial/env/lib/python3.11/site-packages/airflow/example_dags/example_skip_dag.py took 0.091 seconds
[2023-08-23T21:57:31.516-0400] {processor.py:157} INFO - Started process (PID=9949) to work on /Users/mauri/Desktop/repositorio/apache-airflow-tutorial/env/lib/python3.11/site-packages/airflow/example_dags/example_skip_dag.py
[2023-08-23T21:57:31.517-0400] {processor.py:829} INFO - Processing file /Users/mauri/Desktop/repositorio/apache-airflow-tutorial/env/lib/python3.11/site-packages/airflow/example_dags/example_skip_dag.py for tasks to queue
[2023-08-23T21:57:31.517-0400] {logging_mixin.py:151} INFO - [2023-08-23T21:57:31.517-0400] {dagbag.py:539} INFO - Filling up the DagBag from /Users/mauri/Desktop/repositorio/apache-airflow-tutorial/env/lib/python3.11/site-packages/airflow/example_dags/example_skip_dag.py
[2023-08-23T21:57:31.524-0400] {processor.py:839} INFO - DAG(s) dict_keys(['example_skip_dag']) retrieved from /Users/mauri/Desktop/repositorio/apache-airflow-tutorial/env/lib/python3.11/site-packages/airflow/example_dags/example_skip_dag.py
[2023-08-23T21:57:31.600-0400] {logging_mixin.py:151} INFO - [2023-08-23T21:57:31.600-0400] {dag.py:2907} INFO - Sync 1 DAGs
[2023-08-23T21:57:31.606-0400] {logging_mixin.py:151} INFO - [2023-08-23T21:57:31.606-0400] {dag.py:3677} INFO - Setting next_dagrun for example_skip_dag to 2023-08-23T01:57:31.606211+00:00, run_after=2023-08-24T01:57:31.606211+00:00
[2023-08-23T21:57:31.613-0400] {processor.py:179} INFO - Processing /Users/mauri/Desktop/repositorio/apache-airflow-tutorial/env/lib/python3.11/site-packages/airflow/example_dags/example_skip_dag.py took 0.098 seconds
[2023-08-23T21:58:47.783-0400] {processor.py:157} INFO - Started process (PID=10012) to work on /Users/mauri/Desktop/repositorio/apache-airflow-tutorial/env/lib/python3.11/site-packages/airflow/example_dags/example_skip_dag.py
[2023-08-23T21:58:47.785-0400] {processor.py:829} INFO - Processing file /Users/mauri/Desktop/repositorio/apache-airflow-tutorial/env/lib/python3.11/site-packages/airflow/example_dags/example_skip_dag.py for tasks to queue
[2023-08-23T21:58:47.785-0400] {logging_mixin.py:151} INFO - [2023-08-23T21:58:47.785-0400] {dagbag.py:539} INFO - Filling up the DagBag from /Users/mauri/Desktop/repositorio/apache-airflow-tutorial/env/lib/python3.11/site-packages/airflow/example_dags/example_skip_dag.py
[2023-08-23T21:58:47.791-0400] {processor.py:839} INFO - DAG(s) dict_keys(['example_skip_dag']) retrieved from /Users/mauri/Desktop/repositorio/apache-airflow-tutorial/env/lib/python3.11/site-packages/airflow/example_dags/example_skip_dag.py
[2023-08-23T21:58:47.860-0400] {logging_mixin.py:151} INFO - [2023-08-23T21:58:47.860-0400] {dag.py:2907} INFO - Sync 1 DAGs
[2023-08-23T21:58:47.866-0400] {logging_mixin.py:151} INFO - [2023-08-23T21:58:47.866-0400] {dag.py:3677} INFO - Setting next_dagrun for example_skip_dag to 2023-08-23T01:58:47.866149+00:00, run_after=2023-08-24T01:58:47.866149+00:00
[2023-08-23T21:58:47.873-0400] {processor.py:179} INFO - Processing /Users/mauri/Desktop/repositorio/apache-airflow-tutorial/env/lib/python3.11/site-packages/airflow/example_dags/example_skip_dag.py took 0.090 seconds
[2023-08-23T22:00:00.958-0400] {processor.py:157} INFO - Started process (PID=10079) to work on /Users/mauri/Desktop/repositorio/apache-airflow-tutorial/env/lib/python3.11/site-packages/airflow/example_dags/example_skip_dag.py
[2023-08-23T22:00:00.959-0400] {processor.py:829} INFO - Processing file /Users/mauri/Desktop/repositorio/apache-airflow-tutorial/env/lib/python3.11/site-packages/airflow/example_dags/example_skip_dag.py for tasks to queue
[2023-08-23T22:00:00.959-0400] {logging_mixin.py:151} INFO - [2023-08-23T22:00:00.959-0400] {dagbag.py:539} INFO - Filling up the DagBag from /Users/mauri/Desktop/repositorio/apache-airflow-tutorial/env/lib/python3.11/site-packages/airflow/example_dags/example_skip_dag.py
[2023-08-23T22:00:00.965-0400] {processor.py:839} INFO - DAG(s) dict_keys(['example_skip_dag']) retrieved from /Users/mauri/Desktop/repositorio/apache-airflow-tutorial/env/lib/python3.11/site-packages/airflow/example_dags/example_skip_dag.py
[2023-08-23T22:00:01.034-0400] {logging_mixin.py:151} INFO - [2023-08-23T22:00:01.034-0400] {dag.py:2907} INFO - Sync 1 DAGs
[2023-08-23T22:00:01.040-0400] {logging_mixin.py:151} INFO - [2023-08-23T22:00:01.039-0400] {dag.py:3677} INFO - Setting next_dagrun for example_skip_dag to 2023-08-23T02:00:01.039941+00:00, run_after=2023-08-24T02:00:01.039941+00:00
[2023-08-23T22:00:01.046-0400] {processor.py:179} INFO - Processing /Users/mauri/Desktop/repositorio/apache-airflow-tutorial/env/lib/python3.11/site-packages/airflow/example_dags/example_skip_dag.py took 0.089 seconds
