[2023-08-23T21:35:00.627-0400] {processor.py:157} INFO - Started process (PID=8542) to work on /Users/mauri/Desktop/repositorio/apache-airflow-tutorial/env/lib/python3.11/site-packages/airflow/example_dags/example_branch_python_dop_operator_3.py
[2023-08-23T21:35:00.629-0400] {processor.py:829} INFO - Processing file /Users/mauri/Desktop/repositorio/apache-airflow-tutorial/env/lib/python3.11/site-packages/airflow/example_dags/example_branch_python_dop_operator_3.py for tasks to queue
[2023-08-23T21:35:00.629-0400] {logging_mixin.py:151} INFO - [2023-08-23T21:35:00.629-0400] {dagbag.py:539} INFO - Filling up the DagBag from /Users/mauri/Desktop/repositorio/apache-airflow-tutorial/env/lib/python3.11/site-packages/airflow/example_dags/example_branch_python_dop_operator_3.py
[2023-08-23T21:35:00.662-0400] {processor.py:839} INFO - DAG(s) dict_keys(['example_branch_dop_operator_v3']) retrieved from /Users/mauri/Desktop/repositorio/apache-airflow-tutorial/env/lib/python3.11/site-packages/airflow/example_dags/example_branch_python_dop_operator_3.py
[2023-08-23T21:35:00.963-0400] {logging_mixin.py:151} INFO - [2023-08-23T21:35:00.963-0400] {manager.py:501} INFO - Created Permission View: can delete on DAG:example_branch_dop_operator_v3
[2023-08-23T21:35:00.966-0400] {logging_mixin.py:151} INFO - [2023-08-23T21:35:00.966-0400] {manager.py:501} INFO - Created Permission View: can edit on DAG:example_branch_dop_operator_v3
[2023-08-23T21:35:00.968-0400] {logging_mixin.py:151} INFO - [2023-08-23T21:35:00.968-0400] {manager.py:501} INFO - Created Permission View: can read on DAG:example_branch_dop_operator_v3
[2023-08-23T21:35:00.971-0400] {logging_mixin.py:151} INFO - [2023-08-23T21:35:00.971-0400] {dag.py:2907} INFO - Sync 1 DAGs
[2023-08-23T21:35:00.974-0400] {logging_mixin.py:151} INFO - [2023-08-23T21:35:00.974-0400] {dag.py:2929} INFO - Creating ORM DAG for example_branch_dop_operator_v3
[2023-08-23T21:35:00.978-0400] {logging_mixin.py:151} INFO - [2023-08-23T21:35:00.978-0400] {dag.py:3677} INFO - Setting next_dagrun for example_branch_dop_operator_v3 to 2023-08-24T01:34:00+00:00, run_after=2023-08-24T01:35:00+00:00
[2023-08-23T21:35:00.983-0400] {processor.py:179} INFO - Processing /Users/mauri/Desktop/repositorio/apache-airflow-tutorial/env/lib/python3.11/site-packages/airflow/example_dags/example_branch_python_dop_operator_3.py took 0.356 seconds
[2023-08-23T21:36:20.766-0400] {processor.py:157} INFO - Started process (PID=8613) to work on /Users/mauri/Desktop/repositorio/apache-airflow-tutorial/env/lib/python3.11/site-packages/airflow/example_dags/example_branch_python_dop_operator_3.py
[2023-08-23T21:36:20.768-0400] {processor.py:829} INFO - Processing file /Users/mauri/Desktop/repositorio/apache-airflow-tutorial/env/lib/python3.11/site-packages/airflow/example_dags/example_branch_python_dop_operator_3.py for tasks to queue
[2023-08-23T21:36:20.768-0400] {logging_mixin.py:151} INFO - [2023-08-23T21:36:20.768-0400] {dagbag.py:539} INFO - Filling up the DagBag from /Users/mauri/Desktop/repositorio/apache-airflow-tutorial/env/lib/python3.11/site-packages/airflow/example_dags/example_branch_python_dop_operator_3.py
[2023-08-23T21:36:20.812-0400] {processor.py:839} INFO - DAG(s) dict_keys(['example_branch_dop_operator_v3']) retrieved from /Users/mauri/Desktop/repositorio/apache-airflow-tutorial/env/lib/python3.11/site-packages/airflow/example_dags/example_branch_python_dop_operator_3.py
[2023-08-23T21:36:20.868-0400] {logging_mixin.py:151} INFO - [2023-08-23T21:36:20.867-0400] {dag.py:2907} INFO - Sync 1 DAGs
[2023-08-23T21:36:20.875-0400] {logging_mixin.py:151} INFO - [2023-08-23T21:36:20.875-0400] {dag.py:3677} INFO - Setting next_dagrun for example_branch_dop_operator_v3 to 2023-08-24T01:35:00+00:00, run_after=2023-08-24T01:36:00+00:00
[2023-08-23T21:36:20.882-0400] {processor.py:179} INFO - Processing /Users/mauri/Desktop/repositorio/apache-airflow-tutorial/env/lib/python3.11/site-packages/airflow/example_dags/example_branch_python_dop_operator_3.py took 0.117 seconds
[2023-08-23T21:37:35.741-0400] {processor.py:157} INFO - Started process (PID=8674) to work on /Users/mauri/Desktop/repositorio/apache-airflow-tutorial/env/lib/python3.11/site-packages/airflow/example_dags/example_branch_python_dop_operator_3.py
[2023-08-23T21:37:35.743-0400] {processor.py:829} INFO - Processing file /Users/mauri/Desktop/repositorio/apache-airflow-tutorial/env/lib/python3.11/site-packages/airflow/example_dags/example_branch_python_dop_operator_3.py for tasks to queue
[2023-08-23T21:37:35.743-0400] {logging_mixin.py:151} INFO - [2023-08-23T21:37:35.743-0400] {dagbag.py:539} INFO - Filling up the DagBag from /Users/mauri/Desktop/repositorio/apache-airflow-tutorial/env/lib/python3.11/site-packages/airflow/example_dags/example_branch_python_dop_operator_3.py
[2023-08-23T21:37:35.775-0400] {processor.py:839} INFO - DAG(s) dict_keys(['example_branch_dop_operator_v3']) retrieved from /Users/mauri/Desktop/repositorio/apache-airflow-tutorial/env/lib/python3.11/site-packages/airflow/example_dags/example_branch_python_dop_operator_3.py
[2023-08-23T21:37:35.828-0400] {logging_mixin.py:151} INFO - [2023-08-23T21:37:35.827-0400] {dag.py:2907} INFO - Sync 1 DAGs
[2023-08-23T21:37:35.834-0400] {logging_mixin.py:151} INFO - [2023-08-23T21:37:35.834-0400] {dag.py:3677} INFO - Setting next_dagrun for example_branch_dop_operator_v3 to 2023-08-24T01:36:00+00:00, run_after=2023-08-24T01:37:00+00:00
[2023-08-23T21:37:35.841-0400] {processor.py:179} INFO - Processing /Users/mauri/Desktop/repositorio/apache-airflow-tutorial/env/lib/python3.11/site-packages/airflow/example_dags/example_branch_python_dop_operator_3.py took 0.101 seconds
[2023-08-23T21:38:50.241-0400] {processor.py:157} INFO - Started process (PID=8747) to work on /Users/mauri/Desktop/repositorio/apache-airflow-tutorial/env/lib/python3.11/site-packages/airflow/example_dags/example_branch_python_dop_operator_3.py
[2023-08-23T21:38:50.243-0400] {processor.py:829} INFO - Processing file /Users/mauri/Desktop/repositorio/apache-airflow-tutorial/env/lib/python3.11/site-packages/airflow/example_dags/example_branch_python_dop_operator_3.py for tasks to queue
[2023-08-23T21:38:50.243-0400] {logging_mixin.py:151} INFO - [2023-08-23T21:38:50.243-0400] {dagbag.py:539} INFO - Filling up the DagBag from /Users/mauri/Desktop/repositorio/apache-airflow-tutorial/env/lib/python3.11/site-packages/airflow/example_dags/example_branch_python_dop_operator_3.py
[2023-08-23T21:38:50.276-0400] {processor.py:839} INFO - DAG(s) dict_keys(['example_branch_dop_operator_v3']) retrieved from /Users/mauri/Desktop/repositorio/apache-airflow-tutorial/env/lib/python3.11/site-packages/airflow/example_dags/example_branch_python_dop_operator_3.py
[2023-08-23T21:38:50.328-0400] {logging_mixin.py:151} INFO - [2023-08-23T21:38:50.328-0400] {dag.py:2907} INFO - Sync 1 DAGs
[2023-08-23T21:38:50.334-0400] {logging_mixin.py:151} INFO - [2023-08-23T21:38:50.334-0400] {dag.py:3677} INFO - Setting next_dagrun for example_branch_dop_operator_v3 to 2023-08-24T01:37:00+00:00, run_after=2023-08-24T01:38:00+00:00
[2023-08-23T21:38:50.342-0400] {processor.py:179} INFO - Processing /Users/mauri/Desktop/repositorio/apache-airflow-tutorial/env/lib/python3.11/site-packages/airflow/example_dags/example_branch_python_dop_operator_3.py took 0.101 seconds
[2023-08-23T21:40:05.773-0400] {processor.py:157} INFO - Started process (PID=8810) to work on /Users/mauri/Desktop/repositorio/apache-airflow-tutorial/env/lib/python3.11/site-packages/airflow/example_dags/example_branch_python_dop_operator_3.py
[2023-08-23T21:40:05.774-0400] {processor.py:829} INFO - Processing file /Users/mauri/Desktop/repositorio/apache-airflow-tutorial/env/lib/python3.11/site-packages/airflow/example_dags/example_branch_python_dop_operator_3.py for tasks to queue
[2023-08-23T21:40:05.775-0400] {logging_mixin.py:151} INFO - [2023-08-23T21:40:05.775-0400] {dagbag.py:539} INFO - Filling up the DagBag from /Users/mauri/Desktop/repositorio/apache-airflow-tutorial/env/lib/python3.11/site-packages/airflow/example_dags/example_branch_python_dop_operator_3.py
[2023-08-23T21:40:05.807-0400] {processor.py:839} INFO - DAG(s) dict_keys(['example_branch_dop_operator_v3']) retrieved from /Users/mauri/Desktop/repositorio/apache-airflow-tutorial/env/lib/python3.11/site-packages/airflow/example_dags/example_branch_python_dop_operator_3.py
[2023-08-23T21:40:05.859-0400] {logging_mixin.py:151} INFO - [2023-08-23T21:40:05.859-0400] {dag.py:2907} INFO - Sync 1 DAGs
[2023-08-23T21:40:05.866-0400] {logging_mixin.py:151} INFO - [2023-08-23T21:40:05.866-0400] {dag.py:3677} INFO - Setting next_dagrun for example_branch_dop_operator_v3 to 2023-08-24T01:39:00+00:00, run_after=2023-08-24T01:40:00+00:00
[2023-08-23T21:40:05.873-0400] {processor.py:179} INFO - Processing /Users/mauri/Desktop/repositorio/apache-airflow-tutorial/env/lib/python3.11/site-packages/airflow/example_dags/example_branch_python_dop_operator_3.py took 0.100 seconds
[2023-08-23T21:41:18.520-0400] {processor.py:157} INFO - Started process (PID=8866) to work on /Users/mauri/Desktop/repositorio/apache-airflow-tutorial/env/lib/python3.11/site-packages/airflow/example_dags/example_branch_python_dop_operator_3.py
[2023-08-23T21:41:18.521-0400] {processor.py:829} INFO - Processing file /Users/mauri/Desktop/repositorio/apache-airflow-tutorial/env/lib/python3.11/site-packages/airflow/example_dags/example_branch_python_dop_operator_3.py for tasks to queue
[2023-08-23T21:41:18.521-0400] {logging_mixin.py:151} INFO - [2023-08-23T21:41:18.521-0400] {dagbag.py:539} INFO - Filling up the DagBag from /Users/mauri/Desktop/repositorio/apache-airflow-tutorial/env/lib/python3.11/site-packages/airflow/example_dags/example_branch_python_dop_operator_3.py
[2023-08-23T21:41:18.555-0400] {processor.py:839} INFO - DAG(s) dict_keys(['example_branch_dop_operator_v3']) retrieved from /Users/mauri/Desktop/repositorio/apache-airflow-tutorial/env/lib/python3.11/site-packages/airflow/example_dags/example_branch_python_dop_operator_3.py
[2023-08-23T21:41:18.607-0400] {logging_mixin.py:151} INFO - [2023-08-23T21:41:18.607-0400] {dag.py:2907} INFO - Sync 1 DAGs
[2023-08-23T21:41:18.614-0400] {logging_mixin.py:151} INFO - [2023-08-23T21:41:18.614-0400] {dag.py:3677} INFO - Setting next_dagrun for example_branch_dop_operator_v3 to 2023-08-24T01:40:00+00:00, run_after=2023-08-24T01:41:00+00:00
[2023-08-23T21:41:18.621-0400] {processor.py:179} INFO - Processing /Users/mauri/Desktop/repositorio/apache-airflow-tutorial/env/lib/python3.11/site-packages/airflow/example_dags/example_branch_python_dop_operator_3.py took 0.101 seconds
[2023-08-23T21:42:31.736-0400] {processor.py:157} INFO - Started process (PID=8933) to work on /Users/mauri/Desktop/repositorio/apache-airflow-tutorial/env/lib/python3.11/site-packages/airflow/example_dags/example_branch_python_dop_operator_3.py
[2023-08-23T21:42:31.737-0400] {processor.py:829} INFO - Processing file /Users/mauri/Desktop/repositorio/apache-airflow-tutorial/env/lib/python3.11/site-packages/airflow/example_dags/example_branch_python_dop_operator_3.py for tasks to queue
[2023-08-23T21:42:31.737-0400] {logging_mixin.py:151} INFO - [2023-08-23T21:42:31.737-0400] {dagbag.py:539} INFO - Filling up the DagBag from /Users/mauri/Desktop/repositorio/apache-airflow-tutorial/env/lib/python3.11/site-packages/airflow/example_dags/example_branch_python_dop_operator_3.py
[2023-08-23T21:42:31.776-0400] {processor.py:839} INFO - DAG(s) dict_keys(['example_branch_dop_operator_v3']) retrieved from /Users/mauri/Desktop/repositorio/apache-airflow-tutorial/env/lib/python3.11/site-packages/airflow/example_dags/example_branch_python_dop_operator_3.py
[2023-08-23T21:42:31.833-0400] {logging_mixin.py:151} INFO - [2023-08-23T21:42:31.833-0400] {dag.py:2907} INFO - Sync 1 DAGs
[2023-08-23T21:42:31.840-0400] {logging_mixin.py:151} INFO - [2023-08-23T21:42:31.840-0400] {dag.py:3677} INFO - Setting next_dagrun for example_branch_dop_operator_v3 to 2023-08-24T01:41:00+00:00, run_after=2023-08-24T01:42:00+00:00
[2023-08-23T21:42:31.848-0400] {processor.py:179} INFO - Processing /Users/mauri/Desktop/repositorio/apache-airflow-tutorial/env/lib/python3.11/site-packages/airflow/example_dags/example_branch_python_dop_operator_3.py took 0.113 seconds
[2023-08-23T21:43:42.372-0400] {processor.py:157} INFO - Started process (PID=8992) to work on /Users/mauri/Desktop/repositorio/apache-airflow-tutorial/env/lib/python3.11/site-packages/airflow/example_dags/example_branch_python_dop_operator_3.py
[2023-08-23T21:43:42.373-0400] {processor.py:829} INFO - Processing file /Users/mauri/Desktop/repositorio/apache-airflow-tutorial/env/lib/python3.11/site-packages/airflow/example_dags/example_branch_python_dop_operator_3.py for tasks to queue
[2023-08-23T21:43:42.373-0400] {logging_mixin.py:151} INFO - [2023-08-23T21:43:42.373-0400] {dagbag.py:539} INFO - Filling up the DagBag from /Users/mauri/Desktop/repositorio/apache-airflow-tutorial/env/lib/python3.11/site-packages/airflow/example_dags/example_branch_python_dop_operator_3.py
[2023-08-23T21:43:42.406-0400] {processor.py:839} INFO - DAG(s) dict_keys(['example_branch_dop_operator_v3']) retrieved from /Users/mauri/Desktop/repositorio/apache-airflow-tutorial/env/lib/python3.11/site-packages/airflow/example_dags/example_branch_python_dop_operator_3.py
[2023-08-23T21:43:42.460-0400] {logging_mixin.py:151} INFO - [2023-08-23T21:43:42.460-0400] {dag.py:2907} INFO - Sync 1 DAGs
[2023-08-23T21:43:42.467-0400] {logging_mixin.py:151} INFO - [2023-08-23T21:43:42.467-0400] {dag.py:3677} INFO - Setting next_dagrun for example_branch_dop_operator_v3 to 2023-08-24T01:42:00+00:00, run_after=2023-08-24T01:43:00+00:00
[2023-08-23T21:43:42.474-0400] {processor.py:179} INFO - Processing /Users/mauri/Desktop/repositorio/apache-airflow-tutorial/env/lib/python3.11/site-packages/airflow/example_dags/example_branch_python_dop_operator_3.py took 0.103 seconds
[2023-08-23T21:44:54.716-0400] {processor.py:157} INFO - Started process (PID=9068) to work on /Users/mauri/Desktop/repositorio/apache-airflow-tutorial/env/lib/python3.11/site-packages/airflow/example_dags/example_branch_python_dop_operator_3.py
[2023-08-23T21:44:54.718-0400] {processor.py:829} INFO - Processing file /Users/mauri/Desktop/repositorio/apache-airflow-tutorial/env/lib/python3.11/site-packages/airflow/example_dags/example_branch_python_dop_operator_3.py for tasks to queue
[2023-08-23T21:44:54.718-0400] {logging_mixin.py:151} INFO - [2023-08-23T21:44:54.718-0400] {dagbag.py:539} INFO - Filling up the DagBag from /Users/mauri/Desktop/repositorio/apache-airflow-tutorial/env/lib/python3.11/site-packages/airflow/example_dags/example_branch_python_dop_operator_3.py
[2023-08-23T21:44:54.753-0400] {processor.py:839} INFO - DAG(s) dict_keys(['example_branch_dop_operator_v3']) retrieved from /Users/mauri/Desktop/repositorio/apache-airflow-tutorial/env/lib/python3.11/site-packages/airflow/example_dags/example_branch_python_dop_operator_3.py
[2023-08-23T21:44:54.806-0400] {logging_mixin.py:151} INFO - [2023-08-23T21:44:54.806-0400] {dag.py:2907} INFO - Sync 1 DAGs
[2023-08-23T21:44:54.813-0400] {logging_mixin.py:151} INFO - [2023-08-23T21:44:54.813-0400] {dag.py:3677} INFO - Setting next_dagrun for example_branch_dop_operator_v3 to 2023-08-24T01:43:00+00:00, run_after=2023-08-24T01:44:00+00:00
[2023-08-23T21:44:54.821-0400] {processor.py:179} INFO - Processing /Users/mauri/Desktop/repositorio/apache-airflow-tutorial/env/lib/python3.11/site-packages/airflow/example_dags/example_branch_python_dop_operator_3.py took 0.105 seconds
[2023-08-23T21:46:07.773-0400] {processor.py:157} INFO - Started process (PID=9188) to work on /Users/mauri/Desktop/repositorio/apache-airflow-tutorial/env/lib/python3.11/site-packages/airflow/example_dags/example_branch_python_dop_operator_3.py
[2023-08-23T21:46:07.774-0400] {processor.py:829} INFO - Processing file /Users/mauri/Desktop/repositorio/apache-airflow-tutorial/env/lib/python3.11/site-packages/airflow/example_dags/example_branch_python_dop_operator_3.py for tasks to queue
[2023-08-23T21:46:07.774-0400] {logging_mixin.py:151} INFO - [2023-08-23T21:46:07.774-0400] {dagbag.py:539} INFO - Filling up the DagBag from /Users/mauri/Desktop/repositorio/apache-airflow-tutorial/env/lib/python3.11/site-packages/airflow/example_dags/example_branch_python_dop_operator_3.py
[2023-08-23T21:46:07.806-0400] {processor.py:839} INFO - DAG(s) dict_keys(['example_branch_dop_operator_v3']) retrieved from /Users/mauri/Desktop/repositorio/apache-airflow-tutorial/env/lib/python3.11/site-packages/airflow/example_dags/example_branch_python_dop_operator_3.py
[2023-08-23T21:46:07.858-0400] {logging_mixin.py:151} INFO - [2023-08-23T21:46:07.858-0400] {dag.py:2907} INFO - Sync 1 DAGs
[2023-08-23T21:46:07.865-0400] {logging_mixin.py:151} INFO - [2023-08-23T21:46:07.865-0400] {dag.py:3677} INFO - Setting next_dagrun for example_branch_dop_operator_v3 to 2023-08-24T01:45:00+00:00, run_after=2023-08-24T01:46:00+00:00
[2023-08-23T21:46:07.872-0400] {processor.py:179} INFO - Processing /Users/mauri/Desktop/repositorio/apache-airflow-tutorial/env/lib/python3.11/site-packages/airflow/example_dags/example_branch_python_dop_operator_3.py took 0.099 seconds
[2023-08-23T21:47:16.093-0400] {processor.py:157} INFO - Started process (PID=9308) to work on /Users/mauri/Desktop/repositorio/apache-airflow-tutorial/env/lib/python3.11/site-packages/airflow/example_dags/example_branch_python_dop_operator_3.py
[2023-08-23T21:47:16.094-0400] {processor.py:829} INFO - Processing file /Users/mauri/Desktop/repositorio/apache-airflow-tutorial/env/lib/python3.11/site-packages/airflow/example_dags/example_branch_python_dop_operator_3.py for tasks to queue
[2023-08-23T21:47:16.094-0400] {logging_mixin.py:151} INFO - [2023-08-23T21:47:16.094-0400] {dagbag.py:539} INFO - Filling up the DagBag from /Users/mauri/Desktop/repositorio/apache-airflow-tutorial/env/lib/python3.11/site-packages/airflow/example_dags/example_branch_python_dop_operator_3.py
[2023-08-23T21:47:16.126-0400] {processor.py:839} INFO - DAG(s) dict_keys(['example_branch_dop_operator_v3']) retrieved from /Users/mauri/Desktop/repositorio/apache-airflow-tutorial/env/lib/python3.11/site-packages/airflow/example_dags/example_branch_python_dop_operator_3.py
[2023-08-23T21:47:16.178-0400] {logging_mixin.py:151} INFO - [2023-08-23T21:47:16.178-0400] {dag.py:2907} INFO - Sync 1 DAGs
[2023-08-23T21:47:16.184-0400] {logging_mixin.py:151} INFO - [2023-08-23T21:47:16.184-0400] {dag.py:3677} INFO - Setting next_dagrun for example_branch_dop_operator_v3 to 2023-08-24T01:46:00+00:00, run_after=2023-08-24T01:47:00+00:00
[2023-08-23T21:47:16.192-0400] {processor.py:179} INFO - Processing /Users/mauri/Desktop/repositorio/apache-airflow-tutorial/env/lib/python3.11/site-packages/airflow/example_dags/example_branch_python_dop_operator_3.py took 0.099 seconds
[2023-08-23T21:48:29.715-0400] {processor.py:157} INFO - Started process (PID=9422) to work on /Users/mauri/Desktop/repositorio/apache-airflow-tutorial/env/lib/python3.11/site-packages/airflow/example_dags/example_branch_python_dop_operator_3.py
[2023-08-23T21:48:29.716-0400] {processor.py:829} INFO - Processing file /Users/mauri/Desktop/repositorio/apache-airflow-tutorial/env/lib/python3.11/site-packages/airflow/example_dags/example_branch_python_dop_operator_3.py for tasks to queue
[2023-08-23T21:48:29.717-0400] {logging_mixin.py:151} INFO - [2023-08-23T21:48:29.716-0400] {dagbag.py:539} INFO - Filling up the DagBag from /Users/mauri/Desktop/repositorio/apache-airflow-tutorial/env/lib/python3.11/site-packages/airflow/example_dags/example_branch_python_dop_operator_3.py
[2023-08-23T21:48:29.749-0400] {processor.py:839} INFO - DAG(s) dict_keys(['example_branch_dop_operator_v3']) retrieved from /Users/mauri/Desktop/repositorio/apache-airflow-tutorial/env/lib/python3.11/site-packages/airflow/example_dags/example_branch_python_dop_operator_3.py
[2023-08-23T21:48:29.803-0400] {logging_mixin.py:151} INFO - [2023-08-23T21:48:29.803-0400] {dag.py:2907} INFO - Sync 1 DAGs
[2023-08-23T21:48:29.811-0400] {logging_mixin.py:151} INFO - [2023-08-23T21:48:29.811-0400] {dag.py:3677} INFO - Setting next_dagrun for example_branch_dop_operator_v3 to 2023-08-24T01:47:00+00:00, run_after=2023-08-24T01:48:00+00:00
[2023-08-23T21:48:29.819-0400] {processor.py:179} INFO - Processing /Users/mauri/Desktop/repositorio/apache-airflow-tutorial/env/lib/python3.11/site-packages/airflow/example_dags/example_branch_python_dop_operator_3.py took 0.104 seconds
[2023-08-23T21:49:42.712-0400] {processor.py:157} INFO - Started process (PID=9490) to work on /Users/mauri/Desktop/repositorio/apache-airflow-tutorial/env/lib/python3.11/site-packages/airflow/example_dags/example_branch_python_dop_operator_3.py
[2023-08-23T21:49:42.714-0400] {processor.py:829} INFO - Processing file /Users/mauri/Desktop/repositorio/apache-airflow-tutorial/env/lib/python3.11/site-packages/airflow/example_dags/example_branch_python_dop_operator_3.py for tasks to queue
[2023-08-23T21:49:42.714-0400] {logging_mixin.py:151} INFO - [2023-08-23T21:49:42.714-0400] {dagbag.py:539} INFO - Filling up the DagBag from /Users/mauri/Desktop/repositorio/apache-airflow-tutorial/env/lib/python3.11/site-packages/airflow/example_dags/example_branch_python_dop_operator_3.py
[2023-08-23T21:49:42.753-0400] {processor.py:839} INFO - DAG(s) dict_keys(['example_branch_dop_operator_v3']) retrieved from /Users/mauri/Desktop/repositorio/apache-airflow-tutorial/env/lib/python3.11/site-packages/airflow/example_dags/example_branch_python_dop_operator_3.py
[2023-08-23T21:49:42.814-0400] {logging_mixin.py:151} INFO - [2023-08-23T21:49:42.813-0400] {dag.py:2907} INFO - Sync 1 DAGs
[2023-08-23T21:49:42.821-0400] {logging_mixin.py:151} INFO - [2023-08-23T21:49:42.821-0400] {dag.py:3677} INFO - Setting next_dagrun for example_branch_dop_operator_v3 to 2023-08-24T01:48:00+00:00, run_after=2023-08-24T01:49:00+00:00
[2023-08-23T21:49:42.830-0400] {processor.py:179} INFO - Processing /Users/mauri/Desktop/repositorio/apache-airflow-tutorial/env/lib/python3.11/site-packages/airflow/example_dags/example_branch_python_dop_operator_3.py took 0.118 seconds
[2023-08-23T21:50:58.004-0400] {processor.py:157} INFO - Started process (PID=9557) to work on /Users/mauri/Desktop/repositorio/apache-airflow-tutorial/env/lib/python3.11/site-packages/airflow/example_dags/example_branch_python_dop_operator_3.py
[2023-08-23T21:50:58.006-0400] {processor.py:829} INFO - Processing file /Users/mauri/Desktop/repositorio/apache-airflow-tutorial/env/lib/python3.11/site-packages/airflow/example_dags/example_branch_python_dop_operator_3.py for tasks to queue
[2023-08-23T21:50:58.006-0400] {logging_mixin.py:151} INFO - [2023-08-23T21:50:58.006-0400] {dagbag.py:539} INFO - Filling up the DagBag from /Users/mauri/Desktop/repositorio/apache-airflow-tutorial/env/lib/python3.11/site-packages/airflow/example_dags/example_branch_python_dop_operator_3.py
[2023-08-23T21:50:58.039-0400] {processor.py:839} INFO - DAG(s) dict_keys(['example_branch_dop_operator_v3']) retrieved from /Users/mauri/Desktop/repositorio/apache-airflow-tutorial/env/lib/python3.11/site-packages/airflow/example_dags/example_branch_python_dop_operator_3.py
[2023-08-23T21:50:58.092-0400] {logging_mixin.py:151} INFO - [2023-08-23T21:50:58.092-0400] {dag.py:2907} INFO - Sync 1 DAGs
[2023-08-23T21:50:58.098-0400] {logging_mixin.py:151} INFO - [2023-08-23T21:50:58.098-0400] {dag.py:3677} INFO - Setting next_dagrun for example_branch_dop_operator_v3 to 2023-08-24T01:49:00+00:00, run_after=2023-08-24T01:50:00+00:00
[2023-08-23T21:50:58.106-0400] {processor.py:179} INFO - Processing /Users/mauri/Desktop/repositorio/apache-airflow-tutorial/env/lib/python3.11/site-packages/airflow/example_dags/example_branch_python_dop_operator_3.py took 0.102 seconds
[2023-08-23T21:52:12.259-0400] {processor.py:157} INFO - Started process (PID=9657) to work on /Users/mauri/Desktop/repositorio/apache-airflow-tutorial/env/lib/python3.11/site-packages/airflow/example_dags/example_branch_python_dop_operator_3.py
[2023-08-23T21:52:12.260-0400] {processor.py:829} INFO - Processing file /Users/mauri/Desktop/repositorio/apache-airflow-tutorial/env/lib/python3.11/site-packages/airflow/example_dags/example_branch_python_dop_operator_3.py for tasks to queue
[2023-08-23T21:52:12.260-0400] {logging_mixin.py:151} INFO - [2023-08-23T21:52:12.260-0400] {dagbag.py:539} INFO - Filling up the DagBag from /Users/mauri/Desktop/repositorio/apache-airflow-tutorial/env/lib/python3.11/site-packages/airflow/example_dags/example_branch_python_dop_operator_3.py
[2023-08-23T21:52:12.292-0400] {processor.py:839} INFO - DAG(s) dict_keys(['example_branch_dop_operator_v3']) retrieved from /Users/mauri/Desktop/repositorio/apache-airflow-tutorial/env/lib/python3.11/site-packages/airflow/example_dags/example_branch_python_dop_operator_3.py
[2023-08-23T21:52:12.346-0400] {logging_mixin.py:151} INFO - [2023-08-23T21:52:12.346-0400] {dag.py:2907} INFO - Sync 1 DAGs
[2023-08-23T21:52:12.353-0400] {logging_mixin.py:151} INFO - [2023-08-23T21:52:12.353-0400] {dag.py:3677} INFO - Setting next_dagrun for example_branch_dop_operator_v3 to 2023-08-24T01:51:00+00:00, run_after=2023-08-24T01:52:00+00:00
[2023-08-23T21:52:12.360-0400] {processor.py:179} INFO - Processing /Users/mauri/Desktop/repositorio/apache-airflow-tutorial/env/lib/python3.11/site-packages/airflow/example_dags/example_branch_python_dop_operator_3.py took 0.102 seconds
[2023-08-23T21:53:21.724-0400] {processor.py:157} INFO - Started process (PID=9721) to work on /Users/mauri/Desktop/repositorio/apache-airflow-tutorial/env/lib/python3.11/site-packages/airflow/example_dags/example_branch_python_dop_operator_3.py
[2023-08-23T21:53:21.725-0400] {processor.py:829} INFO - Processing file /Users/mauri/Desktop/repositorio/apache-airflow-tutorial/env/lib/python3.11/site-packages/airflow/example_dags/example_branch_python_dop_operator_3.py for tasks to queue
[2023-08-23T21:53:21.725-0400] {logging_mixin.py:151} INFO - [2023-08-23T21:53:21.725-0400] {dagbag.py:539} INFO - Filling up the DagBag from /Users/mauri/Desktop/repositorio/apache-airflow-tutorial/env/lib/python3.11/site-packages/airflow/example_dags/example_branch_python_dop_operator_3.py
[2023-08-23T21:53:21.763-0400] {processor.py:839} INFO - DAG(s) dict_keys(['example_branch_dop_operator_v3']) retrieved from /Users/mauri/Desktop/repositorio/apache-airflow-tutorial/env/lib/python3.11/site-packages/airflow/example_dags/example_branch_python_dop_operator_3.py
[2023-08-23T21:53:21.822-0400] {logging_mixin.py:151} INFO - [2023-08-23T21:53:21.822-0400] {dag.py:2907} INFO - Sync 1 DAGs
[2023-08-23T21:53:21.830-0400] {logging_mixin.py:151} INFO - [2023-08-23T21:53:21.830-0400] {dag.py:3677} INFO - Setting next_dagrun for example_branch_dop_operator_v3 to 2023-08-24T01:52:00+00:00, run_after=2023-08-24T01:53:00+00:00
[2023-08-23T21:53:21.838-0400] {processor.py:179} INFO - Processing /Users/mauri/Desktop/repositorio/apache-airflow-tutorial/env/lib/python3.11/site-packages/airflow/example_dags/example_branch_python_dop_operator_3.py took 0.115 seconds
[2023-08-23T21:54:33.701-0400] {processor.py:157} INFO - Started process (PID=9784) to work on /Users/mauri/Desktop/repositorio/apache-airflow-tutorial/env/lib/python3.11/site-packages/airflow/example_dags/example_branch_python_dop_operator_3.py
[2023-08-23T21:54:33.702-0400] {processor.py:829} INFO - Processing file /Users/mauri/Desktop/repositorio/apache-airflow-tutorial/env/lib/python3.11/site-packages/airflow/example_dags/example_branch_python_dop_operator_3.py for tasks to queue
[2023-08-23T21:54:33.702-0400] {logging_mixin.py:151} INFO - [2023-08-23T21:54:33.702-0400] {dagbag.py:539} INFO - Filling up the DagBag from /Users/mauri/Desktop/repositorio/apache-airflow-tutorial/env/lib/python3.11/site-packages/airflow/example_dags/example_branch_python_dop_operator_3.py
[2023-08-23T21:54:33.734-0400] {processor.py:839} INFO - DAG(s) dict_keys(['example_branch_dop_operator_v3']) retrieved from /Users/mauri/Desktop/repositorio/apache-airflow-tutorial/env/lib/python3.11/site-packages/airflow/example_dags/example_branch_python_dop_operator_3.py
[2023-08-23T21:54:33.786-0400] {logging_mixin.py:151} INFO - [2023-08-23T21:54:33.786-0400] {dag.py:2907} INFO - Sync 1 DAGs
[2023-08-23T21:54:33.792-0400] {logging_mixin.py:151} INFO - [2023-08-23T21:54:33.792-0400] {dag.py:3677} INFO - Setting next_dagrun for example_branch_dop_operator_v3 to 2023-08-24T01:53:00+00:00, run_after=2023-08-24T01:54:00+00:00
[2023-08-23T21:54:33.800-0400] {processor.py:179} INFO - Processing /Users/mauri/Desktop/repositorio/apache-airflow-tutorial/env/lib/python3.11/site-packages/airflow/example_dags/example_branch_python_dop_operator_3.py took 0.099 seconds
[2023-08-23T21:55:46.799-0400] {processor.py:157} INFO - Started process (PID=9854) to work on /Users/mauri/Desktop/repositorio/apache-airflow-tutorial/env/lib/python3.11/site-packages/airflow/example_dags/example_branch_python_dop_operator_3.py
[2023-08-23T21:55:46.801-0400] {processor.py:829} INFO - Processing file /Users/mauri/Desktop/repositorio/apache-airflow-tutorial/env/lib/python3.11/site-packages/airflow/example_dags/example_branch_python_dop_operator_3.py for tasks to queue
[2023-08-23T21:55:46.801-0400] {logging_mixin.py:151} INFO - [2023-08-23T21:55:46.801-0400] {dagbag.py:539} INFO - Filling up the DagBag from /Users/mauri/Desktop/repositorio/apache-airflow-tutorial/env/lib/python3.11/site-packages/airflow/example_dags/example_branch_python_dop_operator_3.py
[2023-08-23T21:55:46.833-0400] {processor.py:839} INFO - DAG(s) dict_keys(['example_branch_dop_operator_v3']) retrieved from /Users/mauri/Desktop/repositorio/apache-airflow-tutorial/env/lib/python3.11/site-packages/airflow/example_dags/example_branch_python_dop_operator_3.py
[2023-08-23T21:55:46.884-0400] {logging_mixin.py:151} INFO - [2023-08-23T21:55:46.884-0400] {dag.py:2907} INFO - Sync 1 DAGs
[2023-08-23T21:55:46.891-0400] {logging_mixin.py:151} INFO - [2023-08-23T21:55:46.891-0400] {dag.py:3677} INFO - Setting next_dagrun for example_branch_dop_operator_v3 to 2023-08-24T01:54:00+00:00, run_after=2023-08-24T01:55:00+00:00
[2023-08-23T21:55:46.898-0400] {processor.py:179} INFO - Processing /Users/mauri/Desktop/repositorio/apache-airflow-tutorial/env/lib/python3.11/site-packages/airflow/example_dags/example_branch_python_dop_operator_3.py took 0.099 seconds
[2023-08-23T21:56:59.950-0400] {processor.py:157} INFO - Started process (PID=9919) to work on /Users/mauri/Desktop/repositorio/apache-airflow-tutorial/env/lib/python3.11/site-packages/airflow/example_dags/example_branch_python_dop_operator_3.py
[2023-08-23T21:56:59.951-0400] {processor.py:829} INFO - Processing file /Users/mauri/Desktop/repositorio/apache-airflow-tutorial/env/lib/python3.11/site-packages/airflow/example_dags/example_branch_python_dop_operator_3.py for tasks to queue
[2023-08-23T21:56:59.951-0400] {logging_mixin.py:151} INFO - [2023-08-23T21:56:59.951-0400] {dagbag.py:539} INFO - Filling up the DagBag from /Users/mauri/Desktop/repositorio/apache-airflow-tutorial/env/lib/python3.11/site-packages/airflow/example_dags/example_branch_python_dop_operator_3.py
[2023-08-23T21:56:59.983-0400] {processor.py:839} INFO - DAG(s) dict_keys(['example_branch_dop_operator_v3']) retrieved from /Users/mauri/Desktop/repositorio/apache-airflow-tutorial/env/lib/python3.11/site-packages/airflow/example_dags/example_branch_python_dop_operator_3.py
[2023-08-23T21:57:00.036-0400] {logging_mixin.py:151} INFO - [2023-08-23T21:57:00.035-0400] {dag.py:2907} INFO - Sync 1 DAGs
[2023-08-23T21:57:00.042-0400] {logging_mixin.py:151} INFO - [2023-08-23T21:57:00.042-0400] {dag.py:3677} INFO - Setting next_dagrun for example_branch_dop_operator_v3 to 2023-08-24T01:56:00+00:00, run_after=2023-08-24T01:57:00+00:00
[2023-08-23T21:57:00.050-0400] {processor.py:179} INFO - Processing /Users/mauri/Desktop/repositorio/apache-airflow-tutorial/env/lib/python3.11/site-packages/airflow/example_dags/example_branch_python_dop_operator_3.py took 0.100 seconds
[2023-08-23T21:58:16.449-0400] {processor.py:157} INFO - Started process (PID=9988) to work on /Users/mauri/Desktop/repositorio/apache-airflow-tutorial/env/lib/python3.11/site-packages/airflow/example_dags/example_branch_python_dop_operator_3.py
[2023-08-23T21:58:16.450-0400] {processor.py:829} INFO - Processing file /Users/mauri/Desktop/repositorio/apache-airflow-tutorial/env/lib/python3.11/site-packages/airflow/example_dags/example_branch_python_dop_operator_3.py for tasks to queue
[2023-08-23T21:58:16.451-0400] {logging_mixin.py:151} INFO - [2023-08-23T21:58:16.451-0400] {dagbag.py:539} INFO - Filling up the DagBag from /Users/mauri/Desktop/repositorio/apache-airflow-tutorial/env/lib/python3.11/site-packages/airflow/example_dags/example_branch_python_dop_operator_3.py
[2023-08-23T21:58:16.485-0400] {processor.py:839} INFO - DAG(s) dict_keys(['example_branch_dop_operator_v3']) retrieved from /Users/mauri/Desktop/repositorio/apache-airflow-tutorial/env/lib/python3.11/site-packages/airflow/example_dags/example_branch_python_dop_operator_3.py
[2023-08-23T21:58:16.542-0400] {logging_mixin.py:151} INFO - [2023-08-23T21:58:16.542-0400] {dag.py:2907} INFO - Sync 1 DAGs
[2023-08-23T21:58:16.550-0400] {logging_mixin.py:151} INFO - [2023-08-23T21:58:16.549-0400] {dag.py:3677} INFO - Setting next_dagrun for example_branch_dop_operator_v3 to 2023-08-24T01:57:00+00:00, run_after=2023-08-24T01:58:00+00:00
[2023-08-23T21:58:16.558-0400] {processor.py:179} INFO - Processing /Users/mauri/Desktop/repositorio/apache-airflow-tutorial/env/lib/python3.11/site-packages/airflow/example_dags/example_branch_python_dop_operator_3.py took 0.110 seconds
[2023-08-23T21:59:31.355-0400] {processor.py:157} INFO - Started process (PID=10056) to work on /Users/mauri/Desktop/repositorio/apache-airflow-tutorial/env/lib/python3.11/site-packages/airflow/example_dags/example_branch_python_dop_operator_3.py
[2023-08-23T21:59:31.356-0400] {processor.py:829} INFO - Processing file /Users/mauri/Desktop/repositorio/apache-airflow-tutorial/env/lib/python3.11/site-packages/airflow/example_dags/example_branch_python_dop_operator_3.py for tasks to queue
[2023-08-23T21:59:31.357-0400] {logging_mixin.py:151} INFO - [2023-08-23T21:59:31.356-0400] {dagbag.py:539} INFO - Filling up the DagBag from /Users/mauri/Desktop/repositorio/apache-airflow-tutorial/env/lib/python3.11/site-packages/airflow/example_dags/example_branch_python_dop_operator_3.py
[2023-08-23T21:59:31.389-0400] {processor.py:839} INFO - DAG(s) dict_keys(['example_branch_dop_operator_v3']) retrieved from /Users/mauri/Desktop/repositorio/apache-airflow-tutorial/env/lib/python3.11/site-packages/airflow/example_dags/example_branch_python_dop_operator_3.py
[2023-08-23T21:59:31.442-0400] {logging_mixin.py:151} INFO - [2023-08-23T21:59:31.441-0400] {dag.py:2907} INFO - Sync 1 DAGs
[2023-08-23T21:59:31.448-0400] {logging_mixin.py:151} INFO - [2023-08-23T21:59:31.448-0400] {dag.py:3677} INFO - Setting next_dagrun for example_branch_dop_operator_v3 to 2023-08-24T01:58:00+00:00, run_after=2023-08-24T01:59:00+00:00
[2023-08-23T21:59:31.456-0400] {processor.py:179} INFO - Processing /Users/mauri/Desktop/repositorio/apache-airflow-tutorial/env/lib/python3.11/site-packages/airflow/example_dags/example_branch_python_dop_operator_3.py took 0.101 seconds
