[2023-08-23T21:34:41.326-0400] {processor.py:157} INFO - Started process (PID=8526) to work on /Users/mauri/Desktop/repositorio/apache-airflow-tutorial/env/lib/python3.11/site-packages/airflow/example_dags/example_nested_branch_dag.py
[2023-08-23T21:34:41.328-0400] {processor.py:829} INFO - Processing file /Users/mauri/Desktop/repositorio/apache-airflow-tutorial/env/lib/python3.11/site-packages/airflow/example_dags/example_nested_branch_dag.py for tasks to queue
[2023-08-23T21:34:41.328-0400] {logging_mixin.py:151} INFO - [2023-08-23T21:34:41.328-0400] {dagbag.py:539} INFO - Filling up the DagBag from /Users/mauri/Desktop/repositorio/apache-airflow-tutorial/env/lib/python3.11/site-packages/airflow/example_dags/example_nested_branch_dag.py
[2023-08-23T21:34:41.361-0400] {processor.py:839} INFO - DAG(s) dict_keys(['example_nested_branch_dag']) retrieved from /Users/mauri/Desktop/repositorio/apache-airflow-tutorial/env/lib/python3.11/site-packages/airflow/example_dags/example_nested_branch_dag.py
[2023-08-23T21:34:41.680-0400] {logging_mixin.py:151} INFO - [2023-08-23T21:34:41.680-0400] {manager.py:501} INFO - Created Permission View: can delete on DAG:example_nested_branch_dag
[2023-08-23T21:34:41.682-0400] {logging_mixin.py:151} INFO - [2023-08-23T21:34:41.682-0400] {manager.py:501} INFO - Created Permission View: can edit on DAG:example_nested_branch_dag
[2023-08-23T21:34:41.684-0400] {logging_mixin.py:151} INFO - [2023-08-23T21:34:41.684-0400] {manager.py:501} INFO - Created Permission View: can read on DAG:example_nested_branch_dag
[2023-08-23T21:34:41.688-0400] {logging_mixin.py:151} INFO - [2023-08-23T21:34:41.688-0400] {dag.py:2907} INFO - Sync 1 DAGs
[2023-08-23T21:34:41.690-0400] {logging_mixin.py:151} INFO - [2023-08-23T21:34:41.690-0400] {dag.py:2929} INFO - Creating ORM DAG for example_nested_branch_dag
[2023-08-23T21:34:41.693-0400] {logging_mixin.py:151} INFO - [2023-08-23T21:34:41.693-0400] {dag.py:3677} INFO - Setting next_dagrun for example_nested_branch_dag to 2023-08-23T00:00:00+00:00, run_after=2023-08-24T00:00:00+00:00
[2023-08-23T21:34:41.699-0400] {processor.py:179} INFO - Processing /Users/mauri/Desktop/repositorio/apache-airflow-tutorial/env/lib/python3.11/site-packages/airflow/example_dags/example_nested_branch_dag.py took 0.373 seconds
[2023-08-23T21:35:53.105-0400] {processor.py:157} INFO - Started process (PID=8584) to work on /Users/mauri/Desktop/repositorio/apache-airflow-tutorial/env/lib/python3.11/site-packages/airflow/example_dags/example_nested_branch_dag.py
[2023-08-23T21:35:53.106-0400] {processor.py:829} INFO - Processing file /Users/mauri/Desktop/repositorio/apache-airflow-tutorial/env/lib/python3.11/site-packages/airflow/example_dags/example_nested_branch_dag.py for tasks to queue
[2023-08-23T21:35:53.107-0400] {logging_mixin.py:151} INFO - [2023-08-23T21:35:53.107-0400] {dagbag.py:539} INFO - Filling up the DagBag from /Users/mauri/Desktop/repositorio/apache-airflow-tutorial/env/lib/python3.11/site-packages/airflow/example_dags/example_nested_branch_dag.py
[2023-08-23T21:35:53.139-0400] {processor.py:839} INFO - DAG(s) dict_keys(['example_nested_branch_dag']) retrieved from /Users/mauri/Desktop/repositorio/apache-airflow-tutorial/env/lib/python3.11/site-packages/airflow/example_dags/example_nested_branch_dag.py
[2023-08-23T21:35:53.195-0400] {logging_mixin.py:151} INFO - [2023-08-23T21:35:53.194-0400] {dag.py:2907} INFO - Sync 1 DAGs
[2023-08-23T21:35:53.200-0400] {logging_mixin.py:151} INFO - [2023-08-23T21:35:53.200-0400] {dag.py:3677} INFO - Setting next_dagrun for example_nested_branch_dag to 2023-08-23T00:00:00+00:00, run_after=2023-08-24T00:00:00+00:00
[2023-08-23T21:35:53.207-0400] {processor.py:179} INFO - Processing /Users/mauri/Desktop/repositorio/apache-airflow-tutorial/env/lib/python3.11/site-packages/airflow/example_dags/example_nested_branch_dag.py took 0.102 seconds
[2023-08-23T21:37:06.537-0400] {processor.py:157} INFO - Started process (PID=8648) to work on /Users/mauri/Desktop/repositorio/apache-airflow-tutorial/env/lib/python3.11/site-packages/airflow/example_dags/example_nested_branch_dag.py
[2023-08-23T21:37:06.539-0400] {processor.py:829} INFO - Processing file /Users/mauri/Desktop/repositorio/apache-airflow-tutorial/env/lib/python3.11/site-packages/airflow/example_dags/example_nested_branch_dag.py for tasks to queue
[2023-08-23T21:37:06.540-0400] {logging_mixin.py:151} INFO - [2023-08-23T21:37:06.540-0400] {dagbag.py:539} INFO - Filling up the DagBag from /Users/mauri/Desktop/repositorio/apache-airflow-tutorial/env/lib/python3.11/site-packages/airflow/example_dags/example_nested_branch_dag.py
[2023-08-23T21:37:06.580-0400] {processor.py:839} INFO - DAG(s) dict_keys(['example_nested_branch_dag']) retrieved from /Users/mauri/Desktop/repositorio/apache-airflow-tutorial/env/lib/python3.11/site-packages/airflow/example_dags/example_nested_branch_dag.py
[2023-08-23T21:37:06.639-0400] {logging_mixin.py:151} INFO - [2023-08-23T21:37:06.639-0400] {dag.py:2907} INFO - Sync 1 DAGs
[2023-08-23T21:37:06.645-0400] {logging_mixin.py:151} INFO - [2023-08-23T21:37:06.645-0400] {dag.py:3677} INFO - Setting next_dagrun for example_nested_branch_dag to 2023-08-23T00:00:00+00:00, run_after=2023-08-24T00:00:00+00:00
[2023-08-23T21:37:06.653-0400] {processor.py:179} INFO - Processing /Users/mauri/Desktop/repositorio/apache-airflow-tutorial/env/lib/python3.11/site-packages/airflow/example_dags/example_nested_branch_dag.py took 0.117 seconds
[2023-08-23T21:38:20.596-0400] {processor.py:157} INFO - Started process (PID=8708) to work on /Users/mauri/Desktop/repositorio/apache-airflow-tutorial/env/lib/python3.11/site-packages/airflow/example_dags/example_nested_branch_dag.py
[2023-08-23T21:38:20.598-0400] {processor.py:829} INFO - Processing file /Users/mauri/Desktop/repositorio/apache-airflow-tutorial/env/lib/python3.11/site-packages/airflow/example_dags/example_nested_branch_dag.py for tasks to queue
[2023-08-23T21:38:20.598-0400] {logging_mixin.py:151} INFO - [2023-08-23T21:38:20.598-0400] {dagbag.py:539} INFO - Filling up the DagBag from /Users/mauri/Desktop/repositorio/apache-airflow-tutorial/env/lib/python3.11/site-packages/airflow/example_dags/example_nested_branch_dag.py
[2023-08-23T21:38:20.636-0400] {processor.py:839} INFO - DAG(s) dict_keys(['example_nested_branch_dag']) retrieved from /Users/mauri/Desktop/repositorio/apache-airflow-tutorial/env/lib/python3.11/site-packages/airflow/example_dags/example_nested_branch_dag.py
[2023-08-23T21:38:20.707-0400] {logging_mixin.py:151} INFO - [2023-08-23T21:38:20.707-0400] {dag.py:2907} INFO - Sync 1 DAGs
[2023-08-23T21:38:20.714-0400] {logging_mixin.py:151} INFO - [2023-08-23T21:38:20.714-0400] {dag.py:3677} INFO - Setting next_dagrun for example_nested_branch_dag to 2023-08-23T00:00:00+00:00, run_after=2023-08-24T00:00:00+00:00
[2023-08-23T21:38:20.724-0400] {processor.py:179} INFO - Processing /Users/mauri/Desktop/repositorio/apache-airflow-tutorial/env/lib/python3.11/site-packages/airflow/example_dags/example_nested_branch_dag.py took 0.129 seconds
[2023-08-23T21:39:35.992-0400] {processor.py:157} INFO - Started process (PID=8784) to work on /Users/mauri/Desktop/repositorio/apache-airflow-tutorial/env/lib/python3.11/site-packages/airflow/example_dags/example_nested_branch_dag.py
[2023-08-23T21:39:35.994-0400] {processor.py:829} INFO - Processing file /Users/mauri/Desktop/repositorio/apache-airflow-tutorial/env/lib/python3.11/site-packages/airflow/example_dags/example_nested_branch_dag.py for tasks to queue
[2023-08-23T21:39:35.995-0400] {logging_mixin.py:151} INFO - [2023-08-23T21:39:35.995-0400] {dagbag.py:539} INFO - Filling up the DagBag from /Users/mauri/Desktop/repositorio/apache-airflow-tutorial/env/lib/python3.11/site-packages/airflow/example_dags/example_nested_branch_dag.py
[2023-08-23T21:39:36.027-0400] {processor.py:839} INFO - DAG(s) dict_keys(['example_nested_branch_dag']) retrieved from /Users/mauri/Desktop/repositorio/apache-airflow-tutorial/env/lib/python3.11/site-packages/airflow/example_dags/example_nested_branch_dag.py
[2023-08-23T21:39:36.079-0400] {logging_mixin.py:151} INFO - [2023-08-23T21:39:36.079-0400] {dag.py:2907} INFO - Sync 1 DAGs
[2023-08-23T21:39:36.085-0400] {logging_mixin.py:151} INFO - [2023-08-23T21:39:36.085-0400] {dag.py:3677} INFO - Setting next_dagrun for example_nested_branch_dag to 2023-08-23T00:00:00+00:00, run_after=2023-08-24T00:00:00+00:00
[2023-08-23T21:39:36.092-0400] {processor.py:179} INFO - Processing /Users/mauri/Desktop/repositorio/apache-airflow-tutorial/env/lib/python3.11/site-packages/airflow/example_dags/example_nested_branch_dag.py took 0.101 seconds
[2023-08-23T21:40:50.636-0400] {processor.py:157} INFO - Started process (PID=8846) to work on /Users/mauri/Desktop/repositorio/apache-airflow-tutorial/env/lib/python3.11/site-packages/airflow/example_dags/example_nested_branch_dag.py
[2023-08-23T21:40:50.637-0400] {processor.py:829} INFO - Processing file /Users/mauri/Desktop/repositorio/apache-airflow-tutorial/env/lib/python3.11/site-packages/airflow/example_dags/example_nested_branch_dag.py for tasks to queue
[2023-08-23T21:40:50.637-0400] {logging_mixin.py:151} INFO - [2023-08-23T21:40:50.637-0400] {dagbag.py:539} INFO - Filling up the DagBag from /Users/mauri/Desktop/repositorio/apache-airflow-tutorial/env/lib/python3.11/site-packages/airflow/example_dags/example_nested_branch_dag.py
[2023-08-23T21:40:50.672-0400] {processor.py:839} INFO - DAG(s) dict_keys(['example_nested_branch_dag']) retrieved from /Users/mauri/Desktop/repositorio/apache-airflow-tutorial/env/lib/python3.11/site-packages/airflow/example_dags/example_nested_branch_dag.py
[2023-08-23T21:40:50.725-0400] {logging_mixin.py:151} INFO - [2023-08-23T21:40:50.725-0400] {dag.py:2907} INFO - Sync 1 DAGs
[2023-08-23T21:40:50.731-0400] {logging_mixin.py:151} INFO - [2023-08-23T21:40:50.731-0400] {dag.py:3677} INFO - Setting next_dagrun for example_nested_branch_dag to 2023-08-23T00:00:00+00:00, run_after=2023-08-24T00:00:00+00:00
[2023-08-23T21:40:50.738-0400] {processor.py:179} INFO - Processing /Users/mauri/Desktop/repositorio/apache-airflow-tutorial/env/lib/python3.11/site-packages/airflow/example_dags/example_nested_branch_dag.py took 0.103 seconds
[2023-08-23T21:42:03.389-0400] {processor.py:157} INFO - Started process (PID=8903) to work on /Users/mauri/Desktop/repositorio/apache-airflow-tutorial/env/lib/python3.11/site-packages/airflow/example_dags/example_nested_branch_dag.py
[2023-08-23T21:42:03.390-0400] {processor.py:829} INFO - Processing file /Users/mauri/Desktop/repositorio/apache-airflow-tutorial/env/lib/python3.11/site-packages/airflow/example_dags/example_nested_branch_dag.py for tasks to queue
[2023-08-23T21:42:03.390-0400] {logging_mixin.py:151} INFO - [2023-08-23T21:42:03.390-0400] {dagbag.py:539} INFO - Filling up the DagBag from /Users/mauri/Desktop/repositorio/apache-airflow-tutorial/env/lib/python3.11/site-packages/airflow/example_dags/example_nested_branch_dag.py
[2023-08-23T21:42:03.422-0400] {processor.py:839} INFO - DAG(s) dict_keys(['example_nested_branch_dag']) retrieved from /Users/mauri/Desktop/repositorio/apache-airflow-tutorial/env/lib/python3.11/site-packages/airflow/example_dags/example_nested_branch_dag.py
[2023-08-23T21:42:03.474-0400] {logging_mixin.py:151} INFO - [2023-08-23T21:42:03.474-0400] {dag.py:2907} INFO - Sync 1 DAGs
[2023-08-23T21:42:03.480-0400] {logging_mixin.py:151} INFO - [2023-08-23T21:42:03.480-0400] {dag.py:3677} INFO - Setting next_dagrun for example_nested_branch_dag to 2023-08-23T00:00:00+00:00, run_after=2023-08-24T00:00:00+00:00
[2023-08-23T21:42:03.487-0400] {processor.py:179} INFO - Processing /Users/mauri/Desktop/repositorio/apache-airflow-tutorial/env/lib/python3.11/site-packages/airflow/example_dags/example_nested_branch_dag.py took 0.099 seconds
[2023-08-23T21:43:15.443-0400] {processor.py:157} INFO - Started process (PID=8968) to work on /Users/mauri/Desktop/repositorio/apache-airflow-tutorial/env/lib/python3.11/site-packages/airflow/example_dags/example_nested_branch_dag.py
[2023-08-23T21:43:15.444-0400] {processor.py:829} INFO - Processing file /Users/mauri/Desktop/repositorio/apache-airflow-tutorial/env/lib/python3.11/site-packages/airflow/example_dags/example_nested_branch_dag.py for tasks to queue
[2023-08-23T21:43:15.444-0400] {logging_mixin.py:151} INFO - [2023-08-23T21:43:15.444-0400] {dagbag.py:539} INFO - Filling up the DagBag from /Users/mauri/Desktop/repositorio/apache-airflow-tutorial/env/lib/python3.11/site-packages/airflow/example_dags/example_nested_branch_dag.py
[2023-08-23T21:43:15.476-0400] {processor.py:839} INFO - DAG(s) dict_keys(['example_nested_branch_dag']) retrieved from /Users/mauri/Desktop/repositorio/apache-airflow-tutorial/env/lib/python3.11/site-packages/airflow/example_dags/example_nested_branch_dag.py
[2023-08-23T21:43:15.528-0400] {logging_mixin.py:151} INFO - [2023-08-23T21:43:15.528-0400] {dag.py:2907} INFO - Sync 1 DAGs
[2023-08-23T21:43:15.534-0400] {logging_mixin.py:151} INFO - [2023-08-23T21:43:15.534-0400] {dag.py:3677} INFO - Setting next_dagrun for example_nested_branch_dag to 2023-08-23T00:00:00+00:00, run_after=2023-08-24T00:00:00+00:00
[2023-08-23T21:43:15.541-0400] {processor.py:179} INFO - Processing /Users/mauri/Desktop/repositorio/apache-airflow-tutorial/env/lib/python3.11/site-packages/airflow/example_dags/example_nested_branch_dag.py took 0.099 seconds
[2023-08-23T21:44:25.480-0400] {processor.py:157} INFO - Started process (PID=9042) to work on /Users/mauri/Desktop/repositorio/apache-airflow-tutorial/env/lib/python3.11/site-packages/airflow/example_dags/example_nested_branch_dag.py
[2023-08-23T21:44:25.481-0400] {processor.py:829} INFO - Processing file /Users/mauri/Desktop/repositorio/apache-airflow-tutorial/env/lib/python3.11/site-packages/airflow/example_dags/example_nested_branch_dag.py for tasks to queue
[2023-08-23T21:44:25.481-0400] {logging_mixin.py:151} INFO - [2023-08-23T21:44:25.481-0400] {dagbag.py:539} INFO - Filling up the DagBag from /Users/mauri/Desktop/repositorio/apache-airflow-tutorial/env/lib/python3.11/site-packages/airflow/example_dags/example_nested_branch_dag.py
[2023-08-23T21:44:25.518-0400] {processor.py:839} INFO - DAG(s) dict_keys(['example_nested_branch_dag']) retrieved from /Users/mauri/Desktop/repositorio/apache-airflow-tutorial/env/lib/python3.11/site-packages/airflow/example_dags/example_nested_branch_dag.py
[2023-08-23T21:44:25.574-0400] {logging_mixin.py:151} INFO - [2023-08-23T21:44:25.574-0400] {dag.py:2907} INFO - Sync 1 DAGs
[2023-08-23T21:44:25.580-0400] {logging_mixin.py:151} INFO - [2023-08-23T21:44:25.580-0400] {dag.py:3677} INFO - Setting next_dagrun for example_nested_branch_dag to 2023-08-23T00:00:00+00:00, run_after=2023-08-24T00:00:00+00:00
[2023-08-23T21:44:25.589-0400] {processor.py:179} INFO - Processing /Users/mauri/Desktop/repositorio/apache-airflow-tutorial/env/lib/python3.11/site-packages/airflow/example_dags/example_nested_branch_dag.py took 0.110 seconds
[2023-08-23T21:45:39.802-0400] {processor.py:157} INFO - Started process (PID=9110) to work on /Users/mauri/Desktop/repositorio/apache-airflow-tutorial/env/lib/python3.11/site-packages/airflow/example_dags/example_nested_branch_dag.py
[2023-08-23T21:45:39.803-0400] {processor.py:829} INFO - Processing file /Users/mauri/Desktop/repositorio/apache-airflow-tutorial/env/lib/python3.11/site-packages/airflow/example_dags/example_nested_branch_dag.py for tasks to queue
[2023-08-23T21:45:39.803-0400] {logging_mixin.py:151} INFO - [2023-08-23T21:45:39.803-0400] {dagbag.py:539} INFO - Filling up the DagBag from /Users/mauri/Desktop/repositorio/apache-airflow-tutorial/env/lib/python3.11/site-packages/airflow/example_dags/example_nested_branch_dag.py
[2023-08-23T21:45:39.835-0400] {processor.py:839} INFO - DAG(s) dict_keys(['example_nested_branch_dag']) retrieved from /Users/mauri/Desktop/repositorio/apache-airflow-tutorial/env/lib/python3.11/site-packages/airflow/example_dags/example_nested_branch_dag.py
[2023-08-23T21:45:39.887-0400] {logging_mixin.py:151} INFO - [2023-08-23T21:45:39.887-0400] {dag.py:2907} INFO - Sync 1 DAGs
[2023-08-23T21:45:39.893-0400] {logging_mixin.py:151} INFO - [2023-08-23T21:45:39.893-0400] {dag.py:3677} INFO - Setting next_dagrun for example_nested_branch_dag to 2023-08-23T00:00:00+00:00, run_after=2023-08-24T00:00:00+00:00
[2023-08-23T21:45:39.900-0400] {processor.py:179} INFO - Processing /Users/mauri/Desktop/repositorio/apache-airflow-tutorial/env/lib/python3.11/site-packages/airflow/example_dags/example_nested_branch_dag.py took 0.099 seconds
[2023-08-23T21:46:50.907-0400] {processor.py:157} INFO - Started process (PID=9277) to work on /Users/mauri/Desktop/repositorio/apache-airflow-tutorial/env/lib/python3.11/site-packages/airflow/example_dags/example_nested_branch_dag.py
[2023-08-23T21:46:50.908-0400] {processor.py:829} INFO - Processing file /Users/mauri/Desktop/repositorio/apache-airflow-tutorial/env/lib/python3.11/site-packages/airflow/example_dags/example_nested_branch_dag.py for tasks to queue
[2023-08-23T21:46:50.908-0400] {logging_mixin.py:151} INFO - [2023-08-23T21:46:50.908-0400] {dagbag.py:539} INFO - Filling up the DagBag from /Users/mauri/Desktop/repositorio/apache-airflow-tutorial/env/lib/python3.11/site-packages/airflow/example_dags/example_nested_branch_dag.py
[2023-08-23T21:46:50.941-0400] {processor.py:839} INFO - DAG(s) dict_keys(['example_nested_branch_dag']) retrieved from /Users/mauri/Desktop/repositorio/apache-airflow-tutorial/env/lib/python3.11/site-packages/airflow/example_dags/example_nested_branch_dag.py
[2023-08-23T21:46:50.995-0400] {logging_mixin.py:151} INFO - [2023-08-23T21:46:50.995-0400] {dag.py:2907} INFO - Sync 1 DAGs
[2023-08-23T21:46:51.001-0400] {logging_mixin.py:151} INFO - [2023-08-23T21:46:51.001-0400] {dag.py:3677} INFO - Setting next_dagrun for example_nested_branch_dag to 2023-08-23T00:00:00+00:00, run_after=2023-08-24T00:00:00+00:00
[2023-08-23T21:46:51.009-0400] {processor.py:179} INFO - Processing /Users/mauri/Desktop/repositorio/apache-airflow-tutorial/env/lib/python3.11/site-packages/airflow/example_dags/example_nested_branch_dag.py took 0.103 seconds
[2023-08-23T21:48:01.467-0400] {processor.py:157} INFO - Started process (PID=9381) to work on /Users/mauri/Desktop/repositorio/apache-airflow-tutorial/env/lib/python3.11/site-packages/airflow/example_dags/example_nested_branch_dag.py
[2023-08-23T21:48:01.469-0400] {processor.py:829} INFO - Processing file /Users/mauri/Desktop/repositorio/apache-airflow-tutorial/env/lib/python3.11/site-packages/airflow/example_dags/example_nested_branch_dag.py for tasks to queue
[2023-08-23T21:48:01.469-0400] {logging_mixin.py:151} INFO - [2023-08-23T21:48:01.469-0400] {dagbag.py:539} INFO - Filling up the DagBag from /Users/mauri/Desktop/repositorio/apache-airflow-tutorial/env/lib/python3.11/site-packages/airflow/example_dags/example_nested_branch_dag.py
[2023-08-23T21:48:01.509-0400] {processor.py:839} INFO - DAG(s) dict_keys(['example_nested_branch_dag']) retrieved from /Users/mauri/Desktop/repositorio/apache-airflow-tutorial/env/lib/python3.11/site-packages/airflow/example_dags/example_nested_branch_dag.py
[2023-08-23T21:48:01.579-0400] {logging_mixin.py:151} INFO - [2023-08-23T21:48:01.579-0400] {dag.py:2907} INFO - Sync 1 DAGs
[2023-08-23T21:48:01.585-0400] {logging_mixin.py:151} INFO - [2023-08-23T21:48:01.585-0400] {dag.py:3677} INFO - Setting next_dagrun for example_nested_branch_dag to 2023-08-23T00:00:00+00:00, run_after=2023-08-24T00:00:00+00:00
[2023-08-23T21:48:01.593-0400] {processor.py:179} INFO - Processing /Users/mauri/Desktop/repositorio/apache-airflow-tutorial/env/lib/python3.11/site-packages/airflow/example_dags/example_nested_branch_dag.py took 0.126 seconds
[2023-08-23T21:49:14.630-0400] {processor.py:157} INFO - Started process (PID=9465) to work on /Users/mauri/Desktop/repositorio/apache-airflow-tutorial/env/lib/python3.11/site-packages/airflow/example_dags/example_nested_branch_dag.py
[2023-08-23T21:49:14.632-0400] {processor.py:829} INFO - Processing file /Users/mauri/Desktop/repositorio/apache-airflow-tutorial/env/lib/python3.11/site-packages/airflow/example_dags/example_nested_branch_dag.py for tasks to queue
[2023-08-23T21:49:14.632-0400] {logging_mixin.py:151} INFO - [2023-08-23T21:49:14.632-0400] {dagbag.py:539} INFO - Filling up the DagBag from /Users/mauri/Desktop/repositorio/apache-airflow-tutorial/env/lib/python3.11/site-packages/airflow/example_dags/example_nested_branch_dag.py
[2023-08-23T21:49:14.664-0400] {processor.py:839} INFO - DAG(s) dict_keys(['example_nested_branch_dag']) retrieved from /Users/mauri/Desktop/repositorio/apache-airflow-tutorial/env/lib/python3.11/site-packages/airflow/example_dags/example_nested_branch_dag.py
[2023-08-23T21:49:14.717-0400] {logging_mixin.py:151} INFO - [2023-08-23T21:49:14.717-0400] {dag.py:2907} INFO - Sync 1 DAGs
[2023-08-23T21:49:14.723-0400] {logging_mixin.py:151} INFO - [2023-08-23T21:49:14.723-0400] {dag.py:3677} INFO - Setting next_dagrun for example_nested_branch_dag to 2023-08-23T00:00:00+00:00, run_after=2023-08-24T00:00:00+00:00
[2023-08-23T21:49:14.730-0400] {processor.py:179} INFO - Processing /Users/mauri/Desktop/repositorio/apache-airflow-tutorial/env/lib/python3.11/site-packages/airflow/example_dags/example_nested_branch_dag.py took 0.100 seconds
[2023-08-23T21:50:29.991-0400] {processor.py:157} INFO - Started process (PID=9535) to work on /Users/mauri/Desktop/repositorio/apache-airflow-tutorial/env/lib/python3.11/site-packages/airflow/example_dags/example_nested_branch_dag.py
[2023-08-23T21:50:29.994-0400] {processor.py:829} INFO - Processing file /Users/mauri/Desktop/repositorio/apache-airflow-tutorial/env/lib/python3.11/site-packages/airflow/example_dags/example_nested_branch_dag.py for tasks to queue
[2023-08-23T21:50:29.994-0400] {logging_mixin.py:151} INFO - [2023-08-23T21:50:29.994-0400] {dagbag.py:539} INFO - Filling up the DagBag from /Users/mauri/Desktop/repositorio/apache-airflow-tutorial/env/lib/python3.11/site-packages/airflow/example_dags/example_nested_branch_dag.py
[2023-08-23T21:50:30.026-0400] {processor.py:839} INFO - DAG(s) dict_keys(['example_nested_branch_dag']) retrieved from /Users/mauri/Desktop/repositorio/apache-airflow-tutorial/env/lib/python3.11/site-packages/airflow/example_dags/example_nested_branch_dag.py
[2023-08-23T21:50:30.080-0400] {logging_mixin.py:151} INFO - [2023-08-23T21:50:30.080-0400] {dag.py:2907} INFO - Sync 1 DAGs
[2023-08-23T21:50:30.086-0400] {logging_mixin.py:151} INFO - [2023-08-23T21:50:30.086-0400] {dag.py:3677} INFO - Setting next_dagrun for example_nested_branch_dag to 2023-08-23T00:00:00+00:00, run_after=2023-08-24T00:00:00+00:00
[2023-08-23T21:50:30.094-0400] {processor.py:179} INFO - Processing /Users/mauri/Desktop/repositorio/apache-airflow-tutorial/env/lib/python3.11/site-packages/airflow/example_dags/example_nested_branch_dag.py took 0.103 seconds
[2023-08-23T21:51:44.399-0400] {processor.py:157} INFO - Started process (PID=9631) to work on /Users/mauri/Desktop/repositorio/apache-airflow-tutorial/env/lib/python3.11/site-packages/airflow/example_dags/example_nested_branch_dag.py
[2023-08-23T21:51:44.402-0400] {processor.py:829} INFO - Processing file /Users/mauri/Desktop/repositorio/apache-airflow-tutorial/env/lib/python3.11/site-packages/airflow/example_dags/example_nested_branch_dag.py for tasks to queue
[2023-08-23T21:51:44.402-0400] {logging_mixin.py:151} INFO - [2023-08-23T21:51:44.402-0400] {dagbag.py:539} INFO - Filling up the DagBag from /Users/mauri/Desktop/repositorio/apache-airflow-tutorial/env/lib/python3.11/site-packages/airflow/example_dags/example_nested_branch_dag.py
[2023-08-23T21:51:44.434-0400] {processor.py:839} INFO - DAG(s) dict_keys(['example_nested_branch_dag']) retrieved from /Users/mauri/Desktop/repositorio/apache-airflow-tutorial/env/lib/python3.11/site-packages/airflow/example_dags/example_nested_branch_dag.py
[2023-08-23T21:51:44.486-0400] {logging_mixin.py:151} INFO - [2023-08-23T21:51:44.486-0400] {dag.py:2907} INFO - Sync 1 DAGs
[2023-08-23T21:51:44.492-0400] {logging_mixin.py:151} INFO - [2023-08-23T21:51:44.492-0400] {dag.py:3677} INFO - Setting next_dagrun for example_nested_branch_dag to 2023-08-23T00:00:00+00:00, run_after=2023-08-24T00:00:00+00:00
[2023-08-23T21:51:44.500-0400] {processor.py:179} INFO - Processing /Users/mauri/Desktop/repositorio/apache-airflow-tutorial/env/lib/python3.11/site-packages/airflow/example_dags/example_nested_branch_dag.py took 0.101 seconds
[2023-08-23T21:52:55.486-0400] {processor.py:157} INFO - Started process (PID=9696) to work on /Users/mauri/Desktop/repositorio/apache-airflow-tutorial/env/lib/python3.11/site-packages/airflow/example_dags/example_nested_branch_dag.py
[2023-08-23T21:52:55.487-0400] {processor.py:829} INFO - Processing file /Users/mauri/Desktop/repositorio/apache-airflow-tutorial/env/lib/python3.11/site-packages/airflow/example_dags/example_nested_branch_dag.py for tasks to queue
[2023-08-23T21:52:55.487-0400] {logging_mixin.py:151} INFO - [2023-08-23T21:52:55.487-0400] {dagbag.py:539} INFO - Filling up the DagBag from /Users/mauri/Desktop/repositorio/apache-airflow-tutorial/env/lib/python3.11/site-packages/airflow/example_dags/example_nested_branch_dag.py
[2023-08-23T21:52:55.519-0400] {processor.py:839} INFO - DAG(s) dict_keys(['example_nested_branch_dag']) retrieved from /Users/mauri/Desktop/repositorio/apache-airflow-tutorial/env/lib/python3.11/site-packages/airflow/example_dags/example_nested_branch_dag.py
[2023-08-23T21:52:55.571-0400] {logging_mixin.py:151} INFO - [2023-08-23T21:52:55.571-0400] {dag.py:2907} INFO - Sync 1 DAGs
[2023-08-23T21:52:55.577-0400] {logging_mixin.py:151} INFO - [2023-08-23T21:52:55.577-0400] {dag.py:3677} INFO - Setting next_dagrun for example_nested_branch_dag to 2023-08-23T00:00:00+00:00, run_after=2023-08-24T00:00:00+00:00
[2023-08-23T21:52:55.584-0400] {processor.py:179} INFO - Processing /Users/mauri/Desktop/repositorio/apache-airflow-tutorial/env/lib/python3.11/site-packages/airflow/example_dags/example_nested_branch_dag.py took 0.098 seconds
[2023-08-23T21:54:06.273-0400] {processor.py:157} INFO - Started process (PID=9763) to work on /Users/mauri/Desktop/repositorio/apache-airflow-tutorial/env/lib/python3.11/site-packages/airflow/example_dags/example_nested_branch_dag.py
[2023-08-23T21:54:06.274-0400] {processor.py:829} INFO - Processing file /Users/mauri/Desktop/repositorio/apache-airflow-tutorial/env/lib/python3.11/site-packages/airflow/example_dags/example_nested_branch_dag.py for tasks to queue
[2023-08-23T21:54:06.274-0400] {logging_mixin.py:151} INFO - [2023-08-23T21:54:06.274-0400] {dagbag.py:539} INFO - Filling up the DagBag from /Users/mauri/Desktop/repositorio/apache-airflow-tutorial/env/lib/python3.11/site-packages/airflow/example_dags/example_nested_branch_dag.py
[2023-08-23T21:54:06.306-0400] {processor.py:839} INFO - DAG(s) dict_keys(['example_nested_branch_dag']) retrieved from /Users/mauri/Desktop/repositorio/apache-airflow-tutorial/env/lib/python3.11/site-packages/airflow/example_dags/example_nested_branch_dag.py
[2023-08-23T21:54:06.360-0400] {logging_mixin.py:151} INFO - [2023-08-23T21:54:06.359-0400] {dag.py:2907} INFO - Sync 1 DAGs
[2023-08-23T21:54:06.365-0400] {logging_mixin.py:151} INFO - [2023-08-23T21:54:06.365-0400] {dag.py:3677} INFO - Setting next_dagrun for example_nested_branch_dag to 2023-08-23T00:00:00+00:00, run_after=2023-08-24T00:00:00+00:00
[2023-08-23T21:54:06.373-0400] {processor.py:179} INFO - Processing /Users/mauri/Desktop/repositorio/apache-airflow-tutorial/env/lib/python3.11/site-packages/airflow/example_dags/example_nested_branch_dag.py took 0.100 seconds
[2023-08-23T21:55:18.596-0400] {processor.py:157} INFO - Started process (PID=9824) to work on /Users/mauri/Desktop/repositorio/apache-airflow-tutorial/env/lib/python3.11/site-packages/airflow/example_dags/example_nested_branch_dag.py
[2023-08-23T21:55:18.597-0400] {processor.py:829} INFO - Processing file /Users/mauri/Desktop/repositorio/apache-airflow-tutorial/env/lib/python3.11/site-packages/airflow/example_dags/example_nested_branch_dag.py for tasks to queue
[2023-08-23T21:55:18.597-0400] {logging_mixin.py:151} INFO - [2023-08-23T21:55:18.597-0400] {dagbag.py:539} INFO - Filling up the DagBag from /Users/mauri/Desktop/repositorio/apache-airflow-tutorial/env/lib/python3.11/site-packages/airflow/example_dags/example_nested_branch_dag.py
[2023-08-23T21:55:18.629-0400] {processor.py:839} INFO - DAG(s) dict_keys(['example_nested_branch_dag']) retrieved from /Users/mauri/Desktop/repositorio/apache-airflow-tutorial/env/lib/python3.11/site-packages/airflow/example_dags/example_nested_branch_dag.py
[2023-08-23T21:55:18.682-0400] {logging_mixin.py:151} INFO - [2023-08-23T21:55:18.681-0400] {dag.py:2907} INFO - Sync 1 DAGs
[2023-08-23T21:55:18.687-0400] {logging_mixin.py:151} INFO - [2023-08-23T21:55:18.687-0400] {dag.py:3677} INFO - Setting next_dagrun for example_nested_branch_dag to 2023-08-23T00:00:00+00:00, run_after=2023-08-24T00:00:00+00:00
[2023-08-23T21:55:18.694-0400] {processor.py:179} INFO - Processing /Users/mauri/Desktop/repositorio/apache-airflow-tutorial/env/lib/python3.11/site-packages/airflow/example_dags/example_nested_branch_dag.py took 0.099 seconds
[2023-08-23T21:56:31.685-0400] {processor.py:157} INFO - Started process (PID=9895) to work on /Users/mauri/Desktop/repositorio/apache-airflow-tutorial/env/lib/python3.11/site-packages/airflow/example_dags/example_nested_branch_dag.py
[2023-08-23T21:56:31.686-0400] {processor.py:829} INFO - Processing file /Users/mauri/Desktop/repositorio/apache-airflow-tutorial/env/lib/python3.11/site-packages/airflow/example_dags/example_nested_branch_dag.py for tasks to queue
[2023-08-23T21:56:31.686-0400] {logging_mixin.py:151} INFO - [2023-08-23T21:56:31.686-0400] {dagbag.py:539} INFO - Filling up the DagBag from /Users/mauri/Desktop/repositorio/apache-airflow-tutorial/env/lib/python3.11/site-packages/airflow/example_dags/example_nested_branch_dag.py
[2023-08-23T21:56:31.719-0400] {processor.py:839} INFO - DAG(s) dict_keys(['example_nested_branch_dag']) retrieved from /Users/mauri/Desktop/repositorio/apache-airflow-tutorial/env/lib/python3.11/site-packages/airflow/example_dags/example_nested_branch_dag.py
[2023-08-23T21:56:31.771-0400] {logging_mixin.py:151} INFO - [2023-08-23T21:56:31.771-0400] {dag.py:2907} INFO - Sync 1 DAGs
[2023-08-23T21:56:31.777-0400] {logging_mixin.py:151} INFO - [2023-08-23T21:56:31.777-0400] {dag.py:3677} INFO - Setting next_dagrun for example_nested_branch_dag to 2023-08-23T00:00:00+00:00, run_after=2023-08-24T00:00:00+00:00
[2023-08-23T21:56:31.785-0400] {processor.py:179} INFO - Processing /Users/mauri/Desktop/repositorio/apache-airflow-tutorial/env/lib/python3.11/site-packages/airflow/example_dags/example_nested_branch_dag.py took 0.101 seconds
[2023-08-23T21:57:47.376-0400] {processor.py:157} INFO - Started process (PID=9962) to work on /Users/mauri/Desktop/repositorio/apache-airflow-tutorial/env/lib/python3.11/site-packages/airflow/example_dags/example_nested_branch_dag.py
[2023-08-23T21:57:47.377-0400] {processor.py:829} INFO - Processing file /Users/mauri/Desktop/repositorio/apache-airflow-tutorial/env/lib/python3.11/site-packages/airflow/example_dags/example_nested_branch_dag.py for tasks to queue
[2023-08-23T21:57:47.378-0400] {logging_mixin.py:151} INFO - [2023-08-23T21:57:47.378-0400] {dagbag.py:539} INFO - Filling up the DagBag from /Users/mauri/Desktop/repositorio/apache-airflow-tutorial/env/lib/python3.11/site-packages/airflow/example_dags/example_nested_branch_dag.py
[2023-08-23T21:57:47.412-0400] {processor.py:839} INFO - DAG(s) dict_keys(['example_nested_branch_dag']) retrieved from /Users/mauri/Desktop/repositorio/apache-airflow-tutorial/env/lib/python3.11/site-packages/airflow/example_dags/example_nested_branch_dag.py
[2023-08-23T21:57:47.466-0400] {logging_mixin.py:151} INFO - [2023-08-23T21:57:47.465-0400] {dag.py:2907} INFO - Sync 1 DAGs
[2023-08-23T21:57:47.471-0400] {logging_mixin.py:151} INFO - [2023-08-23T21:57:47.471-0400] {dag.py:3677} INFO - Setting next_dagrun for example_nested_branch_dag to 2023-08-23T00:00:00+00:00, run_after=2023-08-24T00:00:00+00:00
[2023-08-23T21:57:47.480-0400] {processor.py:179} INFO - Processing /Users/mauri/Desktop/repositorio/apache-airflow-tutorial/env/lib/python3.11/site-packages/airflow/example_dags/example_nested_branch_dag.py took 0.104 seconds
[2023-08-23T21:59:02.781-0400] {processor.py:157} INFO - Started process (PID=10027) to work on /Users/mauri/Desktop/repositorio/apache-airflow-tutorial/env/lib/python3.11/site-packages/airflow/example_dags/example_nested_branch_dag.py
[2023-08-23T21:59:02.782-0400] {processor.py:829} INFO - Processing file /Users/mauri/Desktop/repositorio/apache-airflow-tutorial/env/lib/python3.11/site-packages/airflow/example_dags/example_nested_branch_dag.py for tasks to queue
[2023-08-23T21:59:02.783-0400] {logging_mixin.py:151} INFO - [2023-08-23T21:59:02.782-0400] {dagbag.py:539} INFO - Filling up the DagBag from /Users/mauri/Desktop/repositorio/apache-airflow-tutorial/env/lib/python3.11/site-packages/airflow/example_dags/example_nested_branch_dag.py
[2023-08-23T21:59:02.815-0400] {processor.py:839} INFO - DAG(s) dict_keys(['example_nested_branch_dag']) retrieved from /Users/mauri/Desktop/repositorio/apache-airflow-tutorial/env/lib/python3.11/site-packages/airflow/example_dags/example_nested_branch_dag.py
[2023-08-23T21:59:02.869-0400] {logging_mixin.py:151} INFO - [2023-08-23T21:59:02.869-0400] {dag.py:2907} INFO - Sync 1 DAGs
[2023-08-23T21:59:02.875-0400] {logging_mixin.py:151} INFO - [2023-08-23T21:59:02.874-0400] {dag.py:3677} INFO - Setting next_dagrun for example_nested_branch_dag to 2023-08-23T00:00:00+00:00, run_after=2023-08-24T00:00:00+00:00
[2023-08-23T21:59:02.882-0400] {processor.py:179} INFO - Processing /Users/mauri/Desktop/repositorio/apache-airflow-tutorial/env/lib/python3.11/site-packages/airflow/example_dags/example_nested_branch_dag.py took 0.101 seconds
