[2023-08-23T21:34:09.849-0400] {processor.py:157} INFO - Started process (PID=8502) to work on /Users/mauri/Desktop/repositorio/apache-airflow-tutorial/env/lib/python3.11/site-packages/airflow/example_dags/example_trigger_controller_dag.py
[2023-08-23T21:34:09.850-0400] {processor.py:829} INFO - Processing file /Users/mauri/Desktop/repositorio/apache-airflow-tutorial/env/lib/python3.11/site-packages/airflow/example_dags/example_trigger_controller_dag.py for tasks to queue
[2023-08-23T21:34:09.851-0400] {logging_mixin.py:151} INFO - [2023-08-23T21:34:09.850-0400] {dagbag.py:539} INFO - Filling up the DagBag from /Users/mauri/Desktop/repositorio/apache-airflow-tutorial/env/lib/python3.11/site-packages/airflow/example_dags/example_trigger_controller_dag.py
[2023-08-23T21:34:09.859-0400] {processor.py:839} INFO - DAG(s) dict_keys(['example_trigger_controller_dag']) retrieved from /Users/mauri/Desktop/repositorio/apache-airflow-tutorial/env/lib/python3.11/site-packages/airflow/example_dags/example_trigger_controller_dag.py
[2023-08-23T21:34:10.188-0400] {logging_mixin.py:151} INFO - [2023-08-23T21:34:10.188-0400] {manager.py:501} INFO - Created Permission View: can read on DAG:example_trigger_controller_dag
[2023-08-23T21:34:10.191-0400] {logging_mixin.py:151} INFO - [2023-08-23T21:34:10.191-0400] {manager.py:501} INFO - Created Permission View: can edit on DAG:example_trigger_controller_dag
[2023-08-23T21:34:10.192-0400] {logging_mixin.py:151} INFO - [2023-08-23T21:34:10.192-0400] {manager.py:501} INFO - Created Permission View: can delete on DAG:example_trigger_controller_dag
[2023-08-23T21:34:10.196-0400] {logging_mixin.py:151} INFO - [2023-08-23T21:34:10.196-0400] {dag.py:2907} INFO - Sync 1 DAGs
[2023-08-23T21:34:10.199-0400] {logging_mixin.py:151} INFO - [2023-08-23T21:34:10.199-0400] {dag.py:2929} INFO - Creating ORM DAG for example_trigger_controller_dag
[2023-08-23T21:34:10.201-0400] {logging_mixin.py:151} INFO - [2023-08-23T21:34:10.201-0400] {dag.py:3677} INFO - Setting next_dagrun for example_trigger_controller_dag to 2021-01-01T00:00:00+00:00, run_after=2021-01-01T00:00:00+00:00
[2023-08-23T21:34:10.207-0400] {processor.py:179} INFO - Processing /Users/mauri/Desktop/repositorio/apache-airflow-tutorial/env/lib/python3.11/site-packages/airflow/example_dags/example_trigger_controller_dag.py took 0.358 seconds
[2023-08-23T21:35:29.973-0400] {processor.py:157} INFO - Started process (PID=8561) to work on /Users/mauri/Desktop/repositorio/apache-airflow-tutorial/env/lib/python3.11/site-packages/airflow/example_dags/example_trigger_controller_dag.py
[2023-08-23T21:35:29.976-0400] {processor.py:829} INFO - Processing file /Users/mauri/Desktop/repositorio/apache-airflow-tutorial/env/lib/python3.11/site-packages/airflow/example_dags/example_trigger_controller_dag.py for tasks to queue
[2023-08-23T21:35:29.976-0400] {logging_mixin.py:151} INFO - [2023-08-23T21:35:29.976-0400] {dagbag.py:539} INFO - Filling up the DagBag from /Users/mauri/Desktop/repositorio/apache-airflow-tutorial/env/lib/python3.11/site-packages/airflow/example_dags/example_trigger_controller_dag.py
[2023-08-23T21:35:29.984-0400] {processor.py:839} INFO - DAG(s) dict_keys(['example_trigger_controller_dag']) retrieved from /Users/mauri/Desktop/repositorio/apache-airflow-tutorial/env/lib/python3.11/site-packages/airflow/example_dags/example_trigger_controller_dag.py
[2023-08-23T21:35:30.051-0400] {logging_mixin.py:151} INFO - [2023-08-23T21:35:30.051-0400] {dag.py:2907} INFO - Sync 1 DAGs
[2023-08-23T21:35:30.056-0400] {logging_mixin.py:151} INFO - [2023-08-23T21:35:30.056-0400] {dag.py:3677} INFO - Setting next_dagrun for example_trigger_controller_dag to 2021-01-01T00:00:00+00:00, run_after=2021-01-01T00:00:00+00:00
[2023-08-23T21:35:30.062-0400] {processor.py:179} INFO - Processing /Users/mauri/Desktop/repositorio/apache-airflow-tutorial/env/lib/python3.11/site-packages/airflow/example_dags/example_trigger_controller_dag.py took 0.089 seconds
[2023-08-23T21:36:42.950-0400] {processor.py:157} INFO - Started process (PID=8631) to work on /Users/mauri/Desktop/repositorio/apache-airflow-tutorial/env/lib/python3.11/site-packages/airflow/example_dags/example_trigger_controller_dag.py
[2023-08-23T21:36:42.952-0400] {processor.py:829} INFO - Processing file /Users/mauri/Desktop/repositorio/apache-airflow-tutorial/env/lib/python3.11/site-packages/airflow/example_dags/example_trigger_controller_dag.py for tasks to queue
[2023-08-23T21:36:42.952-0400] {logging_mixin.py:151} INFO - [2023-08-23T21:36:42.952-0400] {dagbag.py:539} INFO - Filling up the DagBag from /Users/mauri/Desktop/repositorio/apache-airflow-tutorial/env/lib/python3.11/site-packages/airflow/example_dags/example_trigger_controller_dag.py
[2023-08-23T21:36:42.960-0400] {processor.py:839} INFO - DAG(s) dict_keys(['example_trigger_controller_dag']) retrieved from /Users/mauri/Desktop/repositorio/apache-airflow-tutorial/env/lib/python3.11/site-packages/airflow/example_dags/example_trigger_controller_dag.py
[2023-08-23T21:36:43.027-0400] {logging_mixin.py:151} INFO - [2023-08-23T21:36:43.027-0400] {dag.py:2907} INFO - Sync 1 DAGs
[2023-08-23T21:36:43.032-0400] {logging_mixin.py:151} INFO - [2023-08-23T21:36:43.032-0400] {dag.py:3677} INFO - Setting next_dagrun for example_trigger_controller_dag to 2021-01-01T00:00:00+00:00, run_after=2021-01-01T00:00:00+00:00
[2023-08-23T21:36:43.039-0400] {processor.py:179} INFO - Processing /Users/mauri/Desktop/repositorio/apache-airflow-tutorial/env/lib/python3.11/site-packages/airflow/example_dags/example_trigger_controller_dag.py took 0.089 seconds
[2023-08-23T21:37:56.510-0400] {processor.py:157} INFO - Started process (PID=8690) to work on /Users/mauri/Desktop/repositorio/apache-airflow-tutorial/env/lib/python3.11/site-packages/airflow/example_dags/example_trigger_controller_dag.py
[2023-08-23T21:37:56.512-0400] {processor.py:829} INFO - Processing file /Users/mauri/Desktop/repositorio/apache-airflow-tutorial/env/lib/python3.11/site-packages/airflow/example_dags/example_trigger_controller_dag.py for tasks to queue
[2023-08-23T21:37:56.513-0400] {logging_mixin.py:151} INFO - [2023-08-23T21:37:56.513-0400] {dagbag.py:539} INFO - Filling up the DagBag from /Users/mauri/Desktop/repositorio/apache-airflow-tutorial/env/lib/python3.11/site-packages/airflow/example_dags/example_trigger_controller_dag.py
[2023-08-23T21:37:56.520-0400] {processor.py:839} INFO - DAG(s) dict_keys(['example_trigger_controller_dag']) retrieved from /Users/mauri/Desktop/repositorio/apache-airflow-tutorial/env/lib/python3.11/site-packages/airflow/example_dags/example_trigger_controller_dag.py
[2023-08-23T21:37:56.587-0400] {logging_mixin.py:151} INFO - [2023-08-23T21:37:56.587-0400] {dag.py:2907} INFO - Sync 1 DAGs
[2023-08-23T21:37:56.593-0400] {logging_mixin.py:151} INFO - [2023-08-23T21:37:56.592-0400] {dag.py:3677} INFO - Setting next_dagrun for example_trigger_controller_dag to 2021-01-01T00:00:00+00:00, run_after=2021-01-01T00:00:00+00:00
[2023-08-23T21:37:56.599-0400] {processor.py:179} INFO - Processing /Users/mauri/Desktop/repositorio/apache-airflow-tutorial/env/lib/python3.11/site-packages/airflow/example_dags/example_trigger_controller_dag.py took 0.090 seconds
[2023-08-23T21:39:12.490-0400] {processor.py:157} INFO - Started process (PID=8765) to work on /Users/mauri/Desktop/repositorio/apache-airflow-tutorial/env/lib/python3.11/site-packages/airflow/example_dags/example_trigger_controller_dag.py
[2023-08-23T21:39:12.492-0400] {processor.py:829} INFO - Processing file /Users/mauri/Desktop/repositorio/apache-airflow-tutorial/env/lib/python3.11/site-packages/airflow/example_dags/example_trigger_controller_dag.py for tasks to queue
[2023-08-23T21:39:12.493-0400] {logging_mixin.py:151} INFO - [2023-08-23T21:39:12.493-0400] {dagbag.py:539} INFO - Filling up the DagBag from /Users/mauri/Desktop/repositorio/apache-airflow-tutorial/env/lib/python3.11/site-packages/airflow/example_dags/example_trigger_controller_dag.py
[2023-08-23T21:39:12.500-0400] {processor.py:839} INFO - DAG(s) dict_keys(['example_trigger_controller_dag']) retrieved from /Users/mauri/Desktop/repositorio/apache-airflow-tutorial/env/lib/python3.11/site-packages/airflow/example_dags/example_trigger_controller_dag.py
[2023-08-23T21:39:12.567-0400] {logging_mixin.py:151} INFO - [2023-08-23T21:39:12.567-0400] {dag.py:2907} INFO - Sync 1 DAGs
[2023-08-23T21:39:12.573-0400] {logging_mixin.py:151} INFO - [2023-08-23T21:39:12.573-0400] {dag.py:3677} INFO - Setting next_dagrun for example_trigger_controller_dag to 2021-01-01T00:00:00+00:00, run_after=2021-01-01T00:00:00+00:00
[2023-08-23T21:39:12.580-0400] {processor.py:179} INFO - Processing /Users/mauri/Desktop/repositorio/apache-airflow-tutorial/env/lib/python3.11/site-packages/airflow/example_dags/example_trigger_controller_dag.py took 0.090 seconds
[2023-08-23T21:40:26.573-0400] {processor.py:157} INFO - Started process (PID=8827) to work on /Users/mauri/Desktop/repositorio/apache-airflow-tutorial/env/lib/python3.11/site-packages/airflow/example_dags/example_trigger_controller_dag.py
[2023-08-23T21:40:26.574-0400] {processor.py:829} INFO - Processing file /Users/mauri/Desktop/repositorio/apache-airflow-tutorial/env/lib/python3.11/site-packages/airflow/example_dags/example_trigger_controller_dag.py for tasks to queue
[2023-08-23T21:40:26.574-0400] {logging_mixin.py:151} INFO - [2023-08-23T21:40:26.574-0400] {dagbag.py:539} INFO - Filling up the DagBag from /Users/mauri/Desktop/repositorio/apache-airflow-tutorial/env/lib/python3.11/site-packages/airflow/example_dags/example_trigger_controller_dag.py
[2023-08-23T21:40:26.581-0400] {processor.py:839} INFO - DAG(s) dict_keys(['example_trigger_controller_dag']) retrieved from /Users/mauri/Desktop/repositorio/apache-airflow-tutorial/env/lib/python3.11/site-packages/airflow/example_dags/example_trigger_controller_dag.py
[2023-08-23T21:40:26.650-0400] {logging_mixin.py:151} INFO - [2023-08-23T21:40:26.650-0400] {dag.py:2907} INFO - Sync 1 DAGs
[2023-08-23T21:40:26.656-0400] {logging_mixin.py:151} INFO - [2023-08-23T21:40:26.656-0400] {dag.py:3677} INFO - Setting next_dagrun for example_trigger_controller_dag to 2021-01-01T00:00:00+00:00, run_after=2021-01-01T00:00:00+00:00
[2023-08-23T21:40:26.663-0400] {processor.py:179} INFO - Processing /Users/mauri/Desktop/repositorio/apache-airflow-tutorial/env/lib/python3.11/site-packages/airflow/example_dags/example_trigger_controller_dag.py took 0.090 seconds
[2023-08-23T21:41:39.560-0400] {processor.py:157} INFO - Started process (PID=8885) to work on /Users/mauri/Desktop/repositorio/apache-airflow-tutorial/env/lib/python3.11/site-packages/airflow/example_dags/example_trigger_controller_dag.py
[2023-08-23T21:41:39.562-0400] {processor.py:829} INFO - Processing file /Users/mauri/Desktop/repositorio/apache-airflow-tutorial/env/lib/python3.11/site-packages/airflow/example_dags/example_trigger_controller_dag.py for tasks to queue
[2023-08-23T21:41:39.562-0400] {logging_mixin.py:151} INFO - [2023-08-23T21:41:39.562-0400] {dagbag.py:539} INFO - Filling up the DagBag from /Users/mauri/Desktop/repositorio/apache-airflow-tutorial/env/lib/python3.11/site-packages/airflow/example_dags/example_trigger_controller_dag.py
[2023-08-23T21:41:39.569-0400] {processor.py:839} INFO - DAG(s) dict_keys(['example_trigger_controller_dag']) retrieved from /Users/mauri/Desktop/repositorio/apache-airflow-tutorial/env/lib/python3.11/site-packages/airflow/example_dags/example_trigger_controller_dag.py
[2023-08-23T21:41:39.636-0400] {logging_mixin.py:151} INFO - [2023-08-23T21:41:39.636-0400] {dag.py:2907} INFO - Sync 1 DAGs
[2023-08-23T21:41:39.642-0400] {logging_mixin.py:151} INFO - [2023-08-23T21:41:39.642-0400] {dag.py:3677} INFO - Setting next_dagrun for example_trigger_controller_dag to 2021-01-01T00:00:00+00:00, run_after=2021-01-01T00:00:00+00:00
[2023-08-23T21:41:39.648-0400] {processor.py:179} INFO - Processing /Users/mauri/Desktop/repositorio/apache-airflow-tutorial/env/lib/python3.11/site-packages/airflow/example_dags/example_trigger_controller_dag.py took 0.088 seconds
[2023-08-23T21:42:52.498-0400] {processor.py:157} INFO - Started process (PID=8951) to work on /Users/mauri/Desktop/repositorio/apache-airflow-tutorial/env/lib/python3.11/site-packages/airflow/example_dags/example_trigger_controller_dag.py
[2023-08-23T21:42:52.500-0400] {processor.py:829} INFO - Processing file /Users/mauri/Desktop/repositorio/apache-airflow-tutorial/env/lib/python3.11/site-packages/airflow/example_dags/example_trigger_controller_dag.py for tasks to queue
[2023-08-23T21:42:52.500-0400] {logging_mixin.py:151} INFO - [2023-08-23T21:42:52.500-0400] {dagbag.py:539} INFO - Filling up the DagBag from /Users/mauri/Desktop/repositorio/apache-airflow-tutorial/env/lib/python3.11/site-packages/airflow/example_dags/example_trigger_controller_dag.py
[2023-08-23T21:42:52.507-0400] {processor.py:839} INFO - DAG(s) dict_keys(['example_trigger_controller_dag']) retrieved from /Users/mauri/Desktop/repositorio/apache-airflow-tutorial/env/lib/python3.11/site-packages/airflow/example_dags/example_trigger_controller_dag.py
[2023-08-23T21:42:52.574-0400] {logging_mixin.py:151} INFO - [2023-08-23T21:42:52.573-0400] {dag.py:2907} INFO - Sync 1 DAGs
[2023-08-23T21:42:52.579-0400] {logging_mixin.py:151} INFO - [2023-08-23T21:42:52.579-0400] {dag.py:3677} INFO - Setting next_dagrun for example_trigger_controller_dag to 2021-01-01T00:00:00+00:00, run_after=2021-01-01T00:00:00+00:00
[2023-08-23T21:42:52.586-0400] {processor.py:179} INFO - Processing /Users/mauri/Desktop/repositorio/apache-airflow-tutorial/env/lib/python3.11/site-packages/airflow/example_dags/example_trigger_controller_dag.py took 0.088 seconds
[2023-08-23T21:44:01.913-0400] {processor.py:157} INFO - Started process (PID=9014) to work on /Users/mauri/Desktop/repositorio/apache-airflow-tutorial/env/lib/python3.11/site-packages/airflow/example_dags/example_trigger_controller_dag.py
[2023-08-23T21:44:01.914-0400] {processor.py:829} INFO - Processing file /Users/mauri/Desktop/repositorio/apache-airflow-tutorial/env/lib/python3.11/site-packages/airflow/example_dags/example_trigger_controller_dag.py for tasks to queue
[2023-08-23T21:44:01.914-0400] {logging_mixin.py:151} INFO - [2023-08-23T21:44:01.914-0400] {dagbag.py:539} INFO - Filling up the DagBag from /Users/mauri/Desktop/repositorio/apache-airflow-tutorial/env/lib/python3.11/site-packages/airflow/example_dags/example_trigger_controller_dag.py
[2023-08-23T21:44:01.921-0400] {processor.py:839} INFO - DAG(s) dict_keys(['example_trigger_controller_dag']) retrieved from /Users/mauri/Desktop/repositorio/apache-airflow-tutorial/env/lib/python3.11/site-packages/airflow/example_dags/example_trigger_controller_dag.py
[2023-08-23T21:44:01.987-0400] {logging_mixin.py:151} INFO - [2023-08-23T21:44:01.987-0400] {dag.py:2907} INFO - Sync 1 DAGs
[2023-08-23T21:44:01.993-0400] {logging_mixin.py:151} INFO - [2023-08-23T21:44:01.993-0400] {dag.py:3677} INFO - Setting next_dagrun for example_trigger_controller_dag to 2021-01-01T00:00:00+00:00, run_after=2021-01-01T00:00:00+00:00
[2023-08-23T21:44:01.999-0400] {processor.py:179} INFO - Processing /Users/mauri/Desktop/repositorio/apache-airflow-tutorial/env/lib/python3.11/site-packages/airflow/example_dags/example_trigger_controller_dag.py took 0.087 seconds
[2023-08-23T21:45:15.688-0400] {processor.py:157} INFO - Started process (PID=9091) to work on /Users/mauri/Desktop/repositorio/apache-airflow-tutorial/env/lib/python3.11/site-packages/airflow/example_dags/example_trigger_controller_dag.py
[2023-08-23T21:45:15.690-0400] {processor.py:829} INFO - Processing file /Users/mauri/Desktop/repositorio/apache-airflow-tutorial/env/lib/python3.11/site-packages/airflow/example_dags/example_trigger_controller_dag.py for tasks to queue
[2023-08-23T21:45:15.690-0400] {logging_mixin.py:151} INFO - [2023-08-23T21:45:15.690-0400] {dagbag.py:539} INFO - Filling up the DagBag from /Users/mauri/Desktop/repositorio/apache-airflow-tutorial/env/lib/python3.11/site-packages/airflow/example_dags/example_trigger_controller_dag.py
[2023-08-23T21:45:15.698-0400] {processor.py:839} INFO - DAG(s) dict_keys(['example_trigger_controller_dag']) retrieved from /Users/mauri/Desktop/repositorio/apache-airflow-tutorial/env/lib/python3.11/site-packages/airflow/example_dags/example_trigger_controller_dag.py
[2023-08-23T21:45:15.774-0400] {logging_mixin.py:151} INFO - [2023-08-23T21:45:15.774-0400] {dag.py:2907} INFO - Sync 1 DAGs
[2023-08-23T21:45:15.780-0400] {logging_mixin.py:151} INFO - [2023-08-23T21:45:15.780-0400] {dag.py:3677} INFO - Setting next_dagrun for example_trigger_controller_dag to 2021-01-01T00:00:00+00:00, run_after=2021-01-01T00:00:00+00:00
[2023-08-23T21:45:15.787-0400] {processor.py:179} INFO - Processing /Users/mauri/Desktop/repositorio/apache-airflow-tutorial/env/lib/python3.11/site-packages/airflow/example_dags/example_trigger_controller_dag.py took 0.099 seconds
[2023-08-23T21:46:27.132-0400] {processor.py:157} INFO - Started process (PID=9204) to work on /Users/mauri/Desktop/repositorio/apache-airflow-tutorial/env/lib/python3.11/site-packages/airflow/example_dags/example_trigger_controller_dag.py
[2023-08-23T21:46:27.133-0400] {processor.py:829} INFO - Processing file /Users/mauri/Desktop/repositorio/apache-airflow-tutorial/env/lib/python3.11/site-packages/airflow/example_dags/example_trigger_controller_dag.py for tasks to queue
[2023-08-23T21:46:27.133-0400] {logging_mixin.py:151} INFO - [2023-08-23T21:46:27.133-0400] {dagbag.py:539} INFO - Filling up the DagBag from /Users/mauri/Desktop/repositorio/apache-airflow-tutorial/env/lib/python3.11/site-packages/airflow/example_dags/example_trigger_controller_dag.py
[2023-08-23T21:46:27.140-0400] {processor.py:839} INFO - DAG(s) dict_keys(['example_trigger_controller_dag']) retrieved from /Users/mauri/Desktop/repositorio/apache-airflow-tutorial/env/lib/python3.11/site-packages/airflow/example_dags/example_trigger_controller_dag.py
[2023-08-23T21:46:27.207-0400] {logging_mixin.py:151} INFO - [2023-08-23T21:46:27.207-0400] {dag.py:2907} INFO - Sync 1 DAGs
[2023-08-23T21:46:27.213-0400] {logging_mixin.py:151} INFO - [2023-08-23T21:46:27.213-0400] {dag.py:3677} INFO - Setting next_dagrun for example_trigger_controller_dag to 2021-01-01T00:00:00+00:00, run_after=2021-01-01T00:00:00+00:00
[2023-08-23T21:46:27.219-0400] {processor.py:179} INFO - Processing /Users/mauri/Desktop/repositorio/apache-airflow-tutorial/env/lib/python3.11/site-packages/airflow/example_dags/example_trigger_controller_dag.py took 0.088 seconds
[2023-08-23T21:47:36.882-0400] {processor.py:157} INFO - Started process (PID=9334) to work on /Users/mauri/Desktop/repositorio/apache-airflow-tutorial/env/lib/python3.11/site-packages/airflow/example_dags/example_trigger_controller_dag.py
[2023-08-23T21:47:36.884-0400] {processor.py:829} INFO - Processing file /Users/mauri/Desktop/repositorio/apache-airflow-tutorial/env/lib/python3.11/site-packages/airflow/example_dags/example_trigger_controller_dag.py for tasks to queue
[2023-08-23T21:47:36.884-0400] {logging_mixin.py:151} INFO - [2023-08-23T21:47:36.884-0400] {dagbag.py:539} INFO - Filling up the DagBag from /Users/mauri/Desktop/repositorio/apache-airflow-tutorial/env/lib/python3.11/site-packages/airflow/example_dags/example_trigger_controller_dag.py
[2023-08-23T21:47:36.891-0400] {processor.py:839} INFO - DAG(s) dict_keys(['example_trigger_controller_dag']) retrieved from /Users/mauri/Desktop/repositorio/apache-airflow-tutorial/env/lib/python3.11/site-packages/airflow/example_dags/example_trigger_controller_dag.py
[2023-08-23T21:47:36.961-0400] {logging_mixin.py:151} INFO - [2023-08-23T21:47:36.961-0400] {dag.py:2907} INFO - Sync 1 DAGs
[2023-08-23T21:47:36.967-0400] {logging_mixin.py:151} INFO - [2023-08-23T21:47:36.967-0400] {dag.py:3677} INFO - Setting next_dagrun for example_trigger_controller_dag to 2021-01-01T00:00:00+00:00, run_after=2021-01-01T00:00:00+00:00
[2023-08-23T21:47:36.974-0400] {processor.py:179} INFO - Processing /Users/mauri/Desktop/repositorio/apache-airflow-tutorial/env/lib/python3.11/site-packages/airflow/example_dags/example_trigger_controller_dag.py took 0.092 seconds
[2023-08-23T21:48:49.852-0400] {processor.py:157} INFO - Started process (PID=9439) to work on /Users/mauri/Desktop/repositorio/apache-airflow-tutorial/env/lib/python3.11/site-packages/airflow/example_dags/example_trigger_controller_dag.py
[2023-08-23T21:48:49.853-0400] {processor.py:829} INFO - Processing file /Users/mauri/Desktop/repositorio/apache-airflow-tutorial/env/lib/python3.11/site-packages/airflow/example_dags/example_trigger_controller_dag.py for tasks to queue
[2023-08-23T21:48:49.853-0400] {logging_mixin.py:151} INFO - [2023-08-23T21:48:49.853-0400] {dagbag.py:539} INFO - Filling up the DagBag from /Users/mauri/Desktop/repositorio/apache-airflow-tutorial/env/lib/python3.11/site-packages/airflow/example_dags/example_trigger_controller_dag.py
[2023-08-23T21:48:49.861-0400] {processor.py:839} INFO - DAG(s) dict_keys(['example_trigger_controller_dag']) retrieved from /Users/mauri/Desktop/repositorio/apache-airflow-tutorial/env/lib/python3.11/site-packages/airflow/example_dags/example_trigger_controller_dag.py
[2023-08-23T21:48:49.932-0400] {logging_mixin.py:151} INFO - [2023-08-23T21:48:49.931-0400] {dag.py:2907} INFO - Sync 1 DAGs
[2023-08-23T21:48:49.937-0400] {logging_mixin.py:151} INFO - [2023-08-23T21:48:49.937-0400] {dag.py:3677} INFO - Setting next_dagrun for example_trigger_controller_dag to 2021-01-01T00:00:00+00:00, run_after=2021-01-01T00:00:00+00:00
[2023-08-23T21:48:49.944-0400] {processor.py:179} INFO - Processing /Users/mauri/Desktop/repositorio/apache-airflow-tutorial/env/lib/python3.11/site-packages/airflow/example_dags/example_trigger_controller_dag.py took 0.092 seconds
[2023-08-23T21:50:05.962-0400] {processor.py:157} INFO - Started process (PID=9515) to work on /Users/mauri/Desktop/repositorio/apache-airflow-tutorial/env/lib/python3.11/site-packages/airflow/example_dags/example_trigger_controller_dag.py
[2023-08-23T21:50:05.965-0400] {processor.py:829} INFO - Processing file /Users/mauri/Desktop/repositorio/apache-airflow-tutorial/env/lib/python3.11/site-packages/airflow/example_dags/example_trigger_controller_dag.py for tasks to queue
[2023-08-23T21:50:05.965-0400] {logging_mixin.py:151} INFO - [2023-08-23T21:50:05.965-0400] {dagbag.py:539} INFO - Filling up the DagBag from /Users/mauri/Desktop/repositorio/apache-airflow-tutorial/env/lib/python3.11/site-packages/airflow/example_dags/example_trigger_controller_dag.py
[2023-08-23T21:50:05.972-0400] {processor.py:839} INFO - DAG(s) dict_keys(['example_trigger_controller_dag']) retrieved from /Users/mauri/Desktop/repositorio/apache-airflow-tutorial/env/lib/python3.11/site-packages/airflow/example_dags/example_trigger_controller_dag.py
[2023-08-23T21:50:06.040-0400] {logging_mixin.py:151} INFO - [2023-08-23T21:50:06.040-0400] {dag.py:2907} INFO - Sync 1 DAGs
[2023-08-23T21:50:06.046-0400] {logging_mixin.py:151} INFO - [2023-08-23T21:50:06.045-0400] {dag.py:3677} INFO - Setting next_dagrun for example_trigger_controller_dag to 2021-01-01T00:00:00+00:00, run_after=2021-01-01T00:00:00+00:00
[2023-08-23T21:50:06.052-0400] {processor.py:179} INFO - Processing /Users/mauri/Desktop/repositorio/apache-airflow-tutorial/env/lib/python3.11/site-packages/airflow/example_dags/example_trigger_controller_dag.py took 0.090 seconds
[2023-08-23T21:51:20.364-0400] {processor.py:157} INFO - Started process (PID=9605) to work on /Users/mauri/Desktop/repositorio/apache-airflow-tutorial/env/lib/python3.11/site-packages/airflow/example_dags/example_trigger_controller_dag.py
[2023-08-23T21:51:20.366-0400] {processor.py:829} INFO - Processing file /Users/mauri/Desktop/repositorio/apache-airflow-tutorial/env/lib/python3.11/site-packages/airflow/example_dags/example_trigger_controller_dag.py for tasks to queue
[2023-08-23T21:51:20.366-0400] {logging_mixin.py:151} INFO - [2023-08-23T21:51:20.366-0400] {dagbag.py:539} INFO - Filling up the DagBag from /Users/mauri/Desktop/repositorio/apache-airflow-tutorial/env/lib/python3.11/site-packages/airflow/example_dags/example_trigger_controller_dag.py
[2023-08-23T21:51:20.374-0400] {processor.py:839} INFO - DAG(s) dict_keys(['example_trigger_controller_dag']) retrieved from /Users/mauri/Desktop/repositorio/apache-airflow-tutorial/env/lib/python3.11/site-packages/airflow/example_dags/example_trigger_controller_dag.py
[2023-08-23T21:51:20.441-0400] {logging_mixin.py:151} INFO - [2023-08-23T21:51:20.441-0400] {dag.py:2907} INFO - Sync 1 DAGs
[2023-08-23T21:51:20.447-0400] {logging_mixin.py:151} INFO - [2023-08-23T21:51:20.447-0400] {dag.py:3677} INFO - Setting next_dagrun for example_trigger_controller_dag to 2021-01-01T00:00:00+00:00, run_after=2021-01-01T00:00:00+00:00
[2023-08-23T21:51:20.453-0400] {processor.py:179} INFO - Processing /Users/mauri/Desktop/repositorio/apache-airflow-tutorial/env/lib/python3.11/site-packages/airflow/example_dags/example_trigger_controller_dag.py took 0.090 seconds
[2023-08-23T21:52:32.283-0400] {processor.py:157} INFO - Started process (PID=9671) to work on /Users/mauri/Desktop/repositorio/apache-airflow-tutorial/env/lib/python3.11/site-packages/airflow/example_dags/example_trigger_controller_dag.py
[2023-08-23T21:52:32.284-0400] {processor.py:829} INFO - Processing file /Users/mauri/Desktop/repositorio/apache-airflow-tutorial/env/lib/python3.11/site-packages/airflow/example_dags/example_trigger_controller_dag.py for tasks to queue
[2023-08-23T21:52:32.284-0400] {logging_mixin.py:151} INFO - [2023-08-23T21:52:32.284-0400] {dagbag.py:539} INFO - Filling up the DagBag from /Users/mauri/Desktop/repositorio/apache-airflow-tutorial/env/lib/python3.11/site-packages/airflow/example_dags/example_trigger_controller_dag.py
[2023-08-23T21:52:32.291-0400] {processor.py:839} INFO - DAG(s) dict_keys(['example_trigger_controller_dag']) retrieved from /Users/mauri/Desktop/repositorio/apache-airflow-tutorial/env/lib/python3.11/site-packages/airflow/example_dags/example_trigger_controller_dag.py
[2023-08-23T21:52:32.358-0400] {logging_mixin.py:151} INFO - [2023-08-23T21:52:32.358-0400] {dag.py:2907} INFO - Sync 1 DAGs
[2023-08-23T21:52:32.363-0400] {logging_mixin.py:151} INFO - [2023-08-23T21:52:32.363-0400] {dag.py:3677} INFO - Setting next_dagrun for example_trigger_controller_dag to 2021-01-01T00:00:00+00:00, run_after=2021-01-01T00:00:00+00:00
[2023-08-23T21:52:32.370-0400] {processor.py:179} INFO - Processing /Users/mauri/Desktop/repositorio/apache-airflow-tutorial/env/lib/python3.11/site-packages/airflow/example_dags/example_trigger_controller_dag.py took 0.087 seconds
[2023-08-23T21:53:42.578-0400] {processor.py:157} INFO - Started process (PID=9739) to work on /Users/mauri/Desktop/repositorio/apache-airflow-tutorial/env/lib/python3.11/site-packages/airflow/example_dags/example_trigger_controller_dag.py
[2023-08-23T21:53:42.579-0400] {processor.py:829} INFO - Processing file /Users/mauri/Desktop/repositorio/apache-airflow-tutorial/env/lib/python3.11/site-packages/airflow/example_dags/example_trigger_controller_dag.py for tasks to queue
[2023-08-23T21:53:42.579-0400] {logging_mixin.py:151} INFO - [2023-08-23T21:53:42.579-0400] {dagbag.py:539} INFO - Filling up the DagBag from /Users/mauri/Desktop/repositorio/apache-airflow-tutorial/env/lib/python3.11/site-packages/airflow/example_dags/example_trigger_controller_dag.py
[2023-08-23T21:53:42.587-0400] {processor.py:839} INFO - DAG(s) dict_keys(['example_trigger_controller_dag']) retrieved from /Users/mauri/Desktop/repositorio/apache-airflow-tutorial/env/lib/python3.11/site-packages/airflow/example_dags/example_trigger_controller_dag.py
[2023-08-23T21:53:42.669-0400] {logging_mixin.py:151} INFO - [2023-08-23T21:53:42.669-0400] {dag.py:2907} INFO - Sync 1 DAGs
[2023-08-23T21:53:42.675-0400] {logging_mixin.py:151} INFO - [2023-08-23T21:53:42.675-0400] {dag.py:3677} INFO - Setting next_dagrun for example_trigger_controller_dag to 2021-01-01T00:00:00+00:00, run_after=2021-01-01T00:00:00+00:00
[2023-08-23T21:53:42.682-0400] {processor.py:179} INFO - Processing /Users/mauri/Desktop/repositorio/apache-airflow-tutorial/env/lib/python3.11/site-packages/airflow/example_dags/example_trigger_controller_dag.py took 0.105 seconds
[2023-08-23T21:54:54.464-0400] {processor.py:157} INFO - Started process (PID=9801) to work on /Users/mauri/Desktop/repositorio/apache-airflow-tutorial/env/lib/python3.11/site-packages/airflow/example_dags/example_trigger_controller_dag.py
[2023-08-23T21:54:54.466-0400] {processor.py:829} INFO - Processing file /Users/mauri/Desktop/repositorio/apache-airflow-tutorial/env/lib/python3.11/site-packages/airflow/example_dags/example_trigger_controller_dag.py for tasks to queue
[2023-08-23T21:54:54.466-0400] {logging_mixin.py:151} INFO - [2023-08-23T21:54:54.466-0400] {dagbag.py:539} INFO - Filling up the DagBag from /Users/mauri/Desktop/repositorio/apache-airflow-tutorial/env/lib/python3.11/site-packages/airflow/example_dags/example_trigger_controller_dag.py
[2023-08-23T21:54:54.473-0400] {processor.py:839} INFO - DAG(s) dict_keys(['example_trigger_controller_dag']) retrieved from /Users/mauri/Desktop/repositorio/apache-airflow-tutorial/env/lib/python3.11/site-packages/airflow/example_dags/example_trigger_controller_dag.py
[2023-08-23T21:54:54.540-0400] {logging_mixin.py:151} INFO - [2023-08-23T21:54:54.540-0400] {dag.py:2907} INFO - Sync 1 DAGs
[2023-08-23T21:54:54.545-0400] {logging_mixin.py:151} INFO - [2023-08-23T21:54:54.545-0400] {dag.py:3677} INFO - Setting next_dagrun for example_trigger_controller_dag to 2021-01-01T00:00:00+00:00, run_after=2021-01-01T00:00:00+00:00
[2023-08-23T21:54:54.552-0400] {processor.py:179} INFO - Processing /Users/mauri/Desktop/repositorio/apache-airflow-tutorial/env/lib/python3.11/site-packages/airflow/example_dags/example_trigger_controller_dag.py took 0.088 seconds
[2023-08-23T21:56:07.575-0400] {processor.py:157} INFO - Started process (PID=9876) to work on /Users/mauri/Desktop/repositorio/apache-airflow-tutorial/env/lib/python3.11/site-packages/airflow/example_dags/example_trigger_controller_dag.py
[2023-08-23T21:56:07.576-0400] {processor.py:829} INFO - Processing file /Users/mauri/Desktop/repositorio/apache-airflow-tutorial/env/lib/python3.11/site-packages/airflow/example_dags/example_trigger_controller_dag.py for tasks to queue
[2023-08-23T21:56:07.577-0400] {logging_mixin.py:151} INFO - [2023-08-23T21:56:07.576-0400] {dagbag.py:539} INFO - Filling up the DagBag from /Users/mauri/Desktop/repositorio/apache-airflow-tutorial/env/lib/python3.11/site-packages/airflow/example_dags/example_trigger_controller_dag.py
[2023-08-23T21:56:07.584-0400] {processor.py:839} INFO - DAG(s) dict_keys(['example_trigger_controller_dag']) retrieved from /Users/mauri/Desktop/repositorio/apache-airflow-tutorial/env/lib/python3.11/site-packages/airflow/example_dags/example_trigger_controller_dag.py
[2023-08-23T21:56:07.656-0400] {logging_mixin.py:151} INFO - [2023-08-23T21:56:07.656-0400] {dag.py:2907} INFO - Sync 1 DAGs
[2023-08-23T21:56:07.662-0400] {logging_mixin.py:151} INFO - [2023-08-23T21:56:07.661-0400] {dag.py:3677} INFO - Setting next_dagrun for example_trigger_controller_dag to 2021-01-01T00:00:00+00:00, run_after=2021-01-01T00:00:00+00:00
[2023-08-23T21:56:07.668-0400] {processor.py:179} INFO - Processing /Users/mauri/Desktop/repositorio/apache-airflow-tutorial/env/lib/python3.11/site-packages/airflow/example_dags/example_trigger_controller_dag.py took 0.094 seconds
[2023-08-23T21:57:22.570-0400] {processor.py:157} INFO - Started process (PID=9941) to work on /Users/mauri/Desktop/repositorio/apache-airflow-tutorial/env/lib/python3.11/site-packages/airflow/example_dags/example_trigger_controller_dag.py
[2023-08-23T21:57:22.571-0400] {processor.py:829} INFO - Processing file /Users/mauri/Desktop/repositorio/apache-airflow-tutorial/env/lib/python3.11/site-packages/airflow/example_dags/example_trigger_controller_dag.py for tasks to queue
[2023-08-23T21:57:22.571-0400] {logging_mixin.py:151} INFO - [2023-08-23T21:57:22.571-0400] {dagbag.py:539} INFO - Filling up the DagBag from /Users/mauri/Desktop/repositorio/apache-airflow-tutorial/env/lib/python3.11/site-packages/airflow/example_dags/example_trigger_controller_dag.py
[2023-08-23T21:57:22.579-0400] {processor.py:839} INFO - DAG(s) dict_keys(['example_trigger_controller_dag']) retrieved from /Users/mauri/Desktop/repositorio/apache-airflow-tutorial/env/lib/python3.11/site-packages/airflow/example_dags/example_trigger_controller_dag.py
[2023-08-23T21:57:22.648-0400] {logging_mixin.py:151} INFO - [2023-08-23T21:57:22.648-0400] {dag.py:2907} INFO - Sync 1 DAGs
[2023-08-23T21:57:22.654-0400] {logging_mixin.py:151} INFO - [2023-08-23T21:57:22.654-0400] {dag.py:3677} INFO - Setting next_dagrun for example_trigger_controller_dag to 2021-01-01T00:00:00+00:00, run_after=2021-01-01T00:00:00+00:00
[2023-08-23T21:57:22.661-0400] {processor.py:179} INFO - Processing /Users/mauri/Desktop/repositorio/apache-airflow-tutorial/env/lib/python3.11/site-packages/airflow/example_dags/example_trigger_controller_dag.py took 0.091 seconds
[2023-08-23T21:58:38.956-0400] {processor.py:157} INFO - Started process (PID=10004) to work on /Users/mauri/Desktop/repositorio/apache-airflow-tutorial/env/lib/python3.11/site-packages/airflow/example_dags/example_trigger_controller_dag.py
[2023-08-23T21:58:38.957-0400] {processor.py:829} INFO - Processing file /Users/mauri/Desktop/repositorio/apache-airflow-tutorial/env/lib/python3.11/site-packages/airflow/example_dags/example_trigger_controller_dag.py for tasks to queue
[2023-08-23T21:58:38.957-0400] {logging_mixin.py:151} INFO - [2023-08-23T21:58:38.957-0400] {dagbag.py:539} INFO - Filling up the DagBag from /Users/mauri/Desktop/repositorio/apache-airflow-tutorial/env/lib/python3.11/site-packages/airflow/example_dags/example_trigger_controller_dag.py
[2023-08-23T21:58:38.965-0400] {processor.py:839} INFO - DAG(s) dict_keys(['example_trigger_controller_dag']) retrieved from /Users/mauri/Desktop/repositorio/apache-airflow-tutorial/env/lib/python3.11/site-packages/airflow/example_dags/example_trigger_controller_dag.py
[2023-08-23T21:58:39.033-0400] {logging_mixin.py:151} INFO - [2023-08-23T21:58:39.033-0400] {dag.py:2907} INFO - Sync 1 DAGs
[2023-08-23T21:58:39.039-0400] {logging_mixin.py:151} INFO - [2023-08-23T21:58:39.039-0400] {dag.py:3677} INFO - Setting next_dagrun for example_trigger_controller_dag to 2021-01-01T00:00:00+00:00, run_after=2021-01-01T00:00:00+00:00
[2023-08-23T21:58:39.046-0400] {processor.py:179} INFO - Processing /Users/mauri/Desktop/repositorio/apache-airflow-tutorial/env/lib/python3.11/site-packages/airflow/example_dags/example_trigger_controller_dag.py took 0.090 seconds
[2023-08-23T21:59:52.119-0400] {processor.py:157} INFO - Started process (PID=10073) to work on /Users/mauri/Desktop/repositorio/apache-airflow-tutorial/env/lib/python3.11/site-packages/airflow/example_dags/example_trigger_controller_dag.py
[2023-08-23T21:59:52.120-0400] {processor.py:829} INFO - Processing file /Users/mauri/Desktop/repositorio/apache-airflow-tutorial/env/lib/python3.11/site-packages/airflow/example_dags/example_trigger_controller_dag.py for tasks to queue
[2023-08-23T21:59:52.121-0400] {logging_mixin.py:151} INFO - [2023-08-23T21:59:52.120-0400] {dagbag.py:539} INFO - Filling up the DagBag from /Users/mauri/Desktop/repositorio/apache-airflow-tutorial/env/lib/python3.11/site-packages/airflow/example_dags/example_trigger_controller_dag.py
[2023-08-23T21:59:52.128-0400] {processor.py:839} INFO - DAG(s) dict_keys(['example_trigger_controller_dag']) retrieved from /Users/mauri/Desktop/repositorio/apache-airflow-tutorial/env/lib/python3.11/site-packages/airflow/example_dags/example_trigger_controller_dag.py
[2023-08-23T21:59:52.194-0400] {logging_mixin.py:151} INFO - [2023-08-23T21:59:52.194-0400] {dag.py:2907} INFO - Sync 1 DAGs
[2023-08-23T21:59:52.200-0400] {logging_mixin.py:151} INFO - [2023-08-23T21:59:52.200-0400] {dag.py:3677} INFO - Setting next_dagrun for example_trigger_controller_dag to 2021-01-01T00:00:00+00:00, run_after=2021-01-01T00:00:00+00:00
[2023-08-23T21:59:52.207-0400] {processor.py:179} INFO - Processing /Users/mauri/Desktop/repositorio/apache-airflow-tutorial/env/lib/python3.11/site-packages/airflow/example_dags/example_trigger_controller_dag.py took 0.088 seconds
