[2023-08-23T21:35:02.582-0400] {processor.py:157} INFO - Started process (PID=8543) to work on /Users/mauri/Desktop/repositorio/apache-airflow-tutorial/env/lib/python3.11/site-packages/airflow/example_dags/example_branch_operator_decorator.py
[2023-08-23T21:35:02.583-0400] {processor.py:829} INFO - Processing file /Users/mauri/Desktop/repositorio/apache-airflow-tutorial/env/lib/python3.11/site-packages/airflow/example_dags/example_branch_operator_decorator.py for tasks to queue
[2023-08-23T21:35:02.583-0400] {logging_mixin.py:151} INFO - [2023-08-23T21:35:02.583-0400] {dagbag.py:539} INFO - Filling up the DagBag from /Users/mauri/Desktop/repositorio/apache-airflow-tutorial/env/lib/python3.11/site-packages/airflow/example_dags/example_branch_operator_decorator.py
[2023-08-23T21:35:02.617-0400] {processor.py:839} INFO - DAG(s) dict_keys(['example_branch_python_operator_decorator']) retrieved from /Users/mauri/Desktop/repositorio/apache-airflow-tutorial/env/lib/python3.11/site-packages/airflow/example_dags/example_branch_operator_decorator.py
[2023-08-23T21:35:02.925-0400] {logging_mixin.py:151} INFO - [2023-08-23T21:35:02.925-0400] {manager.py:501} INFO - Created Permission View: can delete on DAG:example_branch_python_operator_decorator
[2023-08-23T21:35:02.928-0400] {logging_mixin.py:151} INFO - [2023-08-23T21:35:02.928-0400] {manager.py:501} INFO - Created Permission View: can read on DAG:example_branch_python_operator_decorator
[2023-08-23T21:35:02.930-0400] {logging_mixin.py:151} INFO - [2023-08-23T21:35:02.930-0400] {manager.py:501} INFO - Created Permission View: can edit on DAG:example_branch_python_operator_decorator
[2023-08-23T21:35:02.934-0400] {logging_mixin.py:151} INFO - [2023-08-23T21:35:02.934-0400] {dag.py:2907} INFO - Sync 1 DAGs
[2023-08-23T21:35:02.936-0400] {logging_mixin.py:151} INFO - [2023-08-23T21:35:02.936-0400] {dag.py:2929} INFO - Creating ORM DAG for example_branch_python_operator_decorator
[2023-08-23T21:35:02.939-0400] {logging_mixin.py:151} INFO - [2023-08-23T21:35:02.939-0400] {dag.py:3677} INFO - Setting next_dagrun for example_branch_python_operator_decorator to 2023-08-23T00:00:00+00:00, run_after=2023-08-24T00:00:00+00:00
[2023-08-23T21:35:02.945-0400] {processor.py:179} INFO - Processing /Users/mauri/Desktop/repositorio/apache-airflow-tutorial/env/lib/python3.11/site-packages/airflow/example_dags/example_branch_operator_decorator.py took 0.364 seconds
[2023-08-23T21:36:22.421-0400] {processor.py:157} INFO - Started process (PID=8614) to work on /Users/mauri/Desktop/repositorio/apache-airflow-tutorial/env/lib/python3.11/site-packages/airflow/example_dags/example_branch_operator_decorator.py
[2023-08-23T21:36:22.423-0400] {processor.py:829} INFO - Processing file /Users/mauri/Desktop/repositorio/apache-airflow-tutorial/env/lib/python3.11/site-packages/airflow/example_dags/example_branch_operator_decorator.py for tasks to queue
[2023-08-23T21:36:22.423-0400] {logging_mixin.py:151} INFO - [2023-08-23T21:36:22.423-0400] {dagbag.py:539} INFO - Filling up the DagBag from /Users/mauri/Desktop/repositorio/apache-airflow-tutorial/env/lib/python3.11/site-packages/airflow/example_dags/example_branch_operator_decorator.py
[2023-08-23T21:36:22.455-0400] {processor.py:839} INFO - DAG(s) dict_keys(['example_branch_python_operator_decorator']) retrieved from /Users/mauri/Desktop/repositorio/apache-airflow-tutorial/env/lib/python3.11/site-packages/airflow/example_dags/example_branch_operator_decorator.py
[2023-08-23T21:36:22.508-0400] {logging_mixin.py:151} INFO - [2023-08-23T21:36:22.507-0400] {dag.py:2907} INFO - Sync 1 DAGs
[2023-08-23T21:36:22.513-0400] {logging_mixin.py:151} INFO - [2023-08-23T21:36:22.513-0400] {dag.py:3677} INFO - Setting next_dagrun for example_branch_python_operator_decorator to 2023-08-23T00:00:00+00:00, run_after=2023-08-24T00:00:00+00:00
[2023-08-23T21:36:22.520-0400] {processor.py:179} INFO - Processing /Users/mauri/Desktop/repositorio/apache-airflow-tutorial/env/lib/python3.11/site-packages/airflow/example_dags/example_branch_operator_decorator.py took 0.100 seconds
[2023-08-23T21:37:37.329-0400] {processor.py:157} INFO - Started process (PID=8675) to work on /Users/mauri/Desktop/repositorio/apache-airflow-tutorial/env/lib/python3.11/site-packages/airflow/example_dags/example_branch_operator_decorator.py
[2023-08-23T21:37:37.331-0400] {processor.py:829} INFO - Processing file /Users/mauri/Desktop/repositorio/apache-airflow-tutorial/env/lib/python3.11/site-packages/airflow/example_dags/example_branch_operator_decorator.py for tasks to queue
[2023-08-23T21:37:37.331-0400] {logging_mixin.py:151} INFO - [2023-08-23T21:37:37.331-0400] {dagbag.py:539} INFO - Filling up the DagBag from /Users/mauri/Desktop/repositorio/apache-airflow-tutorial/env/lib/python3.11/site-packages/airflow/example_dags/example_branch_operator_decorator.py
[2023-08-23T21:37:37.364-0400] {processor.py:839} INFO - DAG(s) dict_keys(['example_branch_python_operator_decorator']) retrieved from /Users/mauri/Desktop/repositorio/apache-airflow-tutorial/env/lib/python3.11/site-packages/airflow/example_dags/example_branch_operator_decorator.py
[2023-08-23T21:37:37.417-0400] {logging_mixin.py:151} INFO - [2023-08-23T21:37:37.416-0400] {dag.py:2907} INFO - Sync 1 DAGs
[2023-08-23T21:37:37.422-0400] {logging_mixin.py:151} INFO - [2023-08-23T21:37:37.422-0400] {dag.py:3677} INFO - Setting next_dagrun for example_branch_python_operator_decorator to 2023-08-23T00:00:00+00:00, run_after=2023-08-24T00:00:00+00:00
[2023-08-23T21:37:37.429-0400] {processor.py:179} INFO - Processing /Users/mauri/Desktop/repositorio/apache-airflow-tutorial/env/lib/python3.11/site-packages/airflow/example_dags/example_branch_operator_decorator.py took 0.101 seconds
[2023-08-23T21:38:51.496-0400] {processor.py:157} INFO - Started process (PID=8748) to work on /Users/mauri/Desktop/repositorio/apache-airflow-tutorial/env/lib/python3.11/site-packages/airflow/example_dags/example_branch_operator_decorator.py
[2023-08-23T21:38:51.499-0400] {processor.py:829} INFO - Processing file /Users/mauri/Desktop/repositorio/apache-airflow-tutorial/env/lib/python3.11/site-packages/airflow/example_dags/example_branch_operator_decorator.py for tasks to queue
[2023-08-23T21:38:51.499-0400] {logging_mixin.py:151} INFO - [2023-08-23T21:38:51.499-0400] {dagbag.py:539} INFO - Filling up the DagBag from /Users/mauri/Desktop/repositorio/apache-airflow-tutorial/env/lib/python3.11/site-packages/airflow/example_dags/example_branch_operator_decorator.py
[2023-08-23T21:38:51.540-0400] {processor.py:839} INFO - DAG(s) dict_keys(['example_branch_python_operator_decorator']) retrieved from /Users/mauri/Desktop/repositorio/apache-airflow-tutorial/env/lib/python3.11/site-packages/airflow/example_dags/example_branch_operator_decorator.py
[2023-08-23T21:38:51.601-0400] {logging_mixin.py:151} INFO - [2023-08-23T21:38:51.600-0400] {dag.py:2907} INFO - Sync 1 DAGs
[2023-08-23T21:38:51.607-0400] {logging_mixin.py:151} INFO - [2023-08-23T21:38:51.607-0400] {dag.py:3677} INFO - Setting next_dagrun for example_branch_python_operator_decorator to 2023-08-23T00:00:00+00:00, run_after=2023-08-24T00:00:00+00:00
[2023-08-23T21:38:51.615-0400] {processor.py:179} INFO - Processing /Users/mauri/Desktop/repositorio/apache-airflow-tutorial/env/lib/python3.11/site-packages/airflow/example_dags/example_branch_operator_decorator.py took 0.119 seconds
[2023-08-23T21:40:07.280-0400] {processor.py:157} INFO - Started process (PID=8811) to work on /Users/mauri/Desktop/repositorio/apache-airflow-tutorial/env/lib/python3.11/site-packages/airflow/example_dags/example_branch_operator_decorator.py
[2023-08-23T21:40:07.282-0400] {processor.py:829} INFO - Processing file /Users/mauri/Desktop/repositorio/apache-airflow-tutorial/env/lib/python3.11/site-packages/airflow/example_dags/example_branch_operator_decorator.py for tasks to queue
[2023-08-23T21:40:07.282-0400] {logging_mixin.py:151} INFO - [2023-08-23T21:40:07.282-0400] {dagbag.py:539} INFO - Filling up the DagBag from /Users/mauri/Desktop/repositorio/apache-airflow-tutorial/env/lib/python3.11/site-packages/airflow/example_dags/example_branch_operator_decorator.py
[2023-08-23T21:40:07.315-0400] {processor.py:839} INFO - DAG(s) dict_keys(['example_branch_python_operator_decorator']) retrieved from /Users/mauri/Desktop/repositorio/apache-airflow-tutorial/env/lib/python3.11/site-packages/airflow/example_dags/example_branch_operator_decorator.py
[2023-08-23T21:40:07.370-0400] {logging_mixin.py:151} INFO - [2023-08-23T21:40:07.370-0400] {dag.py:2907} INFO - Sync 1 DAGs
[2023-08-23T21:40:07.376-0400] {logging_mixin.py:151} INFO - [2023-08-23T21:40:07.376-0400] {dag.py:3677} INFO - Setting next_dagrun for example_branch_python_operator_decorator to 2023-08-23T00:00:00+00:00, run_after=2023-08-24T00:00:00+00:00
[2023-08-23T21:40:07.383-0400] {processor.py:179} INFO - Processing /Users/mauri/Desktop/repositorio/apache-airflow-tutorial/env/lib/python3.11/site-packages/airflow/example_dags/example_branch_operator_decorator.py took 0.103 seconds
[2023-08-23T21:41:20.161-0400] {processor.py:157} INFO - Started process (PID=8867) to work on /Users/mauri/Desktop/repositorio/apache-airflow-tutorial/env/lib/python3.11/site-packages/airflow/example_dags/example_branch_operator_decorator.py
[2023-08-23T21:41:20.162-0400] {processor.py:829} INFO - Processing file /Users/mauri/Desktop/repositorio/apache-airflow-tutorial/env/lib/python3.11/site-packages/airflow/example_dags/example_branch_operator_decorator.py for tasks to queue
[2023-08-23T21:41:20.162-0400] {logging_mixin.py:151} INFO - [2023-08-23T21:41:20.162-0400] {dagbag.py:539} INFO - Filling up the DagBag from /Users/mauri/Desktop/repositorio/apache-airflow-tutorial/env/lib/python3.11/site-packages/airflow/example_dags/example_branch_operator_decorator.py
[2023-08-23T21:41:20.199-0400] {processor.py:839} INFO - DAG(s) dict_keys(['example_branch_python_operator_decorator']) retrieved from /Users/mauri/Desktop/repositorio/apache-airflow-tutorial/env/lib/python3.11/site-packages/airflow/example_dags/example_branch_operator_decorator.py
[2023-08-23T21:41:20.257-0400] {logging_mixin.py:151} INFO - [2023-08-23T21:41:20.256-0400] {dag.py:2907} INFO - Sync 1 DAGs
[2023-08-23T21:41:20.262-0400] {logging_mixin.py:151} INFO - [2023-08-23T21:41:20.262-0400] {dag.py:3677} INFO - Setting next_dagrun for example_branch_python_operator_decorator to 2023-08-23T00:00:00+00:00, run_after=2023-08-24T00:00:00+00:00
[2023-08-23T21:41:20.270-0400] {processor.py:179} INFO - Processing /Users/mauri/Desktop/repositorio/apache-airflow-tutorial/env/lib/python3.11/site-packages/airflow/example_dags/example_branch_operator_decorator.py took 0.109 seconds
[2023-08-23T21:42:33.097-0400] {processor.py:157} INFO - Started process (PID=8934) to work on /Users/mauri/Desktop/repositorio/apache-airflow-tutorial/env/lib/python3.11/site-packages/airflow/example_dags/example_branch_operator_decorator.py
[2023-08-23T21:42:33.098-0400] {processor.py:829} INFO - Processing file /Users/mauri/Desktop/repositorio/apache-airflow-tutorial/env/lib/python3.11/site-packages/airflow/example_dags/example_branch_operator_decorator.py for tasks to queue
[2023-08-23T21:42:33.098-0400] {logging_mixin.py:151} INFO - [2023-08-23T21:42:33.098-0400] {dagbag.py:539} INFO - Filling up the DagBag from /Users/mauri/Desktop/repositorio/apache-airflow-tutorial/env/lib/python3.11/site-packages/airflow/example_dags/example_branch_operator_decorator.py
[2023-08-23T21:42:33.130-0400] {processor.py:839} INFO - DAG(s) dict_keys(['example_branch_python_operator_decorator']) retrieved from /Users/mauri/Desktop/repositorio/apache-airflow-tutorial/env/lib/python3.11/site-packages/airflow/example_dags/example_branch_operator_decorator.py
[2023-08-23T21:42:33.183-0400] {logging_mixin.py:151} INFO - [2023-08-23T21:42:33.183-0400] {dag.py:2907} INFO - Sync 1 DAGs
[2023-08-23T21:42:33.188-0400] {logging_mixin.py:151} INFO - [2023-08-23T21:42:33.188-0400] {dag.py:3677} INFO - Setting next_dagrun for example_branch_python_operator_decorator to 2023-08-23T00:00:00+00:00, run_after=2023-08-24T00:00:00+00:00
[2023-08-23T21:42:33.196-0400] {processor.py:179} INFO - Processing /Users/mauri/Desktop/repositorio/apache-airflow-tutorial/env/lib/python3.11/site-packages/airflow/example_dags/example_branch_operator_decorator.py took 0.099 seconds
[2023-08-23T21:43:43.999-0400] {processor.py:157} INFO - Started process (PID=8993) to work on /Users/mauri/Desktop/repositorio/apache-airflow-tutorial/env/lib/python3.11/site-packages/airflow/example_dags/example_branch_operator_decorator.py
[2023-08-23T21:43:44.000-0400] {processor.py:829} INFO - Processing file /Users/mauri/Desktop/repositorio/apache-airflow-tutorial/env/lib/python3.11/site-packages/airflow/example_dags/example_branch_operator_decorator.py for tasks to queue
[2023-08-23T21:43:44.001-0400] {logging_mixin.py:151} INFO - [2023-08-23T21:43:44.001-0400] {dagbag.py:539} INFO - Filling up the DagBag from /Users/mauri/Desktop/repositorio/apache-airflow-tutorial/env/lib/python3.11/site-packages/airflow/example_dags/example_branch_operator_decorator.py
[2023-08-23T21:43:44.036-0400] {processor.py:839} INFO - DAG(s) dict_keys(['example_branch_python_operator_decorator']) retrieved from /Users/mauri/Desktop/repositorio/apache-airflow-tutorial/env/lib/python3.11/site-packages/airflow/example_dags/example_branch_operator_decorator.py
[2023-08-23T21:43:44.092-0400] {logging_mixin.py:151} INFO - [2023-08-23T21:43:44.092-0400] {dag.py:2907} INFO - Sync 1 DAGs
[2023-08-23T21:43:44.098-0400] {logging_mixin.py:151} INFO - [2023-08-23T21:43:44.098-0400] {dag.py:3677} INFO - Setting next_dagrun for example_branch_python_operator_decorator to 2023-08-23T00:00:00+00:00, run_after=2023-08-24T00:00:00+00:00
[2023-08-23T21:43:44.105-0400] {processor.py:179} INFO - Processing /Users/mauri/Desktop/repositorio/apache-airflow-tutorial/env/lib/python3.11/site-packages/airflow/example_dags/example_branch_operator_decorator.py took 0.107 seconds
[2023-08-23T21:44:56.364-0400] {processor.py:157} INFO - Started process (PID=9069) to work on /Users/mauri/Desktop/repositorio/apache-airflow-tutorial/env/lib/python3.11/site-packages/airflow/example_dags/example_branch_operator_decorator.py
[2023-08-23T21:44:56.366-0400] {processor.py:829} INFO - Processing file /Users/mauri/Desktop/repositorio/apache-airflow-tutorial/env/lib/python3.11/site-packages/airflow/example_dags/example_branch_operator_decorator.py for tasks to queue
[2023-08-23T21:44:56.366-0400] {logging_mixin.py:151} INFO - [2023-08-23T21:44:56.366-0400] {dagbag.py:539} INFO - Filling up the DagBag from /Users/mauri/Desktop/repositorio/apache-airflow-tutorial/env/lib/python3.11/site-packages/airflow/example_dags/example_branch_operator_decorator.py
[2023-08-23T21:44:56.398-0400] {processor.py:839} INFO - DAG(s) dict_keys(['example_branch_python_operator_decorator']) retrieved from /Users/mauri/Desktop/repositorio/apache-airflow-tutorial/env/lib/python3.11/site-packages/airflow/example_dags/example_branch_operator_decorator.py
[2023-08-23T21:44:56.451-0400] {logging_mixin.py:151} INFO - [2023-08-23T21:44:56.451-0400] {dag.py:2907} INFO - Sync 1 DAGs
[2023-08-23T21:44:56.457-0400] {logging_mixin.py:151} INFO - [2023-08-23T21:44:56.457-0400] {dag.py:3677} INFO - Setting next_dagrun for example_branch_python_operator_decorator to 2023-08-23T00:00:00+00:00, run_after=2023-08-24T00:00:00+00:00
[2023-08-23T21:44:56.464-0400] {processor.py:179} INFO - Processing /Users/mauri/Desktop/repositorio/apache-airflow-tutorial/env/lib/python3.11/site-packages/airflow/example_dags/example_branch_operator_decorator.py took 0.100 seconds
[2023-08-23T21:46:09.377-0400] {processor.py:157} INFO - Started process (PID=9191) to work on /Users/mauri/Desktop/repositorio/apache-airflow-tutorial/env/lib/python3.11/site-packages/airflow/example_dags/example_branch_operator_decorator.py
[2023-08-23T21:46:09.378-0400] {processor.py:829} INFO - Processing file /Users/mauri/Desktop/repositorio/apache-airflow-tutorial/env/lib/python3.11/site-packages/airflow/example_dags/example_branch_operator_decorator.py for tasks to queue
[2023-08-23T21:46:09.379-0400] {logging_mixin.py:151} INFO - [2023-08-23T21:46:09.378-0400] {dagbag.py:539} INFO - Filling up the DagBag from /Users/mauri/Desktop/repositorio/apache-airflow-tutorial/env/lib/python3.11/site-packages/airflow/example_dags/example_branch_operator_decorator.py
[2023-08-23T21:46:09.410-0400] {processor.py:839} INFO - DAG(s) dict_keys(['example_branch_python_operator_decorator']) retrieved from /Users/mauri/Desktop/repositorio/apache-airflow-tutorial/env/lib/python3.11/site-packages/airflow/example_dags/example_branch_operator_decorator.py
[2023-08-23T21:46:09.463-0400] {logging_mixin.py:151} INFO - [2023-08-23T21:46:09.463-0400] {dag.py:2907} INFO - Sync 1 DAGs
[2023-08-23T21:46:09.469-0400] {logging_mixin.py:151} INFO - [2023-08-23T21:46:09.469-0400] {dag.py:3677} INFO - Setting next_dagrun for example_branch_python_operator_decorator to 2023-08-23T00:00:00+00:00, run_after=2023-08-24T00:00:00+00:00
[2023-08-23T21:46:09.476-0400] {processor.py:179} INFO - Processing /Users/mauri/Desktop/repositorio/apache-airflow-tutorial/env/lib/python3.11/site-packages/airflow/example_dags/example_branch_operator_decorator.py took 0.099 seconds
[2023-08-23T21:47:17.677-0400] {processor.py:157} INFO - Started process (PID=9311) to work on /Users/mauri/Desktop/repositorio/apache-airflow-tutorial/env/lib/python3.11/site-packages/airflow/example_dags/example_branch_operator_decorator.py
[2023-08-23T21:47:17.678-0400] {processor.py:829} INFO - Processing file /Users/mauri/Desktop/repositorio/apache-airflow-tutorial/env/lib/python3.11/site-packages/airflow/example_dags/example_branch_operator_decorator.py for tasks to queue
[2023-08-23T21:47:17.678-0400] {logging_mixin.py:151} INFO - [2023-08-23T21:47:17.678-0400] {dagbag.py:539} INFO - Filling up the DagBag from /Users/mauri/Desktop/repositorio/apache-airflow-tutorial/env/lib/python3.11/site-packages/airflow/example_dags/example_branch_operator_decorator.py
[2023-08-23T21:47:17.712-0400] {processor.py:839} INFO - DAG(s) dict_keys(['example_branch_python_operator_decorator']) retrieved from /Users/mauri/Desktop/repositorio/apache-airflow-tutorial/env/lib/python3.11/site-packages/airflow/example_dags/example_branch_operator_decorator.py
[2023-08-23T21:47:17.765-0400] {logging_mixin.py:151} INFO - [2023-08-23T21:47:17.765-0400] {dag.py:2907} INFO - Sync 1 DAGs
[2023-08-23T21:47:17.771-0400] {logging_mixin.py:151} INFO - [2023-08-23T21:47:17.771-0400] {dag.py:3677} INFO - Setting next_dagrun for example_branch_python_operator_decorator to 2023-08-23T00:00:00+00:00, run_after=2023-08-24T00:00:00+00:00
[2023-08-23T21:47:17.778-0400] {processor.py:179} INFO - Processing /Users/mauri/Desktop/repositorio/apache-airflow-tutorial/env/lib/python3.11/site-packages/airflow/example_dags/example_branch_operator_decorator.py took 0.102 seconds
[2023-08-23T21:48:30.537-0400] {processor.py:157} INFO - Started process (PID=9423) to work on /Users/mauri/Desktop/repositorio/apache-airflow-tutorial/env/lib/python3.11/site-packages/airflow/example_dags/example_branch_operator_decorator.py
[2023-08-23T21:48:30.538-0400] {processor.py:829} INFO - Processing file /Users/mauri/Desktop/repositorio/apache-airflow-tutorial/env/lib/python3.11/site-packages/airflow/example_dags/example_branch_operator_decorator.py for tasks to queue
[2023-08-23T21:48:30.538-0400] {logging_mixin.py:151} INFO - [2023-08-23T21:48:30.538-0400] {dagbag.py:539} INFO - Filling up the DagBag from /Users/mauri/Desktop/repositorio/apache-airflow-tutorial/env/lib/python3.11/site-packages/airflow/example_dags/example_branch_operator_decorator.py
[2023-08-23T21:48:30.574-0400] {processor.py:839} INFO - DAG(s) dict_keys(['example_branch_python_operator_decorator']) retrieved from /Users/mauri/Desktop/repositorio/apache-airflow-tutorial/env/lib/python3.11/site-packages/airflow/example_dags/example_branch_operator_decorator.py
[2023-08-23T21:48:30.633-0400] {logging_mixin.py:151} INFO - [2023-08-23T21:48:30.632-0400] {dag.py:2907} INFO - Sync 1 DAGs
[2023-08-23T21:48:30.639-0400] {logging_mixin.py:151} INFO - [2023-08-23T21:48:30.639-0400] {dag.py:3677} INFO - Setting next_dagrun for example_branch_python_operator_decorator to 2023-08-23T00:00:00+00:00, run_after=2023-08-24T00:00:00+00:00
[2023-08-23T21:48:30.647-0400] {processor.py:179} INFO - Processing /Users/mauri/Desktop/repositorio/apache-airflow-tutorial/env/lib/python3.11/site-packages/airflow/example_dags/example_branch_operator_decorator.py took 0.111 seconds
[2023-08-23T21:49:44.394-0400] {processor.py:157} INFO - Started process (PID=9491) to work on /Users/mauri/Desktop/repositorio/apache-airflow-tutorial/env/lib/python3.11/site-packages/airflow/example_dags/example_branch_operator_decorator.py
[2023-08-23T21:49:44.396-0400] {processor.py:829} INFO - Processing file /Users/mauri/Desktop/repositorio/apache-airflow-tutorial/env/lib/python3.11/site-packages/airflow/example_dags/example_branch_operator_decorator.py for tasks to queue
[2023-08-23T21:49:44.396-0400] {logging_mixin.py:151} INFO - [2023-08-23T21:49:44.396-0400] {dagbag.py:539} INFO - Filling up the DagBag from /Users/mauri/Desktop/repositorio/apache-airflow-tutorial/env/lib/python3.11/site-packages/airflow/example_dags/example_branch_operator_decorator.py
[2023-08-23T21:49:44.435-0400] {processor.py:839} INFO - DAG(s) dict_keys(['example_branch_python_operator_decorator']) retrieved from /Users/mauri/Desktop/repositorio/apache-airflow-tutorial/env/lib/python3.11/site-packages/airflow/example_dags/example_branch_operator_decorator.py
[2023-08-23T21:49:44.495-0400] {logging_mixin.py:151} INFO - [2023-08-23T21:49:44.495-0400] {dag.py:2907} INFO - Sync 1 DAGs
[2023-08-23T21:49:44.502-0400] {logging_mixin.py:151} INFO - [2023-08-23T21:49:44.502-0400] {dag.py:3677} INFO - Setting next_dagrun for example_branch_python_operator_decorator to 2023-08-23T00:00:00+00:00, run_after=2023-08-24T00:00:00+00:00
[2023-08-23T21:49:44.510-0400] {processor.py:179} INFO - Processing /Users/mauri/Desktop/repositorio/apache-airflow-tutorial/env/lib/python3.11/site-packages/airflow/example_dags/example_branch_operator_decorator.py took 0.116 seconds
[2023-08-23T21:50:59.644-0400] {processor.py:157} INFO - Started process (PID=9558) to work on /Users/mauri/Desktop/repositorio/apache-airflow-tutorial/env/lib/python3.11/site-packages/airflow/example_dags/example_branch_operator_decorator.py
[2023-08-23T21:50:59.646-0400] {processor.py:829} INFO - Processing file /Users/mauri/Desktop/repositorio/apache-airflow-tutorial/env/lib/python3.11/site-packages/airflow/example_dags/example_branch_operator_decorator.py for tasks to queue
[2023-08-23T21:50:59.646-0400] {logging_mixin.py:151} INFO - [2023-08-23T21:50:59.646-0400] {dagbag.py:539} INFO - Filling up the DagBag from /Users/mauri/Desktop/repositorio/apache-airflow-tutorial/env/lib/python3.11/site-packages/airflow/example_dags/example_branch_operator_decorator.py
[2023-08-23T21:50:59.679-0400] {processor.py:839} INFO - DAG(s) dict_keys(['example_branch_python_operator_decorator']) retrieved from /Users/mauri/Desktop/repositorio/apache-airflow-tutorial/env/lib/python3.11/site-packages/airflow/example_dags/example_branch_operator_decorator.py
[2023-08-23T21:50:59.732-0400] {logging_mixin.py:151} INFO - [2023-08-23T21:50:59.731-0400] {dag.py:2907} INFO - Sync 1 DAGs
[2023-08-23T21:50:59.737-0400] {logging_mixin.py:151} INFO - [2023-08-23T21:50:59.737-0400] {dag.py:3677} INFO - Setting next_dagrun for example_branch_python_operator_decorator to 2023-08-23T00:00:00+00:00, run_after=2023-08-24T00:00:00+00:00
[2023-08-23T21:50:59.744-0400] {processor.py:179} INFO - Processing /Users/mauri/Desktop/repositorio/apache-airflow-tutorial/env/lib/python3.11/site-packages/airflow/example_dags/example_branch_operator_decorator.py took 0.101 seconds
[2023-08-23T21:52:13.867-0400] {processor.py:157} INFO - Started process (PID=9658) to work on /Users/mauri/Desktop/repositorio/apache-airflow-tutorial/env/lib/python3.11/site-packages/airflow/example_dags/example_branch_operator_decorator.py
[2023-08-23T21:52:13.869-0400] {processor.py:829} INFO - Processing file /Users/mauri/Desktop/repositorio/apache-airflow-tutorial/env/lib/python3.11/site-packages/airflow/example_dags/example_branch_operator_decorator.py for tasks to queue
[2023-08-23T21:52:13.869-0400] {logging_mixin.py:151} INFO - [2023-08-23T21:52:13.869-0400] {dagbag.py:539} INFO - Filling up the DagBag from /Users/mauri/Desktop/repositorio/apache-airflow-tutorial/env/lib/python3.11/site-packages/airflow/example_dags/example_branch_operator_decorator.py
[2023-08-23T21:52:13.901-0400] {processor.py:839} INFO - DAG(s) dict_keys(['example_branch_python_operator_decorator']) retrieved from /Users/mauri/Desktop/repositorio/apache-airflow-tutorial/env/lib/python3.11/site-packages/airflow/example_dags/example_branch_operator_decorator.py
[2023-08-23T21:52:13.953-0400] {logging_mixin.py:151} INFO - [2023-08-23T21:52:13.953-0400] {dag.py:2907} INFO - Sync 1 DAGs
[2023-08-23T21:52:13.959-0400] {logging_mixin.py:151} INFO - [2023-08-23T21:52:13.959-0400] {dag.py:3677} INFO - Setting next_dagrun for example_branch_python_operator_decorator to 2023-08-23T00:00:00+00:00, run_after=2023-08-24T00:00:00+00:00
[2023-08-23T21:52:13.966-0400] {processor.py:179} INFO - Processing /Users/mauri/Desktop/repositorio/apache-airflow-tutorial/env/lib/python3.11/site-packages/airflow/example_dags/example_branch_operator_decorator.py took 0.099 seconds
[2023-08-23T21:53:23.084-0400] {processor.py:157} INFO - Started process (PID=9722) to work on /Users/mauri/Desktop/repositorio/apache-airflow-tutorial/env/lib/python3.11/site-packages/airflow/example_dags/example_branch_operator_decorator.py
[2023-08-23T21:53:23.085-0400] {processor.py:829} INFO - Processing file /Users/mauri/Desktop/repositorio/apache-airflow-tutorial/env/lib/python3.11/site-packages/airflow/example_dags/example_branch_operator_decorator.py for tasks to queue
[2023-08-23T21:53:23.085-0400] {logging_mixin.py:151} INFO - [2023-08-23T21:53:23.085-0400] {dagbag.py:539} INFO - Filling up the DagBag from /Users/mauri/Desktop/repositorio/apache-airflow-tutorial/env/lib/python3.11/site-packages/airflow/example_dags/example_branch_operator_decorator.py
[2023-08-23T21:53:23.118-0400] {processor.py:839} INFO - DAG(s) dict_keys(['example_branch_python_operator_decorator']) retrieved from /Users/mauri/Desktop/repositorio/apache-airflow-tutorial/env/lib/python3.11/site-packages/airflow/example_dags/example_branch_operator_decorator.py
[2023-08-23T21:53:23.171-0400] {logging_mixin.py:151} INFO - [2023-08-23T21:53:23.170-0400] {dag.py:2907} INFO - Sync 1 DAGs
[2023-08-23T21:53:23.176-0400] {logging_mixin.py:151} INFO - [2023-08-23T21:53:23.176-0400] {dag.py:3677} INFO - Setting next_dagrun for example_branch_python_operator_decorator to 2023-08-23T00:00:00+00:00, run_after=2023-08-24T00:00:00+00:00
[2023-08-23T21:53:23.183-0400] {processor.py:179} INFO - Processing /Users/mauri/Desktop/repositorio/apache-airflow-tutorial/env/lib/python3.11/site-packages/airflow/example_dags/example_branch_operator_decorator.py took 0.100 seconds
[2023-08-23T21:54:35.302-0400] {processor.py:157} INFO - Started process (PID=9785) to work on /Users/mauri/Desktop/repositorio/apache-airflow-tutorial/env/lib/python3.11/site-packages/airflow/example_dags/example_branch_operator_decorator.py
[2023-08-23T21:54:35.304-0400] {processor.py:829} INFO - Processing file /Users/mauri/Desktop/repositorio/apache-airflow-tutorial/env/lib/python3.11/site-packages/airflow/example_dags/example_branch_operator_decorator.py for tasks to queue
[2023-08-23T21:54:35.304-0400] {logging_mixin.py:151} INFO - [2023-08-23T21:54:35.304-0400] {dagbag.py:539} INFO - Filling up the DagBag from /Users/mauri/Desktop/repositorio/apache-airflow-tutorial/env/lib/python3.11/site-packages/airflow/example_dags/example_branch_operator_decorator.py
[2023-08-23T21:54:35.336-0400] {processor.py:839} INFO - DAG(s) dict_keys(['example_branch_python_operator_decorator']) retrieved from /Users/mauri/Desktop/repositorio/apache-airflow-tutorial/env/lib/python3.11/site-packages/airflow/example_dags/example_branch_operator_decorator.py
[2023-08-23T21:54:35.388-0400] {logging_mixin.py:151} INFO - [2023-08-23T21:54:35.388-0400] {dag.py:2907} INFO - Sync 1 DAGs
[2023-08-23T21:54:35.394-0400] {logging_mixin.py:151} INFO - [2023-08-23T21:54:35.393-0400] {dag.py:3677} INFO - Setting next_dagrun for example_branch_python_operator_decorator to 2023-08-23T00:00:00+00:00, run_after=2023-08-24T00:00:00+00:00
[2023-08-23T21:54:35.401-0400] {processor.py:179} INFO - Processing /Users/mauri/Desktop/repositorio/apache-airflow-tutorial/env/lib/python3.11/site-packages/airflow/example_dags/example_branch_operator_decorator.py took 0.099 seconds
[2023-08-23T21:55:48.401-0400] {processor.py:157} INFO - Started process (PID=9855) to work on /Users/mauri/Desktop/repositorio/apache-airflow-tutorial/env/lib/python3.11/site-packages/airflow/example_dags/example_branch_operator_decorator.py
[2023-08-23T21:55:48.403-0400] {processor.py:829} INFO - Processing file /Users/mauri/Desktop/repositorio/apache-airflow-tutorial/env/lib/python3.11/site-packages/airflow/example_dags/example_branch_operator_decorator.py for tasks to queue
[2023-08-23T21:55:48.403-0400] {logging_mixin.py:151} INFO - [2023-08-23T21:55:48.403-0400] {dagbag.py:539} INFO - Filling up the DagBag from /Users/mauri/Desktop/repositorio/apache-airflow-tutorial/env/lib/python3.11/site-packages/airflow/example_dags/example_branch_operator_decorator.py
[2023-08-23T21:55:48.435-0400] {processor.py:839} INFO - DAG(s) dict_keys(['example_branch_python_operator_decorator']) retrieved from /Users/mauri/Desktop/repositorio/apache-airflow-tutorial/env/lib/python3.11/site-packages/airflow/example_dags/example_branch_operator_decorator.py
[2023-08-23T21:55:48.487-0400] {logging_mixin.py:151} INFO - [2023-08-23T21:55:48.487-0400] {dag.py:2907} INFO - Sync 1 DAGs
[2023-08-23T21:55:48.493-0400] {logging_mixin.py:151} INFO - [2023-08-23T21:55:48.492-0400] {dag.py:3677} INFO - Setting next_dagrun for example_branch_python_operator_decorator to 2023-08-23T00:00:00+00:00, run_after=2023-08-24T00:00:00+00:00
[2023-08-23T21:55:48.500-0400] {processor.py:179} INFO - Processing /Users/mauri/Desktop/repositorio/apache-airflow-tutorial/env/lib/python3.11/site-packages/airflow/example_dags/example_branch_operator_decorator.py took 0.099 seconds
[2023-08-23T21:57:00.785-0400] {processor.py:157} INFO - Started process (PID=9920) to work on /Users/mauri/Desktop/repositorio/apache-airflow-tutorial/env/lib/python3.11/site-packages/airflow/example_dags/example_branch_operator_decorator.py
[2023-08-23T21:57:00.786-0400] {processor.py:829} INFO - Processing file /Users/mauri/Desktop/repositorio/apache-airflow-tutorial/env/lib/python3.11/site-packages/airflow/example_dags/example_branch_operator_decorator.py for tasks to queue
[2023-08-23T21:57:00.786-0400] {logging_mixin.py:151} INFO - [2023-08-23T21:57:00.786-0400] {dagbag.py:539} INFO - Filling up the DagBag from /Users/mauri/Desktop/repositorio/apache-airflow-tutorial/env/lib/python3.11/site-packages/airflow/example_dags/example_branch_operator_decorator.py
[2023-08-23T21:57:00.822-0400] {processor.py:839} INFO - DAG(s) dict_keys(['example_branch_python_operator_decorator']) retrieved from /Users/mauri/Desktop/repositorio/apache-airflow-tutorial/env/lib/python3.11/site-packages/airflow/example_dags/example_branch_operator_decorator.py
[2023-08-23T21:57:00.879-0400] {logging_mixin.py:151} INFO - [2023-08-23T21:57:00.879-0400] {dag.py:2907} INFO - Sync 1 DAGs
[2023-08-23T21:57:00.885-0400] {logging_mixin.py:151} INFO - [2023-08-23T21:57:00.885-0400] {dag.py:3677} INFO - Setting next_dagrun for example_branch_python_operator_decorator to 2023-08-23T00:00:00+00:00, run_after=2023-08-24T00:00:00+00:00
[2023-08-23T21:57:00.893-0400] {processor.py:179} INFO - Processing /Users/mauri/Desktop/repositorio/apache-airflow-tutorial/env/lib/python3.11/site-packages/airflow/example_dags/example_branch_operator_decorator.py took 0.109 seconds
[2023-08-23T21:58:17.775-0400] {processor.py:157} INFO - Started process (PID=9989) to work on /Users/mauri/Desktop/repositorio/apache-airflow-tutorial/env/lib/python3.11/site-packages/airflow/example_dags/example_branch_operator_decorator.py
[2023-08-23T21:58:17.776-0400] {processor.py:829} INFO - Processing file /Users/mauri/Desktop/repositorio/apache-airflow-tutorial/env/lib/python3.11/site-packages/airflow/example_dags/example_branch_operator_decorator.py for tasks to queue
[2023-08-23T21:58:17.776-0400] {logging_mixin.py:151} INFO - [2023-08-23T21:58:17.776-0400] {dagbag.py:539} INFO - Filling up the DagBag from /Users/mauri/Desktop/repositorio/apache-airflow-tutorial/env/lib/python3.11/site-packages/airflow/example_dags/example_branch_operator_decorator.py
[2023-08-23T21:58:17.808-0400] {processor.py:839} INFO - DAG(s) dict_keys(['example_branch_python_operator_decorator']) retrieved from /Users/mauri/Desktop/repositorio/apache-airflow-tutorial/env/lib/python3.11/site-packages/airflow/example_dags/example_branch_operator_decorator.py
[2023-08-23T21:58:17.862-0400] {logging_mixin.py:151} INFO - [2023-08-23T21:58:17.862-0400] {dag.py:2907} INFO - Sync 1 DAGs
[2023-08-23T21:58:17.868-0400] {logging_mixin.py:151} INFO - [2023-08-23T21:58:17.867-0400] {dag.py:3677} INFO - Setting next_dagrun for example_branch_python_operator_decorator to 2023-08-23T00:00:00+00:00, run_after=2023-08-24T00:00:00+00:00
[2023-08-23T21:58:17.875-0400] {processor.py:179} INFO - Processing /Users/mauri/Desktop/repositorio/apache-airflow-tutorial/env/lib/python3.11/site-packages/airflow/example_dags/example_branch_operator_decorator.py took 0.100 seconds
[2023-08-23T21:59:32.987-0400] {processor.py:157} INFO - Started process (PID=10057) to work on /Users/mauri/Desktop/repositorio/apache-airflow-tutorial/env/lib/python3.11/site-packages/airflow/example_dags/example_branch_operator_decorator.py
[2023-08-23T21:59:32.988-0400] {processor.py:829} INFO - Processing file /Users/mauri/Desktop/repositorio/apache-airflow-tutorial/env/lib/python3.11/site-packages/airflow/example_dags/example_branch_operator_decorator.py for tasks to queue
[2023-08-23T21:59:32.988-0400] {logging_mixin.py:151} INFO - [2023-08-23T21:59:32.988-0400] {dagbag.py:539} INFO - Filling up the DagBag from /Users/mauri/Desktop/repositorio/apache-airflow-tutorial/env/lib/python3.11/site-packages/airflow/example_dags/example_branch_operator_decorator.py
[2023-08-23T21:59:33.023-0400] {processor.py:839} INFO - DAG(s) dict_keys(['example_branch_python_operator_decorator']) retrieved from /Users/mauri/Desktop/repositorio/apache-airflow-tutorial/env/lib/python3.11/site-packages/airflow/example_dags/example_branch_operator_decorator.py
[2023-08-23T21:59:33.082-0400] {logging_mixin.py:151} INFO - [2023-08-23T21:59:33.082-0400] {dag.py:2907} INFO - Sync 1 DAGs
[2023-08-23T21:59:33.088-0400] {logging_mixin.py:151} INFO - [2023-08-23T21:59:33.088-0400] {dag.py:3677} INFO - Setting next_dagrun for example_branch_python_operator_decorator to 2023-08-23T00:00:00+00:00, run_after=2023-08-24T00:00:00+00:00
[2023-08-23T21:59:33.096-0400] {processor.py:179} INFO - Processing /Users/mauri/Desktop/repositorio/apache-airflow-tutorial/env/lib/python3.11/site-packages/airflow/example_dags/example_branch_operator_decorator.py took 0.110 seconds
