[2023-08-23T21:34:08.001-0400] {processor.py:157} INFO - Started process (PID=8501) to work on /Users/mauri/Desktop/repositorio/apache-airflow-tutorial/env/lib/python3.11/site-packages/airflow/example_dags/example_trigger_target_dag.py
[2023-08-23T21:34:08.002-0400] {processor.py:829} INFO - Processing file /Users/mauri/Desktop/repositorio/apache-airflow-tutorial/env/lib/python3.11/site-packages/airflow/example_dags/example_trigger_target_dag.py for tasks to queue
[2023-08-23T21:34:08.002-0400] {logging_mixin.py:151} INFO - [2023-08-23T21:34:08.002-0400] {dagbag.py:539} INFO - Filling up the DagBag from /Users/mauri/Desktop/repositorio/apache-airflow-tutorial/env/lib/python3.11/site-packages/airflow/example_dags/example_trigger_target_dag.py
[2023-08-23T21:34:08.034-0400] {processor.py:839} INFO - DAG(s) dict_keys(['example_trigger_target_dag']) retrieved from /Users/mauri/Desktop/repositorio/apache-airflow-tutorial/env/lib/python3.11/site-packages/airflow/example_dags/example_trigger_target_dag.py
[2023-08-23T21:34:08.339-0400] {logging_mixin.py:151} INFO - [2023-08-23T21:34:08.339-0400] {manager.py:501} INFO - Created Permission View: can delete on DAG:example_trigger_target_dag
[2023-08-23T21:34:08.342-0400] {logging_mixin.py:151} INFO - [2023-08-23T21:34:08.342-0400] {manager.py:501} INFO - Created Permission View: can read on DAG:example_trigger_target_dag
[2023-08-23T21:34:08.344-0400] {logging_mixin.py:151} INFO - [2023-08-23T21:34:08.344-0400] {manager.py:501} INFO - Created Permission View: can edit on DAG:example_trigger_target_dag
[2023-08-23T21:34:08.347-0400] {logging_mixin.py:151} INFO - [2023-08-23T21:34:08.347-0400] {dag.py:2907} INFO - Sync 1 DAGs
[2023-08-23T21:34:08.350-0400] {logging_mixin.py:151} INFO - [2023-08-23T21:34:08.350-0400] {dag.py:2929} INFO - Creating ORM DAG for example_trigger_target_dag
[2023-08-23T21:34:08.350-0400] {logging_mixin.py:151} INFO - [2023-08-23T21:34:08.350-0400] {dag.py:3677} INFO - Setting next_dagrun for example_trigger_target_dag to None, run_after=None
[2023-08-23T21:34:08.357-0400] {processor.py:179} INFO - Processing /Users/mauri/Desktop/repositorio/apache-airflow-tutorial/env/lib/python3.11/site-packages/airflow/example_dags/example_trigger_target_dag.py took 0.356 seconds
[2023-08-23T21:35:28.321-0400] {processor.py:157} INFO - Started process (PID=8560) to work on /Users/mauri/Desktop/repositorio/apache-airflow-tutorial/env/lib/python3.11/site-packages/airflow/example_dags/example_trigger_target_dag.py
[2023-08-23T21:35:28.323-0400] {processor.py:829} INFO - Processing file /Users/mauri/Desktop/repositorio/apache-airflow-tutorial/env/lib/python3.11/site-packages/airflow/example_dags/example_trigger_target_dag.py for tasks to queue
[2023-08-23T21:35:28.323-0400] {logging_mixin.py:151} INFO - [2023-08-23T21:35:28.323-0400] {dagbag.py:539} INFO - Filling up the DagBag from /Users/mauri/Desktop/repositorio/apache-airflow-tutorial/env/lib/python3.11/site-packages/airflow/example_dags/example_trigger_target_dag.py
[2023-08-23T21:35:28.355-0400] {processor.py:839} INFO - DAG(s) dict_keys(['example_trigger_target_dag']) retrieved from /Users/mauri/Desktop/repositorio/apache-airflow-tutorial/env/lib/python3.11/site-packages/airflow/example_dags/example_trigger_target_dag.py
[2023-08-23T21:35:28.407-0400] {logging_mixin.py:151} INFO - [2023-08-23T21:35:28.407-0400] {dag.py:2907} INFO - Sync 1 DAGs
[2023-08-23T21:35:28.410-0400] {logging_mixin.py:151} INFO - [2023-08-23T21:35:28.410-0400] {dag.py:3677} INFO - Setting next_dagrun for example_trigger_target_dag to None, run_after=None
[2023-08-23T21:35:28.418-0400] {processor.py:179} INFO - Processing /Users/mauri/Desktop/repositorio/apache-airflow-tutorial/env/lib/python3.11/site-packages/airflow/example_dags/example_trigger_target_dag.py took 0.097 seconds
[2023-08-23T21:36:41.327-0400] {processor.py:157} INFO - Started process (PID=8630) to work on /Users/mauri/Desktop/repositorio/apache-airflow-tutorial/env/lib/python3.11/site-packages/airflow/example_dags/example_trigger_target_dag.py
[2023-08-23T21:36:41.329-0400] {processor.py:829} INFO - Processing file /Users/mauri/Desktop/repositorio/apache-airflow-tutorial/env/lib/python3.11/site-packages/airflow/example_dags/example_trigger_target_dag.py for tasks to queue
[2023-08-23T21:36:41.329-0400] {logging_mixin.py:151} INFO - [2023-08-23T21:36:41.329-0400] {dagbag.py:539} INFO - Filling up the DagBag from /Users/mauri/Desktop/repositorio/apache-airflow-tutorial/env/lib/python3.11/site-packages/airflow/example_dags/example_trigger_target_dag.py
[2023-08-23T21:36:41.361-0400] {processor.py:839} INFO - DAG(s) dict_keys(['example_trigger_target_dag']) retrieved from /Users/mauri/Desktop/repositorio/apache-airflow-tutorial/env/lib/python3.11/site-packages/airflow/example_dags/example_trigger_target_dag.py
[2023-08-23T21:36:41.414-0400] {logging_mixin.py:151} INFO - [2023-08-23T21:36:41.414-0400] {dag.py:2907} INFO - Sync 1 DAGs
[2023-08-23T21:36:41.417-0400] {logging_mixin.py:151} INFO - [2023-08-23T21:36:41.417-0400] {dag.py:3677} INFO - Setting next_dagrun for example_trigger_target_dag to None, run_after=None
[2023-08-23T21:36:41.424-0400] {processor.py:179} INFO - Processing /Users/mauri/Desktop/repositorio/apache-airflow-tutorial/env/lib/python3.11/site-packages/airflow/example_dags/example_trigger_target_dag.py took 0.098 seconds
[2023-08-23T21:37:54.900-0400] {processor.py:157} INFO - Started process (PID=8689) to work on /Users/mauri/Desktop/repositorio/apache-airflow-tutorial/env/lib/python3.11/site-packages/airflow/example_dags/example_trigger_target_dag.py
[2023-08-23T21:37:54.902-0400] {processor.py:829} INFO - Processing file /Users/mauri/Desktop/repositorio/apache-airflow-tutorial/env/lib/python3.11/site-packages/airflow/example_dags/example_trigger_target_dag.py for tasks to queue
[2023-08-23T21:37:54.903-0400] {logging_mixin.py:151} INFO - [2023-08-23T21:37:54.902-0400] {dagbag.py:539} INFO - Filling up the DagBag from /Users/mauri/Desktop/repositorio/apache-airflow-tutorial/env/lib/python3.11/site-packages/airflow/example_dags/example_trigger_target_dag.py
[2023-08-23T21:37:54.934-0400] {processor.py:839} INFO - DAG(s) dict_keys(['example_trigger_target_dag']) retrieved from /Users/mauri/Desktop/repositorio/apache-airflow-tutorial/env/lib/python3.11/site-packages/airflow/example_dags/example_trigger_target_dag.py
[2023-08-23T21:37:54.986-0400] {logging_mixin.py:151} INFO - [2023-08-23T21:37:54.986-0400] {dag.py:2907} INFO - Sync 1 DAGs
[2023-08-23T21:37:54.989-0400] {logging_mixin.py:151} INFO - [2023-08-23T21:37:54.989-0400] {dag.py:3677} INFO - Setting next_dagrun for example_trigger_target_dag to None, run_after=None
[2023-08-23T21:37:54.997-0400] {processor.py:179} INFO - Processing /Users/mauri/Desktop/repositorio/apache-airflow-tutorial/env/lib/python3.11/site-packages/airflow/example_dags/example_trigger_target_dag.py took 0.097 seconds
[2023-08-23T21:39:11.830-0400] {processor.py:157} INFO - Started process (PID=8764) to work on /Users/mauri/Desktop/repositorio/apache-airflow-tutorial/env/lib/python3.11/site-packages/airflow/example_dags/example_trigger_target_dag.py
[2023-08-23T21:39:11.833-0400] {processor.py:829} INFO - Processing file /Users/mauri/Desktop/repositorio/apache-airflow-tutorial/env/lib/python3.11/site-packages/airflow/example_dags/example_trigger_target_dag.py for tasks to queue
[2023-08-23T21:39:11.833-0400] {logging_mixin.py:151} INFO - [2023-08-23T21:39:11.833-0400] {dagbag.py:539} INFO - Filling up the DagBag from /Users/mauri/Desktop/repositorio/apache-airflow-tutorial/env/lib/python3.11/site-packages/airflow/example_dags/example_trigger_target_dag.py
[2023-08-23T21:39:11.865-0400] {processor.py:839} INFO - DAG(s) dict_keys(['example_trigger_target_dag']) retrieved from /Users/mauri/Desktop/repositorio/apache-airflow-tutorial/env/lib/python3.11/site-packages/airflow/example_dags/example_trigger_target_dag.py
[2023-08-23T21:39:11.917-0400] {logging_mixin.py:151} INFO - [2023-08-23T21:39:11.916-0400] {dag.py:2907} INFO - Sync 1 DAGs
[2023-08-23T21:39:11.919-0400] {logging_mixin.py:151} INFO - [2023-08-23T21:39:11.919-0400] {dag.py:3677} INFO - Setting next_dagrun for example_trigger_target_dag to None, run_after=None
[2023-08-23T21:39:11.927-0400] {processor.py:179} INFO - Processing /Users/mauri/Desktop/repositorio/apache-airflow-tutorial/env/lib/python3.11/site-packages/airflow/example_dags/example_trigger_target_dag.py took 0.097 seconds
[2023-08-23T21:40:24.952-0400] {processor.py:157} INFO - Started process (PID=8826) to work on /Users/mauri/Desktop/repositorio/apache-airflow-tutorial/env/lib/python3.11/site-packages/airflow/example_dags/example_trigger_target_dag.py
[2023-08-23T21:40:24.954-0400] {processor.py:829} INFO - Processing file /Users/mauri/Desktop/repositorio/apache-airflow-tutorial/env/lib/python3.11/site-packages/airflow/example_dags/example_trigger_target_dag.py for tasks to queue
[2023-08-23T21:40:24.954-0400] {logging_mixin.py:151} INFO - [2023-08-23T21:40:24.954-0400] {dagbag.py:539} INFO - Filling up the DagBag from /Users/mauri/Desktop/repositorio/apache-airflow-tutorial/env/lib/python3.11/site-packages/airflow/example_dags/example_trigger_target_dag.py
[2023-08-23T21:40:24.987-0400] {processor.py:839} INFO - DAG(s) dict_keys(['example_trigger_target_dag']) retrieved from /Users/mauri/Desktop/repositorio/apache-airflow-tutorial/env/lib/python3.11/site-packages/airflow/example_dags/example_trigger_target_dag.py
[2023-08-23T21:40:25.039-0400] {logging_mixin.py:151} INFO - [2023-08-23T21:40:25.039-0400] {dag.py:2907} INFO - Sync 1 DAGs
[2023-08-23T21:40:25.042-0400] {logging_mixin.py:151} INFO - [2023-08-23T21:40:25.042-0400] {dag.py:3677} INFO - Setting next_dagrun for example_trigger_target_dag to None, run_after=None
[2023-08-23T21:40:25.049-0400] {processor.py:179} INFO - Processing /Users/mauri/Desktop/repositorio/apache-airflow-tutorial/env/lib/python3.11/site-packages/airflow/example_dags/example_trigger_target_dag.py took 0.097 seconds
[2023-08-23T21:41:37.921-0400] {processor.py:157} INFO - Started process (PID=8882) to work on /Users/mauri/Desktop/repositorio/apache-airflow-tutorial/env/lib/python3.11/site-packages/airflow/example_dags/example_trigger_target_dag.py
[2023-08-23T21:41:37.922-0400] {processor.py:829} INFO - Processing file /Users/mauri/Desktop/repositorio/apache-airflow-tutorial/env/lib/python3.11/site-packages/airflow/example_dags/example_trigger_target_dag.py for tasks to queue
[2023-08-23T21:41:37.922-0400] {logging_mixin.py:151} INFO - [2023-08-23T21:41:37.922-0400] {dagbag.py:539} INFO - Filling up the DagBag from /Users/mauri/Desktop/repositorio/apache-airflow-tutorial/env/lib/python3.11/site-packages/airflow/example_dags/example_trigger_target_dag.py
[2023-08-23T21:41:37.954-0400] {processor.py:839} INFO - DAG(s) dict_keys(['example_trigger_target_dag']) retrieved from /Users/mauri/Desktop/repositorio/apache-airflow-tutorial/env/lib/python3.11/site-packages/airflow/example_dags/example_trigger_target_dag.py
[2023-08-23T21:41:38.006-0400] {logging_mixin.py:151} INFO - [2023-08-23T21:41:38.006-0400] {dag.py:2907} INFO - Sync 1 DAGs
[2023-08-23T21:41:38.009-0400] {logging_mixin.py:151} INFO - [2023-08-23T21:41:38.009-0400] {dag.py:3677} INFO - Setting next_dagrun for example_trigger_target_dag to None, run_after=None
[2023-08-23T21:41:38.016-0400] {processor.py:179} INFO - Processing /Users/mauri/Desktop/repositorio/apache-airflow-tutorial/env/lib/python3.11/site-packages/airflow/example_dags/example_trigger_target_dag.py took 0.096 seconds
[2023-08-23T21:42:50.874-0400] {processor.py:157} INFO - Started process (PID=8950) to work on /Users/mauri/Desktop/repositorio/apache-airflow-tutorial/env/lib/python3.11/site-packages/airflow/example_dags/example_trigger_target_dag.py
[2023-08-23T21:42:50.875-0400] {processor.py:829} INFO - Processing file /Users/mauri/Desktop/repositorio/apache-airflow-tutorial/env/lib/python3.11/site-packages/airflow/example_dags/example_trigger_target_dag.py for tasks to queue
[2023-08-23T21:42:50.875-0400] {logging_mixin.py:151} INFO - [2023-08-23T21:42:50.875-0400] {dagbag.py:539} INFO - Filling up the DagBag from /Users/mauri/Desktop/repositorio/apache-airflow-tutorial/env/lib/python3.11/site-packages/airflow/example_dags/example_trigger_target_dag.py
[2023-08-23T21:42:50.907-0400] {processor.py:839} INFO - DAG(s) dict_keys(['example_trigger_target_dag']) retrieved from /Users/mauri/Desktop/repositorio/apache-airflow-tutorial/env/lib/python3.11/site-packages/airflow/example_dags/example_trigger_target_dag.py
[2023-08-23T21:42:50.960-0400] {logging_mixin.py:151} INFO - [2023-08-23T21:42:50.959-0400] {dag.py:2907} INFO - Sync 1 DAGs
[2023-08-23T21:42:50.963-0400] {logging_mixin.py:151} INFO - [2023-08-23T21:42:50.962-0400] {dag.py:3677} INFO - Setting next_dagrun for example_trigger_target_dag to None, run_after=None
[2023-08-23T21:42:50.970-0400] {processor.py:179} INFO - Processing /Users/mauri/Desktop/repositorio/apache-airflow-tutorial/env/lib/python3.11/site-packages/airflow/example_dags/example_trigger_target_dag.py took 0.096 seconds
[2023-08-23T21:44:00.297-0400] {processor.py:157} INFO - Started process (PID=9013) to work on /Users/mauri/Desktop/repositorio/apache-airflow-tutorial/env/lib/python3.11/site-packages/airflow/example_dags/example_trigger_target_dag.py
[2023-08-23T21:44:00.299-0400] {processor.py:829} INFO - Processing file /Users/mauri/Desktop/repositorio/apache-airflow-tutorial/env/lib/python3.11/site-packages/airflow/example_dags/example_trigger_target_dag.py for tasks to queue
[2023-08-23T21:44:00.299-0400] {logging_mixin.py:151} INFO - [2023-08-23T21:44:00.299-0400] {dagbag.py:539} INFO - Filling up the DagBag from /Users/mauri/Desktop/repositorio/apache-airflow-tutorial/env/lib/python3.11/site-packages/airflow/example_dags/example_trigger_target_dag.py
[2023-08-23T21:44:00.330-0400] {processor.py:839} INFO - DAG(s) dict_keys(['example_trigger_target_dag']) retrieved from /Users/mauri/Desktop/repositorio/apache-airflow-tutorial/env/lib/python3.11/site-packages/airflow/example_dags/example_trigger_target_dag.py
[2023-08-23T21:44:00.381-0400] {logging_mixin.py:151} INFO - [2023-08-23T21:44:00.381-0400] {dag.py:2907} INFO - Sync 1 DAGs
[2023-08-23T21:44:00.384-0400] {logging_mixin.py:151} INFO - [2023-08-23T21:44:00.384-0400] {dag.py:3677} INFO - Setting next_dagrun for example_trigger_target_dag to None, run_after=None
[2023-08-23T21:44:00.392-0400] {processor.py:179} INFO - Processing /Users/mauri/Desktop/repositorio/apache-airflow-tutorial/env/lib/python3.11/site-packages/airflow/example_dags/example_trigger_target_dag.py took 0.095 seconds
[2023-08-23T21:45:14.106-0400] {processor.py:157} INFO - Started process (PID=9090) to work on /Users/mauri/Desktop/repositorio/apache-airflow-tutorial/env/lib/python3.11/site-packages/airflow/example_dags/example_trigger_target_dag.py
[2023-08-23T21:45:14.107-0400] {processor.py:829} INFO - Processing file /Users/mauri/Desktop/repositorio/apache-airflow-tutorial/env/lib/python3.11/site-packages/airflow/example_dags/example_trigger_target_dag.py for tasks to queue
[2023-08-23T21:45:14.108-0400] {logging_mixin.py:151} INFO - [2023-08-23T21:45:14.108-0400] {dagbag.py:539} INFO - Filling up the DagBag from /Users/mauri/Desktop/repositorio/apache-airflow-tutorial/env/lib/python3.11/site-packages/airflow/example_dags/example_trigger_target_dag.py
[2023-08-23T21:45:14.139-0400] {processor.py:839} INFO - DAG(s) dict_keys(['example_trigger_target_dag']) retrieved from /Users/mauri/Desktop/repositorio/apache-airflow-tutorial/env/lib/python3.11/site-packages/airflow/example_dags/example_trigger_target_dag.py
[2023-08-23T21:45:14.192-0400] {logging_mixin.py:151} INFO - [2023-08-23T21:45:14.191-0400] {dag.py:2907} INFO - Sync 1 DAGs
[2023-08-23T21:45:14.194-0400] {logging_mixin.py:151} INFO - [2023-08-23T21:45:14.194-0400] {dag.py:3677} INFO - Setting next_dagrun for example_trigger_target_dag to None, run_after=None
[2023-08-23T21:45:14.202-0400] {processor.py:179} INFO - Processing /Users/mauri/Desktop/repositorio/apache-airflow-tutorial/env/lib/python3.11/site-packages/airflow/example_dags/example_trigger_target_dag.py took 0.096 seconds
[2023-08-23T21:46:25.555-0400] {processor.py:157} INFO - Started process (PID=9203) to work on /Users/mauri/Desktop/repositorio/apache-airflow-tutorial/env/lib/python3.11/site-packages/airflow/example_dags/example_trigger_target_dag.py
[2023-08-23T21:46:25.556-0400] {processor.py:829} INFO - Processing file /Users/mauri/Desktop/repositorio/apache-airflow-tutorial/env/lib/python3.11/site-packages/airflow/example_dags/example_trigger_target_dag.py for tasks to queue
[2023-08-23T21:46:25.556-0400] {logging_mixin.py:151} INFO - [2023-08-23T21:46:25.556-0400] {dagbag.py:539} INFO - Filling up the DagBag from /Users/mauri/Desktop/repositorio/apache-airflow-tutorial/env/lib/python3.11/site-packages/airflow/example_dags/example_trigger_target_dag.py
[2023-08-23T21:46:25.587-0400] {processor.py:839} INFO - DAG(s) dict_keys(['example_trigger_target_dag']) retrieved from /Users/mauri/Desktop/repositorio/apache-airflow-tutorial/env/lib/python3.11/site-packages/airflow/example_dags/example_trigger_target_dag.py
[2023-08-23T21:46:25.639-0400] {logging_mixin.py:151} INFO - [2023-08-23T21:46:25.639-0400] {dag.py:2907} INFO - Sync 1 DAGs
[2023-08-23T21:46:25.642-0400] {logging_mixin.py:151} INFO - [2023-08-23T21:46:25.642-0400] {dag.py:3677} INFO - Setting next_dagrun for example_trigger_target_dag to None, run_after=None
[2023-08-23T21:46:25.650-0400] {processor.py:179} INFO - Processing /Users/mauri/Desktop/repositorio/apache-airflow-tutorial/env/lib/python3.11/site-packages/airflow/example_dags/example_trigger_target_dag.py took 0.095 seconds
[2023-08-23T21:47:35.821-0400] {processor.py:157} INFO - Started process (PID=9333) to work on /Users/mauri/Desktop/repositorio/apache-airflow-tutorial/env/lib/python3.11/site-packages/airflow/example_dags/example_trigger_target_dag.py
[2023-08-23T21:47:35.822-0400] {processor.py:829} INFO - Processing file /Users/mauri/Desktop/repositorio/apache-airflow-tutorial/env/lib/python3.11/site-packages/airflow/example_dags/example_trigger_target_dag.py for tasks to queue
[2023-08-23T21:47:35.822-0400] {logging_mixin.py:151} INFO - [2023-08-23T21:47:35.822-0400] {dagbag.py:539} INFO - Filling up the DagBag from /Users/mauri/Desktop/repositorio/apache-airflow-tutorial/env/lib/python3.11/site-packages/airflow/example_dags/example_trigger_target_dag.py
[2023-08-23T21:47:35.853-0400] {processor.py:839} INFO - DAG(s) dict_keys(['example_trigger_target_dag']) retrieved from /Users/mauri/Desktop/repositorio/apache-airflow-tutorial/env/lib/python3.11/site-packages/airflow/example_dags/example_trigger_target_dag.py
[2023-08-23T21:47:35.905-0400] {logging_mixin.py:151} INFO - [2023-08-23T21:47:35.905-0400] {dag.py:2907} INFO - Sync 1 DAGs
[2023-08-23T21:47:35.908-0400] {logging_mixin.py:151} INFO - [2023-08-23T21:47:35.908-0400] {dag.py:3677} INFO - Setting next_dagrun for example_trigger_target_dag to None, run_after=None
[2023-08-23T21:47:35.915-0400] {processor.py:179} INFO - Processing /Users/mauri/Desktop/repositorio/apache-airflow-tutorial/env/lib/python3.11/site-packages/airflow/example_dags/example_trigger_target_dag.py took 0.095 seconds
[2023-08-23T21:48:48.977-0400] {processor.py:157} INFO - Started process (PID=9438) to work on /Users/mauri/Desktop/repositorio/apache-airflow-tutorial/env/lib/python3.11/site-packages/airflow/example_dags/example_trigger_target_dag.py
[2023-08-23T21:48:48.979-0400] {processor.py:829} INFO - Processing file /Users/mauri/Desktop/repositorio/apache-airflow-tutorial/env/lib/python3.11/site-packages/airflow/example_dags/example_trigger_target_dag.py for tasks to queue
[2023-08-23T21:48:48.979-0400] {logging_mixin.py:151} INFO - [2023-08-23T21:48:48.979-0400] {dagbag.py:539} INFO - Filling up the DagBag from /Users/mauri/Desktop/repositorio/apache-airflow-tutorial/env/lib/python3.11/site-packages/airflow/example_dags/example_trigger_target_dag.py
[2023-08-23T21:48:49.011-0400] {processor.py:839} INFO - DAG(s) dict_keys(['example_trigger_target_dag']) retrieved from /Users/mauri/Desktop/repositorio/apache-airflow-tutorial/env/lib/python3.11/site-packages/airflow/example_dags/example_trigger_target_dag.py
[2023-08-23T21:48:49.063-0400] {logging_mixin.py:151} INFO - [2023-08-23T21:48:49.063-0400] {dag.py:2907} INFO - Sync 1 DAGs
[2023-08-23T21:48:49.066-0400] {logging_mixin.py:151} INFO - [2023-08-23T21:48:49.066-0400] {dag.py:3677} INFO - Setting next_dagrun for example_trigger_target_dag to None, run_after=None
[2023-08-23T21:48:49.074-0400] {processor.py:179} INFO - Processing /Users/mauri/Desktop/repositorio/apache-airflow-tutorial/env/lib/python3.11/site-packages/airflow/example_dags/example_trigger_target_dag.py took 0.097 seconds
[2023-08-23T21:50:04.354-0400] {processor.py:157} INFO - Started process (PID=9514) to work on /Users/mauri/Desktop/repositorio/apache-airflow-tutorial/env/lib/python3.11/site-packages/airflow/example_dags/example_trigger_target_dag.py
[2023-08-23T21:50:04.356-0400] {processor.py:829} INFO - Processing file /Users/mauri/Desktop/repositorio/apache-airflow-tutorial/env/lib/python3.11/site-packages/airflow/example_dags/example_trigger_target_dag.py for tasks to queue
[2023-08-23T21:50:04.357-0400] {logging_mixin.py:151} INFO - [2023-08-23T21:50:04.357-0400] {dagbag.py:539} INFO - Filling up the DagBag from /Users/mauri/Desktop/repositorio/apache-airflow-tutorial/env/lib/python3.11/site-packages/airflow/example_dags/example_trigger_target_dag.py
[2023-08-23T21:50:04.388-0400] {processor.py:839} INFO - DAG(s) dict_keys(['example_trigger_target_dag']) retrieved from /Users/mauri/Desktop/repositorio/apache-airflow-tutorial/env/lib/python3.11/site-packages/airflow/example_dags/example_trigger_target_dag.py
[2023-08-23T21:50:04.440-0400] {logging_mixin.py:151} INFO - [2023-08-23T21:50:04.440-0400] {dag.py:2907} INFO - Sync 1 DAGs
[2023-08-23T21:50:04.443-0400] {logging_mixin.py:151} INFO - [2023-08-23T21:50:04.443-0400] {dag.py:3677} INFO - Setting next_dagrun for example_trigger_target_dag to None, run_after=None
[2023-08-23T21:50:04.451-0400] {processor.py:179} INFO - Processing /Users/mauri/Desktop/repositorio/apache-airflow-tutorial/env/lib/python3.11/site-packages/airflow/example_dags/example_trigger_target_dag.py took 0.097 seconds
[2023-08-23T21:51:19.619-0400] {processor.py:157} INFO - Started process (PID=9604) to work on /Users/mauri/Desktop/repositorio/apache-airflow-tutorial/env/lib/python3.11/site-packages/airflow/example_dags/example_trigger_target_dag.py
[2023-08-23T21:51:19.621-0400] {processor.py:829} INFO - Processing file /Users/mauri/Desktop/repositorio/apache-airflow-tutorial/env/lib/python3.11/site-packages/airflow/example_dags/example_trigger_target_dag.py for tasks to queue
[2023-08-23T21:51:19.622-0400] {logging_mixin.py:151} INFO - [2023-08-23T21:51:19.622-0400] {dagbag.py:539} INFO - Filling up the DagBag from /Users/mauri/Desktop/repositorio/apache-airflow-tutorial/env/lib/python3.11/site-packages/airflow/example_dags/example_trigger_target_dag.py
[2023-08-23T21:51:19.653-0400] {processor.py:839} INFO - DAG(s) dict_keys(['example_trigger_target_dag']) retrieved from /Users/mauri/Desktop/repositorio/apache-airflow-tutorial/env/lib/python3.11/site-packages/airflow/example_dags/example_trigger_target_dag.py
[2023-08-23T21:51:19.705-0400] {logging_mixin.py:151} INFO - [2023-08-23T21:51:19.705-0400] {dag.py:2907} INFO - Sync 1 DAGs
[2023-08-23T21:51:19.708-0400] {logging_mixin.py:151} INFO - [2023-08-23T21:51:19.708-0400] {dag.py:3677} INFO - Setting next_dagrun for example_trigger_target_dag to None, run_after=None
[2023-08-23T21:51:19.715-0400] {processor.py:179} INFO - Processing /Users/mauri/Desktop/repositorio/apache-airflow-tutorial/env/lib/python3.11/site-packages/airflow/example_dags/example_trigger_target_dag.py took 0.096 seconds
[2023-08-23T21:52:30.692-0400] {processor.py:157} INFO - Started process (PID=9670) to work on /Users/mauri/Desktop/repositorio/apache-airflow-tutorial/env/lib/python3.11/site-packages/airflow/example_dags/example_trigger_target_dag.py
[2023-08-23T21:52:30.693-0400] {processor.py:829} INFO - Processing file /Users/mauri/Desktop/repositorio/apache-airflow-tutorial/env/lib/python3.11/site-packages/airflow/example_dags/example_trigger_target_dag.py for tasks to queue
[2023-08-23T21:52:30.693-0400] {logging_mixin.py:151} INFO - [2023-08-23T21:52:30.693-0400] {dagbag.py:539} INFO - Filling up the DagBag from /Users/mauri/Desktop/repositorio/apache-airflow-tutorial/env/lib/python3.11/site-packages/airflow/example_dags/example_trigger_target_dag.py
[2023-08-23T21:52:30.724-0400] {processor.py:839} INFO - DAG(s) dict_keys(['example_trigger_target_dag']) retrieved from /Users/mauri/Desktop/repositorio/apache-airflow-tutorial/env/lib/python3.11/site-packages/airflow/example_dags/example_trigger_target_dag.py
[2023-08-23T21:52:30.776-0400] {logging_mixin.py:151} INFO - [2023-08-23T21:52:30.776-0400] {dag.py:2907} INFO - Sync 1 DAGs
[2023-08-23T21:52:30.779-0400] {logging_mixin.py:151} INFO - [2023-08-23T21:52:30.779-0400] {dag.py:3677} INFO - Setting next_dagrun for example_trigger_target_dag to None, run_after=None
[2023-08-23T21:52:30.786-0400] {processor.py:179} INFO - Processing /Users/mauri/Desktop/repositorio/apache-airflow-tutorial/env/lib/python3.11/site-packages/airflow/example_dags/example_trigger_target_dag.py took 0.095 seconds
[2023-08-23T21:53:40.955-0400] {processor.py:157} INFO - Started process (PID=9736) to work on /Users/mauri/Desktop/repositorio/apache-airflow-tutorial/env/lib/python3.11/site-packages/airflow/example_dags/example_trigger_target_dag.py
[2023-08-23T21:53:40.956-0400] {processor.py:829} INFO - Processing file /Users/mauri/Desktop/repositorio/apache-airflow-tutorial/env/lib/python3.11/site-packages/airflow/example_dags/example_trigger_target_dag.py for tasks to queue
[2023-08-23T21:53:40.956-0400] {logging_mixin.py:151} INFO - [2023-08-23T21:53:40.956-0400] {dagbag.py:539} INFO - Filling up the DagBag from /Users/mauri/Desktop/repositorio/apache-airflow-tutorial/env/lib/python3.11/site-packages/airflow/example_dags/example_trigger_target_dag.py
[2023-08-23T21:53:40.987-0400] {processor.py:839} INFO - DAG(s) dict_keys(['example_trigger_target_dag']) retrieved from /Users/mauri/Desktop/repositorio/apache-airflow-tutorial/env/lib/python3.11/site-packages/airflow/example_dags/example_trigger_target_dag.py
[2023-08-23T21:53:41.039-0400] {logging_mixin.py:151} INFO - [2023-08-23T21:53:41.039-0400] {dag.py:2907} INFO - Sync 1 DAGs
[2023-08-23T21:53:41.042-0400] {logging_mixin.py:151} INFO - [2023-08-23T21:53:41.042-0400] {dag.py:3677} INFO - Setting next_dagrun for example_trigger_target_dag to None, run_after=None
[2023-08-23T21:53:41.049-0400] {processor.py:179} INFO - Processing /Users/mauri/Desktop/repositorio/apache-airflow-tutorial/env/lib/python3.11/site-packages/airflow/example_dags/example_trigger_target_dag.py took 0.095 seconds
[2023-08-23T21:54:52.884-0400] {processor.py:157} INFO - Started process (PID=9800) to work on /Users/mauri/Desktop/repositorio/apache-airflow-tutorial/env/lib/python3.11/site-packages/airflow/example_dags/example_trigger_target_dag.py
[2023-08-23T21:54:52.885-0400] {processor.py:829} INFO - Processing file /Users/mauri/Desktop/repositorio/apache-airflow-tutorial/env/lib/python3.11/site-packages/airflow/example_dags/example_trigger_target_dag.py for tasks to queue
[2023-08-23T21:54:52.885-0400] {logging_mixin.py:151} INFO - [2023-08-23T21:54:52.885-0400] {dagbag.py:539} INFO - Filling up the DagBag from /Users/mauri/Desktop/repositorio/apache-airflow-tutorial/env/lib/python3.11/site-packages/airflow/example_dags/example_trigger_target_dag.py
[2023-08-23T21:54:52.918-0400] {processor.py:839} INFO - DAG(s) dict_keys(['example_trigger_target_dag']) retrieved from /Users/mauri/Desktop/repositorio/apache-airflow-tutorial/env/lib/python3.11/site-packages/airflow/example_dags/example_trigger_target_dag.py
[2023-08-23T21:54:52.972-0400] {logging_mixin.py:151} INFO - [2023-08-23T21:54:52.972-0400] {dag.py:2907} INFO - Sync 1 DAGs
[2023-08-23T21:54:52.975-0400] {logging_mixin.py:151} INFO - [2023-08-23T21:54:52.975-0400] {dag.py:3677} INFO - Setting next_dagrun for example_trigger_target_dag to None, run_after=None
[2023-08-23T21:54:52.983-0400] {processor.py:179} INFO - Processing /Users/mauri/Desktop/repositorio/apache-airflow-tutorial/env/lib/python3.11/site-packages/airflow/example_dags/example_trigger_target_dag.py took 0.099 seconds
[2023-08-23T21:56:05.949-0400] {processor.py:157} INFO - Started process (PID=9875) to work on /Users/mauri/Desktop/repositorio/apache-airflow-tutorial/env/lib/python3.11/site-packages/airflow/example_dags/example_trigger_target_dag.py
[2023-08-23T21:56:05.951-0400] {processor.py:829} INFO - Processing file /Users/mauri/Desktop/repositorio/apache-airflow-tutorial/env/lib/python3.11/site-packages/airflow/example_dags/example_trigger_target_dag.py for tasks to queue
[2023-08-23T21:56:05.951-0400] {logging_mixin.py:151} INFO - [2023-08-23T21:56:05.951-0400] {dagbag.py:539} INFO - Filling up the DagBag from /Users/mauri/Desktop/repositorio/apache-airflow-tutorial/env/lib/python3.11/site-packages/airflow/example_dags/example_trigger_target_dag.py
[2023-08-23T21:56:05.983-0400] {processor.py:839} INFO - DAG(s) dict_keys(['example_trigger_target_dag']) retrieved from /Users/mauri/Desktop/repositorio/apache-airflow-tutorial/env/lib/python3.11/site-packages/airflow/example_dags/example_trigger_target_dag.py
[2023-08-23T21:56:06.036-0400] {logging_mixin.py:151} INFO - [2023-08-23T21:56:06.036-0400] {dag.py:2907} INFO - Sync 1 DAGs
[2023-08-23T21:56:06.039-0400] {logging_mixin.py:151} INFO - [2023-08-23T21:56:06.039-0400] {dag.py:3677} INFO - Setting next_dagrun for example_trigger_target_dag to None, run_after=None
[2023-08-23T21:56:06.047-0400] {processor.py:179} INFO - Processing /Users/mauri/Desktop/repositorio/apache-airflow-tutorial/env/lib/python3.11/site-packages/airflow/example_dags/example_trigger_target_dag.py took 0.098 seconds
[2023-08-23T21:57:20.940-0400] {processor.py:157} INFO - Started process (PID=9940) to work on /Users/mauri/Desktop/repositorio/apache-airflow-tutorial/env/lib/python3.11/site-packages/airflow/example_dags/example_trigger_target_dag.py
[2023-08-23T21:57:20.941-0400] {processor.py:829} INFO - Processing file /Users/mauri/Desktop/repositorio/apache-airflow-tutorial/env/lib/python3.11/site-packages/airflow/example_dags/example_trigger_target_dag.py for tasks to queue
[2023-08-23T21:57:20.942-0400] {logging_mixin.py:151} INFO - [2023-08-23T21:57:20.941-0400] {dagbag.py:539} INFO - Filling up the DagBag from /Users/mauri/Desktop/repositorio/apache-airflow-tutorial/env/lib/python3.11/site-packages/airflow/example_dags/example_trigger_target_dag.py
[2023-08-23T21:57:20.974-0400] {processor.py:839} INFO - DAG(s) dict_keys(['example_trigger_target_dag']) retrieved from /Users/mauri/Desktop/repositorio/apache-airflow-tutorial/env/lib/python3.11/site-packages/airflow/example_dags/example_trigger_target_dag.py
[2023-08-23T21:57:21.030-0400] {logging_mixin.py:151} INFO - [2023-08-23T21:57:21.029-0400] {dag.py:2907} INFO - Sync 1 DAGs
[2023-08-23T21:57:21.033-0400] {logging_mixin.py:151} INFO - [2023-08-23T21:57:21.033-0400] {dag.py:3677} INFO - Setting next_dagrun for example_trigger_target_dag to None, run_after=None
[2023-08-23T21:57:21.041-0400] {processor.py:179} INFO - Processing /Users/mauri/Desktop/repositorio/apache-airflow-tutorial/env/lib/python3.11/site-packages/airflow/example_dags/example_trigger_target_dag.py took 0.101 seconds
[2023-08-23T21:58:37.305-0400] {processor.py:157} INFO - Started process (PID=10003) to work on /Users/mauri/Desktop/repositorio/apache-airflow-tutorial/env/lib/python3.11/site-packages/airflow/example_dags/example_trigger_target_dag.py
[2023-08-23T21:58:37.307-0400] {processor.py:829} INFO - Processing file /Users/mauri/Desktop/repositorio/apache-airflow-tutorial/env/lib/python3.11/site-packages/airflow/example_dags/example_trigger_target_dag.py for tasks to queue
[2023-08-23T21:58:37.307-0400] {logging_mixin.py:151} INFO - [2023-08-23T21:58:37.307-0400] {dagbag.py:539} INFO - Filling up the DagBag from /Users/mauri/Desktop/repositorio/apache-airflow-tutorial/env/lib/python3.11/site-packages/airflow/example_dags/example_trigger_target_dag.py
[2023-08-23T21:58:37.341-0400] {processor.py:839} INFO - DAG(s) dict_keys(['example_trigger_target_dag']) retrieved from /Users/mauri/Desktop/repositorio/apache-airflow-tutorial/env/lib/python3.11/site-packages/airflow/example_dags/example_trigger_target_dag.py
[2023-08-23T21:58:37.397-0400] {logging_mixin.py:151} INFO - [2023-08-23T21:58:37.396-0400] {dag.py:2907} INFO - Sync 1 DAGs
[2023-08-23T21:58:37.400-0400] {logging_mixin.py:151} INFO - [2023-08-23T21:58:37.400-0400] {dag.py:3677} INFO - Setting next_dagrun for example_trigger_target_dag to None, run_after=None
[2023-08-23T21:58:37.407-0400] {processor.py:179} INFO - Processing /Users/mauri/Desktop/repositorio/apache-airflow-tutorial/env/lib/python3.11/site-packages/airflow/example_dags/example_trigger_target_dag.py took 0.102 seconds
[2023-08-23T21:59:50.492-0400] {processor.py:157} INFO - Started process (PID=10072) to work on /Users/mauri/Desktop/repositorio/apache-airflow-tutorial/env/lib/python3.11/site-packages/airflow/example_dags/example_trigger_target_dag.py
[2023-08-23T21:59:50.493-0400] {processor.py:829} INFO - Processing file /Users/mauri/Desktop/repositorio/apache-airflow-tutorial/env/lib/python3.11/site-packages/airflow/example_dags/example_trigger_target_dag.py for tasks to queue
[2023-08-23T21:59:50.493-0400] {logging_mixin.py:151} INFO - [2023-08-23T21:59:50.493-0400] {dagbag.py:539} INFO - Filling up the DagBag from /Users/mauri/Desktop/repositorio/apache-airflow-tutorial/env/lib/python3.11/site-packages/airflow/example_dags/example_trigger_target_dag.py
[2023-08-23T21:59:50.524-0400] {processor.py:839} INFO - DAG(s) dict_keys(['example_trigger_target_dag']) retrieved from /Users/mauri/Desktop/repositorio/apache-airflow-tutorial/env/lib/python3.11/site-packages/airflow/example_dags/example_trigger_target_dag.py
[2023-08-23T21:59:50.576-0400] {logging_mixin.py:151} INFO - [2023-08-23T21:59:50.576-0400] {dag.py:2907} INFO - Sync 1 DAGs
[2023-08-23T21:59:50.579-0400] {logging_mixin.py:151} INFO - [2023-08-23T21:59:50.579-0400] {dag.py:3677} INFO - Setting next_dagrun for example_trigger_target_dag to None, run_after=None
[2023-08-23T21:59:50.587-0400] {processor.py:179} INFO - Processing /Users/mauri/Desktop/repositorio/apache-airflow-tutorial/env/lib/python3.11/site-packages/airflow/example_dags/example_trigger_target_dag.py took 0.095 seconds
