[2023-08-23T21:34:23.633-0400] {processor.py:157} INFO - Started process (PID=8516) to work on /Users/mauri/Desktop/repositorio/apache-airflow-tutorial/env/lib/python3.11/site-packages/airflow/example_dags/example_short_circuit_decorator.py
[2023-08-23T21:34:23.634-0400] {processor.py:829} INFO - Processing file /Users/mauri/Desktop/repositorio/apache-airflow-tutorial/env/lib/python3.11/site-packages/airflow/example_dags/example_short_circuit_decorator.py for tasks to queue
[2023-08-23T21:34:23.634-0400] {logging_mixin.py:151} INFO - [2023-08-23T21:34:23.634-0400] {dagbag.py:539} INFO - Filling up the DagBag from /Users/mauri/Desktop/repositorio/apache-airflow-tutorial/env/lib/python3.11/site-packages/airflow/example_dags/example_short_circuit_decorator.py
[2023-08-23T21:34:23.666-0400] {processor.py:839} INFO - DAG(s) dict_keys(['example_short_circuit_decorator']) retrieved from /Users/mauri/Desktop/repositorio/apache-airflow-tutorial/env/lib/python3.11/site-packages/airflow/example_dags/example_short_circuit_decorator.py
[2023-08-23T21:34:23.969-0400] {logging_mixin.py:151} INFO - [2023-08-23T21:34:23.969-0400] {manager.py:501} INFO - Created Permission View: can read on DAG:example_short_circuit_decorator
[2023-08-23T21:34:23.972-0400] {logging_mixin.py:151} INFO - [2023-08-23T21:34:23.972-0400] {manager.py:501} INFO - Created Permission View: can delete on DAG:example_short_circuit_decorator
[2023-08-23T21:34:23.973-0400] {logging_mixin.py:151} INFO - [2023-08-23T21:34:23.973-0400] {manager.py:501} INFO - Created Permission View: can edit on DAG:example_short_circuit_decorator
[2023-08-23T21:34:23.977-0400] {logging_mixin.py:151} INFO - [2023-08-23T21:34:23.977-0400] {dag.py:2907} INFO - Sync 1 DAGs
[2023-08-23T21:34:23.979-0400] {logging_mixin.py:151} INFO - [2023-08-23T21:34:23.979-0400] {dag.py:2929} INFO - Creating ORM DAG for example_short_circuit_decorator
[2023-08-23T21:34:23.982-0400] {logging_mixin.py:151} INFO - [2023-08-23T21:34:23.982-0400] {dag.py:3677} INFO - Setting next_dagrun for example_short_circuit_decorator to 2023-08-23T01:34:23.982286+00:00, run_after=2023-08-24T01:34:23.982286+00:00
[2023-08-23T21:34:23.987-0400] {processor.py:179} INFO - Processing /Users/mauri/Desktop/repositorio/apache-airflow-tutorial/env/lib/python3.11/site-packages/airflow/example_dags/example_short_circuit_decorator.py took 0.355 seconds
[2023-08-23T21:35:41.168-0400] {processor.py:157} INFO - Started process (PID=8571) to work on /Users/mauri/Desktop/repositorio/apache-airflow-tutorial/env/lib/python3.11/site-packages/airflow/example_dags/example_short_circuit_decorator.py
[2023-08-23T21:35:41.170-0400] {processor.py:829} INFO - Processing file /Users/mauri/Desktop/repositorio/apache-airflow-tutorial/env/lib/python3.11/site-packages/airflow/example_dags/example_short_circuit_decorator.py for tasks to queue
[2023-08-23T21:35:41.170-0400] {logging_mixin.py:151} INFO - [2023-08-23T21:35:41.170-0400] {dagbag.py:539} INFO - Filling up the DagBag from /Users/mauri/Desktop/repositorio/apache-airflow-tutorial/env/lib/python3.11/site-packages/airflow/example_dags/example_short_circuit_decorator.py
[2023-08-23T21:35:41.204-0400] {processor.py:839} INFO - DAG(s) dict_keys(['example_short_circuit_decorator']) retrieved from /Users/mauri/Desktop/repositorio/apache-airflow-tutorial/env/lib/python3.11/site-packages/airflow/example_dags/example_short_circuit_decorator.py
[2023-08-23T21:35:41.259-0400] {logging_mixin.py:151} INFO - [2023-08-23T21:35:41.259-0400] {dag.py:2907} INFO - Sync 1 DAGs
[2023-08-23T21:35:41.264-0400] {logging_mixin.py:151} INFO - [2023-08-23T21:35:41.264-0400] {dag.py:3677} INFO - Setting next_dagrun for example_short_circuit_decorator to 2023-08-23T01:35:41.264737+00:00, run_after=2023-08-24T01:35:41.264737+00:00
[2023-08-23T21:35:41.271-0400] {processor.py:179} INFO - Processing /Users/mauri/Desktop/repositorio/apache-airflow-tutorial/env/lib/python3.11/site-packages/airflow/example_dags/example_short_circuit_decorator.py took 0.104 seconds
[2023-08-23T21:36:53.715-0400] {processor.py:157} INFO - Started process (PID=8639) to work on /Users/mauri/Desktop/repositorio/apache-airflow-tutorial/env/lib/python3.11/site-packages/airflow/example_dags/example_short_circuit_decorator.py
[2023-08-23T21:36:53.717-0400] {processor.py:829} INFO - Processing file /Users/mauri/Desktop/repositorio/apache-airflow-tutorial/env/lib/python3.11/site-packages/airflow/example_dags/example_short_circuit_decorator.py for tasks to queue
[2023-08-23T21:36:53.718-0400] {logging_mixin.py:151} INFO - [2023-08-23T21:36:53.718-0400] {dagbag.py:539} INFO - Filling up the DagBag from /Users/mauri/Desktop/repositorio/apache-airflow-tutorial/env/lib/python3.11/site-packages/airflow/example_dags/example_short_circuit_decorator.py
[2023-08-23T21:36:53.749-0400] {processor.py:839} INFO - DAG(s) dict_keys(['example_short_circuit_decorator']) retrieved from /Users/mauri/Desktop/repositorio/apache-airflow-tutorial/env/lib/python3.11/site-packages/airflow/example_dags/example_short_circuit_decorator.py
[2023-08-23T21:36:53.802-0400] {logging_mixin.py:151} INFO - [2023-08-23T21:36:53.802-0400] {dag.py:2907} INFO - Sync 1 DAGs
[2023-08-23T21:36:53.807-0400] {logging_mixin.py:151} INFO - [2023-08-23T21:36:53.807-0400] {dag.py:3677} INFO - Setting next_dagrun for example_short_circuit_decorator to 2023-08-23T01:36:53.807620+00:00, run_after=2023-08-24T01:36:53.807620+00:00
[2023-08-23T21:36:53.814-0400] {processor.py:179} INFO - Processing /Users/mauri/Desktop/repositorio/apache-airflow-tutorial/env/lib/python3.11/site-packages/airflow/example_dags/example_short_circuit_decorator.py took 0.100 seconds
[2023-08-23T21:38:07.685-0400] {processor.py:157} INFO - Started process (PID=8698) to work on /Users/mauri/Desktop/repositorio/apache-airflow-tutorial/env/lib/python3.11/site-packages/airflow/example_dags/example_short_circuit_decorator.py
[2023-08-23T21:38:07.688-0400] {processor.py:829} INFO - Processing file /Users/mauri/Desktop/repositorio/apache-airflow-tutorial/env/lib/python3.11/site-packages/airflow/example_dags/example_short_circuit_decorator.py for tasks to queue
[2023-08-23T21:38:07.688-0400] {logging_mixin.py:151} INFO - [2023-08-23T21:38:07.688-0400] {dagbag.py:539} INFO - Filling up the DagBag from /Users/mauri/Desktop/repositorio/apache-airflow-tutorial/env/lib/python3.11/site-packages/airflow/example_dags/example_short_circuit_decorator.py
[2023-08-23T21:38:07.720-0400] {processor.py:839} INFO - DAG(s) dict_keys(['example_short_circuit_decorator']) retrieved from /Users/mauri/Desktop/repositorio/apache-airflow-tutorial/env/lib/python3.11/site-packages/airflow/example_dags/example_short_circuit_decorator.py
[2023-08-23T21:38:07.773-0400] {logging_mixin.py:151} INFO - [2023-08-23T21:38:07.773-0400] {dag.py:2907} INFO - Sync 1 DAGs
[2023-08-23T21:38:07.778-0400] {logging_mixin.py:151} INFO - [2023-08-23T21:38:07.778-0400] {dag.py:3677} INFO - Setting next_dagrun for example_short_circuit_decorator to 2023-08-23T01:38:07.778191+00:00, run_after=2023-08-24T01:38:07.778191+00:00
[2023-08-23T21:38:07.785-0400] {processor.py:179} INFO - Processing /Users/mauri/Desktop/repositorio/apache-airflow-tutorial/env/lib/python3.11/site-packages/airflow/example_dags/example_short_circuit_decorator.py took 0.100 seconds
[2023-08-23T21:39:23.718-0400] {processor.py:157} INFO - Started process (PID=8774) to work on /Users/mauri/Desktop/repositorio/apache-airflow-tutorial/env/lib/python3.11/site-packages/airflow/example_dags/example_short_circuit_decorator.py
[2023-08-23T21:39:23.720-0400] {processor.py:829} INFO - Processing file /Users/mauri/Desktop/repositorio/apache-airflow-tutorial/env/lib/python3.11/site-packages/airflow/example_dags/example_short_circuit_decorator.py for tasks to queue
[2023-08-23T21:39:23.720-0400] {logging_mixin.py:151} INFO - [2023-08-23T21:39:23.720-0400] {dagbag.py:539} INFO - Filling up the DagBag from /Users/mauri/Desktop/repositorio/apache-airflow-tutorial/env/lib/python3.11/site-packages/airflow/example_dags/example_short_circuit_decorator.py
[2023-08-23T21:39:23.754-0400] {processor.py:839} INFO - DAG(s) dict_keys(['example_short_circuit_decorator']) retrieved from /Users/mauri/Desktop/repositorio/apache-airflow-tutorial/env/lib/python3.11/site-packages/airflow/example_dags/example_short_circuit_decorator.py
[2023-08-23T21:39:23.809-0400] {logging_mixin.py:151} INFO - [2023-08-23T21:39:23.809-0400] {dag.py:2907} INFO - Sync 1 DAGs
[2023-08-23T21:39:23.815-0400] {logging_mixin.py:151} INFO - [2023-08-23T21:39:23.815-0400] {dag.py:3677} INFO - Setting next_dagrun for example_short_circuit_decorator to 2023-08-23T01:39:23.815059+00:00, run_after=2023-08-24T01:39:23.815059+00:00
[2023-08-23T21:39:23.822-0400] {processor.py:179} INFO - Processing /Users/mauri/Desktop/repositorio/apache-airflow-tutorial/env/lib/python3.11/site-packages/airflow/example_dags/example_short_circuit_decorator.py took 0.105 seconds
[2023-08-23T21:40:37.795-0400] {processor.py:157} INFO - Started process (PID=8835) to work on /Users/mauri/Desktop/repositorio/apache-airflow-tutorial/env/lib/python3.11/site-packages/airflow/example_dags/example_short_circuit_decorator.py
[2023-08-23T21:40:37.796-0400] {processor.py:829} INFO - Processing file /Users/mauri/Desktop/repositorio/apache-airflow-tutorial/env/lib/python3.11/site-packages/airflow/example_dags/example_short_circuit_decorator.py for tasks to queue
[2023-08-23T21:40:37.796-0400] {logging_mixin.py:151} INFO - [2023-08-23T21:40:37.796-0400] {dagbag.py:539} INFO - Filling up the DagBag from /Users/mauri/Desktop/repositorio/apache-airflow-tutorial/env/lib/python3.11/site-packages/airflow/example_dags/example_short_circuit_decorator.py
[2023-08-23T21:40:37.829-0400] {processor.py:839} INFO - DAG(s) dict_keys(['example_short_circuit_decorator']) retrieved from /Users/mauri/Desktop/repositorio/apache-airflow-tutorial/env/lib/python3.11/site-packages/airflow/example_dags/example_short_circuit_decorator.py
[2023-08-23T21:40:37.883-0400] {logging_mixin.py:151} INFO - [2023-08-23T21:40:37.883-0400] {dag.py:2907} INFO - Sync 1 DAGs
[2023-08-23T21:40:37.889-0400] {logging_mixin.py:151} INFO - [2023-08-23T21:40:37.889-0400] {dag.py:3677} INFO - Setting next_dagrun for example_short_circuit_decorator to 2023-08-23T01:40:37.889555+00:00, run_after=2023-08-24T01:40:37.889555+00:00
[2023-08-23T21:40:37.900-0400] {processor.py:179} INFO - Processing /Users/mauri/Desktop/repositorio/apache-airflow-tutorial/env/lib/python3.11/site-packages/airflow/example_dags/example_short_circuit_decorator.py took 0.105 seconds
[2023-08-23T21:41:50.065-0400] {processor.py:157} INFO - Started process (PID=8894) to work on /Users/mauri/Desktop/repositorio/apache-airflow-tutorial/env/lib/python3.11/site-packages/airflow/example_dags/example_short_circuit_decorator.py
[2023-08-23T21:41:50.066-0400] {processor.py:829} INFO - Processing file /Users/mauri/Desktop/repositorio/apache-airflow-tutorial/env/lib/python3.11/site-packages/airflow/example_dags/example_short_circuit_decorator.py for tasks to queue
[2023-08-23T21:41:50.066-0400] {logging_mixin.py:151} INFO - [2023-08-23T21:41:50.066-0400] {dagbag.py:539} INFO - Filling up the DagBag from /Users/mauri/Desktop/repositorio/apache-airflow-tutorial/env/lib/python3.11/site-packages/airflow/example_dags/example_short_circuit_decorator.py
[2023-08-23T21:41:50.100-0400] {processor.py:839} INFO - DAG(s) dict_keys(['example_short_circuit_decorator']) retrieved from /Users/mauri/Desktop/repositorio/apache-airflow-tutorial/env/lib/python3.11/site-packages/airflow/example_dags/example_short_circuit_decorator.py
[2023-08-23T21:41:50.154-0400] {logging_mixin.py:151} INFO - [2023-08-23T21:41:50.154-0400] {dag.py:2907} INFO - Sync 1 DAGs
[2023-08-23T21:41:50.159-0400] {logging_mixin.py:151} INFO - [2023-08-23T21:41:50.159-0400] {dag.py:3677} INFO - Setting next_dagrun for example_short_circuit_decorator to 2023-08-23T01:41:50.159656+00:00, run_after=2023-08-24T01:41:50.159656+00:00
[2023-08-23T21:41:50.167-0400] {processor.py:179} INFO - Processing /Users/mauri/Desktop/repositorio/apache-airflow-tutorial/env/lib/python3.11/site-packages/airflow/example_dags/example_short_circuit_decorator.py took 0.102 seconds
[2023-08-23T21:43:03.190-0400] {processor.py:157} INFO - Started process (PID=8959) to work on /Users/mauri/Desktop/repositorio/apache-airflow-tutorial/env/lib/python3.11/site-packages/airflow/example_dags/example_short_circuit_decorator.py
[2023-08-23T21:43:03.191-0400] {processor.py:829} INFO - Processing file /Users/mauri/Desktop/repositorio/apache-airflow-tutorial/env/lib/python3.11/site-packages/airflow/example_dags/example_short_circuit_decorator.py for tasks to queue
[2023-08-23T21:43:03.192-0400] {logging_mixin.py:151} INFO - [2023-08-23T21:43:03.191-0400] {dagbag.py:539} INFO - Filling up the DagBag from /Users/mauri/Desktop/repositorio/apache-airflow-tutorial/env/lib/python3.11/site-packages/airflow/example_dags/example_short_circuit_decorator.py
[2023-08-23T21:43:03.226-0400] {processor.py:839} INFO - DAG(s) dict_keys(['example_short_circuit_decorator']) retrieved from /Users/mauri/Desktop/repositorio/apache-airflow-tutorial/env/lib/python3.11/site-packages/airflow/example_dags/example_short_circuit_decorator.py
[2023-08-23T21:43:03.281-0400] {logging_mixin.py:151} INFO - [2023-08-23T21:43:03.281-0400] {dag.py:2907} INFO - Sync 1 DAGs
[2023-08-23T21:43:03.287-0400] {logging_mixin.py:151} INFO - [2023-08-23T21:43:03.287-0400] {dag.py:3677} INFO - Setting next_dagrun for example_short_circuit_decorator to 2023-08-23T01:43:03.286981+00:00, run_after=2023-08-24T01:43:03.286981+00:00
[2023-08-23T21:43:03.294-0400] {processor.py:179} INFO - Processing /Users/mauri/Desktop/repositorio/apache-airflow-tutorial/env/lib/python3.11/site-packages/airflow/example_dags/example_short_circuit_decorator.py took 0.104 seconds
[2023-08-23T21:44:13.102-0400] {processor.py:157} INFO - Started process (PID=9023) to work on /Users/mauri/Desktop/repositorio/apache-airflow-tutorial/env/lib/python3.11/site-packages/airflow/example_dags/example_short_circuit_decorator.py
[2023-08-23T21:44:13.103-0400] {processor.py:829} INFO - Processing file /Users/mauri/Desktop/repositorio/apache-airflow-tutorial/env/lib/python3.11/site-packages/airflow/example_dags/example_short_circuit_decorator.py for tasks to queue
[2023-08-23T21:44:13.103-0400] {logging_mixin.py:151} INFO - [2023-08-23T21:44:13.103-0400] {dagbag.py:539} INFO - Filling up the DagBag from /Users/mauri/Desktop/repositorio/apache-airflow-tutorial/env/lib/python3.11/site-packages/airflow/example_dags/example_short_circuit_decorator.py
[2023-08-23T21:44:13.138-0400] {processor.py:839} INFO - DAG(s) dict_keys(['example_short_circuit_decorator']) retrieved from /Users/mauri/Desktop/repositorio/apache-airflow-tutorial/env/lib/python3.11/site-packages/airflow/example_dags/example_short_circuit_decorator.py
[2023-08-23T21:44:13.193-0400] {logging_mixin.py:151} INFO - [2023-08-23T21:44:13.193-0400] {dag.py:2907} INFO - Sync 1 DAGs
[2023-08-23T21:44:13.198-0400] {logging_mixin.py:151} INFO - [2023-08-23T21:44:13.198-0400] {dag.py:3677} INFO - Setting next_dagrun for example_short_circuit_decorator to 2023-08-23T01:44:13.198405+00:00, run_after=2023-08-24T01:44:13.198405+00:00
[2023-08-23T21:44:13.206-0400] {processor.py:179} INFO - Processing /Users/mauri/Desktop/repositorio/apache-airflow-tutorial/env/lib/python3.11/site-packages/airflow/example_dags/example_short_circuit_decorator.py took 0.104 seconds
[2023-08-23T21:45:26.954-0400] {processor.py:157} INFO - Started process (PID=9101) to work on /Users/mauri/Desktop/repositorio/apache-airflow-tutorial/env/lib/python3.11/site-packages/airflow/example_dags/example_short_circuit_decorator.py
[2023-08-23T21:45:26.955-0400] {processor.py:829} INFO - Processing file /Users/mauri/Desktop/repositorio/apache-airflow-tutorial/env/lib/python3.11/site-packages/airflow/example_dags/example_short_circuit_decorator.py for tasks to queue
[2023-08-23T21:45:26.955-0400] {logging_mixin.py:151} INFO - [2023-08-23T21:45:26.955-0400] {dagbag.py:539} INFO - Filling up the DagBag from /Users/mauri/Desktop/repositorio/apache-airflow-tutorial/env/lib/python3.11/site-packages/airflow/example_dags/example_short_circuit_decorator.py
[2023-08-23T21:45:26.993-0400] {processor.py:839} INFO - DAG(s) dict_keys(['example_short_circuit_decorator']) retrieved from /Users/mauri/Desktop/repositorio/apache-airflow-tutorial/env/lib/python3.11/site-packages/airflow/example_dags/example_short_circuit_decorator.py
[2023-08-23T21:45:27.047-0400] {logging_mixin.py:151} INFO - [2023-08-23T21:45:27.047-0400] {dag.py:2907} INFO - Sync 1 DAGs
[2023-08-23T21:45:27.053-0400] {logging_mixin.py:151} INFO - [2023-08-23T21:45:27.053-0400] {dag.py:3677} INFO - Setting next_dagrun for example_short_circuit_decorator to 2023-08-23T01:45:27.053085+00:00, run_after=2023-08-24T01:45:27.053085+00:00
[2023-08-23T21:45:27.060-0400] {processor.py:179} INFO - Processing /Users/mauri/Desktop/repositorio/apache-airflow-tutorial/env/lib/python3.11/site-packages/airflow/example_dags/example_short_circuit_decorator.py took 0.107 seconds
[2023-08-23T21:46:38.938-0400] {processor.py:157} INFO - Started process (PID=9244) to work on /Users/mauri/Desktop/repositorio/apache-airflow-tutorial/env/lib/python3.11/site-packages/airflow/example_dags/example_short_circuit_decorator.py
[2023-08-23T21:46:38.940-0400] {processor.py:829} INFO - Processing file /Users/mauri/Desktop/repositorio/apache-airflow-tutorial/env/lib/python3.11/site-packages/airflow/example_dags/example_short_circuit_decorator.py for tasks to queue
[2023-08-23T21:46:38.940-0400] {logging_mixin.py:151} INFO - [2023-08-23T21:46:38.940-0400] {dagbag.py:539} INFO - Filling up the DagBag from /Users/mauri/Desktop/repositorio/apache-airflow-tutorial/env/lib/python3.11/site-packages/airflow/example_dags/example_short_circuit_decorator.py
[2023-08-23T21:46:38.974-0400] {processor.py:839} INFO - DAG(s) dict_keys(['example_short_circuit_decorator']) retrieved from /Users/mauri/Desktop/repositorio/apache-airflow-tutorial/env/lib/python3.11/site-packages/airflow/example_dags/example_short_circuit_decorator.py
[2023-08-23T21:46:39.031-0400] {logging_mixin.py:151} INFO - [2023-08-23T21:46:39.030-0400] {dag.py:2907} INFO - Sync 1 DAGs
[2023-08-23T21:46:39.036-0400] {logging_mixin.py:151} INFO - [2023-08-23T21:46:39.036-0400] {dag.py:3677} INFO - Setting next_dagrun for example_short_circuit_decorator to 2023-08-23T01:46:39.036536+00:00, run_after=2023-08-24T01:46:39.036536+00:00
[2023-08-23T21:46:39.043-0400] {processor.py:179} INFO - Processing /Users/mauri/Desktop/repositorio/apache-airflow-tutorial/env/lib/python3.11/site-packages/airflow/example_dags/example_short_circuit_decorator.py took 0.105 seconds
[2023-08-23T21:47:48.642-0400] {processor.py:157} INFO - Started process (PID=9359) to work on /Users/mauri/Desktop/repositorio/apache-airflow-tutorial/env/lib/python3.11/site-packages/airflow/example_dags/example_short_circuit_decorator.py
[2023-08-23T21:47:48.643-0400] {processor.py:829} INFO - Processing file /Users/mauri/Desktop/repositorio/apache-airflow-tutorial/env/lib/python3.11/site-packages/airflow/example_dags/example_short_circuit_decorator.py for tasks to queue
[2023-08-23T21:47:48.643-0400] {logging_mixin.py:151} INFO - [2023-08-23T21:47:48.643-0400] {dagbag.py:539} INFO - Filling up the DagBag from /Users/mauri/Desktop/repositorio/apache-airflow-tutorial/env/lib/python3.11/site-packages/airflow/example_dags/example_short_circuit_decorator.py
[2023-08-23T21:47:48.675-0400] {processor.py:839} INFO - DAG(s) dict_keys(['example_short_circuit_decorator']) retrieved from /Users/mauri/Desktop/repositorio/apache-airflow-tutorial/env/lib/python3.11/site-packages/airflow/example_dags/example_short_circuit_decorator.py
[2023-08-23T21:47:48.727-0400] {logging_mixin.py:151} INFO - [2023-08-23T21:47:48.727-0400] {dag.py:2907} INFO - Sync 1 DAGs
[2023-08-23T21:47:48.732-0400] {logging_mixin.py:151} INFO - [2023-08-23T21:47:48.732-0400] {dag.py:3677} INFO - Setting next_dagrun for example_short_circuit_decorator to 2023-08-23T01:47:48.732718+00:00, run_after=2023-08-24T01:47:48.732718+00:00
[2023-08-23T21:47:48.740-0400] {processor.py:179} INFO - Processing /Users/mauri/Desktop/repositorio/apache-airflow-tutorial/env/lib/python3.11/site-packages/airflow/example_dags/example_short_circuit_decorator.py took 0.098 seconds
[2023-08-23T21:49:01.785-0400] {processor.py:157} INFO - Started process (PID=9450) to work on /Users/mauri/Desktop/repositorio/apache-airflow-tutorial/env/lib/python3.11/site-packages/airflow/example_dags/example_short_circuit_decorator.py
[2023-08-23T21:49:01.786-0400] {processor.py:829} INFO - Processing file /Users/mauri/Desktop/repositorio/apache-airflow-tutorial/env/lib/python3.11/site-packages/airflow/example_dags/example_short_circuit_decorator.py for tasks to queue
[2023-08-23T21:49:01.786-0400] {logging_mixin.py:151} INFO - [2023-08-23T21:49:01.786-0400] {dagbag.py:539} INFO - Filling up the DagBag from /Users/mauri/Desktop/repositorio/apache-airflow-tutorial/env/lib/python3.11/site-packages/airflow/example_dags/example_short_circuit_decorator.py
[2023-08-23T21:49:01.818-0400] {processor.py:839} INFO - DAG(s) dict_keys(['example_short_circuit_decorator']) retrieved from /Users/mauri/Desktop/repositorio/apache-airflow-tutorial/env/lib/python3.11/site-packages/airflow/example_dags/example_short_circuit_decorator.py
[2023-08-23T21:49:01.871-0400] {logging_mixin.py:151} INFO - [2023-08-23T21:49:01.871-0400] {dag.py:2907} INFO - Sync 1 DAGs
[2023-08-23T21:49:01.876-0400] {logging_mixin.py:151} INFO - [2023-08-23T21:49:01.876-0400] {dag.py:3677} INFO - Setting next_dagrun for example_short_circuit_decorator to 2023-08-23T01:49:01.876816+00:00, run_after=2023-08-24T01:49:01.876816+00:00
[2023-08-23T21:49:01.884-0400] {processor.py:179} INFO - Processing /Users/mauri/Desktop/repositorio/apache-airflow-tutorial/env/lib/python3.11/site-packages/airflow/example_dags/example_short_circuit_decorator.py took 0.099 seconds
[2023-08-23T21:50:18.041-0400] {processor.py:157} INFO - Started process (PID=9526) to work on /Users/mauri/Desktop/repositorio/apache-airflow-tutorial/env/lib/python3.11/site-packages/airflow/example_dags/example_short_circuit_decorator.py
[2023-08-23T21:50:18.043-0400] {processor.py:829} INFO - Processing file /Users/mauri/Desktop/repositorio/apache-airflow-tutorial/env/lib/python3.11/site-packages/airflow/example_dags/example_short_circuit_decorator.py for tasks to queue
[2023-08-23T21:50:18.043-0400] {logging_mixin.py:151} INFO - [2023-08-23T21:50:18.043-0400] {dagbag.py:539} INFO - Filling up the DagBag from /Users/mauri/Desktop/repositorio/apache-airflow-tutorial/env/lib/python3.11/site-packages/airflow/example_dags/example_short_circuit_decorator.py
[2023-08-23T21:50:18.075-0400] {processor.py:839} INFO - DAG(s) dict_keys(['example_short_circuit_decorator']) retrieved from /Users/mauri/Desktop/repositorio/apache-airflow-tutorial/env/lib/python3.11/site-packages/airflow/example_dags/example_short_circuit_decorator.py
[2023-08-23T21:50:18.128-0400] {logging_mixin.py:151} INFO - [2023-08-23T21:50:18.128-0400] {dag.py:2907} INFO - Sync 1 DAGs
[2023-08-23T21:50:18.134-0400] {logging_mixin.py:151} INFO - [2023-08-23T21:50:18.134-0400] {dag.py:3677} INFO - Setting next_dagrun for example_short_circuit_decorator to 2023-08-23T01:50:18.134000+00:00, run_after=2023-08-24T01:50:18.134000+00:00
[2023-08-23T21:50:18.141-0400] {processor.py:179} INFO - Processing /Users/mauri/Desktop/repositorio/apache-airflow-tutorial/env/lib/python3.11/site-packages/airflow/example_dags/example_short_circuit_decorator.py took 0.101 seconds
[2023-08-23T21:51:31.580-0400] {processor.py:157} INFO - Started process (PID=9613) to work on /Users/mauri/Desktop/repositorio/apache-airflow-tutorial/env/lib/python3.11/site-packages/airflow/example_dags/example_short_circuit_decorator.py
[2023-08-23T21:51:31.582-0400] {processor.py:829} INFO - Processing file /Users/mauri/Desktop/repositorio/apache-airflow-tutorial/env/lib/python3.11/site-packages/airflow/example_dags/example_short_circuit_decorator.py for tasks to queue
[2023-08-23T21:51:31.582-0400] {logging_mixin.py:151} INFO - [2023-08-23T21:51:31.582-0400] {dagbag.py:539} INFO - Filling up the DagBag from /Users/mauri/Desktop/repositorio/apache-airflow-tutorial/env/lib/python3.11/site-packages/airflow/example_dags/example_short_circuit_decorator.py
[2023-08-23T21:51:31.615-0400] {processor.py:839} INFO - DAG(s) dict_keys(['example_short_circuit_decorator']) retrieved from /Users/mauri/Desktop/repositorio/apache-airflow-tutorial/env/lib/python3.11/site-packages/airflow/example_dags/example_short_circuit_decorator.py
[2023-08-23T21:51:31.668-0400] {logging_mixin.py:151} INFO - [2023-08-23T21:51:31.668-0400] {dag.py:2907} INFO - Sync 1 DAGs
[2023-08-23T21:51:31.674-0400] {logging_mixin.py:151} INFO - [2023-08-23T21:51:31.674-0400] {dag.py:3677} INFO - Setting next_dagrun for example_short_circuit_decorator to 2023-08-23T01:51:31.673981+00:00, run_after=2023-08-24T01:51:31.673981+00:00
[2023-08-23T21:51:31.681-0400] {processor.py:179} INFO - Processing /Users/mauri/Desktop/repositorio/apache-airflow-tutorial/env/lib/python3.11/site-packages/airflow/example_dags/example_short_circuit_decorator.py took 0.101 seconds
[2023-08-23T21:52:43.445-0400] {processor.py:157} INFO - Started process (PID=9681) to work on /Users/mauri/Desktop/repositorio/apache-airflow-tutorial/env/lib/python3.11/site-packages/airflow/example_dags/example_short_circuit_decorator.py
[2023-08-23T21:52:43.446-0400] {processor.py:829} INFO - Processing file /Users/mauri/Desktop/repositorio/apache-airflow-tutorial/env/lib/python3.11/site-packages/airflow/example_dags/example_short_circuit_decorator.py for tasks to queue
[2023-08-23T21:52:43.446-0400] {logging_mixin.py:151} INFO - [2023-08-23T21:52:43.446-0400] {dagbag.py:539} INFO - Filling up the DagBag from /Users/mauri/Desktop/repositorio/apache-airflow-tutorial/env/lib/python3.11/site-packages/airflow/example_dags/example_short_circuit_decorator.py
[2023-08-23T21:52:43.478-0400] {processor.py:839} INFO - DAG(s) dict_keys(['example_short_circuit_decorator']) retrieved from /Users/mauri/Desktop/repositorio/apache-airflow-tutorial/env/lib/python3.11/site-packages/airflow/example_dags/example_short_circuit_decorator.py
[2023-08-23T21:52:43.531-0400] {logging_mixin.py:151} INFO - [2023-08-23T21:52:43.531-0400] {dag.py:2907} INFO - Sync 1 DAGs
[2023-08-23T21:52:43.536-0400] {logging_mixin.py:151} INFO - [2023-08-23T21:52:43.536-0400] {dag.py:3677} INFO - Setting next_dagrun for example_short_circuit_decorator to 2023-08-23T01:52:43.536272+00:00, run_after=2023-08-24T01:52:43.536272+00:00
[2023-08-23T21:52:43.543-0400] {processor.py:179} INFO - Processing /Users/mauri/Desktop/repositorio/apache-airflow-tutorial/env/lib/python3.11/site-packages/airflow/example_dags/example_short_circuit_decorator.py took 0.099 seconds
[2023-08-23T21:53:54.330-0400] {processor.py:157} INFO - Started process (PID=9749) to work on /Users/mauri/Desktop/repositorio/apache-airflow-tutorial/env/lib/python3.11/site-packages/airflow/example_dags/example_short_circuit_decorator.py
[2023-08-23T21:53:54.331-0400] {processor.py:829} INFO - Processing file /Users/mauri/Desktop/repositorio/apache-airflow-tutorial/env/lib/python3.11/site-packages/airflow/example_dags/example_short_circuit_decorator.py for tasks to queue
[2023-08-23T21:53:54.331-0400] {logging_mixin.py:151} INFO - [2023-08-23T21:53:54.331-0400] {dagbag.py:539} INFO - Filling up the DagBag from /Users/mauri/Desktop/repositorio/apache-airflow-tutorial/env/lib/python3.11/site-packages/airflow/example_dags/example_short_circuit_decorator.py
[2023-08-23T21:53:54.363-0400] {processor.py:839} INFO - DAG(s) dict_keys(['example_short_circuit_decorator']) retrieved from /Users/mauri/Desktop/repositorio/apache-airflow-tutorial/env/lib/python3.11/site-packages/airflow/example_dags/example_short_circuit_decorator.py
[2023-08-23T21:53:54.417-0400] {logging_mixin.py:151} INFO - [2023-08-23T21:53:54.416-0400] {dag.py:2907} INFO - Sync 1 DAGs
[2023-08-23T21:53:54.422-0400] {logging_mixin.py:151} INFO - [2023-08-23T21:53:54.422-0400] {dag.py:3677} INFO - Setting next_dagrun for example_short_circuit_decorator to 2023-08-23T01:53:54.422138+00:00, run_after=2023-08-24T01:53:54.422138+00:00
[2023-08-23T21:53:54.429-0400] {processor.py:179} INFO - Processing /Users/mauri/Desktop/repositorio/apache-airflow-tutorial/env/lib/python3.11/site-packages/airflow/example_dags/example_short_circuit_decorator.py took 0.100 seconds
[2023-08-23T21:55:05.053-0400] {processor.py:157} INFO - Started process (PID=9813) to work on /Users/mauri/Desktop/repositorio/apache-airflow-tutorial/env/lib/python3.11/site-packages/airflow/example_dags/example_short_circuit_decorator.py
[2023-08-23T21:55:05.054-0400] {processor.py:829} INFO - Processing file /Users/mauri/Desktop/repositorio/apache-airflow-tutorial/env/lib/python3.11/site-packages/airflow/example_dags/example_short_circuit_decorator.py for tasks to queue
[2023-08-23T21:55:05.054-0400] {logging_mixin.py:151} INFO - [2023-08-23T21:55:05.054-0400] {dagbag.py:539} INFO - Filling up the DagBag from /Users/mauri/Desktop/repositorio/apache-airflow-tutorial/env/lib/python3.11/site-packages/airflow/example_dags/example_short_circuit_decorator.py
[2023-08-23T21:55:05.090-0400] {processor.py:839} INFO - DAG(s) dict_keys(['example_short_circuit_decorator']) retrieved from /Users/mauri/Desktop/repositorio/apache-airflow-tutorial/env/lib/python3.11/site-packages/airflow/example_dags/example_short_circuit_decorator.py
[2023-08-23T21:55:05.146-0400] {logging_mixin.py:151} INFO - [2023-08-23T21:55:05.146-0400] {dag.py:2907} INFO - Sync 1 DAGs
[2023-08-23T21:55:05.152-0400] {logging_mixin.py:151} INFO - [2023-08-23T21:55:05.152-0400] {dag.py:3677} INFO - Setting next_dagrun for example_short_circuit_decorator to 2023-08-23T01:55:05.152264+00:00, run_after=2023-08-24T01:55:05.152264+00:00
[2023-08-23T21:55:05.160-0400] {processor.py:179} INFO - Processing /Users/mauri/Desktop/repositorio/apache-airflow-tutorial/env/lib/python3.11/site-packages/airflow/example_dags/example_short_circuit_decorator.py took 0.107 seconds
[2023-08-23T21:56:18.200-0400] {processor.py:157} INFO - Started process (PID=9886) to work on /Users/mauri/Desktop/repositorio/apache-airflow-tutorial/env/lib/python3.11/site-packages/airflow/example_dags/example_short_circuit_decorator.py
[2023-08-23T21:56:18.202-0400] {processor.py:829} INFO - Processing file /Users/mauri/Desktop/repositorio/apache-airflow-tutorial/env/lib/python3.11/site-packages/airflow/example_dags/example_short_circuit_decorator.py for tasks to queue
[2023-08-23T21:56:18.202-0400] {logging_mixin.py:151} INFO - [2023-08-23T21:56:18.202-0400] {dagbag.py:539} INFO - Filling up the DagBag from /Users/mauri/Desktop/repositorio/apache-airflow-tutorial/env/lib/python3.11/site-packages/airflow/example_dags/example_short_circuit_decorator.py
[2023-08-23T21:56:18.235-0400] {processor.py:839} INFO - DAG(s) dict_keys(['example_short_circuit_decorator']) retrieved from /Users/mauri/Desktop/repositorio/apache-airflow-tutorial/env/lib/python3.11/site-packages/airflow/example_dags/example_short_circuit_decorator.py
[2023-08-23T21:56:18.289-0400] {logging_mixin.py:151} INFO - [2023-08-23T21:56:18.289-0400] {dag.py:2907} INFO - Sync 1 DAGs
[2023-08-23T21:56:18.295-0400] {logging_mixin.py:151} INFO - [2023-08-23T21:56:18.294-0400] {dag.py:3677} INFO - Setting next_dagrun for example_short_circuit_decorator to 2023-08-23T01:56:18.294886+00:00, run_after=2023-08-24T01:56:18.294886+00:00
[2023-08-23T21:56:18.302-0400] {processor.py:179} INFO - Processing /Users/mauri/Desktop/repositorio/apache-airflow-tutorial/env/lib/python3.11/site-packages/airflow/example_dags/example_short_circuit_decorator.py took 0.102 seconds
[2023-08-23T21:57:34.849-0400] {processor.py:157} INFO - Started process (PID=9951) to work on /Users/mauri/Desktop/repositorio/apache-airflow-tutorial/env/lib/python3.11/site-packages/airflow/example_dags/example_short_circuit_decorator.py
[2023-08-23T21:57:34.850-0400] {processor.py:829} INFO - Processing file /Users/mauri/Desktop/repositorio/apache-airflow-tutorial/env/lib/python3.11/site-packages/airflow/example_dags/example_short_circuit_decorator.py for tasks to queue
[2023-08-23T21:57:34.850-0400] {logging_mixin.py:151} INFO - [2023-08-23T21:57:34.850-0400] {dagbag.py:539} INFO - Filling up the DagBag from /Users/mauri/Desktop/repositorio/apache-airflow-tutorial/env/lib/python3.11/site-packages/airflow/example_dags/example_short_circuit_decorator.py
[2023-08-23T21:57:34.882-0400] {processor.py:839} INFO - DAG(s) dict_keys(['example_short_circuit_decorator']) retrieved from /Users/mauri/Desktop/repositorio/apache-airflow-tutorial/env/lib/python3.11/site-packages/airflow/example_dags/example_short_circuit_decorator.py
[2023-08-23T21:57:34.938-0400] {logging_mixin.py:151} INFO - [2023-08-23T21:57:34.938-0400] {dag.py:2907} INFO - Sync 1 DAGs
[2023-08-23T21:57:34.944-0400] {logging_mixin.py:151} INFO - [2023-08-23T21:57:34.944-0400] {dag.py:3677} INFO - Setting next_dagrun for example_short_circuit_decorator to 2023-08-23T01:57:34.944028+00:00, run_after=2023-08-24T01:57:34.944028+00:00
[2023-08-23T21:57:34.951-0400] {processor.py:179} INFO - Processing /Users/mauri/Desktop/repositorio/apache-airflow-tutorial/env/lib/python3.11/site-packages/airflow/example_dags/example_short_circuit_decorator.py took 0.103 seconds
[2023-08-23T21:58:50.135-0400] {processor.py:157} INFO - Started process (PID=10014) to work on /Users/mauri/Desktop/repositorio/apache-airflow-tutorial/env/lib/python3.11/site-packages/airflow/example_dags/example_short_circuit_decorator.py
[2023-08-23T21:58:50.136-0400] {processor.py:829} INFO - Processing file /Users/mauri/Desktop/repositorio/apache-airflow-tutorial/env/lib/python3.11/site-packages/airflow/example_dags/example_short_circuit_decorator.py for tasks to queue
[2023-08-23T21:58:50.137-0400] {logging_mixin.py:151} INFO - [2023-08-23T21:58:50.137-0400] {dagbag.py:539} INFO - Filling up the DagBag from /Users/mauri/Desktop/repositorio/apache-airflow-tutorial/env/lib/python3.11/site-packages/airflow/example_dags/example_short_circuit_decorator.py
[2023-08-23T21:58:50.168-0400] {processor.py:839} INFO - DAG(s) dict_keys(['example_short_circuit_decorator']) retrieved from /Users/mauri/Desktop/repositorio/apache-airflow-tutorial/env/lib/python3.11/site-packages/airflow/example_dags/example_short_circuit_decorator.py
[2023-08-23T21:58:50.221-0400] {logging_mixin.py:151} INFO - [2023-08-23T21:58:50.221-0400] {dag.py:2907} INFO - Sync 1 DAGs
[2023-08-23T21:58:50.227-0400] {logging_mixin.py:151} INFO - [2023-08-23T21:58:50.227-0400] {dag.py:3677} INFO - Setting next_dagrun for example_short_circuit_decorator to 2023-08-23T01:58:50.227433+00:00, run_after=2023-08-24T01:58:50.227433+00:00
[2023-08-23T21:58:50.235-0400] {processor.py:179} INFO - Processing /Users/mauri/Desktop/repositorio/apache-airflow-tutorial/env/lib/python3.11/site-packages/airflow/example_dags/example_short_circuit_decorator.py took 0.100 seconds
[2023-08-23T22:00:03.911-0400] {processor.py:157} INFO - Started process (PID=10085) to work on /Users/mauri/Desktop/repositorio/apache-airflow-tutorial/env/lib/python3.11/site-packages/airflow/example_dags/example_short_circuit_decorator.py
[2023-08-23T22:00:03.913-0400] {processor.py:829} INFO - Processing file /Users/mauri/Desktop/repositorio/apache-airflow-tutorial/env/lib/python3.11/site-packages/airflow/example_dags/example_short_circuit_decorator.py for tasks to queue
[2023-08-23T22:00:03.913-0400] {logging_mixin.py:151} INFO - [2023-08-23T22:00:03.913-0400] {dagbag.py:539} INFO - Filling up the DagBag from /Users/mauri/Desktop/repositorio/apache-airflow-tutorial/env/lib/python3.11/site-packages/airflow/example_dags/example_short_circuit_decorator.py
[2023-08-23T22:00:03.949-0400] {processor.py:839} INFO - DAG(s) dict_keys(['example_short_circuit_decorator']) retrieved from /Users/mauri/Desktop/repositorio/apache-airflow-tutorial/env/lib/python3.11/site-packages/airflow/example_dags/example_short_circuit_decorator.py
[2023-08-23T22:00:04.008-0400] {logging_mixin.py:151} INFO - [2023-08-23T22:00:04.008-0400] {dag.py:2907} INFO - Sync 1 DAGs
[2023-08-23T22:00:04.014-0400] {logging_mixin.py:151} INFO - [2023-08-23T22:00:04.014-0400] {dag.py:3677} INFO - Setting next_dagrun for example_short_circuit_decorator to 2023-08-23T02:00:04.014154+00:00, run_after=2023-08-24T02:00:04.014154+00:00
[2023-08-23T22:00:04.022-0400] {processor.py:179} INFO - Processing /Users/mauri/Desktop/repositorio/apache-airflow-tutorial/env/lib/python3.11/site-packages/airflow/example_dags/example_short_circuit_decorator.py took 0.111 seconds
