[2023-08-23T21:35:05.790-0400] {processor.py:157} INFO - Started process (PID=8545) to work on /Users/mauri/Desktop/repositorio/apache-airflow-tutorial/env/lib/python3.11/site-packages/airflow/example_dags/example_branch_labels.py
[2023-08-23T21:35:05.791-0400] {processor.py:829} INFO - Processing file /Users/mauri/Desktop/repositorio/apache-airflow-tutorial/env/lib/python3.11/site-packages/airflow/example_dags/example_branch_labels.py for tasks to queue
[2023-08-23T21:35:05.791-0400] {logging_mixin.py:151} INFO - [2023-08-23T21:35:05.791-0400] {dagbag.py:539} INFO - Filling up the DagBag from /Users/mauri/Desktop/repositorio/apache-airflow-tutorial/env/lib/python3.11/site-packages/airflow/example_dags/example_branch_labels.py
[2023-08-23T21:35:05.799-0400] {processor.py:839} INFO - DAG(s) dict_keys(['example_branch_labels']) retrieved from /Users/mauri/Desktop/repositorio/apache-airflow-tutorial/env/lib/python3.11/site-packages/airflow/example_dags/example_branch_labels.py
[2023-08-23T21:35:06.113-0400] {logging_mixin.py:151} INFO - [2023-08-23T21:35:06.113-0400] {manager.py:501} INFO - Created Permission View: can edit on DAG:example_branch_labels
[2023-08-23T21:35:06.116-0400] {logging_mixin.py:151} INFO - [2023-08-23T21:35:06.116-0400] {manager.py:501} INFO - Created Permission View: can delete on DAG:example_branch_labels
[2023-08-23T21:35:06.118-0400] {logging_mixin.py:151} INFO - [2023-08-23T21:35:06.118-0400] {manager.py:501} INFO - Created Permission View: can read on DAG:example_branch_labels
[2023-08-23T21:35:06.122-0400] {logging_mixin.py:151} INFO - [2023-08-23T21:35:06.122-0400] {dag.py:2907} INFO - Sync 1 DAGs
[2023-08-23T21:35:06.126-0400] {logging_mixin.py:151} INFO - [2023-08-23T21:35:06.126-0400] {dag.py:2929} INFO - Creating ORM DAG for example_branch_labels
[2023-08-23T21:35:06.128-0400] {logging_mixin.py:151} INFO - [2023-08-23T21:35:06.128-0400] {dag.py:3677} INFO - Setting next_dagrun for example_branch_labels to 2023-08-23T00:00:00+00:00, run_after=2023-08-24T00:00:00+00:00
[2023-08-23T21:35:06.135-0400] {processor.py:179} INFO - Processing /Users/mauri/Desktop/repositorio/apache-airflow-tutorial/env/lib/python3.11/site-packages/airflow/example_dags/example_branch_labels.py took 0.345 seconds
[2023-08-23T21:36:25.670-0400] {processor.py:157} INFO - Started process (PID=8616) to work on /Users/mauri/Desktop/repositorio/apache-airflow-tutorial/env/lib/python3.11/site-packages/airflow/example_dags/example_branch_labels.py
[2023-08-23T21:36:25.672-0400] {processor.py:829} INFO - Processing file /Users/mauri/Desktop/repositorio/apache-airflow-tutorial/env/lib/python3.11/site-packages/airflow/example_dags/example_branch_labels.py for tasks to queue
[2023-08-23T21:36:25.672-0400] {logging_mixin.py:151} INFO - [2023-08-23T21:36:25.672-0400] {dagbag.py:539} INFO - Filling up the DagBag from /Users/mauri/Desktop/repositorio/apache-airflow-tutorial/env/lib/python3.11/site-packages/airflow/example_dags/example_branch_labels.py
[2023-08-23T21:36:25.679-0400] {processor.py:839} INFO - DAG(s) dict_keys(['example_branch_labels']) retrieved from /Users/mauri/Desktop/repositorio/apache-airflow-tutorial/env/lib/python3.11/site-packages/airflow/example_dags/example_branch_labels.py
[2023-08-23T21:36:25.748-0400] {logging_mixin.py:151} INFO - [2023-08-23T21:36:25.748-0400] {dag.py:2907} INFO - Sync 1 DAGs
[2023-08-23T21:36:25.754-0400] {logging_mixin.py:151} INFO - [2023-08-23T21:36:25.754-0400] {dag.py:3677} INFO - Setting next_dagrun for example_branch_labels to 2023-08-23T00:00:00+00:00, run_after=2023-08-24T00:00:00+00:00
[2023-08-23T21:36:25.761-0400] {processor.py:179} INFO - Processing /Users/mauri/Desktop/repositorio/apache-airflow-tutorial/env/lib/python3.11/site-packages/airflow/example_dags/example_branch_labels.py took 0.091 seconds
[2023-08-23T21:37:39.757-0400] {processor.py:157} INFO - Started process (PID=8677) to work on /Users/mauri/Desktop/repositorio/apache-airflow-tutorial/env/lib/python3.11/site-packages/airflow/example_dags/example_branch_labels.py
[2023-08-23T21:37:39.759-0400] {processor.py:829} INFO - Processing file /Users/mauri/Desktop/repositorio/apache-airflow-tutorial/env/lib/python3.11/site-packages/airflow/example_dags/example_branch_labels.py for tasks to queue
[2023-08-23T21:37:39.759-0400] {logging_mixin.py:151} INFO - [2023-08-23T21:37:39.759-0400] {dagbag.py:539} INFO - Filling up the DagBag from /Users/mauri/Desktop/repositorio/apache-airflow-tutorial/env/lib/python3.11/site-packages/airflow/example_dags/example_branch_labels.py
[2023-08-23T21:37:39.766-0400] {processor.py:839} INFO - DAG(s) dict_keys(['example_branch_labels']) retrieved from /Users/mauri/Desktop/repositorio/apache-airflow-tutorial/env/lib/python3.11/site-packages/airflow/example_dags/example_branch_labels.py
[2023-08-23T21:37:39.835-0400] {logging_mixin.py:151} INFO - [2023-08-23T21:37:39.835-0400] {dag.py:2907} INFO - Sync 1 DAGs
[2023-08-23T21:37:39.841-0400] {logging_mixin.py:151} INFO - [2023-08-23T21:37:39.841-0400] {dag.py:3677} INFO - Setting next_dagrun for example_branch_labels to 2023-08-23T00:00:00+00:00, run_after=2023-08-24T00:00:00+00:00
[2023-08-23T21:37:39.849-0400] {processor.py:179} INFO - Processing /Users/mauri/Desktop/repositorio/apache-airflow-tutorial/env/lib/python3.11/site-packages/airflow/example_dags/example_branch_labels.py took 0.092 seconds
[2023-08-23T21:38:54.718-0400] {processor.py:157} INFO - Started process (PID=8750) to work on /Users/mauri/Desktop/repositorio/apache-airflow-tutorial/env/lib/python3.11/site-packages/airflow/example_dags/example_branch_labels.py
[2023-08-23T21:38:54.721-0400] {processor.py:829} INFO - Processing file /Users/mauri/Desktop/repositorio/apache-airflow-tutorial/env/lib/python3.11/site-packages/airflow/example_dags/example_branch_labels.py for tasks to queue
[2023-08-23T21:38:54.721-0400] {logging_mixin.py:151} INFO - [2023-08-23T21:38:54.721-0400] {dagbag.py:539} INFO - Filling up the DagBag from /Users/mauri/Desktop/repositorio/apache-airflow-tutorial/env/lib/python3.11/site-packages/airflow/example_dags/example_branch_labels.py
[2023-08-23T21:38:54.728-0400] {processor.py:839} INFO - DAG(s) dict_keys(['example_branch_labels']) retrieved from /Users/mauri/Desktop/repositorio/apache-airflow-tutorial/env/lib/python3.11/site-packages/airflow/example_dags/example_branch_labels.py
[2023-08-23T21:38:54.799-0400] {logging_mixin.py:151} INFO - [2023-08-23T21:38:54.799-0400] {dag.py:2907} INFO - Sync 1 DAGs
[2023-08-23T21:38:54.805-0400] {logging_mixin.py:151} INFO - [2023-08-23T21:38:54.805-0400] {dag.py:3677} INFO - Setting next_dagrun for example_branch_labels to 2023-08-23T00:00:00+00:00, run_after=2023-08-24T00:00:00+00:00
[2023-08-23T21:38:54.812-0400] {processor.py:179} INFO - Processing /Users/mauri/Desktop/repositorio/apache-airflow-tutorial/env/lib/python3.11/site-packages/airflow/example_dags/example_branch_labels.py took 0.094 seconds
[2023-08-23T21:40:09.809-0400] {processor.py:157} INFO - Started process (PID=8813) to work on /Users/mauri/Desktop/repositorio/apache-airflow-tutorial/env/lib/python3.11/site-packages/airflow/example_dags/example_branch_labels.py
[2023-08-23T21:40:09.811-0400] {processor.py:829} INFO - Processing file /Users/mauri/Desktop/repositorio/apache-airflow-tutorial/env/lib/python3.11/site-packages/airflow/example_dags/example_branch_labels.py for tasks to queue
[2023-08-23T21:40:09.811-0400] {logging_mixin.py:151} INFO - [2023-08-23T21:40:09.811-0400] {dagbag.py:539} INFO - Filling up the DagBag from /Users/mauri/Desktop/repositorio/apache-airflow-tutorial/env/lib/python3.11/site-packages/airflow/example_dags/example_branch_labels.py
[2023-08-23T21:40:09.817-0400] {processor.py:839} INFO - DAG(s) dict_keys(['example_branch_labels']) retrieved from /Users/mauri/Desktop/repositorio/apache-airflow-tutorial/env/lib/python3.11/site-packages/airflow/example_dags/example_branch_labels.py
[2023-08-23T21:40:09.887-0400] {logging_mixin.py:151} INFO - [2023-08-23T21:40:09.886-0400] {dag.py:2907} INFO - Sync 1 DAGs
[2023-08-23T21:40:09.893-0400] {logging_mixin.py:151} INFO - [2023-08-23T21:40:09.893-0400] {dag.py:3677} INFO - Setting next_dagrun for example_branch_labels to 2023-08-23T00:00:00+00:00, run_after=2023-08-24T00:00:00+00:00
[2023-08-23T21:40:09.899-0400] {processor.py:179} INFO - Processing /Users/mauri/Desktop/repositorio/apache-airflow-tutorial/env/lib/python3.11/site-packages/airflow/example_dags/example_branch_labels.py took 0.090 seconds
[2023-08-23T21:41:22.873-0400] {processor.py:157} INFO - Started process (PID=8869) to work on /Users/mauri/Desktop/repositorio/apache-airflow-tutorial/env/lib/python3.11/site-packages/airflow/example_dags/example_branch_labels.py
[2023-08-23T21:41:22.874-0400] {processor.py:829} INFO - Processing file /Users/mauri/Desktop/repositorio/apache-airflow-tutorial/env/lib/python3.11/site-packages/airflow/example_dags/example_branch_labels.py for tasks to queue
[2023-08-23T21:41:22.875-0400] {logging_mixin.py:151} INFO - [2023-08-23T21:41:22.874-0400] {dagbag.py:539} INFO - Filling up the DagBag from /Users/mauri/Desktop/repositorio/apache-airflow-tutorial/env/lib/python3.11/site-packages/airflow/example_dags/example_branch_labels.py
[2023-08-23T21:41:22.881-0400] {processor.py:839} INFO - DAG(s) dict_keys(['example_branch_labels']) retrieved from /Users/mauri/Desktop/repositorio/apache-airflow-tutorial/env/lib/python3.11/site-packages/airflow/example_dags/example_branch_labels.py
[2023-08-23T21:41:22.953-0400] {logging_mixin.py:151} INFO - [2023-08-23T21:41:22.953-0400] {dag.py:2907} INFO - Sync 1 DAGs
[2023-08-23T21:41:22.959-0400] {logging_mixin.py:151} INFO - [2023-08-23T21:41:22.959-0400] {dag.py:3677} INFO - Setting next_dagrun for example_branch_labels to 2023-08-23T00:00:00+00:00, run_after=2023-08-24T00:00:00+00:00
[2023-08-23T21:41:22.966-0400] {processor.py:179} INFO - Processing /Users/mauri/Desktop/repositorio/apache-airflow-tutorial/env/lib/python3.11/site-packages/airflow/example_dags/example_branch_labels.py took 0.093 seconds
[2023-08-23T21:42:35.731-0400] {processor.py:157} INFO - Started process (PID=8936) to work on /Users/mauri/Desktop/repositorio/apache-airflow-tutorial/env/lib/python3.11/site-packages/airflow/example_dags/example_branch_labels.py
[2023-08-23T21:42:35.732-0400] {processor.py:829} INFO - Processing file /Users/mauri/Desktop/repositorio/apache-airflow-tutorial/env/lib/python3.11/site-packages/airflow/example_dags/example_branch_labels.py for tasks to queue
[2023-08-23T21:42:35.732-0400] {logging_mixin.py:151} INFO - [2023-08-23T21:42:35.732-0400] {dagbag.py:539} INFO - Filling up the DagBag from /Users/mauri/Desktop/repositorio/apache-airflow-tutorial/env/lib/python3.11/site-packages/airflow/example_dags/example_branch_labels.py
[2023-08-23T21:42:35.739-0400] {processor.py:839} INFO - DAG(s) dict_keys(['example_branch_labels']) retrieved from /Users/mauri/Desktop/repositorio/apache-airflow-tutorial/env/lib/python3.11/site-packages/airflow/example_dags/example_branch_labels.py
[2023-08-23T21:42:35.808-0400] {logging_mixin.py:151} INFO - [2023-08-23T21:42:35.808-0400] {dag.py:2907} INFO - Sync 1 DAGs
[2023-08-23T21:42:35.814-0400] {logging_mixin.py:151} INFO - [2023-08-23T21:42:35.814-0400] {dag.py:3677} INFO - Setting next_dagrun for example_branch_labels to 2023-08-23T00:00:00+00:00, run_after=2023-08-24T00:00:00+00:00
[2023-08-23T21:42:35.821-0400] {processor.py:179} INFO - Processing /Users/mauri/Desktop/repositorio/apache-airflow-tutorial/env/lib/python3.11/site-packages/airflow/example_dags/example_branch_labels.py took 0.091 seconds
[2023-08-23T21:43:46.349-0400] {processor.py:157} INFO - Started process (PID=8996) to work on /Users/mauri/Desktop/repositorio/apache-airflow-tutorial/env/lib/python3.11/site-packages/airflow/example_dags/example_branch_labels.py
[2023-08-23T21:43:46.351-0400] {processor.py:829} INFO - Processing file /Users/mauri/Desktop/repositorio/apache-airflow-tutorial/env/lib/python3.11/site-packages/airflow/example_dags/example_branch_labels.py for tasks to queue
[2023-08-23T21:43:46.351-0400] {logging_mixin.py:151} INFO - [2023-08-23T21:43:46.351-0400] {dagbag.py:539} INFO - Filling up the DagBag from /Users/mauri/Desktop/repositorio/apache-airflow-tutorial/env/lib/python3.11/site-packages/airflow/example_dags/example_branch_labels.py
[2023-08-23T21:43:46.359-0400] {processor.py:839} INFO - DAG(s) dict_keys(['example_branch_labels']) retrieved from /Users/mauri/Desktop/repositorio/apache-airflow-tutorial/env/lib/python3.11/site-packages/airflow/example_dags/example_branch_labels.py
[2023-08-23T21:43:46.436-0400] {logging_mixin.py:151} INFO - [2023-08-23T21:43:46.436-0400] {dag.py:2907} INFO - Sync 1 DAGs
[2023-08-23T21:43:46.442-0400] {logging_mixin.py:151} INFO - [2023-08-23T21:43:46.442-0400] {dag.py:3677} INFO - Setting next_dagrun for example_branch_labels to 2023-08-23T00:00:00+00:00, run_after=2023-08-24T00:00:00+00:00
[2023-08-23T21:43:46.449-0400] {processor.py:179} INFO - Processing /Users/mauri/Desktop/repositorio/apache-airflow-tutorial/env/lib/python3.11/site-packages/airflow/example_dags/example_branch_labels.py took 0.100 seconds
[2023-08-23T21:44:58.781-0400] {processor.py:157} INFO - Started process (PID=9071) to work on /Users/mauri/Desktop/repositorio/apache-airflow-tutorial/env/lib/python3.11/site-packages/airflow/example_dags/example_branch_labels.py
[2023-08-23T21:44:58.783-0400] {processor.py:829} INFO - Processing file /Users/mauri/Desktop/repositorio/apache-airflow-tutorial/env/lib/python3.11/site-packages/airflow/example_dags/example_branch_labels.py for tasks to queue
[2023-08-23T21:44:58.783-0400] {logging_mixin.py:151} INFO - [2023-08-23T21:44:58.783-0400] {dagbag.py:539} INFO - Filling up the DagBag from /Users/mauri/Desktop/repositorio/apache-airflow-tutorial/env/lib/python3.11/site-packages/airflow/example_dags/example_branch_labels.py
[2023-08-23T21:44:58.789-0400] {processor.py:839} INFO - DAG(s) dict_keys(['example_branch_labels']) retrieved from /Users/mauri/Desktop/repositorio/apache-airflow-tutorial/env/lib/python3.11/site-packages/airflow/example_dags/example_branch_labels.py
[2023-08-23T21:44:58.859-0400] {logging_mixin.py:151} INFO - [2023-08-23T21:44:58.859-0400] {dag.py:2907} INFO - Sync 1 DAGs
[2023-08-23T21:44:58.865-0400] {logging_mixin.py:151} INFO - [2023-08-23T21:44:58.865-0400] {dag.py:3677} INFO - Setting next_dagrun for example_branch_labels to 2023-08-23T00:00:00+00:00, run_after=2023-08-24T00:00:00+00:00
[2023-08-23T21:44:58.872-0400] {processor.py:179} INFO - Processing /Users/mauri/Desktop/repositorio/apache-airflow-tutorial/env/lib/python3.11/site-packages/airflow/example_dags/example_branch_labels.py took 0.091 seconds
[2023-08-23T21:46:11.766-0400] {processor.py:157} INFO - Started process (PID=9193) to work on /Users/mauri/Desktop/repositorio/apache-airflow-tutorial/env/lib/python3.11/site-packages/airflow/example_dags/example_branch_labels.py
[2023-08-23T21:46:11.767-0400] {processor.py:829} INFO - Processing file /Users/mauri/Desktop/repositorio/apache-airflow-tutorial/env/lib/python3.11/site-packages/airflow/example_dags/example_branch_labels.py for tasks to queue
[2023-08-23T21:46:11.768-0400] {logging_mixin.py:151} INFO - [2023-08-23T21:46:11.768-0400] {dagbag.py:539} INFO - Filling up the DagBag from /Users/mauri/Desktop/repositorio/apache-airflow-tutorial/env/lib/python3.11/site-packages/airflow/example_dags/example_branch_labels.py
[2023-08-23T21:46:11.774-0400] {processor.py:839} INFO - DAG(s) dict_keys(['example_branch_labels']) retrieved from /Users/mauri/Desktop/repositorio/apache-airflow-tutorial/env/lib/python3.11/site-packages/airflow/example_dags/example_branch_labels.py
[2023-08-23T21:46:11.843-0400] {logging_mixin.py:151} INFO - [2023-08-23T21:46:11.843-0400] {dag.py:2907} INFO - Sync 1 DAGs
[2023-08-23T21:46:11.849-0400] {logging_mixin.py:151} INFO - [2023-08-23T21:46:11.849-0400] {dag.py:3677} INFO - Setting next_dagrun for example_branch_labels to 2023-08-23T00:00:00+00:00, run_after=2023-08-24T00:00:00+00:00
[2023-08-23T21:46:11.855-0400] {processor.py:179} INFO - Processing /Users/mauri/Desktop/repositorio/apache-airflow-tutorial/env/lib/python3.11/site-packages/airflow/example_dags/example_branch_labels.py took 0.090 seconds
[2023-08-23T21:47:20.687-0400] {processor.py:157} INFO - Started process (PID=9315) to work on /Users/mauri/Desktop/repositorio/apache-airflow-tutorial/env/lib/python3.11/site-packages/airflow/example_dags/example_branch_labels.py
[2023-08-23T21:47:20.688-0400] {processor.py:829} INFO - Processing file /Users/mauri/Desktop/repositorio/apache-airflow-tutorial/env/lib/python3.11/site-packages/airflow/example_dags/example_branch_labels.py for tasks to queue
[2023-08-23T21:47:20.689-0400] {logging_mixin.py:151} INFO - [2023-08-23T21:47:20.689-0400] {dagbag.py:539} INFO - Filling up the DagBag from /Users/mauri/Desktop/repositorio/apache-airflow-tutorial/env/lib/python3.11/site-packages/airflow/example_dags/example_branch_labels.py
[2023-08-23T21:47:20.695-0400] {processor.py:839} INFO - DAG(s) dict_keys(['example_branch_labels']) retrieved from /Users/mauri/Desktop/repositorio/apache-airflow-tutorial/env/lib/python3.11/site-packages/airflow/example_dags/example_branch_labels.py
[2023-08-23T21:47:20.764-0400] {logging_mixin.py:151} INFO - [2023-08-23T21:47:20.764-0400] {dag.py:2907} INFO - Sync 1 DAGs
[2023-08-23T21:47:20.770-0400] {logging_mixin.py:151} INFO - [2023-08-23T21:47:20.770-0400] {dag.py:3677} INFO - Setting next_dagrun for example_branch_labels to 2023-08-23T00:00:00+00:00, run_after=2023-08-24T00:00:00+00:00
[2023-08-23T21:47:20.776-0400] {processor.py:179} INFO - Processing /Users/mauri/Desktop/repositorio/apache-airflow-tutorial/env/lib/python3.11/site-packages/airflow/example_dags/example_branch_labels.py took 0.089 seconds
[2023-08-23T21:48:33.764-0400] {processor.py:157} INFO - Started process (PID=9425) to work on /Users/mauri/Desktop/repositorio/apache-airflow-tutorial/env/lib/python3.11/site-packages/airflow/example_dags/example_branch_labels.py
[2023-08-23T21:48:33.765-0400] {processor.py:829} INFO - Processing file /Users/mauri/Desktop/repositorio/apache-airflow-tutorial/env/lib/python3.11/site-packages/airflow/example_dags/example_branch_labels.py for tasks to queue
[2023-08-23T21:48:33.765-0400] {logging_mixin.py:151} INFO - [2023-08-23T21:48:33.765-0400] {dagbag.py:539} INFO - Filling up the DagBag from /Users/mauri/Desktop/repositorio/apache-airflow-tutorial/env/lib/python3.11/site-packages/airflow/example_dags/example_branch_labels.py
[2023-08-23T21:48:33.772-0400] {processor.py:839} INFO - DAG(s) dict_keys(['example_branch_labels']) retrieved from /Users/mauri/Desktop/repositorio/apache-airflow-tutorial/env/lib/python3.11/site-packages/airflow/example_dags/example_branch_labels.py
[2023-08-23T21:48:33.846-0400] {logging_mixin.py:151} INFO - [2023-08-23T21:48:33.846-0400] {dag.py:2907} INFO - Sync 1 DAGs
[2023-08-23T21:48:33.853-0400] {logging_mixin.py:151} INFO - [2023-08-23T21:48:33.853-0400] {dag.py:3677} INFO - Setting next_dagrun for example_branch_labels to 2023-08-23T00:00:00+00:00, run_after=2023-08-24T00:00:00+00:00
[2023-08-23T21:48:33.860-0400] {processor.py:179} INFO - Processing /Users/mauri/Desktop/repositorio/apache-airflow-tutorial/env/lib/python3.11/site-packages/airflow/example_dags/example_branch_labels.py took 0.096 seconds
[2023-08-23T21:49:47.753-0400] {processor.py:157} INFO - Started process (PID=9493) to work on /Users/mauri/Desktop/repositorio/apache-airflow-tutorial/env/lib/python3.11/site-packages/airflow/example_dags/example_branch_labels.py
[2023-08-23T21:49:47.754-0400] {processor.py:829} INFO - Processing file /Users/mauri/Desktop/repositorio/apache-airflow-tutorial/env/lib/python3.11/site-packages/airflow/example_dags/example_branch_labels.py for tasks to queue
[2023-08-23T21:49:47.754-0400] {logging_mixin.py:151} INFO - [2023-08-23T21:49:47.754-0400] {dagbag.py:539} INFO - Filling up the DagBag from /Users/mauri/Desktop/repositorio/apache-airflow-tutorial/env/lib/python3.11/site-packages/airflow/example_dags/example_branch_labels.py
[2023-08-23T21:49:47.761-0400] {processor.py:839} INFO - DAG(s) dict_keys(['example_branch_labels']) retrieved from /Users/mauri/Desktop/repositorio/apache-airflow-tutorial/env/lib/python3.11/site-packages/airflow/example_dags/example_branch_labels.py
[2023-08-23T21:49:47.837-0400] {logging_mixin.py:151} INFO - [2023-08-23T21:49:47.837-0400] {dag.py:2907} INFO - Sync 1 DAGs
[2023-08-23T21:49:47.844-0400] {logging_mixin.py:151} INFO - [2023-08-23T21:49:47.844-0400] {dag.py:3677} INFO - Setting next_dagrun for example_branch_labels to 2023-08-23T00:00:00+00:00, run_after=2023-08-24T00:00:00+00:00
[2023-08-23T21:49:47.852-0400] {processor.py:179} INFO - Processing /Users/mauri/Desktop/repositorio/apache-airflow-tutorial/env/lib/python3.11/site-packages/airflow/example_dags/example_branch_labels.py took 0.100 seconds
[2023-08-23T21:51:03.553-0400] {processor.py:157} INFO - Started process (PID=9569) to work on /Users/mauri/Desktop/repositorio/apache-airflow-tutorial/env/lib/python3.11/site-packages/airflow/example_dags/example_branch_labels.py
[2023-08-23T21:51:03.556-0400] {processor.py:829} INFO - Processing file /Users/mauri/Desktop/repositorio/apache-airflow-tutorial/env/lib/python3.11/site-packages/airflow/example_dags/example_branch_labels.py for tasks to queue
[2023-08-23T21:51:03.556-0400] {logging_mixin.py:151} INFO - [2023-08-23T21:51:03.556-0400] {dagbag.py:539} INFO - Filling up the DagBag from /Users/mauri/Desktop/repositorio/apache-airflow-tutorial/env/lib/python3.11/site-packages/airflow/example_dags/example_branch_labels.py
[2023-08-23T21:51:03.562-0400] {processor.py:839} INFO - DAG(s) dict_keys(['example_branch_labels']) retrieved from /Users/mauri/Desktop/repositorio/apache-airflow-tutorial/env/lib/python3.11/site-packages/airflow/example_dags/example_branch_labels.py
[2023-08-23T21:51:03.631-0400] {logging_mixin.py:151} INFO - [2023-08-23T21:51:03.631-0400] {dag.py:2907} INFO - Sync 1 DAGs
[2023-08-23T21:51:03.637-0400] {logging_mixin.py:151} INFO - [2023-08-23T21:51:03.637-0400] {dag.py:3677} INFO - Setting next_dagrun for example_branch_labels to 2023-08-23T00:00:00+00:00, run_after=2023-08-24T00:00:00+00:00
[2023-08-23T21:51:03.644-0400] {processor.py:179} INFO - Processing /Users/mauri/Desktop/repositorio/apache-airflow-tutorial/env/lib/python3.11/site-packages/airflow/example_dags/example_branch_labels.py took 0.091 seconds
[2023-08-23T21:52:16.249-0400] {processor.py:157} INFO - Started process (PID=9660) to work on /Users/mauri/Desktop/repositorio/apache-airflow-tutorial/env/lib/python3.11/site-packages/airflow/example_dags/example_branch_labels.py
[2023-08-23T21:52:16.251-0400] {processor.py:829} INFO - Processing file /Users/mauri/Desktop/repositorio/apache-airflow-tutorial/env/lib/python3.11/site-packages/airflow/example_dags/example_branch_labels.py for tasks to queue
[2023-08-23T21:52:16.251-0400] {logging_mixin.py:151} INFO - [2023-08-23T21:52:16.251-0400] {dagbag.py:539} INFO - Filling up the DagBag from /Users/mauri/Desktop/repositorio/apache-airflow-tutorial/env/lib/python3.11/site-packages/airflow/example_dags/example_branch_labels.py
[2023-08-23T21:52:16.258-0400] {processor.py:839} INFO - DAG(s) dict_keys(['example_branch_labels']) retrieved from /Users/mauri/Desktop/repositorio/apache-airflow-tutorial/env/lib/python3.11/site-packages/airflow/example_dags/example_branch_labels.py
[2023-08-23T21:52:16.327-0400] {logging_mixin.py:151} INFO - [2023-08-23T21:52:16.327-0400] {dag.py:2907} INFO - Sync 1 DAGs
[2023-08-23T21:52:16.334-0400] {logging_mixin.py:151} INFO - [2023-08-23T21:52:16.333-0400] {dag.py:3677} INFO - Setting next_dagrun for example_branch_labels to 2023-08-23T00:00:00+00:00, run_after=2023-08-24T00:00:00+00:00
[2023-08-23T21:52:16.340-0400] {processor.py:179} INFO - Processing /Users/mauri/Desktop/repositorio/apache-airflow-tutorial/env/lib/python3.11/site-packages/airflow/example_dags/example_branch_labels.py took 0.091 seconds
[2023-08-23T21:53:26.321-0400] {processor.py:157} INFO - Started process (PID=9724) to work on /Users/mauri/Desktop/repositorio/apache-airflow-tutorial/env/lib/python3.11/site-packages/airflow/example_dags/example_branch_labels.py
[2023-08-23T21:53:26.322-0400] {processor.py:829} INFO - Processing file /Users/mauri/Desktop/repositorio/apache-airflow-tutorial/env/lib/python3.11/site-packages/airflow/example_dags/example_branch_labels.py for tasks to queue
[2023-08-23T21:53:26.322-0400] {logging_mixin.py:151} INFO - [2023-08-23T21:53:26.322-0400] {dagbag.py:539} INFO - Filling up the DagBag from /Users/mauri/Desktop/repositorio/apache-airflow-tutorial/env/lib/python3.11/site-packages/airflow/example_dags/example_branch_labels.py
[2023-08-23T21:53:26.329-0400] {processor.py:839} INFO - DAG(s) dict_keys(['example_branch_labels']) retrieved from /Users/mauri/Desktop/repositorio/apache-airflow-tutorial/env/lib/python3.11/site-packages/airflow/example_dags/example_branch_labels.py
[2023-08-23T21:53:26.400-0400] {logging_mixin.py:151} INFO - [2023-08-23T21:53:26.399-0400] {dag.py:2907} INFO - Sync 1 DAGs
[2023-08-23T21:53:26.406-0400] {logging_mixin.py:151} INFO - [2023-08-23T21:53:26.406-0400] {dag.py:3677} INFO - Setting next_dagrun for example_branch_labels to 2023-08-23T00:00:00+00:00, run_after=2023-08-24T00:00:00+00:00
[2023-08-23T21:53:26.412-0400] {processor.py:179} INFO - Processing /Users/mauri/Desktop/repositorio/apache-airflow-tutorial/env/lib/python3.11/site-packages/airflow/example_dags/example_branch_labels.py took 0.092 seconds
[2023-08-23T21:54:37.744-0400] {processor.py:157} INFO - Started process (PID=9787) to work on /Users/mauri/Desktop/repositorio/apache-airflow-tutorial/env/lib/python3.11/site-packages/airflow/example_dags/example_branch_labels.py
[2023-08-23T21:54:37.745-0400] {processor.py:829} INFO - Processing file /Users/mauri/Desktop/repositorio/apache-airflow-tutorial/env/lib/python3.11/site-packages/airflow/example_dags/example_branch_labels.py for tasks to queue
[2023-08-23T21:54:37.746-0400] {logging_mixin.py:151} INFO - [2023-08-23T21:54:37.746-0400] {dagbag.py:539} INFO - Filling up the DagBag from /Users/mauri/Desktop/repositorio/apache-airflow-tutorial/env/lib/python3.11/site-packages/airflow/example_dags/example_branch_labels.py
[2023-08-23T21:54:37.752-0400] {processor.py:839} INFO - DAG(s) dict_keys(['example_branch_labels']) retrieved from /Users/mauri/Desktop/repositorio/apache-airflow-tutorial/env/lib/python3.11/site-packages/airflow/example_dags/example_branch_labels.py
[2023-08-23T21:54:37.821-0400] {logging_mixin.py:151} INFO - [2023-08-23T21:54:37.821-0400] {dag.py:2907} INFO - Sync 1 DAGs
[2023-08-23T21:54:37.827-0400] {logging_mixin.py:151} INFO - [2023-08-23T21:54:37.827-0400] {dag.py:3677} INFO - Setting next_dagrun for example_branch_labels to 2023-08-23T00:00:00+00:00, run_after=2023-08-24T00:00:00+00:00
[2023-08-23T21:54:37.834-0400] {processor.py:179} INFO - Processing /Users/mauri/Desktop/repositorio/apache-airflow-tutorial/env/lib/python3.11/site-packages/airflow/example_dags/example_branch_labels.py took 0.090 seconds
[2023-08-23T21:55:50.812-0400] {processor.py:157} INFO - Started process (PID=9857) to work on /Users/mauri/Desktop/repositorio/apache-airflow-tutorial/env/lib/python3.11/site-packages/airflow/example_dags/example_branch_labels.py
[2023-08-23T21:55:50.813-0400] {processor.py:829} INFO - Processing file /Users/mauri/Desktop/repositorio/apache-airflow-tutorial/env/lib/python3.11/site-packages/airflow/example_dags/example_branch_labels.py for tasks to queue
[2023-08-23T21:55:50.813-0400] {logging_mixin.py:151} INFO - [2023-08-23T21:55:50.813-0400] {dagbag.py:539} INFO - Filling up the DagBag from /Users/mauri/Desktop/repositorio/apache-airflow-tutorial/env/lib/python3.11/site-packages/airflow/example_dags/example_branch_labels.py
[2023-08-23T21:55:50.820-0400] {processor.py:839} INFO - DAG(s) dict_keys(['example_branch_labels']) retrieved from /Users/mauri/Desktop/repositorio/apache-airflow-tutorial/env/lib/python3.11/site-packages/airflow/example_dags/example_branch_labels.py
[2023-08-23T21:55:50.889-0400] {logging_mixin.py:151} INFO - [2023-08-23T21:55:50.889-0400] {dag.py:2907} INFO - Sync 1 DAGs
[2023-08-23T21:55:50.895-0400] {logging_mixin.py:151} INFO - [2023-08-23T21:55:50.895-0400] {dag.py:3677} INFO - Setting next_dagrun for example_branch_labels to 2023-08-23T00:00:00+00:00, run_after=2023-08-24T00:00:00+00:00
[2023-08-23T21:55:50.902-0400] {processor.py:179} INFO - Processing /Users/mauri/Desktop/repositorio/apache-airflow-tutorial/env/lib/python3.11/site-packages/airflow/example_dags/example_branch_labels.py took 0.090 seconds
[2023-08-23T21:57:03.857-0400] {processor.py:157} INFO - Started process (PID=9924) to work on /Users/mauri/Desktop/repositorio/apache-airflow-tutorial/env/lib/python3.11/site-packages/airflow/example_dags/example_branch_labels.py
[2023-08-23T21:57:03.858-0400] {processor.py:829} INFO - Processing file /Users/mauri/Desktop/repositorio/apache-airflow-tutorial/env/lib/python3.11/site-packages/airflow/example_dags/example_branch_labels.py for tasks to queue
[2023-08-23T21:57:03.858-0400] {logging_mixin.py:151} INFO - [2023-08-23T21:57:03.858-0400] {dagbag.py:539} INFO - Filling up the DagBag from /Users/mauri/Desktop/repositorio/apache-airflow-tutorial/env/lib/python3.11/site-packages/airflow/example_dags/example_branch_labels.py
[2023-08-23T21:57:03.865-0400] {processor.py:839} INFO - DAG(s) dict_keys(['example_branch_labels']) retrieved from /Users/mauri/Desktop/repositorio/apache-airflow-tutorial/env/lib/python3.11/site-packages/airflow/example_dags/example_branch_labels.py
[2023-08-23T21:57:03.934-0400] {logging_mixin.py:151} INFO - [2023-08-23T21:57:03.934-0400] {dag.py:2907} INFO - Sync 1 DAGs
[2023-08-23T21:57:03.940-0400] {logging_mixin.py:151} INFO - [2023-08-23T21:57:03.940-0400] {dag.py:3677} INFO - Setting next_dagrun for example_branch_labels to 2023-08-23T00:00:00+00:00, run_after=2023-08-24T00:00:00+00:00
[2023-08-23T21:57:03.946-0400] {processor.py:179} INFO - Processing /Users/mauri/Desktop/repositorio/apache-airflow-tutorial/env/lib/python3.11/site-packages/airflow/example_dags/example_branch_labels.py took 0.090 seconds
[2023-08-23T21:58:20.454-0400] {processor.py:157} INFO - Started process (PID=9991) to work on /Users/mauri/Desktop/repositorio/apache-airflow-tutorial/env/lib/python3.11/site-packages/airflow/example_dags/example_branch_labels.py
[2023-08-23T21:58:20.456-0400] {processor.py:829} INFO - Processing file /Users/mauri/Desktop/repositorio/apache-airflow-tutorial/env/lib/python3.11/site-packages/airflow/example_dags/example_branch_labels.py for tasks to queue
[2023-08-23T21:58:20.456-0400] {logging_mixin.py:151} INFO - [2023-08-23T21:58:20.456-0400] {dagbag.py:539} INFO - Filling up the DagBag from /Users/mauri/Desktop/repositorio/apache-airflow-tutorial/env/lib/python3.11/site-packages/airflow/example_dags/example_branch_labels.py
[2023-08-23T21:58:20.463-0400] {processor.py:839} INFO - DAG(s) dict_keys(['example_branch_labels']) retrieved from /Users/mauri/Desktop/repositorio/apache-airflow-tutorial/env/lib/python3.11/site-packages/airflow/example_dags/example_branch_labels.py
[2023-08-23T21:58:20.533-0400] {logging_mixin.py:151} INFO - [2023-08-23T21:58:20.532-0400] {dag.py:2907} INFO - Sync 1 DAGs
[2023-08-23T21:58:20.539-0400] {logging_mixin.py:151} INFO - [2023-08-23T21:58:20.539-0400] {dag.py:3677} INFO - Setting next_dagrun for example_branch_labels to 2023-08-23T00:00:00+00:00, run_after=2023-08-24T00:00:00+00:00
[2023-08-23T21:58:20.547-0400] {processor.py:179} INFO - Processing /Users/mauri/Desktop/repositorio/apache-airflow-tutorial/env/lib/python3.11/site-packages/airflow/example_dags/example_branch_labels.py took 0.092 seconds
[2023-08-23T21:59:35.289-0400] {processor.py:157} INFO - Started process (PID=10059) to work on /Users/mauri/Desktop/repositorio/apache-airflow-tutorial/env/lib/python3.11/site-packages/airflow/example_dags/example_branch_labels.py
[2023-08-23T21:59:35.290-0400] {processor.py:829} INFO - Processing file /Users/mauri/Desktop/repositorio/apache-airflow-tutorial/env/lib/python3.11/site-packages/airflow/example_dags/example_branch_labels.py for tasks to queue
[2023-08-23T21:59:35.291-0400] {logging_mixin.py:151} INFO - [2023-08-23T21:59:35.291-0400] {dagbag.py:539} INFO - Filling up the DagBag from /Users/mauri/Desktop/repositorio/apache-airflow-tutorial/env/lib/python3.11/site-packages/airflow/example_dags/example_branch_labels.py
[2023-08-23T21:59:35.298-0400] {processor.py:839} INFO - DAG(s) dict_keys(['example_branch_labels']) retrieved from /Users/mauri/Desktop/repositorio/apache-airflow-tutorial/env/lib/python3.11/site-packages/airflow/example_dags/example_branch_labels.py
[2023-08-23T21:59:35.373-0400] {logging_mixin.py:151} INFO - [2023-08-23T21:59:35.372-0400] {dag.py:2907} INFO - Sync 1 DAGs
[2023-08-23T21:59:35.379-0400] {logging_mixin.py:151} INFO - [2023-08-23T21:59:35.379-0400] {dag.py:3677} INFO - Setting next_dagrun for example_branch_labels to 2023-08-23T00:00:00+00:00, run_after=2023-08-24T00:00:00+00:00
[2023-08-23T21:59:35.386-0400] {processor.py:179} INFO - Processing /Users/mauri/Desktop/repositorio/apache-airflow-tutorial/env/lib/python3.11/site-packages/airflow/example_dags/example_branch_labels.py took 0.097 seconds
