[2023-08-23T21:34:39.318-0400] {processor.py:157} INFO - Started process (PID=8524) to work on /Users/mauri/Desktop/repositorio/apache-airflow-tutorial/env/lib/python3.11/site-packages/airflow/example_dags/example_params_trigger_ui.py
[2023-08-23T21:34:39.319-0400] {processor.py:829} INFO - Processing file /Users/mauri/Desktop/repositorio/apache-airflow-tutorial/env/lib/python3.11/site-packages/airflow/example_dags/example_params_trigger_ui.py for tasks to queue
[2023-08-23T21:34:39.319-0400] {logging_mixin.py:151} INFO - [2023-08-23T21:34:39.319-0400] {dagbag.py:539} INFO - Filling up the DagBag from /Users/mauri/Desktop/repositorio/apache-airflow-tutorial/env/lib/python3.11/site-packages/airflow/example_dags/example_params_trigger_ui.py
[2023-08-23T21:34:39.368-0400] {processor.py:839} INFO - DAG(s) dict_keys(['example_params_trigger_ui']) retrieved from /Users/mauri/Desktop/repositorio/apache-airflow-tutorial/env/lib/python3.11/site-packages/airflow/example_dags/example_params_trigger_ui.py
[2023-08-23T21:34:39.659-0400] {logging_mixin.py:151} INFO - [2023-08-23T21:34:39.658-0400] {manager.py:501} INFO - Created Permission View: can edit on DAG:example_params_trigger_ui
[2023-08-23T21:34:39.661-0400] {logging_mixin.py:151} INFO - [2023-08-23T21:34:39.661-0400] {manager.py:501} INFO - Created Permission View: can delete on DAG:example_params_trigger_ui
[2023-08-23T21:34:39.664-0400] {logging_mixin.py:151} INFO - [2023-08-23T21:34:39.664-0400] {manager.py:501} INFO - Created Permission View: can read on DAG:example_params_trigger_ui
[2023-08-23T21:34:39.667-0400] {logging_mixin.py:151} INFO - [2023-08-23T21:34:39.667-0400] {dag.py:2907} INFO - Sync 1 DAGs
[2023-08-23T21:34:39.670-0400] {logging_mixin.py:151} INFO - [2023-08-23T21:34:39.670-0400] {dag.py:2929} INFO - Creating ORM DAG for example_params_trigger_ui
[2023-08-23T21:34:39.670-0400] {logging_mixin.py:151} INFO - [2023-08-23T21:34:39.670-0400] {dag.py:3677} INFO - Setting next_dagrun for example_params_trigger_ui to None, run_after=None
[2023-08-23T21:34:39.676-0400] {processor.py:179} INFO - Processing /Users/mauri/Desktop/repositorio/apache-airflow-tutorial/env/lib/python3.11/site-packages/airflow/example_dags/example_params_trigger_ui.py took 0.359 seconds
[2023-08-23T21:35:51.496-0400] {processor.py:157} INFO - Started process (PID=8582) to work on /Users/mauri/Desktop/repositorio/apache-airflow-tutorial/env/lib/python3.11/site-packages/airflow/example_dags/example_params_trigger_ui.py
[2023-08-23T21:35:51.498-0400] {processor.py:829} INFO - Processing file /Users/mauri/Desktop/repositorio/apache-airflow-tutorial/env/lib/python3.11/site-packages/airflow/example_dags/example_params_trigger_ui.py for tasks to queue
[2023-08-23T21:35:51.498-0400] {logging_mixin.py:151} INFO - [2023-08-23T21:35:51.498-0400] {dagbag.py:539} INFO - Filling up the DagBag from /Users/mauri/Desktop/repositorio/apache-airflow-tutorial/env/lib/python3.11/site-packages/airflow/example_dags/example_params_trigger_ui.py
[2023-08-23T21:35:51.547-0400] {processor.py:839} INFO - DAG(s) dict_keys(['example_params_trigger_ui']) retrieved from /Users/mauri/Desktop/repositorio/apache-airflow-tutorial/env/lib/python3.11/site-packages/airflow/example_dags/example_params_trigger_ui.py
[2023-08-23T21:35:51.592-0400] {logging_mixin.py:151} INFO - [2023-08-23T21:35:51.592-0400] {dag.py:2907} INFO - Sync 1 DAGs
[2023-08-23T21:35:51.595-0400] {logging_mixin.py:151} INFO - [2023-08-23T21:35:51.595-0400] {dag.py:3677} INFO - Setting next_dagrun for example_params_trigger_ui to None, run_after=None
[2023-08-23T21:35:51.602-0400] {processor.py:179} INFO - Processing /Users/mauri/Desktop/repositorio/apache-airflow-tutorial/env/lib/python3.11/site-packages/airflow/example_dags/example_params_trigger_ui.py took 0.107 seconds
[2023-08-23T21:37:04.922-0400] {processor.py:157} INFO - Started process (PID=8647) to work on /Users/mauri/Desktop/repositorio/apache-airflow-tutorial/env/lib/python3.11/site-packages/airflow/example_dags/example_params_trigger_ui.py
[2023-08-23T21:37:04.924-0400] {processor.py:829} INFO - Processing file /Users/mauri/Desktop/repositorio/apache-airflow-tutorial/env/lib/python3.11/site-packages/airflow/example_dags/example_params_trigger_ui.py for tasks to queue
[2023-08-23T21:37:04.925-0400] {logging_mixin.py:151} INFO - [2023-08-23T21:37:04.925-0400] {dagbag.py:539} INFO - Filling up the DagBag from /Users/mauri/Desktop/repositorio/apache-airflow-tutorial/env/lib/python3.11/site-packages/airflow/example_dags/example_params_trigger_ui.py
[2023-08-23T21:37:04.973-0400] {processor.py:839} INFO - DAG(s) dict_keys(['example_params_trigger_ui']) retrieved from /Users/mauri/Desktop/repositorio/apache-airflow-tutorial/env/lib/python3.11/site-packages/airflow/example_dags/example_params_trigger_ui.py
[2023-08-23T21:37:05.018-0400] {logging_mixin.py:151} INFO - [2023-08-23T21:37:05.018-0400] {dag.py:2907} INFO - Sync 1 DAGs
[2023-08-23T21:37:05.021-0400] {logging_mixin.py:151} INFO - [2023-08-23T21:37:05.021-0400] {dag.py:3677} INFO - Setting next_dagrun for example_params_trigger_ui to None, run_after=None
[2023-08-23T21:37:05.029-0400] {processor.py:179} INFO - Processing /Users/mauri/Desktop/repositorio/apache-airflow-tutorial/env/lib/python3.11/site-packages/airflow/example_dags/example_params_trigger_ui.py took 0.107 seconds
[2023-08-23T21:38:18.956-0400] {processor.py:157} INFO - Started process (PID=8707) to work on /Users/mauri/Desktop/repositorio/apache-airflow-tutorial/env/lib/python3.11/site-packages/airflow/example_dags/example_params_trigger_ui.py
[2023-08-23T21:38:18.958-0400] {processor.py:829} INFO - Processing file /Users/mauri/Desktop/repositorio/apache-airflow-tutorial/env/lib/python3.11/site-packages/airflow/example_dags/example_params_trigger_ui.py for tasks to queue
[2023-08-23T21:38:18.958-0400] {logging_mixin.py:151} INFO - [2023-08-23T21:38:18.958-0400] {dagbag.py:539} INFO - Filling up the DagBag from /Users/mauri/Desktop/repositorio/apache-airflow-tutorial/env/lib/python3.11/site-packages/airflow/example_dags/example_params_trigger_ui.py
[2023-08-23T21:38:19.007-0400] {processor.py:839} INFO - DAG(s) dict_keys(['example_params_trigger_ui']) retrieved from /Users/mauri/Desktop/repositorio/apache-airflow-tutorial/env/lib/python3.11/site-packages/airflow/example_dags/example_params_trigger_ui.py
[2023-08-23T21:38:19.052-0400] {logging_mixin.py:151} INFO - [2023-08-23T21:38:19.052-0400] {dag.py:2907} INFO - Sync 1 DAGs
[2023-08-23T21:38:19.055-0400] {logging_mixin.py:151} INFO - [2023-08-23T21:38:19.055-0400] {dag.py:3677} INFO - Setting next_dagrun for example_params_trigger_ui to None, run_after=None
[2023-08-23T21:38:19.062-0400] {processor.py:179} INFO - Processing /Users/mauri/Desktop/repositorio/apache-airflow-tutorial/env/lib/python3.11/site-packages/airflow/example_dags/example_params_trigger_ui.py took 0.107 seconds
[2023-08-23T21:39:34.941-0400] {processor.py:157} INFO - Started process (PID=8783) to work on /Users/mauri/Desktop/repositorio/apache-airflow-tutorial/env/lib/python3.11/site-packages/airflow/example_dags/example_params_trigger_ui.py
[2023-08-23T21:39:34.944-0400] {processor.py:829} INFO - Processing file /Users/mauri/Desktop/repositorio/apache-airflow-tutorial/env/lib/python3.11/site-packages/airflow/example_dags/example_params_trigger_ui.py for tasks to queue
[2023-08-23T21:39:34.944-0400] {logging_mixin.py:151} INFO - [2023-08-23T21:39:34.944-0400] {dagbag.py:539} INFO - Filling up the DagBag from /Users/mauri/Desktop/repositorio/apache-airflow-tutorial/env/lib/python3.11/site-packages/airflow/example_dags/example_params_trigger_ui.py
[2023-08-23T21:39:34.992-0400] {processor.py:839} INFO - DAG(s) dict_keys(['example_params_trigger_ui']) retrieved from /Users/mauri/Desktop/repositorio/apache-airflow-tutorial/env/lib/python3.11/site-packages/airflow/example_dags/example_params_trigger_ui.py
[2023-08-23T21:39:35.038-0400] {logging_mixin.py:151} INFO - [2023-08-23T21:39:35.038-0400] {dag.py:2907} INFO - Sync 1 DAGs
[2023-08-23T21:39:35.041-0400] {logging_mixin.py:151} INFO - [2023-08-23T21:39:35.041-0400] {dag.py:3677} INFO - Setting next_dagrun for example_params_trigger_ui to None, run_after=None
[2023-08-23T21:39:35.049-0400] {processor.py:179} INFO - Processing /Users/mauri/Desktop/repositorio/apache-airflow-tutorial/env/lib/python3.11/site-packages/airflow/example_dags/example_params_trigger_ui.py took 0.108 seconds
[2023-08-23T21:40:48.993-0400] {processor.py:157} INFO - Started process (PID=8844) to work on /Users/mauri/Desktop/repositorio/apache-airflow-tutorial/env/lib/python3.11/site-packages/airflow/example_dags/example_params_trigger_ui.py
[2023-08-23T21:40:48.994-0400] {processor.py:829} INFO - Processing file /Users/mauri/Desktop/repositorio/apache-airflow-tutorial/env/lib/python3.11/site-packages/airflow/example_dags/example_params_trigger_ui.py for tasks to queue
[2023-08-23T21:40:48.994-0400] {logging_mixin.py:151} INFO - [2023-08-23T21:40:48.994-0400] {dagbag.py:539} INFO - Filling up the DagBag from /Users/mauri/Desktop/repositorio/apache-airflow-tutorial/env/lib/python3.11/site-packages/airflow/example_dags/example_params_trigger_ui.py
[2023-08-23T21:40:49.044-0400] {processor.py:839} INFO - DAG(s) dict_keys(['example_params_trigger_ui']) retrieved from /Users/mauri/Desktop/repositorio/apache-airflow-tutorial/env/lib/python3.11/site-packages/airflow/example_dags/example_params_trigger_ui.py
[2023-08-23T21:40:49.095-0400] {logging_mixin.py:151} INFO - [2023-08-23T21:40:49.095-0400] {dag.py:2907} INFO - Sync 1 DAGs
[2023-08-23T21:40:49.099-0400] {logging_mixin.py:151} INFO - [2023-08-23T21:40:49.099-0400] {dag.py:3677} INFO - Setting next_dagrun for example_params_trigger_ui to None, run_after=None
[2023-08-23T21:40:49.107-0400] {processor.py:179} INFO - Processing /Users/mauri/Desktop/repositorio/apache-airflow-tutorial/env/lib/python3.11/site-packages/airflow/example_dags/example_params_trigger_ui.py took 0.115 seconds
[2023-08-23T21:42:01.768-0400] {processor.py:157} INFO - Started process (PID=8902) to work on /Users/mauri/Desktop/repositorio/apache-airflow-tutorial/env/lib/python3.11/site-packages/airflow/example_dags/example_params_trigger_ui.py
[2023-08-23T21:42:01.770-0400] {processor.py:829} INFO - Processing file /Users/mauri/Desktop/repositorio/apache-airflow-tutorial/env/lib/python3.11/site-packages/airflow/example_dags/example_params_trigger_ui.py for tasks to queue
[2023-08-23T21:42:01.770-0400] {logging_mixin.py:151} INFO - [2023-08-23T21:42:01.770-0400] {dagbag.py:539} INFO - Filling up the DagBag from /Users/mauri/Desktop/repositorio/apache-airflow-tutorial/env/lib/python3.11/site-packages/airflow/example_dags/example_params_trigger_ui.py
[2023-08-23T21:42:01.818-0400] {processor.py:839} INFO - DAG(s) dict_keys(['example_params_trigger_ui']) retrieved from /Users/mauri/Desktop/repositorio/apache-airflow-tutorial/env/lib/python3.11/site-packages/airflow/example_dags/example_params_trigger_ui.py
[2023-08-23T21:42:01.861-0400] {logging_mixin.py:151} INFO - [2023-08-23T21:42:01.861-0400] {dag.py:2907} INFO - Sync 1 DAGs
[2023-08-23T21:42:01.864-0400] {logging_mixin.py:151} INFO - [2023-08-23T21:42:01.864-0400] {dag.py:3677} INFO - Setting next_dagrun for example_params_trigger_ui to None, run_after=None
[2023-08-23T21:42:01.871-0400] {processor.py:179} INFO - Processing /Users/mauri/Desktop/repositorio/apache-airflow-tutorial/env/lib/python3.11/site-packages/airflow/example_dags/example_params_trigger_ui.py took 0.103 seconds
[2023-08-23T21:43:14.378-0400] {processor.py:157} INFO - Started process (PID=8967) to work on /Users/mauri/Desktop/repositorio/apache-airflow-tutorial/env/lib/python3.11/site-packages/airflow/example_dags/example_params_trigger_ui.py
[2023-08-23T21:43:14.379-0400] {processor.py:829} INFO - Processing file /Users/mauri/Desktop/repositorio/apache-airflow-tutorial/env/lib/python3.11/site-packages/airflow/example_dags/example_params_trigger_ui.py for tasks to queue
[2023-08-23T21:43:14.379-0400] {logging_mixin.py:151} INFO - [2023-08-23T21:43:14.379-0400] {dagbag.py:539} INFO - Filling up the DagBag from /Users/mauri/Desktop/repositorio/apache-airflow-tutorial/env/lib/python3.11/site-packages/airflow/example_dags/example_params_trigger_ui.py
[2023-08-23T21:43:14.427-0400] {processor.py:839} INFO - DAG(s) dict_keys(['example_params_trigger_ui']) retrieved from /Users/mauri/Desktop/repositorio/apache-airflow-tutorial/env/lib/python3.11/site-packages/airflow/example_dags/example_params_trigger_ui.py
[2023-08-23T21:43:14.471-0400] {logging_mixin.py:151} INFO - [2023-08-23T21:43:14.471-0400] {dag.py:2907} INFO - Sync 1 DAGs
[2023-08-23T21:43:14.474-0400] {logging_mixin.py:151} INFO - [2023-08-23T21:43:14.474-0400] {dag.py:3677} INFO - Setting next_dagrun for example_params_trigger_ui to None, run_after=None
[2023-08-23T21:43:14.481-0400] {processor.py:179} INFO - Processing /Users/mauri/Desktop/repositorio/apache-airflow-tutorial/env/lib/python3.11/site-packages/airflow/example_dags/example_params_trigger_ui.py took 0.104 seconds
[2023-08-23T21:44:23.834-0400] {processor.py:157} INFO - Started process (PID=9039) to work on /Users/mauri/Desktop/repositorio/apache-airflow-tutorial/env/lib/python3.11/site-packages/airflow/example_dags/example_params_trigger_ui.py
[2023-08-23T21:44:23.835-0400] {processor.py:829} INFO - Processing file /Users/mauri/Desktop/repositorio/apache-airflow-tutorial/env/lib/python3.11/site-packages/airflow/example_dags/example_params_trigger_ui.py for tasks to queue
[2023-08-23T21:44:23.835-0400] {logging_mixin.py:151} INFO - [2023-08-23T21:44:23.835-0400] {dagbag.py:539} INFO - Filling up the DagBag from /Users/mauri/Desktop/repositorio/apache-airflow-tutorial/env/lib/python3.11/site-packages/airflow/example_dags/example_params_trigger_ui.py
[2023-08-23T21:44:23.883-0400] {processor.py:839} INFO - DAG(s) dict_keys(['example_params_trigger_ui']) retrieved from /Users/mauri/Desktop/repositorio/apache-airflow-tutorial/env/lib/python3.11/site-packages/airflow/example_dags/example_params_trigger_ui.py
[2023-08-23T21:44:23.927-0400] {logging_mixin.py:151} INFO - [2023-08-23T21:44:23.927-0400] {dag.py:2907} INFO - Sync 1 DAGs
[2023-08-23T21:44:23.930-0400] {logging_mixin.py:151} INFO - [2023-08-23T21:44:23.930-0400] {dag.py:3677} INFO - Setting next_dagrun for example_params_trigger_ui to None, run_after=None
[2023-08-23T21:44:23.937-0400] {processor.py:179} INFO - Processing /Users/mauri/Desktop/repositorio/apache-airflow-tutorial/env/lib/python3.11/site-packages/airflow/example_dags/example_params_trigger_ui.py took 0.104 seconds
[2023-08-23T21:45:38.188-0400] {processor.py:157} INFO - Started process (PID=9109) to work on /Users/mauri/Desktop/repositorio/apache-airflow-tutorial/env/lib/python3.11/site-packages/airflow/example_dags/example_params_trigger_ui.py
[2023-08-23T21:45:38.189-0400] {processor.py:829} INFO - Processing file /Users/mauri/Desktop/repositorio/apache-airflow-tutorial/env/lib/python3.11/site-packages/airflow/example_dags/example_params_trigger_ui.py for tasks to queue
[2023-08-23T21:45:38.190-0400] {logging_mixin.py:151} INFO - [2023-08-23T21:45:38.189-0400] {dagbag.py:539} INFO - Filling up the DagBag from /Users/mauri/Desktop/repositorio/apache-airflow-tutorial/env/lib/python3.11/site-packages/airflow/example_dags/example_params_trigger_ui.py
[2023-08-23T21:45:38.237-0400] {processor.py:839} INFO - DAG(s) dict_keys(['example_params_trigger_ui']) retrieved from /Users/mauri/Desktop/repositorio/apache-airflow-tutorial/env/lib/python3.11/site-packages/airflow/example_dags/example_params_trigger_ui.py
[2023-08-23T21:45:38.282-0400] {logging_mixin.py:151} INFO - [2023-08-23T21:45:38.282-0400] {dag.py:2907} INFO - Sync 1 DAGs
[2023-08-23T21:45:38.285-0400] {logging_mixin.py:151} INFO - [2023-08-23T21:45:38.285-0400] {dag.py:3677} INFO - Setting next_dagrun for example_params_trigger_ui to None, run_after=None
[2023-08-23T21:45:38.292-0400] {processor.py:179} INFO - Processing /Users/mauri/Desktop/repositorio/apache-airflow-tutorial/env/lib/python3.11/site-packages/airflow/example_dags/example_params_trigger_ui.py took 0.105 seconds
[2023-08-23T21:46:50.140-0400] {processor.py:157} INFO - Started process (PID=9276) to work on /Users/mauri/Desktop/repositorio/apache-airflow-tutorial/env/lib/python3.11/site-packages/airflow/example_dags/example_params_trigger_ui.py
[2023-08-23T21:46:50.142-0400] {processor.py:829} INFO - Processing file /Users/mauri/Desktop/repositorio/apache-airflow-tutorial/env/lib/python3.11/site-packages/airflow/example_dags/example_params_trigger_ui.py for tasks to queue
[2023-08-23T21:46:50.142-0400] {logging_mixin.py:151} INFO - [2023-08-23T21:46:50.142-0400] {dagbag.py:539} INFO - Filling up the DagBag from /Users/mauri/Desktop/repositorio/apache-airflow-tutorial/env/lib/python3.11/site-packages/airflow/example_dags/example_params_trigger_ui.py
[2023-08-23T21:46:50.190-0400] {processor.py:839} INFO - DAG(s) dict_keys(['example_params_trigger_ui']) retrieved from /Users/mauri/Desktop/repositorio/apache-airflow-tutorial/env/lib/python3.11/site-packages/airflow/example_dags/example_params_trigger_ui.py
[2023-08-23T21:46:50.234-0400] {logging_mixin.py:151} INFO - [2023-08-23T21:46:50.234-0400] {dag.py:2907} INFO - Sync 1 DAGs
[2023-08-23T21:46:50.237-0400] {logging_mixin.py:151} INFO - [2023-08-23T21:46:50.237-0400] {dag.py:3677} INFO - Setting next_dagrun for example_params_trigger_ui to None, run_after=None
[2023-08-23T21:46:50.244-0400] {processor.py:179} INFO - Processing /Users/mauri/Desktop/repositorio/apache-airflow-tutorial/env/lib/python3.11/site-packages/airflow/example_dags/example_params_trigger_ui.py took 0.104 seconds
[2023-08-23T21:47:59.860-0400] {processor.py:157} INFO - Started process (PID=9378) to work on /Users/mauri/Desktop/repositorio/apache-airflow-tutorial/env/lib/python3.11/site-packages/airflow/example_dags/example_params_trigger_ui.py
[2023-08-23T21:47:59.862-0400] {processor.py:829} INFO - Processing file /Users/mauri/Desktop/repositorio/apache-airflow-tutorial/env/lib/python3.11/site-packages/airflow/example_dags/example_params_trigger_ui.py for tasks to queue
[2023-08-23T21:47:59.862-0400] {logging_mixin.py:151} INFO - [2023-08-23T21:47:59.862-0400] {dagbag.py:539} INFO - Filling up the DagBag from /Users/mauri/Desktop/repositorio/apache-airflow-tutorial/env/lib/python3.11/site-packages/airflow/example_dags/example_params_trigger_ui.py
[2023-08-23T21:47:59.926-0400] {processor.py:839} INFO - DAG(s) dict_keys(['example_params_trigger_ui']) retrieved from /Users/mauri/Desktop/repositorio/apache-airflow-tutorial/env/lib/python3.11/site-packages/airflow/example_dags/example_params_trigger_ui.py
[2023-08-23T21:47:59.971-0400] {logging_mixin.py:151} INFO - [2023-08-23T21:47:59.971-0400] {dag.py:2907} INFO - Sync 1 DAGs
[2023-08-23T21:47:59.974-0400] {logging_mixin.py:151} INFO - [2023-08-23T21:47:59.974-0400] {dag.py:3677} INFO - Setting next_dagrun for example_params_trigger_ui to None, run_after=None
[2023-08-23T21:47:59.982-0400] {processor.py:179} INFO - Processing /Users/mauri/Desktop/repositorio/apache-airflow-tutorial/env/lib/python3.11/site-packages/airflow/example_dags/example_params_trigger_ui.py took 0.122 seconds
[2023-08-23T21:49:13.011-0400] {processor.py:157} INFO - Started process (PID=9464) to work on /Users/mauri/Desktop/repositorio/apache-airflow-tutorial/env/lib/python3.11/site-packages/airflow/example_dags/example_params_trigger_ui.py
[2023-08-23T21:49:13.013-0400] {processor.py:829} INFO - Processing file /Users/mauri/Desktop/repositorio/apache-airflow-tutorial/env/lib/python3.11/site-packages/airflow/example_dags/example_params_trigger_ui.py for tasks to queue
[2023-08-23T21:49:13.013-0400] {logging_mixin.py:151} INFO - [2023-08-23T21:49:13.013-0400] {dagbag.py:539} INFO - Filling up the DagBag from /Users/mauri/Desktop/repositorio/apache-airflow-tutorial/env/lib/python3.11/site-packages/airflow/example_dags/example_params_trigger_ui.py
[2023-08-23T21:49:13.061-0400] {processor.py:839} INFO - DAG(s) dict_keys(['example_params_trigger_ui']) retrieved from /Users/mauri/Desktop/repositorio/apache-airflow-tutorial/env/lib/python3.11/site-packages/airflow/example_dags/example_params_trigger_ui.py
[2023-08-23T21:49:13.105-0400] {logging_mixin.py:151} INFO - [2023-08-23T21:49:13.105-0400] {dag.py:2907} INFO - Sync 1 DAGs
[2023-08-23T21:49:13.108-0400] {logging_mixin.py:151} INFO - [2023-08-23T21:49:13.108-0400] {dag.py:3677} INFO - Setting next_dagrun for example_params_trigger_ui to None, run_after=None
[2023-08-23T21:49:13.116-0400] {processor.py:179} INFO - Processing /Users/mauri/Desktop/repositorio/apache-airflow-tutorial/env/lib/python3.11/site-packages/airflow/example_dags/example_params_trigger_ui.py took 0.104 seconds
[2023-08-23T21:50:29.288-0400] {processor.py:157} INFO - Started process (PID=9534) to work on /Users/mauri/Desktop/repositorio/apache-airflow-tutorial/env/lib/python3.11/site-packages/airflow/example_dags/example_params_trigger_ui.py
[2023-08-23T21:50:29.291-0400] {processor.py:829} INFO - Processing file /Users/mauri/Desktop/repositorio/apache-airflow-tutorial/env/lib/python3.11/site-packages/airflow/example_dags/example_params_trigger_ui.py for tasks to queue
[2023-08-23T21:50:29.291-0400] {logging_mixin.py:151} INFO - [2023-08-23T21:50:29.291-0400] {dagbag.py:539} INFO - Filling up the DagBag from /Users/mauri/Desktop/repositorio/apache-airflow-tutorial/env/lib/python3.11/site-packages/airflow/example_dags/example_params_trigger_ui.py
[2023-08-23T21:50:29.341-0400] {processor.py:839} INFO - DAG(s) dict_keys(['example_params_trigger_ui']) retrieved from /Users/mauri/Desktop/repositorio/apache-airflow-tutorial/env/lib/python3.11/site-packages/airflow/example_dags/example_params_trigger_ui.py
[2023-08-23T21:50:29.387-0400] {logging_mixin.py:151} INFO - [2023-08-23T21:50:29.387-0400] {dag.py:2907} INFO - Sync 1 DAGs
[2023-08-23T21:50:29.390-0400] {logging_mixin.py:151} INFO - [2023-08-23T21:50:29.390-0400] {dag.py:3677} INFO - Setting next_dagrun for example_params_trigger_ui to None, run_after=None
[2023-08-23T21:50:29.397-0400] {processor.py:179} INFO - Processing /Users/mauri/Desktop/repositorio/apache-airflow-tutorial/env/lib/python3.11/site-packages/airflow/example_dags/example_params_trigger_ui.py took 0.109 seconds
[2023-08-23T21:51:42.795-0400] {processor.py:157} INFO - Started process (PID=9630) to work on /Users/mauri/Desktop/repositorio/apache-airflow-tutorial/env/lib/python3.11/site-packages/airflow/example_dags/example_params_trigger_ui.py
[2023-08-23T21:51:42.797-0400] {processor.py:829} INFO - Processing file /Users/mauri/Desktop/repositorio/apache-airflow-tutorial/env/lib/python3.11/site-packages/airflow/example_dags/example_params_trigger_ui.py for tasks to queue
[2023-08-23T21:51:42.797-0400] {logging_mixin.py:151} INFO - [2023-08-23T21:51:42.797-0400] {dagbag.py:539} INFO - Filling up the DagBag from /Users/mauri/Desktop/repositorio/apache-airflow-tutorial/env/lib/python3.11/site-packages/airflow/example_dags/example_params_trigger_ui.py
[2023-08-23T21:51:42.846-0400] {processor.py:839} INFO - DAG(s) dict_keys(['example_params_trigger_ui']) retrieved from /Users/mauri/Desktop/repositorio/apache-airflow-tutorial/env/lib/python3.11/site-packages/airflow/example_dags/example_params_trigger_ui.py
[2023-08-23T21:51:42.890-0400] {logging_mixin.py:151} INFO - [2023-08-23T21:51:42.889-0400] {dag.py:2907} INFO - Sync 1 DAGs
[2023-08-23T21:51:42.892-0400] {logging_mixin.py:151} INFO - [2023-08-23T21:51:42.892-0400] {dag.py:3677} INFO - Setting next_dagrun for example_params_trigger_ui to None, run_after=None
[2023-08-23T21:51:42.899-0400] {processor.py:179} INFO - Processing /Users/mauri/Desktop/repositorio/apache-airflow-tutorial/env/lib/python3.11/site-packages/airflow/example_dags/example_params_trigger_ui.py took 0.105 seconds
[2023-08-23T21:52:54.294-0400] {processor.py:157} INFO - Started process (PID=9695) to work on /Users/mauri/Desktop/repositorio/apache-airflow-tutorial/env/lib/python3.11/site-packages/airflow/example_dags/example_params_trigger_ui.py
[2023-08-23T21:52:54.295-0400] {processor.py:829} INFO - Processing file /Users/mauri/Desktop/repositorio/apache-airflow-tutorial/env/lib/python3.11/site-packages/airflow/example_dags/example_params_trigger_ui.py for tasks to queue
[2023-08-23T21:52:54.295-0400] {logging_mixin.py:151} INFO - [2023-08-23T21:52:54.295-0400] {dagbag.py:539} INFO - Filling up the DagBag from /Users/mauri/Desktop/repositorio/apache-airflow-tutorial/env/lib/python3.11/site-packages/airflow/example_dags/example_params_trigger_ui.py
[2023-08-23T21:52:54.344-0400] {processor.py:839} INFO - DAG(s) dict_keys(['example_params_trigger_ui']) retrieved from /Users/mauri/Desktop/repositorio/apache-airflow-tutorial/env/lib/python3.11/site-packages/airflow/example_dags/example_params_trigger_ui.py
[2023-08-23T21:52:54.387-0400] {logging_mixin.py:151} INFO - [2023-08-23T21:52:54.387-0400] {dag.py:2907} INFO - Sync 1 DAGs
[2023-08-23T21:52:54.390-0400] {logging_mixin.py:151} INFO - [2023-08-23T21:52:54.390-0400] {dag.py:3677} INFO - Setting next_dagrun for example_params_trigger_ui to None, run_after=None
[2023-08-23T21:52:54.398-0400] {processor.py:179} INFO - Processing /Users/mauri/Desktop/repositorio/apache-airflow-tutorial/env/lib/python3.11/site-packages/airflow/example_dags/example_params_trigger_ui.py took 0.104 seconds
[2023-08-23T21:54:04.680-0400] {processor.py:157} INFO - Started process (PID=9762) to work on /Users/mauri/Desktop/repositorio/apache-airflow-tutorial/env/lib/python3.11/site-packages/airflow/example_dags/example_params_trigger_ui.py
[2023-08-23T21:54:04.681-0400] {processor.py:829} INFO - Processing file /Users/mauri/Desktop/repositorio/apache-airflow-tutorial/env/lib/python3.11/site-packages/airflow/example_dags/example_params_trigger_ui.py for tasks to queue
[2023-08-23T21:54:04.681-0400] {logging_mixin.py:151} INFO - [2023-08-23T21:54:04.681-0400] {dagbag.py:539} INFO - Filling up the DagBag from /Users/mauri/Desktop/repositorio/apache-airflow-tutorial/env/lib/python3.11/site-packages/airflow/example_dags/example_params_trigger_ui.py
[2023-08-23T21:54:04.731-0400] {processor.py:839} INFO - DAG(s) dict_keys(['example_params_trigger_ui']) retrieved from /Users/mauri/Desktop/repositorio/apache-airflow-tutorial/env/lib/python3.11/site-packages/airflow/example_dags/example_params_trigger_ui.py
[2023-08-23T21:54:04.775-0400] {logging_mixin.py:151} INFO - [2023-08-23T21:54:04.775-0400] {dag.py:2907} INFO - Sync 1 DAGs
[2023-08-23T21:54:04.778-0400] {logging_mixin.py:151} INFO - [2023-08-23T21:54:04.778-0400] {dag.py:3677} INFO - Setting next_dagrun for example_params_trigger_ui to None, run_after=None
[2023-08-23T21:54:04.785-0400] {processor.py:179} INFO - Processing /Users/mauri/Desktop/repositorio/apache-airflow-tutorial/env/lib/python3.11/site-packages/airflow/example_dags/example_params_trigger_ui.py took 0.106 seconds
[2023-08-23T21:55:16.994-0400] {processor.py:157} INFO - Started process (PID=9823) to work on /Users/mauri/Desktop/repositorio/apache-airflow-tutorial/env/lib/python3.11/site-packages/airflow/example_dags/example_params_trigger_ui.py
[2023-08-23T21:55:16.995-0400] {processor.py:829} INFO - Processing file /Users/mauri/Desktop/repositorio/apache-airflow-tutorial/env/lib/python3.11/site-packages/airflow/example_dags/example_params_trigger_ui.py for tasks to queue
[2023-08-23T21:55:16.995-0400] {logging_mixin.py:151} INFO - [2023-08-23T21:55:16.995-0400] {dagbag.py:539} INFO - Filling up the DagBag from /Users/mauri/Desktop/repositorio/apache-airflow-tutorial/env/lib/python3.11/site-packages/airflow/example_dags/example_params_trigger_ui.py
[2023-08-23T21:55:17.043-0400] {processor.py:839} INFO - DAG(s) dict_keys(['example_params_trigger_ui']) retrieved from /Users/mauri/Desktop/repositorio/apache-airflow-tutorial/env/lib/python3.11/site-packages/airflow/example_dags/example_params_trigger_ui.py
[2023-08-23T21:55:17.087-0400] {logging_mixin.py:151} INFO - [2023-08-23T21:55:17.087-0400] {dag.py:2907} INFO - Sync 1 DAGs
[2023-08-23T21:55:17.090-0400] {logging_mixin.py:151} INFO - [2023-08-23T21:55:17.089-0400] {dag.py:3677} INFO - Setting next_dagrun for example_params_trigger_ui to None, run_after=None
[2023-08-23T21:55:17.097-0400] {processor.py:179} INFO - Processing /Users/mauri/Desktop/repositorio/apache-airflow-tutorial/env/lib/python3.11/site-packages/airflow/example_dags/example_params_trigger_ui.py took 0.104 seconds
[2023-08-23T21:56:30.046-0400] {processor.py:157} INFO - Started process (PID=9894) to work on /Users/mauri/Desktop/repositorio/apache-airflow-tutorial/env/lib/python3.11/site-packages/airflow/example_dags/example_params_trigger_ui.py
[2023-08-23T21:56:30.047-0400] {processor.py:829} INFO - Processing file /Users/mauri/Desktop/repositorio/apache-airflow-tutorial/env/lib/python3.11/site-packages/airflow/example_dags/example_params_trigger_ui.py for tasks to queue
[2023-08-23T21:56:30.047-0400] {logging_mixin.py:151} INFO - [2023-08-23T21:56:30.047-0400] {dagbag.py:539} INFO - Filling up the DagBag from /Users/mauri/Desktop/repositorio/apache-airflow-tutorial/env/lib/python3.11/site-packages/airflow/example_dags/example_params_trigger_ui.py
[2023-08-23T21:56:30.106-0400] {processor.py:839} INFO - DAG(s) dict_keys(['example_params_trigger_ui']) retrieved from /Users/mauri/Desktop/repositorio/apache-airflow-tutorial/env/lib/python3.11/site-packages/airflow/example_dags/example_params_trigger_ui.py
[2023-08-23T21:56:30.152-0400] {logging_mixin.py:151} INFO - [2023-08-23T21:56:30.152-0400] {dag.py:2907} INFO - Sync 1 DAGs
[2023-08-23T21:56:30.155-0400] {logging_mixin.py:151} INFO - [2023-08-23T21:56:30.155-0400] {dag.py:3677} INFO - Setting next_dagrun for example_params_trigger_ui to None, run_after=None
[2023-08-23T21:56:30.162-0400] {processor.py:179} INFO - Processing /Users/mauri/Desktop/repositorio/apache-airflow-tutorial/env/lib/python3.11/site-packages/airflow/example_dags/example_params_trigger_ui.py took 0.117 seconds
[2023-08-23T21:57:46.723-0400] {processor.py:157} INFO - Started process (PID=9961) to work on /Users/mauri/Desktop/repositorio/apache-airflow-tutorial/env/lib/python3.11/site-packages/airflow/example_dags/example_params_trigger_ui.py
[2023-08-23T21:57:46.724-0400] {processor.py:829} INFO - Processing file /Users/mauri/Desktop/repositorio/apache-airflow-tutorial/env/lib/python3.11/site-packages/airflow/example_dags/example_params_trigger_ui.py for tasks to queue
[2023-08-23T21:57:46.724-0400] {logging_mixin.py:151} INFO - [2023-08-23T21:57:46.724-0400] {dagbag.py:539} INFO - Filling up the DagBag from /Users/mauri/Desktop/repositorio/apache-airflow-tutorial/env/lib/python3.11/site-packages/airflow/example_dags/example_params_trigger_ui.py
[2023-08-23T21:57:46.778-0400] {processor.py:839} INFO - DAG(s) dict_keys(['example_params_trigger_ui']) retrieved from /Users/mauri/Desktop/repositorio/apache-airflow-tutorial/env/lib/python3.11/site-packages/airflow/example_dags/example_params_trigger_ui.py
[2023-08-23T21:57:46.826-0400] {logging_mixin.py:151} INFO - [2023-08-23T21:57:46.825-0400] {dag.py:2907} INFO - Sync 1 DAGs
[2023-08-23T21:57:46.829-0400] {logging_mixin.py:151} INFO - [2023-08-23T21:57:46.829-0400] {dag.py:3677} INFO - Setting next_dagrun for example_params_trigger_ui to None, run_after=None
[2023-08-23T21:57:46.837-0400] {processor.py:179} INFO - Processing /Users/mauri/Desktop/repositorio/apache-airflow-tutorial/env/lib/python3.11/site-packages/airflow/example_dags/example_params_trigger_ui.py took 0.114 seconds
[2023-08-23T21:59:01.431-0400] {processor.py:157} INFO - Started process (PID=10024) to work on /Users/mauri/Desktop/repositorio/apache-airflow-tutorial/env/lib/python3.11/site-packages/airflow/example_dags/example_params_trigger_ui.py
[2023-08-23T21:59:01.432-0400] {processor.py:829} INFO - Processing file /Users/mauri/Desktop/repositorio/apache-airflow-tutorial/env/lib/python3.11/site-packages/airflow/example_dags/example_params_trigger_ui.py for tasks to queue
[2023-08-23T21:59:01.432-0400] {logging_mixin.py:151} INFO - [2023-08-23T21:59:01.432-0400] {dagbag.py:539} INFO - Filling up the DagBag from /Users/mauri/Desktop/repositorio/apache-airflow-tutorial/env/lib/python3.11/site-packages/airflow/example_dags/example_params_trigger_ui.py
[2023-08-23T21:59:01.480-0400] {processor.py:839} INFO - DAG(s) dict_keys(['example_params_trigger_ui']) retrieved from /Users/mauri/Desktop/repositorio/apache-airflow-tutorial/env/lib/python3.11/site-packages/airflow/example_dags/example_params_trigger_ui.py
[2023-08-23T21:59:01.525-0400] {logging_mixin.py:151} INFO - [2023-08-23T21:59:01.525-0400] {dag.py:2907} INFO - Sync 1 DAGs
[2023-08-23T21:59:01.528-0400] {logging_mixin.py:151} INFO - [2023-08-23T21:59:01.528-0400] {dag.py:3677} INFO - Setting next_dagrun for example_params_trigger_ui to None, run_after=None
[2023-08-23T21:59:01.535-0400] {processor.py:179} INFO - Processing /Users/mauri/Desktop/repositorio/apache-airflow-tutorial/env/lib/python3.11/site-packages/airflow/example_dags/example_params_trigger_ui.py took 0.105 seconds
