[2023-08-23T21:34:04.116-0400] {processor.py:157} INFO - Started process (PID=8499) to work on /Users/mauri/Desktop/repositorio/apache-airflow-tutorial/env/lib/python3.11/site-packages/airflow/example_dags/example_xcomargs.py
[2023-08-23T21:34:04.117-0400] {processor.py:829} INFO - Processing file /Users/mauri/Desktop/repositorio/apache-airflow-tutorial/env/lib/python3.11/site-packages/airflow/example_dags/example_xcomargs.py for tasks to queue
[2023-08-23T21:34:04.117-0400] {logging_mixin.py:151} INFO - [2023-08-23T21:34:04.117-0400] {dagbag.py:539} INFO - Filling up the DagBag from /Users/mauri/Desktop/repositorio/apache-airflow-tutorial/env/lib/python3.11/site-packages/airflow/example_dags/example_xcomargs.py
[2023-08-23T21:34:04.150-0400] {processor.py:839} INFO - DAG(s) dict_keys(['example_xcom_args_with_operators', 'example_xcom_args']) retrieved from /Users/mauri/Desktop/repositorio/apache-airflow-tutorial/env/lib/python3.11/site-packages/airflow/example_dags/example_xcomargs.py
[2023-08-23T21:34:04.450-0400] {logging_mixin.py:151} INFO - [2023-08-23T21:34:04.449-0400] {manager.py:501} INFO - Created Permission View: can read on DAG:example_xcom_args_with_operators
[2023-08-23T21:34:04.453-0400] {logging_mixin.py:151} INFO - [2023-08-23T21:34:04.452-0400] {manager.py:501} INFO - Created Permission View: can delete on DAG:example_xcom_args_with_operators
[2023-08-23T21:34:04.454-0400] {logging_mixin.py:151} INFO - [2023-08-23T21:34:04.454-0400] {manager.py:501} INFO - Created Permission View: can edit on DAG:example_xcom_args_with_operators
[2023-08-23T21:34:04.461-0400] {logging_mixin.py:151} INFO - [2023-08-23T21:34:04.461-0400] {manager.py:501} INFO - Created Permission View: can read on DAG:example_xcom_args
[2023-08-23T21:34:04.463-0400] {logging_mixin.py:151} INFO - [2023-08-23T21:34:04.463-0400] {manager.py:501} INFO - Created Permission View: can delete on DAG:example_xcom_args
[2023-08-23T21:34:04.465-0400] {logging_mixin.py:151} INFO - [2023-08-23T21:34:04.465-0400] {manager.py:501} INFO - Created Permission View: can edit on DAG:example_xcom_args
[2023-08-23T21:34:04.466-0400] {logging_mixin.py:151} INFO - [2023-08-23T21:34:04.466-0400] {dag.py:2907} INFO - Sync 2 DAGs
[2023-08-23T21:34:04.469-0400] {logging_mixin.py:151} INFO - [2023-08-23T21:34:04.469-0400] {dag.py:2929} INFO - Creating ORM DAG for example_xcom_args
[2023-08-23T21:34:04.469-0400] {logging_mixin.py:151} INFO - [2023-08-23T21:34:04.469-0400] {dag.py:2929} INFO - Creating ORM DAG for example_xcom_args_with_operators
[2023-08-23T21:34:04.469-0400] {logging_mixin.py:151} INFO - [2023-08-23T21:34:04.469-0400] {dag.py:3677} INFO - Setting next_dagrun for example_xcom_args to None, run_after=None
[2023-08-23T21:34:04.469-0400] {logging_mixin.py:151} INFO - [2023-08-23T21:34:04.469-0400] {dag.py:3677} INFO - Setting next_dagrun for example_xcom_args_with_operators to None, run_after=None
[2023-08-23T21:34:04.475-0400] {processor.py:179} INFO - Processing /Users/mauri/Desktop/repositorio/apache-airflow-tutorial/env/lib/python3.11/site-packages/airflow/example_dags/example_xcomargs.py took 0.360 seconds
[2023-08-23T21:35:25.069-0400] {processor.py:157} INFO - Started process (PID=8558) to work on /Users/mauri/Desktop/repositorio/apache-airflow-tutorial/env/lib/python3.11/site-packages/airflow/example_dags/example_xcomargs.py
[2023-08-23T21:35:25.071-0400] {processor.py:829} INFO - Processing file /Users/mauri/Desktop/repositorio/apache-airflow-tutorial/env/lib/python3.11/site-packages/airflow/example_dags/example_xcomargs.py for tasks to queue
[2023-08-23T21:35:25.072-0400] {logging_mixin.py:151} INFO - [2023-08-23T21:35:25.072-0400] {dagbag.py:539} INFO - Filling up the DagBag from /Users/mauri/Desktop/repositorio/apache-airflow-tutorial/env/lib/python3.11/site-packages/airflow/example_dags/example_xcomargs.py
[2023-08-23T21:35:25.103-0400] {processor.py:839} INFO - DAG(s) dict_keys(['example_xcom_args_with_operators', 'example_xcom_args']) retrieved from /Users/mauri/Desktop/repositorio/apache-airflow-tutorial/env/lib/python3.11/site-packages/airflow/example_dags/example_xcomargs.py
[2023-08-23T21:35:25.157-0400] {logging_mixin.py:151} INFO - [2023-08-23T21:35:25.157-0400] {dag.py:2907} INFO - Sync 2 DAGs
[2023-08-23T21:35:25.160-0400] {logging_mixin.py:151} INFO - [2023-08-23T21:35:25.160-0400] {dag.py:3677} INFO - Setting next_dagrun for example_xcom_args to None, run_after=None
[2023-08-23T21:35:25.161-0400] {logging_mixin.py:151} INFO - [2023-08-23T21:35:25.161-0400] {dag.py:3677} INFO - Setting next_dagrun for example_xcom_args_with_operators to None, run_after=None
[2023-08-23T21:35:25.167-0400] {processor.py:179} INFO - Processing /Users/mauri/Desktop/repositorio/apache-airflow-tutorial/env/lib/python3.11/site-packages/airflow/example_dags/example_xcomargs.py took 0.098 seconds
[2023-08-23T21:36:38.610-0400] {processor.py:157} INFO - Started process (PID=8626) to work on /Users/mauri/Desktop/repositorio/apache-airflow-tutorial/env/lib/python3.11/site-packages/airflow/example_dags/example_xcomargs.py
[2023-08-23T21:36:38.612-0400] {processor.py:829} INFO - Processing file /Users/mauri/Desktop/repositorio/apache-airflow-tutorial/env/lib/python3.11/site-packages/airflow/example_dags/example_xcomargs.py for tasks to queue
[2023-08-23T21:36:38.612-0400] {logging_mixin.py:151} INFO - [2023-08-23T21:36:38.612-0400] {dagbag.py:539} INFO - Filling up the DagBag from /Users/mauri/Desktop/repositorio/apache-airflow-tutorial/env/lib/python3.11/site-packages/airflow/example_dags/example_xcomargs.py
[2023-08-23T21:36:38.645-0400] {processor.py:839} INFO - DAG(s) dict_keys(['example_xcom_args', 'example_xcom_args_with_operators']) retrieved from /Users/mauri/Desktop/repositorio/apache-airflow-tutorial/env/lib/python3.11/site-packages/airflow/example_dags/example_xcomargs.py
[2023-08-23T21:36:38.698-0400] {logging_mixin.py:151} INFO - [2023-08-23T21:36:38.698-0400] {dag.py:2907} INFO - Sync 2 DAGs
[2023-08-23T21:36:38.701-0400] {logging_mixin.py:151} INFO - [2023-08-23T21:36:38.701-0400] {dag.py:3677} INFO - Setting next_dagrun for example_xcom_args to None, run_after=None
[2023-08-23T21:36:38.702-0400] {logging_mixin.py:151} INFO - [2023-08-23T21:36:38.702-0400] {dag.py:3677} INFO - Setting next_dagrun for example_xcom_args_with_operators to None, run_after=None
[2023-08-23T21:36:38.708-0400] {processor.py:179} INFO - Processing /Users/mauri/Desktop/repositorio/apache-airflow-tutorial/env/lib/python3.11/site-packages/airflow/example_dags/example_xcomargs.py took 0.099 seconds
[2023-08-23T21:37:51.750-0400] {processor.py:157} INFO - Started process (PID=8687) to work on /Users/mauri/Desktop/repositorio/apache-airflow-tutorial/env/lib/python3.11/site-packages/airflow/example_dags/example_xcomargs.py
[2023-08-23T21:37:51.752-0400] {processor.py:829} INFO - Processing file /Users/mauri/Desktop/repositorio/apache-airflow-tutorial/env/lib/python3.11/site-packages/airflow/example_dags/example_xcomargs.py for tasks to queue
[2023-08-23T21:37:51.752-0400] {logging_mixin.py:151} INFO - [2023-08-23T21:37:51.752-0400] {dagbag.py:539} INFO - Filling up the DagBag from /Users/mauri/Desktop/repositorio/apache-airflow-tutorial/env/lib/python3.11/site-packages/airflow/example_dags/example_xcomargs.py
[2023-08-23T21:37:51.784-0400] {processor.py:839} INFO - DAG(s) dict_keys(['example_xcom_args', 'example_xcom_args_with_operators']) retrieved from /Users/mauri/Desktop/repositorio/apache-airflow-tutorial/env/lib/python3.11/site-packages/airflow/example_dags/example_xcomargs.py
[2023-08-23T21:37:51.838-0400] {logging_mixin.py:151} INFO - [2023-08-23T21:37:51.838-0400] {dag.py:2907} INFO - Sync 2 DAGs
[2023-08-23T21:37:51.841-0400] {logging_mixin.py:151} INFO - [2023-08-23T21:37:51.841-0400] {dag.py:3677} INFO - Setting next_dagrun for example_xcom_args to None, run_after=None
[2023-08-23T21:37:51.842-0400] {logging_mixin.py:151} INFO - [2023-08-23T21:37:51.842-0400] {dag.py:3677} INFO - Setting next_dagrun for example_xcom_args_with_operators to None, run_after=None
[2023-08-23T21:37:51.848-0400] {processor.py:179} INFO - Processing /Users/mauri/Desktop/repositorio/apache-airflow-tutorial/env/lib/python3.11/site-packages/airflow/example_dags/example_xcomargs.py took 0.099 seconds
[2023-08-23T21:39:08.537-0400] {processor.py:157} INFO - Started process (PID=8760) to work on /Users/mauri/Desktop/repositorio/apache-airflow-tutorial/env/lib/python3.11/site-packages/airflow/example_dags/example_xcomargs.py
[2023-08-23T21:39:08.540-0400] {processor.py:829} INFO - Processing file /Users/mauri/Desktop/repositorio/apache-airflow-tutorial/env/lib/python3.11/site-packages/airflow/example_dags/example_xcomargs.py for tasks to queue
[2023-08-23T21:39:08.540-0400] {logging_mixin.py:151} INFO - [2023-08-23T21:39:08.540-0400] {dagbag.py:539} INFO - Filling up the DagBag from /Users/mauri/Desktop/repositorio/apache-airflow-tutorial/env/lib/python3.11/site-packages/airflow/example_dags/example_xcomargs.py
[2023-08-23T21:39:08.574-0400] {processor.py:839} INFO - DAG(s) dict_keys(['example_xcom_args', 'example_xcom_args_with_operators']) retrieved from /Users/mauri/Desktop/repositorio/apache-airflow-tutorial/env/lib/python3.11/site-packages/airflow/example_dags/example_xcomargs.py
[2023-08-23T21:39:08.628-0400] {logging_mixin.py:151} INFO - [2023-08-23T21:39:08.628-0400] {dag.py:2907} INFO - Sync 2 DAGs
[2023-08-23T21:39:08.631-0400] {logging_mixin.py:151} INFO - [2023-08-23T21:39:08.631-0400] {dag.py:3677} INFO - Setting next_dagrun for example_xcom_args to None, run_after=None
[2023-08-23T21:39:08.632-0400] {logging_mixin.py:151} INFO - [2023-08-23T21:39:08.632-0400] {dag.py:3677} INFO - Setting next_dagrun for example_xcom_args_with_operators to None, run_after=None
[2023-08-23T21:39:08.639-0400] {processor.py:179} INFO - Processing /Users/mauri/Desktop/repositorio/apache-airflow-tutorial/env/lib/python3.11/site-packages/airflow/example_dags/example_xcomargs.py took 0.102 seconds
[2023-08-23T21:40:22.496-0400] {processor.py:157} INFO - Started process (PID=8824) to work on /Users/mauri/Desktop/repositorio/apache-airflow-tutorial/env/lib/python3.11/site-packages/airflow/example_dags/example_xcomargs.py
[2023-08-23T21:40:22.498-0400] {processor.py:829} INFO - Processing file /Users/mauri/Desktop/repositorio/apache-airflow-tutorial/env/lib/python3.11/site-packages/airflow/example_dags/example_xcomargs.py for tasks to queue
[2023-08-23T21:40:22.498-0400] {logging_mixin.py:151} INFO - [2023-08-23T21:40:22.498-0400] {dagbag.py:539} INFO - Filling up the DagBag from /Users/mauri/Desktop/repositorio/apache-airflow-tutorial/env/lib/python3.11/site-packages/airflow/example_dags/example_xcomargs.py
[2023-08-23T21:40:22.530-0400] {processor.py:839} INFO - DAG(s) dict_keys(['example_xcom_args_with_operators', 'example_xcom_args']) retrieved from /Users/mauri/Desktop/repositorio/apache-airflow-tutorial/env/lib/python3.11/site-packages/airflow/example_dags/example_xcomargs.py
[2023-08-23T21:40:22.584-0400] {logging_mixin.py:151} INFO - [2023-08-23T21:40:22.584-0400] {dag.py:2907} INFO - Sync 2 DAGs
[2023-08-23T21:40:22.587-0400] {logging_mixin.py:151} INFO - [2023-08-23T21:40:22.587-0400] {dag.py:3677} INFO - Setting next_dagrun for example_xcom_args to None, run_after=None
[2023-08-23T21:40:22.588-0400] {logging_mixin.py:151} INFO - [2023-08-23T21:40:22.588-0400] {dag.py:3677} INFO - Setting next_dagrun for example_xcom_args_with_operators to None, run_after=None
[2023-08-23T21:40:22.595-0400] {processor.py:179} INFO - Processing /Users/mauri/Desktop/repositorio/apache-airflow-tutorial/env/lib/python3.11/site-packages/airflow/example_dags/example_xcomargs.py took 0.099 seconds
[2023-08-23T21:41:35.491-0400] {processor.py:157} INFO - Started process (PID=8878) to work on /Users/mauri/Desktop/repositorio/apache-airflow-tutorial/env/lib/python3.11/site-packages/airflow/example_dags/example_xcomargs.py
[2023-08-23T21:41:35.493-0400] {processor.py:829} INFO - Processing file /Users/mauri/Desktop/repositorio/apache-airflow-tutorial/env/lib/python3.11/site-packages/airflow/example_dags/example_xcomargs.py for tasks to queue
[2023-08-23T21:41:35.493-0400] {logging_mixin.py:151} INFO - [2023-08-23T21:41:35.493-0400] {dagbag.py:539} INFO - Filling up the DagBag from /Users/mauri/Desktop/repositorio/apache-airflow-tutorial/env/lib/python3.11/site-packages/airflow/example_dags/example_xcomargs.py
[2023-08-23T21:41:35.527-0400] {processor.py:839} INFO - DAG(s) dict_keys(['example_xcom_args', 'example_xcom_args_with_operators']) retrieved from /Users/mauri/Desktop/repositorio/apache-airflow-tutorial/env/lib/python3.11/site-packages/airflow/example_dags/example_xcomargs.py
[2023-08-23T21:41:35.582-0400] {logging_mixin.py:151} INFO - [2023-08-23T21:41:35.582-0400] {dag.py:2907} INFO - Sync 2 DAGs
[2023-08-23T21:41:35.585-0400] {logging_mixin.py:151} INFO - [2023-08-23T21:41:35.585-0400] {dag.py:3677} INFO - Setting next_dagrun for example_xcom_args to None, run_after=None
[2023-08-23T21:41:35.586-0400] {logging_mixin.py:151} INFO - [2023-08-23T21:41:35.586-0400] {dag.py:3677} INFO - Setting next_dagrun for example_xcom_args_with_operators to None, run_after=None
[2023-08-23T21:41:35.592-0400] {processor.py:179} INFO - Processing /Users/mauri/Desktop/repositorio/apache-airflow-tutorial/env/lib/python3.11/site-packages/airflow/example_dags/example_xcomargs.py took 0.101 seconds
[2023-08-23T21:42:48.413-0400] {processor.py:157} INFO - Started process (PID=8948) to work on /Users/mauri/Desktop/repositorio/apache-airflow-tutorial/env/lib/python3.11/site-packages/airflow/example_dags/example_xcomargs.py
[2023-08-23T21:42:48.415-0400] {processor.py:829} INFO - Processing file /Users/mauri/Desktop/repositorio/apache-airflow-tutorial/env/lib/python3.11/site-packages/airflow/example_dags/example_xcomargs.py for tasks to queue
[2023-08-23T21:42:48.415-0400] {logging_mixin.py:151} INFO - [2023-08-23T21:42:48.415-0400] {dagbag.py:539} INFO - Filling up the DagBag from /Users/mauri/Desktop/repositorio/apache-airflow-tutorial/env/lib/python3.11/site-packages/airflow/example_dags/example_xcomargs.py
[2023-08-23T21:42:48.449-0400] {processor.py:839} INFO - DAG(s) dict_keys(['example_xcom_args', 'example_xcom_args_with_operators']) retrieved from /Users/mauri/Desktop/repositorio/apache-airflow-tutorial/env/lib/python3.11/site-packages/airflow/example_dags/example_xcomargs.py
[2023-08-23T21:42:48.504-0400] {logging_mixin.py:151} INFO - [2023-08-23T21:42:48.503-0400] {dag.py:2907} INFO - Sync 2 DAGs
[2023-08-23T21:42:48.507-0400] {logging_mixin.py:151} INFO - [2023-08-23T21:42:48.507-0400] {dag.py:3677} INFO - Setting next_dagrun for example_xcom_args to None, run_after=None
[2023-08-23T21:42:48.508-0400] {logging_mixin.py:151} INFO - [2023-08-23T21:42:48.508-0400] {dag.py:3677} INFO - Setting next_dagrun for example_xcom_args_with_operators to None, run_after=None
[2023-08-23T21:42:48.514-0400] {processor.py:179} INFO - Processing /Users/mauri/Desktop/repositorio/apache-airflow-tutorial/env/lib/python3.11/site-packages/airflow/example_dags/example_xcomargs.py took 0.101 seconds
[2023-08-23T21:43:56.969-0400] {processor.py:157} INFO - Started process (PID=9010) to work on /Users/mauri/Desktop/repositorio/apache-airflow-tutorial/env/lib/python3.11/site-packages/airflow/example_dags/example_xcomargs.py
[2023-08-23T21:43:56.970-0400] {processor.py:829} INFO - Processing file /Users/mauri/Desktop/repositorio/apache-airflow-tutorial/env/lib/python3.11/site-packages/airflow/example_dags/example_xcomargs.py for tasks to queue
[2023-08-23T21:43:56.971-0400] {logging_mixin.py:151} INFO - [2023-08-23T21:43:56.971-0400] {dagbag.py:539} INFO - Filling up the DagBag from /Users/mauri/Desktop/repositorio/apache-airflow-tutorial/env/lib/python3.11/site-packages/airflow/example_dags/example_xcomargs.py
[2023-08-23T21:43:57.009-0400] {processor.py:839} INFO - DAG(s) dict_keys(['example_xcom_args', 'example_xcom_args_with_operators']) retrieved from /Users/mauri/Desktop/repositorio/apache-airflow-tutorial/env/lib/python3.11/site-packages/airflow/example_dags/example_xcomargs.py
[2023-08-23T21:43:57.070-0400] {logging_mixin.py:151} INFO - [2023-08-23T21:43:57.070-0400] {dag.py:2907} INFO - Sync 2 DAGs
[2023-08-23T21:43:57.074-0400] {logging_mixin.py:151} INFO - [2023-08-23T21:43:57.074-0400] {dag.py:3677} INFO - Setting next_dagrun for example_xcom_args to None, run_after=None
[2023-08-23T21:43:57.075-0400] {logging_mixin.py:151} INFO - [2023-08-23T21:43:57.075-0400] {dag.py:3677} INFO - Setting next_dagrun for example_xcom_args_with_operators to None, run_after=None
[2023-08-23T21:43:57.082-0400] {processor.py:179} INFO - Processing /Users/mauri/Desktop/repositorio/apache-airflow-tutorial/env/lib/python3.11/site-packages/airflow/example_dags/example_xcomargs.py took 0.114 seconds
[2023-08-23T21:45:10.826-0400] {processor.py:157} INFO - Started process (PID=9086) to work on /Users/mauri/Desktop/repositorio/apache-airflow-tutorial/env/lib/python3.11/site-packages/airflow/example_dags/example_xcomargs.py
[2023-08-23T21:45:10.827-0400] {processor.py:829} INFO - Processing file /Users/mauri/Desktop/repositorio/apache-airflow-tutorial/env/lib/python3.11/site-packages/airflow/example_dags/example_xcomargs.py for tasks to queue
[2023-08-23T21:45:10.827-0400] {logging_mixin.py:151} INFO - [2023-08-23T21:45:10.827-0400] {dagbag.py:539} INFO - Filling up the DagBag from /Users/mauri/Desktop/repositorio/apache-airflow-tutorial/env/lib/python3.11/site-packages/airflow/example_dags/example_xcomargs.py
[2023-08-23T21:45:10.861-0400] {processor.py:839} INFO - DAG(s) dict_keys(['example_xcom_args_with_operators', 'example_xcom_args']) retrieved from /Users/mauri/Desktop/repositorio/apache-airflow-tutorial/env/lib/python3.11/site-packages/airflow/example_dags/example_xcomargs.py
[2023-08-23T21:45:10.918-0400] {logging_mixin.py:151} INFO - [2023-08-23T21:45:10.918-0400] {dag.py:2907} INFO - Sync 2 DAGs
[2023-08-23T21:45:10.921-0400] {logging_mixin.py:151} INFO - [2023-08-23T21:45:10.921-0400] {dag.py:3677} INFO - Setting next_dagrun for example_xcom_args to None, run_after=None
[2023-08-23T21:45:10.922-0400] {logging_mixin.py:151} INFO - [2023-08-23T21:45:10.922-0400] {dag.py:3677} INFO - Setting next_dagrun for example_xcom_args_with_operators to None, run_after=None
[2023-08-23T21:45:10.929-0400] {processor.py:179} INFO - Processing /Users/mauri/Desktop/repositorio/apache-airflow-tutorial/env/lib/python3.11/site-packages/airflow/example_dags/example_xcomargs.py took 0.103 seconds
[2023-08-23T21:46:22.948-0400] {processor.py:157} INFO - Started process (PID=9201) to work on /Users/mauri/Desktop/repositorio/apache-airflow-tutorial/env/lib/python3.11/site-packages/airflow/example_dags/example_xcomargs.py
[2023-08-23T21:46:22.949-0400] {processor.py:829} INFO - Processing file /Users/mauri/Desktop/repositorio/apache-airflow-tutorial/env/lib/python3.11/site-packages/airflow/example_dags/example_xcomargs.py for tasks to queue
[2023-08-23T21:46:22.949-0400] {logging_mixin.py:151} INFO - [2023-08-23T21:46:22.949-0400] {dagbag.py:539} INFO - Filling up the DagBag from /Users/mauri/Desktop/repositorio/apache-airflow-tutorial/env/lib/python3.11/site-packages/airflow/example_dags/example_xcomargs.py
[2023-08-23T21:46:22.981-0400] {processor.py:839} INFO - DAG(s) dict_keys(['example_xcom_args_with_operators', 'example_xcom_args']) retrieved from /Users/mauri/Desktop/repositorio/apache-airflow-tutorial/env/lib/python3.11/site-packages/airflow/example_dags/example_xcomargs.py
[2023-08-23T21:46:23.035-0400] {logging_mixin.py:151} INFO - [2023-08-23T21:46:23.035-0400] {dag.py:2907} INFO - Sync 2 DAGs
[2023-08-23T21:46:23.038-0400] {logging_mixin.py:151} INFO - [2023-08-23T21:46:23.038-0400] {dag.py:3677} INFO - Setting next_dagrun for example_xcom_args to None, run_after=None
[2023-08-23T21:46:23.039-0400] {logging_mixin.py:151} INFO - [2023-08-23T21:46:23.039-0400] {dag.py:3677} INFO - Setting next_dagrun for example_xcom_args_with_operators to None, run_after=None
[2023-08-23T21:46:23.045-0400] {processor.py:179} INFO - Processing /Users/mauri/Desktop/repositorio/apache-airflow-tutorial/env/lib/python3.11/site-packages/airflow/example_dags/example_xcomargs.py took 0.098 seconds
[2023-08-23T21:47:33.351-0400] {processor.py:157} INFO - Started process (PID=9331) to work on /Users/mauri/Desktop/repositorio/apache-airflow-tutorial/env/lib/python3.11/site-packages/airflow/example_dags/example_xcomargs.py
[2023-08-23T21:47:33.352-0400] {processor.py:829} INFO - Processing file /Users/mauri/Desktop/repositorio/apache-airflow-tutorial/env/lib/python3.11/site-packages/airflow/example_dags/example_xcomargs.py for tasks to queue
[2023-08-23T21:47:33.353-0400] {logging_mixin.py:151} INFO - [2023-08-23T21:47:33.353-0400] {dagbag.py:539} INFO - Filling up the DagBag from /Users/mauri/Desktop/repositorio/apache-airflow-tutorial/env/lib/python3.11/site-packages/airflow/example_dags/example_xcomargs.py
[2023-08-23T21:47:33.384-0400] {processor.py:839} INFO - DAG(s) dict_keys(['example_xcom_args', 'example_xcom_args_with_operators']) retrieved from /Users/mauri/Desktop/repositorio/apache-airflow-tutorial/env/lib/python3.11/site-packages/airflow/example_dags/example_xcomargs.py
[2023-08-23T21:47:33.437-0400] {logging_mixin.py:151} INFO - [2023-08-23T21:47:33.437-0400] {dag.py:2907} INFO - Sync 2 DAGs
[2023-08-23T21:47:33.440-0400] {logging_mixin.py:151} INFO - [2023-08-23T21:47:33.440-0400] {dag.py:3677} INFO - Setting next_dagrun for example_xcom_args to None, run_after=None
[2023-08-23T21:47:33.441-0400] {logging_mixin.py:151} INFO - [2023-08-23T21:47:33.441-0400] {dag.py:3677} INFO - Setting next_dagrun for example_xcom_args_with_operators to None, run_after=None
[2023-08-23T21:47:33.448-0400] {processor.py:179} INFO - Processing /Users/mauri/Desktop/repositorio/apache-airflow-tutorial/env/lib/python3.11/site-packages/airflow/example_dags/example_xcomargs.py took 0.097 seconds
[2023-08-23T21:48:46.205-0400] {processor.py:157} INFO - Started process (PID=9436) to work on /Users/mauri/Desktop/repositorio/apache-airflow-tutorial/env/lib/python3.11/site-packages/airflow/example_dags/example_xcomargs.py
[2023-08-23T21:48:46.207-0400] {processor.py:829} INFO - Processing file /Users/mauri/Desktop/repositorio/apache-airflow-tutorial/env/lib/python3.11/site-packages/airflow/example_dags/example_xcomargs.py for tasks to queue
[2023-08-23T21:48:46.207-0400] {logging_mixin.py:151} INFO - [2023-08-23T21:48:46.207-0400] {dagbag.py:539} INFO - Filling up the DagBag from /Users/mauri/Desktop/repositorio/apache-airflow-tutorial/env/lib/python3.11/site-packages/airflow/example_dags/example_xcomargs.py
[2023-08-23T21:48:46.244-0400] {processor.py:839} INFO - DAG(s) dict_keys(['example_xcom_args', 'example_xcom_args_with_operators']) retrieved from /Users/mauri/Desktop/repositorio/apache-airflow-tutorial/env/lib/python3.11/site-packages/airflow/example_dags/example_xcomargs.py
[2023-08-23T21:48:46.302-0400] {logging_mixin.py:151} INFO - [2023-08-23T21:48:46.302-0400] {dag.py:2907} INFO - Sync 2 DAGs
[2023-08-23T21:48:46.305-0400] {logging_mixin.py:151} INFO - [2023-08-23T21:48:46.305-0400] {dag.py:3677} INFO - Setting next_dagrun for example_xcom_args to None, run_after=None
[2023-08-23T21:48:46.306-0400] {logging_mixin.py:151} INFO - [2023-08-23T21:48:46.306-0400] {dag.py:3677} INFO - Setting next_dagrun for example_xcom_args_with_operators to None, run_after=None
[2023-08-23T21:48:46.313-0400] {processor.py:179} INFO - Processing /Users/mauri/Desktop/repositorio/apache-airflow-tutorial/env/lib/python3.11/site-packages/airflow/example_dags/example_xcomargs.py took 0.108 seconds
[2023-08-23T21:50:01.274-0400] {processor.py:157} INFO - Started process (PID=9508) to work on /Users/mauri/Desktop/repositorio/apache-airflow-tutorial/env/lib/python3.11/site-packages/airflow/example_dags/example_xcomargs.py
[2023-08-23T21:50:01.276-0400] {processor.py:829} INFO - Processing file /Users/mauri/Desktop/repositorio/apache-airflow-tutorial/env/lib/python3.11/site-packages/airflow/example_dags/example_xcomargs.py for tasks to queue
[2023-08-23T21:50:01.276-0400] {logging_mixin.py:151} INFO - [2023-08-23T21:50:01.276-0400] {dagbag.py:539} INFO - Filling up the DagBag from /Users/mauri/Desktop/repositorio/apache-airflow-tutorial/env/lib/python3.11/site-packages/airflow/example_dags/example_xcomargs.py
[2023-08-23T21:50:01.311-0400] {processor.py:839} INFO - DAG(s) dict_keys(['example_xcom_args_with_operators', 'example_xcom_args']) retrieved from /Users/mauri/Desktop/repositorio/apache-airflow-tutorial/env/lib/python3.11/site-packages/airflow/example_dags/example_xcomargs.py
[2023-08-23T21:50:01.365-0400] {logging_mixin.py:151} INFO - [2023-08-23T21:50:01.365-0400] {dag.py:2907} INFO - Sync 2 DAGs
[2023-08-23T21:50:01.368-0400] {logging_mixin.py:151} INFO - [2023-08-23T21:50:01.368-0400] {dag.py:3677} INFO - Setting next_dagrun for example_xcom_args to None, run_after=None
[2023-08-23T21:50:01.369-0400] {logging_mixin.py:151} INFO - [2023-08-23T21:50:01.369-0400] {dag.py:3677} INFO - Setting next_dagrun for example_xcom_args_with_operators to None, run_after=None
[2023-08-23T21:50:01.377-0400] {processor.py:179} INFO - Processing /Users/mauri/Desktop/repositorio/apache-airflow-tutorial/env/lib/python3.11/site-packages/airflow/example_dags/example_xcomargs.py took 0.103 seconds
[2023-08-23T21:51:16.375-0400] {processor.py:157} INFO - Started process (PID=9597) to work on /Users/mauri/Desktop/repositorio/apache-airflow-tutorial/env/lib/python3.11/site-packages/airflow/example_dags/example_xcomargs.py
[2023-08-23T21:51:16.377-0400] {processor.py:829} INFO - Processing file /Users/mauri/Desktop/repositorio/apache-airflow-tutorial/env/lib/python3.11/site-packages/airflow/example_dags/example_xcomargs.py for tasks to queue
[2023-08-23T21:51:16.378-0400] {logging_mixin.py:151} INFO - [2023-08-23T21:51:16.378-0400] {dagbag.py:539} INFO - Filling up the DagBag from /Users/mauri/Desktop/repositorio/apache-airflow-tutorial/env/lib/python3.11/site-packages/airflow/example_dags/example_xcomargs.py
[2023-08-23T21:51:16.410-0400] {processor.py:839} INFO - DAG(s) dict_keys(['example_xcom_args_with_operators', 'example_xcom_args']) retrieved from /Users/mauri/Desktop/repositorio/apache-airflow-tutorial/env/lib/python3.11/site-packages/airflow/example_dags/example_xcomargs.py
[2023-08-23T21:51:16.464-0400] {logging_mixin.py:151} INFO - [2023-08-23T21:51:16.464-0400] {dag.py:2907} INFO - Sync 2 DAGs
[2023-08-23T21:51:16.467-0400] {logging_mixin.py:151} INFO - [2023-08-23T21:51:16.467-0400] {dag.py:3677} INFO - Setting next_dagrun for example_xcom_args to None, run_after=None
[2023-08-23T21:51:16.468-0400] {logging_mixin.py:151} INFO - [2023-08-23T21:51:16.468-0400] {dag.py:3677} INFO - Setting next_dagrun for example_xcom_args_with_operators to None, run_after=None
[2023-08-23T21:51:16.474-0400] {processor.py:179} INFO - Processing /Users/mauri/Desktop/repositorio/apache-airflow-tutorial/env/lib/python3.11/site-packages/airflow/example_dags/example_xcomargs.py took 0.100 seconds
[2023-08-23T21:52:27.489-0400] {processor.py:157} INFO - Started process (PID=9668) to work on /Users/mauri/Desktop/repositorio/apache-airflow-tutorial/env/lib/python3.11/site-packages/airflow/example_dags/example_xcomargs.py
[2023-08-23T21:52:27.490-0400] {processor.py:829} INFO - Processing file /Users/mauri/Desktop/repositorio/apache-airflow-tutorial/env/lib/python3.11/site-packages/airflow/example_dags/example_xcomargs.py for tasks to queue
[2023-08-23T21:52:27.490-0400] {logging_mixin.py:151} INFO - [2023-08-23T21:52:27.490-0400] {dagbag.py:539} INFO - Filling up the DagBag from /Users/mauri/Desktop/repositorio/apache-airflow-tutorial/env/lib/python3.11/site-packages/airflow/example_dags/example_xcomargs.py
[2023-08-23T21:52:27.523-0400] {processor.py:839} INFO - DAG(s) dict_keys(['example_xcom_args', 'example_xcom_args_with_operators']) retrieved from /Users/mauri/Desktop/repositorio/apache-airflow-tutorial/env/lib/python3.11/site-packages/airflow/example_dags/example_xcomargs.py
[2023-08-23T21:52:27.578-0400] {logging_mixin.py:151} INFO - [2023-08-23T21:52:27.578-0400] {dag.py:2907} INFO - Sync 2 DAGs
[2023-08-23T21:52:27.581-0400] {logging_mixin.py:151} INFO - [2023-08-23T21:52:27.581-0400] {dag.py:3677} INFO - Setting next_dagrun for example_xcom_args to None, run_after=None
[2023-08-23T21:52:27.582-0400] {logging_mixin.py:151} INFO - [2023-08-23T21:52:27.582-0400] {dag.py:3677} INFO - Setting next_dagrun for example_xcom_args_with_operators to None, run_after=None
[2023-08-23T21:52:27.589-0400] {processor.py:179} INFO - Processing /Users/mauri/Desktop/repositorio/apache-airflow-tutorial/env/lib/python3.11/site-packages/airflow/example_dags/example_xcomargs.py took 0.100 seconds
[2023-08-23T21:53:38.981-0400] {processor.py:157} INFO - Started process (PID=9733) to work on /Users/mauri/Desktop/repositorio/apache-airflow-tutorial/env/lib/python3.11/site-packages/airflow/example_dags/example_xcomargs.py
[2023-08-23T21:53:38.982-0400] {processor.py:829} INFO - Processing file /Users/mauri/Desktop/repositorio/apache-airflow-tutorial/env/lib/python3.11/site-packages/airflow/example_dags/example_xcomargs.py for tasks to queue
[2023-08-23T21:53:38.983-0400] {logging_mixin.py:151} INFO - [2023-08-23T21:53:38.982-0400] {dagbag.py:539} INFO - Filling up the DagBag from /Users/mauri/Desktop/repositorio/apache-airflow-tutorial/env/lib/python3.11/site-packages/airflow/example_dags/example_xcomargs.py
[2023-08-23T21:53:39.014-0400] {processor.py:839} INFO - DAG(s) dict_keys(['example_xcom_args', 'example_xcom_args_with_operators']) retrieved from /Users/mauri/Desktop/repositorio/apache-airflow-tutorial/env/lib/python3.11/site-packages/airflow/example_dags/example_xcomargs.py
[2023-08-23T21:53:39.067-0400] {logging_mixin.py:151} INFO - [2023-08-23T21:53:39.067-0400] {dag.py:2907} INFO - Sync 2 DAGs
[2023-08-23T21:53:39.070-0400] {logging_mixin.py:151} INFO - [2023-08-23T21:53:39.070-0400] {dag.py:3677} INFO - Setting next_dagrun for example_xcom_args to None, run_after=None
[2023-08-23T21:53:39.071-0400] {logging_mixin.py:151} INFO - [2023-08-23T21:53:39.071-0400] {dag.py:3677} INFO - Setting next_dagrun for example_xcom_args_with_operators to None, run_after=None
[2023-08-23T21:53:39.078-0400] {processor.py:179} INFO - Processing /Users/mauri/Desktop/repositorio/apache-airflow-tutorial/env/lib/python3.11/site-packages/airflow/example_dags/example_xcomargs.py took 0.097 seconds
[2023-08-23T21:54:50.392-0400] {processor.py:157} INFO - Started process (PID=9798) to work on /Users/mauri/Desktop/repositorio/apache-airflow-tutorial/env/lib/python3.11/site-packages/airflow/example_dags/example_xcomargs.py
[2023-08-23T21:54:50.393-0400] {processor.py:829} INFO - Processing file /Users/mauri/Desktop/repositorio/apache-airflow-tutorial/env/lib/python3.11/site-packages/airflow/example_dags/example_xcomargs.py for tasks to queue
[2023-08-23T21:54:50.393-0400] {logging_mixin.py:151} INFO - [2023-08-23T21:54:50.393-0400] {dagbag.py:539} INFO - Filling up the DagBag from /Users/mauri/Desktop/repositorio/apache-airflow-tutorial/env/lib/python3.11/site-packages/airflow/example_dags/example_xcomargs.py
[2023-08-23T21:54:50.425-0400] {processor.py:839} INFO - DAG(s) dict_keys(['example_xcom_args_with_operators', 'example_xcom_args']) retrieved from /Users/mauri/Desktop/repositorio/apache-airflow-tutorial/env/lib/python3.11/site-packages/airflow/example_dags/example_xcomargs.py
[2023-08-23T21:54:50.478-0400] {logging_mixin.py:151} INFO - [2023-08-23T21:54:50.478-0400] {dag.py:2907} INFO - Sync 2 DAGs
[2023-08-23T21:54:50.481-0400] {logging_mixin.py:151} INFO - [2023-08-23T21:54:50.481-0400] {dag.py:3677} INFO - Setting next_dagrun for example_xcom_args to None, run_after=None
[2023-08-23T21:54:50.482-0400] {logging_mixin.py:151} INFO - [2023-08-23T21:54:50.482-0400] {dag.py:3677} INFO - Setting next_dagrun for example_xcom_args_with_operators to None, run_after=None
[2023-08-23T21:54:50.489-0400] {processor.py:179} INFO - Processing /Users/mauri/Desktop/repositorio/apache-airflow-tutorial/env/lib/python3.11/site-packages/airflow/example_dags/example_xcomargs.py took 0.097 seconds
[2023-08-23T21:56:03.227-0400] {processor.py:157} INFO - Started process (PID=9871) to work on /Users/mauri/Desktop/repositorio/apache-airflow-tutorial/env/lib/python3.11/site-packages/airflow/example_dags/example_xcomargs.py
[2023-08-23T21:56:03.228-0400] {processor.py:829} INFO - Processing file /Users/mauri/Desktop/repositorio/apache-airflow-tutorial/env/lib/python3.11/site-packages/airflow/example_dags/example_xcomargs.py for tasks to queue
[2023-08-23T21:56:03.229-0400] {logging_mixin.py:151} INFO - [2023-08-23T21:56:03.228-0400] {dagbag.py:539} INFO - Filling up the DagBag from /Users/mauri/Desktop/repositorio/apache-airflow-tutorial/env/lib/python3.11/site-packages/airflow/example_dags/example_xcomargs.py
[2023-08-23T21:56:03.261-0400] {processor.py:839} INFO - DAG(s) dict_keys(['example_xcom_args_with_operators', 'example_xcom_args']) retrieved from /Users/mauri/Desktop/repositorio/apache-airflow-tutorial/env/lib/python3.11/site-packages/airflow/example_dags/example_xcomargs.py
[2023-08-23T21:56:03.315-0400] {logging_mixin.py:151} INFO - [2023-08-23T21:56:03.315-0400] {dag.py:2907} INFO - Sync 2 DAGs
[2023-08-23T21:56:03.318-0400] {logging_mixin.py:151} INFO - [2023-08-23T21:56:03.318-0400] {dag.py:3677} INFO - Setting next_dagrun for example_xcom_args to None, run_after=None
[2023-08-23T21:56:03.319-0400] {logging_mixin.py:151} INFO - [2023-08-23T21:56:03.319-0400] {dag.py:3677} INFO - Setting next_dagrun for example_xcom_args_with_operators to None, run_after=None
[2023-08-23T21:56:03.326-0400] {processor.py:179} INFO - Processing /Users/mauri/Desktop/repositorio/apache-airflow-tutorial/env/lib/python3.11/site-packages/airflow/example_dags/example_xcomargs.py took 0.100 seconds
[2023-08-23T21:57:19.058-0400] {processor.py:157} INFO - Started process (PID=9938) to work on /Users/mauri/Desktop/repositorio/apache-airflow-tutorial/env/lib/python3.11/site-packages/airflow/example_dags/example_xcomargs.py
[2023-08-23T21:57:19.059-0400] {processor.py:829} INFO - Processing file /Users/mauri/Desktop/repositorio/apache-airflow-tutorial/env/lib/python3.11/site-packages/airflow/example_dags/example_xcomargs.py for tasks to queue
[2023-08-23T21:57:19.059-0400] {logging_mixin.py:151} INFO - [2023-08-23T21:57:19.059-0400] {dagbag.py:539} INFO - Filling up the DagBag from /Users/mauri/Desktop/repositorio/apache-airflow-tutorial/env/lib/python3.11/site-packages/airflow/example_dags/example_xcomargs.py
[2023-08-23T21:57:19.091-0400] {processor.py:839} INFO - DAG(s) dict_keys(['example_xcom_args', 'example_xcom_args_with_operators']) retrieved from /Users/mauri/Desktop/repositorio/apache-airflow-tutorial/env/lib/python3.11/site-packages/airflow/example_dags/example_xcomargs.py
[2023-08-23T21:57:19.145-0400] {logging_mixin.py:151} INFO - [2023-08-23T21:57:19.145-0400] {dag.py:2907} INFO - Sync 2 DAGs
[2023-08-23T21:57:19.148-0400] {logging_mixin.py:151} INFO - [2023-08-23T21:57:19.148-0400] {dag.py:3677} INFO - Setting next_dagrun for example_xcom_args to None, run_after=None
[2023-08-23T21:57:19.149-0400] {logging_mixin.py:151} INFO - [2023-08-23T21:57:19.149-0400] {dag.py:3677} INFO - Setting next_dagrun for example_xcom_args_with_operators to None, run_after=None
[2023-08-23T21:57:19.156-0400] {processor.py:179} INFO - Processing /Users/mauri/Desktop/repositorio/apache-airflow-tutorial/env/lib/python3.11/site-packages/airflow/example_dags/example_xcomargs.py took 0.099 seconds
[2023-08-23T21:58:34.319-0400] {processor.py:157} INFO - Started process (PID=10001) to work on /Users/mauri/Desktop/repositorio/apache-airflow-tutorial/env/lib/python3.11/site-packages/airflow/example_dags/example_xcomargs.py
[2023-08-23T21:58:34.321-0400] {processor.py:829} INFO - Processing file /Users/mauri/Desktop/repositorio/apache-airflow-tutorial/env/lib/python3.11/site-packages/airflow/example_dags/example_xcomargs.py for tasks to queue
[2023-08-23T21:58:34.321-0400] {logging_mixin.py:151} INFO - [2023-08-23T21:58:34.321-0400] {dagbag.py:539} INFO - Filling up the DagBag from /Users/mauri/Desktop/repositorio/apache-airflow-tutorial/env/lib/python3.11/site-packages/airflow/example_dags/example_xcomargs.py
[2023-08-23T21:58:34.356-0400] {processor.py:839} INFO - DAG(s) dict_keys(['example_xcom_args', 'example_xcom_args_with_operators']) retrieved from /Users/mauri/Desktop/repositorio/apache-airflow-tutorial/env/lib/python3.11/site-packages/airflow/example_dags/example_xcomargs.py
[2023-08-23T21:58:34.413-0400] {logging_mixin.py:151} INFO - [2023-08-23T21:58:34.413-0400] {dag.py:2907} INFO - Sync 2 DAGs
[2023-08-23T21:58:34.416-0400] {logging_mixin.py:151} INFO - [2023-08-23T21:58:34.416-0400] {dag.py:3677} INFO - Setting next_dagrun for example_xcom_args to None, run_after=None
[2023-08-23T21:58:34.417-0400] {logging_mixin.py:151} INFO - [2023-08-23T21:58:34.417-0400] {dag.py:3677} INFO - Setting next_dagrun for example_xcom_args_with_operators to None, run_after=None
[2023-08-23T21:58:34.425-0400] {processor.py:179} INFO - Processing /Users/mauri/Desktop/repositorio/apache-airflow-tutorial/env/lib/python3.11/site-packages/airflow/example_dags/example_xcomargs.py took 0.106 seconds
[2023-08-23T21:59:47.587-0400] {processor.py:157} INFO - Started process (PID=10070) to work on /Users/mauri/Desktop/repositorio/apache-airflow-tutorial/env/lib/python3.11/site-packages/airflow/example_dags/example_xcomargs.py
[2023-08-23T21:59:47.589-0400] {processor.py:829} INFO - Processing file /Users/mauri/Desktop/repositorio/apache-airflow-tutorial/env/lib/python3.11/site-packages/airflow/example_dags/example_xcomargs.py for tasks to queue
[2023-08-23T21:59:47.589-0400] {logging_mixin.py:151} INFO - [2023-08-23T21:59:47.589-0400] {dagbag.py:539} INFO - Filling up the DagBag from /Users/mauri/Desktop/repositorio/apache-airflow-tutorial/env/lib/python3.11/site-packages/airflow/example_dags/example_xcomargs.py
[2023-08-23T21:59:47.620-0400] {processor.py:839} INFO - DAG(s) dict_keys(['example_xcom_args', 'example_xcom_args_with_operators']) retrieved from /Users/mauri/Desktop/repositorio/apache-airflow-tutorial/env/lib/python3.11/site-packages/airflow/example_dags/example_xcomargs.py
[2023-08-23T21:59:47.674-0400] {logging_mixin.py:151} INFO - [2023-08-23T21:59:47.674-0400] {dag.py:2907} INFO - Sync 2 DAGs
[2023-08-23T21:59:47.677-0400] {logging_mixin.py:151} INFO - [2023-08-23T21:59:47.677-0400] {dag.py:3677} INFO - Setting next_dagrun for example_xcom_args to None, run_after=None
[2023-08-23T21:59:47.678-0400] {logging_mixin.py:151} INFO - [2023-08-23T21:59:47.678-0400] {dag.py:3677} INFO - Setting next_dagrun for example_xcom_args_with_operators to None, run_after=None
[2023-08-23T21:59:47.684-0400] {processor.py:179} INFO - Processing /Users/mauri/Desktop/repositorio/apache-airflow-tutorial/env/lib/python3.11/site-packages/airflow/example_dags/example_xcomargs.py took 0.097 seconds
