[2023-08-23T21:35:10.536-0400] {processor.py:157} INFO - Started process (PID=8548) to work on /Users/mauri/Desktop/repositorio/apache-airflow-tutorial/env/lib/python3.11/site-packages/airflow/example_dags/example_bash_operator.py
[2023-08-23T21:35:10.537-0400] {processor.py:829} INFO - Processing file /Users/mauri/Desktop/repositorio/apache-airflow-tutorial/env/lib/python3.11/site-packages/airflow/example_dags/example_bash_operator.py for tasks to queue
[2023-08-23T21:35:10.538-0400] {logging_mixin.py:151} INFO - [2023-08-23T21:35:10.538-0400] {dagbag.py:539} INFO - Filling up the DagBag from /Users/mauri/Desktop/repositorio/apache-airflow-tutorial/env/lib/python3.11/site-packages/airflow/example_dags/example_bash_operator.py
[2023-08-23T21:35:10.577-0400] {processor.py:839} INFO - DAG(s) dict_keys(['example_bash_operator']) retrieved from /Users/mauri/Desktop/repositorio/apache-airflow-tutorial/env/lib/python3.11/site-packages/airflow/example_dags/example_bash_operator.py
[2023-08-23T21:35:10.867-0400] {logging_mixin.py:151} INFO - [2023-08-23T21:35:10.867-0400] {manager.py:501} INFO - Created Permission View: can delete on DAG:example_bash_operator
[2023-08-23T21:35:10.869-0400] {logging_mixin.py:151} INFO - [2023-08-23T21:35:10.869-0400] {manager.py:501} INFO - Created Permission View: can edit on DAG:example_bash_operator
[2023-08-23T21:35:10.871-0400] {logging_mixin.py:151} INFO - [2023-08-23T21:35:10.871-0400] {manager.py:501} INFO - Created Permission View: can read on DAG:example_bash_operator
[2023-08-23T21:35:10.875-0400] {logging_mixin.py:151} INFO - [2023-08-23T21:35:10.875-0400] {dag.py:2907} INFO - Sync 1 DAGs
[2023-08-23T21:35:10.878-0400] {logging_mixin.py:151} INFO - [2023-08-23T21:35:10.878-0400] {dag.py:2929} INFO - Creating ORM DAG for example_bash_operator
[2023-08-23T21:35:10.881-0400] {logging_mixin.py:151} INFO - [2023-08-23T21:35:10.880-0400] {dag.py:3677} INFO - Setting next_dagrun for example_bash_operator to 2023-08-23T00:00:00+00:00, run_after=2023-08-24T00:00:00+00:00
[2023-08-23T21:35:10.886-0400] {processor.py:179} INFO - Processing /Users/mauri/Desktop/repositorio/apache-airflow-tutorial/env/lib/python3.11/site-packages/airflow/example_dags/example_bash_operator.py took 0.350 seconds
[2023-08-23T21:36:29.625-0400] {processor.py:157} INFO - Started process (PID=8619) to work on /Users/mauri/Desktop/repositorio/apache-airflow-tutorial/env/lib/python3.11/site-packages/airflow/example_dags/example_bash_operator.py
[2023-08-23T21:36:29.628-0400] {processor.py:829} INFO - Processing file /Users/mauri/Desktop/repositorio/apache-airflow-tutorial/env/lib/python3.11/site-packages/airflow/example_dags/example_bash_operator.py for tasks to queue
[2023-08-23T21:36:29.628-0400] {logging_mixin.py:151} INFO - [2023-08-23T21:36:29.628-0400] {dagbag.py:539} INFO - Filling up the DagBag from /Users/mauri/Desktop/repositorio/apache-airflow-tutorial/env/lib/python3.11/site-packages/airflow/example_dags/example_bash_operator.py
[2023-08-23T21:36:29.665-0400] {processor.py:839} INFO - DAG(s) dict_keys(['example_bash_operator']) retrieved from /Users/mauri/Desktop/repositorio/apache-airflow-tutorial/env/lib/python3.11/site-packages/airflow/example_dags/example_bash_operator.py
[2023-08-23T21:36:29.710-0400] {logging_mixin.py:151} INFO - [2023-08-23T21:36:29.710-0400] {dag.py:2907} INFO - Sync 1 DAGs
[2023-08-23T21:36:29.716-0400] {logging_mixin.py:151} INFO - [2023-08-23T21:36:29.716-0400] {dag.py:3677} INFO - Setting next_dagrun for example_bash_operator to 2023-08-23T00:00:00+00:00, run_after=2023-08-24T00:00:00+00:00
[2023-08-23T21:36:29.722-0400] {processor.py:179} INFO - Processing /Users/mauri/Desktop/repositorio/apache-airflow-tutorial/env/lib/python3.11/site-packages/airflow/example_dags/example_bash_operator.py took 0.097 seconds
[2023-08-23T21:37:43.743-0400] {processor.py:157} INFO - Started process (PID=8681) to work on /Users/mauri/Desktop/repositorio/apache-airflow-tutorial/env/lib/python3.11/site-packages/airflow/example_dags/example_bash_operator.py
[2023-08-23T21:37:43.745-0400] {processor.py:829} INFO - Processing file /Users/mauri/Desktop/repositorio/apache-airflow-tutorial/env/lib/python3.11/site-packages/airflow/example_dags/example_bash_operator.py for tasks to queue
[2023-08-23T21:37:43.746-0400] {logging_mixin.py:151} INFO - [2023-08-23T21:37:43.746-0400] {dagbag.py:539} INFO - Filling up the DagBag from /Users/mauri/Desktop/repositorio/apache-airflow-tutorial/env/lib/python3.11/site-packages/airflow/example_dags/example_bash_operator.py
[2023-08-23T21:37:43.784-0400] {processor.py:839} INFO - DAG(s) dict_keys(['example_bash_operator']) retrieved from /Users/mauri/Desktop/repositorio/apache-airflow-tutorial/env/lib/python3.11/site-packages/airflow/example_dags/example_bash_operator.py
[2023-08-23T21:37:43.827-0400] {logging_mixin.py:151} INFO - [2023-08-23T21:37:43.827-0400] {dag.py:2907} INFO - Sync 1 DAGs
[2023-08-23T21:37:43.833-0400] {logging_mixin.py:151} INFO - [2023-08-23T21:37:43.833-0400] {dag.py:3677} INFO - Setting next_dagrun for example_bash_operator to 2023-08-23T00:00:00+00:00, run_after=2023-08-24T00:00:00+00:00
[2023-08-23T21:37:43.841-0400] {processor.py:179} INFO - Processing /Users/mauri/Desktop/repositorio/apache-airflow-tutorial/env/lib/python3.11/site-packages/airflow/example_dags/example_bash_operator.py took 0.098 seconds
[2023-08-23T21:38:58.078-0400] {processor.py:157} INFO - Started process (PID=8753) to work on /Users/mauri/Desktop/repositorio/apache-airflow-tutorial/env/lib/python3.11/site-packages/airflow/example_dags/example_bash_operator.py
[2023-08-23T21:38:58.080-0400] {processor.py:829} INFO - Processing file /Users/mauri/Desktop/repositorio/apache-airflow-tutorial/env/lib/python3.11/site-packages/airflow/example_dags/example_bash_operator.py for tasks to queue
[2023-08-23T21:38:58.080-0400] {logging_mixin.py:151} INFO - [2023-08-23T21:38:58.080-0400] {dagbag.py:539} INFO - Filling up the DagBag from /Users/mauri/Desktop/repositorio/apache-airflow-tutorial/env/lib/python3.11/site-packages/airflow/example_dags/example_bash_operator.py
[2023-08-23T21:38:58.123-0400] {processor.py:839} INFO - DAG(s) dict_keys(['example_bash_operator']) retrieved from /Users/mauri/Desktop/repositorio/apache-airflow-tutorial/env/lib/python3.11/site-packages/airflow/example_dags/example_bash_operator.py
[2023-08-23T21:38:58.171-0400] {logging_mixin.py:151} INFO - [2023-08-23T21:38:58.171-0400] {dag.py:2907} INFO - Sync 1 DAGs
[2023-08-23T21:38:58.177-0400] {logging_mixin.py:151} INFO - [2023-08-23T21:38:58.177-0400] {dag.py:3677} INFO - Setting next_dagrun for example_bash_operator to 2023-08-23T00:00:00+00:00, run_after=2023-08-24T00:00:00+00:00
[2023-08-23T21:38:58.185-0400] {processor.py:179} INFO - Processing /Users/mauri/Desktop/repositorio/apache-airflow-tutorial/env/lib/python3.11/site-packages/airflow/example_dags/example_bash_operator.py took 0.107 seconds
[2023-08-23T21:40:13.762-0400] {processor.py:157} INFO - Started process (PID=8816) to work on /Users/mauri/Desktop/repositorio/apache-airflow-tutorial/env/lib/python3.11/site-packages/airflow/example_dags/example_bash_operator.py
[2023-08-23T21:40:13.763-0400] {processor.py:829} INFO - Processing file /Users/mauri/Desktop/repositorio/apache-airflow-tutorial/env/lib/python3.11/site-packages/airflow/example_dags/example_bash_operator.py for tasks to queue
[2023-08-23T21:40:13.763-0400] {logging_mixin.py:151} INFO - [2023-08-23T21:40:13.763-0400] {dagbag.py:539} INFO - Filling up the DagBag from /Users/mauri/Desktop/repositorio/apache-airflow-tutorial/env/lib/python3.11/site-packages/airflow/example_dags/example_bash_operator.py
[2023-08-23T21:40:13.801-0400] {processor.py:839} INFO - DAG(s) dict_keys(['example_bash_operator']) retrieved from /Users/mauri/Desktop/repositorio/apache-airflow-tutorial/env/lib/python3.11/site-packages/airflow/example_dags/example_bash_operator.py
[2023-08-23T21:40:13.843-0400] {logging_mixin.py:151} INFO - [2023-08-23T21:40:13.843-0400] {dag.py:2907} INFO - Sync 1 DAGs
[2023-08-23T21:40:13.848-0400] {logging_mixin.py:151} INFO - [2023-08-23T21:40:13.848-0400] {dag.py:3677} INFO - Setting next_dagrun for example_bash_operator to 2023-08-23T00:00:00+00:00, run_after=2023-08-24T00:00:00+00:00
[2023-08-23T21:40:13.855-0400] {processor.py:179} INFO - Processing /Users/mauri/Desktop/repositorio/apache-airflow-tutorial/env/lib/python3.11/site-packages/airflow/example_dags/example_bash_operator.py took 0.094 seconds
[2023-08-23T21:41:26.872-0400] {processor.py:157} INFO - Started process (PID=8872) to work on /Users/mauri/Desktop/repositorio/apache-airflow-tutorial/env/lib/python3.11/site-packages/airflow/example_dags/example_bash_operator.py
[2023-08-23T21:41:26.873-0400] {processor.py:829} INFO - Processing file /Users/mauri/Desktop/repositorio/apache-airflow-tutorial/env/lib/python3.11/site-packages/airflow/example_dags/example_bash_operator.py for tasks to queue
[2023-08-23T21:41:26.873-0400] {logging_mixin.py:151} INFO - [2023-08-23T21:41:26.873-0400] {dagbag.py:539} INFO - Filling up the DagBag from /Users/mauri/Desktop/repositorio/apache-airflow-tutorial/env/lib/python3.11/site-packages/airflow/example_dags/example_bash_operator.py
[2023-08-23T21:41:26.911-0400] {processor.py:839} INFO - DAG(s) dict_keys(['example_bash_operator']) retrieved from /Users/mauri/Desktop/repositorio/apache-airflow-tutorial/env/lib/python3.11/site-packages/airflow/example_dags/example_bash_operator.py
[2023-08-23T21:41:26.954-0400] {logging_mixin.py:151} INFO - [2023-08-23T21:41:26.954-0400] {dag.py:2907} INFO - Sync 1 DAGs
[2023-08-23T21:41:26.959-0400] {logging_mixin.py:151} INFO - [2023-08-23T21:41:26.959-0400] {dag.py:3677} INFO - Setting next_dagrun for example_bash_operator to 2023-08-23T00:00:00+00:00, run_after=2023-08-24T00:00:00+00:00
[2023-08-23T21:41:26.966-0400] {processor.py:179} INFO - Processing /Users/mauri/Desktop/repositorio/apache-airflow-tutorial/env/lib/python3.11/site-packages/airflow/example_dags/example_bash_operator.py took 0.094 seconds
[2023-08-23T21:42:39.718-0400] {processor.py:157} INFO - Started process (PID=8940) to work on /Users/mauri/Desktop/repositorio/apache-airflow-tutorial/env/lib/python3.11/site-packages/airflow/example_dags/example_bash_operator.py
[2023-08-23T21:42:39.719-0400] {processor.py:829} INFO - Processing file /Users/mauri/Desktop/repositorio/apache-airflow-tutorial/env/lib/python3.11/site-packages/airflow/example_dags/example_bash_operator.py for tasks to queue
[2023-08-23T21:42:39.719-0400] {logging_mixin.py:151} INFO - [2023-08-23T21:42:39.719-0400] {dagbag.py:539} INFO - Filling up the DagBag from /Users/mauri/Desktop/repositorio/apache-airflow-tutorial/env/lib/python3.11/site-packages/airflow/example_dags/example_bash_operator.py
[2023-08-23T21:42:39.756-0400] {processor.py:839} INFO - DAG(s) dict_keys(['example_bash_operator']) retrieved from /Users/mauri/Desktop/repositorio/apache-airflow-tutorial/env/lib/python3.11/site-packages/airflow/example_dags/example_bash_operator.py
[2023-08-23T21:42:39.798-0400] {logging_mixin.py:151} INFO - [2023-08-23T21:42:39.798-0400] {dag.py:2907} INFO - Sync 1 DAGs
[2023-08-23T21:42:39.804-0400] {logging_mixin.py:151} INFO - [2023-08-23T21:42:39.804-0400] {dag.py:3677} INFO - Setting next_dagrun for example_bash_operator to 2023-08-23T00:00:00+00:00, run_after=2023-08-24T00:00:00+00:00
[2023-08-23T21:42:39.810-0400] {processor.py:179} INFO - Processing /Users/mauri/Desktop/repositorio/apache-airflow-tutorial/env/lib/python3.11/site-packages/airflow/example_dags/example_bash_operator.py took 0.093 seconds
[2023-08-23T21:43:50.712-0400] {processor.py:157} INFO - Started process (PID=8999) to work on /Users/mauri/Desktop/repositorio/apache-airflow-tutorial/env/lib/python3.11/site-packages/airflow/example_dags/example_bash_operator.py
[2023-08-23T21:43:50.713-0400] {processor.py:829} INFO - Processing file /Users/mauri/Desktop/repositorio/apache-airflow-tutorial/env/lib/python3.11/site-packages/airflow/example_dags/example_bash_operator.py for tasks to queue
[2023-08-23T21:43:50.714-0400] {logging_mixin.py:151} INFO - [2023-08-23T21:43:50.713-0400] {dagbag.py:539} INFO - Filling up the DagBag from /Users/mauri/Desktop/repositorio/apache-airflow-tutorial/env/lib/python3.11/site-packages/airflow/example_dags/example_bash_operator.py
[2023-08-23T21:43:50.751-0400] {processor.py:839} INFO - DAG(s) dict_keys(['example_bash_operator']) retrieved from /Users/mauri/Desktop/repositorio/apache-airflow-tutorial/env/lib/python3.11/site-packages/airflow/example_dags/example_bash_operator.py
[2023-08-23T21:43:50.793-0400] {logging_mixin.py:151} INFO - [2023-08-23T21:43:50.793-0400] {dag.py:2907} INFO - Sync 1 DAGs
[2023-08-23T21:43:50.799-0400] {logging_mixin.py:151} INFO - [2023-08-23T21:43:50.799-0400] {dag.py:3677} INFO - Setting next_dagrun for example_bash_operator to 2023-08-23T00:00:00+00:00, run_after=2023-08-24T00:00:00+00:00
[2023-08-23T21:43:50.806-0400] {processor.py:179} INFO - Processing /Users/mauri/Desktop/repositorio/apache-airflow-tutorial/env/lib/python3.11/site-packages/airflow/example_dags/example_bash_operator.py took 0.094 seconds
[2023-08-23T21:45:03.202-0400] {processor.py:157} INFO - Started process (PID=9076) to work on /Users/mauri/Desktop/repositorio/apache-airflow-tutorial/env/lib/python3.11/site-packages/airflow/example_dags/example_bash_operator.py
[2023-08-23T21:45:03.203-0400] {processor.py:829} INFO - Processing file /Users/mauri/Desktop/repositorio/apache-airflow-tutorial/env/lib/python3.11/site-packages/airflow/example_dags/example_bash_operator.py for tasks to queue
[2023-08-23T21:45:03.203-0400] {logging_mixin.py:151} INFO - [2023-08-23T21:45:03.203-0400] {dagbag.py:539} INFO - Filling up the DagBag from /Users/mauri/Desktop/repositorio/apache-airflow-tutorial/env/lib/python3.11/site-packages/airflow/example_dags/example_bash_operator.py
[2023-08-23T21:45:03.242-0400] {processor.py:839} INFO - DAG(s) dict_keys(['example_bash_operator']) retrieved from /Users/mauri/Desktop/repositorio/apache-airflow-tutorial/env/lib/python3.11/site-packages/airflow/example_dags/example_bash_operator.py
[2023-08-23T21:45:03.284-0400] {logging_mixin.py:151} INFO - [2023-08-23T21:45:03.284-0400] {dag.py:2907} INFO - Sync 1 DAGs
[2023-08-23T21:45:03.289-0400] {logging_mixin.py:151} INFO - [2023-08-23T21:45:03.289-0400] {dag.py:3677} INFO - Setting next_dagrun for example_bash_operator to 2023-08-23T00:00:00+00:00, run_after=2023-08-24T00:00:00+00:00
[2023-08-23T21:45:03.296-0400] {processor.py:179} INFO - Processing /Users/mauri/Desktop/repositorio/apache-airflow-tutorial/env/lib/python3.11/site-packages/airflow/example_dags/example_bash_operator.py took 0.094 seconds
[2023-08-23T21:46:16.518-0400] {processor.py:157} INFO - Started process (PID=9196) to work on /Users/mauri/Desktop/repositorio/apache-airflow-tutorial/env/lib/python3.11/site-packages/airflow/example_dags/example_bash_operator.py
[2023-08-23T21:46:16.519-0400] {processor.py:829} INFO - Processing file /Users/mauri/Desktop/repositorio/apache-airflow-tutorial/env/lib/python3.11/site-packages/airflow/example_dags/example_bash_operator.py for tasks to queue
[2023-08-23T21:46:16.520-0400] {logging_mixin.py:151} INFO - [2023-08-23T21:46:16.520-0400] {dagbag.py:539} INFO - Filling up the DagBag from /Users/mauri/Desktop/repositorio/apache-airflow-tutorial/env/lib/python3.11/site-packages/airflow/example_dags/example_bash_operator.py
[2023-08-23T21:46:16.557-0400] {processor.py:839} INFO - DAG(s) dict_keys(['example_bash_operator']) retrieved from /Users/mauri/Desktop/repositorio/apache-airflow-tutorial/env/lib/python3.11/site-packages/airflow/example_dags/example_bash_operator.py
[2023-08-23T21:46:16.599-0400] {logging_mixin.py:151} INFO - [2023-08-23T21:46:16.599-0400] {dag.py:2907} INFO - Sync 1 DAGs
[2023-08-23T21:46:16.604-0400] {logging_mixin.py:151} INFO - [2023-08-23T21:46:16.604-0400] {dag.py:3677} INFO - Setting next_dagrun for example_bash_operator to 2023-08-23T00:00:00+00:00, run_after=2023-08-24T00:00:00+00:00
[2023-08-23T21:46:16.611-0400] {processor.py:179} INFO - Processing /Users/mauri/Desktop/repositorio/apache-airflow-tutorial/env/lib/python3.11/site-packages/airflow/example_dags/example_bash_operator.py took 0.093 seconds
[2023-08-23T21:47:24.683-0400] {processor.py:157} INFO - Started process (PID=9318) to work on /Users/mauri/Desktop/repositorio/apache-airflow-tutorial/env/lib/python3.11/site-packages/airflow/example_dags/example_bash_operator.py
[2023-08-23T21:47:24.684-0400] {processor.py:829} INFO - Processing file /Users/mauri/Desktop/repositorio/apache-airflow-tutorial/env/lib/python3.11/site-packages/airflow/example_dags/example_bash_operator.py for tasks to queue
[2023-08-23T21:47:24.684-0400] {logging_mixin.py:151} INFO - [2023-08-23T21:47:24.684-0400] {dagbag.py:539} INFO - Filling up the DagBag from /Users/mauri/Desktop/repositorio/apache-airflow-tutorial/env/lib/python3.11/site-packages/airflow/example_dags/example_bash_operator.py
[2023-08-23T21:47:24.722-0400] {processor.py:839} INFO - DAG(s) dict_keys(['example_bash_operator']) retrieved from /Users/mauri/Desktop/repositorio/apache-airflow-tutorial/env/lib/python3.11/site-packages/airflow/example_dags/example_bash_operator.py
[2023-08-23T21:47:24.764-0400] {logging_mixin.py:151} INFO - [2023-08-23T21:47:24.764-0400] {dag.py:2907} INFO - Sync 1 DAGs
[2023-08-23T21:47:24.769-0400] {logging_mixin.py:151} INFO - [2023-08-23T21:47:24.769-0400] {dag.py:3677} INFO - Setting next_dagrun for example_bash_operator to 2023-08-23T00:00:00+00:00, run_after=2023-08-24T00:00:00+00:00
[2023-08-23T21:47:24.776-0400] {processor.py:179} INFO - Processing /Users/mauri/Desktop/repositorio/apache-airflow-tutorial/env/lib/python3.11/site-packages/airflow/example_dags/example_bash_operator.py took 0.094 seconds
[2023-08-23T21:48:37.754-0400] {processor.py:157} INFO - Started process (PID=9428) to work on /Users/mauri/Desktop/repositorio/apache-airflow-tutorial/env/lib/python3.11/site-packages/airflow/example_dags/example_bash_operator.py
[2023-08-23T21:48:37.755-0400] {processor.py:829} INFO - Processing file /Users/mauri/Desktop/repositorio/apache-airflow-tutorial/env/lib/python3.11/site-packages/airflow/example_dags/example_bash_operator.py for tasks to queue
[2023-08-23T21:48:37.755-0400] {logging_mixin.py:151} INFO - [2023-08-23T21:48:37.755-0400] {dagbag.py:539} INFO - Filling up the DagBag from /Users/mauri/Desktop/repositorio/apache-airflow-tutorial/env/lib/python3.11/site-packages/airflow/example_dags/example_bash_operator.py
[2023-08-23T21:48:37.795-0400] {processor.py:839} INFO - DAG(s) dict_keys(['example_bash_operator']) retrieved from /Users/mauri/Desktop/repositorio/apache-airflow-tutorial/env/lib/python3.11/site-packages/airflow/example_dags/example_bash_operator.py
[2023-08-23T21:48:37.839-0400] {logging_mixin.py:151} INFO - [2023-08-23T21:48:37.839-0400] {dag.py:2907} INFO - Sync 1 DAGs
[2023-08-23T21:48:37.844-0400] {logging_mixin.py:151} INFO - [2023-08-23T21:48:37.844-0400] {dag.py:3677} INFO - Setting next_dagrun for example_bash_operator to 2023-08-23T00:00:00+00:00, run_after=2023-08-24T00:00:00+00:00
[2023-08-23T21:48:37.851-0400] {processor.py:179} INFO - Processing /Users/mauri/Desktop/repositorio/apache-airflow-tutorial/env/lib/python3.11/site-packages/airflow/example_dags/example_bash_operator.py took 0.098 seconds
[2023-08-23T21:49:51.701-0400] {processor.py:157} INFO - Started process (PID=9496) to work on /Users/mauri/Desktop/repositorio/apache-airflow-tutorial/env/lib/python3.11/site-packages/airflow/example_dags/example_bash_operator.py
[2023-08-23T21:49:51.702-0400] {processor.py:829} INFO - Processing file /Users/mauri/Desktop/repositorio/apache-airflow-tutorial/env/lib/python3.11/site-packages/airflow/example_dags/example_bash_operator.py for tasks to queue
[2023-08-23T21:49:51.702-0400] {logging_mixin.py:151} INFO - [2023-08-23T21:49:51.702-0400] {dagbag.py:539} INFO - Filling up the DagBag from /Users/mauri/Desktop/repositorio/apache-airflow-tutorial/env/lib/python3.11/site-packages/airflow/example_dags/example_bash_operator.py
[2023-08-23T21:49:51.740-0400] {processor.py:839} INFO - DAG(s) dict_keys(['example_bash_operator']) retrieved from /Users/mauri/Desktop/repositorio/apache-airflow-tutorial/env/lib/python3.11/site-packages/airflow/example_dags/example_bash_operator.py
[2023-08-23T21:49:51.783-0400] {logging_mixin.py:151} INFO - [2023-08-23T21:49:51.783-0400] {dag.py:2907} INFO - Sync 1 DAGs
[2023-08-23T21:49:51.789-0400] {logging_mixin.py:151} INFO - [2023-08-23T21:49:51.789-0400] {dag.py:3677} INFO - Setting next_dagrun for example_bash_operator to 2023-08-23T00:00:00+00:00, run_after=2023-08-24T00:00:00+00:00
[2023-08-23T21:49:51.796-0400] {processor.py:179} INFO - Processing /Users/mauri/Desktop/repositorio/apache-airflow-tutorial/env/lib/python3.11/site-packages/airflow/example_dags/example_bash_operator.py took 0.095 seconds
[2023-08-23T21:51:07.890-0400] {processor.py:157} INFO - Started process (PID=9574) to work on /Users/mauri/Desktop/repositorio/apache-airflow-tutorial/env/lib/python3.11/site-packages/airflow/example_dags/example_bash_operator.py
[2023-08-23T21:51:07.893-0400] {processor.py:829} INFO - Processing file /Users/mauri/Desktop/repositorio/apache-airflow-tutorial/env/lib/python3.11/site-packages/airflow/example_dags/example_bash_operator.py for tasks to queue
[2023-08-23T21:51:07.893-0400] {logging_mixin.py:151} INFO - [2023-08-23T21:51:07.893-0400] {dagbag.py:539} INFO - Filling up the DagBag from /Users/mauri/Desktop/repositorio/apache-airflow-tutorial/env/lib/python3.11/site-packages/airflow/example_dags/example_bash_operator.py
[2023-08-23T21:51:07.931-0400] {processor.py:839} INFO - DAG(s) dict_keys(['example_bash_operator']) retrieved from /Users/mauri/Desktop/repositorio/apache-airflow-tutorial/env/lib/python3.11/site-packages/airflow/example_dags/example_bash_operator.py
[2023-08-23T21:51:07.973-0400] {logging_mixin.py:151} INFO - [2023-08-23T21:51:07.972-0400] {dag.py:2907} INFO - Sync 1 DAGs
[2023-08-23T21:51:07.978-0400] {logging_mixin.py:151} INFO - [2023-08-23T21:51:07.978-0400] {dag.py:3677} INFO - Setting next_dagrun for example_bash_operator to 2023-08-23T00:00:00+00:00, run_after=2023-08-24T00:00:00+00:00
[2023-08-23T21:51:07.985-0400] {processor.py:179} INFO - Processing /Users/mauri/Desktop/repositorio/apache-airflow-tutorial/env/lib/python3.11/site-packages/airflow/example_dags/example_bash_operator.py took 0.095 seconds
[2023-08-23T21:52:20.502-0400] {processor.py:157} INFO - Started process (PID=9663) to work on /Users/mauri/Desktop/repositorio/apache-airflow-tutorial/env/lib/python3.11/site-packages/airflow/example_dags/example_bash_operator.py
[2023-08-23T21:52:20.503-0400] {processor.py:829} INFO - Processing file /Users/mauri/Desktop/repositorio/apache-airflow-tutorial/env/lib/python3.11/site-packages/airflow/example_dags/example_bash_operator.py for tasks to queue
[2023-08-23T21:52:20.503-0400] {logging_mixin.py:151} INFO - [2023-08-23T21:52:20.503-0400] {dagbag.py:539} INFO - Filling up the DagBag from /Users/mauri/Desktop/repositorio/apache-airflow-tutorial/env/lib/python3.11/site-packages/airflow/example_dags/example_bash_operator.py
[2023-08-23T21:52:20.542-0400] {processor.py:839} INFO - DAG(s) dict_keys(['example_bash_operator']) retrieved from /Users/mauri/Desktop/repositorio/apache-airflow-tutorial/env/lib/python3.11/site-packages/airflow/example_dags/example_bash_operator.py
[2023-08-23T21:52:20.588-0400] {logging_mixin.py:151} INFO - [2023-08-23T21:52:20.588-0400] {dag.py:2907} INFO - Sync 1 DAGs
[2023-08-23T21:52:20.594-0400] {logging_mixin.py:151} INFO - [2023-08-23T21:52:20.594-0400] {dag.py:3677} INFO - Setting next_dagrun for example_bash_operator to 2023-08-23T00:00:00+00:00, run_after=2023-08-24T00:00:00+00:00
[2023-08-23T21:52:20.601-0400] {processor.py:179} INFO - Processing /Users/mauri/Desktop/repositorio/apache-airflow-tutorial/env/lib/python3.11/site-packages/airflow/example_dags/example_bash_operator.py took 0.100 seconds
[2023-08-23T21:53:30.336-0400] {processor.py:157} INFO - Started process (PID=9727) to work on /Users/mauri/Desktop/repositorio/apache-airflow-tutorial/env/lib/python3.11/site-packages/airflow/example_dags/example_bash_operator.py
[2023-08-23T21:53:30.337-0400] {processor.py:829} INFO - Processing file /Users/mauri/Desktop/repositorio/apache-airflow-tutorial/env/lib/python3.11/site-packages/airflow/example_dags/example_bash_operator.py for tasks to queue
[2023-08-23T21:53:30.337-0400] {logging_mixin.py:151} INFO - [2023-08-23T21:53:30.337-0400] {dagbag.py:539} INFO - Filling up the DagBag from /Users/mauri/Desktop/repositorio/apache-airflow-tutorial/env/lib/python3.11/site-packages/airflow/example_dags/example_bash_operator.py
[2023-08-23T21:53:30.379-0400] {processor.py:839} INFO - DAG(s) dict_keys(['example_bash_operator']) retrieved from /Users/mauri/Desktop/repositorio/apache-airflow-tutorial/env/lib/python3.11/site-packages/airflow/example_dags/example_bash_operator.py
[2023-08-23T21:53:30.425-0400] {logging_mixin.py:151} INFO - [2023-08-23T21:53:30.424-0400] {dag.py:2907} INFO - Sync 1 DAGs
[2023-08-23T21:53:30.431-0400] {logging_mixin.py:151} INFO - [2023-08-23T21:53:30.431-0400] {dag.py:3677} INFO - Setting next_dagrun for example_bash_operator to 2023-08-23T00:00:00+00:00, run_after=2023-08-24T00:00:00+00:00
[2023-08-23T21:53:30.438-0400] {processor.py:179} INFO - Processing /Users/mauri/Desktop/repositorio/apache-airflow-tutorial/env/lib/python3.11/site-packages/airflow/example_dags/example_bash_operator.py took 0.103 seconds
[2023-08-23T21:54:41.712-0400] {processor.py:157} INFO - Started process (PID=9790) to work on /Users/mauri/Desktop/repositorio/apache-airflow-tutorial/env/lib/python3.11/site-packages/airflow/example_dags/example_bash_operator.py
[2023-08-23T21:54:41.713-0400] {processor.py:829} INFO - Processing file /Users/mauri/Desktop/repositorio/apache-airflow-tutorial/env/lib/python3.11/site-packages/airflow/example_dags/example_bash_operator.py for tasks to queue
[2023-08-23T21:54:41.713-0400] {logging_mixin.py:151} INFO - [2023-08-23T21:54:41.713-0400] {dagbag.py:539} INFO - Filling up the DagBag from /Users/mauri/Desktop/repositorio/apache-airflow-tutorial/env/lib/python3.11/site-packages/airflow/example_dags/example_bash_operator.py
[2023-08-23T21:54:41.755-0400] {processor.py:839} INFO - DAG(s) dict_keys(['example_bash_operator']) retrieved from /Users/mauri/Desktop/repositorio/apache-airflow-tutorial/env/lib/python3.11/site-packages/airflow/example_dags/example_bash_operator.py
[2023-08-23T21:54:41.797-0400] {logging_mixin.py:151} INFO - [2023-08-23T21:54:41.797-0400] {dag.py:2907} INFO - Sync 1 DAGs
[2023-08-23T21:54:41.803-0400] {logging_mixin.py:151} INFO - [2023-08-23T21:54:41.803-0400] {dag.py:3677} INFO - Setting next_dagrun for example_bash_operator to 2023-08-23T00:00:00+00:00, run_after=2023-08-24T00:00:00+00:00
[2023-08-23T21:54:41.810-0400] {processor.py:179} INFO - Processing /Users/mauri/Desktop/repositorio/apache-airflow-tutorial/env/lib/python3.11/site-packages/airflow/example_dags/example_bash_operator.py took 0.098 seconds
[2023-08-23T21:55:54.805-0400] {processor.py:157} INFO - Started process (PID=9860) to work on /Users/mauri/Desktop/repositorio/apache-airflow-tutorial/env/lib/python3.11/site-packages/airflow/example_dags/example_bash_operator.py
[2023-08-23T21:55:54.806-0400] {processor.py:829} INFO - Processing file /Users/mauri/Desktop/repositorio/apache-airflow-tutorial/env/lib/python3.11/site-packages/airflow/example_dags/example_bash_operator.py for tasks to queue
[2023-08-23T21:55:54.807-0400] {logging_mixin.py:151} INFO - [2023-08-23T21:55:54.807-0400] {dagbag.py:539} INFO - Filling up the DagBag from /Users/mauri/Desktop/repositorio/apache-airflow-tutorial/env/lib/python3.11/site-packages/airflow/example_dags/example_bash_operator.py
[2023-08-23T21:55:54.844-0400] {processor.py:839} INFO - DAG(s) dict_keys(['example_bash_operator']) retrieved from /Users/mauri/Desktop/repositorio/apache-airflow-tutorial/env/lib/python3.11/site-packages/airflow/example_dags/example_bash_operator.py
[2023-08-23T21:55:54.886-0400] {logging_mixin.py:151} INFO - [2023-08-23T21:55:54.886-0400] {dag.py:2907} INFO - Sync 1 DAGs
[2023-08-23T21:55:54.892-0400] {logging_mixin.py:151} INFO - [2023-08-23T21:55:54.891-0400] {dag.py:3677} INFO - Setting next_dagrun for example_bash_operator to 2023-08-23T00:00:00+00:00, run_after=2023-08-24T00:00:00+00:00
[2023-08-23T21:55:54.898-0400] {processor.py:179} INFO - Processing /Users/mauri/Desktop/repositorio/apache-airflow-tutorial/env/lib/python3.11/site-packages/airflow/example_dags/example_bash_operator.py took 0.094 seconds
[2023-08-23T21:57:08.684-0400] {processor.py:157} INFO - Started process (PID=9929) to work on /Users/mauri/Desktop/repositorio/apache-airflow-tutorial/env/lib/python3.11/site-packages/airflow/example_dags/example_bash_operator.py
[2023-08-23T21:57:08.685-0400] {processor.py:829} INFO - Processing file /Users/mauri/Desktop/repositorio/apache-airflow-tutorial/env/lib/python3.11/site-packages/airflow/example_dags/example_bash_operator.py for tasks to queue
[2023-08-23T21:57:08.686-0400] {logging_mixin.py:151} INFO - [2023-08-23T21:57:08.685-0400] {dagbag.py:539} INFO - Filling up the DagBag from /Users/mauri/Desktop/repositorio/apache-airflow-tutorial/env/lib/python3.11/site-packages/airflow/example_dags/example_bash_operator.py
[2023-08-23T21:57:08.723-0400] {processor.py:839} INFO - DAG(s) dict_keys(['example_bash_operator']) retrieved from /Users/mauri/Desktop/repositorio/apache-airflow-tutorial/env/lib/python3.11/site-packages/airflow/example_dags/example_bash_operator.py
[2023-08-23T21:57:08.765-0400] {logging_mixin.py:151} INFO - [2023-08-23T21:57:08.765-0400] {dag.py:2907} INFO - Sync 1 DAGs
[2023-08-23T21:57:08.770-0400] {logging_mixin.py:151} INFO - [2023-08-23T21:57:08.770-0400] {dag.py:3677} INFO - Setting next_dagrun for example_bash_operator to 2023-08-23T00:00:00+00:00, run_after=2023-08-24T00:00:00+00:00
[2023-08-23T21:57:08.777-0400] {processor.py:179} INFO - Processing /Users/mauri/Desktop/repositorio/apache-airflow-tutorial/env/lib/python3.11/site-packages/airflow/example_dags/example_bash_operator.py took 0.093 seconds
[2023-08-23T21:58:25.257-0400] {processor.py:157} INFO - Started process (PID=9994) to work on /Users/mauri/Desktop/repositorio/apache-airflow-tutorial/env/lib/python3.11/site-packages/airflow/example_dags/example_bash_operator.py
[2023-08-23T21:58:25.258-0400] {processor.py:829} INFO - Processing file /Users/mauri/Desktop/repositorio/apache-airflow-tutorial/env/lib/python3.11/site-packages/airflow/example_dags/example_bash_operator.py for tasks to queue
[2023-08-23T21:58:25.259-0400] {logging_mixin.py:151} INFO - [2023-08-23T21:58:25.259-0400] {dagbag.py:539} INFO - Filling up the DagBag from /Users/mauri/Desktop/repositorio/apache-airflow-tutorial/env/lib/python3.11/site-packages/airflow/example_dags/example_bash_operator.py
[2023-08-23T21:58:25.298-0400] {processor.py:839} INFO - DAG(s) dict_keys(['example_bash_operator']) retrieved from /Users/mauri/Desktop/repositorio/apache-airflow-tutorial/env/lib/python3.11/site-packages/airflow/example_dags/example_bash_operator.py
[2023-08-23T21:58:25.340-0400] {logging_mixin.py:151} INFO - [2023-08-23T21:58:25.340-0400] {dag.py:2907} INFO - Sync 1 DAGs
[2023-08-23T21:58:25.346-0400] {logging_mixin.py:151} INFO - [2023-08-23T21:58:25.346-0400] {dag.py:3677} INFO - Setting next_dagrun for example_bash_operator to 2023-08-23T00:00:00+00:00, run_after=2023-08-24T00:00:00+00:00
[2023-08-23T21:58:25.353-0400] {processor.py:179} INFO - Processing /Users/mauri/Desktop/repositorio/apache-airflow-tutorial/env/lib/python3.11/site-packages/airflow/example_dags/example_bash_operator.py took 0.096 seconds
[2023-08-23T21:59:39.270-0400] {processor.py:157} INFO - Started process (PID=10062) to work on /Users/mauri/Desktop/repositorio/apache-airflow-tutorial/env/lib/python3.11/site-packages/airflow/example_dags/example_bash_operator.py
[2023-08-23T21:59:39.271-0400] {processor.py:829} INFO - Processing file /Users/mauri/Desktop/repositorio/apache-airflow-tutorial/env/lib/python3.11/site-packages/airflow/example_dags/example_bash_operator.py for tasks to queue
[2023-08-23T21:59:39.271-0400] {logging_mixin.py:151} INFO - [2023-08-23T21:59:39.271-0400] {dagbag.py:539} INFO - Filling up the DagBag from /Users/mauri/Desktop/repositorio/apache-airflow-tutorial/env/lib/python3.11/site-packages/airflow/example_dags/example_bash_operator.py
[2023-08-23T21:59:39.310-0400] {processor.py:839} INFO - DAG(s) dict_keys(['example_bash_operator']) retrieved from /Users/mauri/Desktop/repositorio/apache-airflow-tutorial/env/lib/python3.11/site-packages/airflow/example_dags/example_bash_operator.py
[2023-08-23T21:59:39.356-0400] {logging_mixin.py:151} INFO - [2023-08-23T21:59:39.356-0400] {dag.py:2907} INFO - Sync 1 DAGs
[2023-08-23T21:59:39.362-0400] {logging_mixin.py:151} INFO - [2023-08-23T21:59:39.362-0400] {dag.py:3677} INFO - Setting next_dagrun for example_bash_operator to 2023-08-23T00:00:00+00:00, run_after=2023-08-24T00:00:00+00:00
[2023-08-23T21:59:39.369-0400] {processor.py:179} INFO - Processing /Users/mauri/Desktop/repositorio/apache-airflow-tutorial/env/lib/python3.11/site-packages/airflow/example_dags/example_bash_operator.py took 0.100 seconds
