[2023-08-23T21:34:50.846-0400] {processor.py:157} INFO - Started process (PID=8532) to work on /Users/mauri/Desktop/repositorio/apache-airflow-tutorial/env/lib/python3.11/site-packages/airflow/example_dags/example_dynamic_task_mapping_with_no_taskflow_operators.py
[2023-08-23T21:34:50.847-0400] {processor.py:829} INFO - Processing file /Users/mauri/Desktop/repositorio/apache-airflow-tutorial/env/lib/python3.11/site-packages/airflow/example_dags/example_dynamic_task_mapping_with_no_taskflow_operators.py for tasks to queue
[2023-08-23T21:34:50.847-0400] {logging_mixin.py:151} INFO - [2023-08-23T21:34:50.847-0400] {dagbag.py:539} INFO - Filling up the DagBag from /Users/mauri/Desktop/repositorio/apache-airflow-tutorial/env/lib/python3.11/site-packages/airflow/example_dags/example_dynamic_task_mapping_with_no_taskflow_operators.py
[2023-08-23T21:34:50.854-0400] {processor.py:839} INFO - DAG(s) dict_keys(['example_dynamic_task_mapping_with_no_taskflow_operators']) retrieved from /Users/mauri/Desktop/repositorio/apache-airflow-tutorial/env/lib/python3.11/site-packages/airflow/example_dags/example_dynamic_task_mapping_with_no_taskflow_operators.py
[2023-08-23T21:34:51.176-0400] {logging_mixin.py:151} INFO - [2023-08-23T21:34:51.176-0400] {manager.py:501} INFO - Created Permission View: can read on DAG:example_dynamic_task_mapping_with_no_taskflow_operators
[2023-08-23T21:34:51.179-0400] {logging_mixin.py:151} INFO - [2023-08-23T21:34:51.179-0400] {manager.py:501} INFO - Created Permission View: can edit on DAG:example_dynamic_task_mapping_with_no_taskflow_operators
[2023-08-23T21:34:51.182-0400] {logging_mixin.py:151} INFO - [2023-08-23T21:34:51.182-0400] {manager.py:501} INFO - Created Permission View: can delete on DAG:example_dynamic_task_mapping_with_no_taskflow_operators
[2023-08-23T21:34:51.185-0400] {logging_mixin.py:151} INFO - [2023-08-23T21:34:51.185-0400] {dag.py:2907} INFO - Sync 1 DAGs
[2023-08-23T21:34:51.189-0400] {logging_mixin.py:151} INFO - [2023-08-23T21:34:51.189-0400] {dag.py:2929} INFO - Creating ORM DAG for example_dynamic_task_mapping_with_no_taskflow_operators
[2023-08-23T21:34:51.191-0400] {logging_mixin.py:151} INFO - [2023-08-23T21:34:51.191-0400] {dag.py:3677} INFO - Setting next_dagrun for example_dynamic_task_mapping_with_no_taskflow_operators to 2023-08-23T01:34:51.191810+00:00, run_after=2023-08-24T01:34:51.191810+00:00
[2023-08-23T21:34:51.198-0400] {processor.py:179} INFO - Processing /Users/mauri/Desktop/repositorio/apache-airflow-tutorial/env/lib/python3.11/site-packages/airflow/example_dags/example_dynamic_task_mapping_with_no_taskflow_operators.py took 0.352 seconds
[2023-08-23T21:36:13.172-0400] {processor.py:157} INFO - Started process (PID=8606) to work on /Users/mauri/Desktop/repositorio/apache-airflow-tutorial/env/lib/python3.11/site-packages/airflow/example_dags/example_dynamic_task_mapping_with_no_taskflow_operators.py
[2023-08-23T21:36:13.174-0400] {processor.py:829} INFO - Processing file /Users/mauri/Desktop/repositorio/apache-airflow-tutorial/env/lib/python3.11/site-packages/airflow/example_dags/example_dynamic_task_mapping_with_no_taskflow_operators.py for tasks to queue
[2023-08-23T21:36:13.174-0400] {logging_mixin.py:151} INFO - [2023-08-23T21:36:13.174-0400] {dagbag.py:539} INFO - Filling up the DagBag from /Users/mauri/Desktop/repositorio/apache-airflow-tutorial/env/lib/python3.11/site-packages/airflow/example_dags/example_dynamic_task_mapping_with_no_taskflow_operators.py
[2023-08-23T21:36:13.181-0400] {processor.py:839} INFO - DAG(s) dict_keys(['example_dynamic_task_mapping_with_no_taskflow_operators']) retrieved from /Users/mauri/Desktop/repositorio/apache-airflow-tutorial/env/lib/python3.11/site-packages/airflow/example_dags/example_dynamic_task_mapping_with_no_taskflow_operators.py
[2023-08-23T21:36:13.259-0400] {logging_mixin.py:151} INFO - [2023-08-23T21:36:13.259-0400] {dag.py:2907} INFO - Sync 1 DAGs
[2023-08-23T21:36:13.266-0400] {logging_mixin.py:151} INFO - [2023-08-23T21:36:13.266-0400] {dag.py:3677} INFO - Setting next_dagrun for example_dynamic_task_mapping_with_no_taskflow_operators to 2023-08-23T01:36:13.265939+00:00, run_after=2023-08-24T01:36:13.265939+00:00
[2023-08-23T21:36:13.273-0400] {processor.py:179} INFO - Processing /Users/mauri/Desktop/repositorio/apache-airflow-tutorial/env/lib/python3.11/site-packages/airflow/example_dags/example_dynamic_task_mapping_with_no_taskflow_operators.py took 0.102 seconds
[2023-08-23T21:37:27.323-0400] {processor.py:157} INFO - Started process (PID=8669) to work on /Users/mauri/Desktop/repositorio/apache-airflow-tutorial/env/lib/python3.11/site-packages/airflow/example_dags/example_dynamic_task_mapping_with_no_taskflow_operators.py
[2023-08-23T21:37:27.325-0400] {processor.py:829} INFO - Processing file /Users/mauri/Desktop/repositorio/apache-airflow-tutorial/env/lib/python3.11/site-packages/airflow/example_dags/example_dynamic_task_mapping_with_no_taskflow_operators.py for tasks to queue
[2023-08-23T21:37:27.325-0400] {logging_mixin.py:151} INFO - [2023-08-23T21:37:27.325-0400] {dagbag.py:539} INFO - Filling up the DagBag from /Users/mauri/Desktop/repositorio/apache-airflow-tutorial/env/lib/python3.11/site-packages/airflow/example_dags/example_dynamic_task_mapping_with_no_taskflow_operators.py
[2023-08-23T21:37:27.332-0400] {processor.py:839} INFO - DAG(s) dict_keys(['example_dynamic_task_mapping_with_no_taskflow_operators']) retrieved from /Users/mauri/Desktop/repositorio/apache-airflow-tutorial/env/lib/python3.11/site-packages/airflow/example_dags/example_dynamic_task_mapping_with_no_taskflow_operators.py
[2023-08-23T21:37:27.402-0400] {logging_mixin.py:151} INFO - [2023-08-23T21:37:27.401-0400] {dag.py:2907} INFO - Sync 1 DAGs
[2023-08-23T21:37:27.407-0400] {logging_mixin.py:151} INFO - [2023-08-23T21:37:27.407-0400] {dag.py:3677} INFO - Setting next_dagrun for example_dynamic_task_mapping_with_no_taskflow_operators to 2023-08-23T01:37:27.407644+00:00, run_after=2023-08-24T01:37:27.407644+00:00
[2023-08-23T21:37:27.414-0400] {processor.py:179} INFO - Processing /Users/mauri/Desktop/repositorio/apache-airflow-tutorial/env/lib/python3.11/site-packages/airflow/example_dags/example_dynamic_task_mapping_with_no_taskflow_operators.py took 0.092 seconds
[2023-08-23T21:38:42.502-0400] {processor.py:157} INFO - Started process (PID=8738) to work on /Users/mauri/Desktop/repositorio/apache-airflow-tutorial/env/lib/python3.11/site-packages/airflow/example_dags/example_dynamic_task_mapping_with_no_taskflow_operators.py
[2023-08-23T21:38:42.504-0400] {processor.py:829} INFO - Processing file /Users/mauri/Desktop/repositorio/apache-airflow-tutorial/env/lib/python3.11/site-packages/airflow/example_dags/example_dynamic_task_mapping_with_no_taskflow_operators.py for tasks to queue
[2023-08-23T21:38:42.504-0400] {logging_mixin.py:151} INFO - [2023-08-23T21:38:42.504-0400] {dagbag.py:539} INFO - Filling up the DagBag from /Users/mauri/Desktop/repositorio/apache-airflow-tutorial/env/lib/python3.11/site-packages/airflow/example_dags/example_dynamic_task_mapping_with_no_taskflow_operators.py
[2023-08-23T21:38:42.510-0400] {processor.py:839} INFO - DAG(s) dict_keys(['example_dynamic_task_mapping_with_no_taskflow_operators']) retrieved from /Users/mauri/Desktop/repositorio/apache-airflow-tutorial/env/lib/python3.11/site-packages/airflow/example_dags/example_dynamic_task_mapping_with_no_taskflow_operators.py
[2023-08-23T21:38:42.579-0400] {logging_mixin.py:151} INFO - [2023-08-23T21:38:42.579-0400] {dag.py:2907} INFO - Sync 1 DAGs
[2023-08-23T21:38:42.585-0400] {logging_mixin.py:151} INFO - [2023-08-23T21:38:42.585-0400] {dag.py:3677} INFO - Setting next_dagrun for example_dynamic_task_mapping_with_no_taskflow_operators to 2023-08-23T01:38:42.584975+00:00, run_after=2023-08-24T01:38:42.584975+00:00
[2023-08-23T21:38:42.591-0400] {processor.py:179} INFO - Processing /Users/mauri/Desktop/repositorio/apache-airflow-tutorial/env/lib/python3.11/site-packages/airflow/example_dags/example_dynamic_task_mapping_with_no_taskflow_operators.py took 0.090 seconds
[2023-08-23T21:39:57.397-0400] {processor.py:157} INFO - Started process (PID=8805) to work on /Users/mauri/Desktop/repositorio/apache-airflow-tutorial/env/lib/python3.11/site-packages/airflow/example_dags/example_dynamic_task_mapping_with_no_taskflow_operators.py
[2023-08-23T21:39:57.398-0400] {processor.py:829} INFO - Processing file /Users/mauri/Desktop/repositorio/apache-airflow-tutorial/env/lib/python3.11/site-packages/airflow/example_dags/example_dynamic_task_mapping_with_no_taskflow_operators.py for tasks to queue
[2023-08-23T21:39:57.399-0400] {logging_mixin.py:151} INFO - [2023-08-23T21:39:57.399-0400] {dagbag.py:539} INFO - Filling up the DagBag from /Users/mauri/Desktop/repositorio/apache-airflow-tutorial/env/lib/python3.11/site-packages/airflow/example_dags/example_dynamic_task_mapping_with_no_taskflow_operators.py
[2023-08-23T21:39:57.404-0400] {processor.py:839} INFO - DAG(s) dict_keys(['example_dynamic_task_mapping_with_no_taskflow_operators']) retrieved from /Users/mauri/Desktop/repositorio/apache-airflow-tutorial/env/lib/python3.11/site-packages/airflow/example_dags/example_dynamic_task_mapping_with_no_taskflow_operators.py
[2023-08-23T21:39:57.473-0400] {logging_mixin.py:151} INFO - [2023-08-23T21:39:57.473-0400] {dag.py:2907} INFO - Sync 1 DAGs
[2023-08-23T21:39:57.478-0400] {logging_mixin.py:151} INFO - [2023-08-23T21:39:57.478-0400] {dag.py:3677} INFO - Setting next_dagrun for example_dynamic_task_mapping_with_no_taskflow_operators to 2023-08-23T01:39:57.478868+00:00, run_after=2023-08-24T01:39:57.478868+00:00
[2023-08-23T21:39:57.485-0400] {processor.py:179} INFO - Processing /Users/mauri/Desktop/repositorio/apache-airflow-tutorial/env/lib/python3.11/site-packages/airflow/example_dags/example_dynamic_task_mapping_with_no_taskflow_operators.py took 0.088 seconds
[2023-08-23T21:41:11.336-0400] {processor.py:157} INFO - Started process (PID=8861) to work on /Users/mauri/Desktop/repositorio/apache-airflow-tutorial/env/lib/python3.11/site-packages/airflow/example_dags/example_dynamic_task_mapping_with_no_taskflow_operators.py
[2023-08-23T21:41:11.337-0400] {processor.py:829} INFO - Processing file /Users/mauri/Desktop/repositorio/apache-airflow-tutorial/env/lib/python3.11/site-packages/airflow/example_dags/example_dynamic_task_mapping_with_no_taskflow_operators.py for tasks to queue
[2023-08-23T21:41:11.337-0400] {logging_mixin.py:151} INFO - [2023-08-23T21:41:11.337-0400] {dagbag.py:539} INFO - Filling up the DagBag from /Users/mauri/Desktop/repositorio/apache-airflow-tutorial/env/lib/python3.11/site-packages/airflow/example_dags/example_dynamic_task_mapping_with_no_taskflow_operators.py
[2023-08-23T21:41:11.343-0400] {processor.py:839} INFO - DAG(s) dict_keys(['example_dynamic_task_mapping_with_no_taskflow_operators']) retrieved from /Users/mauri/Desktop/repositorio/apache-airflow-tutorial/env/lib/python3.11/site-packages/airflow/example_dags/example_dynamic_task_mapping_with_no_taskflow_operators.py
[2023-08-23T21:41:11.412-0400] {logging_mixin.py:151} INFO - [2023-08-23T21:41:11.411-0400] {dag.py:2907} INFO - Sync 1 DAGs
[2023-08-23T21:41:11.417-0400] {logging_mixin.py:151} INFO - [2023-08-23T21:41:11.417-0400] {dag.py:3677} INFO - Setting next_dagrun for example_dynamic_task_mapping_with_no_taskflow_operators to 2023-08-23T01:41:11.417447+00:00, run_after=2023-08-24T01:41:11.417447+00:00
[2023-08-23T21:41:11.424-0400] {processor.py:179} INFO - Processing /Users/mauri/Desktop/repositorio/apache-airflow-tutorial/env/lib/python3.11/site-packages/airflow/example_dags/example_dynamic_task_mapping_with_no_taskflow_operators.py took 0.088 seconds
[2023-08-23T21:42:24.092-0400] {processor.py:157} INFO - Started process (PID=8918) to work on /Users/mauri/Desktop/repositorio/apache-airflow-tutorial/env/lib/python3.11/site-packages/airflow/example_dags/example_dynamic_task_mapping_with_no_taskflow_operators.py
[2023-08-23T21:42:24.094-0400] {processor.py:829} INFO - Processing file /Users/mauri/Desktop/repositorio/apache-airflow-tutorial/env/lib/python3.11/site-packages/airflow/example_dags/example_dynamic_task_mapping_with_no_taskflow_operators.py for tasks to queue
[2023-08-23T21:42:24.094-0400] {logging_mixin.py:151} INFO - [2023-08-23T21:42:24.094-0400] {dagbag.py:539} INFO - Filling up the DagBag from /Users/mauri/Desktop/repositorio/apache-airflow-tutorial/env/lib/python3.11/site-packages/airflow/example_dags/example_dynamic_task_mapping_with_no_taskflow_operators.py
[2023-08-23T21:42:24.100-0400] {processor.py:839} INFO - DAG(s) dict_keys(['example_dynamic_task_mapping_with_no_taskflow_operators']) retrieved from /Users/mauri/Desktop/repositorio/apache-airflow-tutorial/env/lib/python3.11/site-packages/airflow/example_dags/example_dynamic_task_mapping_with_no_taskflow_operators.py
[2023-08-23T21:42:24.168-0400] {logging_mixin.py:151} INFO - [2023-08-23T21:42:24.168-0400] {dag.py:2907} INFO - Sync 1 DAGs
[2023-08-23T21:42:24.173-0400] {logging_mixin.py:151} INFO - [2023-08-23T21:42:24.173-0400] {dag.py:3677} INFO - Setting next_dagrun for example_dynamic_task_mapping_with_no_taskflow_operators to 2023-08-23T01:42:24.173706+00:00, run_after=2023-08-24T01:42:24.173706+00:00
[2023-08-23T21:42:24.180-0400] {processor.py:179} INFO - Processing /Users/mauri/Desktop/repositorio/apache-airflow-tutorial/env/lib/python3.11/site-packages/airflow/example_dags/example_dynamic_task_mapping_with_no_taskflow_operators.py took 0.088 seconds
[2023-08-23T21:43:35.171-0400] {processor.py:157} INFO - Started process (PID=8985) to work on /Users/mauri/Desktop/repositorio/apache-airflow-tutorial/env/lib/python3.11/site-packages/airflow/example_dags/example_dynamic_task_mapping_with_no_taskflow_operators.py
[2023-08-23T21:43:35.173-0400] {processor.py:829} INFO - Processing file /Users/mauri/Desktop/repositorio/apache-airflow-tutorial/env/lib/python3.11/site-packages/airflow/example_dags/example_dynamic_task_mapping_with_no_taskflow_operators.py for tasks to queue
[2023-08-23T21:43:35.173-0400] {logging_mixin.py:151} INFO - [2023-08-23T21:43:35.173-0400] {dagbag.py:539} INFO - Filling up the DagBag from /Users/mauri/Desktop/repositorio/apache-airflow-tutorial/env/lib/python3.11/site-packages/airflow/example_dags/example_dynamic_task_mapping_with_no_taskflow_operators.py
[2023-08-23T21:43:35.179-0400] {processor.py:839} INFO - DAG(s) dict_keys(['example_dynamic_task_mapping_with_no_taskflow_operators']) retrieved from /Users/mauri/Desktop/repositorio/apache-airflow-tutorial/env/lib/python3.11/site-packages/airflow/example_dags/example_dynamic_task_mapping_with_no_taskflow_operators.py
[2023-08-23T21:43:35.248-0400] {logging_mixin.py:151} INFO - [2023-08-23T21:43:35.248-0400] {dag.py:2907} INFO - Sync 1 DAGs
[2023-08-23T21:43:35.253-0400] {logging_mixin.py:151} INFO - [2023-08-23T21:43:35.253-0400] {dag.py:3677} INFO - Setting next_dagrun for example_dynamic_task_mapping_with_no_taskflow_operators to 2023-08-23T01:43:35.253855+00:00, run_after=2023-08-24T01:43:35.253855+00:00
[2023-08-23T21:43:35.260-0400] {processor.py:179} INFO - Processing /Users/mauri/Desktop/repositorio/apache-airflow-tutorial/env/lib/python3.11/site-packages/airflow/example_dags/example_dynamic_task_mapping_with_no_taskflow_operators.py took 0.089 seconds
[2023-08-23T21:44:47.161-0400] {processor.py:157} INFO - Started process (PID=9063) to work on /Users/mauri/Desktop/repositorio/apache-airflow-tutorial/env/lib/python3.11/site-packages/airflow/example_dags/example_dynamic_task_mapping_with_no_taskflow_operators.py
[2023-08-23T21:44:47.163-0400] {processor.py:829} INFO - Processing file /Users/mauri/Desktop/repositorio/apache-airflow-tutorial/env/lib/python3.11/site-packages/airflow/example_dags/example_dynamic_task_mapping_with_no_taskflow_operators.py for tasks to queue
[2023-08-23T21:44:47.163-0400] {logging_mixin.py:151} INFO - [2023-08-23T21:44:47.163-0400] {dagbag.py:539} INFO - Filling up the DagBag from /Users/mauri/Desktop/repositorio/apache-airflow-tutorial/env/lib/python3.11/site-packages/airflow/example_dags/example_dynamic_task_mapping_with_no_taskflow_operators.py
[2023-08-23T21:44:47.169-0400] {processor.py:839} INFO - DAG(s) dict_keys(['example_dynamic_task_mapping_with_no_taskflow_operators']) retrieved from /Users/mauri/Desktop/repositorio/apache-airflow-tutorial/env/lib/python3.11/site-packages/airflow/example_dags/example_dynamic_task_mapping_with_no_taskflow_operators.py
[2023-08-23T21:44:47.238-0400] {logging_mixin.py:151} INFO - [2023-08-23T21:44:47.237-0400] {dag.py:2907} INFO - Sync 1 DAGs
[2023-08-23T21:44:47.243-0400] {logging_mixin.py:151} INFO - [2023-08-23T21:44:47.243-0400] {dag.py:3677} INFO - Setting next_dagrun for example_dynamic_task_mapping_with_no_taskflow_operators to 2023-08-23T01:44:47.243646+00:00, run_after=2023-08-24T01:44:47.243646+00:00
[2023-08-23T21:44:47.250-0400] {processor.py:179} INFO - Processing /Users/mauri/Desktop/repositorio/apache-airflow-tutorial/env/lib/python3.11/site-packages/airflow/example_dags/example_dynamic_task_mapping_with_no_taskflow_operators.py took 0.089 seconds
[2023-08-23T21:46:00.593-0400] {processor.py:157} INFO - Started process (PID=9163) to work on /Users/mauri/Desktop/repositorio/apache-airflow-tutorial/env/lib/python3.11/site-packages/airflow/example_dags/example_dynamic_task_mapping_with_no_taskflow_operators.py
[2023-08-23T21:46:00.594-0400] {processor.py:829} INFO - Processing file /Users/mauri/Desktop/repositorio/apache-airflow-tutorial/env/lib/python3.11/site-packages/airflow/example_dags/example_dynamic_task_mapping_with_no_taskflow_operators.py for tasks to queue
[2023-08-23T21:46:00.594-0400] {logging_mixin.py:151} INFO - [2023-08-23T21:46:00.594-0400] {dagbag.py:539} INFO - Filling up the DagBag from /Users/mauri/Desktop/repositorio/apache-airflow-tutorial/env/lib/python3.11/site-packages/airflow/example_dags/example_dynamic_task_mapping_with_no_taskflow_operators.py
[2023-08-23T21:46:00.600-0400] {processor.py:839} INFO - DAG(s) dict_keys(['example_dynamic_task_mapping_with_no_taskflow_operators']) retrieved from /Users/mauri/Desktop/repositorio/apache-airflow-tutorial/env/lib/python3.11/site-packages/airflow/example_dags/example_dynamic_task_mapping_with_no_taskflow_operators.py
[2023-08-23T21:46:00.668-0400] {logging_mixin.py:151} INFO - [2023-08-23T21:46:00.668-0400] {dag.py:2907} INFO - Sync 1 DAGs
[2023-08-23T21:46:00.673-0400] {logging_mixin.py:151} INFO - [2023-08-23T21:46:00.673-0400] {dag.py:3677} INFO - Setting next_dagrun for example_dynamic_task_mapping_with_no_taskflow_operators to 2023-08-23T01:46:00.673831+00:00, run_after=2023-08-24T01:46:00.673831+00:00
[2023-08-23T21:46:00.680-0400] {processor.py:179} INFO - Processing /Users/mauri/Desktop/repositorio/apache-airflow-tutorial/env/lib/python3.11/site-packages/airflow/example_dags/example_dynamic_task_mapping_with_no_taskflow_operators.py took 0.088 seconds
[2023-08-23T21:47:09.200-0400] {processor.py:157} INFO - Started process (PID=9301) to work on /Users/mauri/Desktop/repositorio/apache-airflow-tutorial/env/lib/python3.11/site-packages/airflow/example_dags/example_dynamic_task_mapping_with_no_taskflow_operators.py
[2023-08-23T21:47:09.202-0400] {processor.py:829} INFO - Processing file /Users/mauri/Desktop/repositorio/apache-airflow-tutorial/env/lib/python3.11/site-packages/airflow/example_dags/example_dynamic_task_mapping_with_no_taskflow_operators.py for tasks to queue
[2023-08-23T21:47:09.202-0400] {logging_mixin.py:151} INFO - [2023-08-23T21:47:09.202-0400] {dagbag.py:539} INFO - Filling up the DagBag from /Users/mauri/Desktop/repositorio/apache-airflow-tutorial/env/lib/python3.11/site-packages/airflow/example_dags/example_dynamic_task_mapping_with_no_taskflow_operators.py
[2023-08-23T21:47:09.207-0400] {processor.py:839} INFO - DAG(s) dict_keys(['example_dynamic_task_mapping_with_no_taskflow_operators']) retrieved from /Users/mauri/Desktop/repositorio/apache-airflow-tutorial/env/lib/python3.11/site-packages/airflow/example_dags/example_dynamic_task_mapping_with_no_taskflow_operators.py
[2023-08-23T21:47:09.276-0400] {logging_mixin.py:151} INFO - [2023-08-23T21:47:09.276-0400] {dag.py:2907} INFO - Sync 1 DAGs
[2023-08-23T21:47:09.281-0400] {logging_mixin.py:151} INFO - [2023-08-23T21:47:09.281-0400] {dag.py:3677} INFO - Setting next_dagrun for example_dynamic_task_mapping_with_no_taskflow_operators to 2023-08-23T01:47:09.281627+00:00, run_after=2023-08-24T01:47:09.281627+00:00
[2023-08-23T21:47:09.288-0400] {processor.py:179} INFO - Processing /Users/mauri/Desktop/repositorio/apache-airflow-tutorial/env/lib/python3.11/site-packages/airflow/example_dags/example_dynamic_task_mapping_with_no_taskflow_operators.py took 0.088 seconds
[2023-08-23T21:48:22.148-0400] {processor.py:157} INFO - Started process (PID=9417) to work on /Users/mauri/Desktop/repositorio/apache-airflow-tutorial/env/lib/python3.11/site-packages/airflow/example_dags/example_dynamic_task_mapping_with_no_taskflow_operators.py
[2023-08-23T21:48:22.149-0400] {processor.py:829} INFO - Processing file /Users/mauri/Desktop/repositorio/apache-airflow-tutorial/env/lib/python3.11/site-packages/airflow/example_dags/example_dynamic_task_mapping_with_no_taskflow_operators.py for tasks to queue
[2023-08-23T21:48:22.150-0400] {logging_mixin.py:151} INFO - [2023-08-23T21:48:22.149-0400] {dagbag.py:539} INFO - Filling up the DagBag from /Users/mauri/Desktop/repositorio/apache-airflow-tutorial/env/lib/python3.11/site-packages/airflow/example_dags/example_dynamic_task_mapping_with_no_taskflow_operators.py
[2023-08-23T21:48:22.155-0400] {processor.py:839} INFO - DAG(s) dict_keys(['example_dynamic_task_mapping_with_no_taskflow_operators']) retrieved from /Users/mauri/Desktop/repositorio/apache-airflow-tutorial/env/lib/python3.11/site-packages/airflow/example_dags/example_dynamic_task_mapping_with_no_taskflow_operators.py
[2023-08-23T21:48:22.225-0400] {logging_mixin.py:151} INFO - [2023-08-23T21:48:22.225-0400] {dag.py:2907} INFO - Sync 1 DAGs
[2023-08-23T21:48:22.231-0400] {logging_mixin.py:151} INFO - [2023-08-23T21:48:22.231-0400] {dag.py:3677} INFO - Setting next_dagrun for example_dynamic_task_mapping_with_no_taskflow_operators to 2023-08-23T01:48:22.231325+00:00, run_after=2023-08-24T01:48:22.231325+00:00
[2023-08-23T21:48:22.238-0400] {processor.py:179} INFO - Processing /Users/mauri/Desktop/repositorio/apache-airflow-tutorial/env/lib/python3.11/site-packages/airflow/example_dags/example_dynamic_task_mapping_with_no_taskflow_operators.py took 0.090 seconds
[2023-08-23T21:49:35.007-0400] {processor.py:157} INFO - Started process (PID=9481) to work on /Users/mauri/Desktop/repositorio/apache-airflow-tutorial/env/lib/python3.11/site-packages/airflow/example_dags/example_dynamic_task_mapping_with_no_taskflow_operators.py
[2023-08-23T21:49:35.009-0400] {processor.py:829} INFO - Processing file /Users/mauri/Desktop/repositorio/apache-airflow-tutorial/env/lib/python3.11/site-packages/airflow/example_dags/example_dynamic_task_mapping_with_no_taskflow_operators.py for tasks to queue
[2023-08-23T21:49:35.009-0400] {logging_mixin.py:151} INFO - [2023-08-23T21:49:35.009-0400] {dagbag.py:539} INFO - Filling up the DagBag from /Users/mauri/Desktop/repositorio/apache-airflow-tutorial/env/lib/python3.11/site-packages/airflow/example_dags/example_dynamic_task_mapping_with_no_taskflow_operators.py
[2023-08-23T21:49:35.016-0400] {processor.py:839} INFO - DAG(s) dict_keys(['example_dynamic_task_mapping_with_no_taskflow_operators']) retrieved from /Users/mauri/Desktop/repositorio/apache-airflow-tutorial/env/lib/python3.11/site-packages/airflow/example_dags/example_dynamic_task_mapping_with_no_taskflow_operators.py
[2023-08-23T21:49:35.086-0400] {logging_mixin.py:151} INFO - [2023-08-23T21:49:35.086-0400] {dag.py:2907} INFO - Sync 1 DAGs
[2023-08-23T21:49:35.092-0400] {logging_mixin.py:151} INFO - [2023-08-23T21:49:35.092-0400] {dag.py:3677} INFO - Setting next_dagrun for example_dynamic_task_mapping_with_no_taskflow_operators to 2023-08-23T01:49:35.092586+00:00, run_after=2023-08-24T01:49:35.092586+00:00
[2023-08-23T21:49:35.099-0400] {processor.py:179} INFO - Processing /Users/mauri/Desktop/repositorio/apache-airflow-tutorial/env/lib/python3.11/site-packages/airflow/example_dags/example_dynamic_task_mapping_with_no_taskflow_operators.py took 0.092 seconds
[2023-08-23T21:50:51.183-0400] {processor.py:157} INFO - Started process (PID=9552) to work on /Users/mauri/Desktop/repositorio/apache-airflow-tutorial/env/lib/python3.11/site-packages/airflow/example_dags/example_dynamic_task_mapping_with_no_taskflow_operators.py
[2023-08-23T21:50:51.184-0400] {processor.py:829} INFO - Processing file /Users/mauri/Desktop/repositorio/apache-airflow-tutorial/env/lib/python3.11/site-packages/airflow/example_dags/example_dynamic_task_mapping_with_no_taskflow_operators.py for tasks to queue
[2023-08-23T21:50:51.184-0400] {logging_mixin.py:151} INFO - [2023-08-23T21:50:51.184-0400] {dagbag.py:539} INFO - Filling up the DagBag from /Users/mauri/Desktop/repositorio/apache-airflow-tutorial/env/lib/python3.11/site-packages/airflow/example_dags/example_dynamic_task_mapping_with_no_taskflow_operators.py
[2023-08-23T21:50:51.190-0400] {processor.py:839} INFO - DAG(s) dict_keys(['example_dynamic_task_mapping_with_no_taskflow_operators']) retrieved from /Users/mauri/Desktop/repositorio/apache-airflow-tutorial/env/lib/python3.11/site-packages/airflow/example_dags/example_dynamic_task_mapping_with_no_taskflow_operators.py
[2023-08-23T21:50:51.260-0400] {logging_mixin.py:151} INFO - [2023-08-23T21:50:51.259-0400] {dag.py:2907} INFO - Sync 1 DAGs
[2023-08-23T21:50:51.265-0400] {logging_mixin.py:151} INFO - [2023-08-23T21:50:51.265-0400] {dag.py:3677} INFO - Setting next_dagrun for example_dynamic_task_mapping_with_no_taskflow_operators to 2023-08-23T01:50:51.265541+00:00, run_after=2023-08-24T01:50:51.265541+00:00
[2023-08-23T21:50:51.272-0400] {processor.py:179} INFO - Processing /Users/mauri/Desktop/repositorio/apache-airflow-tutorial/env/lib/python3.11/site-packages/airflow/example_dags/example_dynamic_task_mapping_with_no_taskflow_operators.py took 0.089 seconds
[2023-08-23T21:52:05.071-0400] {processor.py:157} INFO - Started process (PID=9650) to work on /Users/mauri/Desktop/repositorio/apache-airflow-tutorial/env/lib/python3.11/site-packages/airflow/example_dags/example_dynamic_task_mapping_with_no_taskflow_operators.py
[2023-08-23T21:52:05.074-0400] {processor.py:829} INFO - Processing file /Users/mauri/Desktop/repositorio/apache-airflow-tutorial/env/lib/python3.11/site-packages/airflow/example_dags/example_dynamic_task_mapping_with_no_taskflow_operators.py for tasks to queue
[2023-08-23T21:52:05.074-0400] {logging_mixin.py:151} INFO - [2023-08-23T21:52:05.074-0400] {dagbag.py:539} INFO - Filling up the DagBag from /Users/mauri/Desktop/repositorio/apache-airflow-tutorial/env/lib/python3.11/site-packages/airflow/example_dags/example_dynamic_task_mapping_with_no_taskflow_operators.py
[2023-08-23T21:52:05.079-0400] {processor.py:839} INFO - DAG(s) dict_keys(['example_dynamic_task_mapping_with_no_taskflow_operators']) retrieved from /Users/mauri/Desktop/repositorio/apache-airflow-tutorial/env/lib/python3.11/site-packages/airflow/example_dags/example_dynamic_task_mapping_with_no_taskflow_operators.py
[2023-08-23T21:52:05.148-0400] {logging_mixin.py:151} INFO - [2023-08-23T21:52:05.148-0400] {dag.py:2907} INFO - Sync 1 DAGs
[2023-08-23T21:52:05.154-0400] {logging_mixin.py:151} INFO - [2023-08-23T21:52:05.154-0400] {dag.py:3677} INFO - Setting next_dagrun for example_dynamic_task_mapping_with_no_taskflow_operators to 2023-08-23T01:52:05.154199+00:00, run_after=2023-08-24T01:52:05.154199+00:00
[2023-08-23T21:52:05.161-0400] {processor.py:179} INFO - Processing /Users/mauri/Desktop/repositorio/apache-airflow-tutorial/env/lib/python3.11/site-packages/airflow/example_dags/example_dynamic_task_mapping_with_no_taskflow_operators.py took 0.090 seconds
[2023-08-23T21:53:15.105-0400] {processor.py:157} INFO - Started process (PID=9716) to work on /Users/mauri/Desktop/repositorio/apache-airflow-tutorial/env/lib/python3.11/site-packages/airflow/example_dags/example_dynamic_task_mapping_with_no_taskflow_operators.py
[2023-08-23T21:53:15.107-0400] {processor.py:829} INFO - Processing file /Users/mauri/Desktop/repositorio/apache-airflow-tutorial/env/lib/python3.11/site-packages/airflow/example_dags/example_dynamic_task_mapping_with_no_taskflow_operators.py for tasks to queue
[2023-08-23T21:53:15.107-0400] {logging_mixin.py:151} INFO - [2023-08-23T21:53:15.107-0400] {dagbag.py:539} INFO - Filling up the DagBag from /Users/mauri/Desktop/repositorio/apache-airflow-tutorial/env/lib/python3.11/site-packages/airflow/example_dags/example_dynamic_task_mapping_with_no_taskflow_operators.py
[2023-08-23T21:53:15.113-0400] {processor.py:839} INFO - DAG(s) dict_keys(['example_dynamic_task_mapping_with_no_taskflow_operators']) retrieved from /Users/mauri/Desktop/repositorio/apache-airflow-tutorial/env/lib/python3.11/site-packages/airflow/example_dags/example_dynamic_task_mapping_with_no_taskflow_operators.py
[2023-08-23T21:53:15.192-0400] {logging_mixin.py:151} INFO - [2023-08-23T21:53:15.192-0400] {dag.py:2907} INFO - Sync 1 DAGs
[2023-08-23T21:53:15.199-0400] {logging_mixin.py:151} INFO - [2023-08-23T21:53:15.199-0400] {dag.py:3677} INFO - Setting next_dagrun for example_dynamic_task_mapping_with_no_taskflow_operators to 2023-08-23T01:53:15.199161+00:00, run_after=2023-08-24T01:53:15.199161+00:00
[2023-08-23T21:53:15.207-0400] {processor.py:179} INFO - Processing /Users/mauri/Desktop/repositorio/apache-airflow-tutorial/env/lib/python3.11/site-packages/airflow/example_dags/example_dynamic_task_mapping_with_no_taskflow_operators.py took 0.102 seconds
[2023-08-23T21:54:26.225-0400] {processor.py:157} INFO - Started process (PID=9779) to work on /Users/mauri/Desktop/repositorio/apache-airflow-tutorial/env/lib/python3.11/site-packages/airflow/example_dags/example_dynamic_task_mapping_with_no_taskflow_operators.py
[2023-08-23T21:54:26.226-0400] {processor.py:829} INFO - Processing file /Users/mauri/Desktop/repositorio/apache-airflow-tutorial/env/lib/python3.11/site-packages/airflow/example_dags/example_dynamic_task_mapping_with_no_taskflow_operators.py for tasks to queue
[2023-08-23T21:54:26.226-0400] {logging_mixin.py:151} INFO - [2023-08-23T21:54:26.226-0400] {dagbag.py:539} INFO - Filling up the DagBag from /Users/mauri/Desktop/repositorio/apache-airflow-tutorial/env/lib/python3.11/site-packages/airflow/example_dags/example_dynamic_task_mapping_with_no_taskflow_operators.py
[2023-08-23T21:54:26.232-0400] {processor.py:839} INFO - DAG(s) dict_keys(['example_dynamic_task_mapping_with_no_taskflow_operators']) retrieved from /Users/mauri/Desktop/repositorio/apache-airflow-tutorial/env/lib/python3.11/site-packages/airflow/example_dags/example_dynamic_task_mapping_with_no_taskflow_operators.py
[2023-08-23T21:54:26.301-0400] {logging_mixin.py:151} INFO - [2023-08-23T21:54:26.301-0400] {dag.py:2907} INFO - Sync 1 DAGs
[2023-08-23T21:54:26.306-0400] {logging_mixin.py:151} INFO - [2023-08-23T21:54:26.306-0400] {dag.py:3677} INFO - Setting next_dagrun for example_dynamic_task_mapping_with_no_taskflow_operators to 2023-08-23T01:54:26.306647+00:00, run_after=2023-08-24T01:54:26.306647+00:00
[2023-08-23T21:54:26.313-0400] {processor.py:179} INFO - Processing /Users/mauri/Desktop/repositorio/apache-airflow-tutorial/env/lib/python3.11/site-packages/airflow/example_dags/example_dynamic_task_mapping_with_no_taskflow_operators.py took 0.088 seconds
[2023-08-23T21:55:39.224-0400] {processor.py:157} INFO - Started process (PID=9847) to work on /Users/mauri/Desktop/repositorio/apache-airflow-tutorial/env/lib/python3.11/site-packages/airflow/example_dags/example_dynamic_task_mapping_with_no_taskflow_operators.py
[2023-08-23T21:55:39.225-0400] {processor.py:829} INFO - Processing file /Users/mauri/Desktop/repositorio/apache-airflow-tutorial/env/lib/python3.11/site-packages/airflow/example_dags/example_dynamic_task_mapping_with_no_taskflow_operators.py for tasks to queue
[2023-08-23T21:55:39.225-0400] {logging_mixin.py:151} INFO - [2023-08-23T21:55:39.225-0400] {dagbag.py:539} INFO - Filling up the DagBag from /Users/mauri/Desktop/repositorio/apache-airflow-tutorial/env/lib/python3.11/site-packages/airflow/example_dags/example_dynamic_task_mapping_with_no_taskflow_operators.py
[2023-08-23T21:55:39.231-0400] {processor.py:839} INFO - DAG(s) dict_keys(['example_dynamic_task_mapping_with_no_taskflow_operators']) retrieved from /Users/mauri/Desktop/repositorio/apache-airflow-tutorial/env/lib/python3.11/site-packages/airflow/example_dags/example_dynamic_task_mapping_with_no_taskflow_operators.py
[2023-08-23T21:55:39.299-0400] {logging_mixin.py:151} INFO - [2023-08-23T21:55:39.299-0400] {dag.py:2907} INFO - Sync 1 DAGs
[2023-08-23T21:55:39.305-0400] {logging_mixin.py:151} INFO - [2023-08-23T21:55:39.305-0400] {dag.py:3677} INFO - Setting next_dagrun for example_dynamic_task_mapping_with_no_taskflow_operators to 2023-08-23T01:55:39.305130+00:00, run_after=2023-08-24T01:55:39.305130+00:00
[2023-08-23T21:55:39.311-0400] {processor.py:179} INFO - Processing /Users/mauri/Desktop/repositorio/apache-airflow-tutorial/env/lib/python3.11/site-packages/airflow/example_dags/example_dynamic_task_mapping_with_no_taskflow_operators.py took 0.088 seconds
[2023-08-23T21:56:52.398-0400] {processor.py:157} INFO - Started process (PID=9914) to work on /Users/mauri/Desktop/repositorio/apache-airflow-tutorial/env/lib/python3.11/site-packages/airflow/example_dags/example_dynamic_task_mapping_with_no_taskflow_operators.py
[2023-08-23T21:56:52.399-0400] {processor.py:829} INFO - Processing file /Users/mauri/Desktop/repositorio/apache-airflow-tutorial/env/lib/python3.11/site-packages/airflow/example_dags/example_dynamic_task_mapping_with_no_taskflow_operators.py for tasks to queue
[2023-08-23T21:56:52.400-0400] {logging_mixin.py:151} INFO - [2023-08-23T21:56:52.400-0400] {dagbag.py:539} INFO - Filling up the DagBag from /Users/mauri/Desktop/repositorio/apache-airflow-tutorial/env/lib/python3.11/site-packages/airflow/example_dags/example_dynamic_task_mapping_with_no_taskflow_operators.py
[2023-08-23T21:56:52.405-0400] {processor.py:839} INFO - DAG(s) dict_keys(['example_dynamic_task_mapping_with_no_taskflow_operators']) retrieved from /Users/mauri/Desktop/repositorio/apache-airflow-tutorial/env/lib/python3.11/site-packages/airflow/example_dags/example_dynamic_task_mapping_with_no_taskflow_operators.py
[2023-08-23T21:56:52.474-0400] {logging_mixin.py:151} INFO - [2023-08-23T21:56:52.474-0400] {dag.py:2907} INFO - Sync 1 DAGs
[2023-08-23T21:56:52.480-0400] {logging_mixin.py:151} INFO - [2023-08-23T21:56:52.480-0400] {dag.py:3677} INFO - Setting next_dagrun for example_dynamic_task_mapping_with_no_taskflow_operators to 2023-08-23T01:56:52.480012+00:00, run_after=2023-08-24T01:56:52.480012+00:00
[2023-08-23T21:56:52.486-0400] {processor.py:179} INFO - Processing /Users/mauri/Desktop/repositorio/apache-airflow-tutorial/env/lib/python3.11/site-packages/airflow/example_dags/example_dynamic_task_mapping_with_no_taskflow_operators.py took 0.088 seconds
[2023-08-23T21:58:09.024-0400] {processor.py:157} INFO - Started process (PID=9983) to work on /Users/mauri/Desktop/repositorio/apache-airflow-tutorial/env/lib/python3.11/site-packages/airflow/example_dags/example_dynamic_task_mapping_with_no_taskflow_operators.py
[2023-08-23T21:58:09.025-0400] {processor.py:829} INFO - Processing file /Users/mauri/Desktop/repositorio/apache-airflow-tutorial/env/lib/python3.11/site-packages/airflow/example_dags/example_dynamic_task_mapping_with_no_taskflow_operators.py for tasks to queue
[2023-08-23T21:58:09.025-0400] {logging_mixin.py:151} INFO - [2023-08-23T21:58:09.025-0400] {dagbag.py:539} INFO - Filling up the DagBag from /Users/mauri/Desktop/repositorio/apache-airflow-tutorial/env/lib/python3.11/site-packages/airflow/example_dags/example_dynamic_task_mapping_with_no_taskflow_operators.py
[2023-08-23T21:58:09.031-0400] {processor.py:839} INFO - DAG(s) dict_keys(['example_dynamic_task_mapping_with_no_taskflow_operators']) retrieved from /Users/mauri/Desktop/repositorio/apache-airflow-tutorial/env/lib/python3.11/site-packages/airflow/example_dags/example_dynamic_task_mapping_with_no_taskflow_operators.py
[2023-08-23T21:58:09.099-0400] {logging_mixin.py:151} INFO - [2023-08-23T21:58:09.099-0400] {dag.py:2907} INFO - Sync 1 DAGs
[2023-08-23T21:58:09.106-0400] {logging_mixin.py:151} INFO - [2023-08-23T21:58:09.106-0400] {dag.py:3677} INFO - Setting next_dagrun for example_dynamic_task_mapping_with_no_taskflow_operators to 2023-08-23T01:58:09.106151+00:00, run_after=2023-08-24T01:58:09.106151+00:00
[2023-08-23T21:58:09.113-0400] {processor.py:179} INFO - Processing /Users/mauri/Desktop/repositorio/apache-airflow-tutorial/env/lib/python3.11/site-packages/airflow/example_dags/example_dynamic_task_mapping_with_no_taskflow_operators.py took 0.090 seconds
[2023-08-23T21:59:23.711-0400] {processor.py:157} INFO - Started process (PID=10050) to work on /Users/mauri/Desktop/repositorio/apache-airflow-tutorial/env/lib/python3.11/site-packages/airflow/example_dags/example_dynamic_task_mapping_with_no_taskflow_operators.py
[2023-08-23T21:59:23.712-0400] {processor.py:829} INFO - Processing file /Users/mauri/Desktop/repositorio/apache-airflow-tutorial/env/lib/python3.11/site-packages/airflow/example_dags/example_dynamic_task_mapping_with_no_taskflow_operators.py for tasks to queue
[2023-08-23T21:59:23.713-0400] {logging_mixin.py:151} INFO - [2023-08-23T21:59:23.713-0400] {dagbag.py:539} INFO - Filling up the DagBag from /Users/mauri/Desktop/repositorio/apache-airflow-tutorial/env/lib/python3.11/site-packages/airflow/example_dags/example_dynamic_task_mapping_with_no_taskflow_operators.py
[2023-08-23T21:59:23.719-0400] {processor.py:839} INFO - DAG(s) dict_keys(['example_dynamic_task_mapping_with_no_taskflow_operators']) retrieved from /Users/mauri/Desktop/repositorio/apache-airflow-tutorial/env/lib/python3.11/site-packages/airflow/example_dags/example_dynamic_task_mapping_with_no_taskflow_operators.py
[2023-08-23T21:59:23.792-0400] {logging_mixin.py:151} INFO - [2023-08-23T21:59:23.791-0400] {dag.py:2907} INFO - Sync 1 DAGs
[2023-08-23T21:59:23.797-0400] {logging_mixin.py:151} INFO - [2023-08-23T21:59:23.797-0400] {dag.py:3677} INFO - Setting next_dagrun for example_dynamic_task_mapping_with_no_taskflow_operators to 2023-08-23T01:59:23.797848+00:00, run_after=2023-08-24T01:59:23.797848+00:00
[2023-08-23T21:59:23.804-0400] {processor.py:179} INFO - Processing /Users/mauri/Desktop/repositorio/apache-airflow-tutorial/env/lib/python3.11/site-packages/airflow/example_dags/example_dynamic_task_mapping_with_no_taskflow_operators.py took 0.094 seconds
