[2023-08-23T21:34:33.436-0400] {processor.py:157} INFO - Started process (PID=8521) to work on /Users/mauri/Desktop/repositorio/apache-airflow-tutorial/env/lib/python3.11/site-packages/airflow/example_dags/example_python_operator.py
[2023-08-23T21:34:33.438-0400] {processor.py:829} INFO - Processing file /Users/mauri/Desktop/repositorio/apache-airflow-tutorial/env/lib/python3.11/site-packages/airflow/example_dags/example_python_operator.py for tasks to queue
[2023-08-23T21:34:33.438-0400] {logging_mixin.py:151} INFO - [2023-08-23T21:34:33.438-0400] {dagbag.py:539} INFO - Filling up the DagBag from /Users/mauri/Desktop/repositorio/apache-airflow-tutorial/env/lib/python3.11/site-packages/airflow/example_dags/example_python_operator.py
[2023-08-23T21:34:33.469-0400] {logging_mixin.py:151} INFO - [2023-08-23T21:34:33.469-0400] {example_python_operator.py:89} WARNING - The virtalenv_python example task requires virtualenv, please install it.
[2023-08-23T21:34:33.471-0400] {processor.py:839} INFO - DAG(s) dict_keys(['example_python_operator']) retrieved from /Users/mauri/Desktop/repositorio/apache-airflow-tutorial/env/lib/python3.11/site-packages/airflow/example_dags/example_python_operator.py
[2023-08-23T21:34:33.774-0400] {logging_mixin.py:151} INFO - [2023-08-23T21:34:33.774-0400] {manager.py:501} INFO - Created Permission View: can read on DAG:example_python_operator
[2023-08-23T21:34:33.777-0400] {logging_mixin.py:151} INFO - [2023-08-23T21:34:33.777-0400] {manager.py:501} INFO - Created Permission View: can delete on DAG:example_python_operator
[2023-08-23T21:34:33.779-0400] {logging_mixin.py:151} INFO - [2023-08-23T21:34:33.779-0400] {manager.py:501} INFO - Created Permission View: can edit on DAG:example_python_operator
[2023-08-23T21:34:33.782-0400] {logging_mixin.py:151} INFO - [2023-08-23T21:34:33.782-0400] {dag.py:2907} INFO - Sync 1 DAGs
[2023-08-23T21:34:33.785-0400] {logging_mixin.py:151} INFO - [2023-08-23T21:34:33.785-0400] {dag.py:2929} INFO - Creating ORM DAG for example_python_operator
[2023-08-23T21:34:33.785-0400] {logging_mixin.py:151} INFO - [2023-08-23T21:34:33.785-0400] {dag.py:3677} INFO - Setting next_dagrun for example_python_operator to None, run_after=None
[2023-08-23T21:34:33.792-0400] {processor.py:179} INFO - Processing /Users/mauri/Desktop/repositorio/apache-airflow-tutorial/env/lib/python3.11/site-packages/airflow/example_dags/example_python_operator.py took 0.356 seconds
[2023-08-23T21:35:47.482-0400] {processor.py:157} INFO - Started process (PID=8576) to work on /Users/mauri/Desktop/repositorio/apache-airflow-tutorial/env/lib/python3.11/site-packages/airflow/example_dags/example_python_operator.py
[2023-08-23T21:35:47.485-0400] {processor.py:829} INFO - Processing file /Users/mauri/Desktop/repositorio/apache-airflow-tutorial/env/lib/python3.11/site-packages/airflow/example_dags/example_python_operator.py for tasks to queue
[2023-08-23T21:35:47.485-0400] {logging_mixin.py:151} INFO - [2023-08-23T21:35:47.485-0400] {dagbag.py:539} INFO - Filling up the DagBag from /Users/mauri/Desktop/repositorio/apache-airflow-tutorial/env/lib/python3.11/site-packages/airflow/example_dags/example_python_operator.py
[2023-08-23T21:35:47.515-0400] {logging_mixin.py:151} INFO - [2023-08-23T21:35:47.515-0400] {example_python_operator.py:89} WARNING - The virtalenv_python example task requires virtualenv, please install it.
[2023-08-23T21:35:47.517-0400] {processor.py:839} INFO - DAG(s) dict_keys(['example_python_operator']) retrieved from /Users/mauri/Desktop/repositorio/apache-airflow-tutorial/env/lib/python3.11/site-packages/airflow/example_dags/example_python_operator.py
[2023-08-23T21:35:47.570-0400] {logging_mixin.py:151} INFO - [2023-08-23T21:35:47.570-0400] {dag.py:2907} INFO - Sync 1 DAGs
[2023-08-23T21:35:47.573-0400] {logging_mixin.py:151} INFO - [2023-08-23T21:35:47.573-0400] {dag.py:3677} INFO - Setting next_dagrun for example_python_operator to None, run_after=None
[2023-08-23T21:35:47.580-0400] {processor.py:179} INFO - Processing /Users/mauri/Desktop/repositorio/apache-airflow-tutorial/env/lib/python3.11/site-packages/airflow/example_dags/example_python_operator.py took 0.098 seconds
[2023-08-23T21:37:00.957-0400] {processor.py:157} INFO - Started process (PID=8644) to work on /Users/mauri/Desktop/repositorio/apache-airflow-tutorial/env/lib/python3.11/site-packages/airflow/example_dags/example_python_operator.py
[2023-08-23T21:37:00.959-0400] {processor.py:829} INFO - Processing file /Users/mauri/Desktop/repositorio/apache-airflow-tutorial/env/lib/python3.11/site-packages/airflow/example_dags/example_python_operator.py for tasks to queue
[2023-08-23T21:37:00.959-0400] {logging_mixin.py:151} INFO - [2023-08-23T21:37:00.959-0400] {dagbag.py:539} INFO - Filling up the DagBag from /Users/mauri/Desktop/repositorio/apache-airflow-tutorial/env/lib/python3.11/site-packages/airflow/example_dags/example_python_operator.py
[2023-08-23T21:37:00.989-0400] {logging_mixin.py:151} INFO - [2023-08-23T21:37:00.989-0400] {example_python_operator.py:89} WARNING - The virtalenv_python example task requires virtualenv, please install it.
[2023-08-23T21:37:00.991-0400] {processor.py:839} INFO - DAG(s) dict_keys(['example_python_operator']) retrieved from /Users/mauri/Desktop/repositorio/apache-airflow-tutorial/env/lib/python3.11/site-packages/airflow/example_dags/example_python_operator.py
[2023-08-23T21:37:01.044-0400] {logging_mixin.py:151} INFO - [2023-08-23T21:37:01.043-0400] {dag.py:2907} INFO - Sync 1 DAGs
[2023-08-23T21:37:01.047-0400] {logging_mixin.py:151} INFO - [2023-08-23T21:37:01.046-0400] {dag.py:3677} INFO - Setting next_dagrun for example_python_operator to None, run_after=None
[2023-08-23T21:37:01.053-0400] {processor.py:179} INFO - Processing /Users/mauri/Desktop/repositorio/apache-airflow-tutorial/env/lib/python3.11/site-packages/airflow/example_dags/example_python_operator.py took 0.097 seconds
[2023-08-23T21:38:14.350-0400] {processor.py:157} INFO - Started process (PID=8703) to work on /Users/mauri/Desktop/repositorio/apache-airflow-tutorial/env/lib/python3.11/site-packages/airflow/example_dags/example_python_operator.py
[2023-08-23T21:38:14.352-0400] {processor.py:829} INFO - Processing file /Users/mauri/Desktop/repositorio/apache-airflow-tutorial/env/lib/python3.11/site-packages/airflow/example_dags/example_python_operator.py for tasks to queue
[2023-08-23T21:38:14.353-0400] {logging_mixin.py:151} INFO - [2023-08-23T21:38:14.353-0400] {dagbag.py:539} INFO - Filling up the DagBag from /Users/mauri/Desktop/repositorio/apache-airflow-tutorial/env/lib/python3.11/site-packages/airflow/example_dags/example_python_operator.py
[2023-08-23T21:38:14.384-0400] {logging_mixin.py:151} INFO - [2023-08-23T21:38:14.384-0400] {example_python_operator.py:89} WARNING - The virtalenv_python example task requires virtualenv, please install it.
[2023-08-23T21:38:14.386-0400] {processor.py:839} INFO - DAG(s) dict_keys(['example_python_operator']) retrieved from /Users/mauri/Desktop/repositorio/apache-airflow-tutorial/env/lib/python3.11/site-packages/airflow/example_dags/example_python_operator.py
[2023-08-23T21:38:14.446-0400] {logging_mixin.py:151} INFO - [2023-08-23T21:38:14.446-0400] {dag.py:2907} INFO - Sync 1 DAGs
[2023-08-23T21:38:14.449-0400] {logging_mixin.py:151} INFO - [2023-08-23T21:38:14.449-0400] {dag.py:3677} INFO - Setting next_dagrun for example_python_operator to None, run_after=None
[2023-08-23T21:38:14.457-0400] {processor.py:179} INFO - Processing /Users/mauri/Desktop/repositorio/apache-airflow-tutorial/env/lib/python3.11/site-packages/airflow/example_dags/example_python_operator.py took 0.107 seconds
[2023-08-23T21:39:30.978-0400] {processor.py:157} INFO - Started process (PID=8780) to work on /Users/mauri/Desktop/repositorio/apache-airflow-tutorial/env/lib/python3.11/site-packages/airflow/example_dags/example_python_operator.py
[2023-08-23T21:39:30.981-0400] {processor.py:829} INFO - Processing file /Users/mauri/Desktop/repositorio/apache-airflow-tutorial/env/lib/python3.11/site-packages/airflow/example_dags/example_python_operator.py for tasks to queue
[2023-08-23T21:39:30.981-0400] {logging_mixin.py:151} INFO - [2023-08-23T21:39:30.981-0400] {dagbag.py:539} INFO - Filling up the DagBag from /Users/mauri/Desktop/repositorio/apache-airflow-tutorial/env/lib/python3.11/site-packages/airflow/example_dags/example_python_operator.py
[2023-08-23T21:39:31.012-0400] {logging_mixin.py:151} INFO - [2023-08-23T21:39:31.012-0400] {example_python_operator.py:89} WARNING - The virtalenv_python example task requires virtualenv, please install it.
[2023-08-23T21:39:31.015-0400] {processor.py:839} INFO - DAG(s) dict_keys(['example_python_operator']) retrieved from /Users/mauri/Desktop/repositorio/apache-airflow-tutorial/env/lib/python3.11/site-packages/airflow/example_dags/example_python_operator.py
[2023-08-23T21:39:31.067-0400] {logging_mixin.py:151} INFO - [2023-08-23T21:39:31.067-0400] {dag.py:2907} INFO - Sync 1 DAGs
[2023-08-23T21:39:31.070-0400] {logging_mixin.py:151} INFO - [2023-08-23T21:39:31.070-0400] {dag.py:3677} INFO - Setting next_dagrun for example_python_operator to None, run_after=None
[2023-08-23T21:39:31.077-0400] {processor.py:179} INFO - Processing /Users/mauri/Desktop/repositorio/apache-airflow-tutorial/env/lib/python3.11/site-packages/airflow/example_dags/example_python_operator.py took 0.099 seconds
[2023-08-23T21:40:45.058-0400] {processor.py:157} INFO - Started process (PID=8841) to work on /Users/mauri/Desktop/repositorio/apache-airflow-tutorial/env/lib/python3.11/site-packages/airflow/example_dags/example_python_operator.py
[2023-08-23T21:40:45.059-0400] {processor.py:829} INFO - Processing file /Users/mauri/Desktop/repositorio/apache-airflow-tutorial/env/lib/python3.11/site-packages/airflow/example_dags/example_python_operator.py for tasks to queue
[2023-08-23T21:40:45.059-0400] {logging_mixin.py:151} INFO - [2023-08-23T21:40:45.059-0400] {dagbag.py:539} INFO - Filling up the DagBag from /Users/mauri/Desktop/repositorio/apache-airflow-tutorial/env/lib/python3.11/site-packages/airflow/example_dags/example_python_operator.py
[2023-08-23T21:40:45.092-0400] {logging_mixin.py:151} INFO - [2023-08-23T21:40:45.092-0400] {example_python_operator.py:89} WARNING - The virtalenv_python example task requires virtualenv, please install it.
[2023-08-23T21:40:45.094-0400] {processor.py:839} INFO - DAG(s) dict_keys(['example_python_operator']) retrieved from /Users/mauri/Desktop/repositorio/apache-airflow-tutorial/env/lib/python3.11/site-packages/airflow/example_dags/example_python_operator.py
[2023-08-23T21:40:45.149-0400] {logging_mixin.py:151} INFO - [2023-08-23T21:40:45.149-0400] {dag.py:2907} INFO - Sync 1 DAGs
[2023-08-23T21:40:45.152-0400] {logging_mixin.py:151} INFO - [2023-08-23T21:40:45.152-0400] {dag.py:3677} INFO - Setting next_dagrun for example_python_operator to None, run_after=None
[2023-08-23T21:40:45.159-0400] {processor.py:179} INFO - Processing /Users/mauri/Desktop/repositorio/apache-airflow-tutorial/env/lib/python3.11/site-packages/airflow/example_dags/example_python_operator.py took 0.101 seconds
[2023-08-23T21:41:57.788-0400] {processor.py:157} INFO - Started process (PID=8899) to work on /Users/mauri/Desktop/repositorio/apache-airflow-tutorial/env/lib/python3.11/site-packages/airflow/example_dags/example_python_operator.py
[2023-08-23T21:41:57.789-0400] {processor.py:829} INFO - Processing file /Users/mauri/Desktop/repositorio/apache-airflow-tutorial/env/lib/python3.11/site-packages/airflow/example_dags/example_python_operator.py for tasks to queue
[2023-08-23T21:41:57.789-0400] {logging_mixin.py:151} INFO - [2023-08-23T21:41:57.789-0400] {dagbag.py:539} INFO - Filling up the DagBag from /Users/mauri/Desktop/repositorio/apache-airflow-tutorial/env/lib/python3.11/site-packages/airflow/example_dags/example_python_operator.py
[2023-08-23T21:41:57.819-0400] {logging_mixin.py:151} INFO - [2023-08-23T21:41:57.819-0400] {example_python_operator.py:89} WARNING - The virtalenv_python example task requires virtualenv, please install it.
[2023-08-23T21:41:57.821-0400] {processor.py:839} INFO - DAG(s) dict_keys(['example_python_operator']) retrieved from /Users/mauri/Desktop/repositorio/apache-airflow-tutorial/env/lib/python3.11/site-packages/airflow/example_dags/example_python_operator.py
[2023-08-23T21:41:57.875-0400] {logging_mixin.py:151} INFO - [2023-08-23T21:41:57.875-0400] {dag.py:2907} INFO - Sync 1 DAGs
[2023-08-23T21:41:57.878-0400] {logging_mixin.py:151} INFO - [2023-08-23T21:41:57.878-0400] {dag.py:3677} INFO - Setting next_dagrun for example_python_operator to None, run_after=None
[2023-08-23T21:41:57.885-0400] {processor.py:179} INFO - Processing /Users/mauri/Desktop/repositorio/apache-airflow-tutorial/env/lib/python3.11/site-packages/airflow/example_dags/example_python_operator.py took 0.098 seconds
[2023-08-23T21:43:10.397-0400] {processor.py:157} INFO - Started process (PID=8964) to work on /Users/mauri/Desktop/repositorio/apache-airflow-tutorial/env/lib/python3.11/site-packages/airflow/example_dags/example_python_operator.py
[2023-08-23T21:43:10.398-0400] {processor.py:829} INFO - Processing file /Users/mauri/Desktop/repositorio/apache-airflow-tutorial/env/lib/python3.11/site-packages/airflow/example_dags/example_python_operator.py for tasks to queue
[2023-08-23T21:43:10.398-0400] {logging_mixin.py:151} INFO - [2023-08-23T21:43:10.398-0400] {dagbag.py:539} INFO - Filling up the DagBag from /Users/mauri/Desktop/repositorio/apache-airflow-tutorial/env/lib/python3.11/site-packages/airflow/example_dags/example_python_operator.py
[2023-08-23T21:43:10.427-0400] {logging_mixin.py:151} INFO - [2023-08-23T21:43:10.427-0400] {example_python_operator.py:89} WARNING - The virtalenv_python example task requires virtualenv, please install it.
[2023-08-23T21:43:10.430-0400] {processor.py:839} INFO - DAG(s) dict_keys(['example_python_operator']) retrieved from /Users/mauri/Desktop/repositorio/apache-airflow-tutorial/env/lib/python3.11/site-packages/airflow/example_dags/example_python_operator.py
[2023-08-23T21:43:10.482-0400] {logging_mixin.py:151} INFO - [2023-08-23T21:43:10.482-0400] {dag.py:2907} INFO - Sync 1 DAGs
[2023-08-23T21:43:10.485-0400] {logging_mixin.py:151} INFO - [2023-08-23T21:43:10.485-0400] {dag.py:3677} INFO - Setting next_dagrun for example_python_operator to None, run_after=None
[2023-08-23T21:43:10.491-0400] {processor.py:179} INFO - Processing /Users/mauri/Desktop/repositorio/apache-airflow-tutorial/env/lib/python3.11/site-packages/airflow/example_dags/example_python_operator.py took 0.095 seconds
[2023-08-23T21:44:19.459-0400] {processor.py:157} INFO - Started process (PID=9028) to work on /Users/mauri/Desktop/repositorio/apache-airflow-tutorial/env/lib/python3.11/site-packages/airflow/example_dags/example_python_operator.py
[2023-08-23T21:44:19.460-0400] {processor.py:829} INFO - Processing file /Users/mauri/Desktop/repositorio/apache-airflow-tutorial/env/lib/python3.11/site-packages/airflow/example_dags/example_python_operator.py for tasks to queue
[2023-08-23T21:44:19.460-0400] {logging_mixin.py:151} INFO - [2023-08-23T21:44:19.460-0400] {dagbag.py:539} INFO - Filling up the DagBag from /Users/mauri/Desktop/repositorio/apache-airflow-tutorial/env/lib/python3.11/site-packages/airflow/example_dags/example_python_operator.py
[2023-08-23T21:44:19.489-0400] {logging_mixin.py:151} INFO - [2023-08-23T21:44:19.489-0400] {example_python_operator.py:89} WARNING - The virtalenv_python example task requires virtualenv, please install it.
[2023-08-23T21:44:19.492-0400] {processor.py:839} INFO - DAG(s) dict_keys(['example_python_operator']) retrieved from /Users/mauri/Desktop/repositorio/apache-airflow-tutorial/env/lib/python3.11/site-packages/airflow/example_dags/example_python_operator.py
[2023-08-23T21:44:19.544-0400] {logging_mixin.py:151} INFO - [2023-08-23T21:44:19.544-0400] {dag.py:2907} INFO - Sync 1 DAGs
[2023-08-23T21:44:19.547-0400] {logging_mixin.py:151} INFO - [2023-08-23T21:44:19.547-0400] {dag.py:3677} INFO - Setting next_dagrun for example_python_operator to None, run_after=None
[2023-08-23T21:44:19.554-0400] {processor.py:179} INFO - Processing /Users/mauri/Desktop/repositorio/apache-airflow-tutorial/env/lib/python3.11/site-packages/airflow/example_dags/example_python_operator.py took 0.095 seconds
[2023-08-23T21:45:34.218-0400] {processor.py:157} INFO - Started process (PID=9106) to work on /Users/mauri/Desktop/repositorio/apache-airflow-tutorial/env/lib/python3.11/site-packages/airflow/example_dags/example_python_operator.py
[2023-08-23T21:45:34.219-0400] {processor.py:829} INFO - Processing file /Users/mauri/Desktop/repositorio/apache-airflow-tutorial/env/lib/python3.11/site-packages/airflow/example_dags/example_python_operator.py for tasks to queue
[2023-08-23T21:45:34.219-0400] {logging_mixin.py:151} INFO - [2023-08-23T21:45:34.219-0400] {dagbag.py:539} INFO - Filling up the DagBag from /Users/mauri/Desktop/repositorio/apache-airflow-tutorial/env/lib/python3.11/site-packages/airflow/example_dags/example_python_operator.py
[2023-08-23T21:45:34.248-0400] {logging_mixin.py:151} INFO - [2023-08-23T21:45:34.248-0400] {example_python_operator.py:89} WARNING - The virtalenv_python example task requires virtualenv, please install it.
[2023-08-23T21:45:34.251-0400] {processor.py:839} INFO - DAG(s) dict_keys(['example_python_operator']) retrieved from /Users/mauri/Desktop/repositorio/apache-airflow-tutorial/env/lib/python3.11/site-packages/airflow/example_dags/example_python_operator.py
[2023-08-23T21:45:34.304-0400] {logging_mixin.py:151} INFO - [2023-08-23T21:45:34.303-0400] {dag.py:2907} INFO - Sync 1 DAGs
[2023-08-23T21:45:34.306-0400] {logging_mixin.py:151} INFO - [2023-08-23T21:45:34.306-0400] {dag.py:3677} INFO - Setting next_dagrun for example_python_operator to None, run_after=None
[2023-08-23T21:45:34.313-0400] {processor.py:179} INFO - Processing /Users/mauri/Desktop/repositorio/apache-airflow-tutorial/env/lib/python3.11/site-packages/airflow/example_dags/example_python_operator.py took 0.096 seconds
[2023-08-23T21:46:45.331-0400] {processor.py:157} INFO - Started process (PID=9270) to work on /Users/mauri/Desktop/repositorio/apache-airflow-tutorial/env/lib/python3.11/site-packages/airflow/example_dags/example_python_operator.py
[2023-08-23T21:46:45.333-0400] {processor.py:829} INFO - Processing file /Users/mauri/Desktop/repositorio/apache-airflow-tutorial/env/lib/python3.11/site-packages/airflow/example_dags/example_python_operator.py for tasks to queue
[2023-08-23T21:46:45.333-0400] {logging_mixin.py:151} INFO - [2023-08-23T21:46:45.333-0400] {dagbag.py:539} INFO - Filling up the DagBag from /Users/mauri/Desktop/repositorio/apache-airflow-tutorial/env/lib/python3.11/site-packages/airflow/example_dags/example_python_operator.py
[2023-08-23T21:46:45.362-0400] {logging_mixin.py:151} INFO - [2023-08-23T21:46:45.362-0400] {example_python_operator.py:89} WARNING - The virtalenv_python example task requires virtualenv, please install it.
[2023-08-23T21:46:45.364-0400] {processor.py:839} INFO - DAG(s) dict_keys(['example_python_operator']) retrieved from /Users/mauri/Desktop/repositorio/apache-airflow-tutorial/env/lib/python3.11/site-packages/airflow/example_dags/example_python_operator.py
[2023-08-23T21:46:45.418-0400] {logging_mixin.py:151} INFO - [2023-08-23T21:46:45.417-0400] {dag.py:2907} INFO - Sync 1 DAGs
[2023-08-23T21:46:45.421-0400] {logging_mixin.py:151} INFO - [2023-08-23T21:46:45.420-0400] {dag.py:3677} INFO - Setting next_dagrun for example_python_operator to None, run_after=None
[2023-08-23T21:46:45.427-0400] {processor.py:179} INFO - Processing /Users/mauri/Desktop/repositorio/apache-airflow-tutorial/env/lib/python3.11/site-packages/airflow/example_dags/example_python_operator.py took 0.096 seconds
[2023-08-23T21:47:55.830-0400] {processor.py:157} INFO - Started process (PID=9366) to work on /Users/mauri/Desktop/repositorio/apache-airflow-tutorial/env/lib/python3.11/site-packages/airflow/example_dags/example_python_operator.py
[2023-08-23T21:47:55.832-0400] {processor.py:829} INFO - Processing file /Users/mauri/Desktop/repositorio/apache-airflow-tutorial/env/lib/python3.11/site-packages/airflow/example_dags/example_python_operator.py for tasks to queue
[2023-08-23T21:47:55.832-0400] {logging_mixin.py:151} INFO - [2023-08-23T21:47:55.832-0400] {dagbag.py:539} INFO - Filling up the DagBag from /Users/mauri/Desktop/repositorio/apache-airflow-tutorial/env/lib/python3.11/site-packages/airflow/example_dags/example_python_operator.py
[2023-08-23T21:47:55.861-0400] {logging_mixin.py:151} INFO - [2023-08-23T21:47:55.861-0400] {example_python_operator.py:89} WARNING - The virtalenv_python example task requires virtualenv, please install it.
[2023-08-23T21:47:55.863-0400] {processor.py:839} INFO - DAG(s) dict_keys(['example_python_operator']) retrieved from /Users/mauri/Desktop/repositorio/apache-airflow-tutorial/env/lib/python3.11/site-packages/airflow/example_dags/example_python_operator.py
[2023-08-23T21:47:55.921-0400] {logging_mixin.py:151} INFO - [2023-08-23T21:47:55.921-0400] {dag.py:2907} INFO - Sync 1 DAGs
[2023-08-23T21:47:55.924-0400] {logging_mixin.py:151} INFO - [2023-08-23T21:47:55.924-0400] {dag.py:3677} INFO - Setting next_dagrun for example_python_operator to None, run_after=None
[2023-08-23T21:47:55.931-0400] {processor.py:179} INFO - Processing /Users/mauri/Desktop/repositorio/apache-airflow-tutorial/env/lib/python3.11/site-packages/airflow/example_dags/example_python_operator.py took 0.101 seconds
[2023-08-23T21:49:08.983-0400] {processor.py:157} INFO - Started process (PID=9461) to work on /Users/mauri/Desktop/repositorio/apache-airflow-tutorial/env/lib/python3.11/site-packages/airflow/example_dags/example_python_operator.py
[2023-08-23T21:49:08.984-0400] {processor.py:829} INFO - Processing file /Users/mauri/Desktop/repositorio/apache-airflow-tutorial/env/lib/python3.11/site-packages/airflow/example_dags/example_python_operator.py for tasks to queue
[2023-08-23T21:49:08.984-0400] {logging_mixin.py:151} INFO - [2023-08-23T21:49:08.984-0400] {dagbag.py:539} INFO - Filling up the DagBag from /Users/mauri/Desktop/repositorio/apache-airflow-tutorial/env/lib/python3.11/site-packages/airflow/example_dags/example_python_operator.py
[2023-08-23T21:49:09.014-0400] {logging_mixin.py:151} INFO - [2023-08-23T21:49:09.014-0400] {example_python_operator.py:89} WARNING - The virtalenv_python example task requires virtualenv, please install it.
[2023-08-23T21:49:09.017-0400] {processor.py:839} INFO - DAG(s) dict_keys(['example_python_operator']) retrieved from /Users/mauri/Desktop/repositorio/apache-airflow-tutorial/env/lib/python3.11/site-packages/airflow/example_dags/example_python_operator.py
[2023-08-23T21:49:09.069-0400] {logging_mixin.py:151} INFO - [2023-08-23T21:49:09.069-0400] {dag.py:2907} INFO - Sync 1 DAGs
[2023-08-23T21:49:09.072-0400] {logging_mixin.py:151} INFO - [2023-08-23T21:49:09.072-0400] {dag.py:3677} INFO - Setting next_dagrun for example_python_operator to None, run_after=None
[2023-08-23T21:49:09.079-0400] {processor.py:179} INFO - Processing /Users/mauri/Desktop/repositorio/apache-airflow-tutorial/env/lib/python3.11/site-packages/airflow/example_dags/example_python_operator.py took 0.096 seconds
[2023-08-23T21:50:24.395-0400] {processor.py:157} INFO - Started process (PID=9531) to work on /Users/mauri/Desktop/repositorio/apache-airflow-tutorial/env/lib/python3.11/site-packages/airflow/example_dags/example_python_operator.py
[2023-08-23T21:50:24.398-0400] {processor.py:829} INFO - Processing file /Users/mauri/Desktop/repositorio/apache-airflow-tutorial/env/lib/python3.11/site-packages/airflow/example_dags/example_python_operator.py for tasks to queue
[2023-08-23T21:50:24.398-0400] {logging_mixin.py:151} INFO - [2023-08-23T21:50:24.398-0400] {dagbag.py:539} INFO - Filling up the DagBag from /Users/mauri/Desktop/repositorio/apache-airflow-tutorial/env/lib/python3.11/site-packages/airflow/example_dags/example_python_operator.py
[2023-08-23T21:50:24.428-0400] {logging_mixin.py:151} INFO - [2023-08-23T21:50:24.428-0400] {example_python_operator.py:89} WARNING - The virtalenv_python example task requires virtualenv, please install it.
[2023-08-23T21:50:24.430-0400] {processor.py:839} INFO - DAG(s) dict_keys(['example_python_operator']) retrieved from /Users/mauri/Desktop/repositorio/apache-airflow-tutorial/env/lib/python3.11/site-packages/airflow/example_dags/example_python_operator.py
[2023-08-23T21:50:24.482-0400] {logging_mixin.py:151} INFO - [2023-08-23T21:50:24.482-0400] {dag.py:2907} INFO - Sync 1 DAGs
[2023-08-23T21:50:24.485-0400] {logging_mixin.py:151} INFO - [2023-08-23T21:50:24.485-0400] {dag.py:3677} INFO - Setting next_dagrun for example_python_operator to None, run_after=None
[2023-08-23T21:50:24.492-0400] {processor.py:179} INFO - Processing /Users/mauri/Desktop/repositorio/apache-airflow-tutorial/env/lib/python3.11/site-packages/airflow/example_dags/example_python_operator.py took 0.097 seconds
[2023-08-23T21:51:38.799-0400] {processor.py:157} INFO - Started process (PID=9621) to work on /Users/mauri/Desktop/repositorio/apache-airflow-tutorial/env/lib/python3.11/site-packages/airflow/example_dags/example_python_operator.py
[2023-08-23T21:51:38.801-0400] {processor.py:829} INFO - Processing file /Users/mauri/Desktop/repositorio/apache-airflow-tutorial/env/lib/python3.11/site-packages/airflow/example_dags/example_python_operator.py for tasks to queue
[2023-08-23T21:51:38.801-0400] {logging_mixin.py:151} INFO - [2023-08-23T21:51:38.801-0400] {dagbag.py:539} INFO - Filling up the DagBag from /Users/mauri/Desktop/repositorio/apache-airflow-tutorial/env/lib/python3.11/site-packages/airflow/example_dags/example_python_operator.py
[2023-08-23T21:51:38.831-0400] {logging_mixin.py:151} INFO - [2023-08-23T21:51:38.831-0400] {example_python_operator.py:89} WARNING - The virtalenv_python example task requires virtualenv, please install it.
[2023-08-23T21:51:38.833-0400] {processor.py:839} INFO - DAG(s) dict_keys(['example_python_operator']) retrieved from /Users/mauri/Desktop/repositorio/apache-airflow-tutorial/env/lib/python3.11/site-packages/airflow/example_dags/example_python_operator.py
[2023-08-23T21:51:38.886-0400] {logging_mixin.py:151} INFO - [2023-08-23T21:51:38.886-0400] {dag.py:2907} INFO - Sync 1 DAGs
[2023-08-23T21:51:38.889-0400] {logging_mixin.py:151} INFO - [2023-08-23T21:51:38.889-0400] {dag.py:3677} INFO - Setting next_dagrun for example_python_operator to None, run_after=None
[2023-08-23T21:51:38.896-0400] {processor.py:179} INFO - Processing /Users/mauri/Desktop/repositorio/apache-airflow-tutorial/env/lib/python3.11/site-packages/airflow/example_dags/example_python_operator.py took 0.097 seconds
[2023-08-23T21:52:49.878-0400] {processor.py:157} INFO - Started process (PID=9686) to work on /Users/mauri/Desktop/repositorio/apache-airflow-tutorial/env/lib/python3.11/site-packages/airflow/example_dags/example_python_operator.py
[2023-08-23T21:52:49.879-0400] {processor.py:829} INFO - Processing file /Users/mauri/Desktop/repositorio/apache-airflow-tutorial/env/lib/python3.11/site-packages/airflow/example_dags/example_python_operator.py for tasks to queue
[2023-08-23T21:52:49.879-0400] {logging_mixin.py:151} INFO - [2023-08-23T21:52:49.879-0400] {dagbag.py:539} INFO - Filling up the DagBag from /Users/mauri/Desktop/repositorio/apache-airflow-tutorial/env/lib/python3.11/site-packages/airflow/example_dags/example_python_operator.py
[2023-08-23T21:52:49.910-0400] {logging_mixin.py:151} INFO - [2023-08-23T21:52:49.910-0400] {example_python_operator.py:89} WARNING - The virtalenv_python example task requires virtualenv, please install it.
[2023-08-23T21:52:49.913-0400] {processor.py:839} INFO - DAG(s) dict_keys(['example_python_operator']) retrieved from /Users/mauri/Desktop/repositorio/apache-airflow-tutorial/env/lib/python3.11/site-packages/airflow/example_dags/example_python_operator.py
[2023-08-23T21:52:49.970-0400] {logging_mixin.py:151} INFO - [2023-08-23T21:52:49.970-0400] {dag.py:2907} INFO - Sync 1 DAGs
[2023-08-23T21:52:49.973-0400] {logging_mixin.py:151} INFO - [2023-08-23T21:52:49.973-0400] {dag.py:3677} INFO - Setting next_dagrun for example_python_operator to None, run_after=None
[2023-08-23T21:52:49.980-0400] {processor.py:179} INFO - Processing /Users/mauri/Desktop/repositorio/apache-airflow-tutorial/env/lib/python3.11/site-packages/airflow/example_dags/example_python_operator.py took 0.102 seconds
[2023-08-23T21:54:00.764-0400] {processor.py:157} INFO - Started process (PID=9755) to work on /Users/mauri/Desktop/repositorio/apache-airflow-tutorial/env/lib/python3.11/site-packages/airflow/example_dags/example_python_operator.py
[2023-08-23T21:54:00.765-0400] {processor.py:829} INFO - Processing file /Users/mauri/Desktop/repositorio/apache-airflow-tutorial/env/lib/python3.11/site-packages/airflow/example_dags/example_python_operator.py for tasks to queue
[2023-08-23T21:54:00.766-0400] {logging_mixin.py:151} INFO - [2023-08-23T21:54:00.766-0400] {dagbag.py:539} INFO - Filling up the DagBag from /Users/mauri/Desktop/repositorio/apache-airflow-tutorial/env/lib/python3.11/site-packages/airflow/example_dags/example_python_operator.py
[2023-08-23T21:54:00.796-0400] {logging_mixin.py:151} INFO - [2023-08-23T21:54:00.796-0400] {example_python_operator.py:89} WARNING - The virtalenv_python example task requires virtualenv, please install it.
[2023-08-23T21:54:00.798-0400] {processor.py:839} INFO - DAG(s) dict_keys(['example_python_operator']) retrieved from /Users/mauri/Desktop/repositorio/apache-airflow-tutorial/env/lib/python3.11/site-packages/airflow/example_dags/example_python_operator.py
[2023-08-23T21:54:00.851-0400] {logging_mixin.py:151} INFO - [2023-08-23T21:54:00.851-0400] {dag.py:2907} INFO - Sync 1 DAGs
[2023-08-23T21:54:00.854-0400] {logging_mixin.py:151} INFO - [2023-08-23T21:54:00.854-0400] {dag.py:3677} INFO - Setting next_dagrun for example_python_operator to None, run_after=None
[2023-08-23T21:54:00.860-0400] {processor.py:179} INFO - Processing /Users/mauri/Desktop/repositorio/apache-airflow-tutorial/env/lib/python3.11/site-packages/airflow/example_dags/example_python_operator.py took 0.097 seconds
[2023-08-23T21:55:12.935-0400] {processor.py:157} INFO - Started process (PID=9820) to work on /Users/mauri/Desktop/repositorio/apache-airflow-tutorial/env/lib/python3.11/site-packages/airflow/example_dags/example_python_operator.py
[2023-08-23T21:55:12.936-0400] {processor.py:829} INFO - Processing file /Users/mauri/Desktop/repositorio/apache-airflow-tutorial/env/lib/python3.11/site-packages/airflow/example_dags/example_python_operator.py for tasks to queue
[2023-08-23T21:55:12.937-0400] {logging_mixin.py:151} INFO - [2023-08-23T21:55:12.936-0400] {dagbag.py:539} INFO - Filling up the DagBag from /Users/mauri/Desktop/repositorio/apache-airflow-tutorial/env/lib/python3.11/site-packages/airflow/example_dags/example_python_operator.py
[2023-08-23T21:55:12.966-0400] {logging_mixin.py:151} INFO - [2023-08-23T21:55:12.966-0400] {example_python_operator.py:89} WARNING - The virtalenv_python example task requires virtualenv, please install it.
[2023-08-23T21:55:12.969-0400] {processor.py:839} INFO - DAG(s) dict_keys(['example_python_operator']) retrieved from /Users/mauri/Desktop/repositorio/apache-airflow-tutorial/env/lib/python3.11/site-packages/airflow/example_dags/example_python_operator.py
[2023-08-23T21:55:13.021-0400] {logging_mixin.py:151} INFO - [2023-08-23T21:55:13.021-0400] {dag.py:2907} INFO - Sync 1 DAGs
[2023-08-23T21:55:13.024-0400] {logging_mixin.py:151} INFO - [2023-08-23T21:55:13.024-0400] {dag.py:3677} INFO - Setting next_dagrun for example_python_operator to None, run_after=None
[2023-08-23T21:55:13.031-0400] {processor.py:179} INFO - Processing /Users/mauri/Desktop/repositorio/apache-airflow-tutorial/env/lib/python3.11/site-packages/airflow/example_dags/example_python_operator.py took 0.096 seconds
[2023-08-23T21:56:26.078-0400] {processor.py:157} INFO - Started process (PID=9891) to work on /Users/mauri/Desktop/repositorio/apache-airflow-tutorial/env/lib/python3.11/site-packages/airflow/example_dags/example_python_operator.py
[2023-08-23T21:56:26.079-0400] {processor.py:829} INFO - Processing file /Users/mauri/Desktop/repositorio/apache-airflow-tutorial/env/lib/python3.11/site-packages/airflow/example_dags/example_python_operator.py for tasks to queue
[2023-08-23T21:56:26.079-0400] {logging_mixin.py:151} INFO - [2023-08-23T21:56:26.079-0400] {dagbag.py:539} INFO - Filling up the DagBag from /Users/mauri/Desktop/repositorio/apache-airflow-tutorial/env/lib/python3.11/site-packages/airflow/example_dags/example_python_operator.py
[2023-08-23T21:56:26.109-0400] {logging_mixin.py:151} INFO - [2023-08-23T21:56:26.109-0400] {example_python_operator.py:89} WARNING - The virtalenv_python example task requires virtualenv, please install it.
[2023-08-23T21:56:26.112-0400] {processor.py:839} INFO - DAG(s) dict_keys(['example_python_operator']) retrieved from /Users/mauri/Desktop/repositorio/apache-airflow-tutorial/env/lib/python3.11/site-packages/airflow/example_dags/example_python_operator.py
[2023-08-23T21:56:26.164-0400] {logging_mixin.py:151} INFO - [2023-08-23T21:56:26.164-0400] {dag.py:2907} INFO - Sync 1 DAGs
[2023-08-23T21:56:26.167-0400] {logging_mixin.py:151} INFO - [2023-08-23T21:56:26.167-0400] {dag.py:3677} INFO - Setting next_dagrun for example_python_operator to None, run_after=None
[2023-08-23T21:56:26.174-0400] {processor.py:179} INFO - Processing /Users/mauri/Desktop/repositorio/apache-airflow-tutorial/env/lib/python3.11/site-packages/airflow/example_dags/example_python_operator.py took 0.097 seconds
[2023-08-23T21:57:41.782-0400] {processor.py:157} INFO - Started process (PID=9957) to work on /Users/mauri/Desktop/repositorio/apache-airflow-tutorial/env/lib/python3.11/site-packages/airflow/example_dags/example_python_operator.py
[2023-08-23T21:57:41.784-0400] {processor.py:829} INFO - Processing file /Users/mauri/Desktop/repositorio/apache-airflow-tutorial/env/lib/python3.11/site-packages/airflow/example_dags/example_python_operator.py for tasks to queue
[2023-08-23T21:57:41.784-0400] {logging_mixin.py:151} INFO - [2023-08-23T21:57:41.784-0400] {dagbag.py:539} INFO - Filling up the DagBag from /Users/mauri/Desktop/repositorio/apache-airflow-tutorial/env/lib/python3.11/site-packages/airflow/example_dags/example_python_operator.py
[2023-08-23T21:57:41.816-0400] {logging_mixin.py:151} INFO - [2023-08-23T21:57:41.816-0400] {example_python_operator.py:89} WARNING - The virtalenv_python example task requires virtualenv, please install it.
[2023-08-23T21:57:41.819-0400] {processor.py:839} INFO - DAG(s) dict_keys(['example_python_operator']) retrieved from /Users/mauri/Desktop/repositorio/apache-airflow-tutorial/env/lib/python3.11/site-packages/airflow/example_dags/example_python_operator.py
[2023-08-23T21:57:41.874-0400] {logging_mixin.py:151} INFO - [2023-08-23T21:57:41.874-0400] {dag.py:2907} INFO - Sync 1 DAGs
[2023-08-23T21:57:41.877-0400] {logging_mixin.py:151} INFO - [2023-08-23T21:57:41.877-0400] {dag.py:3677} INFO - Setting next_dagrun for example_python_operator to None, run_after=None
[2023-08-23T21:57:41.884-0400] {processor.py:179} INFO - Processing /Users/mauri/Desktop/repositorio/apache-airflow-tutorial/env/lib/python3.11/site-packages/airflow/example_dags/example_python_operator.py took 0.102 seconds
[2023-08-23T21:58:56.787-0400] {processor.py:157} INFO - Started process (PID=10021) to work on /Users/mauri/Desktop/repositorio/apache-airflow-tutorial/env/lib/python3.11/site-packages/airflow/example_dags/example_python_operator.py
[2023-08-23T21:58:56.788-0400] {processor.py:829} INFO - Processing file /Users/mauri/Desktop/repositorio/apache-airflow-tutorial/env/lib/python3.11/site-packages/airflow/example_dags/example_python_operator.py for tasks to queue
[2023-08-23T21:58:56.789-0400] {logging_mixin.py:151} INFO - [2023-08-23T21:58:56.788-0400] {dagbag.py:539} INFO - Filling up the DagBag from /Users/mauri/Desktop/repositorio/apache-airflow-tutorial/env/lib/python3.11/site-packages/airflow/example_dags/example_python_operator.py
[2023-08-23T21:58:56.819-0400] {logging_mixin.py:151} INFO - [2023-08-23T21:58:56.819-0400] {example_python_operator.py:89} WARNING - The virtalenv_python example task requires virtualenv, please install it.
[2023-08-23T21:58:56.821-0400] {processor.py:839} INFO - DAG(s) dict_keys(['example_python_operator']) retrieved from /Users/mauri/Desktop/repositorio/apache-airflow-tutorial/env/lib/python3.11/site-packages/airflow/example_dags/example_python_operator.py
[2023-08-23T21:58:56.873-0400] {logging_mixin.py:151} INFO - [2023-08-23T21:58:56.873-0400] {dag.py:2907} INFO - Sync 1 DAGs
[2023-08-23T21:58:56.876-0400] {logging_mixin.py:151} INFO - [2023-08-23T21:58:56.876-0400] {dag.py:3677} INFO - Setting next_dagrun for example_python_operator to None, run_after=None
[2023-08-23T21:58:56.883-0400] {processor.py:179} INFO - Processing /Users/mauri/Desktop/repositorio/apache-airflow-tutorial/env/lib/python3.11/site-packages/airflow/example_dags/example_python_operator.py took 0.096 seconds
[2023-08-23T22:00:11.515-0400] {processor.py:157} INFO - Started process (PID=10092) to work on /Users/mauri/Desktop/repositorio/apache-airflow-tutorial/env/lib/python3.11/site-packages/airflow/example_dags/example_python_operator.py
[2023-08-23T22:00:11.516-0400] {processor.py:829} INFO - Processing file /Users/mauri/Desktop/repositorio/apache-airflow-tutorial/env/lib/python3.11/site-packages/airflow/example_dags/example_python_operator.py for tasks to queue
[2023-08-23T22:00:11.516-0400] {logging_mixin.py:151} INFO - [2023-08-23T22:00:11.516-0400] {dagbag.py:539} INFO - Filling up the DagBag from /Users/mauri/Desktop/repositorio/apache-airflow-tutorial/env/lib/python3.11/site-packages/airflow/example_dags/example_python_operator.py
[2023-08-23T22:00:11.546-0400] {logging_mixin.py:151} INFO - [2023-08-23T22:00:11.546-0400] {example_python_operator.py:89} WARNING - The virtalenv_python example task requires virtualenv, please install it.
[2023-08-23T22:00:11.548-0400] {processor.py:839} INFO - DAG(s) dict_keys(['example_python_operator']) retrieved from /Users/mauri/Desktop/repositorio/apache-airflow-tutorial/env/lib/python3.11/site-packages/airflow/example_dags/example_python_operator.py
[2023-08-23T22:00:11.601-0400] {logging_mixin.py:151} INFO - [2023-08-23T22:00:11.600-0400] {dag.py:2907} INFO - Sync 1 DAGs
[2023-08-23T22:00:11.604-0400] {logging_mixin.py:151} INFO - [2023-08-23T22:00:11.604-0400] {dag.py:3677} INFO - Setting next_dagrun for example_python_operator to None, run_after=None
[2023-08-23T22:00:11.610-0400] {processor.py:179} INFO - Processing /Users/mauri/Desktop/repositorio/apache-airflow-tutorial/env/lib/python3.11/site-packages/airflow/example_dags/example_python_operator.py took 0.096 seconds
