[2023-08-23T21:34:31.460-0400] {processor.py:157} INFO - Started process (PID=8520) to work on /Users/mauri/Desktop/repositorio/apache-airflow-tutorial/env/lib/python3.11/site-packages/airflow/example_dags/example_sensor_decorator.py
[2023-08-23T21:34:31.461-0400] {processor.py:829} INFO - Processing file /Users/mauri/Desktop/repositorio/apache-airflow-tutorial/env/lib/python3.11/site-packages/airflow/example_dags/example_sensor_decorator.py for tasks to queue
[2023-08-23T21:34:31.462-0400] {logging_mixin.py:151} INFO - [2023-08-23T21:34:31.462-0400] {dagbag.py:539} INFO - Filling up the DagBag from /Users/mauri/Desktop/repositorio/apache-airflow-tutorial/env/lib/python3.11/site-packages/airflow/example_dags/example_sensor_decorator.py
[2023-08-23T21:34:31.495-0400] {processor.py:839} INFO - DAG(s) dict_keys(['example_sensor_decorator']) retrieved from /Users/mauri/Desktop/repositorio/apache-airflow-tutorial/env/lib/python3.11/site-packages/airflow/example_dags/example_sensor_decorator.py
[2023-08-23T21:34:31.800-0400] {logging_mixin.py:151} INFO - [2023-08-23T21:34:31.800-0400] {manager.py:501} INFO - Created Permission View: can edit on DAG:example_sensor_decorator
[2023-08-23T21:34:31.803-0400] {logging_mixin.py:151} INFO - [2023-08-23T21:34:31.803-0400] {manager.py:501} INFO - Created Permission View: can delete on DAG:example_sensor_decorator
[2023-08-23T21:34:31.805-0400] {logging_mixin.py:151} INFO - [2023-08-23T21:34:31.805-0400] {manager.py:501} INFO - Created Permission View: can read on DAG:example_sensor_decorator
[2023-08-23T21:34:31.808-0400] {logging_mixin.py:151} INFO - [2023-08-23T21:34:31.808-0400] {dag.py:2907} INFO - Sync 1 DAGs
[2023-08-23T21:34:31.811-0400] {logging_mixin.py:151} INFO - [2023-08-23T21:34:31.811-0400] {dag.py:2929} INFO - Creating ORM DAG for example_sensor_decorator
[2023-08-23T21:34:31.811-0400] {logging_mixin.py:151} INFO - [2023-08-23T21:34:31.811-0400] {dag.py:3677} INFO - Setting next_dagrun for example_sensor_decorator to None, run_after=None
[2023-08-23T21:34:31.817-0400] {processor.py:179} INFO - Processing /Users/mauri/Desktop/repositorio/apache-airflow-tutorial/env/lib/python3.11/site-packages/airflow/example_dags/example_sensor_decorator.py took 0.357 seconds
[2023-08-23T21:35:46.136-0400] {processor.py:157} INFO - Started process (PID=8575) to work on /Users/mauri/Desktop/repositorio/apache-airflow-tutorial/env/lib/python3.11/site-packages/airflow/example_dags/example_sensor_decorator.py
[2023-08-23T21:35:46.138-0400] {processor.py:829} INFO - Processing file /Users/mauri/Desktop/repositorio/apache-airflow-tutorial/env/lib/python3.11/site-packages/airflow/example_dags/example_sensor_decorator.py for tasks to queue
[2023-08-23T21:35:46.138-0400] {logging_mixin.py:151} INFO - [2023-08-23T21:35:46.138-0400] {dagbag.py:539} INFO - Filling up the DagBag from /Users/mauri/Desktop/repositorio/apache-airflow-tutorial/env/lib/python3.11/site-packages/airflow/example_dags/example_sensor_decorator.py
[2023-08-23T21:35:46.169-0400] {processor.py:839} INFO - DAG(s) dict_keys(['example_sensor_decorator']) retrieved from /Users/mauri/Desktop/repositorio/apache-airflow-tutorial/env/lib/python3.11/site-packages/airflow/example_dags/example_sensor_decorator.py
[2023-08-23T21:35:46.223-0400] {logging_mixin.py:151} INFO - [2023-08-23T21:35:46.223-0400] {dag.py:2907} INFO - Sync 1 DAGs
[2023-08-23T21:35:46.226-0400] {logging_mixin.py:151} INFO - [2023-08-23T21:35:46.226-0400] {dag.py:3677} INFO - Setting next_dagrun for example_sensor_decorator to None, run_after=None
[2023-08-23T21:35:46.233-0400] {processor.py:179} INFO - Processing /Users/mauri/Desktop/repositorio/apache-airflow-tutorial/env/lib/python3.11/site-packages/airflow/example_dags/example_sensor_decorator.py took 0.098 seconds
[2023-08-23T21:36:59.336-0400] {processor.py:157} INFO - Started process (PID=8643) to work on /Users/mauri/Desktop/repositorio/apache-airflow-tutorial/env/lib/python3.11/site-packages/airflow/example_dags/example_sensor_decorator.py
[2023-08-23T21:36:59.339-0400] {processor.py:829} INFO - Processing file /Users/mauri/Desktop/repositorio/apache-airflow-tutorial/env/lib/python3.11/site-packages/airflow/example_dags/example_sensor_decorator.py for tasks to queue
[2023-08-23T21:36:59.339-0400] {logging_mixin.py:151} INFO - [2023-08-23T21:36:59.339-0400] {dagbag.py:539} INFO - Filling up the DagBag from /Users/mauri/Desktop/repositorio/apache-airflow-tutorial/env/lib/python3.11/site-packages/airflow/example_dags/example_sensor_decorator.py
[2023-08-23T21:36:59.370-0400] {processor.py:839} INFO - DAG(s) dict_keys(['example_sensor_decorator']) retrieved from /Users/mauri/Desktop/repositorio/apache-airflow-tutorial/env/lib/python3.11/site-packages/airflow/example_dags/example_sensor_decorator.py
[2023-08-23T21:36:59.423-0400] {logging_mixin.py:151} INFO - [2023-08-23T21:36:59.423-0400] {dag.py:2907} INFO - Sync 1 DAGs
[2023-08-23T21:36:59.426-0400] {logging_mixin.py:151} INFO - [2023-08-23T21:36:59.426-0400] {dag.py:3677} INFO - Setting next_dagrun for example_sensor_decorator to None, run_after=None
[2023-08-23T21:36:59.433-0400] {processor.py:179} INFO - Processing /Users/mauri/Desktop/repositorio/apache-airflow-tutorial/env/lib/python3.11/site-packages/airflow/example_dags/example_sensor_decorator.py took 0.097 seconds
[2023-08-23T21:38:12.700-0400] {processor.py:157} INFO - Started process (PID=8702) to work on /Users/mauri/Desktop/repositorio/apache-airflow-tutorial/env/lib/python3.11/site-packages/airflow/example_dags/example_sensor_decorator.py
[2023-08-23T21:38:12.702-0400] {processor.py:829} INFO - Processing file /Users/mauri/Desktop/repositorio/apache-airflow-tutorial/env/lib/python3.11/site-packages/airflow/example_dags/example_sensor_decorator.py for tasks to queue
[2023-08-23T21:38:12.703-0400] {logging_mixin.py:151} INFO - [2023-08-23T21:38:12.702-0400] {dagbag.py:539} INFO - Filling up the DagBag from /Users/mauri/Desktop/repositorio/apache-airflow-tutorial/env/lib/python3.11/site-packages/airflow/example_dags/example_sensor_decorator.py
[2023-08-23T21:38:12.734-0400] {processor.py:839} INFO - DAG(s) dict_keys(['example_sensor_decorator']) retrieved from /Users/mauri/Desktop/repositorio/apache-airflow-tutorial/env/lib/python3.11/site-packages/airflow/example_dags/example_sensor_decorator.py
[2023-08-23T21:38:12.796-0400] {logging_mixin.py:151} INFO - [2023-08-23T21:38:12.796-0400] {dag.py:2907} INFO - Sync 1 DAGs
[2023-08-23T21:38:12.799-0400] {logging_mixin.py:151} INFO - [2023-08-23T21:38:12.799-0400] {dag.py:3677} INFO - Setting next_dagrun for example_sensor_decorator to None, run_after=None
[2023-08-23T21:38:12.809-0400] {processor.py:179} INFO - Processing /Users/mauri/Desktop/repositorio/apache-airflow-tutorial/env/lib/python3.11/site-packages/airflow/example_dags/example_sensor_decorator.py took 0.109 seconds
[2023-08-23T21:39:29.327-0400] {processor.py:157} INFO - Started process (PID=8779) to work on /Users/mauri/Desktop/repositorio/apache-airflow-tutorial/env/lib/python3.11/site-packages/airflow/example_dags/example_sensor_decorator.py
[2023-08-23T21:39:29.329-0400] {processor.py:829} INFO - Processing file /Users/mauri/Desktop/repositorio/apache-airflow-tutorial/env/lib/python3.11/site-packages/airflow/example_dags/example_sensor_decorator.py for tasks to queue
[2023-08-23T21:39:29.329-0400] {logging_mixin.py:151} INFO - [2023-08-23T21:39:29.329-0400] {dagbag.py:539} INFO - Filling up the DagBag from /Users/mauri/Desktop/repositorio/apache-airflow-tutorial/env/lib/python3.11/site-packages/airflow/example_dags/example_sensor_decorator.py
[2023-08-23T21:39:29.366-0400] {processor.py:839} INFO - DAG(s) dict_keys(['example_sensor_decorator']) retrieved from /Users/mauri/Desktop/repositorio/apache-airflow-tutorial/env/lib/python3.11/site-packages/airflow/example_dags/example_sensor_decorator.py
[2023-08-23T21:39:29.427-0400] {logging_mixin.py:151} INFO - [2023-08-23T21:39:29.427-0400] {dag.py:2907} INFO - Sync 1 DAGs
[2023-08-23T21:39:29.430-0400] {logging_mixin.py:151} INFO - [2023-08-23T21:39:29.430-0400] {dag.py:3677} INFO - Setting next_dagrun for example_sensor_decorator to None, run_after=None
[2023-08-23T21:39:29.438-0400] {processor.py:179} INFO - Processing /Users/mauri/Desktop/repositorio/apache-airflow-tutorial/env/lib/python3.11/site-packages/airflow/example_dags/example_sensor_decorator.py took 0.112 seconds
[2023-08-23T21:40:43.434-0400] {processor.py:157} INFO - Started process (PID=8840) to work on /Users/mauri/Desktop/repositorio/apache-airflow-tutorial/env/lib/python3.11/site-packages/airflow/example_dags/example_sensor_decorator.py
[2023-08-23T21:40:43.435-0400] {processor.py:829} INFO - Processing file /Users/mauri/Desktop/repositorio/apache-airflow-tutorial/env/lib/python3.11/site-packages/airflow/example_dags/example_sensor_decorator.py for tasks to queue
[2023-08-23T21:40:43.435-0400] {logging_mixin.py:151} INFO - [2023-08-23T21:40:43.435-0400] {dagbag.py:539} INFO - Filling up the DagBag from /Users/mauri/Desktop/repositorio/apache-airflow-tutorial/env/lib/python3.11/site-packages/airflow/example_dags/example_sensor_decorator.py
[2023-08-23T21:40:43.467-0400] {processor.py:839} INFO - DAG(s) dict_keys(['example_sensor_decorator']) retrieved from /Users/mauri/Desktop/repositorio/apache-airflow-tutorial/env/lib/python3.11/site-packages/airflow/example_dags/example_sensor_decorator.py
[2023-08-23T21:40:43.521-0400] {logging_mixin.py:151} INFO - [2023-08-23T21:40:43.521-0400] {dag.py:2907} INFO - Sync 1 DAGs
[2023-08-23T21:40:43.524-0400] {logging_mixin.py:151} INFO - [2023-08-23T21:40:43.524-0400] {dag.py:3677} INFO - Setting next_dagrun for example_sensor_decorator to None, run_after=None
[2023-08-23T21:40:43.532-0400] {processor.py:179} INFO - Processing /Users/mauri/Desktop/repositorio/apache-airflow-tutorial/env/lib/python3.11/site-packages/airflow/example_dags/example_sensor_decorator.py took 0.098 seconds
[2023-08-23T21:41:56.165-0400] {processor.py:157} INFO - Started process (PID=8898) to work on /Users/mauri/Desktop/repositorio/apache-airflow-tutorial/env/lib/python3.11/site-packages/airflow/example_dags/example_sensor_decorator.py
[2023-08-23T21:41:56.166-0400] {processor.py:829} INFO - Processing file /Users/mauri/Desktop/repositorio/apache-airflow-tutorial/env/lib/python3.11/site-packages/airflow/example_dags/example_sensor_decorator.py for tasks to queue
[2023-08-23T21:41:56.166-0400] {logging_mixin.py:151} INFO - [2023-08-23T21:41:56.166-0400] {dagbag.py:539} INFO - Filling up the DagBag from /Users/mauri/Desktop/repositorio/apache-airflow-tutorial/env/lib/python3.11/site-packages/airflow/example_dags/example_sensor_decorator.py
[2023-08-23T21:41:56.198-0400] {processor.py:839} INFO - DAG(s) dict_keys(['example_sensor_decorator']) retrieved from /Users/mauri/Desktop/repositorio/apache-airflow-tutorial/env/lib/python3.11/site-packages/airflow/example_dags/example_sensor_decorator.py
[2023-08-23T21:41:56.252-0400] {logging_mixin.py:151} INFO - [2023-08-23T21:41:56.252-0400] {dag.py:2907} INFO - Sync 1 DAGs
[2023-08-23T21:41:56.255-0400] {logging_mixin.py:151} INFO - [2023-08-23T21:41:56.255-0400] {dag.py:3677} INFO - Setting next_dagrun for example_sensor_decorator to None, run_after=None
[2023-08-23T21:41:56.262-0400] {processor.py:179} INFO - Processing /Users/mauri/Desktop/repositorio/apache-airflow-tutorial/env/lib/python3.11/site-packages/airflow/example_dags/example_sensor_decorator.py took 0.097 seconds
[2023-08-23T21:43:08.776-0400] {processor.py:157} INFO - Started process (PID=8963) to work on /Users/mauri/Desktop/repositorio/apache-airflow-tutorial/env/lib/python3.11/site-packages/airflow/example_dags/example_sensor_decorator.py
[2023-08-23T21:43:08.777-0400] {processor.py:829} INFO - Processing file /Users/mauri/Desktop/repositorio/apache-airflow-tutorial/env/lib/python3.11/site-packages/airflow/example_dags/example_sensor_decorator.py for tasks to queue
[2023-08-23T21:43:08.778-0400] {logging_mixin.py:151} INFO - [2023-08-23T21:43:08.777-0400] {dagbag.py:539} INFO - Filling up the DagBag from /Users/mauri/Desktop/repositorio/apache-airflow-tutorial/env/lib/python3.11/site-packages/airflow/example_dags/example_sensor_decorator.py
[2023-08-23T21:43:08.808-0400] {processor.py:839} INFO - DAG(s) dict_keys(['example_sensor_decorator']) retrieved from /Users/mauri/Desktop/repositorio/apache-airflow-tutorial/env/lib/python3.11/site-packages/airflow/example_dags/example_sensor_decorator.py
[2023-08-23T21:43:08.862-0400] {logging_mixin.py:151} INFO - [2023-08-23T21:43:08.861-0400] {dag.py:2907} INFO - Sync 1 DAGs
[2023-08-23T21:43:08.864-0400] {logging_mixin.py:151} INFO - [2023-08-23T21:43:08.864-0400] {dag.py:3677} INFO - Setting next_dagrun for example_sensor_decorator to None, run_after=None
[2023-08-23T21:43:08.872-0400] {processor.py:179} INFO - Processing /Users/mauri/Desktop/repositorio/apache-airflow-tutorial/env/lib/python3.11/site-packages/airflow/example_dags/example_sensor_decorator.py took 0.096 seconds
[2023-08-23T21:44:18.197-0400] {processor.py:157} INFO - Started process (PID=9027) to work on /Users/mauri/Desktop/repositorio/apache-airflow-tutorial/env/lib/python3.11/site-packages/airflow/example_dags/example_sensor_decorator.py
[2023-08-23T21:44:18.198-0400] {processor.py:829} INFO - Processing file /Users/mauri/Desktop/repositorio/apache-airflow-tutorial/env/lib/python3.11/site-packages/airflow/example_dags/example_sensor_decorator.py for tasks to queue
[2023-08-23T21:44:18.198-0400] {logging_mixin.py:151} INFO - [2023-08-23T21:44:18.198-0400] {dagbag.py:539} INFO - Filling up the DagBag from /Users/mauri/Desktop/repositorio/apache-airflow-tutorial/env/lib/python3.11/site-packages/airflow/example_dags/example_sensor_decorator.py
[2023-08-23T21:44:18.234-0400] {processor.py:839} INFO - DAG(s) dict_keys(['example_sensor_decorator']) retrieved from /Users/mauri/Desktop/repositorio/apache-airflow-tutorial/env/lib/python3.11/site-packages/airflow/example_dags/example_sensor_decorator.py
[2023-08-23T21:44:18.289-0400] {logging_mixin.py:151} INFO - [2023-08-23T21:44:18.289-0400] {dag.py:2907} INFO - Sync 1 DAGs
[2023-08-23T21:44:18.293-0400] {logging_mixin.py:151} INFO - [2023-08-23T21:44:18.293-0400] {dag.py:3677} INFO - Setting next_dagrun for example_sensor_decorator to None, run_after=None
[2023-08-23T21:44:18.301-0400] {processor.py:179} INFO - Processing /Users/mauri/Desktop/repositorio/apache-airflow-tutorial/env/lib/python3.11/site-packages/airflow/example_dags/example_sensor_decorator.py took 0.105 seconds
[2023-08-23T21:45:32.586-0400] {processor.py:157} INFO - Started process (PID=9105) to work on /Users/mauri/Desktop/repositorio/apache-airflow-tutorial/env/lib/python3.11/site-packages/airflow/example_dags/example_sensor_decorator.py
[2023-08-23T21:45:32.588-0400] {processor.py:829} INFO - Processing file /Users/mauri/Desktop/repositorio/apache-airflow-tutorial/env/lib/python3.11/site-packages/airflow/example_dags/example_sensor_decorator.py for tasks to queue
[2023-08-23T21:45:32.588-0400] {logging_mixin.py:151} INFO - [2023-08-23T21:45:32.588-0400] {dagbag.py:539} INFO - Filling up the DagBag from /Users/mauri/Desktop/repositorio/apache-airflow-tutorial/env/lib/python3.11/site-packages/airflow/example_dags/example_sensor_decorator.py
[2023-08-23T21:45:32.621-0400] {processor.py:839} INFO - DAG(s) dict_keys(['example_sensor_decorator']) retrieved from /Users/mauri/Desktop/repositorio/apache-airflow-tutorial/env/lib/python3.11/site-packages/airflow/example_dags/example_sensor_decorator.py
[2023-08-23T21:45:32.677-0400] {logging_mixin.py:151} INFO - [2023-08-23T21:45:32.677-0400] {dag.py:2907} INFO - Sync 1 DAGs
[2023-08-23T21:45:32.680-0400] {logging_mixin.py:151} INFO - [2023-08-23T21:45:32.680-0400] {dag.py:3677} INFO - Setting next_dagrun for example_sensor_decorator to None, run_after=None
[2023-08-23T21:45:32.687-0400] {processor.py:179} INFO - Processing /Users/mauri/Desktop/repositorio/apache-airflow-tutorial/env/lib/python3.11/site-packages/airflow/example_dags/example_sensor_decorator.py took 0.101 seconds
[2023-08-23T21:46:44.326-0400] {processor.py:157} INFO - Started process (PID=9269) to work on /Users/mauri/Desktop/repositorio/apache-airflow-tutorial/env/lib/python3.11/site-packages/airflow/example_dags/example_sensor_decorator.py
[2023-08-23T21:46:44.328-0400] {processor.py:829} INFO - Processing file /Users/mauri/Desktop/repositorio/apache-airflow-tutorial/env/lib/python3.11/site-packages/airflow/example_dags/example_sensor_decorator.py for tasks to queue
[2023-08-23T21:46:44.328-0400] {logging_mixin.py:151} INFO - [2023-08-23T21:46:44.328-0400] {dagbag.py:539} INFO - Filling up the DagBag from /Users/mauri/Desktop/repositorio/apache-airflow-tutorial/env/lib/python3.11/site-packages/airflow/example_dags/example_sensor_decorator.py
[2023-08-23T21:46:44.360-0400] {processor.py:839} INFO - DAG(s) dict_keys(['example_sensor_decorator']) retrieved from /Users/mauri/Desktop/repositorio/apache-airflow-tutorial/env/lib/python3.11/site-packages/airflow/example_dags/example_sensor_decorator.py
[2023-08-23T21:46:44.415-0400] {logging_mixin.py:151} INFO - [2023-08-23T21:46:44.415-0400] {dag.py:2907} INFO - Sync 1 DAGs
[2023-08-23T21:46:44.418-0400] {logging_mixin.py:151} INFO - [2023-08-23T21:46:44.418-0400] {dag.py:3677} INFO - Setting next_dagrun for example_sensor_decorator to None, run_after=None
[2023-08-23T21:46:44.424-0400] {processor.py:179} INFO - Processing /Users/mauri/Desktop/repositorio/apache-airflow-tutorial/env/lib/python3.11/site-packages/airflow/example_dags/example_sensor_decorator.py took 0.099 seconds
[2023-08-23T21:47:54.237-0400] {processor.py:157} INFO - Started process (PID=9365) to work on /Users/mauri/Desktop/repositorio/apache-airflow-tutorial/env/lib/python3.11/site-packages/airflow/example_dags/example_sensor_decorator.py
[2023-08-23T21:47:54.238-0400] {processor.py:829} INFO - Processing file /Users/mauri/Desktop/repositorio/apache-airflow-tutorial/env/lib/python3.11/site-packages/airflow/example_dags/example_sensor_decorator.py for tasks to queue
[2023-08-23T21:47:54.238-0400] {logging_mixin.py:151} INFO - [2023-08-23T21:47:54.238-0400] {dagbag.py:539} INFO - Filling up the DagBag from /Users/mauri/Desktop/repositorio/apache-airflow-tutorial/env/lib/python3.11/site-packages/airflow/example_dags/example_sensor_decorator.py
[2023-08-23T21:47:54.269-0400] {processor.py:839} INFO - DAG(s) dict_keys(['example_sensor_decorator']) retrieved from /Users/mauri/Desktop/repositorio/apache-airflow-tutorial/env/lib/python3.11/site-packages/airflow/example_dags/example_sensor_decorator.py
[2023-08-23T21:47:54.323-0400] {logging_mixin.py:151} INFO - [2023-08-23T21:47:54.323-0400] {dag.py:2907} INFO - Sync 1 DAGs
[2023-08-23T21:47:54.326-0400] {logging_mixin.py:151} INFO - [2023-08-23T21:47:54.326-0400] {dag.py:3677} INFO - Setting next_dagrun for example_sensor_decorator to None, run_after=None
[2023-08-23T21:47:54.333-0400] {processor.py:179} INFO - Processing /Users/mauri/Desktop/repositorio/apache-airflow-tutorial/env/lib/python3.11/site-packages/airflow/example_dags/example_sensor_decorator.py took 0.097 seconds
[2023-08-23T21:49:07.382-0400] {processor.py:157} INFO - Started process (PID=9458) to work on /Users/mauri/Desktop/repositorio/apache-airflow-tutorial/env/lib/python3.11/site-packages/airflow/example_dags/example_sensor_decorator.py
[2023-08-23T21:49:07.383-0400] {processor.py:829} INFO - Processing file /Users/mauri/Desktop/repositorio/apache-airflow-tutorial/env/lib/python3.11/site-packages/airflow/example_dags/example_sensor_decorator.py for tasks to queue
[2023-08-23T21:49:07.384-0400] {logging_mixin.py:151} INFO - [2023-08-23T21:49:07.384-0400] {dagbag.py:539} INFO - Filling up the DagBag from /Users/mauri/Desktop/repositorio/apache-airflow-tutorial/env/lib/python3.11/site-packages/airflow/example_dags/example_sensor_decorator.py
[2023-08-23T21:49:07.415-0400] {processor.py:839} INFO - DAG(s) dict_keys(['example_sensor_decorator']) retrieved from /Users/mauri/Desktop/repositorio/apache-airflow-tutorial/env/lib/python3.11/site-packages/airflow/example_dags/example_sensor_decorator.py
[2023-08-23T21:49:07.469-0400] {logging_mixin.py:151} INFO - [2023-08-23T21:49:07.469-0400] {dag.py:2907} INFO - Sync 1 DAGs
[2023-08-23T21:49:07.472-0400] {logging_mixin.py:151} INFO - [2023-08-23T21:49:07.472-0400] {dag.py:3677} INFO - Setting next_dagrun for example_sensor_decorator to None, run_after=None
[2023-08-23T21:49:07.479-0400] {processor.py:179} INFO - Processing /Users/mauri/Desktop/repositorio/apache-airflow-tutorial/env/lib/python3.11/site-packages/airflow/example_dags/example_sensor_decorator.py took 0.097 seconds
[2023-08-23T21:50:23.064-0400] {processor.py:157} INFO - Started process (PID=9530) to work on /Users/mauri/Desktop/repositorio/apache-airflow-tutorial/env/lib/python3.11/site-packages/airflow/example_dags/example_sensor_decorator.py
[2023-08-23T21:50:23.066-0400] {processor.py:829} INFO - Processing file /Users/mauri/Desktop/repositorio/apache-airflow-tutorial/env/lib/python3.11/site-packages/airflow/example_dags/example_sensor_decorator.py for tasks to queue
[2023-08-23T21:50:23.066-0400] {logging_mixin.py:151} INFO - [2023-08-23T21:50:23.066-0400] {dagbag.py:539} INFO - Filling up the DagBag from /Users/mauri/Desktop/repositorio/apache-airflow-tutorial/env/lib/python3.11/site-packages/airflow/example_dags/example_sensor_decorator.py
[2023-08-23T21:50:23.099-0400] {processor.py:839} INFO - DAG(s) dict_keys(['example_sensor_decorator']) retrieved from /Users/mauri/Desktop/repositorio/apache-airflow-tutorial/env/lib/python3.11/site-packages/airflow/example_dags/example_sensor_decorator.py
[2023-08-23T21:50:23.153-0400] {logging_mixin.py:151} INFO - [2023-08-23T21:50:23.153-0400] {dag.py:2907} INFO - Sync 1 DAGs
[2023-08-23T21:50:23.156-0400] {logging_mixin.py:151} INFO - [2023-08-23T21:50:23.156-0400] {dag.py:3677} INFO - Setting next_dagrun for example_sensor_decorator to None, run_after=None
[2023-08-23T21:50:23.163-0400] {processor.py:179} INFO - Processing /Users/mauri/Desktop/repositorio/apache-airflow-tutorial/env/lib/python3.11/site-packages/airflow/example_dags/example_sensor_decorator.py took 0.100 seconds
[2023-08-23T21:51:37.185-0400] {processor.py:157} INFO - Started process (PID=9620) to work on /Users/mauri/Desktop/repositorio/apache-airflow-tutorial/env/lib/python3.11/site-packages/airflow/example_dags/example_sensor_decorator.py
[2023-08-23T21:51:37.187-0400] {processor.py:829} INFO - Processing file /Users/mauri/Desktop/repositorio/apache-airflow-tutorial/env/lib/python3.11/site-packages/airflow/example_dags/example_sensor_decorator.py for tasks to queue
[2023-08-23T21:51:37.188-0400] {logging_mixin.py:151} INFO - [2023-08-23T21:51:37.188-0400] {dagbag.py:539} INFO - Filling up the DagBag from /Users/mauri/Desktop/repositorio/apache-airflow-tutorial/env/lib/python3.11/site-packages/airflow/example_dags/example_sensor_decorator.py
[2023-08-23T21:51:37.221-0400] {processor.py:839} INFO - DAG(s) dict_keys(['example_sensor_decorator']) retrieved from /Users/mauri/Desktop/repositorio/apache-airflow-tutorial/env/lib/python3.11/site-packages/airflow/example_dags/example_sensor_decorator.py
[2023-08-23T21:51:37.276-0400] {logging_mixin.py:151} INFO - [2023-08-23T21:51:37.276-0400] {dag.py:2907} INFO - Sync 1 DAGs
[2023-08-23T21:51:37.279-0400] {logging_mixin.py:151} INFO - [2023-08-23T21:51:37.279-0400] {dag.py:3677} INFO - Setting next_dagrun for example_sensor_decorator to None, run_after=None
[2023-08-23T21:51:37.286-0400] {processor.py:179} INFO - Processing /Users/mauri/Desktop/repositorio/apache-airflow-tutorial/env/lib/python3.11/site-packages/airflow/example_dags/example_sensor_decorator.py took 0.102 seconds
[2023-08-23T21:52:48.593-0400] {processor.py:157} INFO - Started process (PID=9685) to work on /Users/mauri/Desktop/repositorio/apache-airflow-tutorial/env/lib/python3.11/site-packages/airflow/example_dags/example_sensor_decorator.py
[2023-08-23T21:52:48.594-0400] {processor.py:829} INFO - Processing file /Users/mauri/Desktop/repositorio/apache-airflow-tutorial/env/lib/python3.11/site-packages/airflow/example_dags/example_sensor_decorator.py for tasks to queue
[2023-08-23T21:52:48.594-0400] {logging_mixin.py:151} INFO - [2023-08-23T21:52:48.594-0400] {dagbag.py:539} INFO - Filling up the DagBag from /Users/mauri/Desktop/repositorio/apache-airflow-tutorial/env/lib/python3.11/site-packages/airflow/example_dags/example_sensor_decorator.py
[2023-08-23T21:52:48.625-0400] {processor.py:839} INFO - DAG(s) dict_keys(['example_sensor_decorator']) retrieved from /Users/mauri/Desktop/repositorio/apache-airflow-tutorial/env/lib/python3.11/site-packages/airflow/example_dags/example_sensor_decorator.py
[2023-08-23T21:52:48.679-0400] {logging_mixin.py:151} INFO - [2023-08-23T21:52:48.679-0400] {dag.py:2907} INFO - Sync 1 DAGs
[2023-08-23T21:52:48.682-0400] {logging_mixin.py:151} INFO - [2023-08-23T21:52:48.682-0400] {dag.py:3677} INFO - Setting next_dagrun for example_sensor_decorator to None, run_after=None
[2023-08-23T21:52:48.689-0400] {processor.py:179} INFO - Processing /Users/mauri/Desktop/repositorio/apache-airflow-tutorial/env/lib/python3.11/site-packages/airflow/example_dags/example_sensor_decorator.py took 0.097 seconds
[2023-08-23T21:53:59.130-0400] {processor.py:157} INFO - Started process (PID=9754) to work on /Users/mauri/Desktop/repositorio/apache-airflow-tutorial/env/lib/python3.11/site-packages/airflow/example_dags/example_sensor_decorator.py
[2023-08-23T21:53:59.132-0400] {processor.py:829} INFO - Processing file /Users/mauri/Desktop/repositorio/apache-airflow-tutorial/env/lib/python3.11/site-packages/airflow/example_dags/example_sensor_decorator.py for tasks to queue
[2023-08-23T21:53:59.133-0400] {logging_mixin.py:151} INFO - [2023-08-23T21:53:59.132-0400] {dagbag.py:539} INFO - Filling up the DagBag from /Users/mauri/Desktop/repositorio/apache-airflow-tutorial/env/lib/python3.11/site-packages/airflow/example_dags/example_sensor_decorator.py
[2023-08-23T21:53:59.167-0400] {processor.py:839} INFO - DAG(s) dict_keys(['example_sensor_decorator']) retrieved from /Users/mauri/Desktop/repositorio/apache-airflow-tutorial/env/lib/python3.11/site-packages/airflow/example_dags/example_sensor_decorator.py
[2023-08-23T21:53:59.227-0400] {logging_mixin.py:151} INFO - [2023-08-23T21:53:59.227-0400] {dag.py:2907} INFO - Sync 1 DAGs
[2023-08-23T21:53:59.230-0400] {logging_mixin.py:151} INFO - [2023-08-23T21:53:59.230-0400] {dag.py:3677} INFO - Setting next_dagrun for example_sensor_decorator to None, run_after=None
[2023-08-23T21:53:59.238-0400] {processor.py:179} INFO - Processing /Users/mauri/Desktop/repositorio/apache-airflow-tutorial/env/lib/python3.11/site-packages/airflow/example_dags/example_sensor_decorator.py took 0.109 seconds
[2023-08-23T21:55:11.344-0400] {processor.py:157} INFO - Started process (PID=9819) to work on /Users/mauri/Desktop/repositorio/apache-airflow-tutorial/env/lib/python3.11/site-packages/airflow/example_dags/example_sensor_decorator.py
[2023-08-23T21:55:11.346-0400] {processor.py:829} INFO - Processing file /Users/mauri/Desktop/repositorio/apache-airflow-tutorial/env/lib/python3.11/site-packages/airflow/example_dags/example_sensor_decorator.py for tasks to queue
[2023-08-23T21:55:11.346-0400] {logging_mixin.py:151} INFO - [2023-08-23T21:55:11.346-0400] {dagbag.py:539} INFO - Filling up the DagBag from /Users/mauri/Desktop/repositorio/apache-airflow-tutorial/env/lib/python3.11/site-packages/airflow/example_dags/example_sensor_decorator.py
[2023-08-23T21:55:11.376-0400] {processor.py:839} INFO - DAG(s) dict_keys(['example_sensor_decorator']) retrieved from /Users/mauri/Desktop/repositorio/apache-airflow-tutorial/env/lib/python3.11/site-packages/airflow/example_dags/example_sensor_decorator.py
[2023-08-23T21:55:11.430-0400] {logging_mixin.py:151} INFO - [2023-08-23T21:55:11.430-0400] {dag.py:2907} INFO - Sync 1 DAGs
[2023-08-23T21:55:11.433-0400] {logging_mixin.py:151} INFO - [2023-08-23T21:55:11.433-0400] {dag.py:3677} INFO - Setting next_dagrun for example_sensor_decorator to None, run_after=None
[2023-08-23T21:55:11.440-0400] {processor.py:179} INFO - Processing /Users/mauri/Desktop/repositorio/apache-airflow-tutorial/env/lib/python3.11/site-packages/airflow/example_dags/example_sensor_decorator.py took 0.096 seconds
[2023-08-23T21:56:24.446-0400] {processor.py:157} INFO - Started process (PID=9890) to work on /Users/mauri/Desktop/repositorio/apache-airflow-tutorial/env/lib/python3.11/site-packages/airflow/example_dags/example_sensor_decorator.py
[2023-08-23T21:56:24.447-0400] {processor.py:829} INFO - Processing file /Users/mauri/Desktop/repositorio/apache-airflow-tutorial/env/lib/python3.11/site-packages/airflow/example_dags/example_sensor_decorator.py for tasks to queue
[2023-08-23T21:56:24.447-0400] {logging_mixin.py:151} INFO - [2023-08-23T21:56:24.447-0400] {dagbag.py:539} INFO - Filling up the DagBag from /Users/mauri/Desktop/repositorio/apache-airflow-tutorial/env/lib/python3.11/site-packages/airflow/example_dags/example_sensor_decorator.py
[2023-08-23T21:56:24.478-0400] {processor.py:839} INFO - DAG(s) dict_keys(['example_sensor_decorator']) retrieved from /Users/mauri/Desktop/repositorio/apache-airflow-tutorial/env/lib/python3.11/site-packages/airflow/example_dags/example_sensor_decorator.py
[2023-08-23T21:56:24.534-0400] {logging_mixin.py:151} INFO - [2023-08-23T21:56:24.534-0400] {dag.py:2907} INFO - Sync 1 DAGs
[2023-08-23T21:56:24.537-0400] {logging_mixin.py:151} INFO - [2023-08-23T21:56:24.537-0400] {dag.py:3677} INFO - Setting next_dagrun for example_sensor_decorator to None, run_after=None
[2023-08-23T21:56:24.545-0400] {processor.py:179} INFO - Processing /Users/mauri/Desktop/repositorio/apache-airflow-tutorial/env/lib/python3.11/site-packages/airflow/example_dags/example_sensor_decorator.py took 0.099 seconds
[2023-08-23T21:57:41.063-0400] {processor.py:157} INFO - Started process (PID=9956) to work on /Users/mauri/Desktop/repositorio/apache-airflow-tutorial/env/lib/python3.11/site-packages/airflow/example_dags/example_sensor_decorator.py
[2023-08-23T21:57:41.064-0400] {processor.py:829} INFO - Processing file /Users/mauri/Desktop/repositorio/apache-airflow-tutorial/env/lib/python3.11/site-packages/airflow/example_dags/example_sensor_decorator.py for tasks to queue
[2023-08-23T21:57:41.064-0400] {logging_mixin.py:151} INFO - [2023-08-23T21:57:41.064-0400] {dagbag.py:539} INFO - Filling up the DagBag from /Users/mauri/Desktop/repositorio/apache-airflow-tutorial/env/lib/python3.11/site-packages/airflow/example_dags/example_sensor_decorator.py
[2023-08-23T21:57:41.095-0400] {processor.py:839} INFO - DAG(s) dict_keys(['example_sensor_decorator']) retrieved from /Users/mauri/Desktop/repositorio/apache-airflow-tutorial/env/lib/python3.11/site-packages/airflow/example_dags/example_sensor_decorator.py
[2023-08-23T21:57:41.150-0400] {logging_mixin.py:151} INFO - [2023-08-23T21:57:41.150-0400] {dag.py:2907} INFO - Sync 1 DAGs
[2023-08-23T21:57:41.153-0400] {logging_mixin.py:151} INFO - [2023-08-23T21:57:41.153-0400] {dag.py:3677} INFO - Setting next_dagrun for example_sensor_decorator to None, run_after=None
[2023-08-23T21:57:41.161-0400] {processor.py:179} INFO - Processing /Users/mauri/Desktop/repositorio/apache-airflow-tutorial/env/lib/python3.11/site-packages/airflow/example_dags/example_sensor_decorator.py took 0.099 seconds
[2023-08-23T21:58:55.163-0400] {processor.py:157} INFO - Started process (PID=10020) to work on /Users/mauri/Desktop/repositorio/apache-airflow-tutorial/env/lib/python3.11/site-packages/airflow/example_dags/example_sensor_decorator.py
[2023-08-23T21:58:55.165-0400] {processor.py:829} INFO - Processing file /Users/mauri/Desktop/repositorio/apache-airflow-tutorial/env/lib/python3.11/site-packages/airflow/example_dags/example_sensor_decorator.py for tasks to queue
[2023-08-23T21:58:55.165-0400] {logging_mixin.py:151} INFO - [2023-08-23T21:58:55.165-0400] {dagbag.py:539} INFO - Filling up the DagBag from /Users/mauri/Desktop/repositorio/apache-airflow-tutorial/env/lib/python3.11/site-packages/airflow/example_dags/example_sensor_decorator.py
[2023-08-23T21:58:55.195-0400] {processor.py:839} INFO - DAG(s) dict_keys(['example_sensor_decorator']) retrieved from /Users/mauri/Desktop/repositorio/apache-airflow-tutorial/env/lib/python3.11/site-packages/airflow/example_dags/example_sensor_decorator.py
[2023-08-23T21:58:55.249-0400] {logging_mixin.py:151} INFO - [2023-08-23T21:58:55.249-0400] {dag.py:2907} INFO - Sync 1 DAGs
[2023-08-23T21:58:55.252-0400] {logging_mixin.py:151} INFO - [2023-08-23T21:58:55.252-0400] {dag.py:3677} INFO - Setting next_dagrun for example_sensor_decorator to None, run_after=None
[2023-08-23T21:58:55.259-0400] {processor.py:179} INFO - Processing /Users/mauri/Desktop/repositorio/apache-airflow-tutorial/env/lib/python3.11/site-packages/airflow/example_dags/example_sensor_decorator.py took 0.096 seconds
[2023-08-23T22:00:09.935-0400] {processor.py:157} INFO - Started process (PID=10091) to work on /Users/mauri/Desktop/repositorio/apache-airflow-tutorial/env/lib/python3.11/site-packages/airflow/example_dags/example_sensor_decorator.py
[2023-08-23T22:00:09.936-0400] {processor.py:829} INFO - Processing file /Users/mauri/Desktop/repositorio/apache-airflow-tutorial/env/lib/python3.11/site-packages/airflow/example_dags/example_sensor_decorator.py for tasks to queue
[2023-08-23T22:00:09.936-0400] {logging_mixin.py:151} INFO - [2023-08-23T22:00:09.936-0400] {dagbag.py:539} INFO - Filling up the DagBag from /Users/mauri/Desktop/repositorio/apache-airflow-tutorial/env/lib/python3.11/site-packages/airflow/example_dags/example_sensor_decorator.py
[2023-08-23T22:00:09.967-0400] {processor.py:839} INFO - DAG(s) dict_keys(['example_sensor_decorator']) retrieved from /Users/mauri/Desktop/repositorio/apache-airflow-tutorial/env/lib/python3.11/site-packages/airflow/example_dags/example_sensor_decorator.py
[2023-08-23T22:00:10.020-0400] {logging_mixin.py:151} INFO - [2023-08-23T22:00:10.020-0400] {dag.py:2907} INFO - Sync 1 DAGs
[2023-08-23T22:00:10.023-0400] {logging_mixin.py:151} INFO - [2023-08-23T22:00:10.023-0400] {dag.py:3677} INFO - Setting next_dagrun for example_sensor_decorator to None, run_after=None
[2023-08-23T22:00:10.030-0400] {processor.py:179} INFO - Processing /Users/mauri/Desktop/repositorio/apache-airflow-tutorial/env/lib/python3.11/site-packages/airflow/example_dags/example_sensor_decorator.py took 0.096 seconds
