[2023-08-23T21:34:54.781-0400] {processor.py:157} INFO - Started process (PID=8535) to work on /Users/mauri/Desktop/repositorio/apache-airflow-tutorial/env/lib/python3.11/site-packages/airflow/example_dags/example_datasets.py
[2023-08-23T21:34:54.782-0400] {processor.py:829} INFO - Processing file /Users/mauri/Desktop/repositorio/apache-airflow-tutorial/env/lib/python3.11/site-packages/airflow/example_dags/example_datasets.py for tasks to queue
[2023-08-23T21:34:54.783-0400] {logging_mixin.py:151} INFO - [2023-08-23T21:34:54.783-0400] {dagbag.py:539} INFO - Filling up the DagBag from /Users/mauri/Desktop/repositorio/apache-airflow-tutorial/env/lib/python3.11/site-packages/airflow/example_dags/example_datasets.py
[2023-08-23T21:34:54.793-0400] {processor.py:839} INFO - DAG(s) dict_keys(['dataset_consumes_1_never_scheduled', 'dataset_consumes_1_and_2', 'dataset_produces_1', 'dataset_consumes_1', 'dataset_consumes_unknown_never_scheduled', 'dataset_produces_2']) retrieved from /Users/mauri/Desktop/repositorio/apache-airflow-tutorial/env/lib/python3.11/site-packages/airflow/example_dags/example_datasets.py
[2023-08-23T21:34:55.127-0400] {logging_mixin.py:151} INFO - [2023-08-23T21:34:55.127-0400] {manager.py:501} INFO - Created Permission View: can edit on DAG:dataset_consumes_1_never_scheduled
[2023-08-23T21:34:55.130-0400] {logging_mixin.py:151} INFO - [2023-08-23T21:34:55.130-0400] {manager.py:501} INFO - Created Permission View: can read on DAG:dataset_consumes_1_never_scheduled
[2023-08-23T21:34:55.132-0400] {logging_mixin.py:151} INFO - [2023-08-23T21:34:55.132-0400] {manager.py:501} INFO - Created Permission View: can delete on DAG:dataset_consumes_1_never_scheduled
[2023-08-23T21:34:55.139-0400] {logging_mixin.py:151} INFO - [2023-08-23T21:34:55.139-0400] {manager.py:501} INFO - Created Permission View: can edit on DAG:dataset_consumes_1_and_2
[2023-08-23T21:34:55.141-0400] {logging_mixin.py:151} INFO - [2023-08-23T21:34:55.141-0400] {manager.py:501} INFO - Created Permission View: can read on DAG:dataset_consumes_1_and_2
[2023-08-23T21:34:55.143-0400] {logging_mixin.py:151} INFO - [2023-08-23T21:34:55.143-0400] {manager.py:501} INFO - Created Permission View: can delete on DAG:dataset_consumes_1_and_2
[2023-08-23T21:34:55.147-0400] {logging_mixin.py:151} INFO - [2023-08-23T21:34:55.147-0400] {manager.py:501} INFO - Created Permission View: can edit on DAG:dataset_produces_1
[2023-08-23T21:34:55.148-0400] {logging_mixin.py:151} INFO - [2023-08-23T21:34:55.148-0400] {manager.py:501} INFO - Created Permission View: can read on DAG:dataset_produces_1
[2023-08-23T21:34:55.150-0400] {logging_mixin.py:151} INFO - [2023-08-23T21:34:55.150-0400] {manager.py:501} INFO - Created Permission View: can delete on DAG:dataset_produces_1
[2023-08-23T21:34:55.154-0400] {logging_mixin.py:151} INFO - [2023-08-23T21:34:55.154-0400] {manager.py:501} INFO - Created Permission View: can edit on DAG:dataset_consumes_1
[2023-08-23T21:34:55.156-0400] {logging_mixin.py:151} INFO - [2023-08-23T21:34:55.156-0400] {manager.py:501} INFO - Created Permission View: can read on DAG:dataset_consumes_1
[2023-08-23T21:34:55.157-0400] {logging_mixin.py:151} INFO - [2023-08-23T21:34:55.157-0400] {manager.py:501} INFO - Created Permission View: can delete on DAG:dataset_consumes_1
[2023-08-23T21:34:55.161-0400] {logging_mixin.py:151} INFO - [2023-08-23T21:34:55.161-0400] {manager.py:501} INFO - Created Permission View: can edit on DAG:dataset_consumes_unknown_never_scheduled
[2023-08-23T21:34:55.163-0400] {logging_mixin.py:151} INFO - [2023-08-23T21:34:55.163-0400] {manager.py:501} INFO - Created Permission View: can read on DAG:dataset_consumes_unknown_never_scheduled
[2023-08-23T21:34:55.165-0400] {logging_mixin.py:151} INFO - [2023-08-23T21:34:55.165-0400] {manager.py:501} INFO - Created Permission View: can delete on DAG:dataset_consumes_unknown_never_scheduled
[2023-08-23T21:34:55.169-0400] {logging_mixin.py:151} INFO - [2023-08-23T21:34:55.169-0400] {manager.py:501} INFO - Created Permission View: can edit on DAG:dataset_produces_2
[2023-08-23T21:34:55.170-0400] {logging_mixin.py:151} INFO - [2023-08-23T21:34:55.170-0400] {manager.py:501} INFO - Created Permission View: can read on DAG:dataset_produces_2
[2023-08-23T21:34:55.172-0400] {logging_mixin.py:151} INFO - [2023-08-23T21:34:55.172-0400] {manager.py:501} INFO - Created Permission View: can delete on DAG:dataset_produces_2
[2023-08-23T21:34:55.173-0400] {logging_mixin.py:151} INFO - [2023-08-23T21:34:55.173-0400] {dag.py:2907} INFO - Sync 6 DAGs
[2023-08-23T21:34:55.176-0400] {logging_mixin.py:151} INFO - [2023-08-23T21:34:55.176-0400] {dag.py:2929} INFO - Creating ORM DAG for dataset_consumes_1_never_scheduled
[2023-08-23T21:34:55.176-0400] {logging_mixin.py:151} INFO - [2023-08-23T21:34:55.176-0400] {dag.py:2929} INFO - Creating ORM DAG for dataset_consumes_1
[2023-08-23T21:34:55.176-0400] {logging_mixin.py:151} INFO - [2023-08-23T21:34:55.176-0400] {dag.py:2929} INFO - Creating ORM DAG for dataset_consumes_1_and_2
[2023-08-23T21:34:55.176-0400] {logging_mixin.py:151} INFO - [2023-08-23T21:34:55.176-0400] {dag.py:2929} INFO - Creating ORM DAG for dataset_produces_1
[2023-08-23T21:34:55.177-0400] {logging_mixin.py:151} INFO - [2023-08-23T21:34:55.177-0400] {dag.py:2929} INFO - Creating ORM DAG for dataset_consumes_unknown_never_scheduled
[2023-08-23T21:34:55.177-0400] {logging_mixin.py:151} INFO - [2023-08-23T21:34:55.177-0400] {dag.py:2929} INFO - Creating ORM DAG for dataset_produces_2
[2023-08-23T21:34:55.179-0400] {logging_mixin.py:151} INFO - [2023-08-23T21:34:55.179-0400] {dag.py:3677} INFO - Setting next_dagrun for dataset_consumes_1 to None, run_after=None
[2023-08-23T21:34:55.179-0400] {logging_mixin.py:151} INFO - [2023-08-23T21:34:55.179-0400] {dag.py:3677} INFO - Setting next_dagrun for dataset_consumes_1_and_2 to None, run_after=None
[2023-08-23T21:34:55.179-0400] {logging_mixin.py:151} INFO - [2023-08-23T21:34:55.179-0400] {dag.py:3677} INFO - Setting next_dagrun for dataset_consumes_1_never_scheduled to None, run_after=None
[2023-08-23T21:34:55.179-0400] {logging_mixin.py:151} INFO - [2023-08-23T21:34:55.179-0400] {dag.py:3677} INFO - Setting next_dagrun for dataset_consumes_unknown_never_scheduled to None, run_after=None
[2023-08-23T21:34:55.180-0400] {logging_mixin.py:151} INFO - [2023-08-23T21:34:55.180-0400] {dag.py:3677} INFO - Setting next_dagrun for dataset_produces_1 to 2023-08-23T00:00:00+00:00, run_after=2023-08-24T00:00:00+00:00
[2023-08-23T21:34:55.180-0400] {logging_mixin.py:151} INFO - [2023-08-23T21:34:55.180-0400] {dag.py:3677} INFO - Setting next_dagrun for dataset_produces_2 to None, run_after=None
[2023-08-23T21:34:55.189-0400] {processor.py:179} INFO - Processing /Users/mauri/Desktop/repositorio/apache-airflow-tutorial/env/lib/python3.11/site-packages/airflow/example_dags/example_datasets.py took 0.409 seconds
[2023-08-23T21:36:15.508-0400] {processor.py:157} INFO - Started process (PID=8608) to work on /Users/mauri/Desktop/repositorio/apache-airflow-tutorial/env/lib/python3.11/site-packages/airflow/example_dags/example_datasets.py
[2023-08-23T21:36:15.510-0400] {processor.py:829} INFO - Processing file /Users/mauri/Desktop/repositorio/apache-airflow-tutorial/env/lib/python3.11/site-packages/airflow/example_dags/example_datasets.py for tasks to queue
[2023-08-23T21:36:15.511-0400] {logging_mixin.py:151} INFO - [2023-08-23T21:36:15.511-0400] {dagbag.py:539} INFO - Filling up the DagBag from /Users/mauri/Desktop/repositorio/apache-airflow-tutorial/env/lib/python3.11/site-packages/airflow/example_dags/example_datasets.py
[2023-08-23T21:36:15.520-0400] {processor.py:839} INFO - DAG(s) dict_keys(['dataset_consumes_1_never_scheduled', 'dataset_produces_2', 'dataset_consumes_unknown_never_scheduled', 'dataset_produces_1', 'dataset_consumes_1', 'dataset_consumes_1_and_2']) retrieved from /Users/mauri/Desktop/repositorio/apache-airflow-tutorial/env/lib/python3.11/site-packages/airflow/example_dags/example_datasets.py
[2023-08-23T21:36:15.597-0400] {logging_mixin.py:151} INFO - [2023-08-23T21:36:15.597-0400] {dag.py:2907} INFO - Sync 6 DAGs
[2023-08-23T21:36:15.603-0400] {logging_mixin.py:151} INFO - [2023-08-23T21:36:15.603-0400] {dag.py:3677} INFO - Setting next_dagrun for dataset_consumes_1 to None, run_after=None
[2023-08-23T21:36:15.604-0400] {logging_mixin.py:151} INFO - [2023-08-23T21:36:15.603-0400] {dag.py:3677} INFO - Setting next_dagrun for dataset_consumes_1_and_2 to None, run_after=None
[2023-08-23T21:36:15.604-0400] {logging_mixin.py:151} INFO - [2023-08-23T21:36:15.604-0400] {dag.py:3677} INFO - Setting next_dagrun for dataset_consumes_1_never_scheduled to None, run_after=None
[2023-08-23T21:36:15.604-0400] {logging_mixin.py:151} INFO - [2023-08-23T21:36:15.604-0400] {dag.py:3677} INFO - Setting next_dagrun for dataset_consumes_unknown_never_scheduled to None, run_after=None
[2023-08-23T21:36:15.605-0400] {logging_mixin.py:151} INFO - [2023-08-23T21:36:15.605-0400] {dag.py:3677} INFO - Setting next_dagrun for dataset_produces_1 to 2023-08-23T00:00:00+00:00, run_after=2023-08-24T00:00:00+00:00
[2023-08-23T21:36:15.605-0400] {logging_mixin.py:151} INFO - [2023-08-23T21:36:15.605-0400] {dag.py:3677} INFO - Setting next_dagrun for dataset_produces_2 to None, run_after=None
[2023-08-23T21:36:15.614-0400] {processor.py:179} INFO - Processing /Users/mauri/Desktop/repositorio/apache-airflow-tutorial/env/lib/python3.11/site-packages/airflow/example_dags/example_datasets.py took 0.106 seconds
[2023-08-23T21:37:30.546-0400] {processor.py:157} INFO - Started process (PID=8671) to work on /Users/mauri/Desktop/repositorio/apache-airflow-tutorial/env/lib/python3.11/site-packages/airflow/example_dags/example_datasets.py
[2023-08-23T21:37:30.548-0400] {processor.py:829} INFO - Processing file /Users/mauri/Desktop/repositorio/apache-airflow-tutorial/env/lib/python3.11/site-packages/airflow/example_dags/example_datasets.py for tasks to queue
[2023-08-23T21:37:30.548-0400] {logging_mixin.py:151} INFO - [2023-08-23T21:37:30.548-0400] {dagbag.py:539} INFO - Filling up the DagBag from /Users/mauri/Desktop/repositorio/apache-airflow-tutorial/env/lib/python3.11/site-packages/airflow/example_dags/example_datasets.py
[2023-08-23T21:37:30.557-0400] {processor.py:839} INFO - DAG(s) dict_keys(['dataset_consumes_unknown_never_scheduled', 'dataset_consumes_1_and_2', 'dataset_produces_2', 'dataset_produces_1', 'dataset_consumes_1_never_scheduled', 'dataset_consumes_1']) retrieved from /Users/mauri/Desktop/repositorio/apache-airflow-tutorial/env/lib/python3.11/site-packages/airflow/example_dags/example_datasets.py
[2023-08-23T21:37:30.630-0400] {logging_mixin.py:151} INFO - [2023-08-23T21:37:30.630-0400] {dag.py:2907} INFO - Sync 6 DAGs
[2023-08-23T21:37:30.635-0400] {logging_mixin.py:151} INFO - [2023-08-23T21:37:30.635-0400] {dag.py:3677} INFO - Setting next_dagrun for dataset_consumes_1 to None, run_after=None
[2023-08-23T21:37:30.636-0400] {logging_mixin.py:151} INFO - [2023-08-23T21:37:30.636-0400] {dag.py:3677} INFO - Setting next_dagrun for dataset_consumes_1_and_2 to None, run_after=None
[2023-08-23T21:37:30.636-0400] {logging_mixin.py:151} INFO - [2023-08-23T21:37:30.636-0400] {dag.py:3677} INFO - Setting next_dagrun for dataset_consumes_1_never_scheduled to None, run_after=None
[2023-08-23T21:37:30.637-0400] {logging_mixin.py:151} INFO - [2023-08-23T21:37:30.636-0400] {dag.py:3677} INFO - Setting next_dagrun for dataset_consumes_unknown_never_scheduled to None, run_after=None
[2023-08-23T21:37:30.637-0400] {logging_mixin.py:151} INFO - [2023-08-23T21:37:30.637-0400] {dag.py:3677} INFO - Setting next_dagrun for dataset_produces_1 to 2023-08-23T00:00:00+00:00, run_after=2023-08-24T00:00:00+00:00
[2023-08-23T21:37:30.637-0400] {logging_mixin.py:151} INFO - [2023-08-23T21:37:30.637-0400] {dag.py:3677} INFO - Setting next_dagrun for dataset_produces_2 to None, run_after=None
[2023-08-23T21:37:30.647-0400] {processor.py:179} INFO - Processing /Users/mauri/Desktop/repositorio/apache-airflow-tutorial/env/lib/python3.11/site-packages/airflow/example_dags/example_datasets.py took 0.101 seconds
[2023-08-23T21:38:44.882-0400] {processor.py:157} INFO - Started process (PID=8742) to work on /Users/mauri/Desktop/repositorio/apache-airflow-tutorial/env/lib/python3.11/site-packages/airflow/example_dags/example_datasets.py
[2023-08-23T21:38:44.883-0400] {processor.py:829} INFO - Processing file /Users/mauri/Desktop/repositorio/apache-airflow-tutorial/env/lib/python3.11/site-packages/airflow/example_dags/example_datasets.py for tasks to queue
[2023-08-23T21:38:44.884-0400] {logging_mixin.py:151} INFO - [2023-08-23T21:38:44.883-0400] {dagbag.py:539} INFO - Filling up the DagBag from /Users/mauri/Desktop/repositorio/apache-airflow-tutorial/env/lib/python3.11/site-packages/airflow/example_dags/example_datasets.py
[2023-08-23T21:38:44.892-0400] {processor.py:839} INFO - DAG(s) dict_keys(['dataset_consumes_unknown_never_scheduled', 'dataset_produces_2', 'dataset_consumes_1_never_scheduled', 'dataset_consumes_1_and_2', 'dataset_consumes_1', 'dataset_produces_1']) retrieved from /Users/mauri/Desktop/repositorio/apache-airflow-tutorial/env/lib/python3.11/site-packages/airflow/example_dags/example_datasets.py
[2023-08-23T21:38:44.967-0400] {logging_mixin.py:151} INFO - [2023-08-23T21:38:44.967-0400] {dag.py:2907} INFO - Sync 6 DAGs
[2023-08-23T21:38:44.973-0400] {logging_mixin.py:151} INFO - [2023-08-23T21:38:44.973-0400] {dag.py:3677} INFO - Setting next_dagrun for dataset_consumes_1 to None, run_after=None
[2023-08-23T21:38:44.974-0400] {logging_mixin.py:151} INFO - [2023-08-23T21:38:44.974-0400] {dag.py:3677} INFO - Setting next_dagrun for dataset_consumes_1_and_2 to None, run_after=None
[2023-08-23T21:38:44.974-0400] {logging_mixin.py:151} INFO - [2023-08-23T21:38:44.974-0400] {dag.py:3677} INFO - Setting next_dagrun for dataset_consumes_1_never_scheduled to None, run_after=None
[2023-08-23T21:38:44.974-0400] {logging_mixin.py:151} INFO - [2023-08-23T21:38:44.974-0400] {dag.py:3677} INFO - Setting next_dagrun for dataset_consumes_unknown_never_scheduled to None, run_after=None
[2023-08-23T21:38:44.975-0400] {logging_mixin.py:151} INFO - [2023-08-23T21:38:44.975-0400] {dag.py:3677} INFO - Setting next_dagrun for dataset_produces_1 to 2023-08-23T00:00:00+00:00, run_after=2023-08-24T00:00:00+00:00
[2023-08-23T21:38:44.975-0400] {logging_mixin.py:151} INFO - [2023-08-23T21:38:44.975-0400] {dag.py:3677} INFO - Setting next_dagrun for dataset_produces_2 to None, run_after=None
[2023-08-23T21:38:44.984-0400] {processor.py:179} INFO - Processing /Users/mauri/Desktop/repositorio/apache-airflow-tutorial/env/lib/python3.11/site-packages/airflow/example_dags/example_datasets.py took 0.102 seconds
[2023-08-23T21:40:00.567-0400] {processor.py:157} INFO - Started process (PID=8807) to work on /Users/mauri/Desktop/repositorio/apache-airflow-tutorial/env/lib/python3.11/site-packages/airflow/example_dags/example_datasets.py
[2023-08-23T21:40:00.568-0400] {processor.py:829} INFO - Processing file /Users/mauri/Desktop/repositorio/apache-airflow-tutorial/env/lib/python3.11/site-packages/airflow/example_dags/example_datasets.py for tasks to queue
[2023-08-23T21:40:00.568-0400] {logging_mixin.py:151} INFO - [2023-08-23T21:40:00.568-0400] {dagbag.py:539} INFO - Filling up the DagBag from /Users/mauri/Desktop/repositorio/apache-airflow-tutorial/env/lib/python3.11/site-packages/airflow/example_dags/example_datasets.py
[2023-08-23T21:40:00.576-0400] {processor.py:839} INFO - DAG(s) dict_keys(['dataset_produces_1', 'dataset_consumes_unknown_never_scheduled', 'dataset_consumes_1_and_2', 'dataset_produces_2', 'dataset_consumes_1_never_scheduled', 'dataset_consumes_1']) retrieved from /Users/mauri/Desktop/repositorio/apache-airflow-tutorial/env/lib/python3.11/site-packages/airflow/example_dags/example_datasets.py
[2023-08-23T21:40:00.648-0400] {logging_mixin.py:151} INFO - [2023-08-23T21:40:00.648-0400] {dag.py:2907} INFO - Sync 6 DAGs
[2023-08-23T21:40:00.654-0400] {logging_mixin.py:151} INFO - [2023-08-23T21:40:00.653-0400] {dag.py:3677} INFO - Setting next_dagrun for dataset_consumes_1 to None, run_after=None
[2023-08-23T21:40:00.654-0400] {logging_mixin.py:151} INFO - [2023-08-23T21:40:00.654-0400] {dag.py:3677} INFO - Setting next_dagrun for dataset_consumes_1_and_2 to None, run_after=None
[2023-08-23T21:40:00.655-0400] {logging_mixin.py:151} INFO - [2023-08-23T21:40:00.655-0400] {dag.py:3677} INFO - Setting next_dagrun for dataset_consumes_1_never_scheduled to None, run_after=None
[2023-08-23T21:40:00.655-0400] {logging_mixin.py:151} INFO - [2023-08-23T21:40:00.655-0400] {dag.py:3677} INFO - Setting next_dagrun for dataset_consumes_unknown_never_scheduled to None, run_after=None
[2023-08-23T21:40:00.656-0400] {logging_mixin.py:151} INFO - [2023-08-23T21:40:00.656-0400] {dag.py:3677} INFO - Setting next_dagrun for dataset_produces_1 to 2023-08-23T00:00:00+00:00, run_after=2023-08-24T00:00:00+00:00
[2023-08-23T21:40:00.656-0400] {logging_mixin.py:151} INFO - [2023-08-23T21:40:00.656-0400] {dag.py:3677} INFO - Setting next_dagrun for dataset_produces_2 to None, run_after=None
[2023-08-23T21:40:00.665-0400] {processor.py:179} INFO - Processing /Users/mauri/Desktop/repositorio/apache-airflow-tutorial/env/lib/python3.11/site-packages/airflow/example_dags/example_datasets.py took 0.098 seconds
[2023-08-23T21:41:14.570-0400] {processor.py:157} INFO - Started process (PID=8863) to work on /Users/mauri/Desktop/repositorio/apache-airflow-tutorial/env/lib/python3.11/site-packages/airflow/example_dags/example_datasets.py
[2023-08-23T21:41:14.571-0400] {processor.py:829} INFO - Processing file /Users/mauri/Desktop/repositorio/apache-airflow-tutorial/env/lib/python3.11/site-packages/airflow/example_dags/example_datasets.py for tasks to queue
[2023-08-23T21:41:14.571-0400] {logging_mixin.py:151} INFO - [2023-08-23T21:41:14.571-0400] {dagbag.py:539} INFO - Filling up the DagBag from /Users/mauri/Desktop/repositorio/apache-airflow-tutorial/env/lib/python3.11/site-packages/airflow/example_dags/example_datasets.py
[2023-08-23T21:41:14.579-0400] {processor.py:839} INFO - DAG(s) dict_keys(['dataset_consumes_1_and_2', 'dataset_consumes_unknown_never_scheduled', 'dataset_produces_1', 'dataset_consumes_1_never_scheduled', 'dataset_produces_2', 'dataset_consumes_1']) retrieved from /Users/mauri/Desktop/repositorio/apache-airflow-tutorial/env/lib/python3.11/site-packages/airflow/example_dags/example_datasets.py
[2023-08-23T21:41:14.652-0400] {logging_mixin.py:151} INFO - [2023-08-23T21:41:14.652-0400] {dag.py:2907} INFO - Sync 6 DAGs
[2023-08-23T21:41:14.658-0400] {logging_mixin.py:151} INFO - [2023-08-23T21:41:14.658-0400] {dag.py:3677} INFO - Setting next_dagrun for dataset_consumes_1 to None, run_after=None
[2023-08-23T21:41:14.659-0400] {logging_mixin.py:151} INFO - [2023-08-23T21:41:14.659-0400] {dag.py:3677} INFO - Setting next_dagrun for dataset_consumes_1_and_2 to None, run_after=None
[2023-08-23T21:41:14.659-0400] {logging_mixin.py:151} INFO - [2023-08-23T21:41:14.659-0400] {dag.py:3677} INFO - Setting next_dagrun for dataset_consumes_1_never_scheduled to None, run_after=None
[2023-08-23T21:41:14.659-0400] {logging_mixin.py:151} INFO - [2023-08-23T21:41:14.659-0400] {dag.py:3677} INFO - Setting next_dagrun for dataset_consumes_unknown_never_scheduled to None, run_after=None
[2023-08-23T21:41:14.660-0400] {logging_mixin.py:151} INFO - [2023-08-23T21:41:14.660-0400] {dag.py:3677} INFO - Setting next_dagrun for dataset_produces_1 to 2023-08-23T00:00:00+00:00, run_after=2023-08-24T00:00:00+00:00
[2023-08-23T21:41:14.660-0400] {logging_mixin.py:151} INFO - [2023-08-23T21:41:14.660-0400] {dag.py:3677} INFO - Setting next_dagrun for dataset_produces_2 to None, run_after=None
[2023-08-23T21:41:14.669-0400] {processor.py:179} INFO - Processing /Users/mauri/Desktop/repositorio/apache-airflow-tutorial/env/lib/python3.11/site-packages/airflow/example_dags/example_datasets.py took 0.100 seconds
[2023-08-23T21:42:27.308-0400] {processor.py:157} INFO - Started process (PID=8926) to work on /Users/mauri/Desktop/repositorio/apache-airflow-tutorial/env/lib/python3.11/site-packages/airflow/example_dags/example_datasets.py
[2023-08-23T21:42:27.309-0400] {processor.py:829} INFO - Processing file /Users/mauri/Desktop/repositorio/apache-airflow-tutorial/env/lib/python3.11/site-packages/airflow/example_dags/example_datasets.py for tasks to queue
[2023-08-23T21:42:27.309-0400] {logging_mixin.py:151} INFO - [2023-08-23T21:42:27.309-0400] {dagbag.py:539} INFO - Filling up the DagBag from /Users/mauri/Desktop/repositorio/apache-airflow-tutorial/env/lib/python3.11/site-packages/airflow/example_dags/example_datasets.py
[2023-08-23T21:42:27.317-0400] {processor.py:839} INFO - DAG(s) dict_keys(['dataset_produces_2', 'dataset_consumes_1_never_scheduled', 'dataset_consumes_unknown_never_scheduled', 'dataset_consumes_1', 'dataset_consumes_1_and_2', 'dataset_produces_1']) retrieved from /Users/mauri/Desktop/repositorio/apache-airflow-tutorial/env/lib/python3.11/site-packages/airflow/example_dags/example_datasets.py
[2023-08-23T21:42:27.396-0400] {logging_mixin.py:151} INFO - [2023-08-23T21:42:27.395-0400] {dag.py:2907} INFO - Sync 6 DAGs
[2023-08-23T21:42:27.402-0400] {logging_mixin.py:151} INFO - [2023-08-23T21:42:27.401-0400] {dag.py:3677} INFO - Setting next_dagrun for dataset_consumes_1 to None, run_after=None
[2023-08-23T21:42:27.402-0400] {logging_mixin.py:151} INFO - [2023-08-23T21:42:27.402-0400] {dag.py:3677} INFO - Setting next_dagrun for dataset_consumes_1_and_2 to None, run_after=None
[2023-08-23T21:42:27.403-0400] {logging_mixin.py:151} INFO - [2023-08-23T21:42:27.403-0400] {dag.py:3677} INFO - Setting next_dagrun for dataset_consumes_1_never_scheduled to None, run_after=None
[2023-08-23T21:42:27.403-0400] {logging_mixin.py:151} INFO - [2023-08-23T21:42:27.403-0400] {dag.py:3677} INFO - Setting next_dagrun for dataset_consumes_unknown_never_scheduled to None, run_after=None
[2023-08-23T21:42:27.404-0400] {logging_mixin.py:151} INFO - [2023-08-23T21:42:27.404-0400] {dag.py:3677} INFO - Setting next_dagrun for dataset_produces_1 to 2023-08-23T00:00:00+00:00, run_after=2023-08-24T00:00:00+00:00
[2023-08-23T21:42:27.404-0400] {logging_mixin.py:151} INFO - [2023-08-23T21:42:27.404-0400] {dag.py:3677} INFO - Setting next_dagrun for dataset_produces_2 to None, run_after=None
[2023-08-23T21:42:27.414-0400] {processor.py:179} INFO - Processing /Users/mauri/Desktop/repositorio/apache-airflow-tutorial/env/lib/python3.11/site-packages/airflow/example_dags/example_datasets.py took 0.107 seconds
[2023-08-23T21:43:37.114-0400] {processor.py:157} INFO - Started process (PID=8987) to work on /Users/mauri/Desktop/repositorio/apache-airflow-tutorial/env/lib/python3.11/site-packages/airflow/example_dags/example_datasets.py
[2023-08-23T21:43:37.115-0400] {processor.py:829} INFO - Processing file /Users/mauri/Desktop/repositorio/apache-airflow-tutorial/env/lib/python3.11/site-packages/airflow/example_dags/example_datasets.py for tasks to queue
[2023-08-23T21:43:37.115-0400] {logging_mixin.py:151} INFO - [2023-08-23T21:43:37.115-0400] {dagbag.py:539} INFO - Filling up the DagBag from /Users/mauri/Desktop/repositorio/apache-airflow-tutorial/env/lib/python3.11/site-packages/airflow/example_dags/example_datasets.py
[2023-08-23T21:43:37.124-0400] {processor.py:839} INFO - DAG(s) dict_keys(['dataset_produces_1', 'dataset_consumes_1_never_scheduled', 'dataset_consumes_unknown_never_scheduled', 'dataset_consumes_1_and_2', 'dataset_produces_2', 'dataset_consumes_1']) retrieved from /Users/mauri/Desktop/repositorio/apache-airflow-tutorial/env/lib/python3.11/site-packages/airflow/example_dags/example_datasets.py
[2023-08-23T21:43:37.211-0400] {logging_mixin.py:151} INFO - [2023-08-23T21:43:37.211-0400] {dag.py:2907} INFO - Sync 6 DAGs
[2023-08-23T21:43:37.217-0400] {logging_mixin.py:151} INFO - [2023-08-23T21:43:37.217-0400] {dag.py:3677} INFO - Setting next_dagrun for dataset_consumes_1 to None, run_after=None
[2023-08-23T21:43:37.218-0400] {logging_mixin.py:151} INFO - [2023-08-23T21:43:37.218-0400] {dag.py:3677} INFO - Setting next_dagrun for dataset_consumes_1_and_2 to None, run_after=None
[2023-08-23T21:43:37.219-0400] {logging_mixin.py:151} INFO - [2023-08-23T21:43:37.219-0400] {dag.py:3677} INFO - Setting next_dagrun for dataset_consumes_1_never_scheduled to None, run_after=None
[2023-08-23T21:43:37.219-0400] {logging_mixin.py:151} INFO - [2023-08-23T21:43:37.219-0400] {dag.py:3677} INFO - Setting next_dagrun for dataset_consumes_unknown_never_scheduled to None, run_after=None
[2023-08-23T21:43:37.220-0400] {logging_mixin.py:151} INFO - [2023-08-23T21:43:37.220-0400] {dag.py:3677} INFO - Setting next_dagrun for dataset_produces_1 to 2023-08-23T00:00:00+00:00, run_after=2023-08-24T00:00:00+00:00
[2023-08-23T21:43:37.220-0400] {logging_mixin.py:151} INFO - [2023-08-23T21:43:37.220-0400] {dag.py:3677} INFO - Setting next_dagrun for dataset_produces_2 to None, run_after=None
[2023-08-23T21:43:37.230-0400] {processor.py:179} INFO - Processing /Users/mauri/Desktop/repositorio/apache-airflow-tutorial/env/lib/python3.11/site-packages/airflow/example_dags/example_datasets.py took 0.117 seconds
[2023-08-23T21:44:49.591-0400] {processor.py:157} INFO - Started process (PID=9065) to work on /Users/mauri/Desktop/repositorio/apache-airflow-tutorial/env/lib/python3.11/site-packages/airflow/example_dags/example_datasets.py
[2023-08-23T21:44:49.593-0400] {processor.py:829} INFO - Processing file /Users/mauri/Desktop/repositorio/apache-airflow-tutorial/env/lib/python3.11/site-packages/airflow/example_dags/example_datasets.py for tasks to queue
[2023-08-23T21:44:49.593-0400] {logging_mixin.py:151} INFO - [2023-08-23T21:44:49.593-0400] {dagbag.py:539} INFO - Filling up the DagBag from /Users/mauri/Desktop/repositorio/apache-airflow-tutorial/env/lib/python3.11/site-packages/airflow/example_dags/example_datasets.py
[2023-08-23T21:44:49.602-0400] {processor.py:839} INFO - DAG(s) dict_keys(['dataset_produces_2', 'dataset_consumes_1_never_scheduled', 'dataset_consumes_unknown_never_scheduled', 'dataset_produces_1', 'dataset_consumes_1', 'dataset_consumes_1_and_2']) retrieved from /Users/mauri/Desktop/repositorio/apache-airflow-tutorial/env/lib/python3.11/site-packages/airflow/example_dags/example_datasets.py
[2023-08-23T21:44:49.682-0400] {logging_mixin.py:151} INFO - [2023-08-23T21:44:49.682-0400] {dag.py:2907} INFO - Sync 6 DAGs
[2023-08-23T21:44:49.689-0400] {logging_mixin.py:151} INFO - [2023-08-23T21:44:49.689-0400] {dag.py:3677} INFO - Setting next_dagrun for dataset_consumes_1 to None, run_after=None
[2023-08-23T21:44:49.690-0400] {logging_mixin.py:151} INFO - [2023-08-23T21:44:49.690-0400] {dag.py:3677} INFO - Setting next_dagrun for dataset_consumes_1_and_2 to None, run_after=None
[2023-08-23T21:44:49.690-0400] {logging_mixin.py:151} INFO - [2023-08-23T21:44:49.690-0400] {dag.py:3677} INFO - Setting next_dagrun for dataset_consumes_1_never_scheduled to None, run_after=None
[2023-08-23T21:44:49.690-0400] {logging_mixin.py:151} INFO - [2023-08-23T21:44:49.690-0400] {dag.py:3677} INFO - Setting next_dagrun for dataset_consumes_unknown_never_scheduled to None, run_after=None
[2023-08-23T21:44:49.691-0400] {logging_mixin.py:151} INFO - [2023-08-23T21:44:49.691-0400] {dag.py:3677} INFO - Setting next_dagrun for dataset_produces_1 to 2023-08-23T00:00:00+00:00, run_after=2023-08-24T00:00:00+00:00
[2023-08-23T21:44:49.691-0400] {logging_mixin.py:151} INFO - [2023-08-23T21:44:49.691-0400] {dag.py:3677} INFO - Setting next_dagrun for dataset_produces_2 to None, run_after=None
[2023-08-23T21:44:49.701-0400] {processor.py:179} INFO - Processing /Users/mauri/Desktop/repositorio/apache-airflow-tutorial/env/lib/python3.11/site-packages/airflow/example_dags/example_datasets.py took 0.110 seconds
[2023-08-23T21:46:03.509-0400] {processor.py:157} INFO - Started process (PID=9169) to work on /Users/mauri/Desktop/repositorio/apache-airflow-tutorial/env/lib/python3.11/site-packages/airflow/example_dags/example_datasets.py
[2023-08-23T21:46:03.511-0400] {processor.py:829} INFO - Processing file /Users/mauri/Desktop/repositorio/apache-airflow-tutorial/env/lib/python3.11/site-packages/airflow/example_dags/example_datasets.py for tasks to queue
[2023-08-23T21:46:03.511-0400] {logging_mixin.py:151} INFO - [2023-08-23T21:46:03.511-0400] {dagbag.py:539} INFO - Filling up the DagBag from /Users/mauri/Desktop/repositorio/apache-airflow-tutorial/env/lib/python3.11/site-packages/airflow/example_dags/example_datasets.py
[2023-08-23T21:46:03.519-0400] {processor.py:839} INFO - DAG(s) dict_keys(['dataset_consumes_1', 'dataset_consumes_1_and_2', 'dataset_consumes_1_never_scheduled', 'dataset_produces_1', 'dataset_produces_2', 'dataset_consumes_unknown_never_scheduled']) retrieved from /Users/mauri/Desktop/repositorio/apache-airflow-tutorial/env/lib/python3.11/site-packages/airflow/example_dags/example_datasets.py
[2023-08-23T21:46:03.590-0400] {logging_mixin.py:151} INFO - [2023-08-23T21:46:03.590-0400] {dag.py:2907} INFO - Sync 6 DAGs
[2023-08-23T21:46:03.596-0400] {logging_mixin.py:151} INFO - [2023-08-23T21:46:03.596-0400] {dag.py:3677} INFO - Setting next_dagrun for dataset_consumes_1 to None, run_after=None
[2023-08-23T21:46:03.597-0400] {logging_mixin.py:151} INFO - [2023-08-23T21:46:03.597-0400] {dag.py:3677} INFO - Setting next_dagrun for dataset_consumes_1_and_2 to None, run_after=None
[2023-08-23T21:46:03.597-0400] {logging_mixin.py:151} INFO - [2023-08-23T21:46:03.597-0400] {dag.py:3677} INFO - Setting next_dagrun for dataset_consumes_1_never_scheduled to None, run_after=None
[2023-08-23T21:46:03.597-0400] {logging_mixin.py:151} INFO - [2023-08-23T21:46:03.597-0400] {dag.py:3677} INFO - Setting next_dagrun for dataset_consumes_unknown_never_scheduled to None, run_after=None
[2023-08-23T21:46:03.598-0400] {logging_mixin.py:151} INFO - [2023-08-23T21:46:03.598-0400] {dag.py:3677} INFO - Setting next_dagrun for dataset_produces_1 to 2023-08-23T00:00:00+00:00, run_after=2023-08-24T00:00:00+00:00
[2023-08-23T21:46:03.598-0400] {logging_mixin.py:151} INFO - [2023-08-23T21:46:03.598-0400] {dag.py:3677} INFO - Setting next_dagrun for dataset_produces_2 to None, run_after=None
[2023-08-23T21:46:03.607-0400] {processor.py:179} INFO - Processing /Users/mauri/Desktop/repositorio/apache-airflow-tutorial/env/lib/python3.11/site-packages/airflow/example_dags/example_datasets.py took 0.098 seconds
[2023-08-23T21:47:12.394-0400] {processor.py:157} INFO - Started process (PID=9305) to work on /Users/mauri/Desktop/repositorio/apache-airflow-tutorial/env/lib/python3.11/site-packages/airflow/example_dags/example_datasets.py
[2023-08-23T21:47:12.395-0400] {processor.py:829} INFO - Processing file /Users/mauri/Desktop/repositorio/apache-airflow-tutorial/env/lib/python3.11/site-packages/airflow/example_dags/example_datasets.py for tasks to queue
[2023-08-23T21:47:12.395-0400] {logging_mixin.py:151} INFO - [2023-08-23T21:47:12.395-0400] {dagbag.py:539} INFO - Filling up the DagBag from /Users/mauri/Desktop/repositorio/apache-airflow-tutorial/env/lib/python3.11/site-packages/airflow/example_dags/example_datasets.py
[2023-08-23T21:47:12.403-0400] {processor.py:839} INFO - DAG(s) dict_keys(['dataset_consumes_unknown_never_scheduled', 'dataset_consumes_1_and_2', 'dataset_produces_1', 'dataset_produces_2', 'dataset_consumes_1_never_scheduled', 'dataset_consumes_1']) retrieved from /Users/mauri/Desktop/repositorio/apache-airflow-tutorial/env/lib/python3.11/site-packages/airflow/example_dags/example_datasets.py
[2023-08-23T21:47:12.476-0400] {logging_mixin.py:151} INFO - [2023-08-23T21:47:12.476-0400] {dag.py:2907} INFO - Sync 6 DAGs
[2023-08-23T21:47:12.481-0400] {logging_mixin.py:151} INFO - [2023-08-23T21:47:12.481-0400] {dag.py:3677} INFO - Setting next_dagrun for dataset_consumes_1 to None, run_after=None
[2023-08-23T21:47:12.482-0400] {logging_mixin.py:151} INFO - [2023-08-23T21:47:12.482-0400] {dag.py:3677} INFO - Setting next_dagrun for dataset_consumes_1_and_2 to None, run_after=None
[2023-08-23T21:47:12.482-0400] {logging_mixin.py:151} INFO - [2023-08-23T21:47:12.482-0400] {dag.py:3677} INFO - Setting next_dagrun for dataset_consumes_1_never_scheduled to None, run_after=None
[2023-08-23T21:47:12.483-0400] {logging_mixin.py:151} INFO - [2023-08-23T21:47:12.483-0400] {dag.py:3677} INFO - Setting next_dagrun for dataset_consumes_unknown_never_scheduled to None, run_after=None
[2023-08-23T21:47:12.483-0400] {logging_mixin.py:151} INFO - [2023-08-23T21:47:12.483-0400] {dag.py:3677} INFO - Setting next_dagrun for dataset_produces_1 to 2023-08-23T00:00:00+00:00, run_after=2023-08-24T00:00:00+00:00
[2023-08-23T21:47:12.483-0400] {logging_mixin.py:151} INFO - [2023-08-23T21:47:12.483-0400] {dag.py:3677} INFO - Setting next_dagrun for dataset_produces_2 to None, run_after=None
[2023-08-23T21:47:12.493-0400] {processor.py:179} INFO - Processing /Users/mauri/Desktop/repositorio/apache-airflow-tutorial/env/lib/python3.11/site-packages/airflow/example_dags/example_datasets.py took 0.099 seconds
[2023-08-23T21:48:25.357-0400] {processor.py:157} INFO - Started process (PID=9419) to work on /Users/mauri/Desktop/repositorio/apache-airflow-tutorial/env/lib/python3.11/site-packages/airflow/example_dags/example_datasets.py
[2023-08-23T21:48:25.359-0400] {processor.py:829} INFO - Processing file /Users/mauri/Desktop/repositorio/apache-airflow-tutorial/env/lib/python3.11/site-packages/airflow/example_dags/example_datasets.py for tasks to queue
[2023-08-23T21:48:25.359-0400] {logging_mixin.py:151} INFO - [2023-08-23T21:48:25.359-0400] {dagbag.py:539} INFO - Filling up the DagBag from /Users/mauri/Desktop/repositorio/apache-airflow-tutorial/env/lib/python3.11/site-packages/airflow/example_dags/example_datasets.py
[2023-08-23T21:48:25.366-0400] {processor.py:839} INFO - DAG(s) dict_keys(['dataset_produces_1', 'dataset_consumes_1_and_2', 'dataset_produces_2', 'dataset_consumes_1_never_scheduled', 'dataset_consumes_1', 'dataset_consumes_unknown_never_scheduled']) retrieved from /Users/mauri/Desktop/repositorio/apache-airflow-tutorial/env/lib/python3.11/site-packages/airflow/example_dags/example_datasets.py
[2023-08-23T21:48:25.439-0400] {logging_mixin.py:151} INFO - [2023-08-23T21:48:25.439-0400] {dag.py:2907} INFO - Sync 6 DAGs
[2023-08-23T21:48:25.444-0400] {logging_mixin.py:151} INFO - [2023-08-23T21:48:25.444-0400] {dag.py:3677} INFO - Setting next_dagrun for dataset_consumes_1 to None, run_after=None
[2023-08-23T21:48:25.445-0400] {logging_mixin.py:151} INFO - [2023-08-23T21:48:25.445-0400] {dag.py:3677} INFO - Setting next_dagrun for dataset_consumes_1_and_2 to None, run_after=None
[2023-08-23T21:48:25.446-0400] {logging_mixin.py:151} INFO - [2023-08-23T21:48:25.446-0400] {dag.py:3677} INFO - Setting next_dagrun for dataset_consumes_1_never_scheduled to None, run_after=None
[2023-08-23T21:48:25.446-0400] {logging_mixin.py:151} INFO - [2023-08-23T21:48:25.446-0400] {dag.py:3677} INFO - Setting next_dagrun for dataset_consumes_unknown_never_scheduled to None, run_after=None
[2023-08-23T21:48:25.447-0400] {logging_mixin.py:151} INFO - [2023-08-23T21:48:25.446-0400] {dag.py:3677} INFO - Setting next_dagrun for dataset_produces_1 to 2023-08-23T00:00:00+00:00, run_after=2023-08-24T00:00:00+00:00
[2023-08-23T21:48:25.447-0400] {logging_mixin.py:151} INFO - [2023-08-23T21:48:25.447-0400] {dag.py:3677} INFO - Setting next_dagrun for dataset_produces_2 to None, run_after=None
[2023-08-23T21:48:25.455-0400] {processor.py:179} INFO - Processing /Users/mauri/Desktop/repositorio/apache-airflow-tutorial/env/lib/python3.11/site-packages/airflow/example_dags/example_datasets.py took 0.098 seconds
[2023-08-23T21:49:38.235-0400] {processor.py:157} INFO - Started process (PID=9483) to work on /Users/mauri/Desktop/repositorio/apache-airflow-tutorial/env/lib/python3.11/site-packages/airflow/example_dags/example_datasets.py
[2023-08-23T21:49:38.237-0400] {processor.py:829} INFO - Processing file /Users/mauri/Desktop/repositorio/apache-airflow-tutorial/env/lib/python3.11/site-packages/airflow/example_dags/example_datasets.py for tasks to queue
[2023-08-23T21:49:38.237-0400] {logging_mixin.py:151} INFO - [2023-08-23T21:49:38.237-0400] {dagbag.py:539} INFO - Filling up the DagBag from /Users/mauri/Desktop/repositorio/apache-airflow-tutorial/env/lib/python3.11/site-packages/airflow/example_dags/example_datasets.py
[2023-08-23T21:49:38.244-0400] {processor.py:839} INFO - DAG(s) dict_keys(['dataset_produces_2', 'dataset_produces_1', 'dataset_consumes_unknown_never_scheduled', 'dataset_consumes_1_never_scheduled', 'dataset_consumes_1', 'dataset_consumes_1_and_2']) retrieved from /Users/mauri/Desktop/repositorio/apache-airflow-tutorial/env/lib/python3.11/site-packages/airflow/example_dags/example_datasets.py
[2023-08-23T21:49:38.317-0400] {logging_mixin.py:151} INFO - [2023-08-23T21:49:38.317-0400] {dag.py:2907} INFO - Sync 6 DAGs
[2023-08-23T21:49:38.322-0400] {logging_mixin.py:151} INFO - [2023-08-23T21:49:38.322-0400] {dag.py:3677} INFO - Setting next_dagrun for dataset_consumes_1 to None, run_after=None
[2023-08-23T21:49:38.323-0400] {logging_mixin.py:151} INFO - [2023-08-23T21:49:38.323-0400] {dag.py:3677} INFO - Setting next_dagrun for dataset_consumes_1_and_2 to None, run_after=None
[2023-08-23T21:49:38.323-0400] {logging_mixin.py:151} INFO - [2023-08-23T21:49:38.323-0400] {dag.py:3677} INFO - Setting next_dagrun for dataset_consumes_1_never_scheduled to None, run_after=None
[2023-08-23T21:49:38.323-0400] {logging_mixin.py:151} INFO - [2023-08-23T21:49:38.323-0400] {dag.py:3677} INFO - Setting next_dagrun for dataset_consumes_unknown_never_scheduled to None, run_after=None
[2023-08-23T21:49:38.324-0400] {logging_mixin.py:151} INFO - [2023-08-23T21:49:38.324-0400] {dag.py:3677} INFO - Setting next_dagrun for dataset_produces_1 to 2023-08-23T00:00:00+00:00, run_after=2023-08-24T00:00:00+00:00
[2023-08-23T21:49:38.324-0400] {logging_mixin.py:151} INFO - [2023-08-23T21:49:38.324-0400] {dag.py:3677} INFO - Setting next_dagrun for dataset_produces_2 to None, run_after=None
[2023-08-23T21:49:38.333-0400] {processor.py:179} INFO - Processing /Users/mauri/Desktop/repositorio/apache-airflow-tutorial/env/lib/python3.11/site-packages/airflow/example_dags/example_datasets.py took 0.098 seconds
[2023-08-23T21:50:54.057-0400] {processor.py:157} INFO - Started process (PID=9554) to work on /Users/mauri/Desktop/repositorio/apache-airflow-tutorial/env/lib/python3.11/site-packages/airflow/example_dags/example_datasets.py
[2023-08-23T21:50:54.059-0400] {processor.py:829} INFO - Processing file /Users/mauri/Desktop/repositorio/apache-airflow-tutorial/env/lib/python3.11/site-packages/airflow/example_dags/example_datasets.py for tasks to queue
[2023-08-23T21:50:54.060-0400] {logging_mixin.py:151} INFO - [2023-08-23T21:50:54.059-0400] {dagbag.py:539} INFO - Filling up the DagBag from /Users/mauri/Desktop/repositorio/apache-airflow-tutorial/env/lib/python3.11/site-packages/airflow/example_dags/example_datasets.py
[2023-08-23T21:50:54.067-0400] {processor.py:839} INFO - DAG(s) dict_keys(['dataset_consumes_1', 'dataset_consumes_1_and_2', 'dataset_consumes_1_never_scheduled', 'dataset_produces_1', 'dataset_produces_2', 'dataset_consumes_unknown_never_scheduled']) retrieved from /Users/mauri/Desktop/repositorio/apache-airflow-tutorial/env/lib/python3.11/site-packages/airflow/example_dags/example_datasets.py
[2023-08-23T21:50:54.140-0400] {logging_mixin.py:151} INFO - [2023-08-23T21:50:54.140-0400] {dag.py:2907} INFO - Sync 6 DAGs
[2023-08-23T21:50:54.146-0400] {logging_mixin.py:151} INFO - [2023-08-23T21:50:54.146-0400] {dag.py:3677} INFO - Setting next_dagrun for dataset_consumes_1 to None, run_after=None
[2023-08-23T21:50:54.147-0400] {logging_mixin.py:151} INFO - [2023-08-23T21:50:54.147-0400] {dag.py:3677} INFO - Setting next_dagrun for dataset_consumes_1_and_2 to None, run_after=None
[2023-08-23T21:50:54.147-0400] {logging_mixin.py:151} INFO - [2023-08-23T21:50:54.147-0400] {dag.py:3677} INFO - Setting next_dagrun for dataset_consumes_1_never_scheduled to None, run_after=None
[2023-08-23T21:50:54.147-0400] {logging_mixin.py:151} INFO - [2023-08-23T21:50:54.147-0400] {dag.py:3677} INFO - Setting next_dagrun for dataset_consumes_unknown_never_scheduled to None, run_after=None
[2023-08-23T21:50:54.148-0400] {logging_mixin.py:151} INFO - [2023-08-23T21:50:54.148-0400] {dag.py:3677} INFO - Setting next_dagrun for dataset_produces_1 to 2023-08-23T00:00:00+00:00, run_after=2023-08-24T00:00:00+00:00
[2023-08-23T21:50:54.148-0400] {logging_mixin.py:151} INFO - [2023-08-23T21:50:54.148-0400] {dag.py:3677} INFO - Setting next_dagrun for dataset_produces_2 to None, run_after=None
[2023-08-23T21:50:54.156-0400] {processor.py:179} INFO - Processing /Users/mauri/Desktop/repositorio/apache-airflow-tutorial/env/lib/python3.11/site-packages/airflow/example_dags/example_datasets.py took 0.100 seconds
[2023-08-23T21:52:07.848-0400] {processor.py:157} INFO - Started process (PID=9654) to work on /Users/mauri/Desktop/repositorio/apache-airflow-tutorial/env/lib/python3.11/site-packages/airflow/example_dags/example_datasets.py
[2023-08-23T21:52:07.849-0400] {processor.py:829} INFO - Processing file /Users/mauri/Desktop/repositorio/apache-airflow-tutorial/env/lib/python3.11/site-packages/airflow/example_dags/example_datasets.py for tasks to queue
[2023-08-23T21:52:07.850-0400] {logging_mixin.py:151} INFO - [2023-08-23T21:52:07.850-0400] {dagbag.py:539} INFO - Filling up the DagBag from /Users/mauri/Desktop/repositorio/apache-airflow-tutorial/env/lib/python3.11/site-packages/airflow/example_dags/example_datasets.py
[2023-08-23T21:52:07.857-0400] {processor.py:839} INFO - DAG(s) dict_keys(['dataset_consumes_1', 'dataset_consumes_unknown_never_scheduled', 'dataset_consumes_1_never_scheduled', 'dataset_produces_2', 'dataset_produces_1', 'dataset_consumes_1_and_2']) retrieved from /Users/mauri/Desktop/repositorio/apache-airflow-tutorial/env/lib/python3.11/site-packages/airflow/example_dags/example_datasets.py
[2023-08-23T21:52:07.929-0400] {logging_mixin.py:151} INFO - [2023-08-23T21:52:07.929-0400] {dag.py:2907} INFO - Sync 6 DAGs
[2023-08-23T21:52:07.934-0400] {logging_mixin.py:151} INFO - [2023-08-23T21:52:07.934-0400] {dag.py:3677} INFO - Setting next_dagrun for dataset_consumes_1 to None, run_after=None
[2023-08-23T21:52:07.935-0400] {logging_mixin.py:151} INFO - [2023-08-23T21:52:07.935-0400] {dag.py:3677} INFO - Setting next_dagrun for dataset_consumes_1_and_2 to None, run_after=None
[2023-08-23T21:52:07.935-0400] {logging_mixin.py:151} INFO - [2023-08-23T21:52:07.935-0400] {dag.py:3677} INFO - Setting next_dagrun for dataset_consumes_1_never_scheduled to None, run_after=None
[2023-08-23T21:52:07.936-0400] {logging_mixin.py:151} INFO - [2023-08-23T21:52:07.936-0400] {dag.py:3677} INFO - Setting next_dagrun for dataset_consumes_unknown_never_scheduled to None, run_after=None
[2023-08-23T21:52:07.936-0400] {logging_mixin.py:151} INFO - [2023-08-23T21:52:07.936-0400] {dag.py:3677} INFO - Setting next_dagrun for dataset_produces_1 to 2023-08-23T00:00:00+00:00, run_after=2023-08-24T00:00:00+00:00
[2023-08-23T21:52:07.936-0400] {logging_mixin.py:151} INFO - [2023-08-23T21:52:07.936-0400] {dag.py:3677} INFO - Setting next_dagrun for dataset_produces_2 to None, run_after=None
[2023-08-23T21:52:07.945-0400] {processor.py:179} INFO - Processing /Users/mauri/Desktop/repositorio/apache-airflow-tutorial/env/lib/python3.11/site-packages/airflow/example_dags/example_datasets.py took 0.097 seconds
[2023-08-23T21:53:17.492-0400] {processor.py:157} INFO - Started process (PID=9718) to work on /Users/mauri/Desktop/repositorio/apache-airflow-tutorial/env/lib/python3.11/site-packages/airflow/example_dags/example_datasets.py
[2023-08-23T21:53:17.493-0400] {processor.py:829} INFO - Processing file /Users/mauri/Desktop/repositorio/apache-airflow-tutorial/env/lib/python3.11/site-packages/airflow/example_dags/example_datasets.py for tasks to queue
[2023-08-23T21:53:17.493-0400] {logging_mixin.py:151} INFO - [2023-08-23T21:53:17.493-0400] {dagbag.py:539} INFO - Filling up the DagBag from /Users/mauri/Desktop/repositorio/apache-airflow-tutorial/env/lib/python3.11/site-packages/airflow/example_dags/example_datasets.py
[2023-08-23T21:53:17.502-0400] {processor.py:839} INFO - DAG(s) dict_keys(['dataset_consumes_1', 'dataset_consumes_unknown_never_scheduled', 'dataset_consumes_1_never_scheduled', 'dataset_produces_1', 'dataset_produces_2', 'dataset_consumes_1_and_2']) retrieved from /Users/mauri/Desktop/repositorio/apache-airflow-tutorial/env/lib/python3.11/site-packages/airflow/example_dags/example_datasets.py
[2023-08-23T21:53:17.576-0400] {logging_mixin.py:151} INFO - [2023-08-23T21:53:17.575-0400] {dag.py:2907} INFO - Sync 6 DAGs
[2023-08-23T21:53:17.581-0400] {logging_mixin.py:151} INFO - [2023-08-23T21:53:17.581-0400] {dag.py:3677} INFO - Setting next_dagrun for dataset_consumes_1 to None, run_after=None
[2023-08-23T21:53:17.582-0400] {logging_mixin.py:151} INFO - [2023-08-23T21:53:17.582-0400] {dag.py:3677} INFO - Setting next_dagrun for dataset_consumes_1_and_2 to None, run_after=None
[2023-08-23T21:53:17.582-0400] {logging_mixin.py:151} INFO - [2023-08-23T21:53:17.582-0400] {dag.py:3677} INFO - Setting next_dagrun for dataset_consumes_1_never_scheduled to None, run_after=None
[2023-08-23T21:53:17.583-0400] {logging_mixin.py:151} INFO - [2023-08-23T21:53:17.583-0400] {dag.py:3677} INFO - Setting next_dagrun for dataset_consumes_unknown_never_scheduled to None, run_after=None
[2023-08-23T21:53:17.583-0400] {logging_mixin.py:151} INFO - [2023-08-23T21:53:17.583-0400] {dag.py:3677} INFO - Setting next_dagrun for dataset_produces_1 to 2023-08-23T00:00:00+00:00, run_after=2023-08-24T00:00:00+00:00
[2023-08-23T21:53:17.584-0400] {logging_mixin.py:151} INFO - [2023-08-23T21:53:17.584-0400] {dag.py:3677} INFO - Setting next_dagrun for dataset_produces_2 to None, run_after=None
[2023-08-23T21:53:17.592-0400] {processor.py:179} INFO - Processing /Users/mauri/Desktop/repositorio/apache-airflow-tutorial/env/lib/python3.11/site-packages/airflow/example_dags/example_datasets.py took 0.101 seconds
[2023-08-23T21:54:29.402-0400] {processor.py:157} INFO - Started process (PID=9781) to work on /Users/mauri/Desktop/repositorio/apache-airflow-tutorial/env/lib/python3.11/site-packages/airflow/example_dags/example_datasets.py
[2023-08-23T21:54:29.403-0400] {processor.py:829} INFO - Processing file /Users/mauri/Desktop/repositorio/apache-airflow-tutorial/env/lib/python3.11/site-packages/airflow/example_dags/example_datasets.py for tasks to queue
[2023-08-23T21:54:29.404-0400] {logging_mixin.py:151} INFO - [2023-08-23T21:54:29.403-0400] {dagbag.py:539} INFO - Filling up the DagBag from /Users/mauri/Desktop/repositorio/apache-airflow-tutorial/env/lib/python3.11/site-packages/airflow/example_dags/example_datasets.py
[2023-08-23T21:54:29.411-0400] {processor.py:839} INFO - DAG(s) dict_keys(['dataset_consumes_1_never_scheduled', 'dataset_consumes_1', 'dataset_consumes_1_and_2', 'dataset_produces_2', 'dataset_produces_1', 'dataset_consumes_unknown_never_scheduled']) retrieved from /Users/mauri/Desktop/repositorio/apache-airflow-tutorial/env/lib/python3.11/site-packages/airflow/example_dags/example_datasets.py
[2023-08-23T21:54:29.483-0400] {logging_mixin.py:151} INFO - [2023-08-23T21:54:29.482-0400] {dag.py:2907} INFO - Sync 6 DAGs
[2023-08-23T21:54:29.488-0400] {logging_mixin.py:151} INFO - [2023-08-23T21:54:29.488-0400] {dag.py:3677} INFO - Setting next_dagrun for dataset_consumes_1 to None, run_after=None
[2023-08-23T21:54:29.489-0400] {logging_mixin.py:151} INFO - [2023-08-23T21:54:29.489-0400] {dag.py:3677} INFO - Setting next_dagrun for dataset_consumes_1_and_2 to None, run_after=None
[2023-08-23T21:54:29.489-0400] {logging_mixin.py:151} INFO - [2023-08-23T21:54:29.489-0400] {dag.py:3677} INFO - Setting next_dagrun for dataset_consumes_1_never_scheduled to None, run_after=None
[2023-08-23T21:54:29.489-0400] {logging_mixin.py:151} INFO - [2023-08-23T21:54:29.489-0400] {dag.py:3677} INFO - Setting next_dagrun for dataset_consumes_unknown_never_scheduled to None, run_after=None
[2023-08-23T21:54:29.490-0400] {logging_mixin.py:151} INFO - [2023-08-23T21:54:29.490-0400] {dag.py:3677} INFO - Setting next_dagrun for dataset_produces_1 to 2023-08-23T00:00:00+00:00, run_after=2023-08-24T00:00:00+00:00
[2023-08-23T21:54:29.490-0400] {logging_mixin.py:151} INFO - [2023-08-23T21:54:29.490-0400] {dag.py:3677} INFO - Setting next_dagrun for dataset_produces_2 to None, run_after=None
[2023-08-23T21:54:29.499-0400] {processor.py:179} INFO - Processing /Users/mauri/Desktop/repositorio/apache-airflow-tutorial/env/lib/python3.11/site-packages/airflow/example_dags/example_datasets.py took 0.097 seconds
[2023-08-23T21:55:42.421-0400] {processor.py:157} INFO - Started process (PID=9851) to work on /Users/mauri/Desktop/repositorio/apache-airflow-tutorial/env/lib/python3.11/site-packages/airflow/example_dags/example_datasets.py
[2023-08-23T21:55:42.423-0400] {processor.py:829} INFO - Processing file /Users/mauri/Desktop/repositorio/apache-airflow-tutorial/env/lib/python3.11/site-packages/airflow/example_dags/example_datasets.py for tasks to queue
[2023-08-23T21:55:42.423-0400] {logging_mixin.py:151} INFO - [2023-08-23T21:55:42.423-0400] {dagbag.py:539} INFO - Filling up the DagBag from /Users/mauri/Desktop/repositorio/apache-airflow-tutorial/env/lib/python3.11/site-packages/airflow/example_dags/example_datasets.py
[2023-08-23T21:55:42.430-0400] {processor.py:839} INFO - DAG(s) dict_keys(['dataset_consumes_1_and_2', 'dataset_produces_1', 'dataset_consumes_1_never_scheduled', 'dataset_consumes_1', 'dataset_produces_2', 'dataset_consumes_unknown_never_scheduled']) retrieved from /Users/mauri/Desktop/repositorio/apache-airflow-tutorial/env/lib/python3.11/site-packages/airflow/example_dags/example_datasets.py
[2023-08-23T21:55:42.505-0400] {logging_mixin.py:151} INFO - [2023-08-23T21:55:42.505-0400] {dag.py:2907} INFO - Sync 6 DAGs
[2023-08-23T21:55:42.510-0400] {logging_mixin.py:151} INFO - [2023-08-23T21:55:42.510-0400] {dag.py:3677} INFO - Setting next_dagrun for dataset_consumes_1 to None, run_after=None
[2023-08-23T21:55:42.511-0400] {logging_mixin.py:151} INFO - [2023-08-23T21:55:42.511-0400] {dag.py:3677} INFO - Setting next_dagrun for dataset_consumes_1_and_2 to None, run_after=None
[2023-08-23T21:55:42.512-0400] {logging_mixin.py:151} INFO - [2023-08-23T21:55:42.512-0400] {dag.py:3677} INFO - Setting next_dagrun for dataset_consumes_1_never_scheduled to None, run_after=None
[2023-08-23T21:55:42.512-0400] {logging_mixin.py:151} INFO - [2023-08-23T21:55:42.512-0400] {dag.py:3677} INFO - Setting next_dagrun for dataset_consumes_unknown_never_scheduled to None, run_after=None
[2023-08-23T21:55:42.513-0400] {logging_mixin.py:151} INFO - [2023-08-23T21:55:42.513-0400] {dag.py:3677} INFO - Setting next_dagrun for dataset_produces_1 to 2023-08-23T00:00:00+00:00, run_after=2023-08-24T00:00:00+00:00
[2023-08-23T21:55:42.513-0400] {logging_mixin.py:151} INFO - [2023-08-23T21:55:42.513-0400] {dag.py:3677} INFO - Setting next_dagrun for dataset_produces_2 to None, run_after=None
[2023-08-23T21:55:42.522-0400] {processor.py:179} INFO - Processing /Users/mauri/Desktop/repositorio/apache-airflow-tutorial/env/lib/python3.11/site-packages/airflow/example_dags/example_datasets.py took 0.101 seconds
[2023-08-23T21:56:55.643-0400] {processor.py:157} INFO - Started process (PID=9916) to work on /Users/mauri/Desktop/repositorio/apache-airflow-tutorial/env/lib/python3.11/site-packages/airflow/example_dags/example_datasets.py
[2023-08-23T21:56:55.644-0400] {processor.py:829} INFO - Processing file /Users/mauri/Desktop/repositorio/apache-airflow-tutorial/env/lib/python3.11/site-packages/airflow/example_dags/example_datasets.py for tasks to queue
[2023-08-23T21:56:55.644-0400] {logging_mixin.py:151} INFO - [2023-08-23T21:56:55.644-0400] {dagbag.py:539} INFO - Filling up the DagBag from /Users/mauri/Desktop/repositorio/apache-airflow-tutorial/env/lib/python3.11/site-packages/airflow/example_dags/example_datasets.py
[2023-08-23T21:56:55.652-0400] {processor.py:839} INFO - DAG(s) dict_keys(['dataset_produces_1', 'dataset_produces_2', 'dataset_consumes_1_never_scheduled', 'dataset_consumes_1_and_2', 'dataset_consumes_unknown_never_scheduled', 'dataset_consumes_1']) retrieved from /Users/mauri/Desktop/repositorio/apache-airflow-tutorial/env/lib/python3.11/site-packages/airflow/example_dags/example_datasets.py
[2023-08-23T21:56:55.729-0400] {logging_mixin.py:151} INFO - [2023-08-23T21:56:55.729-0400] {dag.py:2907} INFO - Sync 6 DAGs
[2023-08-23T21:56:55.735-0400] {logging_mixin.py:151} INFO - [2023-08-23T21:56:55.735-0400] {dag.py:3677} INFO - Setting next_dagrun for dataset_consumes_1 to None, run_after=None
[2023-08-23T21:56:55.736-0400] {logging_mixin.py:151} INFO - [2023-08-23T21:56:55.736-0400] {dag.py:3677} INFO - Setting next_dagrun for dataset_consumes_1_and_2 to None, run_after=None
[2023-08-23T21:56:55.736-0400] {logging_mixin.py:151} INFO - [2023-08-23T21:56:55.736-0400] {dag.py:3677} INFO - Setting next_dagrun for dataset_consumes_1_never_scheduled to None, run_after=None
[2023-08-23T21:56:55.736-0400] {logging_mixin.py:151} INFO - [2023-08-23T21:56:55.736-0400] {dag.py:3677} INFO - Setting next_dagrun for dataset_consumes_unknown_never_scheduled to None, run_after=None
[2023-08-23T21:56:55.737-0400] {logging_mixin.py:151} INFO - [2023-08-23T21:56:55.737-0400] {dag.py:3677} INFO - Setting next_dagrun for dataset_produces_1 to 2023-08-23T00:00:00+00:00, run_after=2023-08-24T00:00:00+00:00
[2023-08-23T21:56:55.737-0400] {logging_mixin.py:151} INFO - [2023-08-23T21:56:55.737-0400] {dag.py:3677} INFO - Setting next_dagrun for dataset_produces_2 to None, run_after=None
[2023-08-23T21:56:55.746-0400] {processor.py:179} INFO - Processing /Users/mauri/Desktop/repositorio/apache-airflow-tutorial/env/lib/python3.11/site-packages/airflow/example_dags/example_datasets.py took 0.104 seconds
[2023-08-23T21:58:11.444-0400] {processor.py:157} INFO - Started process (PID=9985) to work on /Users/mauri/Desktop/repositorio/apache-airflow-tutorial/env/lib/python3.11/site-packages/airflow/example_dags/example_datasets.py
[2023-08-23T21:58:11.445-0400] {processor.py:829} INFO - Processing file /Users/mauri/Desktop/repositorio/apache-airflow-tutorial/env/lib/python3.11/site-packages/airflow/example_dags/example_datasets.py for tasks to queue
[2023-08-23T21:58:11.445-0400] {logging_mixin.py:151} INFO - [2023-08-23T21:58:11.445-0400] {dagbag.py:539} INFO - Filling up the DagBag from /Users/mauri/Desktop/repositorio/apache-airflow-tutorial/env/lib/python3.11/site-packages/airflow/example_dags/example_datasets.py
[2023-08-23T21:58:11.453-0400] {processor.py:839} INFO - DAG(s) dict_keys(['dataset_consumes_1_never_scheduled', 'dataset_produces_1', 'dataset_produces_2', 'dataset_consumes_1', 'dataset_consumes_1_and_2', 'dataset_consumes_unknown_never_scheduled']) retrieved from /Users/mauri/Desktop/repositorio/apache-airflow-tutorial/env/lib/python3.11/site-packages/airflow/example_dags/example_datasets.py
[2023-08-23T21:58:11.530-0400] {logging_mixin.py:151} INFO - [2023-08-23T21:58:11.530-0400] {dag.py:2907} INFO - Sync 6 DAGs
[2023-08-23T21:58:11.536-0400] {logging_mixin.py:151} INFO - [2023-08-23T21:58:11.536-0400] {dag.py:3677} INFO - Setting next_dagrun for dataset_consumes_1 to None, run_after=None
[2023-08-23T21:58:11.537-0400] {logging_mixin.py:151} INFO - [2023-08-23T21:58:11.537-0400] {dag.py:3677} INFO - Setting next_dagrun for dataset_consumes_1_and_2 to None, run_after=None
[2023-08-23T21:58:11.537-0400] {logging_mixin.py:151} INFO - [2023-08-23T21:58:11.537-0400] {dag.py:3677} INFO - Setting next_dagrun for dataset_consumes_1_never_scheduled to None, run_after=None
[2023-08-23T21:58:11.537-0400] {logging_mixin.py:151} INFO - [2023-08-23T21:58:11.537-0400] {dag.py:3677} INFO - Setting next_dagrun for dataset_consumes_unknown_never_scheduled to None, run_after=None
[2023-08-23T21:58:11.538-0400] {logging_mixin.py:151} INFO - [2023-08-23T21:58:11.538-0400] {dag.py:3677} INFO - Setting next_dagrun for dataset_produces_1 to 2023-08-23T00:00:00+00:00, run_after=2023-08-24T00:00:00+00:00
[2023-08-23T21:58:11.538-0400] {logging_mixin.py:151} INFO - [2023-08-23T21:58:11.538-0400] {dag.py:3677} INFO - Setting next_dagrun for dataset_produces_2 to None, run_after=None
[2023-08-23T21:58:11.547-0400] {processor.py:179} INFO - Processing /Users/mauri/Desktop/repositorio/apache-airflow-tutorial/env/lib/python3.11/site-packages/airflow/example_dags/example_datasets.py took 0.103 seconds
[2023-08-23T21:59:26.416-0400] {processor.py:157} INFO - Started process (PID=10053) to work on /Users/mauri/Desktop/repositorio/apache-airflow-tutorial/env/lib/python3.11/site-packages/airflow/example_dags/example_datasets.py
[2023-08-23T21:59:26.417-0400] {processor.py:829} INFO - Processing file /Users/mauri/Desktop/repositorio/apache-airflow-tutorial/env/lib/python3.11/site-packages/airflow/example_dags/example_datasets.py for tasks to queue
[2023-08-23T21:59:26.418-0400] {logging_mixin.py:151} INFO - [2023-08-23T21:59:26.418-0400] {dagbag.py:539} INFO - Filling up the DagBag from /Users/mauri/Desktop/repositorio/apache-airflow-tutorial/env/lib/python3.11/site-packages/airflow/example_dags/example_datasets.py
[2023-08-23T21:59:26.425-0400] {processor.py:839} INFO - DAG(s) dict_keys(['dataset_consumes_unknown_never_scheduled', 'dataset_consumes_1_and_2', 'dataset_consumes_1', 'dataset_consumes_1_never_scheduled', 'dataset_produces_2', 'dataset_produces_1']) retrieved from /Users/mauri/Desktop/repositorio/apache-airflow-tutorial/env/lib/python3.11/site-packages/airflow/example_dags/example_datasets.py
[2023-08-23T21:59:26.498-0400] {logging_mixin.py:151} INFO - [2023-08-23T21:59:26.498-0400] {dag.py:2907} INFO - Sync 6 DAGs
[2023-08-23T21:59:26.504-0400] {logging_mixin.py:151} INFO - [2023-08-23T21:59:26.504-0400] {dag.py:3677} INFO - Setting next_dagrun for dataset_consumes_1 to None, run_after=None
[2023-08-23T21:59:26.505-0400] {logging_mixin.py:151} INFO - [2023-08-23T21:59:26.505-0400] {dag.py:3677} INFO - Setting next_dagrun for dataset_consumes_1_and_2 to None, run_after=None
[2023-08-23T21:59:26.505-0400] {logging_mixin.py:151} INFO - [2023-08-23T21:59:26.505-0400] {dag.py:3677} INFO - Setting next_dagrun for dataset_consumes_1_never_scheduled to None, run_after=None
[2023-08-23T21:59:26.505-0400] {logging_mixin.py:151} INFO - [2023-08-23T21:59:26.505-0400] {dag.py:3677} INFO - Setting next_dagrun for dataset_consumes_unknown_never_scheduled to None, run_after=None
[2023-08-23T21:59:26.506-0400] {logging_mixin.py:151} INFO - [2023-08-23T21:59:26.506-0400] {dag.py:3677} INFO - Setting next_dagrun for dataset_produces_1 to 2023-08-23T00:00:00+00:00, run_after=2023-08-24T00:00:00+00:00
[2023-08-23T21:59:26.506-0400] {logging_mixin.py:151} INFO - [2023-08-23T21:59:26.506-0400] {dag.py:3677} INFO - Setting next_dagrun for dataset_produces_2 to None, run_after=None
[2023-08-23T21:59:26.515-0400] {processor.py:179} INFO - Processing /Users/mauri/Desktop/repositorio/apache-airflow-tutorial/env/lib/python3.11/site-packages/airflow/example_dags/example_datasets.py took 0.099 seconds
