[2023-08-23T21:35:06.764-0400] {processor.py:157} INFO - Started process (PID=8546) to work on /Users/mauri/Desktop/repositorio/apache-airflow-tutorial/env/lib/python3.11/site-packages/airflow/example_dags/example_branch_day_of_week_operator.py
[2023-08-23T21:35:06.765-0400] {processor.py:829} INFO - Processing file /Users/mauri/Desktop/repositorio/apache-airflow-tutorial/env/lib/python3.11/site-packages/airflow/example_dags/example_branch_day_of_week_operator.py for tasks to queue
[2023-08-23T21:35:06.765-0400] {logging_mixin.py:151} INFO - [2023-08-23T21:35:06.765-0400] {dagbag.py:539} INFO - Filling up the DagBag from /Users/mauri/Desktop/repositorio/apache-airflow-tutorial/env/lib/python3.11/site-packages/airflow/example_dags/example_branch_day_of_week_operator.py
[2023-08-23T21:35:06.773-0400] {processor.py:839} INFO - DAG(s) dict_keys(['example_weekday_branch_operator']) retrieved from /Users/mauri/Desktop/repositorio/apache-airflow-tutorial/env/lib/python3.11/site-packages/airflow/example_dags/example_branch_day_of_week_operator.py
[2023-08-23T21:35:07.095-0400] {logging_mixin.py:151} INFO - [2023-08-23T21:35:07.095-0400] {manager.py:501} INFO - Created Permission View: can edit on DAG:example_weekday_branch_operator
[2023-08-23T21:35:07.098-0400] {logging_mixin.py:151} INFO - [2023-08-23T21:35:07.098-0400] {manager.py:501} INFO - Created Permission View: can read on DAG:example_weekday_branch_operator
[2023-08-23T21:35:07.099-0400] {logging_mixin.py:151} INFO - [2023-08-23T21:35:07.099-0400] {manager.py:501} INFO - Created Permission View: can delete on DAG:example_weekday_branch_operator
[2023-08-23T21:35:07.103-0400] {logging_mixin.py:151} INFO - [2023-08-23T21:35:07.103-0400] {dag.py:2907} INFO - Sync 1 DAGs
[2023-08-23T21:35:07.106-0400] {logging_mixin.py:151} INFO - [2023-08-23T21:35:07.106-0400] {dag.py:2929} INFO - Creating ORM DAG for example_weekday_branch_operator
[2023-08-23T21:35:07.109-0400] {logging_mixin.py:151} INFO - [2023-08-23T21:35:07.109-0400] {dag.py:3677} INFO - Setting next_dagrun for example_weekday_branch_operator to 2023-08-23T00:00:00+00:00, run_after=2023-08-24T00:00:00+00:00
[2023-08-23T21:35:07.115-0400] {processor.py:179} INFO - Processing /Users/mauri/Desktop/repositorio/apache-airflow-tutorial/env/lib/python3.11/site-packages/airflow/example_dags/example_branch_day_of_week_operator.py took 0.351 seconds
[2023-08-23T21:36:26.390-0400] {processor.py:157} INFO - Started process (PID=8617) to work on /Users/mauri/Desktop/repositorio/apache-airflow-tutorial/env/lib/python3.11/site-packages/airflow/example_dags/example_branch_day_of_week_operator.py
[2023-08-23T21:36:26.392-0400] {processor.py:829} INFO - Processing file /Users/mauri/Desktop/repositorio/apache-airflow-tutorial/env/lib/python3.11/site-packages/airflow/example_dags/example_branch_day_of_week_operator.py for tasks to queue
[2023-08-23T21:36:26.393-0400] {logging_mixin.py:151} INFO - [2023-08-23T21:36:26.392-0400] {dagbag.py:539} INFO - Filling up the DagBag from /Users/mauri/Desktop/repositorio/apache-airflow-tutorial/env/lib/python3.11/site-packages/airflow/example_dags/example_branch_day_of_week_operator.py
[2023-08-23T21:36:26.400-0400] {processor.py:839} INFO - DAG(s) dict_keys(['example_weekday_branch_operator']) retrieved from /Users/mauri/Desktop/repositorio/apache-airflow-tutorial/env/lib/python3.11/site-packages/airflow/example_dags/example_branch_day_of_week_operator.py
[2023-08-23T21:36:26.470-0400] {logging_mixin.py:151} INFO - [2023-08-23T21:36:26.470-0400] {dag.py:2907} INFO - Sync 1 DAGs
[2023-08-23T21:36:26.476-0400] {logging_mixin.py:151} INFO - [2023-08-23T21:36:26.476-0400] {dag.py:3677} INFO - Setting next_dagrun for example_weekday_branch_operator to 2023-08-23T00:00:00+00:00, run_after=2023-08-24T00:00:00+00:00
[2023-08-23T21:36:26.482-0400] {processor.py:179} INFO - Processing /Users/mauri/Desktop/repositorio/apache-airflow-tutorial/env/lib/python3.11/site-packages/airflow/example_dags/example_branch_day_of_week_operator.py took 0.093 seconds
[2023-08-23T21:37:41.151-0400] {processor.py:157} INFO - Started process (PID=8679) to work on /Users/mauri/Desktop/repositorio/apache-airflow-tutorial/env/lib/python3.11/site-packages/airflow/example_dags/example_branch_day_of_week_operator.py
[2023-08-23T21:37:41.154-0400] {processor.py:829} INFO - Processing file /Users/mauri/Desktop/repositorio/apache-airflow-tutorial/env/lib/python3.11/site-packages/airflow/example_dags/example_branch_day_of_week_operator.py for tasks to queue
[2023-08-23T21:37:41.154-0400] {logging_mixin.py:151} INFO - [2023-08-23T21:37:41.154-0400] {dagbag.py:539} INFO - Filling up the DagBag from /Users/mauri/Desktop/repositorio/apache-airflow-tutorial/env/lib/python3.11/site-packages/airflow/example_dags/example_branch_day_of_week_operator.py
[2023-08-23T21:37:41.161-0400] {processor.py:839} INFO - DAG(s) dict_keys(['example_weekday_branch_operator']) retrieved from /Users/mauri/Desktop/repositorio/apache-airflow-tutorial/env/lib/python3.11/site-packages/airflow/example_dags/example_branch_day_of_week_operator.py
[2023-08-23T21:37:41.231-0400] {logging_mixin.py:151} INFO - [2023-08-23T21:37:41.231-0400] {dag.py:2907} INFO - Sync 1 DAGs
[2023-08-23T21:37:41.236-0400] {logging_mixin.py:151} INFO - [2023-08-23T21:37:41.236-0400] {dag.py:3677} INFO - Setting next_dagrun for example_weekday_branch_operator to 2023-08-23T00:00:00+00:00, run_after=2023-08-24T00:00:00+00:00
[2023-08-23T21:37:41.243-0400] {processor.py:179} INFO - Processing /Users/mauri/Desktop/repositorio/apache-airflow-tutorial/env/lib/python3.11/site-packages/airflow/example_dags/example_branch_day_of_week_operator.py took 0.092 seconds
[2023-08-23T21:38:55.881-0400] {processor.py:157} INFO - Started process (PID=8751) to work on /Users/mauri/Desktop/repositorio/apache-airflow-tutorial/env/lib/python3.11/site-packages/airflow/example_dags/example_branch_day_of_week_operator.py
[2023-08-23T21:38:55.883-0400] {processor.py:829} INFO - Processing file /Users/mauri/Desktop/repositorio/apache-airflow-tutorial/env/lib/python3.11/site-packages/airflow/example_dags/example_branch_day_of_week_operator.py for tasks to queue
[2023-08-23T21:38:55.883-0400] {logging_mixin.py:151} INFO - [2023-08-23T21:38:55.883-0400] {dagbag.py:539} INFO - Filling up the DagBag from /Users/mauri/Desktop/repositorio/apache-airflow-tutorial/env/lib/python3.11/site-packages/airflow/example_dags/example_branch_day_of_week_operator.py
[2023-08-23T21:38:55.891-0400] {processor.py:839} INFO - DAG(s) dict_keys(['example_weekday_branch_operator']) retrieved from /Users/mauri/Desktop/repositorio/apache-airflow-tutorial/env/lib/python3.11/site-packages/airflow/example_dags/example_branch_day_of_week_operator.py
[2023-08-23T21:38:55.961-0400] {logging_mixin.py:151} INFO - [2023-08-23T21:38:55.961-0400] {dag.py:2907} INFO - Sync 1 DAGs
[2023-08-23T21:38:55.966-0400] {logging_mixin.py:151} INFO - [2023-08-23T21:38:55.966-0400] {dag.py:3677} INFO - Setting next_dagrun for example_weekday_branch_operator to 2023-08-23T00:00:00+00:00, run_after=2023-08-24T00:00:00+00:00
[2023-08-23T21:38:55.975-0400] {processor.py:179} INFO - Processing /Users/mauri/Desktop/repositorio/apache-airflow-tutorial/env/lib/python3.11/site-packages/airflow/example_dags/example_branch_day_of_week_operator.py took 0.095 seconds
[2023-08-23T21:40:11.425-0400] {processor.py:157} INFO - Started process (PID=8814) to work on /Users/mauri/Desktop/repositorio/apache-airflow-tutorial/env/lib/python3.11/site-packages/airflow/example_dags/example_branch_day_of_week_operator.py
[2023-08-23T21:40:11.426-0400] {processor.py:829} INFO - Processing file /Users/mauri/Desktop/repositorio/apache-airflow-tutorial/env/lib/python3.11/site-packages/airflow/example_dags/example_branch_day_of_week_operator.py for tasks to queue
[2023-08-23T21:40:11.426-0400] {logging_mixin.py:151} INFO - [2023-08-23T21:40:11.426-0400] {dagbag.py:539} INFO - Filling up the DagBag from /Users/mauri/Desktop/repositorio/apache-airflow-tutorial/env/lib/python3.11/site-packages/airflow/example_dags/example_branch_day_of_week_operator.py
[2023-08-23T21:40:11.433-0400] {processor.py:839} INFO - DAG(s) dict_keys(['example_weekday_branch_operator']) retrieved from /Users/mauri/Desktop/repositorio/apache-airflow-tutorial/env/lib/python3.11/site-packages/airflow/example_dags/example_branch_day_of_week_operator.py
[2023-08-23T21:40:11.503-0400] {logging_mixin.py:151} INFO - [2023-08-23T21:40:11.503-0400] {dag.py:2907} INFO - Sync 1 DAGs
[2023-08-23T21:40:11.509-0400] {logging_mixin.py:151} INFO - [2023-08-23T21:40:11.509-0400] {dag.py:3677} INFO - Setting next_dagrun for example_weekday_branch_operator to 2023-08-23T00:00:00+00:00, run_after=2023-08-24T00:00:00+00:00
[2023-08-23T21:40:11.516-0400] {processor.py:179} INFO - Processing /Users/mauri/Desktop/repositorio/apache-airflow-tutorial/env/lib/python3.11/site-packages/airflow/example_dags/example_branch_day_of_week_operator.py took 0.092 seconds
[2023-08-23T21:41:24.486-0400] {processor.py:157} INFO - Started process (PID=8870) to work on /Users/mauri/Desktop/repositorio/apache-airflow-tutorial/env/lib/python3.11/site-packages/airflow/example_dags/example_branch_day_of_week_operator.py
[2023-08-23T21:41:24.487-0400] {processor.py:829} INFO - Processing file /Users/mauri/Desktop/repositorio/apache-airflow-tutorial/env/lib/python3.11/site-packages/airflow/example_dags/example_branch_day_of_week_operator.py for tasks to queue
[2023-08-23T21:41:24.487-0400] {logging_mixin.py:151} INFO - [2023-08-23T21:41:24.487-0400] {dagbag.py:539} INFO - Filling up the DagBag from /Users/mauri/Desktop/repositorio/apache-airflow-tutorial/env/lib/python3.11/site-packages/airflow/example_dags/example_branch_day_of_week_operator.py
[2023-08-23T21:41:24.495-0400] {processor.py:839} INFO - DAG(s) dict_keys(['example_weekday_branch_operator']) retrieved from /Users/mauri/Desktop/repositorio/apache-airflow-tutorial/env/lib/python3.11/site-packages/airflow/example_dags/example_branch_day_of_week_operator.py
[2023-08-23T21:41:24.566-0400] {logging_mixin.py:151} INFO - [2023-08-23T21:41:24.566-0400] {dag.py:2907} INFO - Sync 1 DAGs
[2023-08-23T21:41:24.571-0400] {logging_mixin.py:151} INFO - [2023-08-23T21:41:24.571-0400] {dag.py:3677} INFO - Setting next_dagrun for example_weekday_branch_operator to 2023-08-23T00:00:00+00:00, run_after=2023-08-24T00:00:00+00:00
[2023-08-23T21:41:24.578-0400] {processor.py:179} INFO - Processing /Users/mauri/Desktop/repositorio/apache-airflow-tutorial/env/lib/python3.11/site-packages/airflow/example_dags/example_branch_day_of_week_operator.py took 0.093 seconds
[2023-08-23T21:42:37.349-0400] {processor.py:157} INFO - Started process (PID=8937) to work on /Users/mauri/Desktop/repositorio/apache-airflow-tutorial/env/lib/python3.11/site-packages/airflow/example_dags/example_branch_day_of_week_operator.py
[2023-08-23T21:42:37.351-0400] {processor.py:829} INFO - Processing file /Users/mauri/Desktop/repositorio/apache-airflow-tutorial/env/lib/python3.11/site-packages/airflow/example_dags/example_branch_day_of_week_operator.py for tasks to queue
[2023-08-23T21:42:37.351-0400] {logging_mixin.py:151} INFO - [2023-08-23T21:42:37.351-0400] {dagbag.py:539} INFO - Filling up the DagBag from /Users/mauri/Desktop/repositorio/apache-airflow-tutorial/env/lib/python3.11/site-packages/airflow/example_dags/example_branch_day_of_week_operator.py
[2023-08-23T21:42:37.358-0400] {processor.py:839} INFO - DAG(s) dict_keys(['example_weekday_branch_operator']) retrieved from /Users/mauri/Desktop/repositorio/apache-airflow-tutorial/env/lib/python3.11/site-packages/airflow/example_dags/example_branch_day_of_week_operator.py
[2023-08-23T21:42:37.432-0400] {logging_mixin.py:151} INFO - [2023-08-23T21:42:37.431-0400] {dag.py:2907} INFO - Sync 1 DAGs
[2023-08-23T21:42:37.438-0400] {logging_mixin.py:151} INFO - [2023-08-23T21:42:37.438-0400] {dag.py:3677} INFO - Setting next_dagrun for example_weekday_branch_operator to 2023-08-23T00:00:00+00:00, run_after=2023-08-24T00:00:00+00:00
[2023-08-23T21:42:37.446-0400] {processor.py:179} INFO - Processing /Users/mauri/Desktop/repositorio/apache-airflow-tutorial/env/lib/python3.11/site-packages/airflow/example_dags/example_branch_day_of_week_operator.py took 0.097 seconds
[2023-08-23T21:43:47.994-0400] {processor.py:157} INFO - Started process (PID=8997) to work on /Users/mauri/Desktop/repositorio/apache-airflow-tutorial/env/lib/python3.11/site-packages/airflow/example_dags/example_branch_day_of_week_operator.py
[2023-08-23T21:43:47.995-0400] {processor.py:829} INFO - Processing file /Users/mauri/Desktop/repositorio/apache-airflow-tutorial/env/lib/python3.11/site-packages/airflow/example_dags/example_branch_day_of_week_operator.py for tasks to queue
[2023-08-23T21:43:47.995-0400] {logging_mixin.py:151} INFO - [2023-08-23T21:43:47.995-0400] {dagbag.py:539} INFO - Filling up the DagBag from /Users/mauri/Desktop/repositorio/apache-airflow-tutorial/env/lib/python3.11/site-packages/airflow/example_dags/example_branch_day_of_week_operator.py
[2023-08-23T21:43:48.002-0400] {processor.py:839} INFO - DAG(s) dict_keys(['example_weekday_branch_operator']) retrieved from /Users/mauri/Desktop/repositorio/apache-airflow-tutorial/env/lib/python3.11/site-packages/airflow/example_dags/example_branch_day_of_week_operator.py
[2023-08-23T21:43:48.072-0400] {logging_mixin.py:151} INFO - [2023-08-23T21:43:48.072-0400] {dag.py:2907} INFO - Sync 1 DAGs
[2023-08-23T21:43:48.077-0400] {logging_mixin.py:151} INFO - [2023-08-23T21:43:48.077-0400] {dag.py:3677} INFO - Setting next_dagrun for example_weekday_branch_operator to 2023-08-23T00:00:00+00:00, run_after=2023-08-24T00:00:00+00:00
[2023-08-23T21:43:48.084-0400] {processor.py:179} INFO - Processing /Users/mauri/Desktop/repositorio/apache-airflow-tutorial/env/lib/python3.11/site-packages/airflow/example_dags/example_branch_day_of_week_operator.py took 0.090 seconds
[2023-08-23T21:45:00.229-0400] {processor.py:157} INFO - Started process (PID=9072) to work on /Users/mauri/Desktop/repositorio/apache-airflow-tutorial/env/lib/python3.11/site-packages/airflow/example_dags/example_branch_day_of_week_operator.py
[2023-08-23T21:45:00.231-0400] {processor.py:829} INFO - Processing file /Users/mauri/Desktop/repositorio/apache-airflow-tutorial/env/lib/python3.11/site-packages/airflow/example_dags/example_branch_day_of_week_operator.py for tasks to queue
[2023-08-23T21:45:00.231-0400] {logging_mixin.py:151} INFO - [2023-08-23T21:45:00.231-0400] {dagbag.py:539} INFO - Filling up the DagBag from /Users/mauri/Desktop/repositorio/apache-airflow-tutorial/env/lib/python3.11/site-packages/airflow/example_dags/example_branch_day_of_week_operator.py
[2023-08-23T21:45:00.238-0400] {processor.py:839} INFO - DAG(s) dict_keys(['example_weekday_branch_operator']) retrieved from /Users/mauri/Desktop/repositorio/apache-airflow-tutorial/env/lib/python3.11/site-packages/airflow/example_dags/example_branch_day_of_week_operator.py
[2023-08-23T21:45:00.307-0400] {logging_mixin.py:151} INFO - [2023-08-23T21:45:00.307-0400] {dag.py:2907} INFO - Sync 1 DAGs
[2023-08-23T21:45:00.313-0400] {logging_mixin.py:151} INFO - [2023-08-23T21:45:00.313-0400] {dag.py:3677} INFO - Setting next_dagrun for example_weekday_branch_operator to 2023-08-23T00:00:00+00:00, run_after=2023-08-24T00:00:00+00:00
[2023-08-23T21:45:00.320-0400] {processor.py:179} INFO - Processing /Users/mauri/Desktop/repositorio/apache-airflow-tutorial/env/lib/python3.11/site-packages/airflow/example_dags/example_branch_day_of_week_operator.py took 0.091 seconds
[2023-08-23T21:46:13.361-0400] {processor.py:157} INFO - Started process (PID=9194) to work on /Users/mauri/Desktop/repositorio/apache-airflow-tutorial/env/lib/python3.11/site-packages/airflow/example_dags/example_branch_day_of_week_operator.py
[2023-08-23T21:46:13.363-0400] {processor.py:829} INFO - Processing file /Users/mauri/Desktop/repositorio/apache-airflow-tutorial/env/lib/python3.11/site-packages/airflow/example_dags/example_branch_day_of_week_operator.py for tasks to queue
[2023-08-23T21:46:13.363-0400] {logging_mixin.py:151} INFO - [2023-08-23T21:46:13.363-0400] {dagbag.py:539} INFO - Filling up the DagBag from /Users/mauri/Desktop/repositorio/apache-airflow-tutorial/env/lib/python3.11/site-packages/airflow/example_dags/example_branch_day_of_week_operator.py
[2023-08-23T21:46:13.370-0400] {processor.py:839} INFO - DAG(s) dict_keys(['example_weekday_branch_operator']) retrieved from /Users/mauri/Desktop/repositorio/apache-airflow-tutorial/env/lib/python3.11/site-packages/airflow/example_dags/example_branch_day_of_week_operator.py
[2023-08-23T21:46:13.439-0400] {logging_mixin.py:151} INFO - [2023-08-23T21:46:13.439-0400] {dag.py:2907} INFO - Sync 1 DAGs
[2023-08-23T21:46:13.445-0400] {logging_mixin.py:151} INFO - [2023-08-23T21:46:13.445-0400] {dag.py:3677} INFO - Setting next_dagrun for example_weekday_branch_operator to 2023-08-23T00:00:00+00:00, run_after=2023-08-24T00:00:00+00:00
[2023-08-23T21:46:13.452-0400] {processor.py:179} INFO - Processing /Users/mauri/Desktop/repositorio/apache-airflow-tutorial/env/lib/python3.11/site-packages/airflow/example_dags/example_branch_day_of_week_operator.py took 0.091 seconds
[2023-08-23T21:47:22.276-0400] {processor.py:157} INFO - Started process (PID=9316) to work on /Users/mauri/Desktop/repositorio/apache-airflow-tutorial/env/lib/python3.11/site-packages/airflow/example_dags/example_branch_day_of_week_operator.py
[2023-08-23T21:47:22.277-0400] {processor.py:829} INFO - Processing file /Users/mauri/Desktop/repositorio/apache-airflow-tutorial/env/lib/python3.11/site-packages/airflow/example_dags/example_branch_day_of_week_operator.py for tasks to queue
[2023-08-23T21:47:22.277-0400] {logging_mixin.py:151} INFO - [2023-08-23T21:47:22.277-0400] {dagbag.py:539} INFO - Filling up the DagBag from /Users/mauri/Desktop/repositorio/apache-airflow-tutorial/env/lib/python3.11/site-packages/airflow/example_dags/example_branch_day_of_week_operator.py
[2023-08-23T21:47:22.284-0400] {processor.py:839} INFO - DAG(s) dict_keys(['example_weekday_branch_operator']) retrieved from /Users/mauri/Desktop/repositorio/apache-airflow-tutorial/env/lib/python3.11/site-packages/airflow/example_dags/example_branch_day_of_week_operator.py
[2023-08-23T21:47:22.354-0400] {logging_mixin.py:151} INFO - [2023-08-23T21:47:22.354-0400] {dag.py:2907} INFO - Sync 1 DAGs
[2023-08-23T21:47:22.359-0400] {logging_mixin.py:151} INFO - [2023-08-23T21:47:22.359-0400] {dag.py:3677} INFO - Setting next_dagrun for example_weekday_branch_operator to 2023-08-23T00:00:00+00:00, run_after=2023-08-24T00:00:00+00:00
[2023-08-23T21:47:22.366-0400] {processor.py:179} INFO - Processing /Users/mauri/Desktop/repositorio/apache-airflow-tutorial/env/lib/python3.11/site-packages/airflow/example_dags/example_branch_day_of_week_operator.py took 0.091 seconds
[2023-08-23T21:48:35.381-0400] {processor.py:157} INFO - Started process (PID=9426) to work on /Users/mauri/Desktop/repositorio/apache-airflow-tutorial/env/lib/python3.11/site-packages/airflow/example_dags/example_branch_day_of_week_operator.py
[2023-08-23T21:48:35.382-0400] {processor.py:829} INFO - Processing file /Users/mauri/Desktop/repositorio/apache-airflow-tutorial/env/lib/python3.11/site-packages/airflow/example_dags/example_branch_day_of_week_operator.py for tasks to queue
[2023-08-23T21:48:35.382-0400] {logging_mixin.py:151} INFO - [2023-08-23T21:48:35.382-0400] {dagbag.py:539} INFO - Filling up the DagBag from /Users/mauri/Desktop/repositorio/apache-airflow-tutorial/env/lib/python3.11/site-packages/airflow/example_dags/example_branch_day_of_week_operator.py
[2023-08-23T21:48:35.389-0400] {processor.py:839} INFO - DAG(s) dict_keys(['example_weekday_branch_operator']) retrieved from /Users/mauri/Desktop/repositorio/apache-airflow-tutorial/env/lib/python3.11/site-packages/airflow/example_dags/example_branch_day_of_week_operator.py
[2023-08-23T21:48:35.459-0400] {logging_mixin.py:151} INFO - [2023-08-23T21:48:35.459-0400] {dag.py:2907} INFO - Sync 1 DAGs
[2023-08-23T21:48:35.465-0400] {logging_mixin.py:151} INFO - [2023-08-23T21:48:35.465-0400] {dag.py:3677} INFO - Setting next_dagrun for example_weekday_branch_operator to 2023-08-23T00:00:00+00:00, run_after=2023-08-24T00:00:00+00:00
[2023-08-23T21:48:35.471-0400] {processor.py:179} INFO - Processing /Users/mauri/Desktop/repositorio/apache-airflow-tutorial/env/lib/python3.11/site-packages/airflow/example_dags/example_branch_day_of_week_operator.py took 0.091 seconds
[2023-08-23T21:49:48.996-0400] {processor.py:157} INFO - Started process (PID=9494) to work on /Users/mauri/Desktop/repositorio/apache-airflow-tutorial/env/lib/python3.11/site-packages/airflow/example_dags/example_branch_day_of_week_operator.py
[2023-08-23T21:49:48.997-0400] {processor.py:829} INFO - Processing file /Users/mauri/Desktop/repositorio/apache-airflow-tutorial/env/lib/python3.11/site-packages/airflow/example_dags/example_branch_day_of_week_operator.py for tasks to queue
[2023-08-23T21:49:48.997-0400] {logging_mixin.py:151} INFO - [2023-08-23T21:49:48.997-0400] {dagbag.py:539} INFO - Filling up the DagBag from /Users/mauri/Desktop/repositorio/apache-airflow-tutorial/env/lib/python3.11/site-packages/airflow/example_dags/example_branch_day_of_week_operator.py
[2023-08-23T21:49:49.005-0400] {processor.py:839} INFO - DAG(s) dict_keys(['example_weekday_branch_operator']) retrieved from /Users/mauri/Desktop/repositorio/apache-airflow-tutorial/env/lib/python3.11/site-packages/airflow/example_dags/example_branch_day_of_week_operator.py
[2023-08-23T21:49:49.077-0400] {logging_mixin.py:151} INFO - [2023-08-23T21:49:49.077-0400] {dag.py:2907} INFO - Sync 1 DAGs
[2023-08-23T21:49:49.083-0400] {logging_mixin.py:151} INFO - [2023-08-23T21:49:49.083-0400] {dag.py:3677} INFO - Setting next_dagrun for example_weekday_branch_operator to 2023-08-23T00:00:00+00:00, run_after=2023-08-24T00:00:00+00:00
[2023-08-23T21:49:49.090-0400] {processor.py:179} INFO - Processing /Users/mauri/Desktop/repositorio/apache-airflow-tutorial/env/lib/python3.11/site-packages/airflow/example_dags/example_branch_day_of_week_operator.py took 0.094 seconds
[2023-08-23T21:51:04.670-0400] {processor.py:157} INFO - Started process (PID=9570) to work on /Users/mauri/Desktop/repositorio/apache-airflow-tutorial/env/lib/python3.11/site-packages/airflow/example_dags/example_branch_day_of_week_operator.py
[2023-08-23T21:51:04.672-0400] {processor.py:829} INFO - Processing file /Users/mauri/Desktop/repositorio/apache-airflow-tutorial/env/lib/python3.11/site-packages/airflow/example_dags/example_branch_day_of_week_operator.py for tasks to queue
[2023-08-23T21:51:04.673-0400] {logging_mixin.py:151} INFO - [2023-08-23T21:51:04.673-0400] {dagbag.py:539} INFO - Filling up the DagBag from /Users/mauri/Desktop/repositorio/apache-airflow-tutorial/env/lib/python3.11/site-packages/airflow/example_dags/example_branch_day_of_week_operator.py
[2023-08-23T21:51:04.680-0400] {processor.py:839} INFO - DAG(s) dict_keys(['example_weekday_branch_operator']) retrieved from /Users/mauri/Desktop/repositorio/apache-airflow-tutorial/env/lib/python3.11/site-packages/airflow/example_dags/example_branch_day_of_week_operator.py
[2023-08-23T21:51:04.750-0400] {logging_mixin.py:151} INFO - [2023-08-23T21:51:04.750-0400] {dag.py:2907} INFO - Sync 1 DAGs
[2023-08-23T21:51:04.755-0400] {logging_mixin.py:151} INFO - [2023-08-23T21:51:04.755-0400] {dag.py:3677} INFO - Setting next_dagrun for example_weekday_branch_operator to 2023-08-23T00:00:00+00:00, run_after=2023-08-24T00:00:00+00:00
[2023-08-23T21:51:04.762-0400] {processor.py:179} INFO - Processing /Users/mauri/Desktop/repositorio/apache-airflow-tutorial/env/lib/python3.11/site-packages/airflow/example_dags/example_branch_day_of_week_operator.py took 0.093 seconds
[2023-08-23T21:52:17.280-0400] {processor.py:157} INFO - Started process (PID=9661) to work on /Users/mauri/Desktop/repositorio/apache-airflow-tutorial/env/lib/python3.11/site-packages/airflow/example_dags/example_branch_day_of_week_operator.py
[2023-08-23T21:52:17.281-0400] {processor.py:829} INFO - Processing file /Users/mauri/Desktop/repositorio/apache-airflow-tutorial/env/lib/python3.11/site-packages/airflow/example_dags/example_branch_day_of_week_operator.py for tasks to queue
[2023-08-23T21:52:17.281-0400] {logging_mixin.py:151} INFO - [2023-08-23T21:52:17.281-0400] {dagbag.py:539} INFO - Filling up the DagBag from /Users/mauri/Desktop/repositorio/apache-airflow-tutorial/env/lib/python3.11/site-packages/airflow/example_dags/example_branch_day_of_week_operator.py
[2023-08-23T21:52:17.288-0400] {processor.py:839} INFO - DAG(s) dict_keys(['example_weekday_branch_operator']) retrieved from /Users/mauri/Desktop/repositorio/apache-airflow-tutorial/env/lib/python3.11/site-packages/airflow/example_dags/example_branch_day_of_week_operator.py
[2023-08-23T21:52:17.358-0400] {logging_mixin.py:151} INFO - [2023-08-23T21:52:17.358-0400] {dag.py:2907} INFO - Sync 1 DAGs
[2023-08-23T21:52:17.363-0400] {logging_mixin.py:151} INFO - [2023-08-23T21:52:17.363-0400] {dag.py:3677} INFO - Setting next_dagrun for example_weekday_branch_operator to 2023-08-23T00:00:00+00:00, run_after=2023-08-24T00:00:00+00:00
[2023-08-23T21:52:17.370-0400] {processor.py:179} INFO - Processing /Users/mauri/Desktop/repositorio/apache-airflow-tutorial/env/lib/python3.11/site-packages/airflow/example_dags/example_branch_day_of_week_operator.py took 0.090 seconds
[2023-08-23T21:53:27.908-0400] {processor.py:157} INFO - Started process (PID=9725) to work on /Users/mauri/Desktop/repositorio/apache-airflow-tutorial/env/lib/python3.11/site-packages/airflow/example_dags/example_branch_day_of_week_operator.py
[2023-08-23T21:53:27.909-0400] {processor.py:829} INFO - Processing file /Users/mauri/Desktop/repositorio/apache-airflow-tutorial/env/lib/python3.11/site-packages/airflow/example_dags/example_branch_day_of_week_operator.py for tasks to queue
[2023-08-23T21:53:27.909-0400] {logging_mixin.py:151} INFO - [2023-08-23T21:53:27.909-0400] {dagbag.py:539} INFO - Filling up the DagBag from /Users/mauri/Desktop/repositorio/apache-airflow-tutorial/env/lib/python3.11/site-packages/airflow/example_dags/example_branch_day_of_week_operator.py
[2023-08-23T21:53:27.916-0400] {processor.py:839} INFO - DAG(s) dict_keys(['example_weekday_branch_operator']) retrieved from /Users/mauri/Desktop/repositorio/apache-airflow-tutorial/env/lib/python3.11/site-packages/airflow/example_dags/example_branch_day_of_week_operator.py
[2023-08-23T21:53:27.985-0400] {logging_mixin.py:151} INFO - [2023-08-23T21:53:27.985-0400] {dag.py:2907} INFO - Sync 1 DAGs
[2023-08-23T21:53:27.991-0400] {logging_mixin.py:151} INFO - [2023-08-23T21:53:27.991-0400] {dag.py:3677} INFO - Setting next_dagrun for example_weekday_branch_operator to 2023-08-23T00:00:00+00:00, run_after=2023-08-24T00:00:00+00:00
[2023-08-23T21:53:27.998-0400] {processor.py:179} INFO - Processing /Users/mauri/Desktop/repositorio/apache-airflow-tutorial/env/lib/python3.11/site-packages/airflow/example_dags/example_branch_day_of_week_operator.py took 0.090 seconds
[2023-08-23T21:54:39.328-0400] {processor.py:157} INFO - Started process (PID=9788) to work on /Users/mauri/Desktop/repositorio/apache-airflow-tutorial/env/lib/python3.11/site-packages/airflow/example_dags/example_branch_day_of_week_operator.py
[2023-08-23T21:54:39.329-0400] {processor.py:829} INFO - Processing file /Users/mauri/Desktop/repositorio/apache-airflow-tutorial/env/lib/python3.11/site-packages/airflow/example_dags/example_branch_day_of_week_operator.py for tasks to queue
[2023-08-23T21:54:39.329-0400] {logging_mixin.py:151} INFO - [2023-08-23T21:54:39.329-0400] {dagbag.py:539} INFO - Filling up the DagBag from /Users/mauri/Desktop/repositorio/apache-airflow-tutorial/env/lib/python3.11/site-packages/airflow/example_dags/example_branch_day_of_week_operator.py
[2023-08-23T21:54:39.336-0400] {processor.py:839} INFO - DAG(s) dict_keys(['example_weekday_branch_operator']) retrieved from /Users/mauri/Desktop/repositorio/apache-airflow-tutorial/env/lib/python3.11/site-packages/airflow/example_dags/example_branch_day_of_week_operator.py
[2023-08-23T21:54:39.405-0400] {logging_mixin.py:151} INFO - [2023-08-23T21:54:39.405-0400] {dag.py:2907} INFO - Sync 1 DAGs
[2023-08-23T21:54:39.411-0400] {logging_mixin.py:151} INFO - [2023-08-23T21:54:39.411-0400] {dag.py:3677} INFO - Setting next_dagrun for example_weekday_branch_operator to 2023-08-23T00:00:00+00:00, run_after=2023-08-24T00:00:00+00:00
[2023-08-23T21:54:39.417-0400] {processor.py:179} INFO - Processing /Users/mauri/Desktop/repositorio/apache-airflow-tutorial/env/lib/python3.11/site-packages/airflow/example_dags/example_branch_day_of_week_operator.py took 0.090 seconds
[2023-08-23T21:55:52.386-0400] {processor.py:157} INFO - Started process (PID=9858) to work on /Users/mauri/Desktop/repositorio/apache-airflow-tutorial/env/lib/python3.11/site-packages/airflow/example_dags/example_branch_day_of_week_operator.py
[2023-08-23T21:55:52.388-0400] {processor.py:829} INFO - Processing file /Users/mauri/Desktop/repositorio/apache-airflow-tutorial/env/lib/python3.11/site-packages/airflow/example_dags/example_branch_day_of_week_operator.py for tasks to queue
[2023-08-23T21:55:52.388-0400] {logging_mixin.py:151} INFO - [2023-08-23T21:55:52.388-0400] {dagbag.py:539} INFO - Filling up the DagBag from /Users/mauri/Desktop/repositorio/apache-airflow-tutorial/env/lib/python3.11/site-packages/airflow/example_dags/example_branch_day_of_week_operator.py
[2023-08-23T21:55:52.395-0400] {processor.py:839} INFO - DAG(s) dict_keys(['example_weekday_branch_operator']) retrieved from /Users/mauri/Desktop/repositorio/apache-airflow-tutorial/env/lib/python3.11/site-packages/airflow/example_dags/example_branch_day_of_week_operator.py
[2023-08-23T21:55:52.464-0400] {logging_mixin.py:151} INFO - [2023-08-23T21:55:52.464-0400] {dag.py:2907} INFO - Sync 1 DAGs
[2023-08-23T21:55:52.470-0400] {logging_mixin.py:151} INFO - [2023-08-23T21:55:52.470-0400] {dag.py:3677} INFO - Setting next_dagrun for example_weekday_branch_operator to 2023-08-23T00:00:00+00:00, run_after=2023-08-24T00:00:00+00:00
[2023-08-23T21:55:52.476-0400] {processor.py:179} INFO - Processing /Users/mauri/Desktop/repositorio/apache-airflow-tutorial/env/lib/python3.11/site-packages/airflow/example_dags/example_branch_day_of_week_operator.py took 0.090 seconds
[2023-08-23T21:57:05.471-0400] {processor.py:157} INFO - Started process (PID=9927) to work on /Users/mauri/Desktop/repositorio/apache-airflow-tutorial/env/lib/python3.11/site-packages/airflow/example_dags/example_branch_day_of_week_operator.py
[2023-08-23T21:57:05.472-0400] {processor.py:829} INFO - Processing file /Users/mauri/Desktop/repositorio/apache-airflow-tutorial/env/lib/python3.11/site-packages/airflow/example_dags/example_branch_day_of_week_operator.py for tasks to queue
[2023-08-23T21:57:05.473-0400] {logging_mixin.py:151} INFO - [2023-08-23T21:57:05.473-0400] {dagbag.py:539} INFO - Filling up the DagBag from /Users/mauri/Desktop/repositorio/apache-airflow-tutorial/env/lib/python3.11/site-packages/airflow/example_dags/example_branch_day_of_week_operator.py
[2023-08-23T21:57:05.480-0400] {processor.py:839} INFO - DAG(s) dict_keys(['example_weekday_branch_operator']) retrieved from /Users/mauri/Desktop/repositorio/apache-airflow-tutorial/env/lib/python3.11/site-packages/airflow/example_dags/example_branch_day_of_week_operator.py
[2023-08-23T21:57:05.548-0400] {logging_mixin.py:151} INFO - [2023-08-23T21:57:05.548-0400] {dag.py:2907} INFO - Sync 1 DAGs
[2023-08-23T21:57:05.554-0400] {logging_mixin.py:151} INFO - [2023-08-23T21:57:05.554-0400] {dag.py:3677} INFO - Setting next_dagrun for example_weekday_branch_operator to 2023-08-23T00:00:00+00:00, run_after=2023-08-24T00:00:00+00:00
[2023-08-23T21:57:05.561-0400] {processor.py:179} INFO - Processing /Users/mauri/Desktop/repositorio/apache-airflow-tutorial/env/lib/python3.11/site-packages/airflow/example_dags/example_branch_day_of_week_operator.py took 0.090 seconds
[2023-08-23T21:58:22.049-0400] {processor.py:157} INFO - Started process (PID=9992) to work on /Users/mauri/Desktop/repositorio/apache-airflow-tutorial/env/lib/python3.11/site-packages/airflow/example_dags/example_branch_day_of_week_operator.py
[2023-08-23T21:58:22.050-0400] {processor.py:829} INFO - Processing file /Users/mauri/Desktop/repositorio/apache-airflow-tutorial/env/lib/python3.11/site-packages/airflow/example_dags/example_branch_day_of_week_operator.py for tasks to queue
[2023-08-23T21:58:22.050-0400] {logging_mixin.py:151} INFO - [2023-08-23T21:58:22.050-0400] {dagbag.py:539} INFO - Filling up the DagBag from /Users/mauri/Desktop/repositorio/apache-airflow-tutorial/env/lib/python3.11/site-packages/airflow/example_dags/example_branch_day_of_week_operator.py
[2023-08-23T21:58:22.058-0400] {processor.py:839} INFO - DAG(s) dict_keys(['example_weekday_branch_operator']) retrieved from /Users/mauri/Desktop/repositorio/apache-airflow-tutorial/env/lib/python3.11/site-packages/airflow/example_dags/example_branch_day_of_week_operator.py
[2023-08-23T21:58:22.138-0400] {logging_mixin.py:151} INFO - [2023-08-23T21:58:22.138-0400] {dag.py:2907} INFO - Sync 1 DAGs
[2023-08-23T21:58:22.144-0400] {logging_mixin.py:151} INFO - [2023-08-23T21:58:22.144-0400] {dag.py:3677} INFO - Setting next_dagrun for example_weekday_branch_operator to 2023-08-23T00:00:00+00:00, run_after=2023-08-24T00:00:00+00:00
[2023-08-23T21:58:22.151-0400] {processor.py:179} INFO - Processing /Users/mauri/Desktop/repositorio/apache-airflow-tutorial/env/lib/python3.11/site-packages/airflow/example_dags/example_branch_day_of_week_operator.py took 0.103 seconds
[2023-08-23T21:59:36.917-0400] {processor.py:157} INFO - Started process (PID=10060) to work on /Users/mauri/Desktop/repositorio/apache-airflow-tutorial/env/lib/python3.11/site-packages/airflow/example_dags/example_branch_day_of_week_operator.py
[2023-08-23T21:59:36.919-0400] {processor.py:829} INFO - Processing file /Users/mauri/Desktop/repositorio/apache-airflow-tutorial/env/lib/python3.11/site-packages/airflow/example_dags/example_branch_day_of_week_operator.py for tasks to queue
[2023-08-23T21:59:36.919-0400] {logging_mixin.py:151} INFO - [2023-08-23T21:59:36.919-0400] {dagbag.py:539} INFO - Filling up the DagBag from /Users/mauri/Desktop/repositorio/apache-airflow-tutorial/env/lib/python3.11/site-packages/airflow/example_dags/example_branch_day_of_week_operator.py
[2023-08-23T21:59:36.926-0400] {processor.py:839} INFO - DAG(s) dict_keys(['example_weekday_branch_operator']) retrieved from /Users/mauri/Desktop/repositorio/apache-airflow-tutorial/env/lib/python3.11/site-packages/airflow/example_dags/example_branch_day_of_week_operator.py
[2023-08-23T21:59:37.011-0400] {logging_mixin.py:151} INFO - [2023-08-23T21:59:37.011-0400] {dag.py:2907} INFO - Sync 1 DAGs
[2023-08-23T21:59:37.017-0400] {logging_mixin.py:151} INFO - [2023-08-23T21:59:37.017-0400] {dag.py:3677} INFO - Setting next_dagrun for example_weekday_branch_operator to 2023-08-23T00:00:00+00:00, run_after=2023-08-24T00:00:00+00:00
[2023-08-23T21:59:37.025-0400] {processor.py:179} INFO - Processing /Users/mauri/Desktop/repositorio/apache-airflow-tutorial/env/lib/python3.11/site-packages/airflow/example_dags/example_branch_day_of_week_operator.py took 0.108 seconds
