[2023-08-23T21:34:13.772-0400] {processor.py:157} INFO - Started process (PID=8506) to work on /Users/mauri/Desktop/repositorio/apache-airflow-tutorial/env/lib/python3.11/site-packages/airflow/example_dags/example_task_group_decorator.py
[2023-08-23T21:34:13.774-0400] {processor.py:829} INFO - Processing file /Users/mauri/Desktop/repositorio/apache-airflow-tutorial/env/lib/python3.11/site-packages/airflow/example_dags/example_task_group_decorator.py for tasks to queue
[2023-08-23T21:34:13.774-0400] {logging_mixin.py:151} INFO - [2023-08-23T21:34:13.774-0400] {dagbag.py:539} INFO - Filling up the DagBag from /Users/mauri/Desktop/repositorio/apache-airflow-tutorial/env/lib/python3.11/site-packages/airflow/example_dags/example_task_group_decorator.py
[2023-08-23T21:34:13.815-0400] {processor.py:839} INFO - DAG(s) dict_keys(['example_task_group_decorator']) retrieved from /Users/mauri/Desktop/repositorio/apache-airflow-tutorial/env/lib/python3.11/site-packages/airflow/example_dags/example_task_group_decorator.py
[2023-08-23T21:34:14.173-0400] {logging_mixin.py:151} INFO - [2023-08-23T21:34:14.173-0400] {manager.py:501} INFO - Created Permission View: can edit on DAG:example_task_group_decorator
[2023-08-23T21:34:14.177-0400] {logging_mixin.py:151} INFO - [2023-08-23T21:34:14.176-0400] {manager.py:501} INFO - Created Permission View: can delete on DAG:example_task_group_decorator
[2023-08-23T21:34:14.178-0400] {logging_mixin.py:151} INFO - [2023-08-23T21:34:14.178-0400] {manager.py:501} INFO - Created Permission View: can read on DAG:example_task_group_decorator
[2023-08-23T21:34:14.182-0400] {logging_mixin.py:151} INFO - [2023-08-23T21:34:14.182-0400] {dag.py:2907} INFO - Sync 1 DAGs
[2023-08-23T21:34:14.185-0400] {logging_mixin.py:151} INFO - [2023-08-23T21:34:14.185-0400] {dag.py:2929} INFO - Creating ORM DAG for example_task_group_decorator
[2023-08-23T21:34:14.188-0400] {logging_mixin.py:151} INFO - [2023-08-23T21:34:14.188-0400] {dag.py:3677} INFO - Setting next_dagrun for example_task_group_decorator to 2023-08-23T01:34:14.188162+00:00, run_after=2023-08-24T01:34:14.188162+00:00
[2023-08-23T21:34:14.194-0400] {processor.py:179} INFO - Processing /Users/mauri/Desktop/repositorio/apache-airflow-tutorial/env/lib/python3.11/site-packages/airflow/example_dags/example_task_group_decorator.py took 0.422 seconds
[2023-08-23T21:35:32.268-0400] {processor.py:157} INFO - Started process (PID=8563) to work on /Users/mauri/Desktop/repositorio/apache-airflow-tutorial/env/lib/python3.11/site-packages/airflow/example_dags/example_task_group_decorator.py
[2023-08-23T21:35:32.270-0400] {processor.py:829} INFO - Processing file /Users/mauri/Desktop/repositorio/apache-airflow-tutorial/env/lib/python3.11/site-packages/airflow/example_dags/example_task_group_decorator.py for tasks to queue
[2023-08-23T21:35:32.270-0400] {logging_mixin.py:151} INFO - [2023-08-23T21:35:32.270-0400] {dagbag.py:539} INFO - Filling up the DagBag from /Users/mauri/Desktop/repositorio/apache-airflow-tutorial/env/lib/python3.11/site-packages/airflow/example_dags/example_task_group_decorator.py
[2023-08-23T21:35:32.303-0400] {processor.py:839} INFO - DAG(s) dict_keys(['example_task_group_decorator']) retrieved from /Users/mauri/Desktop/repositorio/apache-airflow-tutorial/env/lib/python3.11/site-packages/airflow/example_dags/example_task_group_decorator.py
[2023-08-23T21:35:32.357-0400] {logging_mixin.py:151} INFO - [2023-08-23T21:35:32.357-0400] {dag.py:2907} INFO - Sync 1 DAGs
[2023-08-23T21:35:32.362-0400] {logging_mixin.py:151} INFO - [2023-08-23T21:35:32.362-0400] {dag.py:3677} INFO - Setting next_dagrun for example_task_group_decorator to 2023-08-23T01:35:32.362434+00:00, run_after=2023-08-24T01:35:32.362434+00:00
[2023-08-23T21:35:32.369-0400] {processor.py:179} INFO - Processing /Users/mauri/Desktop/repositorio/apache-airflow-tutorial/env/lib/python3.11/site-packages/airflow/example_dags/example_task_group_decorator.py took 0.102 seconds
[2023-08-23T21:36:46.211-0400] {processor.py:157} INFO - Started process (PID=8633) to work on /Users/mauri/Desktop/repositorio/apache-airflow-tutorial/env/lib/python3.11/site-packages/airflow/example_dags/example_task_group_decorator.py
[2023-08-23T21:36:46.214-0400] {processor.py:829} INFO - Processing file /Users/mauri/Desktop/repositorio/apache-airflow-tutorial/env/lib/python3.11/site-packages/airflow/example_dags/example_task_group_decorator.py for tasks to queue
[2023-08-23T21:36:46.214-0400] {logging_mixin.py:151} INFO - [2023-08-23T21:36:46.214-0400] {dagbag.py:539} INFO - Filling up the DagBag from /Users/mauri/Desktop/repositorio/apache-airflow-tutorial/env/lib/python3.11/site-packages/airflow/example_dags/example_task_group_decorator.py
[2023-08-23T21:36:46.248-0400] {processor.py:839} INFO - DAG(s) dict_keys(['example_task_group_decorator']) retrieved from /Users/mauri/Desktop/repositorio/apache-airflow-tutorial/env/lib/python3.11/site-packages/airflow/example_dags/example_task_group_decorator.py
[2023-08-23T21:36:46.301-0400] {logging_mixin.py:151} INFO - [2023-08-23T21:36:46.301-0400] {dag.py:2907} INFO - Sync 1 DAGs
[2023-08-23T21:36:46.307-0400] {logging_mixin.py:151} INFO - [2023-08-23T21:36:46.307-0400] {dag.py:3677} INFO - Setting next_dagrun for example_task_group_decorator to 2023-08-23T01:36:46.307041+00:00, run_after=2023-08-24T01:36:46.307041+00:00
[2023-08-23T21:36:46.314-0400] {processor.py:179} INFO - Processing /Users/mauri/Desktop/repositorio/apache-airflow-tutorial/env/lib/python3.11/site-packages/airflow/example_dags/example_task_group_decorator.py took 0.103 seconds
[2023-08-23T21:37:59.700-0400] {processor.py:157} INFO - Started process (PID=8692) to work on /Users/mauri/Desktop/repositorio/apache-airflow-tutorial/env/lib/python3.11/site-packages/airflow/example_dags/example_task_group_decorator.py
[2023-08-23T21:37:59.702-0400] {processor.py:829} INFO - Processing file /Users/mauri/Desktop/repositorio/apache-airflow-tutorial/env/lib/python3.11/site-packages/airflow/example_dags/example_task_group_decorator.py for tasks to queue
[2023-08-23T21:37:59.703-0400] {logging_mixin.py:151} INFO - [2023-08-23T21:37:59.702-0400] {dagbag.py:539} INFO - Filling up the DagBag from /Users/mauri/Desktop/repositorio/apache-airflow-tutorial/env/lib/python3.11/site-packages/airflow/example_dags/example_task_group_decorator.py
[2023-08-23T21:37:59.752-0400] {processor.py:839} INFO - DAG(s) dict_keys(['example_task_group_decorator']) retrieved from /Users/mauri/Desktop/repositorio/apache-airflow-tutorial/env/lib/python3.11/site-packages/airflow/example_dags/example_task_group_decorator.py
[2023-08-23T21:37:59.810-0400] {logging_mixin.py:151} INFO - [2023-08-23T21:37:59.810-0400] {dag.py:2907} INFO - Sync 1 DAGs
[2023-08-23T21:37:59.815-0400] {logging_mixin.py:151} INFO - [2023-08-23T21:37:59.815-0400] {dag.py:3677} INFO - Setting next_dagrun for example_task_group_decorator to 2023-08-23T01:37:59.815647+00:00, run_after=2023-08-24T01:37:59.815647+00:00
[2023-08-23T21:37:59.823-0400] {processor.py:179} INFO - Processing /Users/mauri/Desktop/repositorio/apache-airflow-tutorial/env/lib/python3.11/site-packages/airflow/example_dags/example_task_group_decorator.py took 0.123 seconds
[2023-08-23T21:39:15.369-0400] {processor.py:157} INFO - Started process (PID=8767) to work on /Users/mauri/Desktop/repositorio/apache-airflow-tutorial/env/lib/python3.11/site-packages/airflow/example_dags/example_task_group_decorator.py
[2023-08-23T21:39:15.372-0400] {processor.py:829} INFO - Processing file /Users/mauri/Desktop/repositorio/apache-airflow-tutorial/env/lib/python3.11/site-packages/airflow/example_dags/example_task_group_decorator.py for tasks to queue
[2023-08-23T21:39:15.372-0400] {logging_mixin.py:151} INFO - [2023-08-23T21:39:15.372-0400] {dagbag.py:539} INFO - Filling up the DagBag from /Users/mauri/Desktop/repositorio/apache-airflow-tutorial/env/lib/python3.11/site-packages/airflow/example_dags/example_task_group_decorator.py
[2023-08-23T21:39:15.406-0400] {processor.py:839} INFO - DAG(s) dict_keys(['example_task_group_decorator']) retrieved from /Users/mauri/Desktop/repositorio/apache-airflow-tutorial/env/lib/python3.11/site-packages/airflow/example_dags/example_task_group_decorator.py
[2023-08-23T21:39:15.460-0400] {logging_mixin.py:151} INFO - [2023-08-23T21:39:15.460-0400] {dag.py:2907} INFO - Sync 1 DAGs
[2023-08-23T21:39:15.465-0400] {logging_mixin.py:151} INFO - [2023-08-23T21:39:15.465-0400] {dag.py:3677} INFO - Setting next_dagrun for example_task_group_decorator to 2023-08-23T01:39:15.465563+00:00, run_after=2023-08-24T01:39:15.465563+00:00
[2023-08-23T21:39:15.472-0400] {processor.py:179} INFO - Processing /Users/mauri/Desktop/repositorio/apache-airflow-tutorial/env/lib/python3.11/site-packages/airflow/example_dags/example_task_group_decorator.py took 0.103 seconds
[2023-08-23T21:40:29.805-0400] {processor.py:157} INFO - Started process (PID=8829) to work on /Users/mauri/Desktop/repositorio/apache-airflow-tutorial/env/lib/python3.11/site-packages/airflow/example_dags/example_task_group_decorator.py
[2023-08-23T21:40:29.806-0400] {processor.py:829} INFO - Processing file /Users/mauri/Desktop/repositorio/apache-airflow-tutorial/env/lib/python3.11/site-packages/airflow/example_dags/example_task_group_decorator.py for tasks to queue
[2023-08-23T21:40:29.806-0400] {logging_mixin.py:151} INFO - [2023-08-23T21:40:29.806-0400] {dagbag.py:539} INFO - Filling up the DagBag from /Users/mauri/Desktop/repositorio/apache-airflow-tutorial/env/lib/python3.11/site-packages/airflow/example_dags/example_task_group_decorator.py
[2023-08-23T21:40:29.840-0400] {processor.py:839} INFO - DAG(s) dict_keys(['example_task_group_decorator']) retrieved from /Users/mauri/Desktop/repositorio/apache-airflow-tutorial/env/lib/python3.11/site-packages/airflow/example_dags/example_task_group_decorator.py
[2023-08-23T21:40:29.894-0400] {logging_mixin.py:151} INFO - [2023-08-23T21:40:29.894-0400] {dag.py:2907} INFO - Sync 1 DAGs
[2023-08-23T21:40:29.899-0400] {logging_mixin.py:151} INFO - [2023-08-23T21:40:29.899-0400] {dag.py:3677} INFO - Setting next_dagrun for example_task_group_decorator to 2023-08-23T01:40:29.899442+00:00, run_after=2023-08-24T01:40:29.899442+00:00
[2023-08-23T21:40:29.906-0400] {processor.py:179} INFO - Processing /Users/mauri/Desktop/repositorio/apache-airflow-tutorial/env/lib/python3.11/site-packages/airflow/example_dags/example_task_group_decorator.py took 0.102 seconds
[2023-08-23T21:41:42.770-0400] {processor.py:157} INFO - Started process (PID=8888) to work on /Users/mauri/Desktop/repositorio/apache-airflow-tutorial/env/lib/python3.11/site-packages/airflow/example_dags/example_task_group_decorator.py
[2023-08-23T21:41:42.771-0400] {processor.py:829} INFO - Processing file /Users/mauri/Desktop/repositorio/apache-airflow-tutorial/env/lib/python3.11/site-packages/airflow/example_dags/example_task_group_decorator.py for tasks to queue
[2023-08-23T21:41:42.772-0400] {logging_mixin.py:151} INFO - [2023-08-23T21:41:42.771-0400] {dagbag.py:539} INFO - Filling up the DagBag from /Users/mauri/Desktop/repositorio/apache-airflow-tutorial/env/lib/python3.11/site-packages/airflow/example_dags/example_task_group_decorator.py
[2023-08-23T21:41:42.805-0400] {processor.py:839} INFO - DAG(s) dict_keys(['example_task_group_decorator']) retrieved from /Users/mauri/Desktop/repositorio/apache-airflow-tutorial/env/lib/python3.11/site-packages/airflow/example_dags/example_task_group_decorator.py
[2023-08-23T21:41:42.860-0400] {logging_mixin.py:151} INFO - [2023-08-23T21:41:42.860-0400] {dag.py:2907} INFO - Sync 1 DAGs
[2023-08-23T21:41:42.865-0400] {logging_mixin.py:151} INFO - [2023-08-23T21:41:42.865-0400] {dag.py:3677} INFO - Setting next_dagrun for example_task_group_decorator to 2023-08-23T01:41:42.865635+00:00, run_after=2023-08-24T01:41:42.865635+00:00
[2023-08-23T21:41:42.872-0400] {processor.py:179} INFO - Processing /Users/mauri/Desktop/repositorio/apache-airflow-tutorial/env/lib/python3.11/site-packages/airflow/example_dags/example_task_group_decorator.py took 0.103 seconds
[2023-08-23T21:42:54.285-0400] {processor.py:157} INFO - Started process (PID=8953) to work on /Users/mauri/Desktop/repositorio/apache-airflow-tutorial/env/lib/python3.11/site-packages/airflow/example_dags/example_task_group_decorator.py
[2023-08-23T21:42:54.286-0400] {processor.py:829} INFO - Processing file /Users/mauri/Desktop/repositorio/apache-airflow-tutorial/env/lib/python3.11/site-packages/airflow/example_dags/example_task_group_decorator.py for tasks to queue
[2023-08-23T21:42:54.287-0400] {logging_mixin.py:151} INFO - [2023-08-23T21:42:54.287-0400] {dagbag.py:539} INFO - Filling up the DagBag from /Users/mauri/Desktop/repositorio/apache-airflow-tutorial/env/lib/python3.11/site-packages/airflow/example_dags/example_task_group_decorator.py
[2023-08-23T21:42:54.322-0400] {processor.py:839} INFO - DAG(s) dict_keys(['example_task_group_decorator']) retrieved from /Users/mauri/Desktop/repositorio/apache-airflow-tutorial/env/lib/python3.11/site-packages/airflow/example_dags/example_task_group_decorator.py
[2023-08-23T21:42:54.383-0400] {logging_mixin.py:151} INFO - [2023-08-23T21:42:54.383-0400] {dag.py:2907} INFO - Sync 1 DAGs
[2023-08-23T21:42:54.389-0400] {logging_mixin.py:151} INFO - [2023-08-23T21:42:54.389-0400] {dag.py:3677} INFO - Setting next_dagrun for example_task_group_decorator to 2023-08-23T01:42:54.389175+00:00, run_after=2023-08-24T01:42:54.389175+00:00
[2023-08-23T21:42:54.397-0400] {processor.py:179} INFO - Processing /Users/mauri/Desktop/repositorio/apache-airflow-tutorial/env/lib/python3.11/site-packages/airflow/example_dags/example_task_group_decorator.py took 0.113 seconds
[2023-08-23T21:44:04.264-0400] {processor.py:157} INFO - Started process (PID=9016) to work on /Users/mauri/Desktop/repositorio/apache-airflow-tutorial/env/lib/python3.11/site-packages/airflow/example_dags/example_task_group_decorator.py
[2023-08-23T21:44:04.265-0400] {processor.py:829} INFO - Processing file /Users/mauri/Desktop/repositorio/apache-airflow-tutorial/env/lib/python3.11/site-packages/airflow/example_dags/example_task_group_decorator.py for tasks to queue
[2023-08-23T21:44:04.266-0400] {logging_mixin.py:151} INFO - [2023-08-23T21:44:04.265-0400] {dagbag.py:539} INFO - Filling up the DagBag from /Users/mauri/Desktop/repositorio/apache-airflow-tutorial/env/lib/python3.11/site-packages/airflow/example_dags/example_task_group_decorator.py
[2023-08-23T21:44:04.306-0400] {processor.py:839} INFO - DAG(s) dict_keys(['example_task_group_decorator']) retrieved from /Users/mauri/Desktop/repositorio/apache-airflow-tutorial/env/lib/python3.11/site-packages/airflow/example_dags/example_task_group_decorator.py
[2023-08-23T21:44:04.370-0400] {logging_mixin.py:151} INFO - [2023-08-23T21:44:04.370-0400] {dag.py:2907} INFO - Sync 1 DAGs
[2023-08-23T21:44:04.376-0400] {logging_mixin.py:151} INFO - [2023-08-23T21:44:04.376-0400] {dag.py:3677} INFO - Setting next_dagrun for example_task_group_decorator to 2023-08-23T01:44:04.376473+00:00, run_after=2023-08-24T01:44:04.376473+00:00
[2023-08-23T21:44:04.385-0400] {processor.py:179} INFO - Processing /Users/mauri/Desktop/repositorio/apache-airflow-tutorial/env/lib/python3.11/site-packages/airflow/example_dags/example_task_group_decorator.py took 0.121 seconds
[2023-08-23T21:45:18.979-0400] {processor.py:157} INFO - Started process (PID=9095) to work on /Users/mauri/Desktop/repositorio/apache-airflow-tutorial/env/lib/python3.11/site-packages/airflow/example_dags/example_task_group_decorator.py
[2023-08-23T21:45:18.980-0400] {processor.py:829} INFO - Processing file /Users/mauri/Desktop/repositorio/apache-airflow-tutorial/env/lib/python3.11/site-packages/airflow/example_dags/example_task_group_decorator.py for tasks to queue
[2023-08-23T21:45:18.980-0400] {logging_mixin.py:151} INFO - [2023-08-23T21:45:18.980-0400] {dagbag.py:539} INFO - Filling up the DagBag from /Users/mauri/Desktop/repositorio/apache-airflow-tutorial/env/lib/python3.11/site-packages/airflow/example_dags/example_task_group_decorator.py
[2023-08-23T21:45:19.014-0400] {processor.py:839} INFO - DAG(s) dict_keys(['example_task_group_decorator']) retrieved from /Users/mauri/Desktop/repositorio/apache-airflow-tutorial/env/lib/python3.11/site-packages/airflow/example_dags/example_task_group_decorator.py
[2023-08-23T21:45:19.068-0400] {logging_mixin.py:151} INFO - [2023-08-23T21:45:19.068-0400] {dag.py:2907} INFO - Sync 1 DAGs
[2023-08-23T21:45:19.073-0400] {logging_mixin.py:151} INFO - [2023-08-23T21:45:19.073-0400] {dag.py:3677} INFO - Setting next_dagrun for example_task_group_decorator to 2023-08-23T01:45:19.073290+00:00, run_after=2023-08-24T01:45:19.073290+00:00
[2023-08-23T21:45:19.080-0400] {processor.py:179} INFO - Processing /Users/mauri/Desktop/repositorio/apache-airflow-tutorial/env/lib/python3.11/site-packages/airflow/example_dags/example_task_group_decorator.py took 0.102 seconds
[2023-08-23T21:46:30.127-0400] {processor.py:157} INFO - Started process (PID=9210) to work on /Users/mauri/Desktop/repositorio/apache-airflow-tutorial/env/lib/python3.11/site-packages/airflow/example_dags/example_task_group_decorator.py
[2023-08-23T21:46:30.128-0400] {processor.py:829} INFO - Processing file /Users/mauri/Desktop/repositorio/apache-airflow-tutorial/env/lib/python3.11/site-packages/airflow/example_dags/example_task_group_decorator.py for tasks to queue
[2023-08-23T21:46:30.128-0400] {logging_mixin.py:151} INFO - [2023-08-23T21:46:30.128-0400] {dagbag.py:539} INFO - Filling up the DagBag from /Users/mauri/Desktop/repositorio/apache-airflow-tutorial/env/lib/python3.11/site-packages/airflow/example_dags/example_task_group_decorator.py
[2023-08-23T21:46:30.162-0400] {processor.py:839} INFO - DAG(s) dict_keys(['example_task_group_decorator']) retrieved from /Users/mauri/Desktop/repositorio/apache-airflow-tutorial/env/lib/python3.11/site-packages/airflow/example_dags/example_task_group_decorator.py
[2023-08-23T21:46:30.216-0400] {logging_mixin.py:151} INFO - [2023-08-23T21:46:30.215-0400] {dag.py:2907} INFO - Sync 1 DAGs
[2023-08-23T21:46:30.221-0400] {logging_mixin.py:151} INFO - [2023-08-23T21:46:30.221-0400] {dag.py:3677} INFO - Setting next_dagrun for example_task_group_decorator to 2023-08-23T01:46:30.221173+00:00, run_after=2023-08-24T01:46:30.221173+00:00
[2023-08-23T21:46:30.228-0400] {processor.py:179} INFO - Processing /Users/mauri/Desktop/repositorio/apache-airflow-tutorial/env/lib/python3.11/site-packages/airflow/example_dags/example_task_group_decorator.py took 0.101 seconds
[2023-08-23T21:47:40.067-0400] {processor.py:157} INFO - Started process (PID=9336) to work on /Users/mauri/Desktop/repositorio/apache-airflow-tutorial/env/lib/python3.11/site-packages/airflow/example_dags/example_task_group_decorator.py
[2023-08-23T21:47:40.068-0400] {processor.py:829} INFO - Processing file /Users/mauri/Desktop/repositorio/apache-airflow-tutorial/env/lib/python3.11/site-packages/airflow/example_dags/example_task_group_decorator.py for tasks to queue
[2023-08-23T21:47:40.069-0400] {logging_mixin.py:151} INFO - [2023-08-23T21:47:40.069-0400] {dagbag.py:539} INFO - Filling up the DagBag from /Users/mauri/Desktop/repositorio/apache-airflow-tutorial/env/lib/python3.11/site-packages/airflow/example_dags/example_task_group_decorator.py
[2023-08-23T21:47:40.106-0400] {processor.py:839} INFO - DAG(s) dict_keys(['example_task_group_decorator']) retrieved from /Users/mauri/Desktop/repositorio/apache-airflow-tutorial/env/lib/python3.11/site-packages/airflow/example_dags/example_task_group_decorator.py
[2023-08-23T21:47:40.161-0400] {logging_mixin.py:151} INFO - [2023-08-23T21:47:40.161-0400] {dag.py:2907} INFO - Sync 1 DAGs
[2023-08-23T21:47:40.167-0400] {logging_mixin.py:151} INFO - [2023-08-23T21:47:40.166-0400] {dag.py:3677} INFO - Setting next_dagrun for example_task_group_decorator to 2023-08-23T01:47:40.166912+00:00, run_after=2023-08-24T01:47:40.166912+00:00
[2023-08-23T21:47:40.174-0400] {processor.py:179} INFO - Processing /Users/mauri/Desktop/repositorio/apache-airflow-tutorial/env/lib/python3.11/site-packages/airflow/example_dags/example_task_group_decorator.py took 0.107 seconds
[2023-08-23T21:48:53.115-0400] {processor.py:157} INFO - Started process (PID=9443) to work on /Users/mauri/Desktop/repositorio/apache-airflow-tutorial/env/lib/python3.11/site-packages/airflow/example_dags/example_task_group_decorator.py
[2023-08-23T21:48:53.117-0400] {processor.py:829} INFO - Processing file /Users/mauri/Desktop/repositorio/apache-airflow-tutorial/env/lib/python3.11/site-packages/airflow/example_dags/example_task_group_decorator.py for tasks to queue
[2023-08-23T21:48:53.117-0400] {logging_mixin.py:151} INFO - [2023-08-23T21:48:53.117-0400] {dagbag.py:539} INFO - Filling up the DagBag from /Users/mauri/Desktop/repositorio/apache-airflow-tutorial/env/lib/python3.11/site-packages/airflow/example_dags/example_task_group_decorator.py
[2023-08-23T21:48:53.152-0400] {processor.py:839} INFO - DAG(s) dict_keys(['example_task_group_decorator']) retrieved from /Users/mauri/Desktop/repositorio/apache-airflow-tutorial/env/lib/python3.11/site-packages/airflow/example_dags/example_task_group_decorator.py
[2023-08-23T21:48:53.207-0400] {logging_mixin.py:151} INFO - [2023-08-23T21:48:53.207-0400] {dag.py:2907} INFO - Sync 1 DAGs
[2023-08-23T21:48:53.212-0400] {logging_mixin.py:151} INFO - [2023-08-23T21:48:53.212-0400] {dag.py:3677} INFO - Setting next_dagrun for example_task_group_decorator to 2023-08-23T01:48:53.212619+00:00, run_after=2023-08-24T01:48:53.212619+00:00
[2023-08-23T21:48:53.220-0400] {processor.py:179} INFO - Processing /Users/mauri/Desktop/repositorio/apache-airflow-tutorial/env/lib/python3.11/site-packages/airflow/example_dags/example_task_group_decorator.py took 0.105 seconds
[2023-08-23T21:50:09.196-0400] {processor.py:157} INFO - Started process (PID=9519) to work on /Users/mauri/Desktop/repositorio/apache-airflow-tutorial/env/lib/python3.11/site-packages/airflow/example_dags/example_task_group_decorator.py
[2023-08-23T21:50:09.199-0400] {processor.py:829} INFO - Processing file /Users/mauri/Desktop/repositorio/apache-airflow-tutorial/env/lib/python3.11/site-packages/airflow/example_dags/example_task_group_decorator.py for tasks to queue
[2023-08-23T21:50:09.199-0400] {logging_mixin.py:151} INFO - [2023-08-23T21:50:09.199-0400] {dagbag.py:539} INFO - Filling up the DagBag from /Users/mauri/Desktop/repositorio/apache-airflow-tutorial/env/lib/python3.11/site-packages/airflow/example_dags/example_task_group_decorator.py
[2023-08-23T21:50:09.232-0400] {processor.py:839} INFO - DAG(s) dict_keys(['example_task_group_decorator']) retrieved from /Users/mauri/Desktop/repositorio/apache-airflow-tutorial/env/lib/python3.11/site-packages/airflow/example_dags/example_task_group_decorator.py
[2023-08-23T21:50:09.286-0400] {logging_mixin.py:151} INFO - [2023-08-23T21:50:09.286-0400] {dag.py:2907} INFO - Sync 1 DAGs
[2023-08-23T21:50:09.291-0400] {logging_mixin.py:151} INFO - [2023-08-23T21:50:09.291-0400] {dag.py:3677} INFO - Setting next_dagrun for example_task_group_decorator to 2023-08-23T01:50:09.291232+00:00, run_after=2023-08-24T01:50:09.291232+00:00
[2023-08-23T21:50:09.298-0400] {processor.py:179} INFO - Processing /Users/mauri/Desktop/repositorio/apache-airflow-tutorial/env/lib/python3.11/site-packages/airflow/example_dags/example_task_group_decorator.py took 0.102 seconds
[2023-08-23T21:51:23.519-0400] {processor.py:157} INFO - Started process (PID=9607) to work on /Users/mauri/Desktop/repositorio/apache-airflow-tutorial/env/lib/python3.11/site-packages/airflow/example_dags/example_task_group_decorator.py
[2023-08-23T21:51:23.521-0400] {processor.py:829} INFO - Processing file /Users/mauri/Desktop/repositorio/apache-airflow-tutorial/env/lib/python3.11/site-packages/airflow/example_dags/example_task_group_decorator.py for tasks to queue
[2023-08-23T21:51:23.521-0400] {logging_mixin.py:151} INFO - [2023-08-23T21:51:23.521-0400] {dagbag.py:539} INFO - Filling up the DagBag from /Users/mauri/Desktop/repositorio/apache-airflow-tutorial/env/lib/python3.11/site-packages/airflow/example_dags/example_task_group_decorator.py
[2023-08-23T21:51:23.555-0400] {processor.py:839} INFO - DAG(s) dict_keys(['example_task_group_decorator']) retrieved from /Users/mauri/Desktop/repositorio/apache-airflow-tutorial/env/lib/python3.11/site-packages/airflow/example_dags/example_task_group_decorator.py
[2023-08-23T21:51:23.609-0400] {logging_mixin.py:151} INFO - [2023-08-23T21:51:23.608-0400] {dag.py:2907} INFO - Sync 1 DAGs
[2023-08-23T21:51:23.614-0400] {logging_mixin.py:151} INFO - [2023-08-23T21:51:23.614-0400] {dag.py:3677} INFO - Setting next_dagrun for example_task_group_decorator to 2023-08-23T01:51:23.614193+00:00, run_after=2023-08-24T01:51:23.614193+00:00
[2023-08-23T21:51:23.621-0400] {processor.py:179} INFO - Processing /Users/mauri/Desktop/repositorio/apache-airflow-tutorial/env/lib/python3.11/site-packages/airflow/example_dags/example_task_group_decorator.py took 0.103 seconds
[2023-08-23T21:52:34.692-0400] {processor.py:157} INFO - Started process (PID=9673) to work on /Users/mauri/Desktop/repositorio/apache-airflow-tutorial/env/lib/python3.11/site-packages/airflow/example_dags/example_task_group_decorator.py
[2023-08-23T21:52:34.693-0400] {processor.py:829} INFO - Processing file /Users/mauri/Desktop/repositorio/apache-airflow-tutorial/env/lib/python3.11/site-packages/airflow/example_dags/example_task_group_decorator.py for tasks to queue
[2023-08-23T21:52:34.694-0400] {logging_mixin.py:151} INFO - [2023-08-23T21:52:34.694-0400] {dagbag.py:539} INFO - Filling up the DagBag from /Users/mauri/Desktop/repositorio/apache-airflow-tutorial/env/lib/python3.11/site-packages/airflow/example_dags/example_task_group_decorator.py
[2023-08-23T21:52:34.727-0400] {processor.py:839} INFO - DAG(s) dict_keys(['example_task_group_decorator']) retrieved from /Users/mauri/Desktop/repositorio/apache-airflow-tutorial/env/lib/python3.11/site-packages/airflow/example_dags/example_task_group_decorator.py
[2023-08-23T21:52:34.782-0400] {logging_mixin.py:151} INFO - [2023-08-23T21:52:34.782-0400] {dag.py:2907} INFO - Sync 1 DAGs
[2023-08-23T21:52:34.788-0400] {logging_mixin.py:151} INFO - [2023-08-23T21:52:34.788-0400] {dag.py:3677} INFO - Setting next_dagrun for example_task_group_decorator to 2023-08-23T01:52:34.788149+00:00, run_after=2023-08-24T01:52:34.788149+00:00
[2023-08-23T21:52:34.796-0400] {processor.py:179} INFO - Processing /Users/mauri/Desktop/repositorio/apache-airflow-tutorial/env/lib/python3.11/site-packages/airflow/example_dags/example_task_group_decorator.py took 0.104 seconds
[2023-08-23T21:53:45.478-0400] {processor.py:157} INFO - Started process (PID=9741) to work on /Users/mauri/Desktop/repositorio/apache-airflow-tutorial/env/lib/python3.11/site-packages/airflow/example_dags/example_task_group_decorator.py
[2023-08-23T21:53:45.480-0400] {processor.py:829} INFO - Processing file /Users/mauri/Desktop/repositorio/apache-airflow-tutorial/env/lib/python3.11/site-packages/airflow/example_dags/example_task_group_decorator.py for tasks to queue
[2023-08-23T21:53:45.480-0400] {logging_mixin.py:151} INFO - [2023-08-23T21:53:45.480-0400] {dagbag.py:539} INFO - Filling up the DagBag from /Users/mauri/Desktop/repositorio/apache-airflow-tutorial/env/lib/python3.11/site-packages/airflow/example_dags/example_task_group_decorator.py
[2023-08-23T21:53:45.516-0400] {processor.py:839} INFO - DAG(s) dict_keys(['example_task_group_decorator']) retrieved from /Users/mauri/Desktop/repositorio/apache-airflow-tutorial/env/lib/python3.11/site-packages/airflow/example_dags/example_task_group_decorator.py
[2023-08-23T21:53:45.573-0400] {logging_mixin.py:151} INFO - [2023-08-23T21:53:45.573-0400] {dag.py:2907} INFO - Sync 1 DAGs
[2023-08-23T21:53:45.579-0400] {logging_mixin.py:151} INFO - [2023-08-23T21:53:45.579-0400] {dag.py:3677} INFO - Setting next_dagrun for example_task_group_decorator to 2023-08-23T01:53:45.579048+00:00, run_after=2023-08-24T01:53:45.579048+00:00
[2023-08-23T21:53:45.586-0400] {processor.py:179} INFO - Processing /Users/mauri/Desktop/repositorio/apache-airflow-tutorial/env/lib/python3.11/site-packages/airflow/example_dags/example_task_group_decorator.py took 0.108 seconds
[2023-08-23T21:54:57.323-0400] {processor.py:157} INFO - Started process (PID=9803) to work on /Users/mauri/Desktop/repositorio/apache-airflow-tutorial/env/lib/python3.11/site-packages/airflow/example_dags/example_task_group_decorator.py
[2023-08-23T21:54:57.325-0400] {processor.py:829} INFO - Processing file /Users/mauri/Desktop/repositorio/apache-airflow-tutorial/env/lib/python3.11/site-packages/airflow/example_dags/example_task_group_decorator.py for tasks to queue
[2023-08-23T21:54:57.325-0400] {logging_mixin.py:151} INFO - [2023-08-23T21:54:57.325-0400] {dagbag.py:539} INFO - Filling up the DagBag from /Users/mauri/Desktop/repositorio/apache-airflow-tutorial/env/lib/python3.11/site-packages/airflow/example_dags/example_task_group_decorator.py
[2023-08-23T21:54:57.358-0400] {processor.py:839} INFO - DAG(s) dict_keys(['example_task_group_decorator']) retrieved from /Users/mauri/Desktop/repositorio/apache-airflow-tutorial/env/lib/python3.11/site-packages/airflow/example_dags/example_task_group_decorator.py
[2023-08-23T21:54:57.412-0400] {logging_mixin.py:151} INFO - [2023-08-23T21:54:57.412-0400] {dag.py:2907} INFO - Sync 1 DAGs
[2023-08-23T21:54:57.418-0400] {logging_mixin.py:151} INFO - [2023-08-23T21:54:57.418-0400] {dag.py:3677} INFO - Setting next_dagrun for example_task_group_decorator to 2023-08-23T01:54:57.418126+00:00, run_after=2023-08-24T01:54:57.418126+00:00
[2023-08-23T21:54:57.426-0400] {processor.py:179} INFO - Processing /Users/mauri/Desktop/repositorio/apache-airflow-tutorial/env/lib/python3.11/site-packages/airflow/example_dags/example_task_group_decorator.py took 0.103 seconds
[2023-08-23T21:56:10.786-0400] {processor.py:157} INFO - Started process (PID=9880) to work on /Users/mauri/Desktop/repositorio/apache-airflow-tutorial/env/lib/python3.11/site-packages/airflow/example_dags/example_task_group_decorator.py
[2023-08-23T21:56:10.787-0400] {processor.py:829} INFO - Processing file /Users/mauri/Desktop/repositorio/apache-airflow-tutorial/env/lib/python3.11/site-packages/airflow/example_dags/example_task_group_decorator.py for tasks to queue
[2023-08-23T21:56:10.787-0400] {logging_mixin.py:151} INFO - [2023-08-23T21:56:10.787-0400] {dagbag.py:539} INFO - Filling up the DagBag from /Users/mauri/Desktop/repositorio/apache-airflow-tutorial/env/lib/python3.11/site-packages/airflow/example_dags/example_task_group_decorator.py
[2023-08-23T21:56:10.823-0400] {processor.py:839} INFO - DAG(s) dict_keys(['example_task_group_decorator']) retrieved from /Users/mauri/Desktop/repositorio/apache-airflow-tutorial/env/lib/python3.11/site-packages/airflow/example_dags/example_task_group_decorator.py
[2023-08-23T21:56:10.877-0400] {logging_mixin.py:151} INFO - [2023-08-23T21:56:10.877-0400] {dag.py:2907} INFO - Sync 1 DAGs
[2023-08-23T21:56:10.882-0400] {logging_mixin.py:151} INFO - [2023-08-23T21:56:10.882-0400] {dag.py:3677} INFO - Setting next_dagrun for example_task_group_decorator to 2023-08-23T01:56:10.882494+00:00, run_after=2023-08-24T01:56:10.882494+00:00
[2023-08-23T21:56:10.889-0400] {processor.py:179} INFO - Processing /Users/mauri/Desktop/repositorio/apache-airflow-tutorial/env/lib/python3.11/site-packages/airflow/example_dags/example_task_group_decorator.py took 0.104 seconds
[2023-08-23T21:57:25.505-0400] {processor.py:157} INFO - Started process (PID=9943) to work on /Users/mauri/Desktop/repositorio/apache-airflow-tutorial/env/lib/python3.11/site-packages/airflow/example_dags/example_task_group_decorator.py
[2023-08-23T21:57:25.506-0400] {processor.py:829} INFO - Processing file /Users/mauri/Desktop/repositorio/apache-airflow-tutorial/env/lib/python3.11/site-packages/airflow/example_dags/example_task_group_decorator.py for tasks to queue
[2023-08-23T21:57:25.507-0400] {logging_mixin.py:151} INFO - [2023-08-23T21:57:25.507-0400] {dagbag.py:539} INFO - Filling up the DagBag from /Users/mauri/Desktop/repositorio/apache-airflow-tutorial/env/lib/python3.11/site-packages/airflow/example_dags/example_task_group_decorator.py
[2023-08-23T21:57:25.542-0400] {processor.py:839} INFO - DAG(s) dict_keys(['example_task_group_decorator']) retrieved from /Users/mauri/Desktop/repositorio/apache-airflow-tutorial/env/lib/python3.11/site-packages/airflow/example_dags/example_task_group_decorator.py
[2023-08-23T21:57:25.596-0400] {logging_mixin.py:151} INFO - [2023-08-23T21:57:25.596-0400] {dag.py:2907} INFO - Sync 1 DAGs
[2023-08-23T21:57:25.601-0400] {logging_mixin.py:151} INFO - [2023-08-23T21:57:25.601-0400] {dag.py:3677} INFO - Setting next_dagrun for example_task_group_decorator to 2023-08-23T01:57:25.601552+00:00, run_after=2023-08-24T01:57:25.601552+00:00
[2023-08-23T21:57:25.608-0400] {processor.py:179} INFO - Processing /Users/mauri/Desktop/repositorio/apache-airflow-tutorial/env/lib/python3.11/site-packages/airflow/example_dags/example_task_group_decorator.py took 0.103 seconds
[2023-08-23T21:58:42.198-0400] {processor.py:157} INFO - Started process (PID=10008) to work on /Users/mauri/Desktop/repositorio/apache-airflow-tutorial/env/lib/python3.11/site-packages/airflow/example_dags/example_task_group_decorator.py
[2023-08-23T21:58:42.199-0400] {processor.py:829} INFO - Processing file /Users/mauri/Desktop/repositorio/apache-airflow-tutorial/env/lib/python3.11/site-packages/airflow/example_dags/example_task_group_decorator.py for tasks to queue
[2023-08-23T21:58:42.199-0400] {logging_mixin.py:151} INFO - [2023-08-23T21:58:42.199-0400] {dagbag.py:539} INFO - Filling up the DagBag from /Users/mauri/Desktop/repositorio/apache-airflow-tutorial/env/lib/python3.11/site-packages/airflow/example_dags/example_task_group_decorator.py
[2023-08-23T21:58:42.234-0400] {processor.py:839} INFO - DAG(s) dict_keys(['example_task_group_decorator']) retrieved from /Users/mauri/Desktop/repositorio/apache-airflow-tutorial/env/lib/python3.11/site-packages/airflow/example_dags/example_task_group_decorator.py
[2023-08-23T21:58:42.292-0400] {logging_mixin.py:151} INFO - [2023-08-23T21:58:42.292-0400] {dag.py:2907} INFO - Sync 1 DAGs
[2023-08-23T21:58:42.297-0400] {logging_mixin.py:151} INFO - [2023-08-23T21:58:42.297-0400] {dag.py:3677} INFO - Setting next_dagrun for example_task_group_decorator to 2023-08-23T01:58:42.297689+00:00, run_after=2023-08-24T01:58:42.297689+00:00
[2023-08-23T21:58:42.305-0400] {processor.py:179} INFO - Processing /Users/mauri/Desktop/repositorio/apache-airflow-tutorial/env/lib/python3.11/site-packages/airflow/example_dags/example_task_group_decorator.py took 0.107 seconds
[2023-08-23T21:59:54.520-0400] {processor.py:157} INFO - Started process (PID=10075) to work on /Users/mauri/Desktop/repositorio/apache-airflow-tutorial/env/lib/python3.11/site-packages/airflow/example_dags/example_task_group_decorator.py
[2023-08-23T21:59:54.522-0400] {processor.py:829} INFO - Processing file /Users/mauri/Desktop/repositorio/apache-airflow-tutorial/env/lib/python3.11/site-packages/airflow/example_dags/example_task_group_decorator.py for tasks to queue
[2023-08-23T21:59:54.522-0400] {logging_mixin.py:151} INFO - [2023-08-23T21:59:54.522-0400] {dagbag.py:539} INFO - Filling up the DagBag from /Users/mauri/Desktop/repositorio/apache-airflow-tutorial/env/lib/python3.11/site-packages/airflow/example_dags/example_task_group_decorator.py
[2023-08-23T21:59:54.555-0400] {processor.py:839} INFO - DAG(s) dict_keys(['example_task_group_decorator']) retrieved from /Users/mauri/Desktop/repositorio/apache-airflow-tutorial/env/lib/python3.11/site-packages/airflow/example_dags/example_task_group_decorator.py
[2023-08-23T21:59:54.608-0400] {logging_mixin.py:151} INFO - [2023-08-23T21:59:54.608-0400] {dag.py:2907} INFO - Sync 1 DAGs
[2023-08-23T21:59:54.613-0400] {logging_mixin.py:151} INFO - [2023-08-23T21:59:54.613-0400] {dag.py:3677} INFO - Setting next_dagrun for example_task_group_decorator to 2023-08-23T01:59:54.613557+00:00, run_after=2023-08-24T01:59:54.613557+00:00
[2023-08-23T21:59:54.620-0400] {processor.py:179} INFO - Processing /Users/mauri/Desktop/repositorio/apache-airflow-tutorial/env/lib/python3.11/site-packages/airflow/example_dags/example_task_group_decorator.py took 0.101 seconds
