[2023-08-23T21:34:42.421-0400] {processor.py:157} INFO - Started process (PID=8527) to work on /Users/mauri/Desktop/repositorio/apache-airflow-tutorial/env/lib/python3.11/site-packages/airflow/example_dags/example_local_kubernetes_executor.py
[2023-08-23T21:34:42.422-0400] {processor.py:829} INFO - Processing file /Users/mauri/Desktop/repositorio/apache-airflow-tutorial/env/lib/python3.11/site-packages/airflow/example_dags/example_local_kubernetes_executor.py for tasks to queue
[2023-08-23T21:34:42.423-0400] {logging_mixin.py:151} INFO - [2023-08-23T21:34:42.422-0400] {dagbag.py:539} INFO - Filling up the DagBag from /Users/mauri/Desktop/repositorio/apache-airflow-tutorial/env/lib/python3.11/site-packages/airflow/example_dags/example_local_kubernetes_executor.py
[2023-08-23T21:34:42.453-0400] {logging_mixin.py:151} INFO - [2023-08-23T21:34:42.452-0400] {example_local_kubernetes_executor.py:39} WARNING - Could not import DAGs in example_local_kubernetes_executor.py
Traceback (most recent call last):
  File "/Users/mauri/Desktop/repositorio/apache-airflow-tutorial/env/lib/python3.11/site-packages/airflow/example_dags/example_local_kubernetes_executor.py", line 37, in <module>
    from kubernetes.client import models as k8s
ModuleNotFoundError: No module named 'kubernetes'
[2023-08-23T21:34:42.453-0400] {logging_mixin.py:151} INFO - [2023-08-23T21:34:42.453-0400] {example_local_kubernetes_executor.py:40} WARNING - Install Kubernetes dependencies with: pip install apache-airflow[cncf.kubernetes]
[2023-08-23T21:34:42.453-0400] {processor.py:841} WARNING - No viable dags retrieved from /Users/mauri/Desktop/repositorio/apache-airflow-tutorial/env/lib/python3.11/site-packages/airflow/example_dags/example_local_kubernetes_executor.py
[2023-08-23T21:34:42.486-0400] {processor.py:179} INFO - Processing /Users/mauri/Desktop/repositorio/apache-airflow-tutorial/env/lib/python3.11/site-packages/airflow/example_dags/example_local_kubernetes_executor.py took 0.065 seconds
[2023-08-23T21:36:05.934-0400] {processor.py:157} INFO - Started process (PID=8597) to work on /Users/mauri/Desktop/repositorio/apache-airflow-tutorial/env/lib/python3.11/site-packages/airflow/example_dags/example_local_kubernetes_executor.py
[2023-08-23T21:36:05.936-0400] {processor.py:829} INFO - Processing file /Users/mauri/Desktop/repositorio/apache-airflow-tutorial/env/lib/python3.11/site-packages/airflow/example_dags/example_local_kubernetes_executor.py for tasks to queue
[2023-08-23T21:36:05.936-0400] {logging_mixin.py:151} INFO - [2023-08-23T21:36:05.936-0400] {dagbag.py:539} INFO - Filling up the DagBag from /Users/mauri/Desktop/repositorio/apache-airflow-tutorial/env/lib/python3.11/site-packages/airflow/example_dags/example_local_kubernetes_executor.py
[2023-08-23T21:36:05.966-0400] {logging_mixin.py:151} INFO - [2023-08-23T21:36:05.966-0400] {example_local_kubernetes_executor.py:39} WARNING - Could not import DAGs in example_local_kubernetes_executor.py
Traceback (most recent call last):
  File "/Users/mauri/Desktop/repositorio/apache-airflow-tutorial/env/lib/python3.11/site-packages/airflow/example_dags/example_local_kubernetes_executor.py", line 37, in <module>
    from kubernetes.client import models as k8s
ModuleNotFoundError: No module named 'kubernetes'
[2023-08-23T21:36:05.967-0400] {logging_mixin.py:151} INFO - [2023-08-23T21:36:05.966-0400] {example_local_kubernetes_executor.py:40} WARNING - Install Kubernetes dependencies with: pip install apache-airflow[cncf.kubernetes]
[2023-08-23T21:36:05.967-0400] {processor.py:841} WARNING - No viable dags retrieved from /Users/mauri/Desktop/repositorio/apache-airflow-tutorial/env/lib/python3.11/site-packages/airflow/example_dags/example_local_kubernetes_executor.py
[2023-08-23T21:36:06.000-0400] {processor.py:179} INFO - Processing /Users/mauri/Desktop/repositorio/apache-airflow-tutorial/env/lib/python3.11/site-packages/airflow/example_dags/example_local_kubernetes_executor.py took 0.066 seconds
[2023-08-23T21:37:20.356-0400] {processor.py:157} INFO - Started process (PID=8664) to work on /Users/mauri/Desktop/repositorio/apache-airflow-tutorial/env/lib/python3.11/site-packages/airflow/example_dags/example_local_kubernetes_executor.py
[2023-08-23T21:37:20.358-0400] {processor.py:829} INFO - Processing file /Users/mauri/Desktop/repositorio/apache-airflow-tutorial/env/lib/python3.11/site-packages/airflow/example_dags/example_local_kubernetes_executor.py for tasks to queue
[2023-08-23T21:37:20.359-0400] {logging_mixin.py:151} INFO - [2023-08-23T21:37:20.358-0400] {dagbag.py:539} INFO - Filling up the DagBag from /Users/mauri/Desktop/repositorio/apache-airflow-tutorial/env/lib/python3.11/site-packages/airflow/example_dags/example_local_kubernetes_executor.py
[2023-08-23T21:37:20.388-0400] {logging_mixin.py:151} INFO - [2023-08-23T21:37:20.388-0400] {example_local_kubernetes_executor.py:39} WARNING - Could not import DAGs in example_local_kubernetes_executor.py
Traceback (most recent call last):
  File "/Users/mauri/Desktop/repositorio/apache-airflow-tutorial/env/lib/python3.11/site-packages/airflow/example_dags/example_local_kubernetes_executor.py", line 37, in <module>
    from kubernetes.client import models as k8s
ModuleNotFoundError: No module named 'kubernetes'
[2023-08-23T21:37:20.388-0400] {logging_mixin.py:151} INFO - [2023-08-23T21:37:20.388-0400] {example_local_kubernetes_executor.py:40} WARNING - Install Kubernetes dependencies with: pip install apache-airflow[cncf.kubernetes]
[2023-08-23T21:37:20.388-0400] {processor.py:841} WARNING - No viable dags retrieved from /Users/mauri/Desktop/repositorio/apache-airflow-tutorial/env/lib/python3.11/site-packages/airflow/example_dags/example_local_kubernetes_executor.py
[2023-08-23T21:37:20.421-0400] {processor.py:179} INFO - Processing /Users/mauri/Desktop/repositorio/apache-airflow-tutorial/env/lib/python3.11/site-packages/airflow/example_dags/example_local_kubernetes_executor.py took 0.065 seconds
[2023-08-23T21:38:35.245-0400] {processor.py:157} INFO - Started process (PID=8728) to work on /Users/mauri/Desktop/repositorio/apache-airflow-tutorial/env/lib/python3.11/site-packages/airflow/example_dags/example_local_kubernetes_executor.py
[2023-08-23T21:38:35.248-0400] {processor.py:829} INFO - Processing file /Users/mauri/Desktop/repositorio/apache-airflow-tutorial/env/lib/python3.11/site-packages/airflow/example_dags/example_local_kubernetes_executor.py for tasks to queue
[2023-08-23T21:38:35.248-0400] {logging_mixin.py:151} INFO - [2023-08-23T21:38:35.248-0400] {dagbag.py:539} INFO - Filling up the DagBag from /Users/mauri/Desktop/repositorio/apache-airflow-tutorial/env/lib/python3.11/site-packages/airflow/example_dags/example_local_kubernetes_executor.py
[2023-08-23T21:38:35.278-0400] {logging_mixin.py:151} INFO - [2023-08-23T21:38:35.278-0400] {example_local_kubernetes_executor.py:39} WARNING - Could not import DAGs in example_local_kubernetes_executor.py
Traceback (most recent call last):
  File "/Users/mauri/Desktop/repositorio/apache-airflow-tutorial/env/lib/python3.11/site-packages/airflow/example_dags/example_local_kubernetes_executor.py", line 37, in <module>
    from kubernetes.client import models as k8s
ModuleNotFoundError: No module named 'kubernetes'
[2023-08-23T21:38:35.278-0400] {logging_mixin.py:151} INFO - [2023-08-23T21:38:35.278-0400] {example_local_kubernetes_executor.py:40} WARNING - Install Kubernetes dependencies with: pip install apache-airflow[cncf.kubernetes]
[2023-08-23T21:38:35.278-0400] {processor.py:841} WARNING - No viable dags retrieved from /Users/mauri/Desktop/repositorio/apache-airflow-tutorial/env/lib/python3.11/site-packages/airflow/example_dags/example_local_kubernetes_executor.py
[2023-08-23T21:38:35.311-0400] {processor.py:179} INFO - Processing /Users/mauri/Desktop/repositorio/apache-airflow-tutorial/env/lib/python3.11/site-packages/airflow/example_dags/example_local_kubernetes_executor.py took 0.066 seconds
[2023-08-23T21:39:51.063-0400] {processor.py:157} INFO - Started process (PID=8796) to work on /Users/mauri/Desktop/repositorio/apache-airflow-tutorial/env/lib/python3.11/site-packages/airflow/example_dags/example_local_kubernetes_executor.py
[2023-08-23T21:39:51.065-0400] {processor.py:829} INFO - Processing file /Users/mauri/Desktop/repositorio/apache-airflow-tutorial/env/lib/python3.11/site-packages/airflow/example_dags/example_local_kubernetes_executor.py for tasks to queue
[2023-08-23T21:39:51.065-0400] {logging_mixin.py:151} INFO - [2023-08-23T21:39:51.065-0400] {dagbag.py:539} INFO - Filling up the DagBag from /Users/mauri/Desktop/repositorio/apache-airflow-tutorial/env/lib/python3.11/site-packages/airflow/example_dags/example_local_kubernetes_executor.py
[2023-08-23T21:39:51.095-0400] {logging_mixin.py:151} INFO - [2023-08-23T21:39:51.095-0400] {example_local_kubernetes_executor.py:39} WARNING - Could not import DAGs in example_local_kubernetes_executor.py
Traceback (most recent call last):
  File "/Users/mauri/Desktop/repositorio/apache-airflow-tutorial/env/lib/python3.11/site-packages/airflow/example_dags/example_local_kubernetes_executor.py", line 37, in <module>
    from kubernetes.client import models as k8s
ModuleNotFoundError: No module named 'kubernetes'
[2023-08-23T21:39:51.095-0400] {logging_mixin.py:151} INFO - [2023-08-23T21:39:51.095-0400] {example_local_kubernetes_executor.py:40} WARNING - Install Kubernetes dependencies with: pip install apache-airflow[cncf.kubernetes]
[2023-08-23T21:39:51.096-0400] {processor.py:841} WARNING - No viable dags retrieved from /Users/mauri/Desktop/repositorio/apache-airflow-tutorial/env/lib/python3.11/site-packages/airflow/example_dags/example_local_kubernetes_executor.py
[2023-08-23T21:39:51.129-0400] {processor.py:179} INFO - Processing /Users/mauri/Desktop/repositorio/apache-airflow-tutorial/env/lib/python3.11/site-packages/airflow/example_dags/example_local_kubernetes_executor.py took 0.066 seconds
[2023-08-23T21:41:04.149-0400] {processor.py:157} INFO - Started process (PID=8856) to work on /Users/mauri/Desktop/repositorio/apache-airflow-tutorial/env/lib/python3.11/site-packages/airflow/example_dags/example_local_kubernetes_executor.py
[2023-08-23T21:41:04.150-0400] {processor.py:829} INFO - Processing file /Users/mauri/Desktop/repositorio/apache-airflow-tutorial/env/lib/python3.11/site-packages/airflow/example_dags/example_local_kubernetes_executor.py for tasks to queue
[2023-08-23T21:41:04.151-0400] {logging_mixin.py:151} INFO - [2023-08-23T21:41:04.151-0400] {dagbag.py:539} INFO - Filling up the DagBag from /Users/mauri/Desktop/repositorio/apache-airflow-tutorial/env/lib/python3.11/site-packages/airflow/example_dags/example_local_kubernetes_executor.py
[2023-08-23T21:41:04.181-0400] {logging_mixin.py:151} INFO - [2023-08-23T21:41:04.180-0400] {example_local_kubernetes_executor.py:39} WARNING - Could not import DAGs in example_local_kubernetes_executor.py
Traceback (most recent call last):
  File "/Users/mauri/Desktop/repositorio/apache-airflow-tutorial/env/lib/python3.11/site-packages/airflow/example_dags/example_local_kubernetes_executor.py", line 37, in <module>
    from kubernetes.client import models as k8s
ModuleNotFoundError: No module named 'kubernetes'
[2023-08-23T21:41:04.181-0400] {logging_mixin.py:151} INFO - [2023-08-23T21:41:04.181-0400] {example_local_kubernetes_executor.py:40} WARNING - Install Kubernetes dependencies with: pip install apache-airflow[cncf.kubernetes]
[2023-08-23T21:41:04.181-0400] {processor.py:841} WARNING - No viable dags retrieved from /Users/mauri/Desktop/repositorio/apache-airflow-tutorial/env/lib/python3.11/site-packages/airflow/example_dags/example_local_kubernetes_executor.py
[2023-08-23T21:41:04.214-0400] {processor.py:179} INFO - Processing /Users/mauri/Desktop/repositorio/apache-airflow-tutorial/env/lib/python3.11/site-packages/airflow/example_dags/example_local_kubernetes_executor.py took 0.065 seconds
[2023-08-23T21:42:16.886-0400] {processor.py:157} INFO - Started process (PID=8913) to work on /Users/mauri/Desktop/repositorio/apache-airflow-tutorial/env/lib/python3.11/site-packages/airflow/example_dags/example_local_kubernetes_executor.py
[2023-08-23T21:42:16.887-0400] {processor.py:829} INFO - Processing file /Users/mauri/Desktop/repositorio/apache-airflow-tutorial/env/lib/python3.11/site-packages/airflow/example_dags/example_local_kubernetes_executor.py for tasks to queue
[2023-08-23T21:42:16.888-0400] {logging_mixin.py:151} INFO - [2023-08-23T21:42:16.888-0400] {dagbag.py:539} INFO - Filling up the DagBag from /Users/mauri/Desktop/repositorio/apache-airflow-tutorial/env/lib/python3.11/site-packages/airflow/example_dags/example_local_kubernetes_executor.py
[2023-08-23T21:42:16.916-0400] {logging_mixin.py:151} INFO - [2023-08-23T21:42:16.916-0400] {example_local_kubernetes_executor.py:39} WARNING - Could not import DAGs in example_local_kubernetes_executor.py
Traceback (most recent call last):
  File "/Users/mauri/Desktop/repositorio/apache-airflow-tutorial/env/lib/python3.11/site-packages/airflow/example_dags/example_local_kubernetes_executor.py", line 37, in <module>
    from kubernetes.client import models as k8s
ModuleNotFoundError: No module named 'kubernetes'
[2023-08-23T21:42:16.917-0400] {logging_mixin.py:151} INFO - [2023-08-23T21:42:16.917-0400] {example_local_kubernetes_executor.py:40} WARNING - Install Kubernetes dependencies with: pip install apache-airflow[cncf.kubernetes]
[2023-08-23T21:42:16.917-0400] {processor.py:841} WARNING - No viable dags retrieved from /Users/mauri/Desktop/repositorio/apache-airflow-tutorial/env/lib/python3.11/site-packages/airflow/example_dags/example_local_kubernetes_executor.py
[2023-08-23T21:42:16.949-0400] {processor.py:179} INFO - Processing /Users/mauri/Desktop/repositorio/apache-airflow-tutorial/env/lib/python3.11/site-packages/airflow/example_dags/example_local_kubernetes_executor.py took 0.063 seconds
[2023-08-23T21:43:28.808-0400] {processor.py:157} INFO - Started process (PID=8977) to work on /Users/mauri/Desktop/repositorio/apache-airflow-tutorial/env/lib/python3.11/site-packages/airflow/example_dags/example_local_kubernetes_executor.py
[2023-08-23T21:43:28.809-0400] {processor.py:829} INFO - Processing file /Users/mauri/Desktop/repositorio/apache-airflow-tutorial/env/lib/python3.11/site-packages/airflow/example_dags/example_local_kubernetes_executor.py for tasks to queue
[2023-08-23T21:43:28.809-0400] {logging_mixin.py:151} INFO - [2023-08-23T21:43:28.809-0400] {dagbag.py:539} INFO - Filling up the DagBag from /Users/mauri/Desktop/repositorio/apache-airflow-tutorial/env/lib/python3.11/site-packages/airflow/example_dags/example_local_kubernetes_executor.py
[2023-08-23T21:43:28.838-0400] {logging_mixin.py:151} INFO - [2023-08-23T21:43:28.838-0400] {example_local_kubernetes_executor.py:39} WARNING - Could not import DAGs in example_local_kubernetes_executor.py
Traceback (most recent call last):
  File "/Users/mauri/Desktop/repositorio/apache-airflow-tutorial/env/lib/python3.11/site-packages/airflow/example_dags/example_local_kubernetes_executor.py", line 37, in <module>
    from kubernetes.client import models as k8s
ModuleNotFoundError: No module named 'kubernetes'
[2023-08-23T21:43:28.838-0400] {logging_mixin.py:151} INFO - [2023-08-23T21:43:28.838-0400] {example_local_kubernetes_executor.py:40} WARNING - Install Kubernetes dependencies with: pip install apache-airflow[cncf.kubernetes]
[2023-08-23T21:43:28.838-0400] {processor.py:841} WARNING - No viable dags retrieved from /Users/mauri/Desktop/repositorio/apache-airflow-tutorial/env/lib/python3.11/site-packages/airflow/example_dags/example_local_kubernetes_executor.py
[2023-08-23T21:43:28.871-0400] {processor.py:179} INFO - Processing /Users/mauri/Desktop/repositorio/apache-airflow-tutorial/env/lib/python3.11/site-packages/airflow/example_dags/example_local_kubernetes_executor.py took 0.063 seconds
[2023-08-23T21:44:39.414-0400] {processor.py:157} INFO - Started process (PID=9056) to work on /Users/mauri/Desktop/repositorio/apache-airflow-tutorial/env/lib/python3.11/site-packages/airflow/example_dags/example_local_kubernetes_executor.py
[2023-08-23T21:44:39.415-0400] {processor.py:829} INFO - Processing file /Users/mauri/Desktop/repositorio/apache-airflow-tutorial/env/lib/python3.11/site-packages/airflow/example_dags/example_local_kubernetes_executor.py for tasks to queue
[2023-08-23T21:44:39.415-0400] {logging_mixin.py:151} INFO - [2023-08-23T21:44:39.415-0400] {dagbag.py:539} INFO - Filling up the DagBag from /Users/mauri/Desktop/repositorio/apache-airflow-tutorial/env/lib/python3.11/site-packages/airflow/example_dags/example_local_kubernetes_executor.py
[2023-08-23T21:44:39.445-0400] {logging_mixin.py:151} INFO - [2023-08-23T21:44:39.444-0400] {example_local_kubernetes_executor.py:39} WARNING - Could not import DAGs in example_local_kubernetes_executor.py
Traceback (most recent call last):
  File "/Users/mauri/Desktop/repositorio/apache-airflow-tutorial/env/lib/python3.11/site-packages/airflow/example_dags/example_local_kubernetes_executor.py", line 37, in <module>
    from kubernetes.client import models as k8s
ModuleNotFoundError: No module named 'kubernetes'
[2023-08-23T21:44:39.445-0400] {logging_mixin.py:151} INFO - [2023-08-23T21:44:39.445-0400] {example_local_kubernetes_executor.py:40} WARNING - Install Kubernetes dependencies with: pip install apache-airflow[cncf.kubernetes]
[2023-08-23T21:44:39.445-0400] {processor.py:841} WARNING - No viable dags retrieved from /Users/mauri/Desktop/repositorio/apache-airflow-tutorial/env/lib/python3.11/site-packages/airflow/example_dags/example_local_kubernetes_executor.py
[2023-08-23T21:44:39.477-0400] {processor.py:179} INFO - Processing /Users/mauri/Desktop/repositorio/apache-airflow-tutorial/env/lib/python3.11/site-packages/airflow/example_dags/example_local_kubernetes_executor.py took 0.064 seconds
[2023-08-23T21:45:54.210-0400] {processor.py:157} INFO - Started process (PID=9122) to work on /Users/mauri/Desktop/repositorio/apache-airflow-tutorial/env/lib/python3.11/site-packages/airflow/example_dags/example_local_kubernetes_executor.py
[2023-08-23T21:45:54.211-0400] {processor.py:829} INFO - Processing file /Users/mauri/Desktop/repositorio/apache-airflow-tutorial/env/lib/python3.11/site-packages/airflow/example_dags/example_local_kubernetes_executor.py for tasks to queue
[2023-08-23T21:45:54.211-0400] {logging_mixin.py:151} INFO - [2023-08-23T21:45:54.211-0400] {dagbag.py:539} INFO - Filling up the DagBag from /Users/mauri/Desktop/repositorio/apache-airflow-tutorial/env/lib/python3.11/site-packages/airflow/example_dags/example_local_kubernetes_executor.py
[2023-08-23T21:45:54.240-0400] {logging_mixin.py:151} INFO - [2023-08-23T21:45:54.240-0400] {example_local_kubernetes_executor.py:39} WARNING - Could not import DAGs in example_local_kubernetes_executor.py
Traceback (most recent call last):
  File "/Users/mauri/Desktop/repositorio/apache-airflow-tutorial/env/lib/python3.11/site-packages/airflow/example_dags/example_local_kubernetes_executor.py", line 37, in <module>
    from kubernetes.client import models as k8s
ModuleNotFoundError: No module named 'kubernetes'
[2023-08-23T21:45:54.240-0400] {logging_mixin.py:151} INFO - [2023-08-23T21:45:54.240-0400] {example_local_kubernetes_executor.py:40} WARNING - Install Kubernetes dependencies with: pip install apache-airflow[cncf.kubernetes]
[2023-08-23T21:45:54.240-0400] {processor.py:841} WARNING - No viable dags retrieved from /Users/mauri/Desktop/repositorio/apache-airflow-tutorial/env/lib/python3.11/site-packages/airflow/example_dags/example_local_kubernetes_executor.py
[2023-08-23T21:45:54.273-0400] {processor.py:179} INFO - Processing /Users/mauri/Desktop/repositorio/apache-airflow-tutorial/env/lib/python3.11/site-packages/airflow/example_dags/example_local_kubernetes_executor.py took 0.063 seconds
[2023-08-23T21:47:02.635-0400] {processor.py:157} INFO - Started process (PID=9288) to work on /Users/mauri/Desktop/repositorio/apache-airflow-tutorial/env/lib/python3.11/site-packages/airflow/example_dags/example_local_kubernetes_executor.py
[2023-08-23T21:47:02.637-0400] {processor.py:829} INFO - Processing file /Users/mauri/Desktop/repositorio/apache-airflow-tutorial/env/lib/python3.11/site-packages/airflow/example_dags/example_local_kubernetes_executor.py for tasks to queue
[2023-08-23T21:47:02.637-0400] {logging_mixin.py:151} INFO - [2023-08-23T21:47:02.637-0400] {dagbag.py:539} INFO - Filling up the DagBag from /Users/mauri/Desktop/repositorio/apache-airflow-tutorial/env/lib/python3.11/site-packages/airflow/example_dags/example_local_kubernetes_executor.py
[2023-08-23T21:47:02.667-0400] {logging_mixin.py:151} INFO - [2023-08-23T21:47:02.667-0400] {example_local_kubernetes_executor.py:39} WARNING - Could not import DAGs in example_local_kubernetes_executor.py
Traceback (most recent call last):
  File "/Users/mauri/Desktop/repositorio/apache-airflow-tutorial/env/lib/python3.11/site-packages/airflow/example_dags/example_local_kubernetes_executor.py", line 37, in <module>
    from kubernetes.client import models as k8s
ModuleNotFoundError: No module named 'kubernetes'
[2023-08-23T21:47:02.667-0400] {logging_mixin.py:151} INFO - [2023-08-23T21:47:02.667-0400] {example_local_kubernetes_executor.py:40} WARNING - Install Kubernetes dependencies with: pip install apache-airflow[cncf.kubernetes]
[2023-08-23T21:47:02.667-0400] {processor.py:841} WARNING - No viable dags retrieved from /Users/mauri/Desktop/repositorio/apache-airflow-tutorial/env/lib/python3.11/site-packages/airflow/example_dags/example_local_kubernetes_executor.py
[2023-08-23T21:47:02.700-0400] {processor.py:179} INFO - Processing /Users/mauri/Desktop/repositorio/apache-airflow-tutorial/env/lib/python3.11/site-packages/airflow/example_dags/example_local_kubernetes_executor.py took 0.065 seconds
[2023-08-23T21:48:14.953-0400] {processor.py:157} INFO - Started process (PID=9412) to work on /Users/mauri/Desktop/repositorio/apache-airflow-tutorial/env/lib/python3.11/site-packages/airflow/example_dags/example_local_kubernetes_executor.py
[2023-08-23T21:48:14.955-0400] {processor.py:829} INFO - Processing file /Users/mauri/Desktop/repositorio/apache-airflow-tutorial/env/lib/python3.11/site-packages/airflow/example_dags/example_local_kubernetes_executor.py for tasks to queue
[2023-08-23T21:48:14.955-0400] {logging_mixin.py:151} INFO - [2023-08-23T21:48:14.955-0400] {dagbag.py:539} INFO - Filling up the DagBag from /Users/mauri/Desktop/repositorio/apache-airflow-tutorial/env/lib/python3.11/site-packages/airflow/example_dags/example_local_kubernetes_executor.py
[2023-08-23T21:48:14.985-0400] {logging_mixin.py:151} INFO - [2023-08-23T21:48:14.984-0400] {example_local_kubernetes_executor.py:39} WARNING - Could not import DAGs in example_local_kubernetes_executor.py
Traceback (most recent call last):
  File "/Users/mauri/Desktop/repositorio/apache-airflow-tutorial/env/lib/python3.11/site-packages/airflow/example_dags/example_local_kubernetes_executor.py", line 37, in <module>
    from kubernetes.client import models as k8s
ModuleNotFoundError: No module named 'kubernetes'
[2023-08-23T21:48:14.985-0400] {logging_mixin.py:151} INFO - [2023-08-23T21:48:14.985-0400] {example_local_kubernetes_executor.py:40} WARNING - Install Kubernetes dependencies with: pip install apache-airflow[cncf.kubernetes]
[2023-08-23T21:48:14.985-0400] {processor.py:841} WARNING - No viable dags retrieved from /Users/mauri/Desktop/repositorio/apache-airflow-tutorial/env/lib/python3.11/site-packages/airflow/example_dags/example_local_kubernetes_executor.py
[2023-08-23T21:48:15.017-0400] {processor.py:179} INFO - Processing /Users/mauri/Desktop/repositorio/apache-airflow-tutorial/env/lib/python3.11/site-packages/airflow/example_dags/example_local_kubernetes_executor.py took 0.064 seconds
[2023-08-23T21:49:27.767-0400] {processor.py:157} INFO - Started process (PID=9476) to work on /Users/mauri/Desktop/repositorio/apache-airflow-tutorial/env/lib/python3.11/site-packages/airflow/example_dags/example_local_kubernetes_executor.py
[2023-08-23T21:49:27.768-0400] {processor.py:829} INFO - Processing file /Users/mauri/Desktop/repositorio/apache-airflow-tutorial/env/lib/python3.11/site-packages/airflow/example_dags/example_local_kubernetes_executor.py for tasks to queue
[2023-08-23T21:49:27.768-0400] {logging_mixin.py:151} INFO - [2023-08-23T21:49:27.768-0400] {dagbag.py:539} INFO - Filling up the DagBag from /Users/mauri/Desktop/repositorio/apache-airflow-tutorial/env/lib/python3.11/site-packages/airflow/example_dags/example_local_kubernetes_executor.py
[2023-08-23T21:49:27.801-0400] {logging_mixin.py:151} INFO - [2023-08-23T21:49:27.801-0400] {example_local_kubernetes_executor.py:39} WARNING - Could not import DAGs in example_local_kubernetes_executor.py
Traceback (most recent call last):
  File "/Users/mauri/Desktop/repositorio/apache-airflow-tutorial/env/lib/python3.11/site-packages/airflow/example_dags/example_local_kubernetes_executor.py", line 37, in <module>
    from kubernetes.client import models as k8s
ModuleNotFoundError: No module named 'kubernetes'
[2023-08-23T21:49:27.801-0400] {logging_mixin.py:151} INFO - [2023-08-23T21:49:27.801-0400] {example_local_kubernetes_executor.py:40} WARNING - Install Kubernetes dependencies with: pip install apache-airflow[cncf.kubernetes]
[2023-08-23T21:49:27.801-0400] {processor.py:841} WARNING - No viable dags retrieved from /Users/mauri/Desktop/repositorio/apache-airflow-tutorial/env/lib/python3.11/site-packages/airflow/example_dags/example_local_kubernetes_executor.py
[2023-08-23T21:49:27.838-0400] {processor.py:179} INFO - Processing /Users/mauri/Desktop/repositorio/apache-airflow-tutorial/env/lib/python3.11/site-packages/airflow/example_dags/example_local_kubernetes_executor.py took 0.071 seconds
[2023-08-23T21:50:43.839-0400] {processor.py:157} INFO - Started process (PID=9547) to work on /Users/mauri/Desktop/repositorio/apache-airflow-tutorial/env/lib/python3.11/site-packages/airflow/example_dags/example_local_kubernetes_executor.py
[2023-08-23T21:50:43.842-0400] {processor.py:829} INFO - Processing file /Users/mauri/Desktop/repositorio/apache-airflow-tutorial/env/lib/python3.11/site-packages/airflow/example_dags/example_local_kubernetes_executor.py for tasks to queue
[2023-08-23T21:50:43.842-0400] {logging_mixin.py:151} INFO - [2023-08-23T21:50:43.842-0400] {dagbag.py:539} INFO - Filling up the DagBag from /Users/mauri/Desktop/repositorio/apache-airflow-tutorial/env/lib/python3.11/site-packages/airflow/example_dags/example_local_kubernetes_executor.py
[2023-08-23T21:50:43.872-0400] {logging_mixin.py:151} INFO - [2023-08-23T21:50:43.872-0400] {example_local_kubernetes_executor.py:39} WARNING - Could not import DAGs in example_local_kubernetes_executor.py
Traceback (most recent call last):
  File "/Users/mauri/Desktop/repositorio/apache-airflow-tutorial/env/lib/python3.11/site-packages/airflow/example_dags/example_local_kubernetes_executor.py", line 37, in <module>
    from kubernetes.client import models as k8s
ModuleNotFoundError: No module named 'kubernetes'
[2023-08-23T21:50:43.872-0400] {logging_mixin.py:151} INFO - [2023-08-23T21:50:43.872-0400] {example_local_kubernetes_executor.py:40} WARNING - Install Kubernetes dependencies with: pip install apache-airflow[cncf.kubernetes]
[2023-08-23T21:50:43.872-0400] {processor.py:841} WARNING - No viable dags retrieved from /Users/mauri/Desktop/repositorio/apache-airflow-tutorial/env/lib/python3.11/site-packages/airflow/example_dags/example_local_kubernetes_executor.py
[2023-08-23T21:50:43.905-0400] {processor.py:179} INFO - Processing /Users/mauri/Desktop/repositorio/apache-airflow-tutorial/env/lib/python3.11/site-packages/airflow/example_dags/example_local_kubernetes_executor.py took 0.065 seconds
[2023-08-23T21:51:57.983-0400] {processor.py:157} INFO - Started process (PID=9641) to work on /Users/mauri/Desktop/repositorio/apache-airflow-tutorial/env/lib/python3.11/site-packages/airflow/example_dags/example_local_kubernetes_executor.py
[2023-08-23T21:51:57.985-0400] {processor.py:829} INFO - Processing file /Users/mauri/Desktop/repositorio/apache-airflow-tutorial/env/lib/python3.11/site-packages/airflow/example_dags/example_local_kubernetes_executor.py for tasks to queue
[2023-08-23T21:51:57.985-0400] {logging_mixin.py:151} INFO - [2023-08-23T21:51:57.985-0400] {dagbag.py:539} INFO - Filling up the DagBag from /Users/mauri/Desktop/repositorio/apache-airflow-tutorial/env/lib/python3.11/site-packages/airflow/example_dags/example_local_kubernetes_executor.py
[2023-08-23T21:51:58.015-0400] {logging_mixin.py:151} INFO - [2023-08-23T21:51:58.015-0400] {example_local_kubernetes_executor.py:39} WARNING - Could not import DAGs in example_local_kubernetes_executor.py
Traceback (most recent call last):
  File "/Users/mauri/Desktop/repositorio/apache-airflow-tutorial/env/lib/python3.11/site-packages/airflow/example_dags/example_local_kubernetes_executor.py", line 37, in <module>
    from kubernetes.client import models as k8s
ModuleNotFoundError: No module named 'kubernetes'
[2023-08-23T21:51:58.015-0400] {logging_mixin.py:151} INFO - [2023-08-23T21:51:58.015-0400] {example_local_kubernetes_executor.py:40} WARNING - Install Kubernetes dependencies with: pip install apache-airflow[cncf.kubernetes]
[2023-08-23T21:51:58.015-0400] {processor.py:841} WARNING - No viable dags retrieved from /Users/mauri/Desktop/repositorio/apache-airflow-tutorial/env/lib/python3.11/site-packages/airflow/example_dags/example_local_kubernetes_executor.py
[2023-08-23T21:51:58.049-0400] {processor.py:179} INFO - Processing /Users/mauri/Desktop/repositorio/apache-airflow-tutorial/env/lib/python3.11/site-packages/airflow/example_dags/example_local_kubernetes_executor.py took 0.067 seconds
[2023-08-23T21:53:07.874-0400] {processor.py:157} INFO - Started process (PID=9709) to work on /Users/mauri/Desktop/repositorio/apache-airflow-tutorial/env/lib/python3.11/site-packages/airflow/example_dags/example_local_kubernetes_executor.py
[2023-08-23T21:53:07.875-0400] {processor.py:829} INFO - Processing file /Users/mauri/Desktop/repositorio/apache-airflow-tutorial/env/lib/python3.11/site-packages/airflow/example_dags/example_local_kubernetes_executor.py for tasks to queue
[2023-08-23T21:53:07.876-0400] {logging_mixin.py:151} INFO - [2023-08-23T21:53:07.876-0400] {dagbag.py:539} INFO - Filling up the DagBag from /Users/mauri/Desktop/repositorio/apache-airflow-tutorial/env/lib/python3.11/site-packages/airflow/example_dags/example_local_kubernetes_executor.py
[2023-08-23T21:53:07.906-0400] {logging_mixin.py:151} INFO - [2023-08-23T21:53:07.905-0400] {example_local_kubernetes_executor.py:39} WARNING - Could not import DAGs in example_local_kubernetes_executor.py
Traceback (most recent call last):
  File "/Users/mauri/Desktop/repositorio/apache-airflow-tutorial/env/lib/python3.11/site-packages/airflow/example_dags/example_local_kubernetes_executor.py", line 37, in <module>
    from kubernetes.client import models as k8s
ModuleNotFoundError: No module named 'kubernetes'
[2023-08-23T21:53:07.906-0400] {logging_mixin.py:151} INFO - [2023-08-23T21:53:07.906-0400] {example_local_kubernetes_executor.py:40} WARNING - Install Kubernetes dependencies with: pip install apache-airflow[cncf.kubernetes]
[2023-08-23T21:53:07.906-0400] {processor.py:841} WARNING - No viable dags retrieved from /Users/mauri/Desktop/repositorio/apache-airflow-tutorial/env/lib/python3.11/site-packages/airflow/example_dags/example_local_kubernetes_executor.py
[2023-08-23T21:53:07.941-0400] {processor.py:179} INFO - Processing /Users/mauri/Desktop/repositorio/apache-airflow-tutorial/env/lib/python3.11/site-packages/airflow/example_dags/example_local_kubernetes_executor.py took 0.067 seconds
[2023-08-23T21:54:19.068-0400] {processor.py:157} INFO - Started process (PID=9774) to work on /Users/mauri/Desktop/repositorio/apache-airflow-tutorial/env/lib/python3.11/site-packages/airflow/example_dags/example_local_kubernetes_executor.py
[2023-08-23T21:54:19.069-0400] {processor.py:829} INFO - Processing file /Users/mauri/Desktop/repositorio/apache-airflow-tutorial/env/lib/python3.11/site-packages/airflow/example_dags/example_local_kubernetes_executor.py for tasks to queue
[2023-08-23T21:54:19.069-0400] {logging_mixin.py:151} INFO - [2023-08-23T21:54:19.069-0400] {dagbag.py:539} INFO - Filling up the DagBag from /Users/mauri/Desktop/repositorio/apache-airflow-tutorial/env/lib/python3.11/site-packages/airflow/example_dags/example_local_kubernetes_executor.py
[2023-08-23T21:54:19.099-0400] {logging_mixin.py:151} INFO - [2023-08-23T21:54:19.099-0400] {example_local_kubernetes_executor.py:39} WARNING - Could not import DAGs in example_local_kubernetes_executor.py
Traceback (most recent call last):
  File "/Users/mauri/Desktop/repositorio/apache-airflow-tutorial/env/lib/python3.11/site-packages/airflow/example_dags/example_local_kubernetes_executor.py", line 37, in <module>
    from kubernetes.client import models as k8s
ModuleNotFoundError: No module named 'kubernetes'
[2023-08-23T21:54:19.099-0400] {logging_mixin.py:151} INFO - [2023-08-23T21:54:19.099-0400] {example_local_kubernetes_executor.py:40} WARNING - Install Kubernetes dependencies with: pip install apache-airflow[cncf.kubernetes]
[2023-08-23T21:54:19.099-0400] {processor.py:841} WARNING - No viable dags retrieved from /Users/mauri/Desktop/repositorio/apache-airflow-tutorial/env/lib/python3.11/site-packages/airflow/example_dags/example_local_kubernetes_executor.py
[2023-08-23T21:54:19.132-0400] {processor.py:179} INFO - Processing /Users/mauri/Desktop/repositorio/apache-airflow-tutorial/env/lib/python3.11/site-packages/airflow/example_dags/example_local_kubernetes_executor.py took 0.064 seconds
[2023-08-23T21:55:32.085-0400] {processor.py:157} INFO - Started process (PID=9842) to work on /Users/mauri/Desktop/repositorio/apache-airflow-tutorial/env/lib/python3.11/site-packages/airflow/example_dags/example_local_kubernetes_executor.py
[2023-08-23T21:55:32.086-0400] {processor.py:829} INFO - Processing file /Users/mauri/Desktop/repositorio/apache-airflow-tutorial/env/lib/python3.11/site-packages/airflow/example_dags/example_local_kubernetes_executor.py for tasks to queue
[2023-08-23T21:55:32.087-0400] {logging_mixin.py:151} INFO - [2023-08-23T21:55:32.087-0400] {dagbag.py:539} INFO - Filling up the DagBag from /Users/mauri/Desktop/repositorio/apache-airflow-tutorial/env/lib/python3.11/site-packages/airflow/example_dags/example_local_kubernetes_executor.py
[2023-08-23T21:55:32.115-0400] {logging_mixin.py:151} INFO - [2023-08-23T21:55:32.115-0400] {example_local_kubernetes_executor.py:39} WARNING - Could not import DAGs in example_local_kubernetes_executor.py
Traceback (most recent call last):
  File "/Users/mauri/Desktop/repositorio/apache-airflow-tutorial/env/lib/python3.11/site-packages/airflow/example_dags/example_local_kubernetes_executor.py", line 37, in <module>
    from kubernetes.client import models as k8s
ModuleNotFoundError: No module named 'kubernetes'
[2023-08-23T21:55:32.115-0400] {logging_mixin.py:151} INFO - [2023-08-23T21:55:32.115-0400] {example_local_kubernetes_executor.py:40} WARNING - Install Kubernetes dependencies with: pip install apache-airflow[cncf.kubernetes]
[2023-08-23T21:55:32.115-0400] {processor.py:841} WARNING - No viable dags retrieved from /Users/mauri/Desktop/repositorio/apache-airflow-tutorial/env/lib/python3.11/site-packages/airflow/example_dags/example_local_kubernetes_executor.py
[2023-08-23T21:55:32.148-0400] {processor.py:179} INFO - Processing /Users/mauri/Desktop/repositorio/apache-airflow-tutorial/env/lib/python3.11/site-packages/airflow/example_dags/example_local_kubernetes_executor.py took 0.063 seconds
[2023-08-23T21:56:45.186-0400] {processor.py:157} INFO - Started process (PID=9909) to work on /Users/mauri/Desktop/repositorio/apache-airflow-tutorial/env/lib/python3.11/site-packages/airflow/example_dags/example_local_kubernetes_executor.py
[2023-08-23T21:56:45.187-0400] {processor.py:829} INFO - Processing file /Users/mauri/Desktop/repositorio/apache-airflow-tutorial/env/lib/python3.11/site-packages/airflow/example_dags/example_local_kubernetes_executor.py for tasks to queue
[2023-08-23T21:56:45.187-0400] {logging_mixin.py:151} INFO - [2023-08-23T21:56:45.187-0400] {dagbag.py:539} INFO - Filling up the DagBag from /Users/mauri/Desktop/repositorio/apache-airflow-tutorial/env/lib/python3.11/site-packages/airflow/example_dags/example_local_kubernetes_executor.py
[2023-08-23T21:56:45.217-0400] {logging_mixin.py:151} INFO - [2023-08-23T21:56:45.217-0400] {example_local_kubernetes_executor.py:39} WARNING - Could not import DAGs in example_local_kubernetes_executor.py
Traceback (most recent call last):
  File "/Users/mauri/Desktop/repositorio/apache-airflow-tutorial/env/lib/python3.11/site-packages/airflow/example_dags/example_local_kubernetes_executor.py", line 37, in <module>
    from kubernetes.client import models as k8s
ModuleNotFoundError: No module named 'kubernetes'
[2023-08-23T21:56:45.218-0400] {logging_mixin.py:151} INFO - [2023-08-23T21:56:45.217-0400] {example_local_kubernetes_executor.py:40} WARNING - Install Kubernetes dependencies with: pip install apache-airflow[cncf.kubernetes]
[2023-08-23T21:56:45.218-0400] {processor.py:841} WARNING - No viable dags retrieved from /Users/mauri/Desktop/repositorio/apache-airflow-tutorial/env/lib/python3.11/site-packages/airflow/example_dags/example_local_kubernetes_executor.py
[2023-08-23T21:56:45.250-0400] {processor.py:179} INFO - Processing /Users/mauri/Desktop/repositorio/apache-airflow-tutorial/env/lib/python3.11/site-packages/airflow/example_dags/example_local_kubernetes_executor.py took 0.065 seconds
[2023-08-23T21:58:01.434-0400] {processor.py:157} INFO - Started process (PID=9972) to work on /Users/mauri/Desktop/repositorio/apache-airflow-tutorial/env/lib/python3.11/site-packages/airflow/example_dags/example_local_kubernetes_executor.py
[2023-08-23T21:58:01.435-0400] {processor.py:829} INFO - Processing file /Users/mauri/Desktop/repositorio/apache-airflow-tutorial/env/lib/python3.11/site-packages/airflow/example_dags/example_local_kubernetes_executor.py for tasks to queue
[2023-08-23T21:58:01.435-0400] {logging_mixin.py:151} INFO - [2023-08-23T21:58:01.435-0400] {dagbag.py:539} INFO - Filling up the DagBag from /Users/mauri/Desktop/repositorio/apache-airflow-tutorial/env/lib/python3.11/site-packages/airflow/example_dags/example_local_kubernetes_executor.py
[2023-08-23T21:58:01.464-0400] {logging_mixin.py:151} INFO - [2023-08-23T21:58:01.464-0400] {example_local_kubernetes_executor.py:39} WARNING - Could not import DAGs in example_local_kubernetes_executor.py
Traceback (most recent call last):
  File "/Users/mauri/Desktop/repositorio/apache-airflow-tutorial/env/lib/python3.11/site-packages/airflow/example_dags/example_local_kubernetes_executor.py", line 37, in <module>
    from kubernetes.client import models as k8s
ModuleNotFoundError: No module named 'kubernetes'
[2023-08-23T21:58:01.464-0400] {logging_mixin.py:151} INFO - [2023-08-23T21:58:01.464-0400] {example_local_kubernetes_executor.py:40} WARNING - Install Kubernetes dependencies with: pip install apache-airflow[cncf.kubernetes]
[2023-08-23T21:58:01.464-0400] {processor.py:841} WARNING - No viable dags retrieved from /Users/mauri/Desktop/repositorio/apache-airflow-tutorial/env/lib/python3.11/site-packages/airflow/example_dags/example_local_kubernetes_executor.py
[2023-08-23T21:58:01.497-0400] {processor.py:179} INFO - Processing /Users/mauri/Desktop/repositorio/apache-airflow-tutorial/env/lib/python3.11/site-packages/airflow/example_dags/example_local_kubernetes_executor.py took 0.064 seconds
[2023-08-23T21:59:16.533-0400] {processor.py:157} INFO - Started process (PID=10041) to work on /Users/mauri/Desktop/repositorio/apache-airflow-tutorial/env/lib/python3.11/site-packages/airflow/example_dags/example_local_kubernetes_executor.py
[2023-08-23T21:59:16.535-0400] {processor.py:829} INFO - Processing file /Users/mauri/Desktop/repositorio/apache-airflow-tutorial/env/lib/python3.11/site-packages/airflow/example_dags/example_local_kubernetes_executor.py for tasks to queue
[2023-08-23T21:59:16.535-0400] {logging_mixin.py:151} INFO - [2023-08-23T21:59:16.535-0400] {dagbag.py:539} INFO - Filling up the DagBag from /Users/mauri/Desktop/repositorio/apache-airflow-tutorial/env/lib/python3.11/site-packages/airflow/example_dags/example_local_kubernetes_executor.py
[2023-08-23T21:59:16.569-0400] {logging_mixin.py:151} INFO - [2023-08-23T21:59:16.569-0400] {example_local_kubernetes_executor.py:39} WARNING - Could not import DAGs in example_local_kubernetes_executor.py
Traceback (most recent call last):
  File "/Users/mauri/Desktop/repositorio/apache-airflow-tutorial/env/lib/python3.11/site-packages/airflow/example_dags/example_local_kubernetes_executor.py", line 37, in <module>
    from kubernetes.client import models as k8s
ModuleNotFoundError: No module named 'kubernetes'
[2023-08-23T21:59:16.569-0400] {logging_mixin.py:151} INFO - [2023-08-23T21:59:16.569-0400] {example_local_kubernetes_executor.py:40} WARNING - Install Kubernetes dependencies with: pip install apache-airflow[cncf.kubernetes]
[2023-08-23T21:59:16.569-0400] {processor.py:841} WARNING - No viable dags retrieved from /Users/mauri/Desktop/repositorio/apache-airflow-tutorial/env/lib/python3.11/site-packages/airflow/example_dags/example_local_kubernetes_executor.py
[2023-08-23T21:59:16.605-0400] {processor.py:179} INFO - Processing /Users/mauri/Desktop/repositorio/apache-airflow-tutorial/env/lib/python3.11/site-packages/airflow/example_dags/example_local_kubernetes_executor.py took 0.072 seconds
