[2023-08-23T21:34:19.691-0400] {processor.py:157} INFO - Started process (PID=8513) to work on /Users/mauri/Desktop/repositorio/apache-airflow-tutorial/env/lib/python3.11/site-packages/airflow/example_dags/example_sla_dag.py
[2023-08-23T21:34:19.693-0400] {processor.py:829} INFO - Processing file /Users/mauri/Desktop/repositorio/apache-airflow-tutorial/env/lib/python3.11/site-packages/airflow/example_dags/example_sla_dag.py for tasks to queue
[2023-08-23T21:34:19.693-0400] {logging_mixin.py:151} INFO - [2023-08-23T21:34:19.693-0400] {dagbag.py:539} INFO - Filling up the DagBag from /Users/mauri/Desktop/repositorio/apache-airflow-tutorial/env/lib/python3.11/site-packages/airflow/example_dags/example_sla_dag.py
[2023-08-23T21:34:19.726-0400] {processor.py:839} INFO - DAG(s) dict_keys(['example_sla_dag']) retrieved from /Users/mauri/Desktop/repositorio/apache-airflow-tutorial/env/lib/python3.11/site-packages/airflow/example_dags/example_sla_dag.py
[2023-08-23T21:34:20.027-0400] {logging_mixin.py:151} INFO - [2023-08-23T21:34:20.026-0400] {manager.py:501} INFO - Created Permission View: can edit on DAG:example_sla_dag
[2023-08-23T21:34:20.030-0400] {logging_mixin.py:151} INFO - [2023-08-23T21:34:20.029-0400] {manager.py:501} INFO - Created Permission View: can delete on DAG:example_sla_dag
[2023-08-23T21:34:20.031-0400] {logging_mixin.py:151} INFO - [2023-08-23T21:34:20.031-0400] {manager.py:501} INFO - Created Permission View: can read on DAG:example_sla_dag
[2023-08-23T21:34:20.035-0400] {logging_mixin.py:151} INFO - [2023-08-23T21:34:20.035-0400] {dag.py:2907} INFO - Sync 1 DAGs
[2023-08-23T21:34:20.037-0400] {logging_mixin.py:151} INFO - [2023-08-23T21:34:20.037-0400] {dag.py:2929} INFO - Creating ORM DAG for example_sla_dag
[2023-08-23T21:34:20.041-0400] {logging_mixin.py:151} INFO - [2023-08-23T21:34:20.041-0400] {dag.py:3677} INFO - Setting next_dagrun for example_sla_dag to 2023-08-24T01:32:00+00:00, run_after=2023-08-24T01:34:00+00:00
[2023-08-23T21:34:20.046-0400] {processor.py:179} INFO - Processing /Users/mauri/Desktop/repositorio/apache-airflow-tutorial/env/lib/python3.11/site-packages/airflow/example_dags/example_sla_dag.py took 0.355 seconds
[2023-08-23T21:35:36.275-0400] {processor.py:157} INFO - Started process (PID=8566) to work on /Users/mauri/Desktop/repositorio/apache-airflow-tutorial/env/lib/python3.11/site-packages/airflow/example_dags/example_sla_dag.py
[2023-08-23T21:35:36.277-0400] {processor.py:829} INFO - Processing file /Users/mauri/Desktop/repositorio/apache-airflow-tutorial/env/lib/python3.11/site-packages/airflow/example_dags/example_sla_dag.py for tasks to queue
[2023-08-23T21:35:36.277-0400] {logging_mixin.py:151} INFO - [2023-08-23T21:35:36.277-0400] {dagbag.py:539} INFO - Filling up the DagBag from /Users/mauri/Desktop/repositorio/apache-airflow-tutorial/env/lib/python3.11/site-packages/airflow/example_dags/example_sla_dag.py
[2023-08-23T21:35:36.311-0400] {processor.py:839} INFO - DAG(s) dict_keys(['example_sla_dag']) retrieved from /Users/mauri/Desktop/repositorio/apache-airflow-tutorial/env/lib/python3.11/site-packages/airflow/example_dags/example_sla_dag.py
[2023-08-23T21:35:36.364-0400] {logging_mixin.py:151} INFO - [2023-08-23T21:35:36.364-0400] {dag.py:2907} INFO - Sync 1 DAGs
[2023-08-23T21:35:36.370-0400] {logging_mixin.py:151} INFO - [2023-08-23T21:35:36.370-0400] {dag.py:3677} INFO - Setting next_dagrun for example_sla_dag to 2023-08-24T01:32:00+00:00, run_after=2023-08-24T01:34:00+00:00
[2023-08-23T21:35:36.377-0400] {processor.py:179} INFO - Processing /Users/mauri/Desktop/repositorio/apache-airflow-tutorial/env/lib/python3.11/site-packages/airflow/example_dags/example_sla_dag.py took 0.102 seconds
[2023-08-23T21:36:49.208-0400] {processor.py:157} INFO - Started process (PID=8636) to work on /Users/mauri/Desktop/repositorio/apache-airflow-tutorial/env/lib/python3.11/site-packages/airflow/example_dags/example_sla_dag.py
[2023-08-23T21:36:49.210-0400] {processor.py:829} INFO - Processing file /Users/mauri/Desktop/repositorio/apache-airflow-tutorial/env/lib/python3.11/site-packages/airflow/example_dags/example_sla_dag.py for tasks to queue
[2023-08-23T21:36:49.210-0400] {logging_mixin.py:151} INFO - [2023-08-23T21:36:49.210-0400] {dagbag.py:539} INFO - Filling up the DagBag from /Users/mauri/Desktop/repositorio/apache-airflow-tutorial/env/lib/python3.11/site-packages/airflow/example_dags/example_sla_dag.py
[2023-08-23T21:36:49.242-0400] {processor.py:839} INFO - DAG(s) dict_keys(['example_sla_dag']) retrieved from /Users/mauri/Desktop/repositorio/apache-airflow-tutorial/env/lib/python3.11/site-packages/airflow/example_dags/example_sla_dag.py
[2023-08-23T21:36:49.294-0400] {logging_mixin.py:151} INFO - [2023-08-23T21:36:49.294-0400] {dag.py:2907} INFO - Sync 1 DAGs
[2023-08-23T21:36:49.300-0400] {logging_mixin.py:151} INFO - [2023-08-23T21:36:49.300-0400] {dag.py:3677} INFO - Setting next_dagrun for example_sla_dag to 2023-08-24T01:34:00+00:00, run_after=2023-08-24T01:36:00+00:00
[2023-08-23T21:36:49.307-0400] {processor.py:179} INFO - Processing /Users/mauri/Desktop/repositorio/apache-airflow-tutorial/env/lib/python3.11/site-packages/airflow/example_dags/example_sla_dag.py took 0.100 seconds
[2023-08-23T21:38:03.684-0400] {processor.py:157} INFO - Started process (PID=8695) to work on /Users/mauri/Desktop/repositorio/apache-airflow-tutorial/env/lib/python3.11/site-packages/airflow/example_dags/example_sla_dag.py
[2023-08-23T21:38:03.686-0400] {processor.py:829} INFO - Processing file /Users/mauri/Desktop/repositorio/apache-airflow-tutorial/env/lib/python3.11/site-packages/airflow/example_dags/example_sla_dag.py for tasks to queue
[2023-08-23T21:38:03.687-0400] {logging_mixin.py:151} INFO - [2023-08-23T21:38:03.687-0400] {dagbag.py:539} INFO - Filling up the DagBag from /Users/mauri/Desktop/repositorio/apache-airflow-tutorial/env/lib/python3.11/site-packages/airflow/example_dags/example_sla_dag.py
[2023-08-23T21:38:03.718-0400] {processor.py:839} INFO - DAG(s) dict_keys(['example_sla_dag']) retrieved from /Users/mauri/Desktop/repositorio/apache-airflow-tutorial/env/lib/python3.11/site-packages/airflow/example_dags/example_sla_dag.py
[2023-08-23T21:38:03.771-0400] {logging_mixin.py:151} INFO - [2023-08-23T21:38:03.771-0400] {dag.py:2907} INFO - Sync 1 DAGs
[2023-08-23T21:38:03.777-0400] {logging_mixin.py:151} INFO - [2023-08-23T21:38:03.777-0400] {dag.py:3677} INFO - Setting next_dagrun for example_sla_dag to 2023-08-24T01:36:00+00:00, run_after=2023-08-24T01:38:00+00:00
[2023-08-23T21:38:03.785-0400] {processor.py:179} INFO - Processing /Users/mauri/Desktop/repositorio/apache-airflow-tutorial/env/lib/python3.11/site-packages/airflow/example_dags/example_sla_dag.py took 0.101 seconds
[2023-08-23T21:39:19.729-0400] {processor.py:157} INFO - Started process (PID=8771) to work on /Users/mauri/Desktop/repositorio/apache-airflow-tutorial/env/lib/python3.11/site-packages/airflow/example_dags/example_sla_dag.py
[2023-08-23T21:39:19.731-0400] {processor.py:829} INFO - Processing file /Users/mauri/Desktop/repositorio/apache-airflow-tutorial/env/lib/python3.11/site-packages/airflow/example_dags/example_sla_dag.py for tasks to queue
[2023-08-23T21:39:19.731-0400] {logging_mixin.py:151} INFO - [2023-08-23T21:39:19.731-0400] {dagbag.py:539} INFO - Filling up the DagBag from /Users/mauri/Desktop/repositorio/apache-airflow-tutorial/env/lib/python3.11/site-packages/airflow/example_dags/example_sla_dag.py
[2023-08-23T21:39:19.763-0400] {processor.py:839} INFO - DAG(s) dict_keys(['example_sla_dag']) retrieved from /Users/mauri/Desktop/repositorio/apache-airflow-tutorial/env/lib/python3.11/site-packages/airflow/example_dags/example_sla_dag.py
[2023-08-23T21:39:19.816-0400] {logging_mixin.py:151} INFO - [2023-08-23T21:39:19.816-0400] {dag.py:2907} INFO - Sync 1 DAGs
[2023-08-23T21:39:19.822-0400] {logging_mixin.py:151} INFO - [2023-08-23T21:39:19.822-0400] {dag.py:3677} INFO - Setting next_dagrun for example_sla_dag to 2023-08-24T01:36:00+00:00, run_after=2023-08-24T01:38:00+00:00
[2023-08-23T21:39:19.829-0400] {processor.py:179} INFO - Processing /Users/mauri/Desktop/repositorio/apache-airflow-tutorial/env/lib/python3.11/site-packages/airflow/example_dags/example_sla_dag.py took 0.100 seconds
[2023-08-23T21:40:33.390-0400] {processor.py:157} INFO - Started process (PID=8832) to work on /Users/mauri/Desktop/repositorio/apache-airflow-tutorial/env/lib/python3.11/site-packages/airflow/example_dags/example_sla_dag.py
[2023-08-23T21:40:33.391-0400] {processor.py:829} INFO - Processing file /Users/mauri/Desktop/repositorio/apache-airflow-tutorial/env/lib/python3.11/site-packages/airflow/example_dags/example_sla_dag.py for tasks to queue
[2023-08-23T21:40:33.391-0400] {logging_mixin.py:151} INFO - [2023-08-23T21:40:33.391-0400] {dagbag.py:539} INFO - Filling up the DagBag from /Users/mauri/Desktop/repositorio/apache-airflow-tutorial/env/lib/python3.11/site-packages/airflow/example_dags/example_sla_dag.py
[2023-08-23T21:40:33.423-0400] {processor.py:839} INFO - DAG(s) dict_keys(['example_sla_dag']) retrieved from /Users/mauri/Desktop/repositorio/apache-airflow-tutorial/env/lib/python3.11/site-packages/airflow/example_dags/example_sla_dag.py
[2023-08-23T21:40:33.478-0400] {logging_mixin.py:151} INFO - [2023-08-23T21:40:33.478-0400] {dag.py:2907} INFO - Sync 1 DAGs
[2023-08-23T21:40:33.485-0400] {logging_mixin.py:151} INFO - [2023-08-23T21:40:33.485-0400] {dag.py:3677} INFO - Setting next_dagrun for example_sla_dag to 2023-08-24T01:38:00+00:00, run_after=2023-08-24T01:40:00+00:00
[2023-08-23T21:40:33.493-0400] {processor.py:179} INFO - Processing /Users/mauri/Desktop/repositorio/apache-airflow-tutorial/env/lib/python3.11/site-packages/airflow/example_dags/example_sla_dag.py took 0.103 seconds
[2023-08-23T21:41:46.820-0400] {processor.py:157} INFO - Started process (PID=8891) to work on /Users/mauri/Desktop/repositorio/apache-airflow-tutorial/env/lib/python3.11/site-packages/airflow/example_dags/example_sla_dag.py
[2023-08-23T21:41:46.821-0400] {processor.py:829} INFO - Processing file /Users/mauri/Desktop/repositorio/apache-airflow-tutorial/env/lib/python3.11/site-packages/airflow/example_dags/example_sla_dag.py for tasks to queue
[2023-08-23T21:41:46.821-0400] {logging_mixin.py:151} INFO - [2023-08-23T21:41:46.821-0400] {dagbag.py:539} INFO - Filling up the DagBag from /Users/mauri/Desktop/repositorio/apache-airflow-tutorial/env/lib/python3.11/site-packages/airflow/example_dags/example_sla_dag.py
[2023-08-23T21:41:46.854-0400] {processor.py:839} INFO - DAG(s) dict_keys(['example_sla_dag']) retrieved from /Users/mauri/Desktop/repositorio/apache-airflow-tutorial/env/lib/python3.11/site-packages/airflow/example_dags/example_sla_dag.py
[2023-08-23T21:41:46.906-0400] {logging_mixin.py:151} INFO - [2023-08-23T21:41:46.906-0400] {dag.py:2907} INFO - Sync 1 DAGs
[2023-08-23T21:41:46.912-0400] {logging_mixin.py:151} INFO - [2023-08-23T21:41:46.912-0400] {dag.py:3677} INFO - Setting next_dagrun for example_sla_dag to 2023-08-24T01:38:00+00:00, run_after=2023-08-24T01:40:00+00:00
[2023-08-23T21:41:46.920-0400] {processor.py:179} INFO - Processing /Users/mauri/Desktop/repositorio/apache-airflow-tutorial/env/lib/python3.11/site-packages/airflow/example_dags/example_sla_dag.py took 0.100 seconds
[2023-08-23T21:42:59.199-0400] {processor.py:157} INFO - Started process (PID=8956) to work on /Users/mauri/Desktop/repositorio/apache-airflow-tutorial/env/lib/python3.11/site-packages/airflow/example_dags/example_sla_dag.py
[2023-08-23T21:42:59.200-0400] {processor.py:829} INFO - Processing file /Users/mauri/Desktop/repositorio/apache-airflow-tutorial/env/lib/python3.11/site-packages/airflow/example_dags/example_sla_dag.py for tasks to queue
[2023-08-23T21:42:59.200-0400] {logging_mixin.py:151} INFO - [2023-08-23T21:42:59.200-0400] {dagbag.py:539} INFO - Filling up the DagBag from /Users/mauri/Desktop/repositorio/apache-airflow-tutorial/env/lib/python3.11/site-packages/airflow/example_dags/example_sla_dag.py
[2023-08-23T21:42:59.232-0400] {processor.py:839} INFO - DAG(s) dict_keys(['example_sla_dag']) retrieved from /Users/mauri/Desktop/repositorio/apache-airflow-tutorial/env/lib/python3.11/site-packages/airflow/example_dags/example_sla_dag.py
[2023-08-23T21:42:59.284-0400] {logging_mixin.py:151} INFO - [2023-08-23T21:42:59.284-0400] {dag.py:2907} INFO - Sync 1 DAGs
[2023-08-23T21:42:59.290-0400] {logging_mixin.py:151} INFO - [2023-08-23T21:42:59.290-0400] {dag.py:3677} INFO - Setting next_dagrun for example_sla_dag to 2023-08-24T01:40:00+00:00, run_after=2023-08-24T01:42:00+00:00
[2023-08-23T21:42:59.297-0400] {processor.py:179} INFO - Processing /Users/mauri/Desktop/repositorio/apache-airflow-tutorial/env/lib/python3.11/site-packages/airflow/example_dags/example_sla_dag.py took 0.099 seconds
[2023-08-23T21:44:08.206-0400] {processor.py:157} INFO - Started process (PID=9020) to work on /Users/mauri/Desktop/repositorio/apache-airflow-tutorial/env/lib/python3.11/site-packages/airflow/example_dags/example_sla_dag.py
[2023-08-23T21:44:08.208-0400] {processor.py:829} INFO - Processing file /Users/mauri/Desktop/repositorio/apache-airflow-tutorial/env/lib/python3.11/site-packages/airflow/example_dags/example_sla_dag.py for tasks to queue
[2023-08-23T21:44:08.208-0400] {logging_mixin.py:151} INFO - [2023-08-23T21:44:08.208-0400] {dagbag.py:539} INFO - Filling up the DagBag from /Users/mauri/Desktop/repositorio/apache-airflow-tutorial/env/lib/python3.11/site-packages/airflow/example_dags/example_sla_dag.py
[2023-08-23T21:44:08.239-0400] {processor.py:839} INFO - DAG(s) dict_keys(['example_sla_dag']) retrieved from /Users/mauri/Desktop/repositorio/apache-airflow-tutorial/env/lib/python3.11/site-packages/airflow/example_dags/example_sla_dag.py
[2023-08-23T21:44:08.291-0400] {logging_mixin.py:151} INFO - [2023-08-23T21:44:08.291-0400] {dag.py:2907} INFO - Sync 1 DAGs
[2023-08-23T21:44:08.297-0400] {logging_mixin.py:151} INFO - [2023-08-23T21:44:08.297-0400] {dag.py:3677} INFO - Setting next_dagrun for example_sla_dag to 2023-08-24T01:42:00+00:00, run_after=2023-08-24T01:44:00+00:00
[2023-08-23T21:44:08.304-0400] {processor.py:179} INFO - Processing /Users/mauri/Desktop/repositorio/apache-airflow-tutorial/env/lib/python3.11/site-packages/airflow/example_dags/example_sla_dag.py took 0.098 seconds
[2023-08-23T21:45:22.940-0400] {processor.py:157} INFO - Started process (PID=9098) to work on /Users/mauri/Desktop/repositorio/apache-airflow-tutorial/env/lib/python3.11/site-packages/airflow/example_dags/example_sla_dag.py
[2023-08-23T21:45:22.942-0400] {processor.py:829} INFO - Processing file /Users/mauri/Desktop/repositorio/apache-airflow-tutorial/env/lib/python3.11/site-packages/airflow/example_dags/example_sla_dag.py for tasks to queue
[2023-08-23T21:45:22.942-0400] {logging_mixin.py:151} INFO - [2023-08-23T21:45:22.942-0400] {dagbag.py:539} INFO - Filling up the DagBag from /Users/mauri/Desktop/repositorio/apache-airflow-tutorial/env/lib/python3.11/site-packages/airflow/example_dags/example_sla_dag.py
[2023-08-23T21:45:22.974-0400] {processor.py:839} INFO - DAG(s) dict_keys(['example_sla_dag']) retrieved from /Users/mauri/Desktop/repositorio/apache-airflow-tutorial/env/lib/python3.11/site-packages/airflow/example_dags/example_sla_dag.py
[2023-08-23T21:45:23.026-0400] {logging_mixin.py:151} INFO - [2023-08-23T21:45:23.026-0400] {dag.py:2907} INFO - Sync 1 DAGs
[2023-08-23T21:45:23.032-0400] {logging_mixin.py:151} INFO - [2023-08-23T21:45:23.032-0400] {dag.py:3677} INFO - Setting next_dagrun for example_sla_dag to 2023-08-24T01:42:00+00:00, run_after=2023-08-24T01:44:00+00:00
[2023-08-23T21:45:23.039-0400] {processor.py:179} INFO - Processing /Users/mauri/Desktop/repositorio/apache-airflow-tutorial/env/lib/python3.11/site-packages/airflow/example_dags/example_sla_dag.py took 0.099 seconds
[2023-08-23T21:46:34.132-0400] {processor.py:157} INFO - Started process (PID=9227) to work on /Users/mauri/Desktop/repositorio/apache-airflow-tutorial/env/lib/python3.11/site-packages/airflow/example_dags/example_sla_dag.py
[2023-08-23T21:46:34.134-0400] {processor.py:829} INFO - Processing file /Users/mauri/Desktop/repositorio/apache-airflow-tutorial/env/lib/python3.11/site-packages/airflow/example_dags/example_sla_dag.py for tasks to queue
[2023-08-23T21:46:34.134-0400] {logging_mixin.py:151} INFO - [2023-08-23T21:46:34.134-0400] {dagbag.py:539} INFO - Filling up the DagBag from /Users/mauri/Desktop/repositorio/apache-airflow-tutorial/env/lib/python3.11/site-packages/airflow/example_dags/example_sla_dag.py
[2023-08-23T21:46:34.165-0400] {processor.py:839} INFO - DAG(s) dict_keys(['example_sla_dag']) retrieved from /Users/mauri/Desktop/repositorio/apache-airflow-tutorial/env/lib/python3.11/site-packages/airflow/example_dags/example_sla_dag.py
[2023-08-23T21:46:34.217-0400] {logging_mixin.py:151} INFO - [2023-08-23T21:46:34.217-0400] {dag.py:2907} INFO - Sync 1 DAGs
[2023-08-23T21:46:34.223-0400] {logging_mixin.py:151} INFO - [2023-08-23T21:46:34.223-0400] {dag.py:3677} INFO - Setting next_dagrun for example_sla_dag to 2023-08-24T01:44:00+00:00, run_after=2023-08-24T01:46:00+00:00
[2023-08-23T21:46:34.230-0400] {processor.py:179} INFO - Processing /Users/mauri/Desktop/repositorio/apache-airflow-tutorial/env/lib/python3.11/site-packages/airflow/example_dags/example_sla_dag.py took 0.098 seconds
[2023-08-23T21:47:44.639-0400] {processor.py:157} INFO - Started process (PID=9356) to work on /Users/mauri/Desktop/repositorio/apache-airflow-tutorial/env/lib/python3.11/site-packages/airflow/example_dags/example_sla_dag.py
[2023-08-23T21:47:44.641-0400] {processor.py:829} INFO - Processing file /Users/mauri/Desktop/repositorio/apache-airflow-tutorial/env/lib/python3.11/site-packages/airflow/example_dags/example_sla_dag.py for tasks to queue
[2023-08-23T21:47:44.641-0400] {logging_mixin.py:151} INFO - [2023-08-23T21:47:44.641-0400] {dagbag.py:539} INFO - Filling up the DagBag from /Users/mauri/Desktop/repositorio/apache-airflow-tutorial/env/lib/python3.11/site-packages/airflow/example_dags/example_sla_dag.py
[2023-08-23T21:47:44.672-0400] {processor.py:839} INFO - DAG(s) dict_keys(['example_sla_dag']) retrieved from /Users/mauri/Desktop/repositorio/apache-airflow-tutorial/env/lib/python3.11/site-packages/airflow/example_dags/example_sla_dag.py
[2023-08-23T21:47:44.724-0400] {logging_mixin.py:151} INFO - [2023-08-23T21:47:44.724-0400] {dag.py:2907} INFO - Sync 1 DAGs
[2023-08-23T21:47:44.730-0400] {logging_mixin.py:151} INFO - [2023-08-23T21:47:44.730-0400] {dag.py:3677} INFO - Setting next_dagrun for example_sla_dag to 2023-08-24T01:44:00+00:00, run_after=2023-08-24T01:46:00+00:00
[2023-08-23T21:47:44.737-0400] {processor.py:179} INFO - Processing /Users/mauri/Desktop/repositorio/apache-airflow-tutorial/env/lib/python3.11/site-packages/airflow/example_dags/example_sla_dag.py took 0.098 seconds
[2023-08-23T21:48:57.797-0400] {processor.py:157} INFO - Started process (PID=9446) to work on /Users/mauri/Desktop/repositorio/apache-airflow-tutorial/env/lib/python3.11/site-packages/airflow/example_dags/example_sla_dag.py
[2023-08-23T21:48:57.798-0400] {processor.py:829} INFO - Processing file /Users/mauri/Desktop/repositorio/apache-airflow-tutorial/env/lib/python3.11/site-packages/airflow/example_dags/example_sla_dag.py for tasks to queue
[2023-08-23T21:48:57.798-0400] {logging_mixin.py:151} INFO - [2023-08-23T21:48:57.798-0400] {dagbag.py:539} INFO - Filling up the DagBag from /Users/mauri/Desktop/repositorio/apache-airflow-tutorial/env/lib/python3.11/site-packages/airflow/example_dags/example_sla_dag.py
[2023-08-23T21:48:57.834-0400] {processor.py:839} INFO - DAG(s) dict_keys(['example_sla_dag']) retrieved from /Users/mauri/Desktop/repositorio/apache-airflow-tutorial/env/lib/python3.11/site-packages/airflow/example_dags/example_sla_dag.py
[2023-08-23T21:48:57.892-0400] {logging_mixin.py:151} INFO - [2023-08-23T21:48:57.892-0400] {dag.py:2907} INFO - Sync 1 DAGs
[2023-08-23T21:48:57.898-0400] {logging_mixin.py:151} INFO - [2023-08-23T21:48:57.898-0400] {dag.py:3677} INFO - Setting next_dagrun for example_sla_dag to 2023-08-24T01:46:00+00:00, run_after=2023-08-24T01:48:00+00:00
[2023-08-23T21:48:57.906-0400] {processor.py:179} INFO - Processing /Users/mauri/Desktop/repositorio/apache-airflow-tutorial/env/lib/python3.11/site-packages/airflow/example_dags/example_sla_dag.py took 0.109 seconds
[2023-08-23T21:50:13.155-0400] {processor.py:157} INFO - Started process (PID=9523) to work on /Users/mauri/Desktop/repositorio/apache-airflow-tutorial/env/lib/python3.11/site-packages/airflow/example_dags/example_sla_dag.py
[2023-08-23T21:50:13.157-0400] {processor.py:829} INFO - Processing file /Users/mauri/Desktop/repositorio/apache-airflow-tutorial/env/lib/python3.11/site-packages/airflow/example_dags/example_sla_dag.py for tasks to queue
[2023-08-23T21:50:13.157-0400] {logging_mixin.py:151} INFO - [2023-08-23T21:50:13.157-0400] {dagbag.py:539} INFO - Filling up the DagBag from /Users/mauri/Desktop/repositorio/apache-airflow-tutorial/env/lib/python3.11/site-packages/airflow/example_dags/example_sla_dag.py
[2023-08-23T21:50:13.189-0400] {processor.py:839} INFO - DAG(s) dict_keys(['example_sla_dag']) retrieved from /Users/mauri/Desktop/repositorio/apache-airflow-tutorial/env/lib/python3.11/site-packages/airflow/example_dags/example_sla_dag.py
[2023-08-23T21:50:13.240-0400] {logging_mixin.py:151} INFO - [2023-08-23T21:50:13.240-0400] {dag.py:2907} INFO - Sync 1 DAGs
[2023-08-23T21:50:13.247-0400] {logging_mixin.py:151} INFO - [2023-08-23T21:50:13.246-0400] {dag.py:3677} INFO - Setting next_dagrun for example_sla_dag to 2023-08-24T01:48:00+00:00, run_after=2023-08-24T01:50:00+00:00
[2023-08-23T21:50:13.254-0400] {processor.py:179} INFO - Processing /Users/mauri/Desktop/repositorio/apache-airflow-tutorial/env/lib/python3.11/site-packages/airflow/example_dags/example_sla_dag.py took 0.099 seconds
[2023-08-23T21:51:27.629-0400] {processor.py:157} INFO - Started process (PID=9610) to work on /Users/mauri/Desktop/repositorio/apache-airflow-tutorial/env/lib/python3.11/site-packages/airflow/example_dags/example_sla_dag.py
[2023-08-23T21:51:27.631-0400] {processor.py:829} INFO - Processing file /Users/mauri/Desktop/repositorio/apache-airflow-tutorial/env/lib/python3.11/site-packages/airflow/example_dags/example_sla_dag.py for tasks to queue
[2023-08-23T21:51:27.631-0400] {logging_mixin.py:151} INFO - [2023-08-23T21:51:27.631-0400] {dagbag.py:539} INFO - Filling up the DagBag from /Users/mauri/Desktop/repositorio/apache-airflow-tutorial/env/lib/python3.11/site-packages/airflow/example_dags/example_sla_dag.py
[2023-08-23T21:51:27.663-0400] {processor.py:839} INFO - DAG(s) dict_keys(['example_sla_dag']) retrieved from /Users/mauri/Desktop/repositorio/apache-airflow-tutorial/env/lib/python3.11/site-packages/airflow/example_dags/example_sla_dag.py
[2023-08-23T21:51:27.715-0400] {logging_mixin.py:151} INFO - [2023-08-23T21:51:27.715-0400] {dag.py:2907} INFO - Sync 1 DAGs
[2023-08-23T21:51:27.721-0400] {logging_mixin.py:151} INFO - [2023-08-23T21:51:27.721-0400] {dag.py:3677} INFO - Setting next_dagrun for example_sla_dag to 2023-08-24T01:48:00+00:00, run_after=2023-08-24T01:50:00+00:00
[2023-08-23T21:51:27.728-0400] {processor.py:179} INFO - Processing /Users/mauri/Desktop/repositorio/apache-airflow-tutorial/env/lib/python3.11/site-packages/airflow/example_dags/example_sla_dag.py took 0.100 seconds
[2023-08-23T21:52:38.679-0400] {processor.py:157} INFO - Started process (PID=9676) to work on /Users/mauri/Desktop/repositorio/apache-airflow-tutorial/env/lib/python3.11/site-packages/airflow/example_dags/example_sla_dag.py
[2023-08-23T21:52:38.680-0400] {processor.py:829} INFO - Processing file /Users/mauri/Desktop/repositorio/apache-airflow-tutorial/env/lib/python3.11/site-packages/airflow/example_dags/example_sla_dag.py for tasks to queue
[2023-08-23T21:52:38.680-0400] {logging_mixin.py:151} INFO - [2023-08-23T21:52:38.680-0400] {dagbag.py:539} INFO - Filling up the DagBag from /Users/mauri/Desktop/repositorio/apache-airflow-tutorial/env/lib/python3.11/site-packages/airflow/example_dags/example_sla_dag.py
[2023-08-23T21:52:38.712-0400] {processor.py:839} INFO - DAG(s) dict_keys(['example_sla_dag']) retrieved from /Users/mauri/Desktop/repositorio/apache-airflow-tutorial/env/lib/python3.11/site-packages/airflow/example_dags/example_sla_dag.py
[2023-08-23T21:52:38.764-0400] {logging_mixin.py:151} INFO - [2023-08-23T21:52:38.763-0400] {dag.py:2907} INFO - Sync 1 DAGs
[2023-08-23T21:52:38.770-0400] {logging_mixin.py:151} INFO - [2023-08-23T21:52:38.770-0400] {dag.py:3677} INFO - Setting next_dagrun for example_sla_dag to 2023-08-24T01:50:00+00:00, run_after=2023-08-24T01:52:00+00:00
[2023-08-23T21:52:38.777-0400] {processor.py:179} INFO - Processing /Users/mauri/Desktop/repositorio/apache-airflow-tutorial/env/lib/python3.11/site-packages/airflow/example_dags/example_sla_dag.py took 0.099 seconds
[2023-08-23T21:53:50.276-0400] {processor.py:157} INFO - Started process (PID=9744) to work on /Users/mauri/Desktop/repositorio/apache-airflow-tutorial/env/lib/python3.11/site-packages/airflow/example_dags/example_sla_dag.py
[2023-08-23T21:53:50.278-0400] {processor.py:829} INFO - Processing file /Users/mauri/Desktop/repositorio/apache-airflow-tutorial/env/lib/python3.11/site-packages/airflow/example_dags/example_sla_dag.py for tasks to queue
[2023-08-23T21:53:50.278-0400] {logging_mixin.py:151} INFO - [2023-08-23T21:53:50.278-0400] {dagbag.py:539} INFO - Filling up the DagBag from /Users/mauri/Desktop/repositorio/apache-airflow-tutorial/env/lib/python3.11/site-packages/airflow/example_dags/example_sla_dag.py
[2023-08-23T21:53:50.313-0400] {processor.py:839} INFO - DAG(s) dict_keys(['example_sla_dag']) retrieved from /Users/mauri/Desktop/repositorio/apache-airflow-tutorial/env/lib/python3.11/site-packages/airflow/example_dags/example_sla_dag.py
[2023-08-23T21:53:50.368-0400] {logging_mixin.py:151} INFO - [2023-08-23T21:53:50.368-0400] {dag.py:2907} INFO - Sync 1 DAGs
[2023-08-23T21:53:50.375-0400] {logging_mixin.py:151} INFO - [2023-08-23T21:53:50.375-0400] {dag.py:3677} INFO - Setting next_dagrun for example_sla_dag to 2023-08-24T01:50:00+00:00, run_after=2023-08-24T01:52:00+00:00
[2023-08-23T21:53:50.383-0400] {processor.py:179} INFO - Processing /Users/mauri/Desktop/repositorio/apache-airflow-tutorial/env/lib/python3.11/site-packages/airflow/example_dags/example_sla_dag.py took 0.107 seconds
[2023-08-23T21:55:01.369-0400] {processor.py:157} INFO - Started process (PID=9806) to work on /Users/mauri/Desktop/repositorio/apache-airflow-tutorial/env/lib/python3.11/site-packages/airflow/example_dags/example_sla_dag.py
[2023-08-23T21:55:01.370-0400] {processor.py:829} INFO - Processing file /Users/mauri/Desktop/repositorio/apache-airflow-tutorial/env/lib/python3.11/site-packages/airflow/example_dags/example_sla_dag.py for tasks to queue
[2023-08-23T21:55:01.371-0400] {logging_mixin.py:151} INFO - [2023-08-23T21:55:01.371-0400] {dagbag.py:539} INFO - Filling up the DagBag from /Users/mauri/Desktop/repositorio/apache-airflow-tutorial/env/lib/python3.11/site-packages/airflow/example_dags/example_sla_dag.py
[2023-08-23T21:55:01.403-0400] {processor.py:839} INFO - DAG(s) dict_keys(['example_sla_dag']) retrieved from /Users/mauri/Desktop/repositorio/apache-airflow-tutorial/env/lib/python3.11/site-packages/airflow/example_dags/example_sla_dag.py
[2023-08-23T21:55:01.456-0400] {logging_mixin.py:151} INFO - [2023-08-23T21:55:01.456-0400] {dag.py:2907} INFO - Sync 1 DAGs
[2023-08-23T21:55:01.462-0400] {logging_mixin.py:151} INFO - [2023-08-23T21:55:01.462-0400] {dag.py:3677} INFO - Setting next_dagrun for example_sla_dag to 2023-08-24T01:52:00+00:00, run_after=2023-08-24T01:54:00+00:00
[2023-08-23T21:55:01.469-0400] {processor.py:179} INFO - Processing /Users/mauri/Desktop/repositorio/apache-airflow-tutorial/env/lib/python3.11/site-packages/airflow/example_dags/example_sla_dag.py took 0.101 seconds
[2023-08-23T21:56:14.643-0400] {processor.py:157} INFO - Started process (PID=9883) to work on /Users/mauri/Desktop/repositorio/apache-airflow-tutorial/env/lib/python3.11/site-packages/airflow/example_dags/example_sla_dag.py
[2023-08-23T21:56:14.644-0400] {processor.py:829} INFO - Processing file /Users/mauri/Desktop/repositorio/apache-airflow-tutorial/env/lib/python3.11/site-packages/airflow/example_dags/example_sla_dag.py for tasks to queue
[2023-08-23T21:56:14.644-0400] {logging_mixin.py:151} INFO - [2023-08-23T21:56:14.644-0400] {dagbag.py:539} INFO - Filling up the DagBag from /Users/mauri/Desktop/repositorio/apache-airflow-tutorial/env/lib/python3.11/site-packages/airflow/example_dags/example_sla_dag.py
[2023-08-23T21:56:14.678-0400] {processor.py:839} INFO - DAG(s) dict_keys(['example_sla_dag']) retrieved from /Users/mauri/Desktop/repositorio/apache-airflow-tutorial/env/lib/python3.11/site-packages/airflow/example_dags/example_sla_dag.py
[2023-08-23T21:56:14.730-0400] {logging_mixin.py:151} INFO - [2023-08-23T21:56:14.730-0400] {dag.py:2907} INFO - Sync 1 DAGs
[2023-08-23T21:56:14.737-0400] {logging_mixin.py:151} INFO - [2023-08-23T21:56:14.737-0400] {dag.py:3677} INFO - Setting next_dagrun for example_sla_dag to 2023-08-24T01:54:00+00:00, run_after=2023-08-24T01:56:00+00:00
[2023-08-23T21:56:14.744-0400] {processor.py:179} INFO - Processing /Users/mauri/Desktop/repositorio/apache-airflow-tutorial/env/lib/python3.11/site-packages/airflow/example_dags/example_sla_dag.py took 0.102 seconds
[2023-08-23T21:57:30.525-0400] {processor.py:157} INFO - Started process (PID=9948) to work on /Users/mauri/Desktop/repositorio/apache-airflow-tutorial/env/lib/python3.11/site-packages/airflow/example_dags/example_sla_dag.py
[2023-08-23T21:57:30.526-0400] {processor.py:829} INFO - Processing file /Users/mauri/Desktop/repositorio/apache-airflow-tutorial/env/lib/python3.11/site-packages/airflow/example_dags/example_sla_dag.py for tasks to queue
[2023-08-23T21:57:30.527-0400] {logging_mixin.py:151} INFO - [2023-08-23T21:57:30.527-0400] {dagbag.py:539} INFO - Filling up the DagBag from /Users/mauri/Desktop/repositorio/apache-airflow-tutorial/env/lib/python3.11/site-packages/airflow/example_dags/example_sla_dag.py
[2023-08-23T21:57:30.560-0400] {processor.py:839} INFO - DAG(s) dict_keys(['example_sla_dag']) retrieved from /Users/mauri/Desktop/repositorio/apache-airflow-tutorial/env/lib/python3.11/site-packages/airflow/example_dags/example_sla_dag.py
[2023-08-23T21:57:30.615-0400] {logging_mixin.py:151} INFO - [2023-08-23T21:57:30.615-0400] {dag.py:2907} INFO - Sync 1 DAGs
[2023-08-23T21:57:30.621-0400] {logging_mixin.py:151} INFO - [2023-08-23T21:57:30.621-0400] {dag.py:3677} INFO - Setting next_dagrun for example_sla_dag to 2023-08-24T01:54:00+00:00, run_after=2023-08-24T01:56:00+00:00
[2023-08-23T21:57:30.629-0400] {processor.py:179} INFO - Processing /Users/mauri/Desktop/repositorio/apache-airflow-tutorial/env/lib/python3.11/site-packages/airflow/example_dags/example_sla_dag.py took 0.104 seconds
[2023-08-23T21:58:46.157-0400] {processor.py:157} INFO - Started process (PID=10011) to work on /Users/mauri/Desktop/repositorio/apache-airflow-tutorial/env/lib/python3.11/site-packages/airflow/example_dags/example_sla_dag.py
[2023-08-23T21:58:46.158-0400] {processor.py:829} INFO - Processing file /Users/mauri/Desktop/repositorio/apache-airflow-tutorial/env/lib/python3.11/site-packages/airflow/example_dags/example_sla_dag.py for tasks to queue
[2023-08-23T21:58:46.158-0400] {logging_mixin.py:151} INFO - [2023-08-23T21:58:46.158-0400] {dagbag.py:539} INFO - Filling up the DagBag from /Users/mauri/Desktop/repositorio/apache-airflow-tutorial/env/lib/python3.11/site-packages/airflow/example_dags/example_sla_dag.py
[2023-08-23T21:58:46.190-0400] {processor.py:839} INFO - DAG(s) dict_keys(['example_sla_dag']) retrieved from /Users/mauri/Desktop/repositorio/apache-airflow-tutorial/env/lib/python3.11/site-packages/airflow/example_dags/example_sla_dag.py
[2023-08-23T21:58:46.247-0400] {logging_mixin.py:151} INFO - [2023-08-23T21:58:46.247-0400] {dag.py:2907} INFO - Sync 1 DAGs
[2023-08-23T21:58:46.253-0400] {logging_mixin.py:151} INFO - [2023-08-23T21:58:46.253-0400] {dag.py:3677} INFO - Setting next_dagrun for example_sla_dag to 2023-08-24T01:56:00+00:00, run_after=2023-08-24T01:58:00+00:00
[2023-08-23T21:58:46.261-0400] {processor.py:179} INFO - Processing /Users/mauri/Desktop/repositorio/apache-airflow-tutorial/env/lib/python3.11/site-packages/airflow/example_dags/example_sla_dag.py took 0.104 seconds
[2023-08-23T21:59:59.334-0400] {processor.py:157} INFO - Started process (PID=10078) to work on /Users/mauri/Desktop/repositorio/apache-airflow-tutorial/env/lib/python3.11/site-packages/airflow/example_dags/example_sla_dag.py
[2023-08-23T21:59:59.336-0400] {processor.py:829} INFO - Processing file /Users/mauri/Desktop/repositorio/apache-airflow-tutorial/env/lib/python3.11/site-packages/airflow/example_dags/example_sla_dag.py for tasks to queue
[2023-08-23T21:59:59.336-0400] {logging_mixin.py:151} INFO - [2023-08-23T21:59:59.336-0400] {dagbag.py:539} INFO - Filling up the DagBag from /Users/mauri/Desktop/repositorio/apache-airflow-tutorial/env/lib/python3.11/site-packages/airflow/example_dags/example_sla_dag.py
[2023-08-23T21:59:59.371-0400] {processor.py:839} INFO - DAG(s) dict_keys(['example_sla_dag']) retrieved from /Users/mauri/Desktop/repositorio/apache-airflow-tutorial/env/lib/python3.11/site-packages/airflow/example_dags/example_sla_dag.py
[2023-08-23T21:59:59.427-0400] {logging_mixin.py:151} INFO - [2023-08-23T21:59:59.427-0400] {dag.py:2907} INFO - Sync 1 DAGs
[2023-08-23T21:59:59.433-0400] {logging_mixin.py:151} INFO - [2023-08-23T21:59:59.433-0400] {dag.py:3677} INFO - Setting next_dagrun for example_sla_dag to 2023-08-24T01:56:00+00:00, run_after=2023-08-24T01:58:00+00:00
[2023-08-23T21:59:59.440-0400] {processor.py:179} INFO - Processing /Users/mauri/Desktop/repositorio/apache-airflow-tutorial/env/lib/python3.11/site-packages/airflow/example_dags/example_sla_dag.py took 0.106 seconds
