[2023-08-23T21:34:56.778-0400] {processor.py:157} INFO - Started process (PID=8538) to work on /Users/mauri/Desktop/repositorio/apache-airflow-tutorial/env/lib/python3.11/site-packages/airflow/example_dags/example_dag_decorator.py
[2023-08-23T21:34:56.779-0400] {processor.py:829} INFO - Processing file /Users/mauri/Desktop/repositorio/apache-airflow-tutorial/env/lib/python3.11/site-packages/airflow/example_dags/example_dag_decorator.py for tasks to queue
[2023-08-23T21:34:56.779-0400] {logging_mixin.py:151} INFO - [2023-08-23T21:34:56.779-0400] {dagbag.py:539} INFO - Filling up the DagBag from /Users/mauri/Desktop/repositorio/apache-airflow-tutorial/env/lib/python3.11/site-packages/airflow/example_dags/example_dag_decorator.py
[2023-08-23T21:34:56.867-0400] {processor.py:839} INFO - DAG(s) dict_keys(['example_dag_decorator']) retrieved from /Users/mauri/Desktop/repositorio/apache-airflow-tutorial/env/lib/python3.11/site-packages/airflow/example_dags/example_dag_decorator.py
[2023-08-23T21:34:57.116-0400] {logging_mixin.py:151} INFO - [2023-08-23T21:34:57.116-0400] {manager.py:501} INFO - Created Permission View: can delete on DAG:example_dag_decorator
[2023-08-23T21:34:57.119-0400] {logging_mixin.py:151} INFO - [2023-08-23T21:34:57.119-0400] {manager.py:501} INFO - Created Permission View: can edit on DAG:example_dag_decorator
[2023-08-23T21:34:57.121-0400] {logging_mixin.py:151} INFO - [2023-08-23T21:34:57.121-0400] {manager.py:501} INFO - Created Permission View: can read on DAG:example_dag_decorator
[2023-08-23T21:34:57.124-0400] {logging_mixin.py:151} INFO - [2023-08-23T21:34:57.124-0400] {dag.py:2907} INFO - Sync 1 DAGs
[2023-08-23T21:34:57.127-0400] {logging_mixin.py:151} INFO - [2023-08-23T21:34:57.126-0400] {dag.py:2929} INFO - Creating ORM DAG for example_dag_decorator
[2023-08-23T21:34:57.127-0400] {logging_mixin.py:151} INFO - [2023-08-23T21:34:57.127-0400] {dag.py:3677} INFO - Setting next_dagrun for example_dag_decorator to None, run_after=None
[2023-08-23T21:34:57.132-0400] {processor.py:179} INFO - Processing /Users/mauri/Desktop/repositorio/apache-airflow-tutorial/env/lib/python3.11/site-packages/airflow/example_dags/example_dag_decorator.py took 0.355 seconds
[2023-08-23T21:36:17.139-0400] {processor.py:157} INFO - Started process (PID=8611) to work on /Users/mauri/Desktop/repositorio/apache-airflow-tutorial/env/lib/python3.11/site-packages/airflow/example_dags/example_dag_decorator.py
[2023-08-23T21:36:17.142-0400] {processor.py:829} INFO - Processing file /Users/mauri/Desktop/repositorio/apache-airflow-tutorial/env/lib/python3.11/site-packages/airflow/example_dags/example_dag_decorator.py for tasks to queue
[2023-08-23T21:36:17.142-0400] {logging_mixin.py:151} INFO - [2023-08-23T21:36:17.142-0400] {dagbag.py:539} INFO - Filling up the DagBag from /Users/mauri/Desktop/repositorio/apache-airflow-tutorial/env/lib/python3.11/site-packages/airflow/example_dags/example_dag_decorator.py
[2023-08-23T21:36:17.245-0400] {processor.py:839} INFO - DAG(s) dict_keys(['example_dag_decorator']) retrieved from /Users/mauri/Desktop/repositorio/apache-airflow-tutorial/env/lib/python3.11/site-packages/airflow/example_dags/example_dag_decorator.py
[2023-08-23T21:36:17.569-0400] {logging_mixin.py:151} INFO - [2023-08-23T21:36:17.569-0400] {dag.py:2907} INFO - Sync 1 DAGs
[2023-08-23T21:36:17.571-0400] {logging_mixin.py:151} INFO - [2023-08-23T21:36:17.571-0400] {dag.py:3677} INFO - Setting next_dagrun for example_dag_decorator to None, run_after=None
[2023-08-23T21:36:17.578-0400] {processor.py:179} INFO - Processing /Users/mauri/Desktop/repositorio/apache-airflow-tutorial/env/lib/python3.11/site-packages/airflow/example_dags/example_dag_decorator.py took 0.439 seconds
[2023-08-23T21:37:32.156-0400] {processor.py:157} INFO - Started process (PID=8672) to work on /Users/mauri/Desktop/repositorio/apache-airflow-tutorial/env/lib/python3.11/site-packages/airflow/example_dags/example_dag_decorator.py
[2023-08-23T21:37:32.158-0400] {processor.py:829} INFO - Processing file /Users/mauri/Desktop/repositorio/apache-airflow-tutorial/env/lib/python3.11/site-packages/airflow/example_dags/example_dag_decorator.py for tasks to queue
[2023-08-23T21:37:32.159-0400] {logging_mixin.py:151} INFO - [2023-08-23T21:37:32.159-0400] {dagbag.py:539} INFO - Filling up the DagBag from /Users/mauri/Desktop/repositorio/apache-airflow-tutorial/env/lib/python3.11/site-packages/airflow/example_dags/example_dag_decorator.py
[2023-08-23T21:37:32.257-0400] {processor.py:839} INFO - DAG(s) dict_keys(['example_dag_decorator']) retrieved from /Users/mauri/Desktop/repositorio/apache-airflow-tutorial/env/lib/python3.11/site-packages/airflow/example_dags/example_dag_decorator.py
[2023-08-23T21:37:32.549-0400] {logging_mixin.py:151} INFO - [2023-08-23T21:37:32.549-0400] {dag.py:2907} INFO - Sync 1 DAGs
[2023-08-23T21:37:32.552-0400] {logging_mixin.py:151} INFO - [2023-08-23T21:37:32.552-0400] {dag.py:3677} INFO - Setting next_dagrun for example_dag_decorator to None, run_after=None
[2023-08-23T21:37:32.558-0400] {processor.py:179} INFO - Processing /Users/mauri/Desktop/repositorio/apache-airflow-tutorial/env/lib/python3.11/site-packages/airflow/example_dags/example_dag_decorator.py took 0.402 seconds
[2023-08-23T21:38:46.522-0400] {processor.py:157} INFO - Started process (PID=8743) to work on /Users/mauri/Desktop/repositorio/apache-airflow-tutorial/env/lib/python3.11/site-packages/airflow/example_dags/example_dag_decorator.py
[2023-08-23T21:38:46.525-0400] {processor.py:829} INFO - Processing file /Users/mauri/Desktop/repositorio/apache-airflow-tutorial/env/lib/python3.11/site-packages/airflow/example_dags/example_dag_decorator.py for tasks to queue
[2023-08-23T21:38:46.525-0400] {logging_mixin.py:151} INFO - [2023-08-23T21:38:46.525-0400] {dagbag.py:539} INFO - Filling up the DagBag from /Users/mauri/Desktop/repositorio/apache-airflow-tutorial/env/lib/python3.11/site-packages/airflow/example_dags/example_dag_decorator.py
[2023-08-23T21:38:46.633-0400] {processor.py:839} INFO - DAG(s) dict_keys(['example_dag_decorator']) retrieved from /Users/mauri/Desktop/repositorio/apache-airflow-tutorial/env/lib/python3.11/site-packages/airflow/example_dags/example_dag_decorator.py
[2023-08-23T21:38:46.989-0400] {logging_mixin.py:151} INFO - [2023-08-23T21:38:46.988-0400] {dag.py:2907} INFO - Sync 1 DAGs
[2023-08-23T21:38:46.991-0400] {logging_mixin.py:151} INFO - [2023-08-23T21:38:46.991-0400] {dag.py:3677} INFO - Setting next_dagrun for example_dag_decorator to None, run_after=None
[2023-08-23T21:38:46.998-0400] {processor.py:179} INFO - Processing /Users/mauri/Desktop/repositorio/apache-airflow-tutorial/env/lib/python3.11/site-packages/airflow/example_dags/example_dag_decorator.py took 0.475 seconds
[2023-08-23T21:40:02.188-0400] {processor.py:157} INFO - Started process (PID=8808) to work on /Users/mauri/Desktop/repositorio/apache-airflow-tutorial/env/lib/python3.11/site-packages/airflow/example_dags/example_dag_decorator.py
[2023-08-23T21:40:02.190-0400] {processor.py:829} INFO - Processing file /Users/mauri/Desktop/repositorio/apache-airflow-tutorial/env/lib/python3.11/site-packages/airflow/example_dags/example_dag_decorator.py for tasks to queue
[2023-08-23T21:40:02.190-0400] {logging_mixin.py:151} INFO - [2023-08-23T21:40:02.190-0400] {dagbag.py:539} INFO - Filling up the DagBag from /Users/mauri/Desktop/repositorio/apache-airflow-tutorial/env/lib/python3.11/site-packages/airflow/example_dags/example_dag_decorator.py
[2023-08-23T21:40:02.277-0400] {processor.py:839} INFO - DAG(s) dict_keys(['example_dag_decorator']) retrieved from /Users/mauri/Desktop/repositorio/apache-airflow-tutorial/env/lib/python3.11/site-packages/airflow/example_dags/example_dag_decorator.py
[2023-08-23T21:40:02.539-0400] {logging_mixin.py:151} INFO - [2023-08-23T21:40:02.539-0400] {dag.py:2907} INFO - Sync 1 DAGs
[2023-08-23T21:40:02.542-0400] {logging_mixin.py:151} INFO - [2023-08-23T21:40:02.542-0400] {dag.py:3677} INFO - Setting next_dagrun for example_dag_decorator to None, run_after=None
[2023-08-23T21:40:02.548-0400] {processor.py:179} INFO - Processing /Users/mauri/Desktop/repositorio/apache-airflow-tutorial/env/lib/python3.11/site-packages/airflow/example_dags/example_dag_decorator.py took 0.360 seconds
[2023-08-23T21:41:15.323-0400] {processor.py:157} INFO - Started process (PID=8864) to work on /Users/mauri/Desktop/repositorio/apache-airflow-tutorial/env/lib/python3.11/site-packages/airflow/example_dags/example_dag_decorator.py
[2023-08-23T21:41:15.324-0400] {processor.py:829} INFO - Processing file /Users/mauri/Desktop/repositorio/apache-airflow-tutorial/env/lib/python3.11/site-packages/airflow/example_dags/example_dag_decorator.py for tasks to queue
[2023-08-23T21:41:15.325-0400] {logging_mixin.py:151} INFO - [2023-08-23T21:41:15.324-0400] {dagbag.py:539} INFO - Filling up the DagBag from /Users/mauri/Desktop/repositorio/apache-airflow-tutorial/env/lib/python3.11/site-packages/airflow/example_dags/example_dag_decorator.py
[2023-08-23T21:41:15.411-0400] {processor.py:839} INFO - DAG(s) dict_keys(['example_dag_decorator']) retrieved from /Users/mauri/Desktop/repositorio/apache-airflow-tutorial/env/lib/python3.11/site-packages/airflow/example_dags/example_dag_decorator.py
[2023-08-23T21:41:15.663-0400] {logging_mixin.py:151} INFO - [2023-08-23T21:41:15.662-0400] {dag.py:2907} INFO - Sync 1 DAGs
[2023-08-23T21:41:15.666-0400] {logging_mixin.py:151} INFO - [2023-08-23T21:41:15.666-0400] {dag.py:3677} INFO - Setting next_dagrun for example_dag_decorator to None, run_after=None
[2023-08-23T21:41:15.673-0400] {processor.py:179} INFO - Processing /Users/mauri/Desktop/repositorio/apache-airflow-tutorial/env/lib/python3.11/site-packages/airflow/example_dags/example_dag_decorator.py took 0.350 seconds
[2023-08-23T21:42:28.089-0400] {processor.py:157} INFO - Started process (PID=8927) to work on /Users/mauri/Desktop/repositorio/apache-airflow-tutorial/env/lib/python3.11/site-packages/airflow/example_dags/example_dag_decorator.py
[2023-08-23T21:42:28.090-0400] {processor.py:829} INFO - Processing file /Users/mauri/Desktop/repositorio/apache-airflow-tutorial/env/lib/python3.11/site-packages/airflow/example_dags/example_dag_decorator.py for tasks to queue
[2023-08-23T21:42:28.090-0400] {logging_mixin.py:151} INFO - [2023-08-23T21:42:28.090-0400] {dagbag.py:539} INFO - Filling up the DagBag from /Users/mauri/Desktop/repositorio/apache-airflow-tutorial/env/lib/python3.11/site-packages/airflow/example_dags/example_dag_decorator.py
[2023-08-23T21:42:28.187-0400] {processor.py:839} INFO - DAG(s) dict_keys(['example_dag_decorator']) retrieved from /Users/mauri/Desktop/repositorio/apache-airflow-tutorial/env/lib/python3.11/site-packages/airflow/example_dags/example_dag_decorator.py
[2023-08-23T21:42:28.460-0400] {logging_mixin.py:151} INFO - [2023-08-23T21:42:28.460-0400] {dag.py:2907} INFO - Sync 1 DAGs
[2023-08-23T21:42:28.462-0400] {logging_mixin.py:151} INFO - [2023-08-23T21:42:28.462-0400] {dag.py:3677} INFO - Setting next_dagrun for example_dag_decorator to None, run_after=None
[2023-08-23T21:42:28.469-0400] {processor.py:179} INFO - Processing /Users/mauri/Desktop/repositorio/apache-airflow-tutorial/env/lib/python3.11/site-packages/airflow/example_dags/example_dag_decorator.py took 0.381 seconds
[2023-08-23T21:43:38.773-0400] {processor.py:157} INFO - Started process (PID=8988) to work on /Users/mauri/Desktop/repositorio/apache-airflow-tutorial/env/lib/python3.11/site-packages/airflow/example_dags/example_dag_decorator.py
[2023-08-23T21:43:38.774-0400] {processor.py:829} INFO - Processing file /Users/mauri/Desktop/repositorio/apache-airflow-tutorial/env/lib/python3.11/site-packages/airflow/example_dags/example_dag_decorator.py for tasks to queue
[2023-08-23T21:43:38.774-0400] {logging_mixin.py:151} INFO - [2023-08-23T21:43:38.774-0400] {dagbag.py:539} INFO - Filling up the DagBag from /Users/mauri/Desktop/repositorio/apache-airflow-tutorial/env/lib/python3.11/site-packages/airflow/example_dags/example_dag_decorator.py
[2023-08-23T21:43:38.871-0400] {processor.py:839} INFO - DAG(s) dict_keys(['example_dag_decorator']) retrieved from /Users/mauri/Desktop/repositorio/apache-airflow-tutorial/env/lib/python3.11/site-packages/airflow/example_dags/example_dag_decorator.py
[2023-08-23T21:43:39.139-0400] {logging_mixin.py:151} INFO - [2023-08-23T21:43:39.139-0400] {dag.py:2907} INFO - Sync 1 DAGs
[2023-08-23T21:43:39.142-0400] {logging_mixin.py:151} INFO - [2023-08-23T21:43:39.142-0400] {dag.py:3677} INFO - Setting next_dagrun for example_dag_decorator to None, run_after=None
[2023-08-23T21:43:39.149-0400] {processor.py:179} INFO - Processing /Users/mauri/Desktop/repositorio/apache-airflow-tutorial/env/lib/python3.11/site-packages/airflow/example_dags/example_dag_decorator.py took 0.376 seconds
[2023-08-23T21:44:51.219-0400] {processor.py:157} INFO - Started process (PID=9066) to work on /Users/mauri/Desktop/repositorio/apache-airflow-tutorial/env/lib/python3.11/site-packages/airflow/example_dags/example_dag_decorator.py
[2023-08-23T21:44:51.221-0400] {processor.py:829} INFO - Processing file /Users/mauri/Desktop/repositorio/apache-airflow-tutorial/env/lib/python3.11/site-packages/airflow/example_dags/example_dag_decorator.py for tasks to queue
[2023-08-23T21:44:51.221-0400] {logging_mixin.py:151} INFO - [2023-08-23T21:44:51.221-0400] {dagbag.py:539} INFO - Filling up the DagBag from /Users/mauri/Desktop/repositorio/apache-airflow-tutorial/env/lib/python3.11/site-packages/airflow/example_dags/example_dag_decorator.py
[2023-08-23T21:44:51.314-0400] {processor.py:839} INFO - DAG(s) dict_keys(['example_dag_decorator']) retrieved from /Users/mauri/Desktop/repositorio/apache-airflow-tutorial/env/lib/python3.11/site-packages/airflow/example_dags/example_dag_decorator.py
[2023-08-23T21:44:51.567-0400] {logging_mixin.py:151} INFO - [2023-08-23T21:44:51.567-0400] {dag.py:2907} INFO - Sync 1 DAGs
[2023-08-23T21:44:51.570-0400] {logging_mixin.py:151} INFO - [2023-08-23T21:44:51.570-0400] {dag.py:3677} INFO - Setting next_dagrun for example_dag_decorator to None, run_after=None
[2023-08-23T21:44:51.577-0400] {processor.py:179} INFO - Processing /Users/mauri/Desktop/repositorio/apache-airflow-tutorial/env/lib/python3.11/site-packages/airflow/example_dags/example_dag_decorator.py took 0.358 seconds
[2023-08-23T21:46:05.095-0400] {processor.py:157} INFO - Started process (PID=9184) to work on /Users/mauri/Desktop/repositorio/apache-airflow-tutorial/env/lib/python3.11/site-packages/airflow/example_dags/example_dag_decorator.py
[2023-08-23T21:46:05.097-0400] {processor.py:829} INFO - Processing file /Users/mauri/Desktop/repositorio/apache-airflow-tutorial/env/lib/python3.11/site-packages/airflow/example_dags/example_dag_decorator.py for tasks to queue
[2023-08-23T21:46:05.097-0400] {logging_mixin.py:151} INFO - [2023-08-23T21:46:05.097-0400] {dagbag.py:539} INFO - Filling up the DagBag from /Users/mauri/Desktop/repositorio/apache-airflow-tutorial/env/lib/python3.11/site-packages/airflow/example_dags/example_dag_decorator.py
[2023-08-23T21:46:05.183-0400] {processor.py:839} INFO - DAG(s) dict_keys(['example_dag_decorator']) retrieved from /Users/mauri/Desktop/repositorio/apache-airflow-tutorial/env/lib/python3.11/site-packages/airflow/example_dags/example_dag_decorator.py
[2023-08-23T21:46:05.434-0400] {logging_mixin.py:151} INFO - [2023-08-23T21:46:05.434-0400] {dag.py:2907} INFO - Sync 1 DAGs
[2023-08-23T21:46:05.437-0400] {logging_mixin.py:151} INFO - [2023-08-23T21:46:05.437-0400] {dag.py:3677} INFO - Setting next_dagrun for example_dag_decorator to None, run_after=None
[2023-08-23T21:46:05.444-0400] {processor.py:179} INFO - Processing /Users/mauri/Desktop/repositorio/apache-airflow-tutorial/env/lib/python3.11/site-packages/airflow/example_dags/example_dag_decorator.py took 0.349 seconds
[2023-08-23T21:47:13.198-0400] {processor.py:157} INFO - Started process (PID=9306) to work on /Users/mauri/Desktop/repositorio/apache-airflow-tutorial/env/lib/python3.11/site-packages/airflow/example_dags/example_dag_decorator.py
[2023-08-23T21:47:13.199-0400] {processor.py:829} INFO - Processing file /Users/mauri/Desktop/repositorio/apache-airflow-tutorial/env/lib/python3.11/site-packages/airflow/example_dags/example_dag_decorator.py for tasks to queue
[2023-08-23T21:47:13.199-0400] {logging_mixin.py:151} INFO - [2023-08-23T21:47:13.199-0400] {dagbag.py:539} INFO - Filling up the DagBag from /Users/mauri/Desktop/repositorio/apache-airflow-tutorial/env/lib/python3.11/site-packages/airflow/example_dags/example_dag_decorator.py
[2023-08-23T21:47:13.284-0400] {processor.py:839} INFO - DAG(s) dict_keys(['example_dag_decorator']) retrieved from /Users/mauri/Desktop/repositorio/apache-airflow-tutorial/env/lib/python3.11/site-packages/airflow/example_dags/example_dag_decorator.py
[2023-08-23T21:47:13.535-0400] {logging_mixin.py:151} INFO - [2023-08-23T21:47:13.535-0400] {dag.py:2907} INFO - Sync 1 DAGs
[2023-08-23T21:47:13.538-0400] {logging_mixin.py:151} INFO - [2023-08-23T21:47:13.538-0400] {dag.py:3677} INFO - Setting next_dagrun for example_dag_decorator to None, run_after=None
[2023-08-23T21:47:13.545-0400] {processor.py:179} INFO - Processing /Users/mauri/Desktop/repositorio/apache-airflow-tutorial/env/lib/python3.11/site-packages/airflow/example_dags/example_dag_decorator.py took 0.347 seconds
[2023-08-23T21:48:26.173-0400] {processor.py:157} INFO - Started process (PID=9420) to work on /Users/mauri/Desktop/repositorio/apache-airflow-tutorial/env/lib/python3.11/site-packages/airflow/example_dags/example_dag_decorator.py
[2023-08-23T21:48:26.175-0400] {processor.py:829} INFO - Processing file /Users/mauri/Desktop/repositorio/apache-airflow-tutorial/env/lib/python3.11/site-packages/airflow/example_dags/example_dag_decorator.py for tasks to queue
[2023-08-23T21:48:26.175-0400] {logging_mixin.py:151} INFO - [2023-08-23T21:48:26.175-0400] {dagbag.py:539} INFO - Filling up the DagBag from /Users/mauri/Desktop/repositorio/apache-airflow-tutorial/env/lib/python3.11/site-packages/airflow/example_dags/example_dag_decorator.py
[2023-08-23T21:48:26.267-0400] {processor.py:839} INFO - DAG(s) dict_keys(['example_dag_decorator']) retrieved from /Users/mauri/Desktop/repositorio/apache-airflow-tutorial/env/lib/python3.11/site-packages/airflow/example_dags/example_dag_decorator.py
[2023-08-23T21:48:26.520-0400] {logging_mixin.py:151} INFO - [2023-08-23T21:48:26.519-0400] {dag.py:2907} INFO - Sync 1 DAGs
[2023-08-23T21:48:26.522-0400] {logging_mixin.py:151} INFO - [2023-08-23T21:48:26.522-0400] {dag.py:3677} INFO - Setting next_dagrun for example_dag_decorator to None, run_after=None
[2023-08-23T21:48:26.529-0400] {processor.py:179} INFO - Processing /Users/mauri/Desktop/repositorio/apache-airflow-tutorial/env/lib/python3.11/site-packages/airflow/example_dags/example_dag_decorator.py took 0.356 seconds
[2023-08-23T21:49:38.997-0400] {processor.py:157} INFO - Started process (PID=9485) to work on /Users/mauri/Desktop/repositorio/apache-airflow-tutorial/env/lib/python3.11/site-packages/airflow/example_dags/example_dag_decorator.py
[2023-08-23T21:49:38.998-0400] {processor.py:829} INFO - Processing file /Users/mauri/Desktop/repositorio/apache-airflow-tutorial/env/lib/python3.11/site-packages/airflow/example_dags/example_dag_decorator.py for tasks to queue
[2023-08-23T21:49:38.998-0400] {logging_mixin.py:151} INFO - [2023-08-23T21:49:38.998-0400] {dagbag.py:539} INFO - Filling up the DagBag from /Users/mauri/Desktop/repositorio/apache-airflow-tutorial/env/lib/python3.11/site-packages/airflow/example_dags/example_dag_decorator.py
[2023-08-23T21:49:39.098-0400] {processor.py:839} INFO - DAG(s) dict_keys(['example_dag_decorator']) retrieved from /Users/mauri/Desktop/repositorio/apache-airflow-tutorial/env/lib/python3.11/site-packages/airflow/example_dags/example_dag_decorator.py
[2023-08-23T21:49:39.393-0400] {logging_mixin.py:151} INFO - [2023-08-23T21:49:39.393-0400] {dag.py:2907} INFO - Sync 1 DAGs
[2023-08-23T21:49:39.396-0400] {logging_mixin.py:151} INFO - [2023-08-23T21:49:39.396-0400] {dag.py:3677} INFO - Setting next_dagrun for example_dag_decorator to None, run_after=None
[2023-08-23T21:49:39.404-0400] {processor.py:179} INFO - Processing /Users/mauri/Desktop/repositorio/apache-airflow-tutorial/env/lib/python3.11/site-packages/airflow/example_dags/example_dag_decorator.py took 0.408 seconds
[2023-08-23T21:50:55.682-0400] {processor.py:157} INFO - Started process (PID=9555) to work on /Users/mauri/Desktop/repositorio/apache-airflow-tutorial/env/lib/python3.11/site-packages/airflow/example_dags/example_dag_decorator.py
[2023-08-23T21:50:55.685-0400] {processor.py:829} INFO - Processing file /Users/mauri/Desktop/repositorio/apache-airflow-tutorial/env/lib/python3.11/site-packages/airflow/example_dags/example_dag_decorator.py for tasks to queue
[2023-08-23T21:50:55.685-0400] {logging_mixin.py:151} INFO - [2023-08-23T21:50:55.685-0400] {dagbag.py:539} INFO - Filling up the DagBag from /Users/mauri/Desktop/repositorio/apache-airflow-tutorial/env/lib/python3.11/site-packages/airflow/example_dags/example_dag_decorator.py
[2023-08-23T21:50:55.774-0400] {processor.py:839} INFO - DAG(s) dict_keys(['example_dag_decorator']) retrieved from /Users/mauri/Desktop/repositorio/apache-airflow-tutorial/env/lib/python3.11/site-packages/airflow/example_dags/example_dag_decorator.py
[2023-08-23T21:50:56.122-0400] {logging_mixin.py:151} INFO - [2023-08-23T21:50:56.122-0400] {dag.py:2907} INFO - Sync 1 DAGs
[2023-08-23T21:50:56.125-0400] {logging_mixin.py:151} INFO - [2023-08-23T21:50:56.125-0400] {dag.py:3677} INFO - Setting next_dagrun for example_dag_decorator to None, run_after=None
[2023-08-23T21:50:56.131-0400] {processor.py:179} INFO - Processing /Users/mauri/Desktop/repositorio/apache-airflow-tutorial/env/lib/python3.11/site-packages/airflow/example_dags/example_dag_decorator.py took 0.449 seconds
[2023-08-23T21:52:09.452-0400] {processor.py:157} INFO - Started process (PID=9655) to work on /Users/mauri/Desktop/repositorio/apache-airflow-tutorial/env/lib/python3.11/site-packages/airflow/example_dags/example_dag_decorator.py
[2023-08-23T21:52:09.454-0400] {processor.py:829} INFO - Processing file /Users/mauri/Desktop/repositorio/apache-airflow-tutorial/env/lib/python3.11/site-packages/airflow/example_dags/example_dag_decorator.py for tasks to queue
[2023-08-23T21:52:09.454-0400] {logging_mixin.py:151} INFO - [2023-08-23T21:52:09.454-0400] {dagbag.py:539} INFO - Filling up the DagBag from /Users/mauri/Desktop/repositorio/apache-airflow-tutorial/env/lib/python3.11/site-packages/airflow/example_dags/example_dag_decorator.py
[2023-08-23T21:52:09.540-0400] {processor.py:839} INFO - DAG(s) dict_keys(['example_dag_decorator']) retrieved from /Users/mauri/Desktop/repositorio/apache-airflow-tutorial/env/lib/python3.11/site-packages/airflow/example_dags/example_dag_decorator.py
[2023-08-23T21:52:09.864-0400] {logging_mixin.py:151} INFO - [2023-08-23T21:52:09.864-0400] {dag.py:2907} INFO - Sync 1 DAGs
[2023-08-23T21:52:09.867-0400] {logging_mixin.py:151} INFO - [2023-08-23T21:52:09.867-0400] {dag.py:3677} INFO - Setting next_dagrun for example_dag_decorator to None, run_after=None
[2023-08-23T21:52:09.874-0400] {processor.py:179} INFO - Processing /Users/mauri/Desktop/repositorio/apache-airflow-tutorial/env/lib/python3.11/site-packages/airflow/example_dags/example_dag_decorator.py took 0.422 seconds
[2023-08-23T21:53:19.089-0400] {processor.py:157} INFO - Started process (PID=9719) to work on /Users/mauri/Desktop/repositorio/apache-airflow-tutorial/env/lib/python3.11/site-packages/airflow/example_dags/example_dag_decorator.py
[2023-08-23T21:53:19.091-0400] {processor.py:829} INFO - Processing file /Users/mauri/Desktop/repositorio/apache-airflow-tutorial/env/lib/python3.11/site-packages/airflow/example_dags/example_dag_decorator.py for tasks to queue
[2023-08-23T21:53:19.091-0400] {logging_mixin.py:151} INFO - [2023-08-23T21:53:19.091-0400] {dagbag.py:539} INFO - Filling up the DagBag from /Users/mauri/Desktop/repositorio/apache-airflow-tutorial/env/lib/python3.11/site-packages/airflow/example_dags/example_dag_decorator.py
[2023-08-23T21:53:19.187-0400] {processor.py:839} INFO - DAG(s) dict_keys(['example_dag_decorator']) retrieved from /Users/mauri/Desktop/repositorio/apache-airflow-tutorial/env/lib/python3.11/site-packages/airflow/example_dags/example_dag_decorator.py
[2023-08-23T21:53:19.445-0400] {logging_mixin.py:151} INFO - [2023-08-23T21:53:19.445-0400] {dag.py:2907} INFO - Sync 1 DAGs
[2023-08-23T21:53:19.447-0400] {logging_mixin.py:151} INFO - [2023-08-23T21:53:19.447-0400] {dag.py:3677} INFO - Setting next_dagrun for example_dag_decorator to None, run_after=None
[2023-08-23T21:53:19.455-0400] {processor.py:179} INFO - Processing /Users/mauri/Desktop/repositorio/apache-airflow-tutorial/env/lib/python3.11/site-packages/airflow/example_dags/example_dag_decorator.py took 0.366 seconds
[2023-08-23T21:54:30.217-0400] {processor.py:157} INFO - Started process (PID=9782) to work on /Users/mauri/Desktop/repositorio/apache-airflow-tutorial/env/lib/python3.11/site-packages/airflow/example_dags/example_dag_decorator.py
[2023-08-23T21:54:30.218-0400] {processor.py:829} INFO - Processing file /Users/mauri/Desktop/repositorio/apache-airflow-tutorial/env/lib/python3.11/site-packages/airflow/example_dags/example_dag_decorator.py for tasks to queue
[2023-08-23T21:54:30.218-0400] {logging_mixin.py:151} INFO - [2023-08-23T21:54:30.218-0400] {dagbag.py:539} INFO - Filling up the DagBag from /Users/mauri/Desktop/repositorio/apache-airflow-tutorial/env/lib/python3.11/site-packages/airflow/example_dags/example_dag_decorator.py
[2023-08-23T21:54:30.304-0400] {processor.py:839} INFO - DAG(s) dict_keys(['example_dag_decorator']) retrieved from /Users/mauri/Desktop/repositorio/apache-airflow-tutorial/env/lib/python3.11/site-packages/airflow/example_dags/example_dag_decorator.py
[2023-08-23T21:54:30.554-0400] {logging_mixin.py:151} INFO - [2023-08-23T21:54:30.553-0400] {dag.py:2907} INFO - Sync 1 DAGs
[2023-08-23T21:54:30.556-0400] {logging_mixin.py:151} INFO - [2023-08-23T21:54:30.556-0400] {dag.py:3677} INFO - Setting next_dagrun for example_dag_decorator to None, run_after=None
[2023-08-23T21:54:30.563-0400] {processor.py:179} INFO - Processing /Users/mauri/Desktop/repositorio/apache-airflow-tutorial/env/lib/python3.11/site-packages/airflow/example_dags/example_dag_decorator.py took 0.346 seconds
[2023-08-23T21:55:43.257-0400] {processor.py:157} INFO - Started process (PID=9852) to work on /Users/mauri/Desktop/repositorio/apache-airflow-tutorial/env/lib/python3.11/site-packages/airflow/example_dags/example_dag_decorator.py
[2023-08-23T21:55:43.259-0400] {processor.py:829} INFO - Processing file /Users/mauri/Desktop/repositorio/apache-airflow-tutorial/env/lib/python3.11/site-packages/airflow/example_dags/example_dag_decorator.py for tasks to queue
[2023-08-23T21:55:43.259-0400] {logging_mixin.py:151} INFO - [2023-08-23T21:55:43.259-0400] {dagbag.py:539} INFO - Filling up the DagBag from /Users/mauri/Desktop/repositorio/apache-airflow-tutorial/env/lib/python3.11/site-packages/airflow/example_dags/example_dag_decorator.py
[2023-08-23T21:55:43.352-0400] {processor.py:839} INFO - DAG(s) dict_keys(['example_dag_decorator']) retrieved from /Users/mauri/Desktop/repositorio/apache-airflow-tutorial/env/lib/python3.11/site-packages/airflow/example_dags/example_dag_decorator.py
[2023-08-23T21:55:43.615-0400] {logging_mixin.py:151} INFO - [2023-08-23T21:55:43.615-0400] {dag.py:2907} INFO - Sync 1 DAGs
[2023-08-23T21:55:43.617-0400] {logging_mixin.py:151} INFO - [2023-08-23T21:55:43.617-0400] {dag.py:3677} INFO - Setting next_dagrun for example_dag_decorator to None, run_after=None
[2023-08-23T21:55:43.625-0400] {processor.py:179} INFO - Processing /Users/mauri/Desktop/repositorio/apache-airflow-tutorial/env/lib/python3.11/site-packages/airflow/example_dags/example_dag_decorator.py took 0.368 seconds
[2023-08-23T21:56:56.375-0400] {processor.py:157} INFO - Started process (PID=9917) to work on /Users/mauri/Desktop/repositorio/apache-airflow-tutorial/env/lib/python3.11/site-packages/airflow/example_dags/example_dag_decorator.py
[2023-08-23T21:56:56.376-0400] {processor.py:829} INFO - Processing file /Users/mauri/Desktop/repositorio/apache-airflow-tutorial/env/lib/python3.11/site-packages/airflow/example_dags/example_dag_decorator.py for tasks to queue
[2023-08-23T21:56:56.376-0400] {logging_mixin.py:151} INFO - [2023-08-23T21:56:56.376-0400] {dagbag.py:539} INFO - Filling up the DagBag from /Users/mauri/Desktop/repositorio/apache-airflow-tutorial/env/lib/python3.11/site-packages/airflow/example_dags/example_dag_decorator.py
[2023-08-23T21:56:56.468-0400] {processor.py:839} INFO - DAG(s) dict_keys(['example_dag_decorator']) retrieved from /Users/mauri/Desktop/repositorio/apache-airflow-tutorial/env/lib/python3.11/site-packages/airflow/example_dags/example_dag_decorator.py
[2023-08-23T21:56:56.730-0400] {logging_mixin.py:151} INFO - [2023-08-23T21:56:56.730-0400] {dag.py:2907} INFO - Sync 1 DAGs
[2023-08-23T21:56:56.733-0400] {logging_mixin.py:151} INFO - [2023-08-23T21:56:56.733-0400] {dag.py:3677} INFO - Setting next_dagrun for example_dag_decorator to None, run_after=None
[2023-08-23T21:56:56.740-0400] {processor.py:179} INFO - Processing /Users/mauri/Desktop/repositorio/apache-airflow-tutorial/env/lib/python3.11/site-packages/airflow/example_dags/example_dag_decorator.py took 0.365 seconds
[2023-08-23T21:58:12.821-0400] {processor.py:157} INFO - Started process (PID=9986) to work on /Users/mauri/Desktop/repositorio/apache-airflow-tutorial/env/lib/python3.11/site-packages/airflow/example_dags/example_dag_decorator.py
[2023-08-23T21:58:12.822-0400] {processor.py:829} INFO - Processing file /Users/mauri/Desktop/repositorio/apache-airflow-tutorial/env/lib/python3.11/site-packages/airflow/example_dags/example_dag_decorator.py for tasks to queue
[2023-08-23T21:58:12.822-0400] {logging_mixin.py:151} INFO - [2023-08-23T21:58:12.822-0400] {dagbag.py:539} INFO - Filling up the DagBag from /Users/mauri/Desktop/repositorio/apache-airflow-tutorial/env/lib/python3.11/site-packages/airflow/example_dags/example_dag_decorator.py
[2023-08-23T21:58:12.920-0400] {processor.py:839} INFO - DAG(s) dict_keys(['example_dag_decorator']) retrieved from /Users/mauri/Desktop/repositorio/apache-airflow-tutorial/env/lib/python3.11/site-packages/airflow/example_dags/example_dag_decorator.py
[2023-08-23T21:58:13.195-0400] {logging_mixin.py:151} INFO - [2023-08-23T21:58:13.194-0400] {dag.py:2907} INFO - Sync 1 DAGs
[2023-08-23T21:58:13.197-0400] {logging_mixin.py:151} INFO - [2023-08-23T21:58:13.197-0400] {dag.py:3677} INFO - Setting next_dagrun for example_dag_decorator to None, run_after=None
[2023-08-23T21:58:13.204-0400] {processor.py:179} INFO - Processing /Users/mauri/Desktop/repositorio/apache-airflow-tutorial/env/lib/python3.11/site-packages/airflow/example_dags/example_dag_decorator.py took 0.384 seconds
[2023-08-23T21:59:27.714-0400] {processor.py:157} INFO - Started process (PID=10054) to work on /Users/mauri/Desktop/repositorio/apache-airflow-tutorial/env/lib/python3.11/site-packages/airflow/example_dags/example_dag_decorator.py
[2023-08-23T21:59:27.715-0400] {processor.py:829} INFO - Processing file /Users/mauri/Desktop/repositorio/apache-airflow-tutorial/env/lib/python3.11/site-packages/airflow/example_dags/example_dag_decorator.py for tasks to queue
[2023-08-23T21:59:27.715-0400] {logging_mixin.py:151} INFO - [2023-08-23T21:59:27.715-0400] {dagbag.py:539} INFO - Filling up the DagBag from /Users/mauri/Desktop/repositorio/apache-airflow-tutorial/env/lib/python3.11/site-packages/airflow/example_dags/example_dag_decorator.py
[2023-08-23T21:59:27.807-0400] {processor.py:839} INFO - DAG(s) dict_keys(['example_dag_decorator']) retrieved from /Users/mauri/Desktop/repositorio/apache-airflow-tutorial/env/lib/python3.11/site-packages/airflow/example_dags/example_dag_decorator.py
[2023-08-23T21:59:28.066-0400] {logging_mixin.py:151} INFO - [2023-08-23T21:59:28.066-0400] {dag.py:2907} INFO - Sync 1 DAGs
[2023-08-23T21:59:28.069-0400] {logging_mixin.py:151} INFO - [2023-08-23T21:59:28.069-0400] {dag.py:3677} INFO - Setting next_dagrun for example_dag_decorator to None, run_after=None
[2023-08-23T21:59:28.077-0400] {processor.py:179} INFO - Processing /Users/mauri/Desktop/repositorio/apache-airflow-tutorial/env/lib/python3.11/site-packages/airflow/example_dags/example_dag_decorator.py took 0.363 seconds
