[2023-08-23T21:34:37.374-0400] {processor.py:157} INFO - Started process (PID=8523) to work on /Users/mauri/Desktop/repositorio/apache-airflow-tutorial/env/lib/python3.11/site-packages/airflow/example_dags/example_params_ui_tutorial.py
[2023-08-23T21:34:37.375-0400] {processor.py:829} INFO - Processing file /Users/mauri/Desktop/repositorio/apache-airflow-tutorial/env/lib/python3.11/site-packages/airflow/example_dags/example_params_ui_tutorial.py for tasks to queue
[2023-08-23T21:34:37.376-0400] {logging_mixin.py:151} INFO - [2023-08-23T21:34:37.375-0400] {dagbag.py:539} INFO - Filling up the DagBag from /Users/mauri/Desktop/repositorio/apache-airflow-tutorial/env/lib/python3.11/site-packages/airflow/example_dags/example_params_ui_tutorial.py
[2023-08-23T21:34:37.428-0400] {processor.py:839} INFO - DAG(s) dict_keys(['example_params_ui_tutorial']) retrieved from /Users/mauri/Desktop/repositorio/apache-airflow-tutorial/env/lib/python3.11/site-packages/airflow/example_dags/example_params_ui_tutorial.py
[2023-08-23T21:34:37.721-0400] {logging_mixin.py:151} INFO - [2023-08-23T21:34:37.721-0400] {manager.py:501} INFO - Created Permission View: can delete on DAG:example_params_ui_tutorial
[2023-08-23T21:34:37.723-0400] {logging_mixin.py:151} INFO - [2023-08-23T21:34:37.723-0400] {manager.py:501} INFO - Created Permission View: can edit on DAG:example_params_ui_tutorial
[2023-08-23T21:34:37.725-0400] {logging_mixin.py:151} INFO - [2023-08-23T21:34:37.725-0400] {manager.py:501} INFO - Created Permission View: can read on DAG:example_params_ui_tutorial
[2023-08-23T21:34:37.728-0400] {logging_mixin.py:151} INFO - [2023-08-23T21:34:37.728-0400] {dag.py:2907} INFO - Sync 1 DAGs
[2023-08-23T21:34:37.731-0400] {logging_mixin.py:151} INFO - [2023-08-23T21:34:37.731-0400] {dag.py:2929} INFO - Creating ORM DAG for example_params_ui_tutorial
[2023-08-23T21:34:37.731-0400] {logging_mixin.py:151} INFO - [2023-08-23T21:34:37.731-0400] {dag.py:3677} INFO - Setting next_dagrun for example_params_ui_tutorial to None, run_after=None
[2023-08-23T21:34:37.737-0400] {processor.py:179} INFO - Processing /Users/mauri/Desktop/repositorio/apache-airflow-tutorial/env/lib/python3.11/site-packages/airflow/example_dags/example_params_ui_tutorial.py took 0.363 seconds
[2023-08-23T21:35:49.776-0400] {processor.py:157} INFO - Started process (PID=8578) to work on /Users/mauri/Desktop/repositorio/apache-airflow-tutorial/env/lib/python3.11/site-packages/airflow/example_dags/example_params_ui_tutorial.py
[2023-08-23T21:35:49.778-0400] {processor.py:829} INFO - Processing file /Users/mauri/Desktop/repositorio/apache-airflow-tutorial/env/lib/python3.11/site-packages/airflow/example_dags/example_params_ui_tutorial.py for tasks to queue
[2023-08-23T21:35:49.778-0400] {logging_mixin.py:151} INFO - [2023-08-23T21:35:49.778-0400] {dagbag.py:539} INFO - Filling up the DagBag from /Users/mauri/Desktop/repositorio/apache-airflow-tutorial/env/lib/python3.11/site-packages/airflow/example_dags/example_params_ui_tutorial.py
[2023-08-23T21:35:49.846-0400] {processor.py:839} INFO - DAG(s) dict_keys(['example_params_ui_tutorial']) retrieved from /Users/mauri/Desktop/repositorio/apache-airflow-tutorial/env/lib/python3.11/site-packages/airflow/example_dags/example_params_ui_tutorial.py
[2023-08-23T21:35:49.910-0400] {logging_mixin.py:151} INFO - [2023-08-23T21:35:49.910-0400] {dag.py:2907} INFO - Sync 1 DAGs
[2023-08-23T21:35:49.916-0400] {logging_mixin.py:151} INFO - [2023-08-23T21:35:49.915-0400] {dag.py:3677} INFO - Setting next_dagrun for example_params_ui_tutorial to None, run_after=None
[2023-08-23T21:35:49.931-0400] {processor.py:179} INFO - Processing /Users/mauri/Desktop/repositorio/apache-airflow-tutorial/env/lib/python3.11/site-packages/airflow/example_dags/example_params_ui_tutorial.py took 0.155 seconds
[2023-08-23T21:37:04.189-0400] {processor.py:157} INFO - Started process (PID=8646) to work on /Users/mauri/Desktop/repositorio/apache-airflow-tutorial/env/lib/python3.11/site-packages/airflow/example_dags/example_params_ui_tutorial.py
[2023-08-23T21:37:04.191-0400] {processor.py:829} INFO - Processing file /Users/mauri/Desktop/repositorio/apache-airflow-tutorial/env/lib/python3.11/site-packages/airflow/example_dags/example_params_ui_tutorial.py for tasks to queue
[2023-08-23T21:37:04.191-0400] {logging_mixin.py:151} INFO - [2023-08-23T21:37:04.191-0400] {dagbag.py:539} INFO - Filling up the DagBag from /Users/mauri/Desktop/repositorio/apache-airflow-tutorial/env/lib/python3.11/site-packages/airflow/example_dags/example_params_ui_tutorial.py
[2023-08-23T21:37:04.243-0400] {processor.py:839} INFO - DAG(s) dict_keys(['example_params_ui_tutorial']) retrieved from /Users/mauri/Desktop/repositorio/apache-airflow-tutorial/env/lib/python3.11/site-packages/airflow/example_dags/example_params_ui_tutorial.py
[2023-08-23T21:37:04.288-0400] {logging_mixin.py:151} INFO - [2023-08-23T21:37:04.288-0400] {dag.py:2907} INFO - Sync 1 DAGs
[2023-08-23T21:37:04.291-0400] {logging_mixin.py:151} INFO - [2023-08-23T21:37:04.291-0400] {dag.py:3677} INFO - Setting next_dagrun for example_params_ui_tutorial to None, run_after=None
[2023-08-23T21:37:04.298-0400] {processor.py:179} INFO - Processing /Users/mauri/Desktop/repositorio/apache-airflow-tutorial/env/lib/python3.11/site-packages/airflow/example_dags/example_params_ui_tutorial.py took 0.110 seconds
[2023-08-23T21:38:17.315-0400] {processor.py:157} INFO - Started process (PID=8706) to work on /Users/mauri/Desktop/repositorio/apache-airflow-tutorial/env/lib/python3.11/site-packages/airflow/example_dags/example_params_ui_tutorial.py
[2023-08-23T21:38:17.316-0400] {processor.py:829} INFO - Processing file /Users/mauri/Desktop/repositorio/apache-airflow-tutorial/env/lib/python3.11/site-packages/airflow/example_dags/example_params_ui_tutorial.py for tasks to queue
[2023-08-23T21:38:17.316-0400] {logging_mixin.py:151} INFO - [2023-08-23T21:38:17.316-0400] {dagbag.py:539} INFO - Filling up the DagBag from /Users/mauri/Desktop/repositorio/apache-airflow-tutorial/env/lib/python3.11/site-packages/airflow/example_dags/example_params_ui_tutorial.py
[2023-08-23T21:38:17.369-0400] {processor.py:839} INFO - DAG(s) dict_keys(['example_params_ui_tutorial']) retrieved from /Users/mauri/Desktop/repositorio/apache-airflow-tutorial/env/lib/python3.11/site-packages/airflow/example_dags/example_params_ui_tutorial.py
[2023-08-23T21:38:17.414-0400] {logging_mixin.py:151} INFO - [2023-08-23T21:38:17.414-0400] {dag.py:2907} INFO - Sync 1 DAGs
[2023-08-23T21:38:17.417-0400] {logging_mixin.py:151} INFO - [2023-08-23T21:38:17.417-0400] {dag.py:3677} INFO - Setting next_dagrun for example_params_ui_tutorial to None, run_after=None
[2023-08-23T21:38:17.424-0400] {processor.py:179} INFO - Processing /Users/mauri/Desktop/repositorio/apache-airflow-tutorial/env/lib/python3.11/site-packages/airflow/example_dags/example_params_ui_tutorial.py took 0.110 seconds
[2023-08-23T21:39:34.268-0400] {processor.py:157} INFO - Started process (PID=8782) to work on /Users/mauri/Desktop/repositorio/apache-airflow-tutorial/env/lib/python3.11/site-packages/airflow/example_dags/example_params_ui_tutorial.py
[2023-08-23T21:39:34.270-0400] {processor.py:829} INFO - Processing file /Users/mauri/Desktop/repositorio/apache-airflow-tutorial/env/lib/python3.11/site-packages/airflow/example_dags/example_params_ui_tutorial.py for tasks to queue
[2023-08-23T21:39:34.271-0400] {logging_mixin.py:151} INFO - [2023-08-23T21:39:34.271-0400] {dagbag.py:539} INFO - Filling up the DagBag from /Users/mauri/Desktop/repositorio/apache-airflow-tutorial/env/lib/python3.11/site-packages/airflow/example_dags/example_params_ui_tutorial.py
[2023-08-23T21:39:34.325-0400] {processor.py:839} INFO - DAG(s) dict_keys(['example_params_ui_tutorial']) retrieved from /Users/mauri/Desktop/repositorio/apache-airflow-tutorial/env/lib/python3.11/site-packages/airflow/example_dags/example_params_ui_tutorial.py
[2023-08-23T21:39:34.372-0400] {logging_mixin.py:151} INFO - [2023-08-23T21:39:34.372-0400] {dag.py:2907} INFO - Sync 1 DAGs
[2023-08-23T21:39:34.375-0400] {logging_mixin.py:151} INFO - [2023-08-23T21:39:34.375-0400] {dag.py:3677} INFO - Setting next_dagrun for example_params_ui_tutorial to None, run_after=None
[2023-08-23T21:39:34.382-0400] {processor.py:179} INFO - Processing /Users/mauri/Desktop/repositorio/apache-airflow-tutorial/env/lib/python3.11/site-packages/airflow/example_dags/example_params_ui_tutorial.py took 0.114 seconds
[2023-08-23T21:40:47.362-0400] {processor.py:157} INFO - Started process (PID=8843) to work on /Users/mauri/Desktop/repositorio/apache-airflow-tutorial/env/lib/python3.11/site-packages/airflow/example_dags/example_params_ui_tutorial.py
[2023-08-23T21:40:47.363-0400] {processor.py:829} INFO - Processing file /Users/mauri/Desktop/repositorio/apache-airflow-tutorial/env/lib/python3.11/site-packages/airflow/example_dags/example_params_ui_tutorial.py for tasks to queue
[2023-08-23T21:40:47.363-0400] {logging_mixin.py:151} INFO - [2023-08-23T21:40:47.363-0400] {dagbag.py:539} INFO - Filling up the DagBag from /Users/mauri/Desktop/repositorio/apache-airflow-tutorial/env/lib/python3.11/site-packages/airflow/example_dags/example_params_ui_tutorial.py
[2023-08-23T21:40:47.416-0400] {processor.py:839} INFO - DAG(s) dict_keys(['example_params_ui_tutorial']) retrieved from /Users/mauri/Desktop/repositorio/apache-airflow-tutorial/env/lib/python3.11/site-packages/airflow/example_dags/example_params_ui_tutorial.py
[2023-08-23T21:40:47.462-0400] {logging_mixin.py:151} INFO - [2023-08-23T21:40:47.462-0400] {dag.py:2907} INFO - Sync 1 DAGs
[2023-08-23T21:40:47.465-0400] {logging_mixin.py:151} INFO - [2023-08-23T21:40:47.465-0400] {dag.py:3677} INFO - Setting next_dagrun for example_params_ui_tutorial to None, run_after=None
[2023-08-23T21:40:47.472-0400] {processor.py:179} INFO - Processing /Users/mauri/Desktop/repositorio/apache-airflow-tutorial/env/lib/python3.11/site-packages/airflow/example_dags/example_params_ui_tutorial.py took 0.110 seconds
[2023-08-23T21:42:00.131-0400] {processor.py:157} INFO - Started process (PID=8901) to work on /Users/mauri/Desktop/repositorio/apache-airflow-tutorial/env/lib/python3.11/site-packages/airflow/example_dags/example_params_ui_tutorial.py
[2023-08-23T21:42:00.133-0400] {processor.py:829} INFO - Processing file /Users/mauri/Desktop/repositorio/apache-airflow-tutorial/env/lib/python3.11/site-packages/airflow/example_dags/example_params_ui_tutorial.py for tasks to queue
[2023-08-23T21:42:00.133-0400] {logging_mixin.py:151} INFO - [2023-08-23T21:42:00.133-0400] {dagbag.py:539} INFO - Filling up the DagBag from /Users/mauri/Desktop/repositorio/apache-airflow-tutorial/env/lib/python3.11/site-packages/airflow/example_dags/example_params_ui_tutorial.py
[2023-08-23T21:42:00.183-0400] {processor.py:839} INFO - DAG(s) dict_keys(['example_params_ui_tutorial']) retrieved from /Users/mauri/Desktop/repositorio/apache-airflow-tutorial/env/lib/python3.11/site-packages/airflow/example_dags/example_params_ui_tutorial.py
[2023-08-23T21:42:00.228-0400] {logging_mixin.py:151} INFO - [2023-08-23T21:42:00.228-0400] {dag.py:2907} INFO - Sync 1 DAGs
[2023-08-23T21:42:00.231-0400] {logging_mixin.py:151} INFO - [2023-08-23T21:42:00.231-0400] {dag.py:3677} INFO - Setting next_dagrun for example_params_ui_tutorial to None, run_after=None
[2023-08-23T21:42:00.237-0400] {processor.py:179} INFO - Processing /Users/mauri/Desktop/repositorio/apache-airflow-tutorial/env/lib/python3.11/site-packages/airflow/example_dags/example_params_ui_tutorial.py took 0.106 seconds
[2023-08-23T21:43:12.751-0400] {processor.py:157} INFO - Started process (PID=8966) to work on /Users/mauri/Desktop/repositorio/apache-airflow-tutorial/env/lib/python3.11/site-packages/airflow/example_dags/example_params_ui_tutorial.py
[2023-08-23T21:43:12.752-0400] {processor.py:829} INFO - Processing file /Users/mauri/Desktop/repositorio/apache-airflow-tutorial/env/lib/python3.11/site-packages/airflow/example_dags/example_params_ui_tutorial.py for tasks to queue
[2023-08-23T21:43:12.752-0400] {logging_mixin.py:151} INFO - [2023-08-23T21:43:12.752-0400] {dagbag.py:539} INFO - Filling up the DagBag from /Users/mauri/Desktop/repositorio/apache-airflow-tutorial/env/lib/python3.11/site-packages/airflow/example_dags/example_params_ui_tutorial.py
[2023-08-23T21:43:12.803-0400] {processor.py:839} INFO - DAG(s) dict_keys(['example_params_ui_tutorial']) retrieved from /Users/mauri/Desktop/repositorio/apache-airflow-tutorial/env/lib/python3.11/site-packages/airflow/example_dags/example_params_ui_tutorial.py
[2023-08-23T21:43:12.847-0400] {logging_mixin.py:151} INFO - [2023-08-23T21:43:12.847-0400] {dag.py:2907} INFO - Sync 1 DAGs
[2023-08-23T21:43:12.850-0400] {logging_mixin.py:151} INFO - [2023-08-23T21:43:12.850-0400] {dag.py:3677} INFO - Setting next_dagrun for example_params_ui_tutorial to None, run_after=None
[2023-08-23T21:43:12.857-0400] {processor.py:179} INFO - Processing /Users/mauri/Desktop/repositorio/apache-airflow-tutorial/env/lib/python3.11/site-packages/airflow/example_dags/example_params_ui_tutorial.py took 0.106 seconds
[2023-08-23T21:44:22.252-0400] {processor.py:157} INFO - Started process (PID=9038) to work on /Users/mauri/Desktop/repositorio/apache-airflow-tutorial/env/lib/python3.11/site-packages/airflow/example_dags/example_params_ui_tutorial.py
[2023-08-23T21:44:22.253-0400] {processor.py:829} INFO - Processing file /Users/mauri/Desktop/repositorio/apache-airflow-tutorial/env/lib/python3.11/site-packages/airflow/example_dags/example_params_ui_tutorial.py for tasks to queue
[2023-08-23T21:44:22.253-0400] {logging_mixin.py:151} INFO - [2023-08-23T21:44:22.253-0400] {dagbag.py:539} INFO - Filling up the DagBag from /Users/mauri/Desktop/repositorio/apache-airflow-tutorial/env/lib/python3.11/site-packages/airflow/example_dags/example_params_ui_tutorial.py
[2023-08-23T21:44:22.304-0400] {processor.py:839} INFO - DAG(s) dict_keys(['example_params_ui_tutorial']) retrieved from /Users/mauri/Desktop/repositorio/apache-airflow-tutorial/env/lib/python3.11/site-packages/airflow/example_dags/example_params_ui_tutorial.py
[2023-08-23T21:44:22.350-0400] {logging_mixin.py:151} INFO - [2023-08-23T21:44:22.350-0400] {dag.py:2907} INFO - Sync 1 DAGs
[2023-08-23T21:44:22.353-0400] {logging_mixin.py:151} INFO - [2023-08-23T21:44:22.353-0400] {dag.py:3677} INFO - Setting next_dagrun for example_params_ui_tutorial to None, run_after=None
[2023-08-23T21:44:22.360-0400] {processor.py:179} INFO - Processing /Users/mauri/Desktop/repositorio/apache-airflow-tutorial/env/lib/python3.11/site-packages/airflow/example_dags/example_params_ui_tutorial.py took 0.109 seconds
[2023-08-23T21:45:37.426-0400] {processor.py:157} INFO - Started process (PID=9108) to work on /Users/mauri/Desktop/repositorio/apache-airflow-tutorial/env/lib/python3.11/site-packages/airflow/example_dags/example_params_ui_tutorial.py
[2023-08-23T21:45:37.428-0400] {processor.py:829} INFO - Processing file /Users/mauri/Desktop/repositorio/apache-airflow-tutorial/env/lib/python3.11/site-packages/airflow/example_dags/example_params_ui_tutorial.py for tasks to queue
[2023-08-23T21:45:37.428-0400] {logging_mixin.py:151} INFO - [2023-08-23T21:45:37.428-0400] {dagbag.py:539} INFO - Filling up the DagBag from /Users/mauri/Desktop/repositorio/apache-airflow-tutorial/env/lib/python3.11/site-packages/airflow/example_dags/example_params_ui_tutorial.py
[2023-08-23T21:45:37.483-0400] {processor.py:839} INFO - DAG(s) dict_keys(['example_params_ui_tutorial']) retrieved from /Users/mauri/Desktop/repositorio/apache-airflow-tutorial/env/lib/python3.11/site-packages/airflow/example_dags/example_params_ui_tutorial.py
[2023-08-23T21:45:37.530-0400] {logging_mixin.py:151} INFO - [2023-08-23T21:45:37.530-0400] {dag.py:2907} INFO - Sync 1 DAGs
[2023-08-23T21:45:37.533-0400] {logging_mixin.py:151} INFO - [2023-08-23T21:45:37.533-0400] {dag.py:3677} INFO - Setting next_dagrun for example_params_ui_tutorial to None, run_after=None
[2023-08-23T21:45:37.540-0400] {processor.py:179} INFO - Processing /Users/mauri/Desktop/repositorio/apache-airflow-tutorial/env/lib/python3.11/site-packages/airflow/example_dags/example_params_ui_tutorial.py took 0.114 seconds
[2023-08-23T21:46:48.536-0400] {processor.py:157} INFO - Started process (PID=9274) to work on /Users/mauri/Desktop/repositorio/apache-airflow-tutorial/env/lib/python3.11/site-packages/airflow/example_dags/example_params_ui_tutorial.py
[2023-08-23T21:46:48.537-0400] {processor.py:829} INFO - Processing file /Users/mauri/Desktop/repositorio/apache-airflow-tutorial/env/lib/python3.11/site-packages/airflow/example_dags/example_params_ui_tutorial.py for tasks to queue
[2023-08-23T21:46:48.537-0400] {logging_mixin.py:151} INFO - [2023-08-23T21:46:48.537-0400] {dagbag.py:539} INFO - Filling up the DagBag from /Users/mauri/Desktop/repositorio/apache-airflow-tutorial/env/lib/python3.11/site-packages/airflow/example_dags/example_params_ui_tutorial.py
[2023-08-23T21:46:48.597-0400] {processor.py:839} INFO - DAG(s) dict_keys(['example_params_ui_tutorial']) retrieved from /Users/mauri/Desktop/repositorio/apache-airflow-tutorial/env/lib/python3.11/site-packages/airflow/example_dags/example_params_ui_tutorial.py
[2023-08-23T21:46:48.644-0400] {logging_mixin.py:151} INFO - [2023-08-23T21:46:48.644-0400] {dag.py:2907} INFO - Sync 1 DAGs
[2023-08-23T21:46:48.647-0400] {logging_mixin.py:151} INFO - [2023-08-23T21:46:48.647-0400] {dag.py:3677} INFO - Setting next_dagrun for example_params_ui_tutorial to None, run_after=None
[2023-08-23T21:46:48.654-0400] {processor.py:179} INFO - Processing /Users/mauri/Desktop/repositorio/apache-airflow-tutorial/env/lib/python3.11/site-packages/airflow/example_dags/example_params_ui_tutorial.py took 0.119 seconds
[2023-08-23T21:47:58.224-0400] {processor.py:157} INFO - Started process (PID=9370) to work on /Users/mauri/Desktop/repositorio/apache-airflow-tutorial/env/lib/python3.11/site-packages/airflow/example_dags/example_params_ui_tutorial.py
[2023-08-23T21:47:58.225-0400] {processor.py:829} INFO - Processing file /Users/mauri/Desktop/repositorio/apache-airflow-tutorial/env/lib/python3.11/site-packages/airflow/example_dags/example_params_ui_tutorial.py for tasks to queue
[2023-08-23T21:47:58.225-0400] {logging_mixin.py:151} INFO - [2023-08-23T21:47:58.225-0400] {dagbag.py:539} INFO - Filling up the DagBag from /Users/mauri/Desktop/repositorio/apache-airflow-tutorial/env/lib/python3.11/site-packages/airflow/example_dags/example_params_ui_tutorial.py
[2023-08-23T21:47:58.276-0400] {processor.py:839} INFO - DAG(s) dict_keys(['example_params_ui_tutorial']) retrieved from /Users/mauri/Desktop/repositorio/apache-airflow-tutorial/env/lib/python3.11/site-packages/airflow/example_dags/example_params_ui_tutorial.py
[2023-08-23T21:47:58.321-0400] {logging_mixin.py:151} INFO - [2023-08-23T21:47:58.321-0400] {dag.py:2907} INFO - Sync 1 DAGs
[2023-08-23T21:47:58.324-0400] {logging_mixin.py:151} INFO - [2023-08-23T21:47:58.324-0400] {dag.py:3677} INFO - Setting next_dagrun for example_params_ui_tutorial to None, run_after=None
[2023-08-23T21:47:58.331-0400] {processor.py:179} INFO - Processing /Users/mauri/Desktop/repositorio/apache-airflow-tutorial/env/lib/python3.11/site-packages/airflow/example_dags/example_params_ui_tutorial.py took 0.107 seconds
[2023-08-23T21:49:11.390-0400] {processor.py:157} INFO - Started process (PID=9463) to work on /Users/mauri/Desktop/repositorio/apache-airflow-tutorial/env/lib/python3.11/site-packages/airflow/example_dags/example_params_ui_tutorial.py
[2023-08-23T21:49:11.391-0400] {processor.py:829} INFO - Processing file /Users/mauri/Desktop/repositorio/apache-airflow-tutorial/env/lib/python3.11/site-packages/airflow/example_dags/example_params_ui_tutorial.py for tasks to queue
[2023-08-23T21:49:11.391-0400] {logging_mixin.py:151} INFO - [2023-08-23T21:49:11.391-0400] {dagbag.py:539} INFO - Filling up the DagBag from /Users/mauri/Desktop/repositorio/apache-airflow-tutorial/env/lib/python3.11/site-packages/airflow/example_dags/example_params_ui_tutorial.py
[2023-08-23T21:49:11.442-0400] {processor.py:839} INFO - DAG(s) dict_keys(['example_params_ui_tutorial']) retrieved from /Users/mauri/Desktop/repositorio/apache-airflow-tutorial/env/lib/python3.11/site-packages/airflow/example_dags/example_params_ui_tutorial.py
[2023-08-23T21:49:11.490-0400] {logging_mixin.py:151} INFO - [2023-08-23T21:49:11.490-0400] {dag.py:2907} INFO - Sync 1 DAGs
[2023-08-23T21:49:11.493-0400] {logging_mixin.py:151} INFO - [2023-08-23T21:49:11.493-0400] {dag.py:3677} INFO - Setting next_dagrun for example_params_ui_tutorial to None, run_after=None
[2023-08-23T21:49:11.501-0400] {processor.py:179} INFO - Processing /Users/mauri/Desktop/repositorio/apache-airflow-tutorial/env/lib/python3.11/site-packages/airflow/example_dags/example_params_ui_tutorial.py took 0.111 seconds
[2023-08-23T21:50:27.646-0400] {processor.py:157} INFO - Started process (PID=9533) to work on /Users/mauri/Desktop/repositorio/apache-airflow-tutorial/env/lib/python3.11/site-packages/airflow/example_dags/example_params_ui_tutorial.py
[2023-08-23T21:50:27.649-0400] {processor.py:829} INFO - Processing file /Users/mauri/Desktop/repositorio/apache-airflow-tutorial/env/lib/python3.11/site-packages/airflow/example_dags/example_params_ui_tutorial.py for tasks to queue
[2023-08-23T21:50:27.649-0400] {logging_mixin.py:151} INFO - [2023-08-23T21:50:27.649-0400] {dagbag.py:539} INFO - Filling up the DagBag from /Users/mauri/Desktop/repositorio/apache-airflow-tutorial/env/lib/python3.11/site-packages/airflow/example_dags/example_params_ui_tutorial.py
[2023-08-23T21:50:27.700-0400] {processor.py:839} INFO - DAG(s) dict_keys(['example_params_ui_tutorial']) retrieved from /Users/mauri/Desktop/repositorio/apache-airflow-tutorial/env/lib/python3.11/site-packages/airflow/example_dags/example_params_ui_tutorial.py
[2023-08-23T21:50:27.745-0400] {logging_mixin.py:151} INFO - [2023-08-23T21:50:27.745-0400] {dag.py:2907} INFO - Sync 1 DAGs
[2023-08-23T21:50:27.748-0400] {logging_mixin.py:151} INFO - [2023-08-23T21:50:27.748-0400] {dag.py:3677} INFO - Setting next_dagrun for example_params_ui_tutorial to None, run_after=None
[2023-08-23T21:50:27.754-0400] {processor.py:179} INFO - Processing /Users/mauri/Desktop/repositorio/apache-airflow-tutorial/env/lib/python3.11/site-packages/airflow/example_dags/example_params_ui_tutorial.py took 0.108 seconds
[2023-08-23T21:51:42.019-0400] {processor.py:157} INFO - Started process (PID=9629) to work on /Users/mauri/Desktop/repositorio/apache-airflow-tutorial/env/lib/python3.11/site-packages/airflow/example_dags/example_params_ui_tutorial.py
[2023-08-23T21:51:42.021-0400] {processor.py:829} INFO - Processing file /Users/mauri/Desktop/repositorio/apache-airflow-tutorial/env/lib/python3.11/site-packages/airflow/example_dags/example_params_ui_tutorial.py for tasks to queue
[2023-08-23T21:51:42.021-0400] {logging_mixin.py:151} INFO - [2023-08-23T21:51:42.021-0400] {dagbag.py:539} INFO - Filling up the DagBag from /Users/mauri/Desktop/repositorio/apache-airflow-tutorial/env/lib/python3.11/site-packages/airflow/example_dags/example_params_ui_tutorial.py
[2023-08-23T21:51:42.073-0400] {processor.py:839} INFO - DAG(s) dict_keys(['example_params_ui_tutorial']) retrieved from /Users/mauri/Desktop/repositorio/apache-airflow-tutorial/env/lib/python3.11/site-packages/airflow/example_dags/example_params_ui_tutorial.py
[2023-08-23T21:51:42.118-0400] {logging_mixin.py:151} INFO - [2023-08-23T21:51:42.118-0400] {dag.py:2907} INFO - Sync 1 DAGs
[2023-08-23T21:51:42.121-0400] {logging_mixin.py:151} INFO - [2023-08-23T21:51:42.121-0400] {dag.py:3677} INFO - Setting next_dagrun for example_params_ui_tutorial to None, run_after=None
[2023-08-23T21:51:42.128-0400] {processor.py:179} INFO - Processing /Users/mauri/Desktop/repositorio/apache-airflow-tutorial/env/lib/python3.11/site-packages/airflow/example_dags/example_params_ui_tutorial.py took 0.109 seconds
[2023-08-23T21:52:53.059-0400] {processor.py:157} INFO - Started process (PID=9694) to work on /Users/mauri/Desktop/repositorio/apache-airflow-tutorial/env/lib/python3.11/site-packages/airflow/example_dags/example_params_ui_tutorial.py
[2023-08-23T21:52:53.060-0400] {processor.py:829} INFO - Processing file /Users/mauri/Desktop/repositorio/apache-airflow-tutorial/env/lib/python3.11/site-packages/airflow/example_dags/example_params_ui_tutorial.py for tasks to queue
[2023-08-23T21:52:53.061-0400] {logging_mixin.py:151} INFO - [2023-08-23T21:52:53.061-0400] {dagbag.py:539} INFO - Filling up the DagBag from /Users/mauri/Desktop/repositorio/apache-airflow-tutorial/env/lib/python3.11/site-packages/airflow/example_dags/example_params_ui_tutorial.py
[2023-08-23T21:52:53.112-0400] {processor.py:839} INFO - DAG(s) dict_keys(['example_params_ui_tutorial']) retrieved from /Users/mauri/Desktop/repositorio/apache-airflow-tutorial/env/lib/python3.11/site-packages/airflow/example_dags/example_params_ui_tutorial.py
[2023-08-23T21:52:53.156-0400] {logging_mixin.py:151} INFO - [2023-08-23T21:52:53.156-0400] {dag.py:2907} INFO - Sync 1 DAGs
[2023-08-23T21:52:53.159-0400] {logging_mixin.py:151} INFO - [2023-08-23T21:52:53.159-0400] {dag.py:3677} INFO - Setting next_dagrun for example_params_ui_tutorial to None, run_after=None
[2023-08-23T21:52:53.166-0400] {processor.py:179} INFO - Processing /Users/mauri/Desktop/repositorio/apache-airflow-tutorial/env/lib/python3.11/site-packages/airflow/example_dags/example_params_ui_tutorial.py took 0.107 seconds
[2023-08-23T21:54:03.068-0400] {processor.py:157} INFO - Started process (PID=9759) to work on /Users/mauri/Desktop/repositorio/apache-airflow-tutorial/env/lib/python3.11/site-packages/airflow/example_dags/example_params_ui_tutorial.py
[2023-08-23T21:54:03.070-0400] {processor.py:829} INFO - Processing file /Users/mauri/Desktop/repositorio/apache-airflow-tutorial/env/lib/python3.11/site-packages/airflow/example_dags/example_params_ui_tutorial.py for tasks to queue
[2023-08-23T21:54:03.070-0400] {logging_mixin.py:151} INFO - [2023-08-23T21:54:03.070-0400] {dagbag.py:539} INFO - Filling up the DagBag from /Users/mauri/Desktop/repositorio/apache-airflow-tutorial/env/lib/python3.11/site-packages/airflow/example_dags/example_params_ui_tutorial.py
[2023-08-23T21:54:03.121-0400] {processor.py:839} INFO - DAG(s) dict_keys(['example_params_ui_tutorial']) retrieved from /Users/mauri/Desktop/repositorio/apache-airflow-tutorial/env/lib/python3.11/site-packages/airflow/example_dags/example_params_ui_tutorial.py
[2023-08-23T21:54:03.169-0400] {logging_mixin.py:151} INFO - [2023-08-23T21:54:03.169-0400] {dag.py:2907} INFO - Sync 1 DAGs
[2023-08-23T21:54:03.172-0400] {logging_mixin.py:151} INFO - [2023-08-23T21:54:03.172-0400] {dag.py:3677} INFO - Setting next_dagrun for example_params_ui_tutorial to None, run_after=None
[2023-08-23T21:54:03.180-0400] {processor.py:179} INFO - Processing /Users/mauri/Desktop/repositorio/apache-airflow-tutorial/env/lib/python3.11/site-packages/airflow/example_dags/example_params_ui_tutorial.py took 0.112 seconds
[2023-08-23T21:55:15.347-0400] {processor.py:157} INFO - Started process (PID=9822) to work on /Users/mauri/Desktop/repositorio/apache-airflow-tutorial/env/lib/python3.11/site-packages/airflow/example_dags/example_params_ui_tutorial.py
[2023-08-23T21:55:15.349-0400] {processor.py:829} INFO - Processing file /Users/mauri/Desktop/repositorio/apache-airflow-tutorial/env/lib/python3.11/site-packages/airflow/example_dags/example_params_ui_tutorial.py for tasks to queue
[2023-08-23T21:55:15.349-0400] {logging_mixin.py:151} INFO - [2023-08-23T21:55:15.349-0400] {dagbag.py:539} INFO - Filling up the DagBag from /Users/mauri/Desktop/repositorio/apache-airflow-tutorial/env/lib/python3.11/site-packages/airflow/example_dags/example_params_ui_tutorial.py
[2023-08-23T21:55:15.409-0400] {processor.py:839} INFO - DAG(s) dict_keys(['example_params_ui_tutorial']) retrieved from /Users/mauri/Desktop/repositorio/apache-airflow-tutorial/env/lib/python3.11/site-packages/airflow/example_dags/example_params_ui_tutorial.py
[2023-08-23T21:55:15.456-0400] {logging_mixin.py:151} INFO - [2023-08-23T21:55:15.456-0400] {dag.py:2907} INFO - Sync 1 DAGs
[2023-08-23T21:55:15.460-0400] {logging_mixin.py:151} INFO - [2023-08-23T21:55:15.459-0400] {dag.py:3677} INFO - Setting next_dagrun for example_params_ui_tutorial to None, run_after=None
[2023-08-23T21:55:15.467-0400] {processor.py:179} INFO - Processing /Users/mauri/Desktop/repositorio/apache-airflow-tutorial/env/lib/python3.11/site-packages/airflow/example_dags/example_params_ui_tutorial.py took 0.121 seconds
[2023-08-23T21:56:28.411-0400] {processor.py:157} INFO - Started process (PID=9893) to work on /Users/mauri/Desktop/repositorio/apache-airflow-tutorial/env/lib/python3.11/site-packages/airflow/example_dags/example_params_ui_tutorial.py
[2023-08-23T21:56:28.412-0400] {processor.py:829} INFO - Processing file /Users/mauri/Desktop/repositorio/apache-airflow-tutorial/env/lib/python3.11/site-packages/airflow/example_dags/example_params_ui_tutorial.py for tasks to queue
[2023-08-23T21:56:28.413-0400] {logging_mixin.py:151} INFO - [2023-08-23T21:56:28.413-0400] {dagbag.py:539} INFO - Filling up the DagBag from /Users/mauri/Desktop/repositorio/apache-airflow-tutorial/env/lib/python3.11/site-packages/airflow/example_dags/example_params_ui_tutorial.py
[2023-08-23T21:56:28.464-0400] {processor.py:839} INFO - DAG(s) dict_keys(['example_params_ui_tutorial']) retrieved from /Users/mauri/Desktop/repositorio/apache-airflow-tutorial/env/lib/python3.11/site-packages/airflow/example_dags/example_params_ui_tutorial.py
[2023-08-23T21:56:28.509-0400] {logging_mixin.py:151} INFO - [2023-08-23T21:56:28.509-0400] {dag.py:2907} INFO - Sync 1 DAGs
[2023-08-23T21:56:28.512-0400] {logging_mixin.py:151} INFO - [2023-08-23T21:56:28.512-0400] {dag.py:3677} INFO - Setting next_dagrun for example_params_ui_tutorial to None, run_after=None
[2023-08-23T21:56:28.519-0400] {processor.py:179} INFO - Processing /Users/mauri/Desktop/repositorio/apache-airflow-tutorial/env/lib/python3.11/site-packages/airflow/example_dags/example_params_ui_tutorial.py took 0.108 seconds
[2023-08-23T21:57:45.057-0400] {processor.py:157} INFO - Started process (PID=9960) to work on /Users/mauri/Desktop/repositorio/apache-airflow-tutorial/env/lib/python3.11/site-packages/airflow/example_dags/example_params_ui_tutorial.py
[2023-08-23T21:57:45.059-0400] {processor.py:829} INFO - Processing file /Users/mauri/Desktop/repositorio/apache-airflow-tutorial/env/lib/python3.11/site-packages/airflow/example_dags/example_params_ui_tutorial.py for tasks to queue
[2023-08-23T21:57:45.059-0400] {logging_mixin.py:151} INFO - [2023-08-23T21:57:45.059-0400] {dagbag.py:539} INFO - Filling up the DagBag from /Users/mauri/Desktop/repositorio/apache-airflow-tutorial/env/lib/python3.11/site-packages/airflow/example_dags/example_params_ui_tutorial.py
[2023-08-23T21:57:45.111-0400] {processor.py:839} INFO - DAG(s) dict_keys(['example_params_ui_tutorial']) retrieved from /Users/mauri/Desktop/repositorio/apache-airflow-tutorial/env/lib/python3.11/site-packages/airflow/example_dags/example_params_ui_tutorial.py
[2023-08-23T21:57:45.157-0400] {logging_mixin.py:151} INFO - [2023-08-23T21:57:45.156-0400] {dag.py:2907} INFO - Sync 1 DAGs
[2023-08-23T21:57:45.159-0400] {logging_mixin.py:151} INFO - [2023-08-23T21:57:45.159-0400] {dag.py:3677} INFO - Setting next_dagrun for example_params_ui_tutorial to None, run_after=None
[2023-08-23T21:57:45.168-0400] {processor.py:179} INFO - Processing /Users/mauri/Desktop/repositorio/apache-airflow-tutorial/env/lib/python3.11/site-packages/airflow/example_dags/example_params_ui_tutorial.py took 0.111 seconds
[2023-08-23T21:58:59.784-0400] {processor.py:157} INFO - Started process (PID=10023) to work on /Users/mauri/Desktop/repositorio/apache-airflow-tutorial/env/lib/python3.11/site-packages/airflow/example_dags/example_params_ui_tutorial.py
[2023-08-23T21:58:59.785-0400] {processor.py:829} INFO - Processing file /Users/mauri/Desktop/repositorio/apache-airflow-tutorial/env/lib/python3.11/site-packages/airflow/example_dags/example_params_ui_tutorial.py for tasks to queue
[2023-08-23T21:58:59.785-0400] {logging_mixin.py:151} INFO - [2023-08-23T21:58:59.785-0400] {dagbag.py:539} INFO - Filling up the DagBag from /Users/mauri/Desktop/repositorio/apache-airflow-tutorial/env/lib/python3.11/site-packages/airflow/example_dags/example_params_ui_tutorial.py
[2023-08-23T21:58:59.837-0400] {processor.py:839} INFO - DAG(s) dict_keys(['example_params_ui_tutorial']) retrieved from /Users/mauri/Desktop/repositorio/apache-airflow-tutorial/env/lib/python3.11/site-packages/airflow/example_dags/example_params_ui_tutorial.py
[2023-08-23T21:58:59.883-0400] {logging_mixin.py:151} INFO - [2023-08-23T21:58:59.883-0400] {dag.py:2907} INFO - Sync 1 DAGs
[2023-08-23T21:58:59.886-0400] {logging_mixin.py:151} INFO - [2023-08-23T21:58:59.886-0400] {dag.py:3677} INFO - Setting next_dagrun for example_params_ui_tutorial to None, run_after=None
[2023-08-23T21:58:59.892-0400] {processor.py:179} INFO - Processing /Users/mauri/Desktop/repositorio/apache-airflow-tutorial/env/lib/python3.11/site-packages/airflow/example_dags/example_params_ui_tutorial.py took 0.109 seconds
[2023-08-23T22:00:14.344-0400] {processor.py:157} INFO - Started process (PID=10094) to work on /Users/mauri/Desktop/repositorio/apache-airflow-tutorial/env/lib/python3.11/site-packages/airflow/example_dags/example_params_ui_tutorial.py
[2023-08-23T22:00:14.345-0400] {processor.py:829} INFO - Processing file /Users/mauri/Desktop/repositorio/apache-airflow-tutorial/env/lib/python3.11/site-packages/airflow/example_dags/example_params_ui_tutorial.py for tasks to queue
[2023-08-23T22:00:14.346-0400] {logging_mixin.py:151} INFO - [2023-08-23T22:00:14.346-0400] {dagbag.py:539} INFO - Filling up the DagBag from /Users/mauri/Desktop/repositorio/apache-airflow-tutorial/env/lib/python3.11/site-packages/airflow/example_dags/example_params_ui_tutorial.py
[2023-08-23T22:00:14.397-0400] {processor.py:839} INFO - DAG(s) dict_keys(['example_params_ui_tutorial']) retrieved from /Users/mauri/Desktop/repositorio/apache-airflow-tutorial/env/lib/python3.11/site-packages/airflow/example_dags/example_params_ui_tutorial.py
[2023-08-23T22:00:14.442-0400] {logging_mixin.py:151} INFO - [2023-08-23T22:00:14.442-0400] {dag.py:2907} INFO - Sync 1 DAGs
[2023-08-23T22:00:14.445-0400] {logging_mixin.py:151} INFO - [2023-08-23T22:00:14.445-0400] {dag.py:3677} INFO - Setting next_dagrun for example_params_ui_tutorial to None, run_after=None
[2023-08-23T22:00:14.452-0400] {processor.py:179} INFO - Processing /Users/mauri/Desktop/repositorio/apache-airflow-tutorial/env/lib/python3.11/site-packages/airflow/example_dags/example_params_ui_tutorial.py took 0.108 seconds
