[2023-08-23T21:34:17.744-0400] {processor.py:157} INFO - Started process (PID=8510) to work on /Users/mauri/Desktop/repositorio/apache-airflow-tutorial/env/lib/python3.11/site-packages/airflow/example_dags/example_subdag_operator.py
[2023-08-23T21:34:17.745-0400] {processor.py:829} INFO - Processing file /Users/mauri/Desktop/repositorio/apache-airflow-tutorial/env/lib/python3.11/site-packages/airflow/example_dags/example_subdag_operator.py for tasks to queue
[2023-08-23T21:34:17.745-0400] {logging_mixin.py:151} INFO - [2023-08-23T21:34:17.745-0400] {dagbag.py:539} INFO - Filling up the DagBag from /Users/mauri/Desktop/repositorio/apache-airflow-tutorial/env/lib/python3.11/site-packages/airflow/example_dags/example_subdag_operator.py
[2023-08-23T21:34:17.803-0400] {processor.py:839} INFO - DAG(s) dict_keys(['example_subdag_operator.section-1', 'example_subdag_operator.section-2', 'example_subdag_operator']) retrieved from /Users/mauri/Desktop/repositorio/apache-airflow-tutorial/env/lib/python3.11/site-packages/airflow/example_dags/example_subdag_operator.py
[2023-08-23T21:34:18.071-0400] {logging_mixin.py:151} INFO - [2023-08-23T21:34:18.071-0400] {manager.py:501} INFO - Created Permission View: can read on DAG:example_subdag_operator
[2023-08-23T21:34:18.074-0400] {logging_mixin.py:151} INFO - [2023-08-23T21:34:18.074-0400] {manager.py:501} INFO - Created Permission View: can delete on DAG:example_subdag_operator
[2023-08-23T21:34:18.076-0400] {logging_mixin.py:151} INFO - [2023-08-23T21:34:18.076-0400] {manager.py:501} INFO - Created Permission View: can edit on DAG:example_subdag_operator
[2023-08-23T21:34:18.079-0400] {logging_mixin.py:151} INFO - [2023-08-23T21:34:18.079-0400] {dag.py:2907} INFO - Sync 3 DAGs
[2023-08-23T21:34:18.082-0400] {logging_mixin.py:151} INFO - [2023-08-23T21:34:18.082-0400] {dag.py:2929} INFO - Creating ORM DAG for example_subdag_operator
[2023-08-23T21:34:18.082-0400] {logging_mixin.py:151} INFO - [2023-08-23T21:34:18.082-0400] {dag.py:2929} INFO - Creating ORM DAG for example_subdag_operator.section-2
[2023-08-23T21:34:18.082-0400] {logging_mixin.py:151} INFO - [2023-08-23T21:34:18.082-0400] {dag.py:2929} INFO - Creating ORM DAG for example_subdag_operator.section-1
[2023-08-23T21:34:18.085-0400] {logging_mixin.py:151} INFO - [2023-08-23T21:34:18.085-0400] {dag.py:3677} INFO - Setting next_dagrun for example_subdag_operator to 2022-01-01T00:00:00+00:00, run_after=2022-01-01T00:00:00+00:00
[2023-08-23T21:34:18.085-0400] {logging_mixin.py:151} INFO - [2023-08-23T21:34:18.085-0400] {dag.py:3677} INFO - Setting next_dagrun for example_subdag_operator.section-1 to None, run_after=None
[2023-08-23T21:34:18.085-0400] {logging_mixin.py:151} INFO - [2023-08-23T21:34:18.085-0400] {dag.py:3677} INFO - Setting next_dagrun for example_subdag_operator.section-2 to None, run_after=None
[2023-08-23T21:34:18.087-0400] {logging_mixin.py:151} INFO - [2023-08-23T21:34:18.087-0400] {dag.py:2907} INFO - Sync 2 DAGs
[2023-08-23T21:34:18.089-0400] {logging_mixin.py:151} INFO - [2023-08-23T21:34:18.088-0400] {dag.py:3677} INFO - Setting next_dagrun for example_subdag_operator.section-1 to None, run_after=None
[2023-08-23T21:34:18.089-0400] {logging_mixin.py:151} INFO - [2023-08-23T21:34:18.089-0400] {dag.py:3677} INFO - Setting next_dagrun for example_subdag_operator.section-2 to None, run_after=None
[2023-08-23T21:34:18.094-0400] {processor.py:179} INFO - Processing /Users/mauri/Desktop/repositorio/apache-airflow-tutorial/env/lib/python3.11/site-packages/airflow/example_dags/example_subdag_operator.py took 0.350 seconds
[2023-08-23T21:35:35.501-0400] {processor.py:157} INFO - Started process (PID=8565) to work on /Users/mauri/Desktop/repositorio/apache-airflow-tutorial/env/lib/python3.11/site-packages/airflow/example_dags/example_subdag_operator.py
[2023-08-23T21:35:35.503-0400] {processor.py:829} INFO - Processing file /Users/mauri/Desktop/repositorio/apache-airflow-tutorial/env/lib/python3.11/site-packages/airflow/example_dags/example_subdag_operator.py for tasks to queue
[2023-08-23T21:35:35.503-0400] {logging_mixin.py:151} INFO - [2023-08-23T21:35:35.503-0400] {dagbag.py:539} INFO - Filling up the DagBag from /Users/mauri/Desktop/repositorio/apache-airflow-tutorial/env/lib/python3.11/site-packages/airflow/example_dags/example_subdag_operator.py
[2023-08-23T21:35:35.562-0400] {processor.py:839} INFO - DAG(s) dict_keys(['example_subdag_operator.section-1', 'example_subdag_operator.section-2', 'example_subdag_operator']) retrieved from /Users/mauri/Desktop/repositorio/apache-airflow-tutorial/env/lib/python3.11/site-packages/airflow/example_dags/example_subdag_operator.py
[2023-08-23T21:35:35.590-0400] {logging_mixin.py:151} INFO - [2023-08-23T21:35:35.590-0400] {dag.py:2907} INFO - Sync 3 DAGs
[2023-08-23T21:35:35.595-0400] {logging_mixin.py:151} INFO - [2023-08-23T21:35:35.595-0400] {dag.py:3677} INFO - Setting next_dagrun for example_subdag_operator to 2022-01-01T00:00:00+00:00, run_after=2022-01-01T00:00:00+00:00
[2023-08-23T21:35:35.596-0400] {logging_mixin.py:151} INFO - [2023-08-23T21:35:35.596-0400] {dag.py:3677} INFO - Setting next_dagrun for example_subdag_operator.section-1 to None, run_after=None
[2023-08-23T21:35:35.596-0400] {logging_mixin.py:151} INFO - [2023-08-23T21:35:35.596-0400] {dag.py:3677} INFO - Setting next_dagrun for example_subdag_operator.section-2 to None, run_after=None
[2023-08-23T21:35:35.598-0400] {logging_mixin.py:151} INFO - [2023-08-23T21:35:35.598-0400] {dag.py:2907} INFO - Sync 2 DAGs
[2023-08-23T21:35:35.599-0400] {logging_mixin.py:151} INFO - [2023-08-23T21:35:35.599-0400] {dag.py:3677} INFO - Setting next_dagrun for example_subdag_operator.section-1 to None, run_after=None
[2023-08-23T21:35:35.599-0400] {logging_mixin.py:151} INFO - [2023-08-23T21:35:35.599-0400] {dag.py:3677} INFO - Setting next_dagrun for example_subdag_operator.section-2 to None, run_after=None
[2023-08-23T21:35:35.604-0400] {processor.py:179} INFO - Processing /Users/mauri/Desktop/repositorio/apache-airflow-tutorial/env/lib/python3.11/site-packages/airflow/example_dags/example_subdag_operator.py took 0.103 seconds
[2023-08-23T21:36:48.545-0400] {processor.py:157} INFO - Started process (PID=8635) to work on /Users/mauri/Desktop/repositorio/apache-airflow-tutorial/env/lib/python3.11/site-packages/airflow/example_dags/example_subdag_operator.py
[2023-08-23T21:36:48.548-0400] {processor.py:829} INFO - Processing file /Users/mauri/Desktop/repositorio/apache-airflow-tutorial/env/lib/python3.11/site-packages/airflow/example_dags/example_subdag_operator.py for tasks to queue
[2023-08-23T21:36:48.548-0400] {logging_mixin.py:151} INFO - [2023-08-23T21:36:48.548-0400] {dagbag.py:539} INFO - Filling up the DagBag from /Users/mauri/Desktop/repositorio/apache-airflow-tutorial/env/lib/python3.11/site-packages/airflow/example_dags/example_subdag_operator.py
[2023-08-23T21:36:48.606-0400] {processor.py:839} INFO - DAG(s) dict_keys(['example_subdag_operator.section-1', 'example_subdag_operator.section-2', 'example_subdag_operator']) retrieved from /Users/mauri/Desktop/repositorio/apache-airflow-tutorial/env/lib/python3.11/site-packages/airflow/example_dags/example_subdag_operator.py
[2023-08-23T21:36:48.631-0400] {logging_mixin.py:151} INFO - [2023-08-23T21:36:48.631-0400] {dag.py:2907} INFO - Sync 3 DAGs
[2023-08-23T21:36:48.636-0400] {logging_mixin.py:151} INFO - [2023-08-23T21:36:48.636-0400] {dag.py:3677} INFO - Setting next_dagrun for example_subdag_operator to 2022-01-01T00:00:00+00:00, run_after=2022-01-01T00:00:00+00:00
[2023-08-23T21:36:48.637-0400] {logging_mixin.py:151} INFO - [2023-08-23T21:36:48.637-0400] {dag.py:3677} INFO - Setting next_dagrun for example_subdag_operator.section-1 to None, run_after=None
[2023-08-23T21:36:48.637-0400] {logging_mixin.py:151} INFO - [2023-08-23T21:36:48.637-0400] {dag.py:3677} INFO - Setting next_dagrun for example_subdag_operator.section-2 to None, run_after=None
[2023-08-23T21:36:48.639-0400] {logging_mixin.py:151} INFO - [2023-08-23T21:36:48.639-0400] {dag.py:2907} INFO - Sync 2 DAGs
[2023-08-23T21:36:48.640-0400] {logging_mixin.py:151} INFO - [2023-08-23T21:36:48.640-0400] {dag.py:3677} INFO - Setting next_dagrun for example_subdag_operator.section-1 to None, run_after=None
[2023-08-23T21:36:48.640-0400] {logging_mixin.py:151} INFO - [2023-08-23T21:36:48.640-0400] {dag.py:3677} INFO - Setting next_dagrun for example_subdag_operator.section-2 to None, run_after=None
[2023-08-23T21:36:48.644-0400] {processor.py:179} INFO - Processing /Users/mauri/Desktop/repositorio/apache-airflow-tutorial/env/lib/python3.11/site-packages/airflow/example_dags/example_subdag_operator.py took 0.099 seconds
[2023-08-23T21:38:02.081-0400] {processor.py:157} INFO - Started process (PID=8694) to work on /Users/mauri/Desktop/repositorio/apache-airflow-tutorial/env/lib/python3.11/site-packages/airflow/example_dags/example_subdag_operator.py
[2023-08-23T21:38:02.084-0400] {processor.py:829} INFO - Processing file /Users/mauri/Desktop/repositorio/apache-airflow-tutorial/env/lib/python3.11/site-packages/airflow/example_dags/example_subdag_operator.py for tasks to queue
[2023-08-23T21:38:02.084-0400] {logging_mixin.py:151} INFO - [2023-08-23T21:38:02.084-0400] {dagbag.py:539} INFO - Filling up the DagBag from /Users/mauri/Desktop/repositorio/apache-airflow-tutorial/env/lib/python3.11/site-packages/airflow/example_dags/example_subdag_operator.py
[2023-08-23T21:38:02.142-0400] {processor.py:839} INFO - DAG(s) dict_keys(['example_subdag_operator.section-1', 'example_subdag_operator.section-2', 'example_subdag_operator']) retrieved from /Users/mauri/Desktop/repositorio/apache-airflow-tutorial/env/lib/python3.11/site-packages/airflow/example_dags/example_subdag_operator.py
[2023-08-23T21:38:02.167-0400] {logging_mixin.py:151} INFO - [2023-08-23T21:38:02.167-0400] {dag.py:2907} INFO - Sync 3 DAGs
[2023-08-23T21:38:02.172-0400] {logging_mixin.py:151} INFO - [2023-08-23T21:38:02.172-0400] {dag.py:3677} INFO - Setting next_dagrun for example_subdag_operator to 2022-01-01T00:00:00+00:00, run_after=2022-01-01T00:00:00+00:00
[2023-08-23T21:38:02.173-0400] {logging_mixin.py:151} INFO - [2023-08-23T21:38:02.173-0400] {dag.py:3677} INFO - Setting next_dagrun for example_subdag_operator.section-1 to None, run_after=None
[2023-08-23T21:38:02.173-0400] {logging_mixin.py:151} INFO - [2023-08-23T21:38:02.173-0400] {dag.py:3677} INFO - Setting next_dagrun for example_subdag_operator.section-2 to None, run_after=None
[2023-08-23T21:38:02.175-0400] {logging_mixin.py:151} INFO - [2023-08-23T21:38:02.175-0400] {dag.py:2907} INFO - Sync 2 DAGs
[2023-08-23T21:38:02.176-0400] {logging_mixin.py:151} INFO - [2023-08-23T21:38:02.176-0400] {dag.py:3677} INFO - Setting next_dagrun for example_subdag_operator.section-1 to None, run_after=None
[2023-08-23T21:38:02.176-0400] {logging_mixin.py:151} INFO - [2023-08-23T21:38:02.176-0400] {dag.py:3677} INFO - Setting next_dagrun for example_subdag_operator.section-2 to None, run_after=None
[2023-08-23T21:38:02.181-0400] {processor.py:179} INFO - Processing /Users/mauri/Desktop/repositorio/apache-airflow-tutorial/env/lib/python3.11/site-packages/airflow/example_dags/example_subdag_operator.py took 0.099 seconds
[2023-08-23T21:39:18.111-0400] {processor.py:157} INFO - Started process (PID=8769) to work on /Users/mauri/Desktop/repositorio/apache-airflow-tutorial/env/lib/python3.11/site-packages/airflow/example_dags/example_subdag_operator.py
[2023-08-23T21:39:18.113-0400] {processor.py:829} INFO - Processing file /Users/mauri/Desktop/repositorio/apache-airflow-tutorial/env/lib/python3.11/site-packages/airflow/example_dags/example_subdag_operator.py for tasks to queue
[2023-08-23T21:39:18.113-0400] {logging_mixin.py:151} INFO - [2023-08-23T21:39:18.113-0400] {dagbag.py:539} INFO - Filling up the DagBag from /Users/mauri/Desktop/repositorio/apache-airflow-tutorial/env/lib/python3.11/site-packages/airflow/example_dags/example_subdag_operator.py
[2023-08-23T21:39:18.171-0400] {processor.py:839} INFO - DAG(s) dict_keys(['example_subdag_operator.section-1', 'example_subdag_operator.section-2', 'example_subdag_operator']) retrieved from /Users/mauri/Desktop/repositorio/apache-airflow-tutorial/env/lib/python3.11/site-packages/airflow/example_dags/example_subdag_operator.py
[2023-08-23T21:39:18.195-0400] {logging_mixin.py:151} INFO - [2023-08-23T21:39:18.195-0400] {dag.py:2907} INFO - Sync 3 DAGs
[2023-08-23T21:39:18.200-0400] {logging_mixin.py:151} INFO - [2023-08-23T21:39:18.200-0400] {dag.py:3677} INFO - Setting next_dagrun for example_subdag_operator to 2022-01-01T00:00:00+00:00, run_after=2022-01-01T00:00:00+00:00
[2023-08-23T21:39:18.201-0400] {logging_mixin.py:151} INFO - [2023-08-23T21:39:18.201-0400] {dag.py:3677} INFO - Setting next_dagrun for example_subdag_operator.section-1 to None, run_after=None
[2023-08-23T21:39:18.201-0400] {logging_mixin.py:151} INFO - [2023-08-23T21:39:18.201-0400] {dag.py:3677} INFO - Setting next_dagrun for example_subdag_operator.section-2 to None, run_after=None
[2023-08-23T21:39:18.203-0400] {logging_mixin.py:151} INFO - [2023-08-23T21:39:18.203-0400] {dag.py:2907} INFO - Sync 2 DAGs
[2023-08-23T21:39:18.204-0400] {logging_mixin.py:151} INFO - [2023-08-23T21:39:18.204-0400] {dag.py:3677} INFO - Setting next_dagrun for example_subdag_operator.section-1 to None, run_after=None
[2023-08-23T21:39:18.204-0400] {logging_mixin.py:151} INFO - [2023-08-23T21:39:18.204-0400] {dag.py:3677} INFO - Setting next_dagrun for example_subdag_operator.section-2 to None, run_after=None
[2023-08-23T21:39:18.208-0400] {processor.py:179} INFO - Processing /Users/mauri/Desktop/repositorio/apache-airflow-tutorial/env/lib/python3.11/site-packages/airflow/example_dags/example_subdag_operator.py took 0.098 seconds
[2023-08-23T21:40:31.770-0400] {processor.py:157} INFO - Started process (PID=8831) to work on /Users/mauri/Desktop/repositorio/apache-airflow-tutorial/env/lib/python3.11/site-packages/airflow/example_dags/example_subdag_operator.py
[2023-08-23T21:40:31.772-0400] {processor.py:829} INFO - Processing file /Users/mauri/Desktop/repositorio/apache-airflow-tutorial/env/lib/python3.11/site-packages/airflow/example_dags/example_subdag_operator.py for tasks to queue
[2023-08-23T21:40:31.772-0400] {logging_mixin.py:151} INFO - [2023-08-23T21:40:31.772-0400] {dagbag.py:539} INFO - Filling up the DagBag from /Users/mauri/Desktop/repositorio/apache-airflow-tutorial/env/lib/python3.11/site-packages/airflow/example_dags/example_subdag_operator.py
[2023-08-23T21:40:31.830-0400] {processor.py:839} INFO - DAG(s) dict_keys(['example_subdag_operator.section-1', 'example_subdag_operator.section-2', 'example_subdag_operator']) retrieved from /Users/mauri/Desktop/repositorio/apache-airflow-tutorial/env/lib/python3.11/site-packages/airflow/example_dags/example_subdag_operator.py
[2023-08-23T21:40:31.854-0400] {logging_mixin.py:151} INFO - [2023-08-23T21:40:31.854-0400] {dag.py:2907} INFO - Sync 3 DAGs
[2023-08-23T21:40:31.859-0400] {logging_mixin.py:151} INFO - [2023-08-23T21:40:31.859-0400] {dag.py:3677} INFO - Setting next_dagrun for example_subdag_operator to 2022-01-01T00:00:00+00:00, run_after=2022-01-01T00:00:00+00:00
[2023-08-23T21:40:31.860-0400] {logging_mixin.py:151} INFO - [2023-08-23T21:40:31.860-0400] {dag.py:3677} INFO - Setting next_dagrun for example_subdag_operator.section-1 to None, run_after=None
[2023-08-23T21:40:31.860-0400] {logging_mixin.py:151} INFO - [2023-08-23T21:40:31.860-0400] {dag.py:3677} INFO - Setting next_dagrun for example_subdag_operator.section-2 to None, run_after=None
[2023-08-23T21:40:31.862-0400] {logging_mixin.py:151} INFO - [2023-08-23T21:40:31.862-0400] {dag.py:2907} INFO - Sync 2 DAGs
[2023-08-23T21:40:31.863-0400] {logging_mixin.py:151} INFO - [2023-08-23T21:40:31.863-0400] {dag.py:3677} INFO - Setting next_dagrun for example_subdag_operator.section-1 to None, run_after=None
[2023-08-23T21:40:31.863-0400] {logging_mixin.py:151} INFO - [2023-08-23T21:40:31.863-0400] {dag.py:3677} INFO - Setting next_dagrun for example_subdag_operator.section-2 to None, run_after=None
[2023-08-23T21:40:31.868-0400] {processor.py:179} INFO - Processing /Users/mauri/Desktop/repositorio/apache-airflow-tutorial/env/lib/python3.11/site-packages/airflow/example_dags/example_subdag_operator.py took 0.098 seconds
[2023-08-23T21:41:45.178-0400] {processor.py:157} INFO - Started process (PID=8890) to work on /Users/mauri/Desktop/repositorio/apache-airflow-tutorial/env/lib/python3.11/site-packages/airflow/example_dags/example_subdag_operator.py
[2023-08-23T21:41:45.179-0400] {processor.py:829} INFO - Processing file /Users/mauri/Desktop/repositorio/apache-airflow-tutorial/env/lib/python3.11/site-packages/airflow/example_dags/example_subdag_operator.py for tasks to queue
[2023-08-23T21:41:45.179-0400] {logging_mixin.py:151} INFO - [2023-08-23T21:41:45.179-0400] {dagbag.py:539} INFO - Filling up the DagBag from /Users/mauri/Desktop/repositorio/apache-airflow-tutorial/env/lib/python3.11/site-packages/airflow/example_dags/example_subdag_operator.py
[2023-08-23T21:41:45.242-0400] {processor.py:839} INFO - DAG(s) dict_keys(['example_subdag_operator.section-1', 'example_subdag_operator.section-2', 'example_subdag_operator']) retrieved from /Users/mauri/Desktop/repositorio/apache-airflow-tutorial/env/lib/python3.11/site-packages/airflow/example_dags/example_subdag_operator.py
[2023-08-23T21:41:45.267-0400] {logging_mixin.py:151} INFO - [2023-08-23T21:41:45.267-0400] {dag.py:2907} INFO - Sync 3 DAGs
[2023-08-23T21:41:45.272-0400] {logging_mixin.py:151} INFO - [2023-08-23T21:41:45.272-0400] {dag.py:3677} INFO - Setting next_dagrun for example_subdag_operator to 2022-01-01T00:00:00+00:00, run_after=2022-01-01T00:00:00+00:00
[2023-08-23T21:41:45.273-0400] {logging_mixin.py:151} INFO - [2023-08-23T21:41:45.273-0400] {dag.py:3677} INFO - Setting next_dagrun for example_subdag_operator.section-1 to None, run_after=None
[2023-08-23T21:41:45.273-0400] {logging_mixin.py:151} INFO - [2023-08-23T21:41:45.273-0400] {dag.py:3677} INFO - Setting next_dagrun for example_subdag_operator.section-2 to None, run_after=None
[2023-08-23T21:41:45.275-0400] {logging_mixin.py:151} INFO - [2023-08-23T21:41:45.275-0400] {dag.py:2907} INFO - Sync 2 DAGs
[2023-08-23T21:41:45.276-0400] {logging_mixin.py:151} INFO - [2023-08-23T21:41:45.276-0400] {dag.py:3677} INFO - Setting next_dagrun for example_subdag_operator.section-1 to None, run_after=None
[2023-08-23T21:41:45.277-0400] {logging_mixin.py:151} INFO - [2023-08-23T21:41:45.276-0400] {dag.py:3677} INFO - Setting next_dagrun for example_subdag_operator.section-2 to None, run_after=None
[2023-08-23T21:41:45.282-0400] {processor.py:179} INFO - Processing /Users/mauri/Desktop/repositorio/apache-airflow-tutorial/env/lib/python3.11/site-packages/airflow/example_dags/example_subdag_operator.py took 0.104 seconds
[2023-08-23T21:42:57.578-0400] {processor.py:157} INFO - Started process (PID=8955) to work on /Users/mauri/Desktop/repositorio/apache-airflow-tutorial/env/lib/python3.11/site-packages/airflow/example_dags/example_subdag_operator.py
[2023-08-23T21:42:57.579-0400] {processor.py:829} INFO - Processing file /Users/mauri/Desktop/repositorio/apache-airflow-tutorial/env/lib/python3.11/site-packages/airflow/example_dags/example_subdag_operator.py for tasks to queue
[2023-08-23T21:42:57.579-0400] {logging_mixin.py:151} INFO - [2023-08-23T21:42:57.579-0400] {dagbag.py:539} INFO - Filling up the DagBag from /Users/mauri/Desktop/repositorio/apache-airflow-tutorial/env/lib/python3.11/site-packages/airflow/example_dags/example_subdag_operator.py
[2023-08-23T21:42:57.636-0400] {processor.py:839} INFO - DAG(s) dict_keys(['example_subdag_operator.section-1', 'example_subdag_operator.section-2', 'example_subdag_operator']) retrieved from /Users/mauri/Desktop/repositorio/apache-airflow-tutorial/env/lib/python3.11/site-packages/airflow/example_dags/example_subdag_operator.py
[2023-08-23T21:42:57.660-0400] {logging_mixin.py:151} INFO - [2023-08-23T21:42:57.660-0400] {dag.py:2907} INFO - Sync 3 DAGs
[2023-08-23T21:42:57.665-0400] {logging_mixin.py:151} INFO - [2023-08-23T21:42:57.665-0400] {dag.py:3677} INFO - Setting next_dagrun for example_subdag_operator to 2022-01-01T00:00:00+00:00, run_after=2022-01-01T00:00:00+00:00
[2023-08-23T21:42:57.666-0400] {logging_mixin.py:151} INFO - [2023-08-23T21:42:57.666-0400] {dag.py:3677} INFO - Setting next_dagrun for example_subdag_operator.section-1 to None, run_after=None
[2023-08-23T21:42:57.666-0400] {logging_mixin.py:151} INFO - [2023-08-23T21:42:57.666-0400] {dag.py:3677} INFO - Setting next_dagrun for example_subdag_operator.section-2 to None, run_after=None
[2023-08-23T21:42:57.668-0400] {logging_mixin.py:151} INFO - [2023-08-23T21:42:57.668-0400] {dag.py:2907} INFO - Sync 2 DAGs
[2023-08-23T21:42:57.669-0400] {logging_mixin.py:151} INFO - [2023-08-23T21:42:57.669-0400] {dag.py:3677} INFO - Setting next_dagrun for example_subdag_operator.section-1 to None, run_after=None
[2023-08-23T21:42:57.669-0400] {logging_mixin.py:151} INFO - [2023-08-23T21:42:57.669-0400] {dag.py:3677} INFO - Setting next_dagrun for example_subdag_operator.section-2 to None, run_after=None
[2023-08-23T21:42:57.674-0400] {processor.py:179} INFO - Processing /Users/mauri/Desktop/repositorio/apache-airflow-tutorial/env/lib/python3.11/site-packages/airflow/example_dags/example_subdag_operator.py took 0.096 seconds
[2023-08-23T21:44:07.578-0400] {processor.py:157} INFO - Started process (PID=9019) to work on /Users/mauri/Desktop/repositorio/apache-airflow-tutorial/env/lib/python3.11/site-packages/airflow/example_dags/example_subdag_operator.py
[2023-08-23T21:44:07.579-0400] {processor.py:829} INFO - Processing file /Users/mauri/Desktop/repositorio/apache-airflow-tutorial/env/lib/python3.11/site-packages/airflow/example_dags/example_subdag_operator.py for tasks to queue
[2023-08-23T21:44:07.579-0400] {logging_mixin.py:151} INFO - [2023-08-23T21:44:07.579-0400] {dagbag.py:539} INFO - Filling up the DagBag from /Users/mauri/Desktop/repositorio/apache-airflow-tutorial/env/lib/python3.11/site-packages/airflow/example_dags/example_subdag_operator.py
[2023-08-23T21:44:07.636-0400] {processor.py:839} INFO - DAG(s) dict_keys(['example_subdag_operator.section-1', 'example_subdag_operator.section-2', 'example_subdag_operator']) retrieved from /Users/mauri/Desktop/repositorio/apache-airflow-tutorial/env/lib/python3.11/site-packages/airflow/example_dags/example_subdag_operator.py
[2023-08-23T21:44:07.660-0400] {logging_mixin.py:151} INFO - [2023-08-23T21:44:07.660-0400] {dag.py:2907} INFO - Sync 3 DAGs
[2023-08-23T21:44:07.665-0400] {logging_mixin.py:151} INFO - [2023-08-23T21:44:07.665-0400] {dag.py:3677} INFO - Setting next_dagrun for example_subdag_operator to 2022-01-01T00:00:00+00:00, run_after=2022-01-01T00:00:00+00:00
[2023-08-23T21:44:07.666-0400] {logging_mixin.py:151} INFO - [2023-08-23T21:44:07.666-0400] {dag.py:3677} INFO - Setting next_dagrun for example_subdag_operator.section-1 to None, run_after=None
[2023-08-23T21:44:07.667-0400] {logging_mixin.py:151} INFO - [2023-08-23T21:44:07.667-0400] {dag.py:3677} INFO - Setting next_dagrun for example_subdag_operator.section-2 to None, run_after=None
[2023-08-23T21:44:07.668-0400] {logging_mixin.py:151} INFO - [2023-08-23T21:44:07.668-0400] {dag.py:2907} INFO - Sync 2 DAGs
[2023-08-23T21:44:07.669-0400] {logging_mixin.py:151} INFO - [2023-08-23T21:44:07.669-0400] {dag.py:3677} INFO - Setting next_dagrun for example_subdag_operator.section-1 to None, run_after=None
[2023-08-23T21:44:07.670-0400] {logging_mixin.py:151} INFO - [2023-08-23T21:44:07.670-0400] {dag.py:3677} INFO - Setting next_dagrun for example_subdag_operator.section-2 to None, run_after=None
[2023-08-23T21:44:07.674-0400] {processor.py:179} INFO - Processing /Users/mauri/Desktop/repositorio/apache-airflow-tutorial/env/lib/python3.11/site-packages/airflow/example_dags/example_subdag_operator.py took 0.097 seconds
[2023-08-23T21:45:21.296-0400] {processor.py:157} INFO - Started process (PID=9097) to work on /Users/mauri/Desktop/repositorio/apache-airflow-tutorial/env/lib/python3.11/site-packages/airflow/example_dags/example_subdag_operator.py
[2023-08-23T21:45:21.297-0400] {processor.py:829} INFO - Processing file /Users/mauri/Desktop/repositorio/apache-airflow-tutorial/env/lib/python3.11/site-packages/airflow/example_dags/example_subdag_operator.py for tasks to queue
[2023-08-23T21:45:21.297-0400] {logging_mixin.py:151} INFO - [2023-08-23T21:45:21.297-0400] {dagbag.py:539} INFO - Filling up the DagBag from /Users/mauri/Desktop/repositorio/apache-airflow-tutorial/env/lib/python3.11/site-packages/airflow/example_dags/example_subdag_operator.py
[2023-08-23T21:45:21.359-0400] {processor.py:839} INFO - DAG(s) dict_keys(['example_subdag_operator.section-1', 'example_subdag_operator.section-2', 'example_subdag_operator']) retrieved from /Users/mauri/Desktop/repositorio/apache-airflow-tutorial/env/lib/python3.11/site-packages/airflow/example_dags/example_subdag_operator.py
[2023-08-23T21:45:21.384-0400] {logging_mixin.py:151} INFO - [2023-08-23T21:45:21.384-0400] {dag.py:2907} INFO - Sync 3 DAGs
[2023-08-23T21:45:21.390-0400] {logging_mixin.py:151} INFO - [2023-08-23T21:45:21.390-0400] {dag.py:3677} INFO - Setting next_dagrun for example_subdag_operator to 2022-01-01T00:00:00+00:00, run_after=2022-01-01T00:00:00+00:00
[2023-08-23T21:45:21.391-0400] {logging_mixin.py:151} INFO - [2023-08-23T21:45:21.391-0400] {dag.py:3677} INFO - Setting next_dagrun for example_subdag_operator.section-1 to None, run_after=None
[2023-08-23T21:45:21.391-0400] {logging_mixin.py:151} INFO - [2023-08-23T21:45:21.391-0400] {dag.py:3677} INFO - Setting next_dagrun for example_subdag_operator.section-2 to None, run_after=None
[2023-08-23T21:45:21.393-0400] {logging_mixin.py:151} INFO - [2023-08-23T21:45:21.393-0400] {dag.py:2907} INFO - Sync 2 DAGs
[2023-08-23T21:45:21.394-0400] {logging_mixin.py:151} INFO - [2023-08-23T21:45:21.394-0400] {dag.py:3677} INFO - Setting next_dagrun for example_subdag_operator.section-1 to None, run_after=None
[2023-08-23T21:45:21.394-0400] {logging_mixin.py:151} INFO - [2023-08-23T21:45:21.394-0400] {dag.py:3677} INFO - Setting next_dagrun for example_subdag_operator.section-2 to None, run_after=None
[2023-08-23T21:45:21.399-0400] {processor.py:179} INFO - Processing /Users/mauri/Desktop/repositorio/apache-airflow-tutorial/env/lib/python3.11/site-packages/airflow/example_dags/example_subdag_operator.py took 0.103 seconds
[2023-08-23T21:46:33.315-0400] {processor.py:157} INFO - Started process (PID=9226) to work on /Users/mauri/Desktop/repositorio/apache-airflow-tutorial/env/lib/python3.11/site-packages/airflow/example_dags/example_subdag_operator.py
[2023-08-23T21:46:33.317-0400] {processor.py:829} INFO - Processing file /Users/mauri/Desktop/repositorio/apache-airflow-tutorial/env/lib/python3.11/site-packages/airflow/example_dags/example_subdag_operator.py for tasks to queue
[2023-08-23T21:46:33.317-0400] {logging_mixin.py:151} INFO - [2023-08-23T21:46:33.317-0400] {dagbag.py:539} INFO - Filling up the DagBag from /Users/mauri/Desktop/repositorio/apache-airflow-tutorial/env/lib/python3.11/site-packages/airflow/example_dags/example_subdag_operator.py
[2023-08-23T21:46:33.374-0400] {processor.py:839} INFO - DAG(s) dict_keys(['example_subdag_operator.section-1', 'example_subdag_operator.section-2', 'example_subdag_operator']) retrieved from /Users/mauri/Desktop/repositorio/apache-airflow-tutorial/env/lib/python3.11/site-packages/airflow/example_dags/example_subdag_operator.py
[2023-08-23T21:46:33.398-0400] {logging_mixin.py:151} INFO - [2023-08-23T21:46:33.398-0400] {dag.py:2907} INFO - Sync 3 DAGs
[2023-08-23T21:46:33.404-0400] {logging_mixin.py:151} INFO - [2023-08-23T21:46:33.404-0400] {dag.py:3677} INFO - Setting next_dagrun for example_subdag_operator to 2022-01-01T00:00:00+00:00, run_after=2022-01-01T00:00:00+00:00
[2023-08-23T21:46:33.405-0400] {logging_mixin.py:151} INFO - [2023-08-23T21:46:33.405-0400] {dag.py:3677} INFO - Setting next_dagrun for example_subdag_operator.section-1 to None, run_after=None
[2023-08-23T21:46:33.405-0400] {logging_mixin.py:151} INFO - [2023-08-23T21:46:33.405-0400] {dag.py:3677} INFO - Setting next_dagrun for example_subdag_operator.section-2 to None, run_after=None
[2023-08-23T21:46:33.407-0400] {logging_mixin.py:151} INFO - [2023-08-23T21:46:33.406-0400] {dag.py:2907} INFO - Sync 2 DAGs
[2023-08-23T21:46:33.408-0400] {logging_mixin.py:151} INFO - [2023-08-23T21:46:33.408-0400] {dag.py:3677} INFO - Setting next_dagrun for example_subdag_operator.section-1 to None, run_after=None
[2023-08-23T21:46:33.408-0400] {logging_mixin.py:151} INFO - [2023-08-23T21:46:33.408-0400] {dag.py:3677} INFO - Setting next_dagrun for example_subdag_operator.section-2 to None, run_after=None
[2023-08-23T21:46:33.412-0400] {processor.py:179} INFO - Processing /Users/mauri/Desktop/repositorio/apache-airflow-tutorial/env/lib/python3.11/site-packages/airflow/example_dags/example_subdag_operator.py took 0.097 seconds
[2023-08-23T21:47:43.028-0400] {processor.py:157} INFO - Started process (PID=9342) to work on /Users/mauri/Desktop/repositorio/apache-airflow-tutorial/env/lib/python3.11/site-packages/airflow/example_dags/example_subdag_operator.py
[2023-08-23T21:47:43.029-0400] {processor.py:829} INFO - Processing file /Users/mauri/Desktop/repositorio/apache-airflow-tutorial/env/lib/python3.11/site-packages/airflow/example_dags/example_subdag_operator.py for tasks to queue
[2023-08-23T21:47:43.029-0400] {logging_mixin.py:151} INFO - [2023-08-23T21:47:43.029-0400] {dagbag.py:539} INFO - Filling up the DagBag from /Users/mauri/Desktop/repositorio/apache-airflow-tutorial/env/lib/python3.11/site-packages/airflow/example_dags/example_subdag_operator.py
[2023-08-23T21:47:43.098-0400] {processor.py:839} INFO - DAG(s) dict_keys(['example_subdag_operator.section-1', 'example_subdag_operator.section-2', 'example_subdag_operator']) retrieved from /Users/mauri/Desktop/repositorio/apache-airflow-tutorial/env/lib/python3.11/site-packages/airflow/example_dags/example_subdag_operator.py
[2023-08-23T21:47:43.123-0400] {logging_mixin.py:151} INFO - [2023-08-23T21:47:43.123-0400] {dag.py:2907} INFO - Sync 3 DAGs
[2023-08-23T21:47:43.129-0400] {logging_mixin.py:151} INFO - [2023-08-23T21:47:43.129-0400] {dag.py:3677} INFO - Setting next_dagrun for example_subdag_operator to 2022-01-01T00:00:00+00:00, run_after=2022-01-01T00:00:00+00:00
[2023-08-23T21:47:43.130-0400] {logging_mixin.py:151} INFO - [2023-08-23T21:47:43.129-0400] {dag.py:3677} INFO - Setting next_dagrun for example_subdag_operator.section-1 to None, run_after=None
[2023-08-23T21:47:43.130-0400] {logging_mixin.py:151} INFO - [2023-08-23T21:47:43.130-0400] {dag.py:3677} INFO - Setting next_dagrun for example_subdag_operator.section-2 to None, run_after=None
[2023-08-23T21:47:43.131-0400] {logging_mixin.py:151} INFO - [2023-08-23T21:47:43.131-0400] {dag.py:2907} INFO - Sync 2 DAGs
[2023-08-23T21:47:43.133-0400] {logging_mixin.py:151} INFO - [2023-08-23T21:47:43.133-0400] {dag.py:3677} INFO - Setting next_dagrun for example_subdag_operator.section-1 to None, run_after=None
[2023-08-23T21:47:43.133-0400] {logging_mixin.py:151} INFO - [2023-08-23T21:47:43.133-0400] {dag.py:3677} INFO - Setting next_dagrun for example_subdag_operator.section-2 to None, run_after=None
[2023-08-23T21:47:43.137-0400] {processor.py:179} INFO - Processing /Users/mauri/Desktop/repositorio/apache-airflow-tutorial/env/lib/python3.11/site-packages/airflow/example_dags/example_subdag_operator.py took 0.110 seconds
[2023-08-23T21:48:56.188-0400] {processor.py:157} INFO - Started process (PID=9445) to work on /Users/mauri/Desktop/repositorio/apache-airflow-tutorial/env/lib/python3.11/site-packages/airflow/example_dags/example_subdag_operator.py
[2023-08-23T21:48:56.190-0400] {processor.py:829} INFO - Processing file /Users/mauri/Desktop/repositorio/apache-airflow-tutorial/env/lib/python3.11/site-packages/airflow/example_dags/example_subdag_operator.py for tasks to queue
[2023-08-23T21:48:56.190-0400] {logging_mixin.py:151} INFO - [2023-08-23T21:48:56.190-0400] {dagbag.py:539} INFO - Filling up the DagBag from /Users/mauri/Desktop/repositorio/apache-airflow-tutorial/env/lib/python3.11/site-packages/airflow/example_dags/example_subdag_operator.py
[2023-08-23T21:48:56.247-0400] {processor.py:839} INFO - DAG(s) dict_keys(['example_subdag_operator.section-1', 'example_subdag_operator.section-2', 'example_subdag_operator']) retrieved from /Users/mauri/Desktop/repositorio/apache-airflow-tutorial/env/lib/python3.11/site-packages/airflow/example_dags/example_subdag_operator.py
[2023-08-23T21:48:56.272-0400] {logging_mixin.py:151} INFO - [2023-08-23T21:48:56.271-0400] {dag.py:2907} INFO - Sync 3 DAGs
[2023-08-23T21:48:56.277-0400] {logging_mixin.py:151} INFO - [2023-08-23T21:48:56.277-0400] {dag.py:3677} INFO - Setting next_dagrun for example_subdag_operator to 2022-01-01T00:00:00+00:00, run_after=2022-01-01T00:00:00+00:00
[2023-08-23T21:48:56.277-0400] {logging_mixin.py:151} INFO - [2023-08-23T21:48:56.277-0400] {dag.py:3677} INFO - Setting next_dagrun for example_subdag_operator.section-1 to None, run_after=None
[2023-08-23T21:48:56.278-0400] {logging_mixin.py:151} INFO - [2023-08-23T21:48:56.278-0400] {dag.py:3677} INFO - Setting next_dagrun for example_subdag_operator.section-2 to None, run_after=None
[2023-08-23T21:48:56.280-0400] {logging_mixin.py:151} INFO - [2023-08-23T21:48:56.279-0400] {dag.py:2907} INFO - Sync 2 DAGs
[2023-08-23T21:48:56.281-0400] {logging_mixin.py:151} INFO - [2023-08-23T21:48:56.281-0400] {dag.py:3677} INFO - Setting next_dagrun for example_subdag_operator.section-1 to None, run_after=None
[2023-08-23T21:48:56.281-0400] {logging_mixin.py:151} INFO - [2023-08-23T21:48:56.281-0400] {dag.py:3677} INFO - Setting next_dagrun for example_subdag_operator.section-2 to None, run_after=None
[2023-08-23T21:48:56.285-0400] {processor.py:179} INFO - Processing /Users/mauri/Desktop/repositorio/apache-airflow-tutorial/env/lib/python3.11/site-packages/airflow/example_dags/example_subdag_operator.py took 0.097 seconds
[2023-08-23T21:50:12.433-0400] {processor.py:157} INFO - Started process (PID=9521) to work on /Users/mauri/Desktop/repositorio/apache-airflow-tutorial/env/lib/python3.11/site-packages/airflow/example_dags/example_subdag_operator.py
[2023-08-23T21:50:12.434-0400] {processor.py:829} INFO - Processing file /Users/mauri/Desktop/repositorio/apache-airflow-tutorial/env/lib/python3.11/site-packages/airflow/example_dags/example_subdag_operator.py for tasks to queue
[2023-08-23T21:50:12.435-0400] {logging_mixin.py:151} INFO - [2023-08-23T21:50:12.434-0400] {dagbag.py:539} INFO - Filling up the DagBag from /Users/mauri/Desktop/repositorio/apache-airflow-tutorial/env/lib/python3.11/site-packages/airflow/example_dags/example_subdag_operator.py
[2023-08-23T21:50:12.492-0400] {processor.py:839} INFO - DAG(s) dict_keys(['example_subdag_operator.section-1', 'example_subdag_operator.section-2', 'example_subdag_operator']) retrieved from /Users/mauri/Desktop/repositorio/apache-airflow-tutorial/env/lib/python3.11/site-packages/airflow/example_dags/example_subdag_operator.py
[2023-08-23T21:50:12.517-0400] {logging_mixin.py:151} INFO - [2023-08-23T21:50:12.517-0400] {dag.py:2907} INFO - Sync 3 DAGs
[2023-08-23T21:50:12.522-0400] {logging_mixin.py:151} INFO - [2023-08-23T21:50:12.522-0400] {dag.py:3677} INFO - Setting next_dagrun for example_subdag_operator to 2022-01-01T00:00:00+00:00, run_after=2022-01-01T00:00:00+00:00
[2023-08-23T21:50:12.523-0400] {logging_mixin.py:151} INFO - [2023-08-23T21:50:12.523-0400] {dag.py:3677} INFO - Setting next_dagrun for example_subdag_operator.section-1 to None, run_after=None
[2023-08-23T21:50:12.523-0400] {logging_mixin.py:151} INFO - [2023-08-23T21:50:12.523-0400] {dag.py:3677} INFO - Setting next_dagrun for example_subdag_operator.section-2 to None, run_after=None
[2023-08-23T21:50:12.525-0400] {logging_mixin.py:151} INFO - [2023-08-23T21:50:12.525-0400] {dag.py:2907} INFO - Sync 2 DAGs
[2023-08-23T21:50:12.526-0400] {logging_mixin.py:151} INFO - [2023-08-23T21:50:12.526-0400] {dag.py:3677} INFO - Setting next_dagrun for example_subdag_operator.section-1 to None, run_after=None
[2023-08-23T21:50:12.526-0400] {logging_mixin.py:151} INFO - [2023-08-23T21:50:12.526-0400] {dag.py:3677} INFO - Setting next_dagrun for example_subdag_operator.section-2 to None, run_after=None
[2023-08-23T21:50:12.530-0400] {processor.py:179} INFO - Processing /Users/mauri/Desktop/repositorio/apache-airflow-tutorial/env/lib/python3.11/site-packages/airflow/example_dags/example_subdag_operator.py took 0.098 seconds
[2023-08-23T21:51:25.989-0400] {processor.py:157} INFO - Started process (PID=9609) to work on /Users/mauri/Desktop/repositorio/apache-airflow-tutorial/env/lib/python3.11/site-packages/airflow/example_dags/example_subdag_operator.py
[2023-08-23T21:51:25.991-0400] {processor.py:829} INFO - Processing file /Users/mauri/Desktop/repositorio/apache-airflow-tutorial/env/lib/python3.11/site-packages/airflow/example_dags/example_subdag_operator.py for tasks to queue
[2023-08-23T21:51:25.991-0400] {logging_mixin.py:151} INFO - [2023-08-23T21:51:25.991-0400] {dagbag.py:539} INFO - Filling up the DagBag from /Users/mauri/Desktop/repositorio/apache-airflow-tutorial/env/lib/python3.11/site-packages/airflow/example_dags/example_subdag_operator.py
[2023-08-23T21:51:26.053-0400] {processor.py:839} INFO - DAG(s) dict_keys(['example_subdag_operator.section-1', 'example_subdag_operator.section-2', 'example_subdag_operator']) retrieved from /Users/mauri/Desktop/repositorio/apache-airflow-tutorial/env/lib/python3.11/site-packages/airflow/example_dags/example_subdag_operator.py
[2023-08-23T21:51:26.078-0400] {logging_mixin.py:151} INFO - [2023-08-23T21:51:26.078-0400] {dag.py:2907} INFO - Sync 3 DAGs
[2023-08-23T21:51:26.083-0400] {logging_mixin.py:151} INFO - [2023-08-23T21:51:26.083-0400] {dag.py:3677} INFO - Setting next_dagrun for example_subdag_operator to 2022-01-01T00:00:00+00:00, run_after=2022-01-01T00:00:00+00:00
[2023-08-23T21:51:26.084-0400] {logging_mixin.py:151} INFO - [2023-08-23T21:51:26.084-0400] {dag.py:3677} INFO - Setting next_dagrun for example_subdag_operator.section-1 to None, run_after=None
[2023-08-23T21:51:26.085-0400] {logging_mixin.py:151} INFO - [2023-08-23T21:51:26.085-0400] {dag.py:3677} INFO - Setting next_dagrun for example_subdag_operator.section-2 to None, run_after=None
[2023-08-23T21:51:26.086-0400] {logging_mixin.py:151} INFO - [2023-08-23T21:51:26.086-0400] {dag.py:2907} INFO - Sync 2 DAGs
[2023-08-23T21:51:26.087-0400] {logging_mixin.py:151} INFO - [2023-08-23T21:51:26.087-0400] {dag.py:3677} INFO - Setting next_dagrun for example_subdag_operator.section-1 to None, run_after=None
[2023-08-23T21:51:26.088-0400] {logging_mixin.py:151} INFO - [2023-08-23T21:51:26.088-0400] {dag.py:3677} INFO - Setting next_dagrun for example_subdag_operator.section-2 to None, run_after=None
[2023-08-23T21:51:26.092-0400] {processor.py:179} INFO - Processing /Users/mauri/Desktop/repositorio/apache-airflow-tutorial/env/lib/python3.11/site-packages/airflow/example_dags/example_subdag_operator.py took 0.104 seconds
[2023-08-23T21:52:37.951-0400] {processor.py:157} INFO - Started process (PID=9675) to work on /Users/mauri/Desktop/repositorio/apache-airflow-tutorial/env/lib/python3.11/site-packages/airflow/example_dags/example_subdag_operator.py
[2023-08-23T21:52:37.952-0400] {processor.py:829} INFO - Processing file /Users/mauri/Desktop/repositorio/apache-airflow-tutorial/env/lib/python3.11/site-packages/airflow/example_dags/example_subdag_operator.py for tasks to queue
[2023-08-23T21:52:37.952-0400] {logging_mixin.py:151} INFO - [2023-08-23T21:52:37.952-0400] {dagbag.py:539} INFO - Filling up the DagBag from /Users/mauri/Desktop/repositorio/apache-airflow-tutorial/env/lib/python3.11/site-packages/airflow/example_dags/example_subdag_operator.py
[2023-08-23T21:52:38.016-0400] {processor.py:839} INFO - DAG(s) dict_keys(['example_subdag_operator.section-1', 'example_subdag_operator.section-2', 'example_subdag_operator']) retrieved from /Users/mauri/Desktop/repositorio/apache-airflow-tutorial/env/lib/python3.11/site-packages/airflow/example_dags/example_subdag_operator.py
[2023-08-23T21:52:38.042-0400] {logging_mixin.py:151} INFO - [2023-08-23T21:52:38.042-0400] {dag.py:2907} INFO - Sync 3 DAGs
[2023-08-23T21:52:38.048-0400] {logging_mixin.py:151} INFO - [2023-08-23T21:52:38.048-0400] {dag.py:3677} INFO - Setting next_dagrun for example_subdag_operator to 2022-01-01T00:00:00+00:00, run_after=2022-01-01T00:00:00+00:00
[2023-08-23T21:52:38.049-0400] {logging_mixin.py:151} INFO - [2023-08-23T21:52:38.049-0400] {dag.py:3677} INFO - Setting next_dagrun for example_subdag_operator.section-1 to None, run_after=None
[2023-08-23T21:52:38.049-0400] {logging_mixin.py:151} INFO - [2023-08-23T21:52:38.049-0400] {dag.py:3677} INFO - Setting next_dagrun for example_subdag_operator.section-2 to None, run_after=None
[2023-08-23T21:52:38.051-0400] {logging_mixin.py:151} INFO - [2023-08-23T21:52:38.051-0400] {dag.py:2907} INFO - Sync 2 DAGs
[2023-08-23T21:52:38.053-0400] {logging_mixin.py:151} INFO - [2023-08-23T21:52:38.053-0400] {dag.py:3677} INFO - Setting next_dagrun for example_subdag_operator.section-1 to None, run_after=None
[2023-08-23T21:52:38.053-0400] {logging_mixin.py:151} INFO - [2023-08-23T21:52:38.053-0400] {dag.py:3677} INFO - Setting next_dagrun for example_subdag_operator.section-2 to None, run_after=None
[2023-08-23T21:52:38.057-0400] {processor.py:179} INFO - Processing /Users/mauri/Desktop/repositorio/apache-airflow-tutorial/env/lib/python3.11/site-packages/airflow/example_dags/example_subdag_operator.py took 0.107 seconds
[2023-08-23T21:53:48.694-0400] {processor.py:157} INFO - Started process (PID=9743) to work on /Users/mauri/Desktop/repositorio/apache-airflow-tutorial/env/lib/python3.11/site-packages/airflow/example_dags/example_subdag_operator.py
[2023-08-23T21:53:48.695-0400] {processor.py:829} INFO - Processing file /Users/mauri/Desktop/repositorio/apache-airflow-tutorial/env/lib/python3.11/site-packages/airflow/example_dags/example_subdag_operator.py for tasks to queue
[2023-08-23T21:53:48.695-0400] {logging_mixin.py:151} INFO - [2023-08-23T21:53:48.695-0400] {dagbag.py:539} INFO - Filling up the DagBag from /Users/mauri/Desktop/repositorio/apache-airflow-tutorial/env/lib/python3.11/site-packages/airflow/example_dags/example_subdag_operator.py
[2023-08-23T21:53:48.752-0400] {processor.py:839} INFO - DAG(s) dict_keys(['example_subdag_operator.section-1', 'example_subdag_operator.section-2', 'example_subdag_operator']) retrieved from /Users/mauri/Desktop/repositorio/apache-airflow-tutorial/env/lib/python3.11/site-packages/airflow/example_dags/example_subdag_operator.py
[2023-08-23T21:53:48.776-0400] {logging_mixin.py:151} INFO - [2023-08-23T21:53:48.776-0400] {dag.py:2907} INFO - Sync 3 DAGs
[2023-08-23T21:53:48.781-0400] {logging_mixin.py:151} INFO - [2023-08-23T21:53:48.781-0400] {dag.py:3677} INFO - Setting next_dagrun for example_subdag_operator to 2022-01-01T00:00:00+00:00, run_after=2022-01-01T00:00:00+00:00
[2023-08-23T21:53:48.782-0400] {logging_mixin.py:151} INFO - [2023-08-23T21:53:48.782-0400] {dag.py:3677} INFO - Setting next_dagrun for example_subdag_operator.section-1 to None, run_after=None
[2023-08-23T21:53:48.782-0400] {logging_mixin.py:151} INFO - [2023-08-23T21:53:48.782-0400] {dag.py:3677} INFO - Setting next_dagrun for example_subdag_operator.section-2 to None, run_after=None
[2023-08-23T21:53:48.784-0400] {logging_mixin.py:151} INFO - [2023-08-23T21:53:48.784-0400] {dag.py:2907} INFO - Sync 2 DAGs
[2023-08-23T21:53:48.785-0400] {logging_mixin.py:151} INFO - [2023-08-23T21:53:48.785-0400] {dag.py:3677} INFO - Setting next_dagrun for example_subdag_operator.section-1 to None, run_after=None
[2023-08-23T21:53:48.785-0400] {logging_mixin.py:151} INFO - [2023-08-23T21:53:48.785-0400] {dag.py:3677} INFO - Setting next_dagrun for example_subdag_operator.section-2 to None, run_after=None
[2023-08-23T21:53:48.790-0400] {processor.py:179} INFO - Processing /Users/mauri/Desktop/repositorio/apache-airflow-tutorial/env/lib/python3.11/site-packages/airflow/example_dags/example_subdag_operator.py took 0.096 seconds
[2023-08-23T21:54:59.758-0400] {processor.py:157} INFO - Started process (PID=9805) to work on /Users/mauri/Desktop/repositorio/apache-airflow-tutorial/env/lib/python3.11/site-packages/airflow/example_dags/example_subdag_operator.py
[2023-08-23T21:54:59.759-0400] {processor.py:829} INFO - Processing file /Users/mauri/Desktop/repositorio/apache-airflow-tutorial/env/lib/python3.11/site-packages/airflow/example_dags/example_subdag_operator.py for tasks to queue
[2023-08-23T21:54:59.759-0400] {logging_mixin.py:151} INFO - [2023-08-23T21:54:59.759-0400] {dagbag.py:539} INFO - Filling up the DagBag from /Users/mauri/Desktop/repositorio/apache-airflow-tutorial/env/lib/python3.11/site-packages/airflow/example_dags/example_subdag_operator.py
[2023-08-23T21:54:59.816-0400] {processor.py:839} INFO - DAG(s) dict_keys(['example_subdag_operator.section-1', 'example_subdag_operator.section-2', 'example_subdag_operator']) retrieved from /Users/mauri/Desktop/repositorio/apache-airflow-tutorial/env/lib/python3.11/site-packages/airflow/example_dags/example_subdag_operator.py
[2023-08-23T21:54:59.841-0400] {logging_mixin.py:151} INFO - [2023-08-23T21:54:59.841-0400] {dag.py:2907} INFO - Sync 3 DAGs
[2023-08-23T21:54:59.847-0400] {logging_mixin.py:151} INFO - [2023-08-23T21:54:59.847-0400] {dag.py:3677} INFO - Setting next_dagrun for example_subdag_operator to 2022-01-01T00:00:00+00:00, run_after=2022-01-01T00:00:00+00:00
[2023-08-23T21:54:59.848-0400] {logging_mixin.py:151} INFO - [2023-08-23T21:54:59.848-0400] {dag.py:3677} INFO - Setting next_dagrun for example_subdag_operator.section-1 to None, run_after=None
[2023-08-23T21:54:59.848-0400] {logging_mixin.py:151} INFO - [2023-08-23T21:54:59.848-0400] {dag.py:3677} INFO - Setting next_dagrun for example_subdag_operator.section-2 to None, run_after=None
[2023-08-23T21:54:59.850-0400] {logging_mixin.py:151} INFO - [2023-08-23T21:54:59.850-0400] {dag.py:2907} INFO - Sync 2 DAGs
[2023-08-23T21:54:59.851-0400] {logging_mixin.py:151} INFO - [2023-08-23T21:54:59.851-0400] {dag.py:3677} INFO - Setting next_dagrun for example_subdag_operator.section-1 to None, run_after=None
[2023-08-23T21:54:59.851-0400] {logging_mixin.py:151} INFO - [2023-08-23T21:54:59.851-0400] {dag.py:3677} INFO - Setting next_dagrun for example_subdag_operator.section-2 to None, run_after=None
[2023-08-23T21:54:59.855-0400] {processor.py:179} INFO - Processing /Users/mauri/Desktop/repositorio/apache-airflow-tutorial/env/lib/python3.11/site-packages/airflow/example_dags/example_subdag_operator.py took 0.098 seconds
[2023-08-23T21:56:13.177-0400] {processor.py:157} INFO - Started process (PID=9882) to work on /Users/mauri/Desktop/repositorio/apache-airflow-tutorial/env/lib/python3.11/site-packages/airflow/example_dags/example_subdag_operator.py
[2023-08-23T21:56:13.178-0400] {processor.py:829} INFO - Processing file /Users/mauri/Desktop/repositorio/apache-airflow-tutorial/env/lib/python3.11/site-packages/airflow/example_dags/example_subdag_operator.py for tasks to queue
[2023-08-23T21:56:13.178-0400] {logging_mixin.py:151} INFO - [2023-08-23T21:56:13.178-0400] {dagbag.py:539} INFO - Filling up the DagBag from /Users/mauri/Desktop/repositorio/apache-airflow-tutorial/env/lib/python3.11/site-packages/airflow/example_dags/example_subdag_operator.py
[2023-08-23T21:56:13.236-0400] {processor.py:839} INFO - DAG(s) dict_keys(['example_subdag_operator.section-1', 'example_subdag_operator.section-2', 'example_subdag_operator']) retrieved from /Users/mauri/Desktop/repositorio/apache-airflow-tutorial/env/lib/python3.11/site-packages/airflow/example_dags/example_subdag_operator.py
[2023-08-23T21:56:13.260-0400] {logging_mixin.py:151} INFO - [2023-08-23T21:56:13.260-0400] {dag.py:2907} INFO - Sync 3 DAGs
[2023-08-23T21:56:13.266-0400] {logging_mixin.py:151} INFO - [2023-08-23T21:56:13.266-0400] {dag.py:3677} INFO - Setting next_dagrun for example_subdag_operator to 2022-01-01T00:00:00+00:00, run_after=2022-01-01T00:00:00+00:00
[2023-08-23T21:56:13.267-0400] {logging_mixin.py:151} INFO - [2023-08-23T21:56:13.267-0400] {dag.py:3677} INFO - Setting next_dagrun for example_subdag_operator.section-1 to None, run_after=None
[2023-08-23T21:56:13.267-0400] {logging_mixin.py:151} INFO - [2023-08-23T21:56:13.267-0400] {dag.py:3677} INFO - Setting next_dagrun for example_subdag_operator.section-2 to None, run_after=None
[2023-08-23T21:56:13.269-0400] {logging_mixin.py:151} INFO - [2023-08-23T21:56:13.269-0400] {dag.py:2907} INFO - Sync 2 DAGs
[2023-08-23T21:56:13.271-0400] {logging_mixin.py:151} INFO - [2023-08-23T21:56:13.271-0400] {dag.py:3677} INFO - Setting next_dagrun for example_subdag_operator.section-1 to None, run_after=None
[2023-08-23T21:56:13.271-0400] {logging_mixin.py:151} INFO - [2023-08-23T21:56:13.271-0400] {dag.py:3677} INFO - Setting next_dagrun for example_subdag_operator.section-2 to None, run_after=None
[2023-08-23T21:56:13.275-0400] {processor.py:179} INFO - Processing /Users/mauri/Desktop/repositorio/apache-airflow-tutorial/env/lib/python3.11/site-packages/airflow/example_dags/example_subdag_operator.py took 0.099 seconds
[2023-08-23T21:57:28.882-0400] {processor.py:157} INFO - Started process (PID=9947) to work on /Users/mauri/Desktop/repositorio/apache-airflow-tutorial/env/lib/python3.11/site-packages/airflow/example_dags/example_subdag_operator.py
[2023-08-23T21:57:28.883-0400] {processor.py:829} INFO - Processing file /Users/mauri/Desktop/repositorio/apache-airflow-tutorial/env/lib/python3.11/site-packages/airflow/example_dags/example_subdag_operator.py for tasks to queue
[2023-08-23T21:57:28.883-0400] {logging_mixin.py:151} INFO - [2023-08-23T21:57:28.883-0400] {dagbag.py:539} INFO - Filling up the DagBag from /Users/mauri/Desktop/repositorio/apache-airflow-tutorial/env/lib/python3.11/site-packages/airflow/example_dags/example_subdag_operator.py
[2023-08-23T21:57:28.943-0400] {processor.py:839} INFO - DAG(s) dict_keys(['example_subdag_operator.section-1', 'example_subdag_operator.section-2', 'example_subdag_operator']) retrieved from /Users/mauri/Desktop/repositorio/apache-airflow-tutorial/env/lib/python3.11/site-packages/airflow/example_dags/example_subdag_operator.py
[2023-08-23T21:57:28.968-0400] {logging_mixin.py:151} INFO - [2023-08-23T21:57:28.968-0400] {dag.py:2907} INFO - Sync 3 DAGs
[2023-08-23T21:57:28.973-0400] {logging_mixin.py:151} INFO - [2023-08-23T21:57:28.973-0400] {dag.py:3677} INFO - Setting next_dagrun for example_subdag_operator to 2022-01-01T00:00:00+00:00, run_after=2022-01-01T00:00:00+00:00
[2023-08-23T21:57:28.974-0400] {logging_mixin.py:151} INFO - [2023-08-23T21:57:28.974-0400] {dag.py:3677} INFO - Setting next_dagrun for example_subdag_operator.section-1 to None, run_after=None
[2023-08-23T21:57:28.974-0400] {logging_mixin.py:151} INFO - [2023-08-23T21:57:28.974-0400] {dag.py:3677} INFO - Setting next_dagrun for example_subdag_operator.section-2 to None, run_after=None
[2023-08-23T21:57:28.976-0400] {logging_mixin.py:151} INFO - [2023-08-23T21:57:28.976-0400] {dag.py:2907} INFO - Sync 2 DAGs
[2023-08-23T21:57:28.977-0400] {logging_mixin.py:151} INFO - [2023-08-23T21:57:28.977-0400] {dag.py:3677} INFO - Setting next_dagrun for example_subdag_operator.section-1 to None, run_after=None
[2023-08-23T21:57:28.977-0400] {logging_mixin.py:151} INFO - [2023-08-23T21:57:28.977-0400] {dag.py:3677} INFO - Setting next_dagrun for example_subdag_operator.section-2 to None, run_after=None
[2023-08-23T21:57:28.982-0400] {processor.py:179} INFO - Processing /Users/mauri/Desktop/repositorio/apache-airflow-tutorial/env/lib/python3.11/site-packages/airflow/example_dags/example_subdag_operator.py took 0.101 seconds
[2023-08-23T21:58:44.535-0400] {processor.py:157} INFO - Started process (PID=10010) to work on /Users/mauri/Desktop/repositorio/apache-airflow-tutorial/env/lib/python3.11/site-packages/airflow/example_dags/example_subdag_operator.py
[2023-08-23T21:58:44.536-0400] {processor.py:829} INFO - Processing file /Users/mauri/Desktop/repositorio/apache-airflow-tutorial/env/lib/python3.11/site-packages/airflow/example_dags/example_subdag_operator.py for tasks to queue
[2023-08-23T21:58:44.536-0400] {logging_mixin.py:151} INFO - [2023-08-23T21:58:44.536-0400] {dagbag.py:539} INFO - Filling up the DagBag from /Users/mauri/Desktop/repositorio/apache-airflow-tutorial/env/lib/python3.11/site-packages/airflow/example_dags/example_subdag_operator.py
[2023-08-23T21:58:44.597-0400] {processor.py:839} INFO - DAG(s) dict_keys(['example_subdag_operator.section-1', 'example_subdag_operator.section-2', 'example_subdag_operator']) retrieved from /Users/mauri/Desktop/repositorio/apache-airflow-tutorial/env/lib/python3.11/site-packages/airflow/example_dags/example_subdag_operator.py
[2023-08-23T21:58:44.622-0400] {logging_mixin.py:151} INFO - [2023-08-23T21:58:44.622-0400] {dag.py:2907} INFO - Sync 3 DAGs
[2023-08-23T21:58:44.628-0400] {logging_mixin.py:151} INFO - [2023-08-23T21:58:44.628-0400] {dag.py:3677} INFO - Setting next_dagrun for example_subdag_operator to 2022-01-01T00:00:00+00:00, run_after=2022-01-01T00:00:00+00:00
[2023-08-23T21:58:44.629-0400] {logging_mixin.py:151} INFO - [2023-08-23T21:58:44.629-0400] {dag.py:3677} INFO - Setting next_dagrun for example_subdag_operator.section-1 to None, run_after=None
[2023-08-23T21:58:44.629-0400] {logging_mixin.py:151} INFO - [2023-08-23T21:58:44.629-0400] {dag.py:3677} INFO - Setting next_dagrun for example_subdag_operator.section-2 to None, run_after=None
[2023-08-23T21:58:44.631-0400] {logging_mixin.py:151} INFO - [2023-08-23T21:58:44.631-0400] {dag.py:2907} INFO - Sync 2 DAGs
[2023-08-23T21:58:44.632-0400] {logging_mixin.py:151} INFO - [2023-08-23T21:58:44.632-0400] {dag.py:3677} INFO - Setting next_dagrun for example_subdag_operator.section-1 to None, run_after=None
[2023-08-23T21:58:44.633-0400] {logging_mixin.py:151} INFO - [2023-08-23T21:58:44.633-0400] {dag.py:3677} INFO - Setting next_dagrun for example_subdag_operator.section-2 to None, run_after=None
[2023-08-23T21:58:44.637-0400] {processor.py:179} INFO - Processing /Users/mauri/Desktop/repositorio/apache-airflow-tutorial/env/lib/python3.11/site-packages/airflow/example_dags/example_subdag_operator.py took 0.103 seconds
[2023-08-23T21:59:57.724-0400] {processor.py:157} INFO - Started process (PID=10077) to work on /Users/mauri/Desktop/repositorio/apache-airflow-tutorial/env/lib/python3.11/site-packages/airflow/example_dags/example_subdag_operator.py
[2023-08-23T21:59:57.726-0400] {processor.py:829} INFO - Processing file /Users/mauri/Desktop/repositorio/apache-airflow-tutorial/env/lib/python3.11/site-packages/airflow/example_dags/example_subdag_operator.py for tasks to queue
[2023-08-23T21:59:57.726-0400] {logging_mixin.py:151} INFO - [2023-08-23T21:59:57.726-0400] {dagbag.py:539} INFO - Filling up the DagBag from /Users/mauri/Desktop/repositorio/apache-airflow-tutorial/env/lib/python3.11/site-packages/airflow/example_dags/example_subdag_operator.py
[2023-08-23T21:59:57.784-0400] {processor.py:839} INFO - DAG(s) dict_keys(['example_subdag_operator.section-1', 'example_subdag_operator.section-2', 'example_subdag_operator']) retrieved from /Users/mauri/Desktop/repositorio/apache-airflow-tutorial/env/lib/python3.11/site-packages/airflow/example_dags/example_subdag_operator.py
[2023-08-23T21:59:57.809-0400] {logging_mixin.py:151} INFO - [2023-08-23T21:59:57.809-0400] {dag.py:2907} INFO - Sync 3 DAGs
[2023-08-23T21:59:57.814-0400] {logging_mixin.py:151} INFO - [2023-08-23T21:59:57.814-0400] {dag.py:3677} INFO - Setting next_dagrun for example_subdag_operator to 2022-01-01T00:00:00+00:00, run_after=2022-01-01T00:00:00+00:00
[2023-08-23T21:59:57.815-0400] {logging_mixin.py:151} INFO - [2023-08-23T21:59:57.815-0400] {dag.py:3677} INFO - Setting next_dagrun for example_subdag_operator.section-1 to None, run_after=None
[2023-08-23T21:59:57.815-0400] {logging_mixin.py:151} INFO - [2023-08-23T21:59:57.815-0400] {dag.py:3677} INFO - Setting next_dagrun for example_subdag_operator.section-2 to None, run_after=None
[2023-08-23T21:59:57.817-0400] {logging_mixin.py:151} INFO - [2023-08-23T21:59:57.817-0400] {dag.py:2907} INFO - Sync 2 DAGs
[2023-08-23T21:59:57.818-0400] {logging_mixin.py:151} INFO - [2023-08-23T21:59:57.818-0400] {dag.py:3677} INFO - Setting next_dagrun for example_subdag_operator.section-1 to None, run_after=None
[2023-08-23T21:59:57.818-0400] {logging_mixin.py:151} INFO - [2023-08-23T21:59:57.818-0400] {dag.py:3677} INFO - Setting next_dagrun for example_subdag_operator.section-2 to None, run_after=None
[2023-08-23T21:59:57.823-0400] {processor.py:179} INFO - Processing /Users/mauri/Desktop/repositorio/apache-airflow-tutorial/env/lib/python3.11/site-packages/airflow/example_dags/example_subdag_operator.py took 0.098 seconds
