[2023-08-23T21:34:27.535-0400] {processor.py:157} INFO - Started process (PID=8518) to work on /Users/mauri/Desktop/repositorio/apache-airflow-tutorial/env/lib/python3.11/site-packages/airflow/example_dags/example_setup_teardown.py
[2023-08-23T21:34:27.537-0400] {processor.py:829} INFO - Processing file /Users/mauri/Desktop/repositorio/apache-airflow-tutorial/env/lib/python3.11/site-packages/airflow/example_dags/example_setup_teardown.py for tasks to queue
[2023-08-23T21:34:27.537-0400] {logging_mixin.py:151} INFO - [2023-08-23T21:34:27.537-0400] {dagbag.py:539} INFO - Filling up the DagBag from /Users/mauri/Desktop/repositorio/apache-airflow-tutorial/env/lib/python3.11/site-packages/airflow/example_dags/example_setup_teardown.py
[2023-08-23T21:34:27.547-0400] {processor.py:839} INFO - DAG(s) dict_keys(['example_setup_teardown']) retrieved from /Users/mauri/Desktop/repositorio/apache-airflow-tutorial/env/lib/python3.11/site-packages/airflow/example_dags/example_setup_teardown.py
[2023-08-23T21:34:27.882-0400] {logging_mixin.py:151} INFO - [2023-08-23T21:34:27.882-0400] {manager.py:501} INFO - Created Permission View: can delete on DAG:example_setup_teardown
[2023-08-23T21:34:27.885-0400] {logging_mixin.py:151} INFO - [2023-08-23T21:34:27.884-0400] {manager.py:501} INFO - Created Permission View: can edit on DAG:example_setup_teardown
[2023-08-23T21:34:27.886-0400] {logging_mixin.py:151} INFO - [2023-08-23T21:34:27.886-0400] {manager.py:501} INFO - Created Permission View: can read on DAG:example_setup_teardown
[2023-08-23T21:34:27.891-0400] {logging_mixin.py:151} INFO - [2023-08-23T21:34:27.890-0400] {dag.py:2907} INFO - Sync 1 DAGs
[2023-08-23T21:34:27.893-0400] {logging_mixin.py:151} INFO - [2023-08-23T21:34:27.893-0400] {dag.py:2929} INFO - Creating ORM DAG for example_setup_teardown
[2023-08-23T21:34:27.896-0400] {logging_mixin.py:151} INFO - [2023-08-23T21:34:27.896-0400] {dag.py:3677} INFO - Setting next_dagrun for example_setup_teardown to 2023-08-23T01:34:27.895969+00:00, run_after=2023-08-24T01:34:27.895969+00:00
[2023-08-23T21:34:27.901-0400] {processor.py:179} INFO - Processing /Users/mauri/Desktop/repositorio/apache-airflow-tutorial/env/lib/python3.11/site-packages/airflow/example_dags/example_setup_teardown.py took 0.366 seconds
[2023-08-23T21:35:43.478-0400] {processor.py:157} INFO - Started process (PID=8573) to work on /Users/mauri/Desktop/repositorio/apache-airflow-tutorial/env/lib/python3.11/site-packages/airflow/example_dags/example_setup_teardown.py
[2023-08-23T21:35:43.480-0400] {processor.py:829} INFO - Processing file /Users/mauri/Desktop/repositorio/apache-airflow-tutorial/env/lib/python3.11/site-packages/airflow/example_dags/example_setup_teardown.py for tasks to queue
[2023-08-23T21:35:43.480-0400] {logging_mixin.py:151} INFO - [2023-08-23T21:35:43.480-0400] {dagbag.py:539} INFO - Filling up the DagBag from /Users/mauri/Desktop/repositorio/apache-airflow-tutorial/env/lib/python3.11/site-packages/airflow/example_dags/example_setup_teardown.py
[2023-08-23T21:35:43.488-0400] {processor.py:839} INFO - DAG(s) dict_keys(['example_setup_teardown']) retrieved from /Users/mauri/Desktop/repositorio/apache-airflow-tutorial/env/lib/python3.11/site-packages/airflow/example_dags/example_setup_teardown.py
[2023-08-23T21:35:43.558-0400] {logging_mixin.py:151} INFO - [2023-08-23T21:35:43.557-0400] {dag.py:2907} INFO - Sync 1 DAGs
[2023-08-23T21:35:43.563-0400] {logging_mixin.py:151} INFO - [2023-08-23T21:35:43.563-0400] {dag.py:3677} INFO - Setting next_dagrun for example_setup_teardown to 2023-08-23T01:35:43.563275+00:00, run_after=2023-08-24T01:35:43.563275+00:00
[2023-08-23T21:35:43.570-0400] {processor.py:179} INFO - Processing /Users/mauri/Desktop/repositorio/apache-airflow-tutorial/env/lib/python3.11/site-packages/airflow/example_dags/example_setup_teardown.py took 0.092 seconds
[2023-08-23T21:36:56.938-0400] {processor.py:157} INFO - Started process (PID=8641) to work on /Users/mauri/Desktop/repositorio/apache-airflow-tutorial/env/lib/python3.11/site-packages/airflow/example_dags/example_setup_teardown.py
[2023-08-23T21:36:56.941-0400] {processor.py:829} INFO - Processing file /Users/mauri/Desktop/repositorio/apache-airflow-tutorial/env/lib/python3.11/site-packages/airflow/example_dags/example_setup_teardown.py for tasks to queue
[2023-08-23T21:36:56.941-0400] {logging_mixin.py:151} INFO - [2023-08-23T21:36:56.941-0400] {dagbag.py:539} INFO - Filling up the DagBag from /Users/mauri/Desktop/repositorio/apache-airflow-tutorial/env/lib/python3.11/site-packages/airflow/example_dags/example_setup_teardown.py
[2023-08-23T21:36:56.948-0400] {processor.py:839} INFO - DAG(s) dict_keys(['example_setup_teardown']) retrieved from /Users/mauri/Desktop/repositorio/apache-airflow-tutorial/env/lib/python3.11/site-packages/airflow/example_dags/example_setup_teardown.py
[2023-08-23T21:36:57.016-0400] {logging_mixin.py:151} INFO - [2023-08-23T21:36:57.016-0400] {dag.py:2907} INFO - Sync 1 DAGs
[2023-08-23T21:36:57.022-0400] {logging_mixin.py:151} INFO - [2023-08-23T21:36:57.021-0400] {dag.py:3677} INFO - Setting next_dagrun for example_setup_teardown to 2023-08-23T01:36:57.021885+00:00, run_after=2023-08-24T01:36:57.021885+00:00
[2023-08-23T21:36:57.028-0400] {processor.py:179} INFO - Processing /Users/mauri/Desktop/repositorio/apache-airflow-tutorial/env/lib/python3.11/site-packages/airflow/example_dags/example_setup_teardown.py took 0.090 seconds
[2023-08-23T21:38:10.912-0400] {processor.py:157} INFO - Started process (PID=8700) to work on /Users/mauri/Desktop/repositorio/apache-airflow-tutorial/env/lib/python3.11/site-packages/airflow/example_dags/example_setup_teardown.py
[2023-08-23T21:38:10.914-0400] {processor.py:829} INFO - Processing file /Users/mauri/Desktop/repositorio/apache-airflow-tutorial/env/lib/python3.11/site-packages/airflow/example_dags/example_setup_teardown.py for tasks to queue
[2023-08-23T21:38:10.914-0400] {logging_mixin.py:151} INFO - [2023-08-23T21:38:10.914-0400] {dagbag.py:539} INFO - Filling up the DagBag from /Users/mauri/Desktop/repositorio/apache-airflow-tutorial/env/lib/python3.11/site-packages/airflow/example_dags/example_setup_teardown.py
[2023-08-23T21:38:10.922-0400] {processor.py:839} INFO - DAG(s) dict_keys(['example_setup_teardown']) retrieved from /Users/mauri/Desktop/repositorio/apache-airflow-tutorial/env/lib/python3.11/site-packages/airflow/example_dags/example_setup_teardown.py
[2023-08-23T21:38:11.002-0400] {logging_mixin.py:151} INFO - [2023-08-23T21:38:11.002-0400] {dag.py:2907} INFO - Sync 1 DAGs
[2023-08-23T21:38:11.008-0400] {logging_mixin.py:151} INFO - [2023-08-23T21:38:11.008-0400] {dag.py:3677} INFO - Setting next_dagrun for example_setup_teardown to 2023-08-23T01:38:11.007924+00:00, run_after=2023-08-24T01:38:11.007924+00:00
[2023-08-23T21:38:11.015-0400] {processor.py:179} INFO - Processing /Users/mauri/Desktop/repositorio/apache-airflow-tutorial/env/lib/python3.11/site-packages/airflow/example_dags/example_setup_teardown.py took 0.103 seconds
[2023-08-23T21:39:27.006-0400] {processor.py:157} INFO - Started process (PID=8776) to work on /Users/mauri/Desktop/repositorio/apache-airflow-tutorial/env/lib/python3.11/site-packages/airflow/example_dags/example_setup_teardown.py
[2023-08-23T21:39:27.008-0400] {processor.py:829} INFO - Processing file /Users/mauri/Desktop/repositorio/apache-airflow-tutorial/env/lib/python3.11/site-packages/airflow/example_dags/example_setup_teardown.py for tasks to queue
[2023-08-23T21:39:27.009-0400] {logging_mixin.py:151} INFO - [2023-08-23T21:39:27.009-0400] {dagbag.py:539} INFO - Filling up the DagBag from /Users/mauri/Desktop/repositorio/apache-airflow-tutorial/env/lib/python3.11/site-packages/airflow/example_dags/example_setup_teardown.py
[2023-08-23T21:39:27.016-0400] {processor.py:839} INFO - DAG(s) dict_keys(['example_setup_teardown']) retrieved from /Users/mauri/Desktop/repositorio/apache-airflow-tutorial/env/lib/python3.11/site-packages/airflow/example_dags/example_setup_teardown.py
[2023-08-23T21:39:27.086-0400] {logging_mixin.py:151} INFO - [2023-08-23T21:39:27.086-0400] {dag.py:2907} INFO - Sync 1 DAGs
[2023-08-23T21:39:27.091-0400] {logging_mixin.py:151} INFO - [2023-08-23T21:39:27.091-0400] {dag.py:3677} INFO - Setting next_dagrun for example_setup_teardown to 2023-08-23T01:39:27.091720+00:00, run_after=2023-08-24T01:39:27.091720+00:00
[2023-08-23T21:39:27.098-0400] {processor.py:179} INFO - Processing /Users/mauri/Desktop/repositorio/apache-airflow-tutorial/env/lib/python3.11/site-packages/airflow/example_dags/example_setup_teardown.py took 0.092 seconds
[2023-08-23T21:40:40.449-0400] {processor.py:157} INFO - Started process (PID=8837) to work on /Users/mauri/Desktop/repositorio/apache-airflow-tutorial/env/lib/python3.11/site-packages/airflow/example_dags/example_setup_teardown.py
[2023-08-23T21:40:40.451-0400] {processor.py:829} INFO - Processing file /Users/mauri/Desktop/repositorio/apache-airflow-tutorial/env/lib/python3.11/site-packages/airflow/example_dags/example_setup_teardown.py for tasks to queue
[2023-08-23T21:40:40.451-0400] {logging_mixin.py:151} INFO - [2023-08-23T21:40:40.451-0400] {dagbag.py:539} INFO - Filling up the DagBag from /Users/mauri/Desktop/repositorio/apache-airflow-tutorial/env/lib/python3.11/site-packages/airflow/example_dags/example_setup_teardown.py
[2023-08-23T21:40:40.458-0400] {processor.py:839} INFO - DAG(s) dict_keys(['example_setup_teardown']) retrieved from /Users/mauri/Desktop/repositorio/apache-airflow-tutorial/env/lib/python3.11/site-packages/airflow/example_dags/example_setup_teardown.py
[2023-08-23T21:40:40.529-0400] {logging_mixin.py:151} INFO - [2023-08-23T21:40:40.529-0400] {dag.py:2907} INFO - Sync 1 DAGs
[2023-08-23T21:40:40.534-0400] {logging_mixin.py:151} INFO - [2023-08-23T21:40:40.534-0400] {dag.py:3677} INFO - Setting next_dagrun for example_setup_teardown to 2023-08-23T01:40:40.534314+00:00, run_after=2023-08-24T01:40:40.534314+00:00
[2023-08-23T21:40:40.541-0400] {processor.py:179} INFO - Processing /Users/mauri/Desktop/repositorio/apache-airflow-tutorial/env/lib/python3.11/site-packages/airflow/example_dags/example_setup_teardown.py took 0.092 seconds
[2023-08-23T21:41:52.894-0400] {processor.py:157} INFO - Started process (PID=8896) to work on /Users/mauri/Desktop/repositorio/apache-airflow-tutorial/env/lib/python3.11/site-packages/airflow/example_dags/example_setup_teardown.py
[2023-08-23T21:41:52.896-0400] {processor.py:829} INFO - Processing file /Users/mauri/Desktop/repositorio/apache-airflow-tutorial/env/lib/python3.11/site-packages/airflow/example_dags/example_setup_teardown.py for tasks to queue
[2023-08-23T21:41:52.896-0400] {logging_mixin.py:151} INFO - [2023-08-23T21:41:52.896-0400] {dagbag.py:539} INFO - Filling up the DagBag from /Users/mauri/Desktop/repositorio/apache-airflow-tutorial/env/lib/python3.11/site-packages/airflow/example_dags/example_setup_teardown.py
[2023-08-23T21:41:52.904-0400] {processor.py:839} INFO - DAG(s) dict_keys(['example_setup_teardown']) retrieved from /Users/mauri/Desktop/repositorio/apache-airflow-tutorial/env/lib/python3.11/site-packages/airflow/example_dags/example_setup_teardown.py
[2023-08-23T21:41:52.975-0400] {logging_mixin.py:151} INFO - [2023-08-23T21:41:52.975-0400] {dag.py:2907} INFO - Sync 1 DAGs
[2023-08-23T21:41:52.980-0400] {logging_mixin.py:151} INFO - [2023-08-23T21:41:52.980-0400] {dag.py:3677} INFO - Setting next_dagrun for example_setup_teardown to 2023-08-23T01:41:52.980508+00:00, run_after=2023-08-24T01:41:52.980508+00:00
[2023-08-23T21:41:52.987-0400] {processor.py:179} INFO - Processing /Users/mauri/Desktop/repositorio/apache-airflow-tutorial/env/lib/python3.11/site-packages/airflow/example_dags/example_setup_teardown.py took 0.093 seconds
[2023-08-23T21:43:06.440-0400] {processor.py:157} INFO - Started process (PID=8961) to work on /Users/mauri/Desktop/repositorio/apache-airflow-tutorial/env/lib/python3.11/site-packages/airflow/example_dags/example_setup_teardown.py
[2023-08-23T21:43:06.442-0400] {processor.py:829} INFO - Processing file /Users/mauri/Desktop/repositorio/apache-airflow-tutorial/env/lib/python3.11/site-packages/airflow/example_dags/example_setup_teardown.py for tasks to queue
[2023-08-23T21:43:06.442-0400] {logging_mixin.py:151} INFO - [2023-08-23T21:43:06.442-0400] {dagbag.py:539} INFO - Filling up the DagBag from /Users/mauri/Desktop/repositorio/apache-airflow-tutorial/env/lib/python3.11/site-packages/airflow/example_dags/example_setup_teardown.py
[2023-08-23T21:43:06.449-0400] {processor.py:839} INFO - DAG(s) dict_keys(['example_setup_teardown']) retrieved from /Users/mauri/Desktop/repositorio/apache-airflow-tutorial/env/lib/python3.11/site-packages/airflow/example_dags/example_setup_teardown.py
[2023-08-23T21:43:06.518-0400] {logging_mixin.py:151} INFO - [2023-08-23T21:43:06.518-0400] {dag.py:2907} INFO - Sync 1 DAGs
[2023-08-23T21:43:06.523-0400] {logging_mixin.py:151} INFO - [2023-08-23T21:43:06.523-0400] {dag.py:3677} INFO - Setting next_dagrun for example_setup_teardown to 2023-08-23T01:43:06.523878+00:00, run_after=2023-08-24T01:43:06.523878+00:00
[2023-08-23T21:43:06.530-0400] {processor.py:179} INFO - Processing /Users/mauri/Desktop/repositorio/apache-airflow-tutorial/env/lib/python3.11/site-packages/airflow/example_dags/example_setup_teardown.py took 0.090 seconds
[2023-08-23T21:44:15.457-0400] {processor.py:157} INFO - Started process (PID=9025) to work on /Users/mauri/Desktop/repositorio/apache-airflow-tutorial/env/lib/python3.11/site-packages/airflow/example_dags/example_setup_teardown.py
[2023-08-23T21:44:15.458-0400] {processor.py:829} INFO - Processing file /Users/mauri/Desktop/repositorio/apache-airflow-tutorial/env/lib/python3.11/site-packages/airflow/example_dags/example_setup_teardown.py for tasks to queue
[2023-08-23T21:44:15.458-0400] {logging_mixin.py:151} INFO - [2023-08-23T21:44:15.458-0400] {dagbag.py:539} INFO - Filling up the DagBag from /Users/mauri/Desktop/repositorio/apache-airflow-tutorial/env/lib/python3.11/site-packages/airflow/example_dags/example_setup_teardown.py
[2023-08-23T21:44:15.465-0400] {processor.py:839} INFO - DAG(s) dict_keys(['example_setup_teardown']) retrieved from /Users/mauri/Desktop/repositorio/apache-airflow-tutorial/env/lib/python3.11/site-packages/airflow/example_dags/example_setup_teardown.py
[2023-08-23T21:44:15.536-0400] {logging_mixin.py:151} INFO - [2023-08-23T21:44:15.535-0400] {dag.py:2907} INFO - Sync 1 DAGs
[2023-08-23T21:44:15.541-0400] {logging_mixin.py:151} INFO - [2023-08-23T21:44:15.541-0400] {dag.py:3677} INFO - Setting next_dagrun for example_setup_teardown to 2023-08-23T01:44:15.541194+00:00, run_after=2023-08-24T01:44:15.541194+00:00
[2023-08-23T21:44:15.548-0400] {processor.py:179} INFO - Processing /Users/mauri/Desktop/repositorio/apache-airflow-tutorial/env/lib/python3.11/site-packages/airflow/example_dags/example_setup_teardown.py took 0.092 seconds
[2023-08-23T21:45:30.230-0400] {processor.py:157} INFO - Started process (PID=9103) to work on /Users/mauri/Desktop/repositorio/apache-airflow-tutorial/env/lib/python3.11/site-packages/airflow/example_dags/example_setup_teardown.py
[2023-08-23T21:45:30.231-0400] {processor.py:829} INFO - Processing file /Users/mauri/Desktop/repositorio/apache-airflow-tutorial/env/lib/python3.11/site-packages/airflow/example_dags/example_setup_teardown.py for tasks to queue
[2023-08-23T21:45:30.231-0400] {logging_mixin.py:151} INFO - [2023-08-23T21:45:30.231-0400] {dagbag.py:539} INFO - Filling up the DagBag from /Users/mauri/Desktop/repositorio/apache-airflow-tutorial/env/lib/python3.11/site-packages/airflow/example_dags/example_setup_teardown.py
[2023-08-23T21:45:30.238-0400] {processor.py:839} INFO - DAG(s) dict_keys(['example_setup_teardown']) retrieved from /Users/mauri/Desktop/repositorio/apache-airflow-tutorial/env/lib/python3.11/site-packages/airflow/example_dags/example_setup_teardown.py
[2023-08-23T21:45:30.307-0400] {logging_mixin.py:151} INFO - [2023-08-23T21:45:30.307-0400] {dag.py:2907} INFO - Sync 1 DAGs
[2023-08-23T21:45:30.312-0400] {logging_mixin.py:151} INFO - [2023-08-23T21:45:30.312-0400] {dag.py:3677} INFO - Setting next_dagrun for example_setup_teardown to 2023-08-23T01:45:30.312389+00:00, run_after=2023-08-24T01:45:30.312389+00:00
[2023-08-23T21:45:30.319-0400] {processor.py:179} INFO - Processing /Users/mauri/Desktop/repositorio/apache-airflow-tutorial/env/lib/python3.11/site-packages/airflow/example_dags/example_setup_teardown.py took 0.089 seconds
[2023-08-23T21:46:41.338-0400] {processor.py:157} INFO - Started process (PID=9251) to work on /Users/mauri/Desktop/repositorio/apache-airflow-tutorial/env/lib/python3.11/site-packages/airflow/example_dags/example_setup_teardown.py
[2023-08-23T21:46:41.339-0400] {processor.py:829} INFO - Processing file /Users/mauri/Desktop/repositorio/apache-airflow-tutorial/env/lib/python3.11/site-packages/airflow/example_dags/example_setup_teardown.py for tasks to queue
[2023-08-23T21:46:41.339-0400] {logging_mixin.py:151} INFO - [2023-08-23T21:46:41.339-0400] {dagbag.py:539} INFO - Filling up the DagBag from /Users/mauri/Desktop/repositorio/apache-airflow-tutorial/env/lib/python3.11/site-packages/airflow/example_dags/example_setup_teardown.py
[2023-08-23T21:46:41.346-0400] {processor.py:839} INFO - DAG(s) dict_keys(['example_setup_teardown']) retrieved from /Users/mauri/Desktop/repositorio/apache-airflow-tutorial/env/lib/python3.11/site-packages/airflow/example_dags/example_setup_teardown.py
[2023-08-23T21:46:41.415-0400] {logging_mixin.py:151} INFO - [2023-08-23T21:46:41.415-0400] {dag.py:2907} INFO - Sync 1 DAGs
[2023-08-23T21:46:41.421-0400] {logging_mixin.py:151} INFO - [2023-08-23T21:46:41.420-0400] {dag.py:3677} INFO - Setting next_dagrun for example_setup_teardown to 2023-08-23T01:46:41.420894+00:00, run_after=2023-08-24T01:46:41.420894+00:00
[2023-08-23T21:46:41.427-0400] {processor.py:179} INFO - Processing /Users/mauri/Desktop/repositorio/apache-airflow-tutorial/env/lib/python3.11/site-packages/airflow/example_dags/example_setup_teardown.py took 0.090 seconds
[2023-08-23T21:47:51.617-0400] {processor.py:157} INFO - Started process (PID=9363) to work on /Users/mauri/Desktop/repositorio/apache-airflow-tutorial/env/lib/python3.11/site-packages/airflow/example_dags/example_setup_teardown.py
[2023-08-23T21:47:51.619-0400] {processor.py:829} INFO - Processing file /Users/mauri/Desktop/repositorio/apache-airflow-tutorial/env/lib/python3.11/site-packages/airflow/example_dags/example_setup_teardown.py for tasks to queue
[2023-08-23T21:47:51.619-0400] {logging_mixin.py:151} INFO - [2023-08-23T21:47:51.619-0400] {dagbag.py:539} INFO - Filling up the DagBag from /Users/mauri/Desktop/repositorio/apache-airflow-tutorial/env/lib/python3.11/site-packages/airflow/example_dags/example_setup_teardown.py
[2023-08-23T21:47:51.626-0400] {processor.py:839} INFO - DAG(s) dict_keys(['example_setup_teardown']) retrieved from /Users/mauri/Desktop/repositorio/apache-airflow-tutorial/env/lib/python3.11/site-packages/airflow/example_dags/example_setup_teardown.py
[2023-08-23T21:47:51.694-0400] {logging_mixin.py:151} INFO - [2023-08-23T21:47:51.694-0400] {dag.py:2907} INFO - Sync 1 DAGs
[2023-08-23T21:47:51.700-0400] {logging_mixin.py:151} INFO - [2023-08-23T21:47:51.700-0400] {dag.py:3677} INFO - Setting next_dagrun for example_setup_teardown to 2023-08-23T01:47:51.699990+00:00, run_after=2023-08-24T01:47:51.699990+00:00
[2023-08-23T21:47:51.706-0400] {processor.py:179} INFO - Processing /Users/mauri/Desktop/repositorio/apache-airflow-tutorial/env/lib/python3.11/site-packages/airflow/example_dags/example_setup_teardown.py took 0.089 seconds
[2023-08-23T21:49:04.980-0400] {processor.py:157} INFO - Started process (PID=9456) to work on /Users/mauri/Desktop/repositorio/apache-airflow-tutorial/env/lib/python3.11/site-packages/airflow/example_dags/example_setup_teardown.py
[2023-08-23T21:49:04.981-0400] {processor.py:829} INFO - Processing file /Users/mauri/Desktop/repositorio/apache-airflow-tutorial/env/lib/python3.11/site-packages/airflow/example_dags/example_setup_teardown.py for tasks to queue
[2023-08-23T21:49:04.982-0400] {logging_mixin.py:151} INFO - [2023-08-23T21:49:04.982-0400] {dagbag.py:539} INFO - Filling up the DagBag from /Users/mauri/Desktop/repositorio/apache-airflow-tutorial/env/lib/python3.11/site-packages/airflow/example_dags/example_setup_teardown.py
[2023-08-23T21:49:04.988-0400] {processor.py:839} INFO - DAG(s) dict_keys(['example_setup_teardown']) retrieved from /Users/mauri/Desktop/repositorio/apache-airflow-tutorial/env/lib/python3.11/site-packages/airflow/example_dags/example_setup_teardown.py
[2023-08-23T21:49:05.058-0400] {logging_mixin.py:151} INFO - [2023-08-23T21:49:05.058-0400] {dag.py:2907} INFO - Sync 1 DAGs
[2023-08-23T21:49:05.063-0400] {logging_mixin.py:151} INFO - [2023-08-23T21:49:05.063-0400] {dag.py:3677} INFO - Setting next_dagrun for example_setup_teardown to 2023-08-23T01:49:05.063309+00:00, run_after=2023-08-24T01:49:05.063309+00:00
[2023-08-23T21:49:05.070-0400] {processor.py:179} INFO - Processing /Users/mauri/Desktop/repositorio/apache-airflow-tutorial/env/lib/python3.11/site-packages/airflow/example_dags/example_setup_teardown.py took 0.090 seconds
[2023-08-23T21:50:19.977-0400] {processor.py:157} INFO - Started process (PID=9528) to work on /Users/mauri/Desktop/repositorio/apache-airflow-tutorial/env/lib/python3.11/site-packages/airflow/example_dags/example_setup_teardown.py
[2023-08-23T21:50:19.979-0400] {processor.py:829} INFO - Processing file /Users/mauri/Desktop/repositorio/apache-airflow-tutorial/env/lib/python3.11/site-packages/airflow/example_dags/example_setup_teardown.py for tasks to queue
[2023-08-23T21:50:19.979-0400] {logging_mixin.py:151} INFO - [2023-08-23T21:50:19.979-0400] {dagbag.py:539} INFO - Filling up the DagBag from /Users/mauri/Desktop/repositorio/apache-airflow-tutorial/env/lib/python3.11/site-packages/airflow/example_dags/example_setup_teardown.py
[2023-08-23T21:50:19.986-0400] {processor.py:839} INFO - DAG(s) dict_keys(['example_setup_teardown']) retrieved from /Users/mauri/Desktop/repositorio/apache-airflow-tutorial/env/lib/python3.11/site-packages/airflow/example_dags/example_setup_teardown.py
[2023-08-23T21:50:20.055-0400] {logging_mixin.py:151} INFO - [2023-08-23T21:50:20.055-0400] {dag.py:2907} INFO - Sync 1 DAGs
[2023-08-23T21:50:20.060-0400] {logging_mixin.py:151} INFO - [2023-08-23T21:50:20.060-0400] {dag.py:3677} INFO - Setting next_dagrun for example_setup_teardown to 2023-08-23T01:50:20.060377+00:00, run_after=2023-08-24T01:50:20.060377+00:00
[2023-08-23T21:50:20.067-0400] {processor.py:179} INFO - Processing /Users/mauri/Desktop/repositorio/apache-airflow-tutorial/env/lib/python3.11/site-packages/airflow/example_dags/example_setup_teardown.py took 0.090 seconds
[2023-08-23T21:51:34.783-0400] {processor.py:157} INFO - Started process (PID=9618) to work on /Users/mauri/Desktop/repositorio/apache-airflow-tutorial/env/lib/python3.11/site-packages/airflow/example_dags/example_setup_teardown.py
[2023-08-23T21:51:34.786-0400] {processor.py:829} INFO - Processing file /Users/mauri/Desktop/repositorio/apache-airflow-tutorial/env/lib/python3.11/site-packages/airflow/example_dags/example_setup_teardown.py for tasks to queue
[2023-08-23T21:51:34.786-0400] {logging_mixin.py:151} INFO - [2023-08-23T21:51:34.786-0400] {dagbag.py:539} INFO - Filling up the DagBag from /Users/mauri/Desktop/repositorio/apache-airflow-tutorial/env/lib/python3.11/site-packages/airflow/example_dags/example_setup_teardown.py
[2023-08-23T21:51:34.793-0400] {processor.py:839} INFO - DAG(s) dict_keys(['example_setup_teardown']) retrieved from /Users/mauri/Desktop/repositorio/apache-airflow-tutorial/env/lib/python3.11/site-packages/airflow/example_dags/example_setup_teardown.py
[2023-08-23T21:51:34.863-0400] {logging_mixin.py:151} INFO - [2023-08-23T21:51:34.863-0400] {dag.py:2907} INFO - Sync 1 DAGs
[2023-08-23T21:51:34.868-0400] {logging_mixin.py:151} INFO - [2023-08-23T21:51:34.868-0400] {dag.py:3677} INFO - Setting next_dagrun for example_setup_teardown to 2023-08-23T01:51:34.868772+00:00, run_after=2023-08-24T01:51:34.868772+00:00
[2023-08-23T21:51:34.875-0400] {processor.py:179} INFO - Processing /Users/mauri/Desktop/repositorio/apache-airflow-tutorial/env/lib/python3.11/site-packages/airflow/example_dags/example_setup_teardown.py took 0.092 seconds
[2023-08-23T21:52:45.893-0400] {processor.py:157} INFO - Started process (PID=9683) to work on /Users/mauri/Desktop/repositorio/apache-airflow-tutorial/env/lib/python3.11/site-packages/airflow/example_dags/example_setup_teardown.py
[2023-08-23T21:52:45.894-0400] {processor.py:829} INFO - Processing file /Users/mauri/Desktop/repositorio/apache-airflow-tutorial/env/lib/python3.11/site-packages/airflow/example_dags/example_setup_teardown.py for tasks to queue
[2023-08-23T21:52:45.895-0400] {logging_mixin.py:151} INFO - [2023-08-23T21:52:45.894-0400] {dagbag.py:539} INFO - Filling up the DagBag from /Users/mauri/Desktop/repositorio/apache-airflow-tutorial/env/lib/python3.11/site-packages/airflow/example_dags/example_setup_teardown.py
[2023-08-23T21:52:45.901-0400] {processor.py:839} INFO - DAG(s) dict_keys(['example_setup_teardown']) retrieved from /Users/mauri/Desktop/repositorio/apache-airflow-tutorial/env/lib/python3.11/site-packages/airflow/example_dags/example_setup_teardown.py
[2023-08-23T21:52:45.975-0400] {logging_mixin.py:151} INFO - [2023-08-23T21:52:45.975-0400] {dag.py:2907} INFO - Sync 1 DAGs
[2023-08-23T21:52:45.981-0400] {logging_mixin.py:151} INFO - [2023-08-23T21:52:45.980-0400] {dag.py:3677} INFO - Setting next_dagrun for example_setup_teardown to 2023-08-23T01:52:45.980882+00:00, run_after=2023-08-24T01:52:45.980882+00:00
[2023-08-23T21:52:45.988-0400] {processor.py:179} INFO - Processing /Users/mauri/Desktop/repositorio/apache-airflow-tutorial/env/lib/python3.11/site-packages/airflow/example_dags/example_setup_teardown.py took 0.095 seconds
[2023-08-23T21:53:56.723-0400] {processor.py:157} INFO - Started process (PID=9752) to work on /Users/mauri/Desktop/repositorio/apache-airflow-tutorial/env/lib/python3.11/site-packages/airflow/example_dags/example_setup_teardown.py
[2023-08-23T21:53:56.725-0400] {processor.py:829} INFO - Processing file /Users/mauri/Desktop/repositorio/apache-airflow-tutorial/env/lib/python3.11/site-packages/airflow/example_dags/example_setup_teardown.py for tasks to queue
[2023-08-23T21:53:56.725-0400] {logging_mixin.py:151} INFO - [2023-08-23T21:53:56.725-0400] {dagbag.py:539} INFO - Filling up the DagBag from /Users/mauri/Desktop/repositorio/apache-airflow-tutorial/env/lib/python3.11/site-packages/airflow/example_dags/example_setup_teardown.py
[2023-08-23T21:53:56.732-0400] {processor.py:839} INFO - DAG(s) dict_keys(['example_setup_teardown']) retrieved from /Users/mauri/Desktop/repositorio/apache-airflow-tutorial/env/lib/python3.11/site-packages/airflow/example_dags/example_setup_teardown.py
[2023-08-23T21:53:56.807-0400] {logging_mixin.py:151} INFO - [2023-08-23T21:53:56.807-0400] {dag.py:2907} INFO - Sync 1 DAGs
[2023-08-23T21:53:56.812-0400] {logging_mixin.py:151} INFO - [2023-08-23T21:53:56.812-0400] {dag.py:3677} INFO - Setting next_dagrun for example_setup_teardown to 2023-08-23T01:53:56.812733+00:00, run_after=2023-08-24T01:53:56.812733+00:00
[2023-08-23T21:53:56.819-0400] {processor.py:179} INFO - Processing /Users/mauri/Desktop/repositorio/apache-airflow-tutorial/env/lib/python3.11/site-packages/airflow/example_dags/example_setup_teardown.py took 0.096 seconds
[2023-08-23T21:55:08.274-0400] {processor.py:157} INFO - Started process (PID=9817) to work on /Users/mauri/Desktop/repositorio/apache-airflow-tutorial/env/lib/python3.11/site-packages/airflow/example_dags/example_setup_teardown.py
[2023-08-23T21:55:08.275-0400] {processor.py:829} INFO - Processing file /Users/mauri/Desktop/repositorio/apache-airflow-tutorial/env/lib/python3.11/site-packages/airflow/example_dags/example_setup_teardown.py for tasks to queue
[2023-08-23T21:55:08.276-0400] {logging_mixin.py:151} INFO - [2023-08-23T21:55:08.276-0400] {dagbag.py:539} INFO - Filling up the DagBag from /Users/mauri/Desktop/repositorio/apache-airflow-tutorial/env/lib/python3.11/site-packages/airflow/example_dags/example_setup_teardown.py
[2023-08-23T21:55:08.283-0400] {processor.py:839} INFO - DAG(s) dict_keys(['example_setup_teardown']) retrieved from /Users/mauri/Desktop/repositorio/apache-airflow-tutorial/env/lib/python3.11/site-packages/airflow/example_dags/example_setup_teardown.py
[2023-08-23T21:55:08.358-0400] {logging_mixin.py:151} INFO - [2023-08-23T21:55:08.358-0400] {dag.py:2907} INFO - Sync 1 DAGs
[2023-08-23T21:55:08.364-0400] {logging_mixin.py:151} INFO - [2023-08-23T21:55:08.364-0400] {dag.py:3677} INFO - Setting next_dagrun for example_setup_teardown to 2023-08-23T01:55:08.364037+00:00, run_after=2023-08-24T01:55:08.364037+00:00
[2023-08-23T21:55:08.371-0400] {processor.py:179} INFO - Processing /Users/mauri/Desktop/repositorio/apache-airflow-tutorial/env/lib/python3.11/site-packages/airflow/example_dags/example_setup_teardown.py took 0.097 seconds
[2023-08-23T21:56:21.474-0400] {processor.py:157} INFO - Started process (PID=9888) to work on /Users/mauri/Desktop/repositorio/apache-airflow-tutorial/env/lib/python3.11/site-packages/airflow/example_dags/example_setup_teardown.py
[2023-08-23T21:56:21.475-0400] {processor.py:829} INFO - Processing file /Users/mauri/Desktop/repositorio/apache-airflow-tutorial/env/lib/python3.11/site-packages/airflow/example_dags/example_setup_teardown.py for tasks to queue
[2023-08-23T21:56:21.475-0400] {logging_mixin.py:151} INFO - [2023-08-23T21:56:21.475-0400] {dagbag.py:539} INFO - Filling up the DagBag from /Users/mauri/Desktop/repositorio/apache-airflow-tutorial/env/lib/python3.11/site-packages/airflow/example_dags/example_setup_teardown.py
[2023-08-23T21:56:21.482-0400] {processor.py:839} INFO - DAG(s) dict_keys(['example_setup_teardown']) retrieved from /Users/mauri/Desktop/repositorio/apache-airflow-tutorial/env/lib/python3.11/site-packages/airflow/example_dags/example_setup_teardown.py
[2023-08-23T21:56:21.552-0400] {logging_mixin.py:151} INFO - [2023-08-23T21:56:21.552-0400] {dag.py:2907} INFO - Sync 1 DAGs
[2023-08-23T21:56:21.558-0400] {logging_mixin.py:151} INFO - [2023-08-23T21:56:21.558-0400] {dag.py:3677} INFO - Setting next_dagrun for example_setup_teardown to 2023-08-23T01:56:21.558162+00:00, run_after=2023-08-24T01:56:21.558162+00:00
[2023-08-23T21:56:21.564-0400] {processor.py:179} INFO - Processing /Users/mauri/Desktop/repositorio/apache-airflow-tutorial/env/lib/python3.11/site-packages/airflow/example_dags/example_setup_teardown.py took 0.091 seconds
[2023-08-23T21:57:37.810-0400] {processor.py:157} INFO - Started process (PID=9953) to work on /Users/mauri/Desktop/repositorio/apache-airflow-tutorial/env/lib/python3.11/site-packages/airflow/example_dags/example_setup_teardown.py
[2023-08-23T21:57:37.811-0400] {processor.py:829} INFO - Processing file /Users/mauri/Desktop/repositorio/apache-airflow-tutorial/env/lib/python3.11/site-packages/airflow/example_dags/example_setup_teardown.py for tasks to queue
[2023-08-23T21:57:37.812-0400] {logging_mixin.py:151} INFO - [2023-08-23T21:57:37.811-0400] {dagbag.py:539} INFO - Filling up the DagBag from /Users/mauri/Desktop/repositorio/apache-airflow-tutorial/env/lib/python3.11/site-packages/airflow/example_dags/example_setup_teardown.py
[2023-08-23T21:57:37.818-0400] {processor.py:839} INFO - DAG(s) dict_keys(['example_setup_teardown']) retrieved from /Users/mauri/Desktop/repositorio/apache-airflow-tutorial/env/lib/python3.11/site-packages/airflow/example_dags/example_setup_teardown.py
[2023-08-23T21:57:37.887-0400] {logging_mixin.py:151} INFO - [2023-08-23T21:57:37.887-0400] {dag.py:2907} INFO - Sync 1 DAGs
[2023-08-23T21:57:37.892-0400] {logging_mixin.py:151} INFO - [2023-08-23T21:57:37.892-0400] {dag.py:3677} INFO - Setting next_dagrun for example_setup_teardown to 2023-08-23T01:57:37.892684+00:00, run_after=2023-08-24T01:57:37.892684+00:00
[2023-08-23T21:57:37.899-0400] {processor.py:179} INFO - Processing /Users/mauri/Desktop/repositorio/apache-airflow-tutorial/env/lib/python3.11/site-packages/airflow/example_dags/example_setup_teardown.py took 0.089 seconds
[2023-08-23T21:58:52.545-0400] {processor.py:157} INFO - Started process (PID=10017) to work on /Users/mauri/Desktop/repositorio/apache-airflow-tutorial/env/lib/python3.11/site-packages/airflow/example_dags/example_setup_teardown.py
[2023-08-23T21:58:52.546-0400] {processor.py:829} INFO - Processing file /Users/mauri/Desktop/repositorio/apache-airflow-tutorial/env/lib/python3.11/site-packages/airflow/example_dags/example_setup_teardown.py for tasks to queue
[2023-08-23T21:58:52.547-0400] {logging_mixin.py:151} INFO - [2023-08-23T21:58:52.547-0400] {dagbag.py:539} INFO - Filling up the DagBag from /Users/mauri/Desktop/repositorio/apache-airflow-tutorial/env/lib/python3.11/site-packages/airflow/example_dags/example_setup_teardown.py
[2023-08-23T21:58:52.554-0400] {processor.py:839} INFO - DAG(s) dict_keys(['example_setup_teardown']) retrieved from /Users/mauri/Desktop/repositorio/apache-airflow-tutorial/env/lib/python3.11/site-packages/airflow/example_dags/example_setup_teardown.py
[2023-08-23T21:58:52.625-0400] {logging_mixin.py:151} INFO - [2023-08-23T21:58:52.625-0400] {dag.py:2907} INFO - Sync 1 DAGs
[2023-08-23T21:58:52.631-0400] {logging_mixin.py:151} INFO - [2023-08-23T21:58:52.630-0400] {dag.py:3677} INFO - Setting next_dagrun for example_setup_teardown to 2023-08-23T01:58:52.630885+00:00, run_after=2023-08-24T01:58:52.630885+00:00
[2023-08-23T21:58:52.637-0400] {processor.py:179} INFO - Processing /Users/mauri/Desktop/repositorio/apache-airflow-tutorial/env/lib/python3.11/site-packages/airflow/example_dags/example_setup_teardown.py took 0.093 seconds
[2023-08-23T22:00:07.133-0400] {processor.py:157} INFO - Started process (PID=10087) to work on /Users/mauri/Desktop/repositorio/apache-airflow-tutorial/env/lib/python3.11/site-packages/airflow/example_dags/example_setup_teardown.py
[2023-08-23T22:00:07.134-0400] {processor.py:829} INFO - Processing file /Users/mauri/Desktop/repositorio/apache-airflow-tutorial/env/lib/python3.11/site-packages/airflow/example_dags/example_setup_teardown.py for tasks to queue
[2023-08-23T22:00:07.134-0400] {logging_mixin.py:151} INFO - [2023-08-23T22:00:07.134-0400] {dagbag.py:539} INFO - Filling up the DagBag from /Users/mauri/Desktop/repositorio/apache-airflow-tutorial/env/lib/python3.11/site-packages/airflow/example_dags/example_setup_teardown.py
[2023-08-23T22:00:07.141-0400] {processor.py:839} INFO - DAG(s) dict_keys(['example_setup_teardown']) retrieved from /Users/mauri/Desktop/repositorio/apache-airflow-tutorial/env/lib/python3.11/site-packages/airflow/example_dags/example_setup_teardown.py
[2023-08-23T22:00:07.214-0400] {logging_mixin.py:151} INFO - [2023-08-23T22:00:07.214-0400] {dag.py:2907} INFO - Sync 1 DAGs
[2023-08-23T22:00:07.219-0400] {logging_mixin.py:151} INFO - [2023-08-23T22:00:07.219-0400] {dag.py:3677} INFO - Setting next_dagrun for example_setup_teardown to 2023-08-23T02:00:07.219442+00:00, run_after=2023-08-24T02:00:07.219442+00:00
[2023-08-23T22:00:07.226-0400] {processor.py:179} INFO - Processing /Users/mauri/Desktop/repositorio/apache-airflow-tutorial/env/lib/python3.11/site-packages/airflow/example_dags/example_setup_teardown.py took 0.093 seconds
