[2023-08-23T21:34:29.514-0400] {processor.py:157} INFO - Started process (PID=8519) to work on /Users/mauri/Desktop/repositorio/apache-airflow-tutorial/env/lib/python3.11/site-packages/airflow/example_dags/example_sensors.py
[2023-08-23T21:34:29.515-0400] {processor.py:829} INFO - Processing file /Users/mauri/Desktop/repositorio/apache-airflow-tutorial/env/lib/python3.11/site-packages/airflow/example_dags/example_sensors.py for tasks to queue
[2023-08-23T21:34:29.516-0400] {logging_mixin.py:151} INFO - [2023-08-23T21:34:29.515-0400] {dagbag.py:539} INFO - Filling up the DagBag from /Users/mauri/Desktop/repositorio/apache-airflow-tutorial/env/lib/python3.11/site-packages/airflow/example_dags/example_sensors.py
[2023-08-23T21:34:29.543-0400] {processor.py:839} INFO - DAG(s) dict_keys(['example_sensors']) retrieved from /Users/mauri/Desktop/repositorio/apache-airflow-tutorial/env/lib/python3.11/site-packages/airflow/example_dags/example_sensors.py
[2023-08-23T21:34:29.857-0400] {logging_mixin.py:151} INFO - [2023-08-23T21:34:29.857-0400] {manager.py:501} INFO - Created Permission View: can delete on DAG:example_sensors
[2023-08-23T21:34:29.860-0400] {logging_mixin.py:151} INFO - [2023-08-23T21:34:29.860-0400] {manager.py:501} INFO - Created Permission View: can edit on DAG:example_sensors
[2023-08-23T21:34:29.862-0400] {logging_mixin.py:151} INFO - [2023-08-23T21:34:29.862-0400] {manager.py:501} INFO - Created Permission View: can read on DAG:example_sensors
[2023-08-23T21:34:29.865-0400] {logging_mixin.py:151} INFO - [2023-08-23T21:34:29.865-0400] {dag.py:2907} INFO - Sync 1 DAGs
[2023-08-23T21:34:29.869-0400] {logging_mixin.py:151} INFO - [2023-08-23T21:34:29.869-0400] {dag.py:2929} INFO - Creating ORM DAG for example_sensors
[2023-08-23T21:34:29.869-0400] {logging_mixin.py:151} INFO - [2023-08-23T21:34:29.869-0400] {dag.py:3677} INFO - Setting next_dagrun for example_sensors to None, run_after=None
[2023-08-23T21:34:29.875-0400] {processor.py:179} INFO - Processing /Users/mauri/Desktop/repositorio/apache-airflow-tutorial/env/lib/python3.11/site-packages/airflow/example_dags/example_sensors.py took 0.361 seconds
[2023-08-23T21:35:45.112-0400] {processor.py:157} INFO - Started process (PID=8574) to work on /Users/mauri/Desktop/repositorio/apache-airflow-tutorial/env/lib/python3.11/site-packages/airflow/example_dags/example_sensors.py
[2023-08-23T21:35:45.114-0400] {processor.py:829} INFO - Processing file /Users/mauri/Desktop/repositorio/apache-airflow-tutorial/env/lib/python3.11/site-packages/airflow/example_dags/example_sensors.py for tasks to queue
[2023-08-23T21:35:45.115-0400] {logging_mixin.py:151} INFO - [2023-08-23T21:35:45.114-0400] {dagbag.py:539} INFO - Filling up the DagBag from /Users/mauri/Desktop/repositorio/apache-airflow-tutorial/env/lib/python3.11/site-packages/airflow/example_dags/example_sensors.py
[2023-08-23T21:35:45.143-0400] {processor.py:839} INFO - DAG(s) dict_keys(['example_sensors']) retrieved from /Users/mauri/Desktop/repositorio/apache-airflow-tutorial/env/lib/python3.11/site-packages/airflow/example_dags/example_sensors.py
[2023-08-23T21:35:45.204-0400] {logging_mixin.py:151} INFO - [2023-08-23T21:35:45.204-0400] {dag.py:2907} INFO - Sync 1 DAGs
[2023-08-23T21:35:45.207-0400] {logging_mixin.py:151} INFO - [2023-08-23T21:35:45.207-0400] {dag.py:3677} INFO - Setting next_dagrun for example_sensors to None, run_after=None
[2023-08-23T21:35:45.214-0400] {processor.py:179} INFO - Processing /Users/mauri/Desktop/repositorio/apache-airflow-tutorial/env/lib/python3.11/site-packages/airflow/example_dags/example_sensors.py took 0.103 seconds
[2023-08-23T21:36:58.554-0400] {processor.py:157} INFO - Started process (PID=8642) to work on /Users/mauri/Desktop/repositorio/apache-airflow-tutorial/env/lib/python3.11/site-packages/airflow/example_dags/example_sensors.py
[2023-08-23T21:36:58.556-0400] {processor.py:829} INFO - Processing file /Users/mauri/Desktop/repositorio/apache-airflow-tutorial/env/lib/python3.11/site-packages/airflow/example_dags/example_sensors.py for tasks to queue
[2023-08-23T21:36:58.556-0400] {logging_mixin.py:151} INFO - [2023-08-23T21:36:58.556-0400] {dagbag.py:539} INFO - Filling up the DagBag from /Users/mauri/Desktop/repositorio/apache-airflow-tutorial/env/lib/python3.11/site-packages/airflow/example_dags/example_sensors.py
[2023-08-23T21:36:58.581-0400] {processor.py:839} INFO - DAG(s) dict_keys(['example_sensors']) retrieved from /Users/mauri/Desktop/repositorio/apache-airflow-tutorial/env/lib/python3.11/site-packages/airflow/example_dags/example_sensors.py
[2023-08-23T21:36:58.638-0400] {logging_mixin.py:151} INFO - [2023-08-23T21:36:58.638-0400] {dag.py:2907} INFO - Sync 1 DAGs
[2023-08-23T21:36:58.641-0400] {logging_mixin.py:151} INFO - [2023-08-23T21:36:58.641-0400] {dag.py:3677} INFO - Setting next_dagrun for example_sensors to None, run_after=None
[2023-08-23T21:36:58.648-0400] {processor.py:179} INFO - Processing /Users/mauri/Desktop/repositorio/apache-airflow-tutorial/env/lib/python3.11/site-packages/airflow/example_dags/example_sensors.py took 0.095 seconds
[2023-08-23T21:38:11.673-0400] {processor.py:157} INFO - Started process (PID=8701) to work on /Users/mauri/Desktop/repositorio/apache-airflow-tutorial/env/lib/python3.11/site-packages/airflow/example_dags/example_sensors.py
[2023-08-23T21:38:11.675-0400] {processor.py:829} INFO - Processing file /Users/mauri/Desktop/repositorio/apache-airflow-tutorial/env/lib/python3.11/site-packages/airflow/example_dags/example_sensors.py for tasks to queue
[2023-08-23T21:38:11.676-0400] {logging_mixin.py:151} INFO - [2023-08-23T21:38:11.675-0400] {dagbag.py:539} INFO - Filling up the DagBag from /Users/mauri/Desktop/repositorio/apache-airflow-tutorial/env/lib/python3.11/site-packages/airflow/example_dags/example_sensors.py
[2023-08-23T21:38:11.702-0400] {processor.py:839} INFO - DAG(s) dict_keys(['example_sensors']) retrieved from /Users/mauri/Desktop/repositorio/apache-airflow-tutorial/env/lib/python3.11/site-packages/airflow/example_dags/example_sensors.py
[2023-08-23T21:38:11.769-0400] {logging_mixin.py:151} INFO - [2023-08-23T21:38:11.769-0400] {dag.py:2907} INFO - Sync 1 DAGs
[2023-08-23T21:38:11.772-0400] {logging_mixin.py:151} INFO - [2023-08-23T21:38:11.772-0400] {dag.py:3677} INFO - Setting next_dagrun for example_sensors to None, run_after=None
[2023-08-23T21:38:11.780-0400] {processor.py:179} INFO - Processing /Users/mauri/Desktop/repositorio/apache-airflow-tutorial/env/lib/python3.11/site-packages/airflow/example_dags/example_sensors.py took 0.107 seconds
[2023-08-23T21:39:28.644-0400] {processor.py:157} INFO - Started process (PID=8777) to work on /Users/mauri/Desktop/repositorio/apache-airflow-tutorial/env/lib/python3.11/site-packages/airflow/example_dags/example_sensors.py
[2023-08-23T21:39:28.646-0400] {processor.py:829} INFO - Processing file /Users/mauri/Desktop/repositorio/apache-airflow-tutorial/env/lib/python3.11/site-packages/airflow/example_dags/example_sensors.py for tasks to queue
[2023-08-23T21:39:28.646-0400] {logging_mixin.py:151} INFO - [2023-08-23T21:39:28.646-0400] {dagbag.py:539} INFO - Filling up the DagBag from /Users/mauri/Desktop/repositorio/apache-airflow-tutorial/env/lib/python3.11/site-packages/airflow/example_dags/example_sensors.py
[2023-08-23T21:39:28.675-0400] {processor.py:839} INFO - DAG(s) dict_keys(['example_sensors']) retrieved from /Users/mauri/Desktop/repositorio/apache-airflow-tutorial/env/lib/python3.11/site-packages/airflow/example_dags/example_sensors.py
[2023-08-23T21:39:28.737-0400] {logging_mixin.py:151} INFO - [2023-08-23T21:39:28.737-0400] {dag.py:2907} INFO - Sync 1 DAGs
[2023-08-23T21:39:28.740-0400] {logging_mixin.py:151} INFO - [2023-08-23T21:39:28.740-0400] {dag.py:3677} INFO - Setting next_dagrun for example_sensors to None, run_after=None
[2023-08-23T21:39:28.747-0400] {processor.py:179} INFO - Processing /Users/mauri/Desktop/repositorio/apache-airflow-tutorial/env/lib/python3.11/site-packages/airflow/example_dags/example_sensors.py took 0.103 seconds
[2023-08-23T21:40:41.808-0400] {processor.py:157} INFO - Started process (PID=8839) to work on /Users/mauri/Desktop/repositorio/apache-airflow-tutorial/env/lib/python3.11/site-packages/airflow/example_dags/example_sensors.py
[2023-08-23T21:40:41.809-0400] {processor.py:829} INFO - Processing file /Users/mauri/Desktop/repositorio/apache-airflow-tutorial/env/lib/python3.11/site-packages/airflow/example_dags/example_sensors.py for tasks to queue
[2023-08-23T21:40:41.810-0400] {logging_mixin.py:151} INFO - [2023-08-23T21:40:41.809-0400] {dagbag.py:539} INFO - Filling up the DagBag from /Users/mauri/Desktop/repositorio/apache-airflow-tutorial/env/lib/python3.11/site-packages/airflow/example_dags/example_sensors.py
[2023-08-23T21:40:41.834-0400] {processor.py:839} INFO - DAG(s) dict_keys(['example_sensors']) retrieved from /Users/mauri/Desktop/repositorio/apache-airflow-tutorial/env/lib/python3.11/site-packages/airflow/example_dags/example_sensors.py
[2023-08-23T21:40:41.892-0400] {logging_mixin.py:151} INFO - [2023-08-23T21:40:41.892-0400] {dag.py:2907} INFO - Sync 1 DAGs
[2023-08-23T21:40:41.895-0400] {logging_mixin.py:151} INFO - [2023-08-23T21:40:41.895-0400] {dag.py:3677} INFO - Setting next_dagrun for example_sensors to None, run_after=None
[2023-08-23T21:40:41.902-0400] {processor.py:179} INFO - Processing /Users/mauri/Desktop/repositorio/apache-airflow-tutorial/env/lib/python3.11/site-packages/airflow/example_dags/example_sensors.py took 0.095 seconds
[2023-08-23T21:41:54.530-0400] {processor.py:157} INFO - Started process (PID=8897) to work on /Users/mauri/Desktop/repositorio/apache-airflow-tutorial/env/lib/python3.11/site-packages/airflow/example_dags/example_sensors.py
[2023-08-23T21:41:54.532-0400] {processor.py:829} INFO - Processing file /Users/mauri/Desktop/repositorio/apache-airflow-tutorial/env/lib/python3.11/site-packages/airflow/example_dags/example_sensors.py for tasks to queue
[2023-08-23T21:41:54.532-0400] {logging_mixin.py:151} INFO - [2023-08-23T21:41:54.532-0400] {dagbag.py:539} INFO - Filling up the DagBag from /Users/mauri/Desktop/repositorio/apache-airflow-tutorial/env/lib/python3.11/site-packages/airflow/example_dags/example_sensors.py
[2023-08-23T21:41:54.558-0400] {processor.py:839} INFO - DAG(s) dict_keys(['example_sensors']) retrieved from /Users/mauri/Desktop/repositorio/apache-airflow-tutorial/env/lib/python3.11/site-packages/airflow/example_dags/example_sensors.py
[2023-08-23T21:41:54.620-0400] {logging_mixin.py:151} INFO - [2023-08-23T21:41:54.620-0400] {dag.py:2907} INFO - Sync 1 DAGs
[2023-08-23T21:41:54.623-0400] {logging_mixin.py:151} INFO - [2023-08-23T21:41:54.623-0400] {dag.py:3677} INFO - Setting next_dagrun for example_sensors to None, run_after=None
[2023-08-23T21:41:54.630-0400] {processor.py:179} INFO - Processing /Users/mauri/Desktop/repositorio/apache-airflow-tutorial/env/lib/python3.11/site-packages/airflow/example_dags/example_sensors.py took 0.100 seconds
[2023-08-23T21:43:07.159-0400] {processor.py:157} INFO - Started process (PID=8962) to work on /Users/mauri/Desktop/repositorio/apache-airflow-tutorial/env/lib/python3.11/site-packages/airflow/example_dags/example_sensors.py
[2023-08-23T21:43:07.161-0400] {processor.py:829} INFO - Processing file /Users/mauri/Desktop/repositorio/apache-airflow-tutorial/env/lib/python3.11/site-packages/airflow/example_dags/example_sensors.py for tasks to queue
[2023-08-23T21:43:07.161-0400] {logging_mixin.py:151} INFO - [2023-08-23T21:43:07.161-0400] {dagbag.py:539} INFO - Filling up the DagBag from /Users/mauri/Desktop/repositorio/apache-airflow-tutorial/env/lib/python3.11/site-packages/airflow/example_dags/example_sensors.py
[2023-08-23T21:43:07.185-0400] {processor.py:839} INFO - DAG(s) dict_keys(['example_sensors']) retrieved from /Users/mauri/Desktop/repositorio/apache-airflow-tutorial/env/lib/python3.11/site-packages/airflow/example_dags/example_sensors.py
[2023-08-23T21:43:07.242-0400] {logging_mixin.py:151} INFO - [2023-08-23T21:43:07.242-0400] {dag.py:2907} INFO - Sync 1 DAGs
[2023-08-23T21:43:07.245-0400] {logging_mixin.py:151} INFO - [2023-08-23T21:43:07.245-0400] {dag.py:3677} INFO - Setting next_dagrun for example_sensors to None, run_after=None
[2023-08-23T21:43:07.252-0400] {processor.py:179} INFO - Processing /Users/mauri/Desktop/repositorio/apache-airflow-tutorial/env/lib/python3.11/site-packages/airflow/example_dags/example_sensors.py took 0.092 seconds
[2023-08-23T21:44:17.089-0400] {processor.py:157} INFO - Started process (PID=9026) to work on /Users/mauri/Desktop/repositorio/apache-airflow-tutorial/env/lib/python3.11/site-packages/airflow/example_dags/example_sensors.py
[2023-08-23T21:44:17.090-0400] {processor.py:829} INFO - Processing file /Users/mauri/Desktop/repositorio/apache-airflow-tutorial/env/lib/python3.11/site-packages/airflow/example_dags/example_sensors.py for tasks to queue
[2023-08-23T21:44:17.090-0400] {logging_mixin.py:151} INFO - [2023-08-23T21:44:17.090-0400] {dagbag.py:539} INFO - Filling up the DagBag from /Users/mauri/Desktop/repositorio/apache-airflow-tutorial/env/lib/python3.11/site-packages/airflow/example_dags/example_sensors.py
[2023-08-23T21:44:17.114-0400] {processor.py:839} INFO - DAG(s) dict_keys(['example_sensors']) retrieved from /Users/mauri/Desktop/repositorio/apache-airflow-tutorial/env/lib/python3.11/site-packages/airflow/example_dags/example_sensors.py
[2023-08-23T21:44:17.173-0400] {logging_mixin.py:151} INFO - [2023-08-23T21:44:17.172-0400] {dag.py:2907} INFO - Sync 1 DAGs
[2023-08-23T21:44:17.175-0400] {logging_mixin.py:151} INFO - [2023-08-23T21:44:17.175-0400] {dag.py:3677} INFO - Setting next_dagrun for example_sensors to None, run_after=None
[2023-08-23T21:44:17.182-0400] {processor.py:179} INFO - Processing /Users/mauri/Desktop/repositorio/apache-airflow-tutorial/env/lib/python3.11/site-packages/airflow/example_dags/example_sensors.py took 0.094 seconds
[2023-08-23T21:45:31.848-0400] {processor.py:157} INFO - Started process (PID=9104) to work on /Users/mauri/Desktop/repositorio/apache-airflow-tutorial/env/lib/python3.11/site-packages/airflow/example_dags/example_sensors.py
[2023-08-23T21:45:31.849-0400] {processor.py:829} INFO - Processing file /Users/mauri/Desktop/repositorio/apache-airflow-tutorial/env/lib/python3.11/site-packages/airflow/example_dags/example_sensors.py for tasks to queue
[2023-08-23T21:45:31.850-0400] {logging_mixin.py:151} INFO - [2023-08-23T21:45:31.850-0400] {dagbag.py:539} INFO - Filling up the DagBag from /Users/mauri/Desktop/repositorio/apache-airflow-tutorial/env/lib/python3.11/site-packages/airflow/example_dags/example_sensors.py
[2023-08-23T21:45:31.876-0400] {processor.py:839} INFO - DAG(s) dict_keys(['example_sensors']) retrieved from /Users/mauri/Desktop/repositorio/apache-airflow-tutorial/env/lib/python3.11/site-packages/airflow/example_dags/example_sensors.py
[2023-08-23T21:45:31.939-0400] {logging_mixin.py:151} INFO - [2023-08-23T21:45:31.939-0400] {dag.py:2907} INFO - Sync 1 DAGs
[2023-08-23T21:45:31.942-0400] {logging_mixin.py:151} INFO - [2023-08-23T21:45:31.942-0400] {dag.py:3677} INFO - Setting next_dagrun for example_sensors to None, run_after=None
[2023-08-23T21:45:31.950-0400] {processor.py:179} INFO - Processing /Users/mauri/Desktop/repositorio/apache-airflow-tutorial/env/lib/python3.11/site-packages/airflow/example_dags/example_sensors.py took 0.102 seconds
[2023-08-23T21:46:42.717-0400] {processor.py:157} INFO - Started process (PID=9266) to work on /Users/mauri/Desktop/repositorio/apache-airflow-tutorial/env/lib/python3.11/site-packages/airflow/example_dags/example_sensors.py
[2023-08-23T21:46:42.718-0400] {processor.py:829} INFO - Processing file /Users/mauri/Desktop/repositorio/apache-airflow-tutorial/env/lib/python3.11/site-packages/airflow/example_dags/example_sensors.py for tasks to queue
[2023-08-23T21:46:42.718-0400] {logging_mixin.py:151} INFO - [2023-08-23T21:46:42.718-0400] {dagbag.py:539} INFO - Filling up the DagBag from /Users/mauri/Desktop/repositorio/apache-airflow-tutorial/env/lib/python3.11/site-packages/airflow/example_dags/example_sensors.py
[2023-08-23T21:46:42.742-0400] {processor.py:839} INFO - DAG(s) dict_keys(['example_sensors']) retrieved from /Users/mauri/Desktop/repositorio/apache-airflow-tutorial/env/lib/python3.11/site-packages/airflow/example_dags/example_sensors.py
[2023-08-23T21:46:42.799-0400] {logging_mixin.py:151} INFO - [2023-08-23T21:46:42.799-0400] {dag.py:2907} INFO - Sync 1 DAGs
[2023-08-23T21:46:42.802-0400] {logging_mixin.py:151} INFO - [2023-08-23T21:46:42.802-0400] {dag.py:3677} INFO - Setting next_dagrun for example_sensors to None, run_after=None
[2023-08-23T21:46:42.809-0400] {processor.py:179} INFO - Processing /Users/mauri/Desktop/repositorio/apache-airflow-tutorial/env/lib/python3.11/site-packages/airflow/example_dags/example_sensors.py took 0.093 seconds
[2023-08-23T21:47:52.643-0400] {processor.py:157} INFO - Started process (PID=9364) to work on /Users/mauri/Desktop/repositorio/apache-airflow-tutorial/env/lib/python3.11/site-packages/airflow/example_dags/example_sensors.py
[2023-08-23T21:47:52.644-0400] {processor.py:829} INFO - Processing file /Users/mauri/Desktop/repositorio/apache-airflow-tutorial/env/lib/python3.11/site-packages/airflow/example_dags/example_sensors.py for tasks to queue
[2023-08-23T21:47:52.644-0400] {logging_mixin.py:151} INFO - [2023-08-23T21:47:52.644-0400] {dagbag.py:539} INFO - Filling up the DagBag from /Users/mauri/Desktop/repositorio/apache-airflow-tutorial/env/lib/python3.11/site-packages/airflow/example_dags/example_sensors.py
[2023-08-23T21:47:52.668-0400] {processor.py:839} INFO - DAG(s) dict_keys(['example_sensors']) retrieved from /Users/mauri/Desktop/repositorio/apache-airflow-tutorial/env/lib/python3.11/site-packages/airflow/example_dags/example_sensors.py
[2023-08-23T21:47:52.725-0400] {logging_mixin.py:151} INFO - [2023-08-23T21:47:52.725-0400] {dag.py:2907} INFO - Sync 1 DAGs
[2023-08-23T21:47:52.728-0400] {logging_mixin.py:151} INFO - [2023-08-23T21:47:52.728-0400] {dag.py:3677} INFO - Setting next_dagrun for example_sensors to None, run_after=None
[2023-08-23T21:47:52.735-0400] {processor.py:179} INFO - Processing /Users/mauri/Desktop/repositorio/apache-airflow-tutorial/env/lib/python3.11/site-packages/airflow/example_dags/example_sensors.py took 0.093 seconds
[2023-08-23T21:49:05.790-0400] {processor.py:157} INFO - Started process (PID=9457) to work on /Users/mauri/Desktop/repositorio/apache-airflow-tutorial/env/lib/python3.11/site-packages/airflow/example_dags/example_sensors.py
[2023-08-23T21:49:05.791-0400] {processor.py:829} INFO - Processing file /Users/mauri/Desktop/repositorio/apache-airflow-tutorial/env/lib/python3.11/site-packages/airflow/example_dags/example_sensors.py for tasks to queue
[2023-08-23T21:49:05.791-0400] {logging_mixin.py:151} INFO - [2023-08-23T21:49:05.791-0400] {dagbag.py:539} INFO - Filling up the DagBag from /Users/mauri/Desktop/repositorio/apache-airflow-tutorial/env/lib/python3.11/site-packages/airflow/example_dags/example_sensors.py
[2023-08-23T21:49:05.815-0400] {processor.py:839} INFO - DAG(s) dict_keys(['example_sensors']) retrieved from /Users/mauri/Desktop/repositorio/apache-airflow-tutorial/env/lib/python3.11/site-packages/airflow/example_dags/example_sensors.py
[2023-08-23T21:49:05.873-0400] {logging_mixin.py:151} INFO - [2023-08-23T21:49:05.873-0400] {dag.py:2907} INFO - Sync 1 DAGs
[2023-08-23T21:49:05.876-0400] {logging_mixin.py:151} INFO - [2023-08-23T21:49:05.876-0400] {dag.py:3677} INFO - Setting next_dagrun for example_sensors to None, run_after=None
[2023-08-23T21:49:05.883-0400] {processor.py:179} INFO - Processing /Users/mauri/Desktop/repositorio/apache-airflow-tutorial/env/lib/python3.11/site-packages/airflow/example_dags/example_sensors.py took 0.093 seconds
[2023-08-23T21:50:21.593-0400] {processor.py:157} INFO - Started process (PID=9529) to work on /Users/mauri/Desktop/repositorio/apache-airflow-tutorial/env/lib/python3.11/site-packages/airflow/example_dags/example_sensors.py
[2023-08-23T21:50:21.595-0400] {processor.py:829} INFO - Processing file /Users/mauri/Desktop/repositorio/apache-airflow-tutorial/env/lib/python3.11/site-packages/airflow/example_dags/example_sensors.py for tasks to queue
[2023-08-23T21:50:21.595-0400] {logging_mixin.py:151} INFO - [2023-08-23T21:50:21.595-0400] {dagbag.py:539} INFO - Filling up the DagBag from /Users/mauri/Desktop/repositorio/apache-airflow-tutorial/env/lib/python3.11/site-packages/airflow/example_dags/example_sensors.py
[2023-08-23T21:50:21.619-0400] {processor.py:839} INFO - DAG(s) dict_keys(['example_sensors']) retrieved from /Users/mauri/Desktop/repositorio/apache-airflow-tutorial/env/lib/python3.11/site-packages/airflow/example_dags/example_sensors.py
[2023-08-23T21:50:21.677-0400] {logging_mixin.py:151} INFO - [2023-08-23T21:50:21.677-0400] {dag.py:2907} INFO - Sync 1 DAGs
[2023-08-23T21:50:21.680-0400] {logging_mixin.py:151} INFO - [2023-08-23T21:50:21.680-0400] {dag.py:3677} INFO - Setting next_dagrun for example_sensors to None, run_after=None
[2023-08-23T21:50:21.687-0400] {processor.py:179} INFO - Processing /Users/mauri/Desktop/repositorio/apache-airflow-tutorial/env/lib/python3.11/site-packages/airflow/example_dags/example_sensors.py took 0.094 seconds
[2023-08-23T21:51:35.735-0400] {processor.py:157} INFO - Started process (PID=9619) to work on /Users/mauri/Desktop/repositorio/apache-airflow-tutorial/env/lib/python3.11/site-packages/airflow/example_dags/example_sensors.py
[2023-08-23T21:51:35.738-0400] {processor.py:829} INFO - Processing file /Users/mauri/Desktop/repositorio/apache-airflow-tutorial/env/lib/python3.11/site-packages/airflow/example_dags/example_sensors.py for tasks to queue
[2023-08-23T21:51:35.738-0400] {logging_mixin.py:151} INFO - [2023-08-23T21:51:35.738-0400] {dagbag.py:539} INFO - Filling up the DagBag from /Users/mauri/Desktop/repositorio/apache-airflow-tutorial/env/lib/python3.11/site-packages/airflow/example_dags/example_sensors.py
[2023-08-23T21:51:35.763-0400] {processor.py:839} INFO - DAG(s) dict_keys(['example_sensors']) retrieved from /Users/mauri/Desktop/repositorio/apache-airflow-tutorial/env/lib/python3.11/site-packages/airflow/example_dags/example_sensors.py
[2023-08-23T21:51:35.821-0400] {logging_mixin.py:151} INFO - [2023-08-23T21:51:35.821-0400] {dag.py:2907} INFO - Sync 1 DAGs
[2023-08-23T21:51:35.824-0400] {logging_mixin.py:151} INFO - [2023-08-23T21:51:35.824-0400] {dag.py:3677} INFO - Setting next_dagrun for example_sensors to None, run_after=None
[2023-08-23T21:51:35.831-0400] {processor.py:179} INFO - Processing /Users/mauri/Desktop/repositorio/apache-airflow-tutorial/env/lib/python3.11/site-packages/airflow/example_dags/example_sensors.py took 0.096 seconds
[2023-08-23T21:52:47.494-0400] {processor.py:157} INFO - Started process (PID=9684) to work on /Users/mauri/Desktop/repositorio/apache-airflow-tutorial/env/lib/python3.11/site-packages/airflow/example_dags/example_sensors.py
[2023-08-23T21:52:47.495-0400] {processor.py:829} INFO - Processing file /Users/mauri/Desktop/repositorio/apache-airflow-tutorial/env/lib/python3.11/site-packages/airflow/example_dags/example_sensors.py for tasks to queue
[2023-08-23T21:52:47.495-0400] {logging_mixin.py:151} INFO - [2023-08-23T21:52:47.495-0400] {dagbag.py:539} INFO - Filling up the DagBag from /Users/mauri/Desktop/repositorio/apache-airflow-tutorial/env/lib/python3.11/site-packages/airflow/example_dags/example_sensors.py
[2023-08-23T21:52:47.520-0400] {processor.py:839} INFO - DAG(s) dict_keys(['example_sensors']) retrieved from /Users/mauri/Desktop/repositorio/apache-airflow-tutorial/env/lib/python3.11/site-packages/airflow/example_dags/example_sensors.py
[2023-08-23T21:52:47.577-0400] {logging_mixin.py:151} INFO - [2023-08-23T21:52:47.577-0400] {dag.py:2907} INFO - Sync 1 DAGs
[2023-08-23T21:52:47.580-0400] {logging_mixin.py:151} INFO - [2023-08-23T21:52:47.580-0400] {dag.py:3677} INFO - Setting next_dagrun for example_sensors to None, run_after=None
[2023-08-23T21:52:47.587-0400] {processor.py:179} INFO - Processing /Users/mauri/Desktop/repositorio/apache-airflow-tutorial/env/lib/python3.11/site-packages/airflow/example_dags/example_sensors.py took 0.094 seconds
[2023-08-23T21:53:58.313-0400] {processor.py:157} INFO - Started process (PID=9753) to work on /Users/mauri/Desktop/repositorio/apache-airflow-tutorial/env/lib/python3.11/site-packages/airflow/example_dags/example_sensors.py
[2023-08-23T21:53:58.315-0400] {processor.py:829} INFO - Processing file /Users/mauri/Desktop/repositorio/apache-airflow-tutorial/env/lib/python3.11/site-packages/airflow/example_dags/example_sensors.py for tasks to queue
[2023-08-23T21:53:58.315-0400] {logging_mixin.py:151} INFO - [2023-08-23T21:53:58.315-0400] {dagbag.py:539} INFO - Filling up the DagBag from /Users/mauri/Desktop/repositorio/apache-airflow-tutorial/env/lib/python3.11/site-packages/airflow/example_dags/example_sensors.py
[2023-08-23T21:53:58.339-0400] {processor.py:839} INFO - DAG(s) dict_keys(['example_sensors']) retrieved from /Users/mauri/Desktop/repositorio/apache-airflow-tutorial/env/lib/python3.11/site-packages/airflow/example_dags/example_sensors.py
[2023-08-23T21:53:58.397-0400] {logging_mixin.py:151} INFO - [2023-08-23T21:53:58.397-0400] {dag.py:2907} INFO - Sync 1 DAGs
[2023-08-23T21:53:58.400-0400] {logging_mixin.py:151} INFO - [2023-08-23T21:53:58.400-0400] {dag.py:3677} INFO - Setting next_dagrun for example_sensors to None, run_after=None
[2023-08-23T21:53:58.407-0400] {processor.py:179} INFO - Processing /Users/mauri/Desktop/repositorio/apache-airflow-tutorial/env/lib/python3.11/site-packages/airflow/example_dags/example_sensors.py took 0.094 seconds
[2023-08-23T21:55:09.733-0400] {processor.py:157} INFO - Started process (PID=9818) to work on /Users/mauri/Desktop/repositorio/apache-airflow-tutorial/env/lib/python3.11/site-packages/airflow/example_dags/example_sensors.py
[2023-08-23T21:55:09.734-0400] {processor.py:829} INFO - Processing file /Users/mauri/Desktop/repositorio/apache-airflow-tutorial/env/lib/python3.11/site-packages/airflow/example_dags/example_sensors.py for tasks to queue
[2023-08-23T21:55:09.735-0400] {logging_mixin.py:151} INFO - [2023-08-23T21:55:09.735-0400] {dagbag.py:539} INFO - Filling up the DagBag from /Users/mauri/Desktop/repositorio/apache-airflow-tutorial/env/lib/python3.11/site-packages/airflow/example_dags/example_sensors.py
[2023-08-23T21:55:09.763-0400] {processor.py:839} INFO - DAG(s) dict_keys(['example_sensors']) retrieved from /Users/mauri/Desktop/repositorio/apache-airflow-tutorial/env/lib/python3.11/site-packages/airflow/example_dags/example_sensors.py
[2023-08-23T21:55:09.827-0400] {logging_mixin.py:151} INFO - [2023-08-23T21:55:09.827-0400] {dag.py:2907} INFO - Sync 1 DAGs
[2023-08-23T21:55:09.830-0400] {logging_mixin.py:151} INFO - [2023-08-23T21:55:09.830-0400] {dag.py:3677} INFO - Setting next_dagrun for example_sensors to None, run_after=None
[2023-08-23T21:55:09.838-0400] {processor.py:179} INFO - Processing /Users/mauri/Desktop/repositorio/apache-airflow-tutorial/env/lib/python3.11/site-packages/airflow/example_dags/example_sensors.py took 0.105 seconds
[2023-08-23T21:56:22.820-0400] {processor.py:157} INFO - Started process (PID=9889) to work on /Users/mauri/Desktop/repositorio/apache-airflow-tutorial/env/lib/python3.11/site-packages/airflow/example_dags/example_sensors.py
[2023-08-23T21:56:22.821-0400] {processor.py:829} INFO - Processing file /Users/mauri/Desktop/repositorio/apache-airflow-tutorial/env/lib/python3.11/site-packages/airflow/example_dags/example_sensors.py for tasks to queue
[2023-08-23T21:56:22.821-0400] {logging_mixin.py:151} INFO - [2023-08-23T21:56:22.821-0400] {dagbag.py:539} INFO - Filling up the DagBag from /Users/mauri/Desktop/repositorio/apache-airflow-tutorial/env/lib/python3.11/site-packages/airflow/example_dags/example_sensors.py
[2023-08-23T21:56:22.846-0400] {processor.py:839} INFO - DAG(s) dict_keys(['example_sensors']) retrieved from /Users/mauri/Desktop/repositorio/apache-airflow-tutorial/env/lib/python3.11/site-packages/airflow/example_dags/example_sensors.py
[2023-08-23T21:56:22.907-0400] {logging_mixin.py:151} INFO - [2023-08-23T21:56:22.907-0400] {dag.py:2907} INFO - Sync 1 DAGs
[2023-08-23T21:56:22.910-0400] {logging_mixin.py:151} INFO - [2023-08-23T21:56:22.910-0400] {dag.py:3677} INFO - Setting next_dagrun for example_sensors to None, run_after=None
[2023-08-23T21:56:22.916-0400] {processor.py:179} INFO - Processing /Users/mauri/Desktop/repositorio/apache-airflow-tutorial/env/lib/python3.11/site-packages/airflow/example_dags/example_sensors.py took 0.097 seconds
[2023-08-23T21:57:39.435-0400] {processor.py:157} INFO - Started process (PID=9955) to work on /Users/mauri/Desktop/repositorio/apache-airflow-tutorial/env/lib/python3.11/site-packages/airflow/example_dags/example_sensors.py
[2023-08-23T21:57:39.437-0400] {processor.py:829} INFO - Processing file /Users/mauri/Desktop/repositorio/apache-airflow-tutorial/env/lib/python3.11/site-packages/airflow/example_dags/example_sensors.py for tasks to queue
[2023-08-23T21:57:39.437-0400] {logging_mixin.py:151} INFO - [2023-08-23T21:57:39.437-0400] {dagbag.py:539} INFO - Filling up the DagBag from /Users/mauri/Desktop/repositorio/apache-airflow-tutorial/env/lib/python3.11/site-packages/airflow/example_dags/example_sensors.py
[2023-08-23T21:57:39.462-0400] {processor.py:839} INFO - DAG(s) dict_keys(['example_sensors']) retrieved from /Users/mauri/Desktop/repositorio/apache-airflow-tutorial/env/lib/python3.11/site-packages/airflow/example_dags/example_sensors.py
[2023-08-23T21:57:39.525-0400] {logging_mixin.py:151} INFO - [2023-08-23T21:57:39.525-0400] {dag.py:2907} INFO - Sync 1 DAGs
[2023-08-23T21:57:39.528-0400] {logging_mixin.py:151} INFO - [2023-08-23T21:57:39.528-0400] {dag.py:3677} INFO - Setting next_dagrun for example_sensors to None, run_after=None
[2023-08-23T21:57:39.535-0400] {processor.py:179} INFO - Processing /Users/mauri/Desktop/repositorio/apache-airflow-tutorial/env/lib/python3.11/site-packages/airflow/example_dags/example_sensors.py took 0.100 seconds
[2023-08-23T21:58:54.163-0400] {processor.py:157} INFO - Started process (PID=10019) to work on /Users/mauri/Desktop/repositorio/apache-airflow-tutorial/env/lib/python3.11/site-packages/airflow/example_dags/example_sensors.py
[2023-08-23T21:58:54.164-0400] {processor.py:829} INFO - Processing file /Users/mauri/Desktop/repositorio/apache-airflow-tutorial/env/lib/python3.11/site-packages/airflow/example_dags/example_sensors.py for tasks to queue
[2023-08-23T21:58:54.165-0400] {logging_mixin.py:151} INFO - [2023-08-23T21:58:54.164-0400] {dagbag.py:539} INFO - Filling up the DagBag from /Users/mauri/Desktop/repositorio/apache-airflow-tutorial/env/lib/python3.11/site-packages/airflow/example_dags/example_sensors.py
[2023-08-23T21:58:54.189-0400] {processor.py:839} INFO - DAG(s) dict_keys(['example_sensors']) retrieved from /Users/mauri/Desktop/repositorio/apache-airflow-tutorial/env/lib/python3.11/site-packages/airflow/example_dags/example_sensors.py
[2023-08-23T21:58:54.247-0400] {logging_mixin.py:151} INFO - [2023-08-23T21:58:54.247-0400] {dag.py:2907} INFO - Sync 1 DAGs
[2023-08-23T21:58:54.250-0400] {logging_mixin.py:151} INFO - [2023-08-23T21:58:54.250-0400] {dag.py:3677} INFO - Setting next_dagrun for example_sensors to None, run_after=None
[2023-08-23T21:58:54.257-0400] {processor.py:179} INFO - Processing /Users/mauri/Desktop/repositorio/apache-airflow-tutorial/env/lib/python3.11/site-packages/airflow/example_dags/example_sensors.py took 0.094 seconds
[2023-08-23T22:00:08.338-0400] {processor.py:157} INFO - Started process (PID=10090) to work on /Users/mauri/Desktop/repositorio/apache-airflow-tutorial/env/lib/python3.11/site-packages/airflow/example_dags/example_sensors.py
[2023-08-23T22:00:08.339-0400] {processor.py:829} INFO - Processing file /Users/mauri/Desktop/repositorio/apache-airflow-tutorial/env/lib/python3.11/site-packages/airflow/example_dags/example_sensors.py for tasks to queue
[2023-08-23T22:00:08.339-0400] {logging_mixin.py:151} INFO - [2023-08-23T22:00:08.339-0400] {dagbag.py:539} INFO - Filling up the DagBag from /Users/mauri/Desktop/repositorio/apache-airflow-tutorial/env/lib/python3.11/site-packages/airflow/example_dags/example_sensors.py
[2023-08-23T22:00:08.363-0400] {processor.py:839} INFO - DAG(s) dict_keys(['example_sensors']) retrieved from /Users/mauri/Desktop/repositorio/apache-airflow-tutorial/env/lib/python3.11/site-packages/airflow/example_dags/example_sensors.py
[2023-08-23T22:00:08.422-0400] {logging_mixin.py:151} INFO - [2023-08-23T22:00:08.422-0400] {dag.py:2907} INFO - Sync 1 DAGs
[2023-08-23T22:00:08.425-0400] {logging_mixin.py:151} INFO - [2023-08-23T22:00:08.425-0400] {dag.py:3677} INFO - Setting next_dagrun for example_sensors to None, run_after=None
[2023-08-23T22:00:08.432-0400] {processor.py:179} INFO - Processing /Users/mauri/Desktop/repositorio/apache-airflow-tutorial/env/lib/python3.11/site-packages/airflow/example_dags/example_sensors.py took 0.094 seconds
