[2023-08-23T21:34:15.808-0400] {processor.py:157} INFO - Started process (PID=8509) to work on /Users/mauri/Desktop/repositorio/apache-airflow-tutorial/env/lib/python3.11/site-packages/airflow/example_dags/example_task_group.py
[2023-08-23T21:34:15.810-0400] {processor.py:829} INFO - Processing file /Users/mauri/Desktop/repositorio/apache-airflow-tutorial/env/lib/python3.11/site-packages/airflow/example_dags/example_task_group.py for tasks to queue
[2023-08-23T21:34:15.810-0400] {logging_mixin.py:151} INFO - [2023-08-23T21:34:15.810-0400] {dagbag.py:539} INFO - Filling up the DagBag from /Users/mauri/Desktop/repositorio/apache-airflow-tutorial/env/lib/python3.11/site-packages/airflow/example_dags/example_task_group.py
[2023-08-23T21:34:15.817-0400] {processor.py:839} INFO - DAG(s) dict_keys(['example_task_group']) retrieved from /Users/mauri/Desktop/repositorio/apache-airflow-tutorial/env/lib/python3.11/site-packages/airflow/example_dags/example_task_group.py
[2023-08-23T21:34:16.135-0400] {logging_mixin.py:151} INFO - [2023-08-23T21:34:16.135-0400] {manager.py:501} INFO - Created Permission View: can edit on DAG:example_task_group
[2023-08-23T21:34:16.138-0400] {logging_mixin.py:151} INFO - [2023-08-23T21:34:16.137-0400] {manager.py:501} INFO - Created Permission View: can read on DAG:example_task_group
[2023-08-23T21:34:16.139-0400] {logging_mixin.py:151} INFO - [2023-08-23T21:34:16.139-0400] {manager.py:501} INFO - Created Permission View: can delete on DAG:example_task_group
[2023-08-23T21:34:16.143-0400] {logging_mixin.py:151} INFO - [2023-08-23T21:34:16.143-0400] {dag.py:2907} INFO - Sync 1 DAGs
[2023-08-23T21:34:16.146-0400] {logging_mixin.py:151} INFO - [2023-08-23T21:34:16.146-0400] {dag.py:2929} INFO - Creating ORM DAG for example_task_group
[2023-08-23T21:34:16.148-0400] {logging_mixin.py:151} INFO - [2023-08-23T21:34:16.148-0400] {dag.py:3677} INFO - Setting next_dagrun for example_task_group to 2023-08-23T01:34:16.148813+00:00, run_after=2023-08-24T01:34:16.148813+00:00
[2023-08-23T21:34:16.154-0400] {processor.py:179} INFO - Processing /Users/mauri/Desktop/repositorio/apache-airflow-tutorial/env/lib/python3.11/site-packages/airflow/example_dags/example_task_group.py took 0.346 seconds
[2023-08-23T21:35:33.890-0400] {processor.py:157} INFO - Started process (PID=8564) to work on /Users/mauri/Desktop/repositorio/apache-airflow-tutorial/env/lib/python3.11/site-packages/airflow/example_dags/example_task_group.py
[2023-08-23T21:35:33.893-0400] {processor.py:829} INFO - Processing file /Users/mauri/Desktop/repositorio/apache-airflow-tutorial/env/lib/python3.11/site-packages/airflow/example_dags/example_task_group.py for tasks to queue
[2023-08-23T21:35:33.893-0400] {logging_mixin.py:151} INFO - [2023-08-23T21:35:33.893-0400] {dagbag.py:539} INFO - Filling up the DagBag from /Users/mauri/Desktop/repositorio/apache-airflow-tutorial/env/lib/python3.11/site-packages/airflow/example_dags/example_task_group.py
[2023-08-23T21:35:33.900-0400] {processor.py:839} INFO - DAG(s) dict_keys(['example_task_group']) retrieved from /Users/mauri/Desktop/repositorio/apache-airflow-tutorial/env/lib/python3.11/site-packages/airflow/example_dags/example_task_group.py
[2023-08-23T21:35:33.970-0400] {logging_mixin.py:151} INFO - [2023-08-23T21:35:33.970-0400] {dag.py:2907} INFO - Sync 1 DAGs
[2023-08-23T21:35:33.975-0400] {logging_mixin.py:151} INFO - [2023-08-23T21:35:33.975-0400] {dag.py:3677} INFO - Setting next_dagrun for example_task_group to 2023-08-23T01:35:33.975229+00:00, run_after=2023-08-24T01:35:33.975229+00:00
[2023-08-23T21:35:33.981-0400] {processor.py:179} INFO - Processing /Users/mauri/Desktop/repositorio/apache-airflow-tutorial/env/lib/python3.11/site-packages/airflow/example_dags/example_task_group.py took 0.091 seconds
[2023-08-23T21:36:47.826-0400] {processor.py:157} INFO - Started process (PID=8634) to work on /Users/mauri/Desktop/repositorio/apache-airflow-tutorial/env/lib/python3.11/site-packages/airflow/example_dags/example_task_group.py
[2023-08-23T21:36:47.829-0400] {processor.py:829} INFO - Processing file /Users/mauri/Desktop/repositorio/apache-airflow-tutorial/env/lib/python3.11/site-packages/airflow/example_dags/example_task_group.py for tasks to queue
[2023-08-23T21:36:47.829-0400] {logging_mixin.py:151} INFO - [2023-08-23T21:36:47.829-0400] {dagbag.py:539} INFO - Filling up the DagBag from /Users/mauri/Desktop/repositorio/apache-airflow-tutorial/env/lib/python3.11/site-packages/airflow/example_dags/example_task_group.py
[2023-08-23T21:36:47.836-0400] {processor.py:839} INFO - DAG(s) dict_keys(['example_task_group']) retrieved from /Users/mauri/Desktop/repositorio/apache-airflow-tutorial/env/lib/python3.11/site-packages/airflow/example_dags/example_task_group.py
[2023-08-23T21:36:47.905-0400] {logging_mixin.py:151} INFO - [2023-08-23T21:36:47.905-0400] {dag.py:2907} INFO - Sync 1 DAGs
[2023-08-23T21:36:47.911-0400] {logging_mixin.py:151} INFO - [2023-08-23T21:36:47.911-0400] {dag.py:3677} INFO - Setting next_dagrun for example_task_group to 2023-08-23T01:36:47.911059+00:00, run_after=2023-08-24T01:36:47.911059+00:00
[2023-08-23T21:36:47.917-0400] {processor.py:179} INFO - Processing /Users/mauri/Desktop/repositorio/apache-airflow-tutorial/env/lib/python3.11/site-packages/airflow/example_dags/example_task_group.py took 0.091 seconds
[2023-08-23T21:38:00.500-0400] {processor.py:157} INFO - Started process (PID=8693) to work on /Users/mauri/Desktop/repositorio/apache-airflow-tutorial/env/lib/python3.11/site-packages/airflow/example_dags/example_task_group.py
[2023-08-23T21:38:00.502-0400] {processor.py:829} INFO - Processing file /Users/mauri/Desktop/repositorio/apache-airflow-tutorial/env/lib/python3.11/site-packages/airflow/example_dags/example_task_group.py for tasks to queue
[2023-08-23T21:38:00.502-0400] {logging_mixin.py:151} INFO - [2023-08-23T21:38:00.502-0400] {dagbag.py:539} INFO - Filling up the DagBag from /Users/mauri/Desktop/repositorio/apache-airflow-tutorial/env/lib/python3.11/site-packages/airflow/example_dags/example_task_group.py
[2023-08-23T21:38:00.510-0400] {processor.py:839} INFO - DAG(s) dict_keys(['example_task_group']) retrieved from /Users/mauri/Desktop/repositorio/apache-airflow-tutorial/env/lib/python3.11/site-packages/airflow/example_dags/example_task_group.py
[2023-08-23T21:38:00.579-0400] {logging_mixin.py:151} INFO - [2023-08-23T21:38:00.579-0400] {dag.py:2907} INFO - Sync 1 DAGs
[2023-08-23T21:38:00.584-0400] {logging_mixin.py:151} INFO - [2023-08-23T21:38:00.584-0400] {dag.py:3677} INFO - Setting next_dagrun for example_task_group to 2023-08-23T01:38:00.584747+00:00, run_after=2023-08-24T01:38:00.584747+00:00
[2023-08-23T21:38:00.591-0400] {processor.py:179} INFO - Processing /Users/mauri/Desktop/repositorio/apache-airflow-tutorial/env/lib/python3.11/site-packages/airflow/example_dags/example_task_group.py took 0.092 seconds
[2023-08-23T21:39:16.998-0400] {processor.py:157} INFO - Started process (PID=8768) to work on /Users/mauri/Desktop/repositorio/apache-airflow-tutorial/env/lib/python3.11/site-packages/airflow/example_dags/example_task_group.py
[2023-08-23T21:39:17.001-0400] {processor.py:829} INFO - Processing file /Users/mauri/Desktop/repositorio/apache-airflow-tutorial/env/lib/python3.11/site-packages/airflow/example_dags/example_task_group.py for tasks to queue
[2023-08-23T21:39:17.001-0400] {logging_mixin.py:151} INFO - [2023-08-23T21:39:17.001-0400] {dagbag.py:539} INFO - Filling up the DagBag from /Users/mauri/Desktop/repositorio/apache-airflow-tutorial/env/lib/python3.11/site-packages/airflow/example_dags/example_task_group.py
[2023-08-23T21:39:17.008-0400] {processor.py:839} INFO - DAG(s) dict_keys(['example_task_group']) retrieved from /Users/mauri/Desktop/repositorio/apache-airflow-tutorial/env/lib/python3.11/site-packages/airflow/example_dags/example_task_group.py
[2023-08-23T21:39:17.078-0400] {logging_mixin.py:151} INFO - [2023-08-23T21:39:17.078-0400] {dag.py:2907} INFO - Sync 1 DAGs
[2023-08-23T21:39:17.083-0400] {logging_mixin.py:151} INFO - [2023-08-23T21:39:17.083-0400] {dag.py:3677} INFO - Setting next_dagrun for example_task_group to 2023-08-23T01:39:17.083320+00:00, run_after=2023-08-24T01:39:17.083320+00:00
[2023-08-23T21:39:17.092-0400] {processor.py:179} INFO - Processing /Users/mauri/Desktop/repositorio/apache-airflow-tutorial/env/lib/python3.11/site-packages/airflow/example_dags/example_task_group.py took 0.093 seconds
[2023-08-23T21:40:30.564-0400] {processor.py:157} INFO - Started process (PID=8830) to work on /Users/mauri/Desktop/repositorio/apache-airflow-tutorial/env/lib/python3.11/site-packages/airflow/example_dags/example_task_group.py
[2023-08-23T21:40:30.565-0400] {processor.py:829} INFO - Processing file /Users/mauri/Desktop/repositorio/apache-airflow-tutorial/env/lib/python3.11/site-packages/airflow/example_dags/example_task_group.py for tasks to queue
[2023-08-23T21:40:30.565-0400] {logging_mixin.py:151} INFO - [2023-08-23T21:40:30.565-0400] {dagbag.py:539} INFO - Filling up the DagBag from /Users/mauri/Desktop/repositorio/apache-airflow-tutorial/env/lib/python3.11/site-packages/airflow/example_dags/example_task_group.py
[2023-08-23T21:40:30.573-0400] {processor.py:839} INFO - DAG(s) dict_keys(['example_task_group']) retrieved from /Users/mauri/Desktop/repositorio/apache-airflow-tutorial/env/lib/python3.11/site-packages/airflow/example_dags/example_task_group.py
[2023-08-23T21:40:30.644-0400] {logging_mixin.py:151} INFO - [2023-08-23T21:40:30.644-0400] {dag.py:2907} INFO - Sync 1 DAGs
[2023-08-23T21:40:30.649-0400] {logging_mixin.py:151} INFO - [2023-08-23T21:40:30.649-0400] {dag.py:3677} INFO - Setting next_dagrun for example_task_group to 2023-08-23T01:40:30.649582+00:00, run_after=2023-08-24T01:40:30.649582+00:00
[2023-08-23T21:40:30.656-0400] {processor.py:179} INFO - Processing /Users/mauri/Desktop/repositorio/apache-airflow-tutorial/env/lib/python3.11/site-packages/airflow/example_dags/example_task_group.py took 0.092 seconds
[2023-08-23T21:41:43.527-0400] {processor.py:157} INFO - Started process (PID=8889) to work on /Users/mauri/Desktop/repositorio/apache-airflow-tutorial/env/lib/python3.11/site-packages/airflow/example_dags/example_task_group.py
[2023-08-23T21:41:43.528-0400] {processor.py:829} INFO - Processing file /Users/mauri/Desktop/repositorio/apache-airflow-tutorial/env/lib/python3.11/site-packages/airflow/example_dags/example_task_group.py for tasks to queue
[2023-08-23T21:41:43.529-0400] {logging_mixin.py:151} INFO - [2023-08-23T21:41:43.529-0400] {dagbag.py:539} INFO - Filling up the DagBag from /Users/mauri/Desktop/repositorio/apache-airflow-tutorial/env/lib/python3.11/site-packages/airflow/example_dags/example_task_group.py
[2023-08-23T21:41:43.539-0400] {processor.py:839} INFO - DAG(s) dict_keys(['example_task_group']) retrieved from /Users/mauri/Desktop/repositorio/apache-airflow-tutorial/env/lib/python3.11/site-packages/airflow/example_dags/example_task_group.py
[2023-08-23T21:41:43.624-0400] {logging_mixin.py:151} INFO - [2023-08-23T21:41:43.623-0400] {dag.py:2907} INFO - Sync 1 DAGs
[2023-08-23T21:41:43.629-0400] {logging_mixin.py:151} INFO - [2023-08-23T21:41:43.629-0400] {dag.py:3677} INFO - Setting next_dagrun for example_task_group to 2023-08-23T01:41:43.629514+00:00, run_after=2023-08-24T01:41:43.629514+00:00
[2023-08-23T21:41:43.637-0400] {processor.py:179} INFO - Processing /Users/mauri/Desktop/repositorio/apache-airflow-tutorial/env/lib/python3.11/site-packages/airflow/example_dags/example_task_group.py took 0.110 seconds
[2023-08-23T21:42:55.937-0400] {processor.py:157} INFO - Started process (PID=8954) to work on /Users/mauri/Desktop/repositorio/apache-airflow-tutorial/env/lib/python3.11/site-packages/airflow/example_dags/example_task_group.py
[2023-08-23T21:42:55.938-0400] {processor.py:829} INFO - Processing file /Users/mauri/Desktop/repositorio/apache-airflow-tutorial/env/lib/python3.11/site-packages/airflow/example_dags/example_task_group.py for tasks to queue
[2023-08-23T21:42:55.939-0400] {logging_mixin.py:151} INFO - [2023-08-23T21:42:55.939-0400] {dagbag.py:539} INFO - Filling up the DagBag from /Users/mauri/Desktop/repositorio/apache-airflow-tutorial/env/lib/python3.11/site-packages/airflow/example_dags/example_task_group.py
[2023-08-23T21:42:55.947-0400] {processor.py:839} INFO - DAG(s) dict_keys(['example_task_group']) retrieved from /Users/mauri/Desktop/repositorio/apache-airflow-tutorial/env/lib/python3.11/site-packages/airflow/example_dags/example_task_group.py
[2023-08-23T21:42:56.024-0400] {logging_mixin.py:151} INFO - [2023-08-23T21:42:56.024-0400] {dag.py:2907} INFO - Sync 1 DAGs
[2023-08-23T21:42:56.030-0400] {logging_mixin.py:151} INFO - [2023-08-23T21:42:56.030-0400] {dag.py:3677} INFO - Setting next_dagrun for example_task_group to 2023-08-23T01:42:56.030287+00:00, run_after=2023-08-24T01:42:56.030287+00:00
[2023-08-23T21:42:56.037-0400] {processor.py:179} INFO - Processing /Users/mauri/Desktop/repositorio/apache-airflow-tutorial/env/lib/python3.11/site-packages/airflow/example_dags/example_task_group.py took 0.100 seconds
[2023-08-23T21:44:05.969-0400] {processor.py:157} INFO - Started process (PID=9018) to work on /Users/mauri/Desktop/repositorio/apache-airflow-tutorial/env/lib/python3.11/site-packages/airflow/example_dags/example_task_group.py
[2023-08-23T21:44:05.970-0400] {processor.py:829} INFO - Processing file /Users/mauri/Desktop/repositorio/apache-airflow-tutorial/env/lib/python3.11/site-packages/airflow/example_dags/example_task_group.py for tasks to queue
[2023-08-23T21:44:05.970-0400] {logging_mixin.py:151} INFO - [2023-08-23T21:44:05.970-0400] {dagbag.py:539} INFO - Filling up the DagBag from /Users/mauri/Desktop/repositorio/apache-airflow-tutorial/env/lib/python3.11/site-packages/airflow/example_dags/example_task_group.py
[2023-08-23T21:44:05.977-0400] {processor.py:839} INFO - DAG(s) dict_keys(['example_task_group']) retrieved from /Users/mauri/Desktop/repositorio/apache-airflow-tutorial/env/lib/python3.11/site-packages/airflow/example_dags/example_task_group.py
[2023-08-23T21:44:06.047-0400] {logging_mixin.py:151} INFO - [2023-08-23T21:44:06.047-0400] {dag.py:2907} INFO - Sync 1 DAGs
[2023-08-23T21:44:06.052-0400] {logging_mixin.py:151} INFO - [2023-08-23T21:44:06.052-0400] {dag.py:3677} INFO - Setting next_dagrun for example_task_group to 2023-08-23T01:44:06.052595+00:00, run_after=2023-08-24T01:44:06.052595+00:00
[2023-08-23T21:44:06.059-0400] {processor.py:179} INFO - Processing /Users/mauri/Desktop/repositorio/apache-airflow-tutorial/env/lib/python3.11/site-packages/airflow/example_dags/example_task_group.py took 0.091 seconds
[2023-08-23T21:45:20.599-0400] {processor.py:157} INFO - Started process (PID=9096) to work on /Users/mauri/Desktop/repositorio/apache-airflow-tutorial/env/lib/python3.11/site-packages/airflow/example_dags/example_task_group.py
[2023-08-23T21:45:20.601-0400] {processor.py:829} INFO - Processing file /Users/mauri/Desktop/repositorio/apache-airflow-tutorial/env/lib/python3.11/site-packages/airflow/example_dags/example_task_group.py for tasks to queue
[2023-08-23T21:45:20.601-0400] {logging_mixin.py:151} INFO - [2023-08-23T21:45:20.601-0400] {dagbag.py:539} INFO - Filling up the DagBag from /Users/mauri/Desktop/repositorio/apache-airflow-tutorial/env/lib/python3.11/site-packages/airflow/example_dags/example_task_group.py
[2023-08-23T21:45:20.608-0400] {processor.py:839} INFO - DAG(s) dict_keys(['example_task_group']) retrieved from /Users/mauri/Desktop/repositorio/apache-airflow-tutorial/env/lib/python3.11/site-packages/airflow/example_dags/example_task_group.py
[2023-08-23T21:45:20.677-0400] {logging_mixin.py:151} INFO - [2023-08-23T21:45:20.677-0400] {dag.py:2907} INFO - Sync 1 DAGs
[2023-08-23T21:45:20.683-0400] {logging_mixin.py:151} INFO - [2023-08-23T21:45:20.683-0400] {dag.py:3677} INFO - Setting next_dagrun for example_task_group to 2023-08-23T01:45:20.683200+00:00, run_after=2023-08-24T01:45:20.683200+00:00
[2023-08-23T21:45:20.690-0400] {processor.py:179} INFO - Processing /Users/mauri/Desktop/repositorio/apache-airflow-tutorial/env/lib/python3.11/site-packages/airflow/example_dags/example_task_group.py took 0.090 seconds
[2023-08-23T21:46:31.728-0400] {processor.py:157} INFO - Started process (PID=9223) to work on /Users/mauri/Desktop/repositorio/apache-airflow-tutorial/env/lib/python3.11/site-packages/airflow/example_dags/example_task_group.py
[2023-08-23T21:46:31.729-0400] {processor.py:829} INFO - Processing file /Users/mauri/Desktop/repositorio/apache-airflow-tutorial/env/lib/python3.11/site-packages/airflow/example_dags/example_task_group.py for tasks to queue
[2023-08-23T21:46:31.729-0400] {logging_mixin.py:151} INFO - [2023-08-23T21:46:31.729-0400] {dagbag.py:539} INFO - Filling up the DagBag from /Users/mauri/Desktop/repositorio/apache-airflow-tutorial/env/lib/python3.11/site-packages/airflow/example_dags/example_task_group.py
[2023-08-23T21:46:31.737-0400] {processor.py:839} INFO - DAG(s) dict_keys(['example_task_group']) retrieved from /Users/mauri/Desktop/repositorio/apache-airflow-tutorial/env/lib/python3.11/site-packages/airflow/example_dags/example_task_group.py
[2023-08-23T21:46:31.805-0400] {logging_mixin.py:151} INFO - [2023-08-23T21:46:31.805-0400] {dag.py:2907} INFO - Sync 1 DAGs
[2023-08-23T21:46:31.810-0400] {logging_mixin.py:151} INFO - [2023-08-23T21:46:31.810-0400] {dag.py:3677} INFO - Setting next_dagrun for example_task_group to 2023-08-23T01:46:31.810608+00:00, run_after=2023-08-24T01:46:31.810608+00:00
[2023-08-23T21:46:31.817-0400] {processor.py:179} INFO - Processing /Users/mauri/Desktop/repositorio/apache-airflow-tutorial/env/lib/python3.11/site-packages/airflow/example_dags/example_task_group.py took 0.089 seconds
[2023-08-23T21:47:41.435-0400] {processor.py:157} INFO - Started process (PID=9337) to work on /Users/mauri/Desktop/repositorio/apache-airflow-tutorial/env/lib/python3.11/site-packages/airflow/example_dags/example_task_group.py
[2023-08-23T21:47:41.436-0400] {processor.py:829} INFO - Processing file /Users/mauri/Desktop/repositorio/apache-airflow-tutorial/env/lib/python3.11/site-packages/airflow/example_dags/example_task_group.py for tasks to queue
[2023-08-23T21:47:41.436-0400] {logging_mixin.py:151} INFO - [2023-08-23T21:47:41.436-0400] {dagbag.py:539} INFO - Filling up the DagBag from /Users/mauri/Desktop/repositorio/apache-airflow-tutorial/env/lib/python3.11/site-packages/airflow/example_dags/example_task_group.py
[2023-08-23T21:47:41.444-0400] {processor.py:839} INFO - DAG(s) dict_keys(['example_task_group']) retrieved from /Users/mauri/Desktop/repositorio/apache-airflow-tutorial/env/lib/python3.11/site-packages/airflow/example_dags/example_task_group.py
[2023-08-23T21:47:41.518-0400] {logging_mixin.py:151} INFO - [2023-08-23T21:47:41.518-0400] {dag.py:2907} INFO - Sync 1 DAGs
[2023-08-23T21:47:41.523-0400] {logging_mixin.py:151} INFO - [2023-08-23T21:47:41.523-0400] {dag.py:3677} INFO - Setting next_dagrun for example_task_group to 2023-08-23T01:47:41.523691+00:00, run_after=2023-08-24T01:47:41.523691+00:00
[2023-08-23T21:47:41.530-0400] {processor.py:179} INFO - Processing /Users/mauri/Desktop/repositorio/apache-airflow-tutorial/env/lib/python3.11/site-packages/airflow/example_dags/example_task_group.py took 0.096 seconds
[2023-08-23T21:48:54.604-0400] {processor.py:157} INFO - Started process (PID=9444) to work on /Users/mauri/Desktop/repositorio/apache-airflow-tutorial/env/lib/python3.11/site-packages/airflow/example_dags/example_task_group.py
[2023-08-23T21:48:54.605-0400] {processor.py:829} INFO - Processing file /Users/mauri/Desktop/repositorio/apache-airflow-tutorial/env/lib/python3.11/site-packages/airflow/example_dags/example_task_group.py for tasks to queue
[2023-08-23T21:48:54.605-0400] {logging_mixin.py:151} INFO - [2023-08-23T21:48:54.605-0400] {dagbag.py:539} INFO - Filling up the DagBag from /Users/mauri/Desktop/repositorio/apache-airflow-tutorial/env/lib/python3.11/site-packages/airflow/example_dags/example_task_group.py
[2023-08-23T21:48:54.612-0400] {processor.py:839} INFO - DAG(s) dict_keys(['example_task_group']) retrieved from /Users/mauri/Desktop/repositorio/apache-airflow-tutorial/env/lib/python3.11/site-packages/airflow/example_dags/example_task_group.py
[2023-08-23T21:48:54.686-0400] {logging_mixin.py:151} INFO - [2023-08-23T21:48:54.686-0400] {dag.py:2907} INFO - Sync 1 DAGs
[2023-08-23T21:48:54.692-0400] {logging_mixin.py:151} INFO - [2023-08-23T21:48:54.692-0400] {dag.py:3677} INFO - Setting next_dagrun for example_task_group to 2023-08-23T01:48:54.692192+00:00, run_after=2023-08-24T01:48:54.692192+00:00
[2023-08-23T21:48:54.698-0400] {processor.py:179} INFO - Processing /Users/mauri/Desktop/repositorio/apache-airflow-tutorial/env/lib/python3.11/site-packages/airflow/example_dags/example_task_group.py took 0.095 seconds
[2023-08-23T21:50:10.816-0400] {processor.py:157} INFO - Started process (PID=9520) to work on /Users/mauri/Desktop/repositorio/apache-airflow-tutorial/env/lib/python3.11/site-packages/airflow/example_dags/example_task_group.py
[2023-08-23T21:50:10.818-0400] {processor.py:829} INFO - Processing file /Users/mauri/Desktop/repositorio/apache-airflow-tutorial/env/lib/python3.11/site-packages/airflow/example_dags/example_task_group.py for tasks to queue
[2023-08-23T21:50:10.818-0400] {logging_mixin.py:151} INFO - [2023-08-23T21:50:10.818-0400] {dagbag.py:539} INFO - Filling up the DagBag from /Users/mauri/Desktop/repositorio/apache-airflow-tutorial/env/lib/python3.11/site-packages/airflow/example_dags/example_task_group.py
[2023-08-23T21:50:10.825-0400] {processor.py:839} INFO - DAG(s) dict_keys(['example_task_group']) retrieved from /Users/mauri/Desktop/repositorio/apache-airflow-tutorial/env/lib/python3.11/site-packages/airflow/example_dags/example_task_group.py
[2023-08-23T21:50:10.895-0400] {logging_mixin.py:151} INFO - [2023-08-23T21:50:10.894-0400] {dag.py:2907} INFO - Sync 1 DAGs
[2023-08-23T21:50:10.900-0400] {logging_mixin.py:151} INFO - [2023-08-23T21:50:10.900-0400] {dag.py:3677} INFO - Setting next_dagrun for example_task_group to 2023-08-23T01:50:10.900114+00:00, run_after=2023-08-24T01:50:10.900114+00:00
[2023-08-23T21:50:10.907-0400] {processor.py:179} INFO - Processing /Users/mauri/Desktop/repositorio/apache-airflow-tutorial/env/lib/python3.11/site-packages/airflow/example_dags/example_task_group.py took 0.091 seconds
[2023-08-23T21:51:25.138-0400] {processor.py:157} INFO - Started process (PID=9608) to work on /Users/mauri/Desktop/repositorio/apache-airflow-tutorial/env/lib/python3.11/site-packages/airflow/example_dags/example_task_group.py
[2023-08-23T21:51:25.140-0400] {processor.py:829} INFO - Processing file /Users/mauri/Desktop/repositorio/apache-airflow-tutorial/env/lib/python3.11/site-packages/airflow/example_dags/example_task_group.py for tasks to queue
[2023-08-23T21:51:25.140-0400] {logging_mixin.py:151} INFO - [2023-08-23T21:51:25.140-0400] {dagbag.py:539} INFO - Filling up the DagBag from /Users/mauri/Desktop/repositorio/apache-airflow-tutorial/env/lib/python3.11/site-packages/airflow/example_dags/example_task_group.py
[2023-08-23T21:51:25.148-0400] {processor.py:839} INFO - DAG(s) dict_keys(['example_task_group']) retrieved from /Users/mauri/Desktop/repositorio/apache-airflow-tutorial/env/lib/python3.11/site-packages/airflow/example_dags/example_task_group.py
[2023-08-23T21:51:25.220-0400] {logging_mixin.py:151} INFO - [2023-08-23T21:51:25.220-0400] {dag.py:2907} INFO - Sync 1 DAGs
[2023-08-23T21:51:25.225-0400] {logging_mixin.py:151} INFO - [2023-08-23T21:51:25.225-0400] {dag.py:3677} INFO - Setting next_dagrun for example_task_group to 2023-08-23T01:51:25.225318+00:00, run_after=2023-08-24T01:51:25.225318+00:00
[2023-08-23T21:51:25.232-0400] {processor.py:179} INFO - Processing /Users/mauri/Desktop/repositorio/apache-airflow-tutorial/env/lib/python3.11/site-packages/airflow/example_dags/example_task_group.py took 0.094 seconds
[2023-08-23T21:52:36.329-0400] {processor.py:157} INFO - Started process (PID=9674) to work on /Users/mauri/Desktop/repositorio/apache-airflow-tutorial/env/lib/python3.11/site-packages/airflow/example_dags/example_task_group.py
[2023-08-23T21:52:36.331-0400] {processor.py:829} INFO - Processing file /Users/mauri/Desktop/repositorio/apache-airflow-tutorial/env/lib/python3.11/site-packages/airflow/example_dags/example_task_group.py for tasks to queue
[2023-08-23T21:52:36.331-0400] {logging_mixin.py:151} INFO - [2023-08-23T21:52:36.331-0400] {dagbag.py:539} INFO - Filling up the DagBag from /Users/mauri/Desktop/repositorio/apache-airflow-tutorial/env/lib/python3.11/site-packages/airflow/example_dags/example_task_group.py
[2023-08-23T21:52:36.339-0400] {processor.py:839} INFO - DAG(s) dict_keys(['example_task_group']) retrieved from /Users/mauri/Desktop/repositorio/apache-airflow-tutorial/env/lib/python3.11/site-packages/airflow/example_dags/example_task_group.py
[2023-08-23T21:52:36.416-0400] {logging_mixin.py:151} INFO - [2023-08-23T21:52:36.416-0400] {dag.py:2907} INFO - Sync 1 DAGs
[2023-08-23T21:52:36.422-0400] {logging_mixin.py:151} INFO - [2023-08-23T21:52:36.422-0400] {dag.py:3677} INFO - Setting next_dagrun for example_task_group to 2023-08-23T01:52:36.422112+00:00, run_after=2023-08-24T01:52:36.422112+00:00
[2023-08-23T21:52:36.429-0400] {processor.py:179} INFO - Processing /Users/mauri/Desktop/repositorio/apache-airflow-tutorial/env/lib/python3.11/site-packages/airflow/example_dags/example_task_group.py took 0.100 seconds
[2023-08-23T21:53:47.098-0400] {processor.py:157} INFO - Started process (PID=9742) to work on /Users/mauri/Desktop/repositorio/apache-airflow-tutorial/env/lib/python3.11/site-packages/airflow/example_dags/example_task_group.py
[2023-08-23T21:53:47.100-0400] {processor.py:829} INFO - Processing file /Users/mauri/Desktop/repositorio/apache-airflow-tutorial/env/lib/python3.11/site-packages/airflow/example_dags/example_task_group.py for tasks to queue
[2023-08-23T21:53:47.100-0400] {logging_mixin.py:151} INFO - [2023-08-23T21:53:47.100-0400] {dagbag.py:539} INFO - Filling up the DagBag from /Users/mauri/Desktop/repositorio/apache-airflow-tutorial/env/lib/python3.11/site-packages/airflow/example_dags/example_task_group.py
[2023-08-23T21:53:47.108-0400] {processor.py:839} INFO - DAG(s) dict_keys(['example_task_group']) retrieved from /Users/mauri/Desktop/repositorio/apache-airflow-tutorial/env/lib/python3.11/site-packages/airflow/example_dags/example_task_group.py
[2023-08-23T21:53:47.181-0400] {logging_mixin.py:151} INFO - [2023-08-23T21:53:47.181-0400] {dag.py:2907} INFO - Sync 1 DAGs
[2023-08-23T21:53:47.187-0400] {logging_mixin.py:151} INFO - [2023-08-23T21:53:47.187-0400] {dag.py:3677} INFO - Setting next_dagrun for example_task_group to 2023-08-23T01:53:47.187201+00:00, run_after=2023-08-24T01:53:47.187201+00:00
[2023-08-23T21:53:47.194-0400] {processor.py:179} INFO - Processing /Users/mauri/Desktop/repositorio/apache-airflow-tutorial/env/lib/python3.11/site-packages/airflow/example_dags/example_task_group.py took 0.095 seconds
[2023-08-23T21:54:58.502-0400] {processor.py:157} INFO - Started process (PID=9804) to work on /Users/mauri/Desktop/repositorio/apache-airflow-tutorial/env/lib/python3.11/site-packages/airflow/example_dags/example_task_group.py
[2023-08-23T21:54:58.503-0400] {processor.py:829} INFO - Processing file /Users/mauri/Desktop/repositorio/apache-airflow-tutorial/env/lib/python3.11/site-packages/airflow/example_dags/example_task_group.py for tasks to queue
[2023-08-23T21:54:58.503-0400] {logging_mixin.py:151} INFO - [2023-08-23T21:54:58.503-0400] {dagbag.py:539} INFO - Filling up the DagBag from /Users/mauri/Desktop/repositorio/apache-airflow-tutorial/env/lib/python3.11/site-packages/airflow/example_dags/example_task_group.py
[2023-08-23T21:54:58.511-0400] {processor.py:839} INFO - DAG(s) dict_keys(['example_task_group']) retrieved from /Users/mauri/Desktop/repositorio/apache-airflow-tutorial/env/lib/python3.11/site-packages/airflow/example_dags/example_task_group.py
[2023-08-23T21:54:58.583-0400] {logging_mixin.py:151} INFO - [2023-08-23T21:54:58.583-0400] {dag.py:2907} INFO - Sync 1 DAGs
[2023-08-23T21:54:58.589-0400] {logging_mixin.py:151} INFO - [2023-08-23T21:54:58.589-0400] {dag.py:3677} INFO - Setting next_dagrun for example_task_group to 2023-08-23T01:54:58.589001+00:00, run_after=2023-08-24T01:54:58.589001+00:00
[2023-08-23T21:54:58.596-0400] {processor.py:179} INFO - Processing /Users/mauri/Desktop/repositorio/apache-airflow-tutorial/env/lib/python3.11/site-packages/airflow/example_dags/example_task_group.py took 0.095 seconds
[2023-08-23T21:56:11.564-0400] {processor.py:157} INFO - Started process (PID=9881) to work on /Users/mauri/Desktop/repositorio/apache-airflow-tutorial/env/lib/python3.11/site-packages/airflow/example_dags/example_task_group.py
[2023-08-23T21:56:11.566-0400] {processor.py:829} INFO - Processing file /Users/mauri/Desktop/repositorio/apache-airflow-tutorial/env/lib/python3.11/site-packages/airflow/example_dags/example_task_group.py for tasks to queue
[2023-08-23T21:56:11.566-0400] {logging_mixin.py:151} INFO - [2023-08-23T21:56:11.566-0400] {dagbag.py:539} INFO - Filling up the DagBag from /Users/mauri/Desktop/repositorio/apache-airflow-tutorial/env/lib/python3.11/site-packages/airflow/example_dags/example_task_group.py
[2023-08-23T21:56:11.573-0400] {processor.py:839} INFO - DAG(s) dict_keys(['example_task_group']) retrieved from /Users/mauri/Desktop/repositorio/apache-airflow-tutorial/env/lib/python3.11/site-packages/airflow/example_dags/example_task_group.py
[2023-08-23T21:56:11.642-0400] {logging_mixin.py:151} INFO - [2023-08-23T21:56:11.642-0400] {dag.py:2907} INFO - Sync 1 DAGs
[2023-08-23T21:56:11.647-0400] {logging_mixin.py:151} INFO - [2023-08-23T21:56:11.647-0400] {dag.py:3677} INFO - Setting next_dagrun for example_task_group to 2023-08-23T01:56:11.647307+00:00, run_after=2023-08-24T01:56:11.647307+00:00
[2023-08-23T21:56:11.653-0400] {processor.py:179} INFO - Processing /Users/mauri/Desktop/repositorio/apache-airflow-tutorial/env/lib/python3.11/site-packages/airflow/example_dags/example_task_group.py took 0.089 seconds
[2023-08-23T21:57:27.153-0400] {processor.py:157} INFO - Started process (PID=9944) to work on /Users/mauri/Desktop/repositorio/apache-airflow-tutorial/env/lib/python3.11/site-packages/airflow/example_dags/example_task_group.py
[2023-08-23T21:57:27.154-0400] {processor.py:829} INFO - Processing file /Users/mauri/Desktop/repositorio/apache-airflow-tutorial/env/lib/python3.11/site-packages/airflow/example_dags/example_task_group.py for tasks to queue
[2023-08-23T21:57:27.155-0400] {logging_mixin.py:151} INFO - [2023-08-23T21:57:27.155-0400] {dagbag.py:539} INFO - Filling up the DagBag from /Users/mauri/Desktop/repositorio/apache-airflow-tutorial/env/lib/python3.11/site-packages/airflow/example_dags/example_task_group.py
[2023-08-23T21:57:27.162-0400] {processor.py:839} INFO - DAG(s) dict_keys(['example_task_group']) retrieved from /Users/mauri/Desktop/repositorio/apache-airflow-tutorial/env/lib/python3.11/site-packages/airflow/example_dags/example_task_group.py
[2023-08-23T21:57:27.275-0400] {logging_mixin.py:151} INFO - [2023-08-23T21:57:27.275-0400] {dag.py:2907} INFO - Sync 1 DAGs
[2023-08-23T21:57:27.285-0400] {logging_mixin.py:151} INFO - [2023-08-23T21:57:27.285-0400] {dag.py:3677} INFO - Setting next_dagrun for example_task_group to 2023-08-23T01:57:27.285061+00:00, run_after=2023-08-24T01:57:27.285061+00:00
[2023-08-23T21:57:27.294-0400] {processor.py:179} INFO - Processing /Users/mauri/Desktop/repositorio/apache-airflow-tutorial/env/lib/python3.11/site-packages/airflow/example_dags/example_task_group.py took 0.141 seconds
[2023-08-23T21:58:42.915-0400] {processor.py:157} INFO - Started process (PID=10009) to work on /Users/mauri/Desktop/repositorio/apache-airflow-tutorial/env/lib/python3.11/site-packages/airflow/example_dags/example_task_group.py
[2023-08-23T21:58:42.917-0400] {processor.py:829} INFO - Processing file /Users/mauri/Desktop/repositorio/apache-airflow-tutorial/env/lib/python3.11/site-packages/airflow/example_dags/example_task_group.py for tasks to queue
[2023-08-23T21:58:42.917-0400] {logging_mixin.py:151} INFO - [2023-08-23T21:58:42.917-0400] {dagbag.py:539} INFO - Filling up the DagBag from /Users/mauri/Desktop/repositorio/apache-airflow-tutorial/env/lib/python3.11/site-packages/airflow/example_dags/example_task_group.py
[2023-08-23T21:58:42.924-0400] {processor.py:839} INFO - DAG(s) dict_keys(['example_task_group']) retrieved from /Users/mauri/Desktop/repositorio/apache-airflow-tutorial/env/lib/python3.11/site-packages/airflow/example_dags/example_task_group.py
[2023-08-23T21:58:42.995-0400] {logging_mixin.py:151} INFO - [2023-08-23T21:58:42.995-0400] {dag.py:2907} INFO - Sync 1 DAGs
[2023-08-23T21:58:43.000-0400] {logging_mixin.py:151} INFO - [2023-08-23T21:58:43.000-0400] {dag.py:3677} INFO - Setting next_dagrun for example_task_group to 2023-08-23T01:58:43.000403+00:00, run_after=2023-08-24T01:58:43.000403+00:00
[2023-08-23T21:58:43.007-0400] {processor.py:179} INFO - Processing /Users/mauri/Desktop/repositorio/apache-airflow-tutorial/env/lib/python3.11/site-packages/airflow/example_dags/example_task_group.py took 0.092 seconds
[2023-08-23T21:59:56.107-0400] {processor.py:157} INFO - Started process (PID=10076) to work on /Users/mauri/Desktop/repositorio/apache-airflow-tutorial/env/lib/python3.11/site-packages/airflow/example_dags/example_task_group.py
[2023-08-23T21:59:56.108-0400] {processor.py:829} INFO - Processing file /Users/mauri/Desktop/repositorio/apache-airflow-tutorial/env/lib/python3.11/site-packages/airflow/example_dags/example_task_group.py for tasks to queue
[2023-08-23T21:59:56.108-0400] {logging_mixin.py:151} INFO - [2023-08-23T21:59:56.108-0400] {dagbag.py:539} INFO - Filling up the DagBag from /Users/mauri/Desktop/repositorio/apache-airflow-tutorial/env/lib/python3.11/site-packages/airflow/example_dags/example_task_group.py
[2023-08-23T21:59:56.116-0400] {processor.py:839} INFO - DAG(s) dict_keys(['example_task_group']) retrieved from /Users/mauri/Desktop/repositorio/apache-airflow-tutorial/env/lib/python3.11/site-packages/airflow/example_dags/example_task_group.py
[2023-08-23T21:59:56.185-0400] {logging_mixin.py:151} INFO - [2023-08-23T21:59:56.185-0400] {dag.py:2907} INFO - Sync 1 DAGs
[2023-08-23T21:59:56.191-0400] {logging_mixin.py:151} INFO - [2023-08-23T21:59:56.190-0400] {dag.py:3677} INFO - Setting next_dagrun for example_task_group to 2023-08-23T01:59:56.190935+00:00, run_after=2023-08-24T01:59:56.190935+00:00
[2023-08-23T21:59:56.197-0400] {processor.py:179} INFO - Processing /Users/mauri/Desktop/repositorio/apache-airflow-tutorial/env/lib/python3.11/site-packages/airflow/example_dags/example_task_group.py took 0.091 seconds
