[2023-08-23T21:34:48.866-0400] {processor.py:157} INFO - Started process (PID=8531) to work on /Users/mauri/Desktop/repositorio/apache-airflow-tutorial/env/lib/python3.11/site-packages/airflow/example_dags/example_external_task_marker_dag.py
[2023-08-23T21:34:48.867-0400] {processor.py:829} INFO - Processing file /Users/mauri/Desktop/repositorio/apache-airflow-tutorial/env/lib/python3.11/site-packages/airflow/example_dags/example_external_task_marker_dag.py for tasks to queue
[2023-08-23T21:34:48.867-0400] {logging_mixin.py:151} INFO - [2023-08-23T21:34:48.867-0400] {dagbag.py:539} INFO - Filling up the DagBag from /Users/mauri/Desktop/repositorio/apache-airflow-tutorial/env/lib/python3.11/site-packages/airflow/example_dags/example_external_task_marker_dag.py
[2023-08-23T21:34:48.876-0400] {processor.py:839} INFO - DAG(s) dict_keys(['example_external_task_marker_child', 'example_external_task_marker_parent']) retrieved from /Users/mauri/Desktop/repositorio/apache-airflow-tutorial/env/lib/python3.11/site-packages/airflow/example_dags/example_external_task_marker_dag.py
[2023-08-23T21:34:49.209-0400] {logging_mixin.py:151} INFO - [2023-08-23T21:34:49.209-0400] {manager.py:501} INFO - Created Permission View: can edit on DAG:example_external_task_marker_child
[2023-08-23T21:34:49.212-0400] {logging_mixin.py:151} INFO - [2023-08-23T21:34:49.212-0400] {manager.py:501} INFO - Created Permission View: can read on DAG:example_external_task_marker_child
[2023-08-23T21:34:49.213-0400] {logging_mixin.py:151} INFO - [2023-08-23T21:34:49.213-0400] {manager.py:501} INFO - Created Permission View: can delete on DAG:example_external_task_marker_child
[2023-08-23T21:34:49.221-0400] {logging_mixin.py:151} INFO - [2023-08-23T21:34:49.221-0400] {manager.py:501} INFO - Created Permission View: can edit on DAG:example_external_task_marker_parent
[2023-08-23T21:34:49.222-0400] {logging_mixin.py:151} INFO - [2023-08-23T21:34:49.222-0400] {manager.py:501} INFO - Created Permission View: can read on DAG:example_external_task_marker_parent
[2023-08-23T21:34:49.224-0400] {logging_mixin.py:151} INFO - [2023-08-23T21:34:49.224-0400] {manager.py:501} INFO - Created Permission View: can delete on DAG:example_external_task_marker_parent
[2023-08-23T21:34:49.225-0400] {logging_mixin.py:151} INFO - [2023-08-23T21:34:49.225-0400] {dag.py:2907} INFO - Sync 2 DAGs
[2023-08-23T21:34:49.228-0400] {logging_mixin.py:151} INFO - [2023-08-23T21:34:49.228-0400] {dag.py:2929} INFO - Creating ORM DAG for example_external_task_marker_parent
[2023-08-23T21:34:49.228-0400] {logging_mixin.py:151} INFO - [2023-08-23T21:34:49.228-0400] {dag.py:2929} INFO - Creating ORM DAG for example_external_task_marker_child
[2023-08-23T21:34:49.228-0400] {logging_mixin.py:151} INFO - [2023-08-23T21:34:49.228-0400] {dag.py:3677} INFO - Setting next_dagrun for example_external_task_marker_child to None, run_after=None
[2023-08-23T21:34:49.228-0400] {logging_mixin.py:151} INFO - [2023-08-23T21:34:49.228-0400] {dag.py:3677} INFO - Setting next_dagrun for example_external_task_marker_parent to None, run_after=None
[2023-08-23T21:34:49.234-0400] {processor.py:179} INFO - Processing /Users/mauri/Desktop/repositorio/apache-airflow-tutorial/env/lib/python3.11/site-packages/airflow/example_dags/example_external_task_marker_dag.py took 0.369 seconds
[2023-08-23T21:36:11.549-0400] {processor.py:157} INFO - Started process (PID=8603) to work on /Users/mauri/Desktop/repositorio/apache-airflow-tutorial/env/lib/python3.11/site-packages/airflow/example_dags/example_external_task_marker_dag.py
[2023-08-23T21:36:11.551-0400] {processor.py:829} INFO - Processing file /Users/mauri/Desktop/repositorio/apache-airflow-tutorial/env/lib/python3.11/site-packages/airflow/example_dags/example_external_task_marker_dag.py for tasks to queue
[2023-08-23T21:36:11.551-0400] {logging_mixin.py:151} INFO - [2023-08-23T21:36:11.551-0400] {dagbag.py:539} INFO - Filling up the DagBag from /Users/mauri/Desktop/repositorio/apache-airflow-tutorial/env/lib/python3.11/site-packages/airflow/example_dags/example_external_task_marker_dag.py
[2023-08-23T21:36:11.559-0400] {processor.py:839} INFO - DAG(s) dict_keys(['example_external_task_marker_parent', 'example_external_task_marker_child']) retrieved from /Users/mauri/Desktop/repositorio/apache-airflow-tutorial/env/lib/python3.11/site-packages/airflow/example_dags/example_external_task_marker_dag.py
[2023-08-23T21:36:11.629-0400] {logging_mixin.py:151} INFO - [2023-08-23T21:36:11.629-0400] {dag.py:2907} INFO - Sync 2 DAGs
[2023-08-23T21:36:11.632-0400] {logging_mixin.py:151} INFO - [2023-08-23T21:36:11.632-0400] {dag.py:3677} INFO - Setting next_dagrun for example_external_task_marker_child to None, run_after=None
[2023-08-23T21:36:11.633-0400] {logging_mixin.py:151} INFO - [2023-08-23T21:36:11.633-0400] {dag.py:3677} INFO - Setting next_dagrun for example_external_task_marker_parent to None, run_after=None
[2023-08-23T21:36:11.639-0400] {processor.py:179} INFO - Processing /Users/mauri/Desktop/repositorio/apache-airflow-tutorial/env/lib/python3.11/site-packages/airflow/example_dags/example_external_task_marker_dag.py took 0.091 seconds
[2023-08-23T21:37:26.106-0400] {processor.py:157} INFO - Started process (PID=8668) to work on /Users/mauri/Desktop/repositorio/apache-airflow-tutorial/env/lib/python3.11/site-packages/airflow/example_dags/example_external_task_marker_dag.py
[2023-08-23T21:37:26.108-0400] {processor.py:829} INFO - Processing file /Users/mauri/Desktop/repositorio/apache-airflow-tutorial/env/lib/python3.11/site-packages/airflow/example_dags/example_external_task_marker_dag.py for tasks to queue
[2023-08-23T21:37:26.108-0400] {logging_mixin.py:151} INFO - [2023-08-23T21:37:26.108-0400] {dagbag.py:539} INFO - Filling up the DagBag from /Users/mauri/Desktop/repositorio/apache-airflow-tutorial/env/lib/python3.11/site-packages/airflow/example_dags/example_external_task_marker_dag.py
[2023-08-23T21:37:26.116-0400] {processor.py:839} INFO - DAG(s) dict_keys(['example_external_task_marker_parent', 'example_external_task_marker_child']) retrieved from /Users/mauri/Desktop/repositorio/apache-airflow-tutorial/env/lib/python3.11/site-packages/airflow/example_dags/example_external_task_marker_dag.py
[2023-08-23T21:37:26.187-0400] {logging_mixin.py:151} INFO - [2023-08-23T21:37:26.187-0400] {dag.py:2907} INFO - Sync 2 DAGs
[2023-08-23T21:37:26.190-0400] {logging_mixin.py:151} INFO - [2023-08-23T21:37:26.190-0400] {dag.py:3677} INFO - Setting next_dagrun for example_external_task_marker_child to None, run_after=None
[2023-08-23T21:37:26.191-0400] {logging_mixin.py:151} INFO - [2023-08-23T21:37:26.191-0400] {dag.py:3677} INFO - Setting next_dagrun for example_external_task_marker_parent to None, run_after=None
[2023-08-23T21:37:26.197-0400] {processor.py:179} INFO - Processing /Users/mauri/Desktop/repositorio/apache-airflow-tutorial/env/lib/python3.11/site-packages/airflow/example_dags/example_external_task_marker_dag.py took 0.091 seconds
[2023-08-23T21:38:40.894-0400] {processor.py:157} INFO - Started process (PID=8736) to work on /Users/mauri/Desktop/repositorio/apache-airflow-tutorial/env/lib/python3.11/site-packages/airflow/example_dags/example_external_task_marker_dag.py
[2023-08-23T21:38:40.897-0400] {processor.py:829} INFO - Processing file /Users/mauri/Desktop/repositorio/apache-airflow-tutorial/env/lib/python3.11/site-packages/airflow/example_dags/example_external_task_marker_dag.py for tasks to queue
[2023-08-23T21:38:40.897-0400] {logging_mixin.py:151} INFO - [2023-08-23T21:38:40.897-0400] {dagbag.py:539} INFO - Filling up the DagBag from /Users/mauri/Desktop/repositorio/apache-airflow-tutorial/env/lib/python3.11/site-packages/airflow/example_dags/example_external_task_marker_dag.py
[2023-08-23T21:38:40.905-0400] {processor.py:839} INFO - DAG(s) dict_keys(['example_external_task_marker_child', 'example_external_task_marker_parent']) retrieved from /Users/mauri/Desktop/repositorio/apache-airflow-tutorial/env/lib/python3.11/site-packages/airflow/example_dags/example_external_task_marker_dag.py
[2023-08-23T21:38:40.977-0400] {logging_mixin.py:151} INFO - [2023-08-23T21:38:40.977-0400] {dag.py:2907} INFO - Sync 2 DAGs
[2023-08-23T21:38:40.980-0400] {logging_mixin.py:151} INFO - [2023-08-23T21:38:40.980-0400] {dag.py:3677} INFO - Setting next_dagrun for example_external_task_marker_child to None, run_after=None
[2023-08-23T21:38:40.981-0400] {logging_mixin.py:151} INFO - [2023-08-23T21:38:40.981-0400] {dag.py:3677} INFO - Setting next_dagrun for example_external_task_marker_parent to None, run_after=None
[2023-08-23T21:38:40.987-0400] {processor.py:179} INFO - Processing /Users/mauri/Desktop/repositorio/apache-airflow-tutorial/env/lib/python3.11/site-packages/airflow/example_dags/example_external_task_marker_dag.py took 0.093 seconds
[2023-08-23T21:39:56.669-0400] {processor.py:157} INFO - Started process (PID=8804) to work on /Users/mauri/Desktop/repositorio/apache-airflow-tutorial/env/lib/python3.11/site-packages/airflow/example_dags/example_external_task_marker_dag.py
[2023-08-23T21:39:56.670-0400] {processor.py:829} INFO - Processing file /Users/mauri/Desktop/repositorio/apache-airflow-tutorial/env/lib/python3.11/site-packages/airflow/example_dags/example_external_task_marker_dag.py for tasks to queue
[2023-08-23T21:39:56.670-0400] {logging_mixin.py:151} INFO - [2023-08-23T21:39:56.670-0400] {dagbag.py:539} INFO - Filling up the DagBag from /Users/mauri/Desktop/repositorio/apache-airflow-tutorial/env/lib/python3.11/site-packages/airflow/example_dags/example_external_task_marker_dag.py
[2023-08-23T21:39:56.678-0400] {processor.py:839} INFO - DAG(s) dict_keys(['example_external_task_marker_parent', 'example_external_task_marker_child']) retrieved from /Users/mauri/Desktop/repositorio/apache-airflow-tutorial/env/lib/python3.11/site-packages/airflow/example_dags/example_external_task_marker_dag.py
[2023-08-23T21:39:56.748-0400] {logging_mixin.py:151} INFO - [2023-08-23T21:39:56.748-0400] {dag.py:2907} INFO - Sync 2 DAGs
[2023-08-23T21:39:56.751-0400] {logging_mixin.py:151} INFO - [2023-08-23T21:39:56.751-0400] {dag.py:3677} INFO - Setting next_dagrun for example_external_task_marker_child to None, run_after=None
[2023-08-23T21:39:56.752-0400] {logging_mixin.py:151} INFO - [2023-08-23T21:39:56.752-0400] {dag.py:3677} INFO - Setting next_dagrun for example_external_task_marker_parent to None, run_after=None
[2023-08-23T21:39:56.758-0400] {processor.py:179} INFO - Processing /Users/mauri/Desktop/repositorio/apache-airflow-tutorial/env/lib/python3.11/site-packages/airflow/example_dags/example_external_task_marker_dag.py took 0.090 seconds
[2023-08-23T21:41:09.723-0400] {processor.py:157} INFO - Started process (PID=8860) to work on /Users/mauri/Desktop/repositorio/apache-airflow-tutorial/env/lib/python3.11/site-packages/airflow/example_dags/example_external_task_marker_dag.py
[2023-08-23T21:41:09.725-0400] {processor.py:829} INFO - Processing file /Users/mauri/Desktop/repositorio/apache-airflow-tutorial/env/lib/python3.11/site-packages/airflow/example_dags/example_external_task_marker_dag.py for tasks to queue
[2023-08-23T21:41:09.725-0400] {logging_mixin.py:151} INFO - [2023-08-23T21:41:09.725-0400] {dagbag.py:539} INFO - Filling up the DagBag from /Users/mauri/Desktop/repositorio/apache-airflow-tutorial/env/lib/python3.11/site-packages/airflow/example_dags/example_external_task_marker_dag.py
[2023-08-23T21:41:09.733-0400] {processor.py:839} INFO - DAG(s) dict_keys(['example_external_task_marker_child', 'example_external_task_marker_parent']) retrieved from /Users/mauri/Desktop/repositorio/apache-airflow-tutorial/env/lib/python3.11/site-packages/airflow/example_dags/example_external_task_marker_dag.py
[2023-08-23T21:41:09.804-0400] {logging_mixin.py:151} INFO - [2023-08-23T21:41:09.804-0400] {dag.py:2907} INFO - Sync 2 DAGs
[2023-08-23T21:41:09.807-0400] {logging_mixin.py:151} INFO - [2023-08-23T21:41:09.807-0400] {dag.py:3677} INFO - Setting next_dagrun for example_external_task_marker_child to None, run_after=None
[2023-08-23T21:41:09.808-0400] {logging_mixin.py:151} INFO - [2023-08-23T21:41:09.808-0400] {dag.py:3677} INFO - Setting next_dagrun for example_external_task_marker_parent to None, run_after=None
[2023-08-23T21:41:09.814-0400] {processor.py:179} INFO - Processing /Users/mauri/Desktop/repositorio/apache-airflow-tutorial/env/lib/python3.11/site-packages/airflow/example_dags/example_external_task_marker_dag.py took 0.091 seconds
[2023-08-23T21:42:22.471-0400] {processor.py:157} INFO - Started process (PID=8917) to work on /Users/mauri/Desktop/repositorio/apache-airflow-tutorial/env/lib/python3.11/site-packages/airflow/example_dags/example_external_task_marker_dag.py
[2023-08-23T21:42:22.472-0400] {processor.py:829} INFO - Processing file /Users/mauri/Desktop/repositorio/apache-airflow-tutorial/env/lib/python3.11/site-packages/airflow/example_dags/example_external_task_marker_dag.py for tasks to queue
[2023-08-23T21:42:22.472-0400] {logging_mixin.py:151} INFO - [2023-08-23T21:42:22.472-0400] {dagbag.py:539} INFO - Filling up the DagBag from /Users/mauri/Desktop/repositorio/apache-airflow-tutorial/env/lib/python3.11/site-packages/airflow/example_dags/example_external_task_marker_dag.py
[2023-08-23T21:42:22.481-0400] {processor.py:839} INFO - DAG(s) dict_keys(['example_external_task_marker_parent', 'example_external_task_marker_child']) retrieved from /Users/mauri/Desktop/repositorio/apache-airflow-tutorial/env/lib/python3.11/site-packages/airflow/example_dags/example_external_task_marker_dag.py
[2023-08-23T21:42:22.560-0400] {logging_mixin.py:151} INFO - [2023-08-23T21:42:22.560-0400] {dag.py:2907} INFO - Sync 2 DAGs
[2023-08-23T21:42:22.563-0400] {logging_mixin.py:151} INFO - [2023-08-23T21:42:22.563-0400] {dag.py:3677} INFO - Setting next_dagrun for example_external_task_marker_child to None, run_after=None
[2023-08-23T21:42:22.564-0400] {logging_mixin.py:151} INFO - [2023-08-23T21:42:22.564-0400] {dag.py:3677} INFO - Setting next_dagrun for example_external_task_marker_parent to None, run_after=None
[2023-08-23T21:42:22.570-0400] {processor.py:179} INFO - Processing /Users/mauri/Desktop/repositorio/apache-airflow-tutorial/env/lib/python3.11/site-packages/airflow/example_dags/example_external_task_marker_dag.py took 0.100 seconds
[2023-08-23T21:43:34.390-0400] {processor.py:157} INFO - Started process (PID=8983) to work on /Users/mauri/Desktop/repositorio/apache-airflow-tutorial/env/lib/python3.11/site-packages/airflow/example_dags/example_external_task_marker_dag.py
[2023-08-23T21:43:34.391-0400] {processor.py:829} INFO - Processing file /Users/mauri/Desktop/repositorio/apache-airflow-tutorial/env/lib/python3.11/site-packages/airflow/example_dags/example_external_task_marker_dag.py for tasks to queue
[2023-08-23T21:43:34.391-0400] {logging_mixin.py:151} INFO - [2023-08-23T21:43:34.391-0400] {dagbag.py:539} INFO - Filling up the DagBag from /Users/mauri/Desktop/repositorio/apache-airflow-tutorial/env/lib/python3.11/site-packages/airflow/example_dags/example_external_task_marker_dag.py
[2023-08-23T21:43:34.400-0400] {processor.py:839} INFO - DAG(s) dict_keys(['example_external_task_marker_child', 'example_external_task_marker_parent']) retrieved from /Users/mauri/Desktop/repositorio/apache-airflow-tutorial/env/lib/python3.11/site-packages/airflow/example_dags/example_external_task_marker_dag.py
[2023-08-23T21:43:34.475-0400] {logging_mixin.py:151} INFO - [2023-08-23T21:43:34.475-0400] {dag.py:2907} INFO - Sync 2 DAGs
[2023-08-23T21:43:34.478-0400] {logging_mixin.py:151} INFO - [2023-08-23T21:43:34.478-0400] {dag.py:3677} INFO - Setting next_dagrun for example_external_task_marker_child to None, run_after=None
[2023-08-23T21:43:34.479-0400] {logging_mixin.py:151} INFO - [2023-08-23T21:43:34.479-0400] {dag.py:3677} INFO - Setting next_dagrun for example_external_task_marker_parent to None, run_after=None
[2023-08-23T21:43:34.485-0400] {processor.py:179} INFO - Processing /Users/mauri/Desktop/repositorio/apache-airflow-tutorial/env/lib/python3.11/site-packages/airflow/example_dags/example_external_task_marker_dag.py took 0.096 seconds
[2023-08-23T21:44:45.528-0400] {processor.py:157} INFO - Started process (PID=9062) to work on /Users/mauri/Desktop/repositorio/apache-airflow-tutorial/env/lib/python3.11/site-packages/airflow/example_dags/example_external_task_marker_dag.py
[2023-08-23T21:44:45.530-0400] {processor.py:829} INFO - Processing file /Users/mauri/Desktop/repositorio/apache-airflow-tutorial/env/lib/python3.11/site-packages/airflow/example_dags/example_external_task_marker_dag.py for tasks to queue
[2023-08-23T21:44:45.530-0400] {logging_mixin.py:151} INFO - [2023-08-23T21:44:45.530-0400] {dagbag.py:539} INFO - Filling up the DagBag from /Users/mauri/Desktop/repositorio/apache-airflow-tutorial/env/lib/python3.11/site-packages/airflow/example_dags/example_external_task_marker_dag.py
[2023-08-23T21:44:45.539-0400] {processor.py:839} INFO - DAG(s) dict_keys(['example_external_task_marker_parent', 'example_external_task_marker_child']) retrieved from /Users/mauri/Desktop/repositorio/apache-airflow-tutorial/env/lib/python3.11/site-packages/airflow/example_dags/example_external_task_marker_dag.py
[2023-08-23T21:44:45.616-0400] {logging_mixin.py:151} INFO - [2023-08-23T21:44:45.616-0400] {dag.py:2907} INFO - Sync 2 DAGs
[2023-08-23T21:44:45.619-0400] {logging_mixin.py:151} INFO - [2023-08-23T21:44:45.619-0400] {dag.py:3677} INFO - Setting next_dagrun for example_external_task_marker_child to None, run_after=None
[2023-08-23T21:44:45.620-0400] {logging_mixin.py:151} INFO - [2023-08-23T21:44:45.620-0400] {dag.py:3677} INFO - Setting next_dagrun for example_external_task_marker_parent to None, run_after=None
[2023-08-23T21:44:45.627-0400] {processor.py:179} INFO - Processing /Users/mauri/Desktop/repositorio/apache-airflow-tutorial/env/lib/python3.11/site-packages/airflow/example_dags/example_external_task_marker_dag.py took 0.099 seconds
[2023-08-23T21:45:59.767-0400] {processor.py:157} INFO - Started process (PID=9162) to work on /Users/mauri/Desktop/repositorio/apache-airflow-tutorial/env/lib/python3.11/site-packages/airflow/example_dags/example_external_task_marker_dag.py
[2023-08-23T21:45:59.768-0400] {processor.py:829} INFO - Processing file /Users/mauri/Desktop/repositorio/apache-airflow-tutorial/env/lib/python3.11/site-packages/airflow/example_dags/example_external_task_marker_dag.py for tasks to queue
[2023-08-23T21:45:59.768-0400] {logging_mixin.py:151} INFO - [2023-08-23T21:45:59.768-0400] {dagbag.py:539} INFO - Filling up the DagBag from /Users/mauri/Desktop/repositorio/apache-airflow-tutorial/env/lib/python3.11/site-packages/airflow/example_dags/example_external_task_marker_dag.py
[2023-08-23T21:45:59.776-0400] {processor.py:839} INFO - DAG(s) dict_keys(['example_external_task_marker_parent', 'example_external_task_marker_child']) retrieved from /Users/mauri/Desktop/repositorio/apache-airflow-tutorial/env/lib/python3.11/site-packages/airflow/example_dags/example_external_task_marker_dag.py
[2023-08-23T21:45:59.846-0400] {logging_mixin.py:151} INFO - [2023-08-23T21:45:59.846-0400] {dag.py:2907} INFO - Sync 2 DAGs
[2023-08-23T21:45:59.849-0400] {logging_mixin.py:151} INFO - [2023-08-23T21:45:59.849-0400] {dag.py:3677} INFO - Setting next_dagrun for example_external_task_marker_child to None, run_after=None
[2023-08-23T21:45:59.850-0400] {logging_mixin.py:151} INFO - [2023-08-23T21:45:59.850-0400] {dag.py:3677} INFO - Setting next_dagrun for example_external_task_marker_parent to None, run_after=None
[2023-08-23T21:45:59.856-0400] {processor.py:179} INFO - Processing /Users/mauri/Desktop/repositorio/apache-airflow-tutorial/env/lib/python3.11/site-packages/airflow/example_dags/example_external_task_marker_dag.py took 0.090 seconds
[2023-08-23T21:47:07.605-0400] {processor.py:157} INFO - Started process (PID=9296) to work on /Users/mauri/Desktop/repositorio/apache-airflow-tutorial/env/lib/python3.11/site-packages/airflow/example_dags/example_external_task_marker_dag.py
[2023-08-23T21:47:07.606-0400] {processor.py:829} INFO - Processing file /Users/mauri/Desktop/repositorio/apache-airflow-tutorial/env/lib/python3.11/site-packages/airflow/example_dags/example_external_task_marker_dag.py for tasks to queue
[2023-08-23T21:47:07.606-0400] {logging_mixin.py:151} INFO - [2023-08-23T21:47:07.606-0400] {dagbag.py:539} INFO - Filling up the DagBag from /Users/mauri/Desktop/repositorio/apache-airflow-tutorial/env/lib/python3.11/site-packages/airflow/example_dags/example_external_task_marker_dag.py
[2023-08-23T21:47:07.614-0400] {processor.py:839} INFO - DAG(s) dict_keys(['example_external_task_marker_parent', 'example_external_task_marker_child']) retrieved from /Users/mauri/Desktop/repositorio/apache-airflow-tutorial/env/lib/python3.11/site-packages/airflow/example_dags/example_external_task_marker_dag.py
[2023-08-23T21:47:07.684-0400] {logging_mixin.py:151} INFO - [2023-08-23T21:47:07.684-0400] {dag.py:2907} INFO - Sync 2 DAGs
[2023-08-23T21:47:07.687-0400] {logging_mixin.py:151} INFO - [2023-08-23T21:47:07.687-0400] {dag.py:3677} INFO - Setting next_dagrun for example_external_task_marker_child to None, run_after=None
[2023-08-23T21:47:07.688-0400] {logging_mixin.py:151} INFO - [2023-08-23T21:47:07.688-0400] {dag.py:3677} INFO - Setting next_dagrun for example_external_task_marker_parent to None, run_after=None
[2023-08-23T21:47:07.695-0400] {processor.py:179} INFO - Processing /Users/mauri/Desktop/repositorio/apache-airflow-tutorial/env/lib/python3.11/site-packages/airflow/example_dags/example_external_task_marker_dag.py took 0.090 seconds
[2023-08-23T21:48:20.539-0400] {processor.py:157} INFO - Started process (PID=9416) to work on /Users/mauri/Desktop/repositorio/apache-airflow-tutorial/env/lib/python3.11/site-packages/airflow/example_dags/example_external_task_marker_dag.py
[2023-08-23T21:48:20.540-0400] {processor.py:829} INFO - Processing file /Users/mauri/Desktop/repositorio/apache-airflow-tutorial/env/lib/python3.11/site-packages/airflow/example_dags/example_external_task_marker_dag.py for tasks to queue
[2023-08-23T21:48:20.540-0400] {logging_mixin.py:151} INFO - [2023-08-23T21:48:20.540-0400] {dagbag.py:539} INFO - Filling up the DagBag from /Users/mauri/Desktop/repositorio/apache-airflow-tutorial/env/lib/python3.11/site-packages/airflow/example_dags/example_external_task_marker_dag.py
[2023-08-23T21:48:20.548-0400] {processor.py:839} INFO - DAG(s) dict_keys(['example_external_task_marker_parent', 'example_external_task_marker_child']) retrieved from /Users/mauri/Desktop/repositorio/apache-airflow-tutorial/env/lib/python3.11/site-packages/airflow/example_dags/example_external_task_marker_dag.py
[2023-08-23T21:48:20.625-0400] {logging_mixin.py:151} INFO - [2023-08-23T21:48:20.624-0400] {dag.py:2907} INFO - Sync 2 DAGs
[2023-08-23T21:48:20.628-0400] {logging_mixin.py:151} INFO - [2023-08-23T21:48:20.628-0400] {dag.py:3677} INFO - Setting next_dagrun for example_external_task_marker_child to None, run_after=None
[2023-08-23T21:48:20.629-0400] {logging_mixin.py:151} INFO - [2023-08-23T21:48:20.629-0400] {dag.py:3677} INFO - Setting next_dagrun for example_external_task_marker_parent to None, run_after=None
[2023-08-23T21:48:20.635-0400] {processor.py:179} INFO - Processing /Users/mauri/Desktop/repositorio/apache-airflow-tutorial/env/lib/python3.11/site-packages/airflow/example_dags/example_external_task_marker_dag.py took 0.097 seconds
[2023-08-23T21:49:33.358-0400] {processor.py:157} INFO - Started process (PID=9480) to work on /Users/mauri/Desktop/repositorio/apache-airflow-tutorial/env/lib/python3.11/site-packages/airflow/example_dags/example_external_task_marker_dag.py
[2023-08-23T21:49:33.359-0400] {processor.py:829} INFO - Processing file /Users/mauri/Desktop/repositorio/apache-airflow-tutorial/env/lib/python3.11/site-packages/airflow/example_dags/example_external_task_marker_dag.py for tasks to queue
[2023-08-23T21:49:33.359-0400] {logging_mixin.py:151} INFO - [2023-08-23T21:49:33.359-0400] {dagbag.py:539} INFO - Filling up the DagBag from /Users/mauri/Desktop/repositorio/apache-airflow-tutorial/env/lib/python3.11/site-packages/airflow/example_dags/example_external_task_marker_dag.py
[2023-08-23T21:49:33.367-0400] {processor.py:839} INFO - DAG(s) dict_keys(['example_external_task_marker_child', 'example_external_task_marker_parent']) retrieved from /Users/mauri/Desktop/repositorio/apache-airflow-tutorial/env/lib/python3.11/site-packages/airflow/example_dags/example_external_task_marker_dag.py
[2023-08-23T21:49:33.450-0400] {logging_mixin.py:151} INFO - [2023-08-23T21:49:33.450-0400] {dag.py:2907} INFO - Sync 2 DAGs
[2023-08-23T21:49:33.454-0400] {logging_mixin.py:151} INFO - [2023-08-23T21:49:33.454-0400] {dag.py:3677} INFO - Setting next_dagrun for example_external_task_marker_child to None, run_after=None
[2023-08-23T21:49:33.455-0400] {logging_mixin.py:151} INFO - [2023-08-23T21:49:33.455-0400] {dag.py:3677} INFO - Setting next_dagrun for example_external_task_marker_parent to None, run_after=None
[2023-08-23T21:49:33.462-0400] {processor.py:179} INFO - Processing /Users/mauri/Desktop/repositorio/apache-airflow-tutorial/env/lib/python3.11/site-packages/airflow/example_dags/example_external_task_marker_dag.py took 0.105 seconds
[2023-08-23T21:50:50.017-0400] {processor.py:157} INFO - Started process (PID=9551) to work on /Users/mauri/Desktop/repositorio/apache-airflow-tutorial/env/lib/python3.11/site-packages/airflow/example_dags/example_external_task_marker_dag.py
[2023-08-23T21:50:50.020-0400] {processor.py:829} INFO - Processing file /Users/mauri/Desktop/repositorio/apache-airflow-tutorial/env/lib/python3.11/site-packages/airflow/example_dags/example_external_task_marker_dag.py for tasks to queue
[2023-08-23T21:50:50.020-0400] {logging_mixin.py:151} INFO - [2023-08-23T21:50:50.020-0400] {dagbag.py:539} INFO - Filling up the DagBag from /Users/mauri/Desktop/repositorio/apache-airflow-tutorial/env/lib/python3.11/site-packages/airflow/example_dags/example_external_task_marker_dag.py
[2023-08-23T21:50:50.028-0400] {processor.py:839} INFO - DAG(s) dict_keys(['example_external_task_marker_parent', 'example_external_task_marker_child']) retrieved from /Users/mauri/Desktop/repositorio/apache-airflow-tutorial/env/lib/python3.11/site-packages/airflow/example_dags/example_external_task_marker_dag.py
[2023-08-23T21:50:50.098-0400] {logging_mixin.py:151} INFO - [2023-08-23T21:50:50.098-0400] {dag.py:2907} INFO - Sync 2 DAGs
[2023-08-23T21:50:50.101-0400] {logging_mixin.py:151} INFO - [2023-08-23T21:50:50.101-0400] {dag.py:3677} INFO - Setting next_dagrun for example_external_task_marker_child to None, run_after=None
[2023-08-23T21:50:50.102-0400] {logging_mixin.py:151} INFO - [2023-08-23T21:50:50.102-0400] {dag.py:3677} INFO - Setting next_dagrun for example_external_task_marker_parent to None, run_after=None
[2023-08-23T21:50:50.109-0400] {processor.py:179} INFO - Processing /Users/mauri/Desktop/repositorio/apache-airflow-tutorial/env/lib/python3.11/site-packages/airflow/example_dags/example_external_task_marker_dag.py took 0.092 seconds
[2023-08-23T21:52:04.051-0400] {processor.py:157} INFO - Started process (PID=9649) to work on /Users/mauri/Desktop/repositorio/apache-airflow-tutorial/env/lib/python3.11/site-packages/airflow/example_dags/example_external_task_marker_dag.py
[2023-08-23T21:52:04.053-0400] {processor.py:829} INFO - Processing file /Users/mauri/Desktop/repositorio/apache-airflow-tutorial/env/lib/python3.11/site-packages/airflow/example_dags/example_external_task_marker_dag.py for tasks to queue
[2023-08-23T21:52:04.054-0400] {logging_mixin.py:151} INFO - [2023-08-23T21:52:04.054-0400] {dagbag.py:539} INFO - Filling up the DagBag from /Users/mauri/Desktop/repositorio/apache-airflow-tutorial/env/lib/python3.11/site-packages/airflow/example_dags/example_external_task_marker_dag.py
[2023-08-23T21:52:04.062-0400] {processor.py:839} INFO - DAG(s) dict_keys(['example_external_task_marker_parent', 'example_external_task_marker_child']) retrieved from /Users/mauri/Desktop/repositorio/apache-airflow-tutorial/env/lib/python3.11/site-packages/airflow/example_dags/example_external_task_marker_dag.py
[2023-08-23T21:52:04.132-0400] {logging_mixin.py:151} INFO - [2023-08-23T21:52:04.132-0400] {dag.py:2907} INFO - Sync 2 DAGs
[2023-08-23T21:52:04.135-0400] {logging_mixin.py:151} INFO - [2023-08-23T21:52:04.135-0400] {dag.py:3677} INFO - Setting next_dagrun for example_external_task_marker_child to None, run_after=None
[2023-08-23T21:52:04.136-0400] {logging_mixin.py:151} INFO - [2023-08-23T21:52:04.136-0400] {dag.py:3677} INFO - Setting next_dagrun for example_external_task_marker_parent to None, run_after=None
[2023-08-23T21:52:04.142-0400] {processor.py:179} INFO - Processing /Users/mauri/Desktop/repositorio/apache-airflow-tutorial/env/lib/python3.11/site-packages/airflow/example_dags/example_external_task_marker_dag.py took 0.091 seconds
[2023-08-23T21:53:13.514-0400] {processor.py:157} INFO - Started process (PID=9715) to work on /Users/mauri/Desktop/repositorio/apache-airflow-tutorial/env/lib/python3.11/site-packages/airflow/example_dags/example_external_task_marker_dag.py
[2023-08-23T21:53:13.516-0400] {processor.py:829} INFO - Processing file /Users/mauri/Desktop/repositorio/apache-airflow-tutorial/env/lib/python3.11/site-packages/airflow/example_dags/example_external_task_marker_dag.py for tasks to queue
[2023-08-23T21:53:13.516-0400] {logging_mixin.py:151} INFO - [2023-08-23T21:53:13.516-0400] {dagbag.py:539} INFO - Filling up the DagBag from /Users/mauri/Desktop/repositorio/apache-airflow-tutorial/env/lib/python3.11/site-packages/airflow/example_dags/example_external_task_marker_dag.py
[2023-08-23T21:53:13.525-0400] {processor.py:839} INFO - DAG(s) dict_keys(['example_external_task_marker_parent', 'example_external_task_marker_child']) retrieved from /Users/mauri/Desktop/repositorio/apache-airflow-tutorial/env/lib/python3.11/site-packages/airflow/example_dags/example_external_task_marker_dag.py
[2023-08-23T21:53:13.603-0400] {logging_mixin.py:151} INFO - [2023-08-23T21:53:13.603-0400] {dag.py:2907} INFO - Sync 2 DAGs
[2023-08-23T21:53:13.606-0400] {logging_mixin.py:151} INFO - [2023-08-23T21:53:13.606-0400] {dag.py:3677} INFO - Setting next_dagrun for example_external_task_marker_child to None, run_after=None
[2023-08-23T21:53:13.607-0400] {logging_mixin.py:151} INFO - [2023-08-23T21:53:13.607-0400] {dag.py:3677} INFO - Setting next_dagrun for example_external_task_marker_parent to None, run_after=None
[2023-08-23T21:53:13.614-0400] {processor.py:179} INFO - Processing /Users/mauri/Desktop/repositorio/apache-airflow-tutorial/env/lib/python3.11/site-packages/airflow/example_dags/example_external_task_marker_dag.py took 0.100 seconds
[2023-08-23T21:54:24.620-0400] {processor.py:157} INFO - Started process (PID=9778) to work on /Users/mauri/Desktop/repositorio/apache-airflow-tutorial/env/lib/python3.11/site-packages/airflow/example_dags/example_external_task_marker_dag.py
[2023-08-23T21:54:24.622-0400] {processor.py:829} INFO - Processing file /Users/mauri/Desktop/repositorio/apache-airflow-tutorial/env/lib/python3.11/site-packages/airflow/example_dags/example_external_task_marker_dag.py for tasks to queue
[2023-08-23T21:54:24.622-0400] {logging_mixin.py:151} INFO - [2023-08-23T21:54:24.622-0400] {dagbag.py:539} INFO - Filling up the DagBag from /Users/mauri/Desktop/repositorio/apache-airflow-tutorial/env/lib/python3.11/site-packages/airflow/example_dags/example_external_task_marker_dag.py
[2023-08-23T21:54:24.630-0400] {processor.py:839} INFO - DAG(s) dict_keys(['example_external_task_marker_child', 'example_external_task_marker_parent']) retrieved from /Users/mauri/Desktop/repositorio/apache-airflow-tutorial/env/lib/python3.11/site-packages/airflow/example_dags/example_external_task_marker_dag.py
[2023-08-23T21:54:24.705-0400] {logging_mixin.py:151} INFO - [2023-08-23T21:54:24.705-0400] {dag.py:2907} INFO - Sync 2 DAGs
[2023-08-23T21:54:24.709-0400] {logging_mixin.py:151} INFO - [2023-08-23T21:54:24.709-0400] {dag.py:3677} INFO - Setting next_dagrun for example_external_task_marker_child to None, run_after=None
[2023-08-23T21:54:24.710-0400] {logging_mixin.py:151} INFO - [2023-08-23T21:54:24.710-0400] {dag.py:3677} INFO - Setting next_dagrun for example_external_task_marker_parent to None, run_after=None
[2023-08-23T21:54:24.716-0400] {processor.py:179} INFO - Processing /Users/mauri/Desktop/repositorio/apache-airflow-tutorial/env/lib/python3.11/site-packages/airflow/example_dags/example_external_task_marker_dag.py took 0.096 seconds
[2023-08-23T21:55:37.639-0400] {processor.py:157} INFO - Started process (PID=9846) to work on /Users/mauri/Desktop/repositorio/apache-airflow-tutorial/env/lib/python3.11/site-packages/airflow/example_dags/example_external_task_marker_dag.py
[2023-08-23T21:55:37.641-0400] {processor.py:829} INFO - Processing file /Users/mauri/Desktop/repositorio/apache-airflow-tutorial/env/lib/python3.11/site-packages/airflow/example_dags/example_external_task_marker_dag.py for tasks to queue
[2023-08-23T21:55:37.641-0400] {logging_mixin.py:151} INFO - [2023-08-23T21:55:37.641-0400] {dagbag.py:539} INFO - Filling up the DagBag from /Users/mauri/Desktop/repositorio/apache-airflow-tutorial/env/lib/python3.11/site-packages/airflow/example_dags/example_external_task_marker_dag.py
[2023-08-23T21:55:37.649-0400] {processor.py:839} INFO - DAG(s) dict_keys(['example_external_task_marker_parent', 'example_external_task_marker_child']) retrieved from /Users/mauri/Desktop/repositorio/apache-airflow-tutorial/env/lib/python3.11/site-packages/airflow/example_dags/example_external_task_marker_dag.py
[2023-08-23T21:55:37.718-0400] {logging_mixin.py:151} INFO - [2023-08-23T21:55:37.718-0400] {dag.py:2907} INFO - Sync 2 DAGs
[2023-08-23T21:55:37.721-0400] {logging_mixin.py:151} INFO - [2023-08-23T21:55:37.721-0400] {dag.py:3677} INFO - Setting next_dagrun for example_external_task_marker_child to None, run_after=None
[2023-08-23T21:55:37.722-0400] {logging_mixin.py:151} INFO - [2023-08-23T21:55:37.722-0400] {dag.py:3677} INFO - Setting next_dagrun for example_external_task_marker_parent to None, run_after=None
[2023-08-23T21:55:37.728-0400] {processor.py:179} INFO - Processing /Users/mauri/Desktop/repositorio/apache-airflow-tutorial/env/lib/python3.11/site-packages/airflow/example_dags/example_external_task_marker_dag.py took 0.089 seconds
[2023-08-23T21:56:50.781-0400] {processor.py:157} INFO - Started process (PID=9913) to work on /Users/mauri/Desktop/repositorio/apache-airflow-tutorial/env/lib/python3.11/site-packages/airflow/example_dags/example_external_task_marker_dag.py
[2023-08-23T21:56:50.782-0400] {processor.py:829} INFO - Processing file /Users/mauri/Desktop/repositorio/apache-airflow-tutorial/env/lib/python3.11/site-packages/airflow/example_dags/example_external_task_marker_dag.py for tasks to queue
[2023-08-23T21:56:50.782-0400] {logging_mixin.py:151} INFO - [2023-08-23T21:56:50.782-0400] {dagbag.py:539} INFO - Filling up the DagBag from /Users/mauri/Desktop/repositorio/apache-airflow-tutorial/env/lib/python3.11/site-packages/airflow/example_dags/example_external_task_marker_dag.py
[2023-08-23T21:56:50.791-0400] {processor.py:839} INFO - DAG(s) dict_keys(['example_external_task_marker_child', 'example_external_task_marker_parent']) retrieved from /Users/mauri/Desktop/repositorio/apache-airflow-tutorial/env/lib/python3.11/site-packages/airflow/example_dags/example_external_task_marker_dag.py
[2023-08-23T21:56:50.865-0400] {logging_mixin.py:151} INFO - [2023-08-23T21:56:50.864-0400] {dag.py:2907} INFO - Sync 2 DAGs
[2023-08-23T21:56:50.868-0400] {logging_mixin.py:151} INFO - [2023-08-23T21:56:50.867-0400] {dag.py:3677} INFO - Setting next_dagrun for example_external_task_marker_child to None, run_after=None
[2023-08-23T21:56:50.868-0400] {logging_mixin.py:151} INFO - [2023-08-23T21:56:50.868-0400] {dag.py:3677} INFO - Setting next_dagrun for example_external_task_marker_parent to None, run_after=None
[2023-08-23T21:56:50.874-0400] {processor.py:179} INFO - Processing /Users/mauri/Desktop/repositorio/apache-airflow-tutorial/env/lib/python3.11/site-packages/airflow/example_dags/example_external_task_marker_dag.py took 0.094 seconds
[2023-08-23T21:58:07.399-0400] {processor.py:157} INFO - Started process (PID=9980) to work on /Users/mauri/Desktop/repositorio/apache-airflow-tutorial/env/lib/python3.11/site-packages/airflow/example_dags/example_external_task_marker_dag.py
[2023-08-23T21:58:07.401-0400] {processor.py:829} INFO - Processing file /Users/mauri/Desktop/repositorio/apache-airflow-tutorial/env/lib/python3.11/site-packages/airflow/example_dags/example_external_task_marker_dag.py for tasks to queue
[2023-08-23T21:58:07.401-0400] {logging_mixin.py:151} INFO - [2023-08-23T21:58:07.401-0400] {dagbag.py:539} INFO - Filling up the DagBag from /Users/mauri/Desktop/repositorio/apache-airflow-tutorial/env/lib/python3.11/site-packages/airflow/example_dags/example_external_task_marker_dag.py
[2023-08-23T21:58:07.410-0400] {processor.py:839} INFO - DAG(s) dict_keys(['example_external_task_marker_child', 'example_external_task_marker_parent']) retrieved from /Users/mauri/Desktop/repositorio/apache-airflow-tutorial/env/lib/python3.11/site-packages/airflow/example_dags/example_external_task_marker_dag.py
[2023-08-23T21:58:07.487-0400] {logging_mixin.py:151} INFO - [2023-08-23T21:58:07.487-0400] {dag.py:2907} INFO - Sync 2 DAGs
[2023-08-23T21:58:07.490-0400] {logging_mixin.py:151} INFO - [2023-08-23T21:58:07.490-0400] {dag.py:3677} INFO - Setting next_dagrun for example_external_task_marker_child to None, run_after=None
[2023-08-23T21:58:07.492-0400] {logging_mixin.py:151} INFO - [2023-08-23T21:58:07.491-0400] {dag.py:3677} INFO - Setting next_dagrun for example_external_task_marker_parent to None, run_after=None
[2023-08-23T21:58:07.499-0400] {processor.py:179} INFO - Processing /Users/mauri/Desktop/repositorio/apache-airflow-tutorial/env/lib/python3.11/site-packages/airflow/example_dags/example_external_task_marker_dag.py took 0.100 seconds
[2023-08-23T21:59:22.126-0400] {processor.py:157} INFO - Started process (PID=10046) to work on /Users/mauri/Desktop/repositorio/apache-airflow-tutorial/env/lib/python3.11/site-packages/airflow/example_dags/example_external_task_marker_dag.py
[2023-08-23T21:59:22.128-0400] {processor.py:829} INFO - Processing file /Users/mauri/Desktop/repositorio/apache-airflow-tutorial/env/lib/python3.11/site-packages/airflow/example_dags/example_external_task_marker_dag.py for tasks to queue
[2023-08-23T21:59:22.128-0400] {logging_mixin.py:151} INFO - [2023-08-23T21:59:22.128-0400] {dagbag.py:539} INFO - Filling up the DagBag from /Users/mauri/Desktop/repositorio/apache-airflow-tutorial/env/lib/python3.11/site-packages/airflow/example_dags/example_external_task_marker_dag.py
[2023-08-23T21:59:22.136-0400] {processor.py:839} INFO - DAG(s) dict_keys(['example_external_task_marker_parent', 'example_external_task_marker_child']) retrieved from /Users/mauri/Desktop/repositorio/apache-airflow-tutorial/env/lib/python3.11/site-packages/airflow/example_dags/example_external_task_marker_dag.py
[2023-08-23T21:59:22.206-0400] {logging_mixin.py:151} INFO - [2023-08-23T21:59:22.206-0400] {dag.py:2907} INFO - Sync 2 DAGs
[2023-08-23T21:59:22.209-0400] {logging_mixin.py:151} INFO - [2023-08-23T21:59:22.209-0400] {dag.py:3677} INFO - Setting next_dagrun for example_external_task_marker_child to None, run_after=None
[2023-08-23T21:59:22.210-0400] {logging_mixin.py:151} INFO - [2023-08-23T21:59:22.210-0400] {dag.py:3677} INFO - Setting next_dagrun for example_external_task_marker_parent to None, run_after=None
[2023-08-23T21:59:22.216-0400] {processor.py:179} INFO - Processing /Users/mauri/Desktop/repositorio/apache-airflow-tutorial/env/lib/python3.11/site-packages/airflow/example_dags/example_external_task_marker_dag.py took 0.090 seconds
