[2023-08-23T21:34:47.283-0400] {processor.py:157} INFO - Started process (PID=8530) to work on /Users/mauri/Desktop/repositorio/apache-airflow-tutorial/env/lib/python3.11/site-packages/airflow/example_dags/example_kubernetes_executor.py
[2023-08-23T21:34:47.284-0400] {processor.py:829} INFO - Processing file /Users/mauri/Desktop/repositorio/apache-airflow-tutorial/env/lib/python3.11/site-packages/airflow/example_dags/example_kubernetes_executor.py for tasks to queue
[2023-08-23T21:34:47.284-0400] {logging_mixin.py:151} INFO - [2023-08-23T21:34:47.284-0400] {dagbag.py:539} INFO - Filling up the DagBag from /Users/mauri/Desktop/repositorio/apache-airflow-tutorial/env/lib/python3.11/site-packages/airflow/example_dags/example_kubernetes_executor.py
[2023-08-23T21:34:47.315-0400] {logging_mixin.py:151} INFO - [2023-08-23T21:34:47.315-0400] {example_kubernetes_executor.py:38} WARNING - The example_kubernetes_executor example DAG requires the kubernetes provider. Please install it with: pip install apache-airflow[cncf.kubernetes]
[2023-08-23T21:34:47.315-0400] {processor.py:841} WARNING - No viable dags retrieved from /Users/mauri/Desktop/repositorio/apache-airflow-tutorial/env/lib/python3.11/site-packages/airflow/example_dags/example_kubernetes_executor.py
[2023-08-23T21:34:47.349-0400] {processor.py:179} INFO - Processing /Users/mauri/Desktop/repositorio/apache-airflow-tutorial/env/lib/python3.11/site-packages/airflow/example_dags/example_kubernetes_executor.py took 0.066 seconds
[2023-08-23T21:36:09.951-0400] {processor.py:157} INFO - Started process (PID=8602) to work on /Users/mauri/Desktop/repositorio/apache-airflow-tutorial/env/lib/python3.11/site-packages/airflow/example_dags/example_kubernetes_executor.py
[2023-08-23T21:36:09.954-0400] {processor.py:829} INFO - Processing file /Users/mauri/Desktop/repositorio/apache-airflow-tutorial/env/lib/python3.11/site-packages/airflow/example_dags/example_kubernetes_executor.py for tasks to queue
[2023-08-23T21:36:09.954-0400] {logging_mixin.py:151} INFO - [2023-08-23T21:36:09.954-0400] {dagbag.py:539} INFO - Filling up the DagBag from /Users/mauri/Desktop/repositorio/apache-airflow-tutorial/env/lib/python3.11/site-packages/airflow/example_dags/example_kubernetes_executor.py
[2023-08-23T21:36:09.984-0400] {logging_mixin.py:151} INFO - [2023-08-23T21:36:09.984-0400] {example_kubernetes_executor.py:38} WARNING - The example_kubernetes_executor example DAG requires the kubernetes provider. Please install it with: pip install apache-airflow[cncf.kubernetes]
[2023-08-23T21:36:09.984-0400] {processor.py:841} WARNING - No viable dags retrieved from /Users/mauri/Desktop/repositorio/apache-airflow-tutorial/env/lib/python3.11/site-packages/airflow/example_dags/example_kubernetes_executor.py
[2023-08-23T21:36:10.018-0400] {processor.py:179} INFO - Processing /Users/mauri/Desktop/repositorio/apache-airflow-tutorial/env/lib/python3.11/site-packages/airflow/example_dags/example_kubernetes_executor.py took 0.067 seconds
[2023-08-23T21:37:24.919-0400] {processor.py:157} INFO - Started process (PID=8667) to work on /Users/mauri/Desktop/repositorio/apache-airflow-tutorial/env/lib/python3.11/site-packages/airflow/example_dags/example_kubernetes_executor.py
[2023-08-23T21:37:24.922-0400] {processor.py:829} INFO - Processing file /Users/mauri/Desktop/repositorio/apache-airflow-tutorial/env/lib/python3.11/site-packages/airflow/example_dags/example_kubernetes_executor.py for tasks to queue
[2023-08-23T21:37:24.922-0400] {logging_mixin.py:151} INFO - [2023-08-23T21:37:24.922-0400] {dagbag.py:539} INFO - Filling up the DagBag from /Users/mauri/Desktop/repositorio/apache-airflow-tutorial/env/lib/python3.11/site-packages/airflow/example_dags/example_kubernetes_executor.py
[2023-08-23T21:37:24.951-0400] {logging_mixin.py:151} INFO - [2023-08-23T21:37:24.951-0400] {example_kubernetes_executor.py:38} WARNING - The example_kubernetes_executor example DAG requires the kubernetes provider. Please install it with: pip install apache-airflow[cncf.kubernetes]
[2023-08-23T21:37:24.951-0400] {processor.py:841} WARNING - No viable dags retrieved from /Users/mauri/Desktop/repositorio/apache-airflow-tutorial/env/lib/python3.11/site-packages/airflow/example_dags/example_kubernetes_executor.py
[2023-08-23T21:37:24.984-0400] {processor.py:179} INFO - Processing /Users/mauri/Desktop/repositorio/apache-airflow-tutorial/env/lib/python3.11/site-packages/airflow/example_dags/example_kubernetes_executor.py took 0.065 seconds
[2023-08-23T21:38:39.246-0400] {processor.py:157} INFO - Started process (PID=8732) to work on /Users/mauri/Desktop/repositorio/apache-airflow-tutorial/env/lib/python3.11/site-packages/airflow/example_dags/example_kubernetes_executor.py
[2023-08-23T21:38:39.249-0400] {processor.py:829} INFO - Processing file /Users/mauri/Desktop/repositorio/apache-airflow-tutorial/env/lib/python3.11/site-packages/airflow/example_dags/example_kubernetes_executor.py for tasks to queue
[2023-08-23T21:38:39.249-0400] {logging_mixin.py:151} INFO - [2023-08-23T21:38:39.249-0400] {dagbag.py:539} INFO - Filling up the DagBag from /Users/mauri/Desktop/repositorio/apache-airflow-tutorial/env/lib/python3.11/site-packages/airflow/example_dags/example_kubernetes_executor.py
[2023-08-23T21:38:39.288-0400] {logging_mixin.py:151} INFO - [2023-08-23T21:38:39.288-0400] {example_kubernetes_executor.py:38} WARNING - The example_kubernetes_executor example DAG requires the kubernetes provider. Please install it with: pip install apache-airflow[cncf.kubernetes]
[2023-08-23T21:38:39.288-0400] {processor.py:841} WARNING - No viable dags retrieved from /Users/mauri/Desktop/repositorio/apache-airflow-tutorial/env/lib/python3.11/site-packages/airflow/example_dags/example_kubernetes_executor.py
[2023-08-23T21:38:39.327-0400] {processor.py:179} INFO - Processing /Users/mauri/Desktop/repositorio/apache-airflow-tutorial/env/lib/python3.11/site-packages/airflow/example_dags/example_kubernetes_executor.py took 0.081 seconds
[2023-08-23T21:39:55.087-0400] {processor.py:157} INFO - Started process (PID=8799) to work on /Users/mauri/Desktop/repositorio/apache-airflow-tutorial/env/lib/python3.11/site-packages/airflow/example_dags/example_kubernetes_executor.py
[2023-08-23T21:39:55.088-0400] {processor.py:829} INFO - Processing file /Users/mauri/Desktop/repositorio/apache-airflow-tutorial/env/lib/python3.11/site-packages/airflow/example_dags/example_kubernetes_executor.py for tasks to queue
[2023-08-23T21:39:55.088-0400] {logging_mixin.py:151} INFO - [2023-08-23T21:39:55.088-0400] {dagbag.py:539} INFO - Filling up the DagBag from /Users/mauri/Desktop/repositorio/apache-airflow-tutorial/env/lib/python3.11/site-packages/airflow/example_dags/example_kubernetes_executor.py
[2023-08-23T21:39:55.117-0400] {logging_mixin.py:151} INFO - [2023-08-23T21:39:55.117-0400] {example_kubernetes_executor.py:38} WARNING - The example_kubernetes_executor example DAG requires the kubernetes provider. Please install it with: pip install apache-airflow[cncf.kubernetes]
[2023-08-23T21:39:55.117-0400] {processor.py:841} WARNING - No viable dags retrieved from /Users/mauri/Desktop/repositorio/apache-airflow-tutorial/env/lib/python3.11/site-packages/airflow/example_dags/example_kubernetes_executor.py
[2023-08-23T21:39:55.150-0400] {processor.py:179} INFO - Processing /Users/mauri/Desktop/repositorio/apache-airflow-tutorial/env/lib/python3.11/site-packages/airflow/example_dags/example_kubernetes_executor.py took 0.063 seconds
[2023-08-23T21:41:09.001-0400] {processor.py:157} INFO - Started process (PID=8859) to work on /Users/mauri/Desktop/repositorio/apache-airflow-tutorial/env/lib/python3.11/site-packages/airflow/example_dags/example_kubernetes_executor.py
[2023-08-23T21:41:09.002-0400] {processor.py:829} INFO - Processing file /Users/mauri/Desktop/repositorio/apache-airflow-tutorial/env/lib/python3.11/site-packages/airflow/example_dags/example_kubernetes_executor.py for tasks to queue
[2023-08-23T21:41:09.002-0400] {logging_mixin.py:151} INFO - [2023-08-23T21:41:09.002-0400] {dagbag.py:539} INFO - Filling up the DagBag from /Users/mauri/Desktop/repositorio/apache-airflow-tutorial/env/lib/python3.11/site-packages/airflow/example_dags/example_kubernetes_executor.py
[2023-08-23T21:41:09.033-0400] {logging_mixin.py:151} INFO - [2023-08-23T21:41:09.033-0400] {example_kubernetes_executor.py:38} WARNING - The example_kubernetes_executor example DAG requires the kubernetes provider. Please install it with: pip install apache-airflow[cncf.kubernetes]
[2023-08-23T21:41:09.033-0400] {processor.py:841} WARNING - No viable dags retrieved from /Users/mauri/Desktop/repositorio/apache-airflow-tutorial/env/lib/python3.11/site-packages/airflow/example_dags/example_kubernetes_executor.py
[2023-08-23T21:41:09.066-0400] {processor.py:179} INFO - Processing /Users/mauri/Desktop/repositorio/apache-airflow-tutorial/env/lib/python3.11/site-packages/airflow/example_dags/example_kubernetes_executor.py took 0.066 seconds
[2023-08-23T21:42:21.766-0400] {processor.py:157} INFO - Started process (PID=8916) to work on /Users/mauri/Desktop/repositorio/apache-airflow-tutorial/env/lib/python3.11/site-packages/airflow/example_dags/example_kubernetes_executor.py
[2023-08-23T21:42:21.767-0400] {processor.py:829} INFO - Processing file /Users/mauri/Desktop/repositorio/apache-airflow-tutorial/env/lib/python3.11/site-packages/airflow/example_dags/example_kubernetes_executor.py for tasks to queue
[2023-08-23T21:42:21.767-0400] {logging_mixin.py:151} INFO - [2023-08-23T21:42:21.767-0400] {dagbag.py:539} INFO - Filling up the DagBag from /Users/mauri/Desktop/repositorio/apache-airflow-tutorial/env/lib/python3.11/site-packages/airflow/example_dags/example_kubernetes_executor.py
[2023-08-23T21:42:21.800-0400] {logging_mixin.py:151} INFO - [2023-08-23T21:42:21.800-0400] {example_kubernetes_executor.py:38} WARNING - The example_kubernetes_executor example DAG requires the kubernetes provider. Please install it with: pip install apache-airflow[cncf.kubernetes]
[2023-08-23T21:42:21.801-0400] {processor.py:841} WARNING - No viable dags retrieved from /Users/mauri/Desktop/repositorio/apache-airflow-tutorial/env/lib/python3.11/site-packages/airflow/example_dags/example_kubernetes_executor.py
[2023-08-23T21:42:21.837-0400] {processor.py:179} INFO - Processing /Users/mauri/Desktop/repositorio/apache-airflow-tutorial/env/lib/python3.11/site-packages/airflow/example_dags/example_kubernetes_executor.py took 0.072 seconds
[2023-08-23T21:43:32.788-0400] {processor.py:157} INFO - Started process (PID=8982) to work on /Users/mauri/Desktop/repositorio/apache-airflow-tutorial/env/lib/python3.11/site-packages/airflow/example_dags/example_kubernetes_executor.py
[2023-08-23T21:43:32.790-0400] {processor.py:829} INFO - Processing file /Users/mauri/Desktop/repositorio/apache-airflow-tutorial/env/lib/python3.11/site-packages/airflow/example_dags/example_kubernetes_executor.py for tasks to queue
[2023-08-23T21:43:32.790-0400] {logging_mixin.py:151} INFO - [2023-08-23T21:43:32.790-0400] {dagbag.py:539} INFO - Filling up the DagBag from /Users/mauri/Desktop/repositorio/apache-airflow-tutorial/env/lib/python3.11/site-packages/airflow/example_dags/example_kubernetes_executor.py
[2023-08-23T21:43:32.819-0400] {logging_mixin.py:151} INFO - [2023-08-23T21:43:32.819-0400] {example_kubernetes_executor.py:38} WARNING - The example_kubernetes_executor example DAG requires the kubernetes provider. Please install it with: pip install apache-airflow[cncf.kubernetes]
[2023-08-23T21:43:32.819-0400] {processor.py:841} WARNING - No viable dags retrieved from /Users/mauri/Desktop/repositorio/apache-airflow-tutorial/env/lib/python3.11/site-packages/airflow/example_dags/example_kubernetes_executor.py
[2023-08-23T21:43:32.853-0400] {processor.py:179} INFO - Processing /Users/mauri/Desktop/repositorio/apache-airflow-tutorial/env/lib/python3.11/site-packages/airflow/example_dags/example_kubernetes_executor.py took 0.065 seconds
[2023-08-23T21:44:43.936-0400] {processor.py:157} INFO - Started process (PID=9061) to work on /Users/mauri/Desktop/repositorio/apache-airflow-tutorial/env/lib/python3.11/site-packages/airflow/example_dags/example_kubernetes_executor.py
[2023-08-23T21:44:43.937-0400] {processor.py:829} INFO - Processing file /Users/mauri/Desktop/repositorio/apache-airflow-tutorial/env/lib/python3.11/site-packages/airflow/example_dags/example_kubernetes_executor.py for tasks to queue
[2023-08-23T21:44:43.938-0400] {logging_mixin.py:151} INFO - [2023-08-23T21:44:43.937-0400] {dagbag.py:539} INFO - Filling up the DagBag from /Users/mauri/Desktop/repositorio/apache-airflow-tutorial/env/lib/python3.11/site-packages/airflow/example_dags/example_kubernetes_executor.py
[2023-08-23T21:44:43.967-0400] {logging_mixin.py:151} INFO - [2023-08-23T21:44:43.967-0400] {example_kubernetes_executor.py:38} WARNING - The example_kubernetes_executor example DAG requires the kubernetes provider. Please install it with: pip install apache-airflow[cncf.kubernetes]
[2023-08-23T21:44:43.967-0400] {processor.py:841} WARNING - No viable dags retrieved from /Users/mauri/Desktop/repositorio/apache-airflow-tutorial/env/lib/python3.11/site-packages/airflow/example_dags/example_kubernetes_executor.py
[2023-08-23T21:44:44.001-0400] {processor.py:179} INFO - Processing /Users/mauri/Desktop/repositorio/apache-airflow-tutorial/env/lib/python3.11/site-packages/airflow/example_dags/example_kubernetes_executor.py took 0.065 seconds
[2023-08-23T21:45:58.179-0400] {processor.py:157} INFO - Started process (PID=9161) to work on /Users/mauri/Desktop/repositorio/apache-airflow-tutorial/env/lib/python3.11/site-packages/airflow/example_dags/example_kubernetes_executor.py
[2023-08-23T21:45:58.180-0400] {processor.py:829} INFO - Processing file /Users/mauri/Desktop/repositorio/apache-airflow-tutorial/env/lib/python3.11/site-packages/airflow/example_dags/example_kubernetes_executor.py for tasks to queue
[2023-08-23T21:45:58.180-0400] {logging_mixin.py:151} INFO - [2023-08-23T21:45:58.180-0400] {dagbag.py:539} INFO - Filling up the DagBag from /Users/mauri/Desktop/repositorio/apache-airflow-tutorial/env/lib/python3.11/site-packages/airflow/example_dags/example_kubernetes_executor.py
[2023-08-23T21:45:58.214-0400] {logging_mixin.py:151} INFO - [2023-08-23T21:45:58.214-0400] {example_kubernetes_executor.py:38} WARNING - The example_kubernetes_executor example DAG requires the kubernetes provider. Please install it with: pip install apache-airflow[cncf.kubernetes]
[2023-08-23T21:45:58.214-0400] {processor.py:841} WARNING - No viable dags retrieved from /Users/mauri/Desktop/repositorio/apache-airflow-tutorial/env/lib/python3.11/site-packages/airflow/example_dags/example_kubernetes_executor.py
[2023-08-23T21:45:58.250-0400] {processor.py:179} INFO - Processing /Users/mauri/Desktop/repositorio/apache-airflow-tutorial/env/lib/python3.11/site-packages/airflow/example_dags/example_kubernetes_executor.py took 0.072 seconds
[2023-08-23T21:47:07.090-0400] {processor.py:157} INFO - Started process (PID=9295) to work on /Users/mauri/Desktop/repositorio/apache-airflow-tutorial/env/lib/python3.11/site-packages/airflow/example_dags/example_kubernetes_executor.py
[2023-08-23T21:47:07.091-0400] {processor.py:829} INFO - Processing file /Users/mauri/Desktop/repositorio/apache-airflow-tutorial/env/lib/python3.11/site-packages/airflow/example_dags/example_kubernetes_executor.py for tasks to queue
[2023-08-23T21:47:07.091-0400] {logging_mixin.py:151} INFO - [2023-08-23T21:47:07.091-0400] {dagbag.py:539} INFO - Filling up the DagBag from /Users/mauri/Desktop/repositorio/apache-airflow-tutorial/env/lib/python3.11/site-packages/airflow/example_dags/example_kubernetes_executor.py
[2023-08-23T21:47:07.120-0400] {logging_mixin.py:151} INFO - [2023-08-23T21:47:07.120-0400] {example_kubernetes_executor.py:38} WARNING - The example_kubernetes_executor example DAG requires the kubernetes provider. Please install it with: pip install apache-airflow[cncf.kubernetes]
[2023-08-23T21:47:07.120-0400] {processor.py:841} WARNING - No viable dags retrieved from /Users/mauri/Desktop/repositorio/apache-airflow-tutorial/env/lib/python3.11/site-packages/airflow/example_dags/example_kubernetes_executor.py
[2023-08-23T21:47:07.152-0400] {processor.py:179} INFO - Processing /Users/mauri/Desktop/repositorio/apache-airflow-tutorial/env/lib/python3.11/site-packages/airflow/example_dags/example_kubernetes_executor.py took 0.063 seconds
[2023-08-23T21:48:19.709-0400] {processor.py:157} INFO - Started process (PID=9415) to work on /Users/mauri/Desktop/repositorio/apache-airflow-tutorial/env/lib/python3.11/site-packages/airflow/example_dags/example_kubernetes_executor.py
[2023-08-23T21:48:19.711-0400] {processor.py:829} INFO - Processing file /Users/mauri/Desktop/repositorio/apache-airflow-tutorial/env/lib/python3.11/site-packages/airflow/example_dags/example_kubernetes_executor.py for tasks to queue
[2023-08-23T21:48:19.711-0400] {logging_mixin.py:151} INFO - [2023-08-23T21:48:19.711-0400] {dagbag.py:539} INFO - Filling up the DagBag from /Users/mauri/Desktop/repositorio/apache-airflow-tutorial/env/lib/python3.11/site-packages/airflow/example_dags/example_kubernetes_executor.py
[2023-08-23T21:48:19.740-0400] {logging_mixin.py:151} INFO - [2023-08-23T21:48:19.740-0400] {example_kubernetes_executor.py:38} WARNING - The example_kubernetes_executor example DAG requires the kubernetes provider. Please install it with: pip install apache-airflow[cncf.kubernetes]
[2023-08-23T21:48:19.740-0400] {processor.py:841} WARNING - No viable dags retrieved from /Users/mauri/Desktop/repositorio/apache-airflow-tutorial/env/lib/python3.11/site-packages/airflow/example_dags/example_kubernetes_executor.py
[2023-08-23T21:48:19.773-0400] {processor.py:179} INFO - Processing /Users/mauri/Desktop/repositorio/apache-airflow-tutorial/env/lib/python3.11/site-packages/airflow/example_dags/example_kubernetes_executor.py took 0.064 seconds
[2023-08-23T21:49:32.604-0400] {processor.py:157} INFO - Started process (PID=9479) to work on /Users/mauri/Desktop/repositorio/apache-airflow-tutorial/env/lib/python3.11/site-packages/airflow/example_dags/example_kubernetes_executor.py
[2023-08-23T21:49:32.605-0400] {processor.py:829} INFO - Processing file /Users/mauri/Desktop/repositorio/apache-airflow-tutorial/env/lib/python3.11/site-packages/airflow/example_dags/example_kubernetes_executor.py for tasks to queue
[2023-08-23T21:49:32.605-0400] {logging_mixin.py:151} INFO - [2023-08-23T21:49:32.605-0400] {dagbag.py:539} INFO - Filling up the DagBag from /Users/mauri/Desktop/repositorio/apache-airflow-tutorial/env/lib/python3.11/site-packages/airflow/example_dags/example_kubernetes_executor.py
[2023-08-23T21:49:32.634-0400] {logging_mixin.py:151} INFO - [2023-08-23T21:49:32.634-0400] {example_kubernetes_executor.py:38} WARNING - The example_kubernetes_executor example DAG requires the kubernetes provider. Please install it with: pip install apache-airflow[cncf.kubernetes]
[2023-08-23T21:49:32.634-0400] {processor.py:841} WARNING - No viable dags retrieved from /Users/mauri/Desktop/repositorio/apache-airflow-tutorial/env/lib/python3.11/site-packages/airflow/example_dags/example_kubernetes_executor.py
[2023-08-23T21:49:32.667-0400] {processor.py:179} INFO - Processing /Users/mauri/Desktop/repositorio/apache-airflow-tutorial/env/lib/python3.11/site-packages/airflow/example_dags/example_kubernetes_executor.py took 0.064 seconds
[2023-08-23T21:50:48.435-0400] {processor.py:157} INFO - Started process (PID=9550) to work on /Users/mauri/Desktop/repositorio/apache-airflow-tutorial/env/lib/python3.11/site-packages/airflow/example_dags/example_kubernetes_executor.py
[2023-08-23T21:50:48.438-0400] {processor.py:829} INFO - Processing file /Users/mauri/Desktop/repositorio/apache-airflow-tutorial/env/lib/python3.11/site-packages/airflow/example_dags/example_kubernetes_executor.py for tasks to queue
[2023-08-23T21:50:48.438-0400] {logging_mixin.py:151} INFO - [2023-08-23T21:50:48.438-0400] {dagbag.py:539} INFO - Filling up the DagBag from /Users/mauri/Desktop/repositorio/apache-airflow-tutorial/env/lib/python3.11/site-packages/airflow/example_dags/example_kubernetes_executor.py
[2023-08-23T21:50:48.468-0400] {logging_mixin.py:151} INFO - [2023-08-23T21:50:48.468-0400] {example_kubernetes_executor.py:38} WARNING - The example_kubernetes_executor example DAG requires the kubernetes provider. Please install it with: pip install apache-airflow[cncf.kubernetes]
[2023-08-23T21:50:48.468-0400] {processor.py:841} WARNING - No viable dags retrieved from /Users/mauri/Desktop/repositorio/apache-airflow-tutorial/env/lib/python3.11/site-packages/airflow/example_dags/example_kubernetes_executor.py
[2023-08-23T21:50:48.501-0400] {processor.py:179} INFO - Processing /Users/mauri/Desktop/repositorio/apache-airflow-tutorial/env/lib/python3.11/site-packages/airflow/example_dags/example_kubernetes_executor.py took 0.066 seconds
[2023-08-23T21:52:02.458-0400] {processor.py:157} INFO - Started process (PID=9646) to work on /Users/mauri/Desktop/repositorio/apache-airflow-tutorial/env/lib/python3.11/site-packages/airflow/example_dags/example_kubernetes_executor.py
[2023-08-23T21:52:02.460-0400] {processor.py:829} INFO - Processing file /Users/mauri/Desktop/repositorio/apache-airflow-tutorial/env/lib/python3.11/site-packages/airflow/example_dags/example_kubernetes_executor.py for tasks to queue
[2023-08-23T21:52:02.460-0400] {logging_mixin.py:151} INFO - [2023-08-23T21:52:02.460-0400] {dagbag.py:539} INFO - Filling up the DagBag from /Users/mauri/Desktop/repositorio/apache-airflow-tutorial/env/lib/python3.11/site-packages/airflow/example_dags/example_kubernetes_executor.py
[2023-08-23T21:52:02.489-0400] {logging_mixin.py:151} INFO - [2023-08-23T21:52:02.489-0400] {example_kubernetes_executor.py:38} WARNING - The example_kubernetes_executor example DAG requires the kubernetes provider. Please install it with: pip install apache-airflow[cncf.kubernetes]
[2023-08-23T21:52:02.489-0400] {processor.py:841} WARNING - No viable dags retrieved from /Users/mauri/Desktop/repositorio/apache-airflow-tutorial/env/lib/python3.11/site-packages/airflow/example_dags/example_kubernetes_executor.py
[2023-08-23T21:52:02.522-0400] {processor.py:179} INFO - Processing /Users/mauri/Desktop/repositorio/apache-airflow-tutorial/env/lib/python3.11/site-packages/airflow/example_dags/example_kubernetes_executor.py took 0.065 seconds
[2023-08-23T21:53:11.891-0400] {processor.py:157} INFO - Started process (PID=9714) to work on /Users/mauri/Desktop/repositorio/apache-airflow-tutorial/env/lib/python3.11/site-packages/airflow/example_dags/example_kubernetes_executor.py
[2023-08-23T21:53:11.892-0400] {processor.py:829} INFO - Processing file /Users/mauri/Desktop/repositorio/apache-airflow-tutorial/env/lib/python3.11/site-packages/airflow/example_dags/example_kubernetes_executor.py for tasks to queue
[2023-08-23T21:53:11.893-0400] {logging_mixin.py:151} INFO - [2023-08-23T21:53:11.893-0400] {dagbag.py:539} INFO - Filling up the DagBag from /Users/mauri/Desktop/repositorio/apache-airflow-tutorial/env/lib/python3.11/site-packages/airflow/example_dags/example_kubernetes_executor.py
[2023-08-23T21:53:11.926-0400] {logging_mixin.py:151} INFO - [2023-08-23T21:53:11.926-0400] {example_kubernetes_executor.py:38} WARNING - The example_kubernetes_executor example DAG requires the kubernetes provider. Please install it with: pip install apache-airflow[cncf.kubernetes]
[2023-08-23T21:53:11.926-0400] {processor.py:841} WARNING - No viable dags retrieved from /Users/mauri/Desktop/repositorio/apache-airflow-tutorial/env/lib/python3.11/site-packages/airflow/example_dags/example_kubernetes_executor.py
[2023-08-23T21:53:11.965-0400] {processor.py:179} INFO - Processing /Users/mauri/Desktop/repositorio/apache-airflow-tutorial/env/lib/python3.11/site-packages/airflow/example_dags/example_kubernetes_executor.py took 0.074 seconds
[2023-08-23T21:54:23.148-0400] {processor.py:157} INFO - Started process (PID=9777) to work on /Users/mauri/Desktop/repositorio/apache-airflow-tutorial/env/lib/python3.11/site-packages/airflow/example_dags/example_kubernetes_executor.py
[2023-08-23T21:54:23.149-0400] {processor.py:829} INFO - Processing file /Users/mauri/Desktop/repositorio/apache-airflow-tutorial/env/lib/python3.11/site-packages/airflow/example_dags/example_kubernetes_executor.py for tasks to queue
[2023-08-23T21:54:23.149-0400] {logging_mixin.py:151} INFO - [2023-08-23T21:54:23.149-0400] {dagbag.py:539} INFO - Filling up the DagBag from /Users/mauri/Desktop/repositorio/apache-airflow-tutorial/env/lib/python3.11/site-packages/airflow/example_dags/example_kubernetes_executor.py
[2023-08-23T21:54:23.179-0400] {logging_mixin.py:151} INFO - [2023-08-23T21:54:23.178-0400] {example_kubernetes_executor.py:38} WARNING - The example_kubernetes_executor example DAG requires the kubernetes provider. Please install it with: pip install apache-airflow[cncf.kubernetes]
[2023-08-23T21:54:23.179-0400] {processor.py:841} WARNING - No viable dags retrieved from /Users/mauri/Desktop/repositorio/apache-airflow-tutorial/env/lib/python3.11/site-packages/airflow/example_dags/example_kubernetes_executor.py
[2023-08-23T21:54:23.211-0400] {processor.py:179} INFO - Processing /Users/mauri/Desktop/repositorio/apache-airflow-tutorial/env/lib/python3.11/site-packages/airflow/example_dags/example_kubernetes_executor.py took 0.064 seconds
[2023-08-23T21:55:36.234-0400] {processor.py:157} INFO - Started process (PID=9845) to work on /Users/mauri/Desktop/repositorio/apache-airflow-tutorial/env/lib/python3.11/site-packages/airflow/example_dags/example_kubernetes_executor.py
[2023-08-23T21:55:36.235-0400] {processor.py:829} INFO - Processing file /Users/mauri/Desktop/repositorio/apache-airflow-tutorial/env/lib/python3.11/site-packages/airflow/example_dags/example_kubernetes_executor.py for tasks to queue
[2023-08-23T21:55:36.236-0400] {logging_mixin.py:151} INFO - [2023-08-23T21:55:36.236-0400] {dagbag.py:539} INFO - Filling up the DagBag from /Users/mauri/Desktop/repositorio/apache-airflow-tutorial/env/lib/python3.11/site-packages/airflow/example_dags/example_kubernetes_executor.py
[2023-08-23T21:55:36.270-0400] {logging_mixin.py:151} INFO - [2023-08-23T21:55:36.270-0400] {example_kubernetes_executor.py:38} WARNING - The example_kubernetes_executor example DAG requires the kubernetes provider. Please install it with: pip install apache-airflow[cncf.kubernetes]
[2023-08-23T21:55:36.270-0400] {processor.py:841} WARNING - No viable dags retrieved from /Users/mauri/Desktop/repositorio/apache-airflow-tutorial/env/lib/python3.11/site-packages/airflow/example_dags/example_kubernetes_executor.py
[2023-08-23T21:55:36.309-0400] {processor.py:179} INFO - Processing /Users/mauri/Desktop/repositorio/apache-airflow-tutorial/env/lib/python3.11/site-packages/airflow/example_dags/example_kubernetes_executor.py took 0.075 seconds
[2023-08-23T21:56:49.345-0400] {processor.py:157} INFO - Started process (PID=9912) to work on /Users/mauri/Desktop/repositorio/apache-airflow-tutorial/env/lib/python3.11/site-packages/airflow/example_dags/example_kubernetes_executor.py
[2023-08-23T21:56:49.347-0400] {processor.py:829} INFO - Processing file /Users/mauri/Desktop/repositorio/apache-airflow-tutorial/env/lib/python3.11/site-packages/airflow/example_dags/example_kubernetes_executor.py for tasks to queue
[2023-08-23T21:56:49.347-0400] {logging_mixin.py:151} INFO - [2023-08-23T21:56:49.347-0400] {dagbag.py:539} INFO - Filling up the DagBag from /Users/mauri/Desktop/repositorio/apache-airflow-tutorial/env/lib/python3.11/site-packages/airflow/example_dags/example_kubernetes_executor.py
[2023-08-23T21:56:49.378-0400] {logging_mixin.py:151} INFO - [2023-08-23T21:56:49.378-0400] {example_kubernetes_executor.py:38} WARNING - The example_kubernetes_executor example DAG requires the kubernetes provider. Please install it with: pip install apache-airflow[cncf.kubernetes]
[2023-08-23T21:56:49.378-0400] {processor.py:841} WARNING - No viable dags retrieved from /Users/mauri/Desktop/repositorio/apache-airflow-tutorial/env/lib/python3.11/site-packages/airflow/example_dags/example_kubernetes_executor.py
[2023-08-23T21:56:49.412-0400] {processor.py:179} INFO - Processing /Users/mauri/Desktop/repositorio/apache-airflow-tutorial/env/lib/python3.11/site-packages/airflow/example_dags/example_kubernetes_executor.py took 0.067 seconds
[2023-08-23T21:58:05.814-0400] {processor.py:157} INFO - Started process (PID=9979) to work on /Users/mauri/Desktop/repositorio/apache-airflow-tutorial/env/lib/python3.11/site-packages/airflow/example_dags/example_kubernetes_executor.py
[2023-08-23T21:58:05.815-0400] {processor.py:829} INFO - Processing file /Users/mauri/Desktop/repositorio/apache-airflow-tutorial/env/lib/python3.11/site-packages/airflow/example_dags/example_kubernetes_executor.py for tasks to queue
[2023-08-23T21:58:05.815-0400] {logging_mixin.py:151} INFO - [2023-08-23T21:58:05.815-0400] {dagbag.py:539} INFO - Filling up the DagBag from /Users/mauri/Desktop/repositorio/apache-airflow-tutorial/env/lib/python3.11/site-packages/airflow/example_dags/example_kubernetes_executor.py
[2023-08-23T21:58:05.844-0400] {logging_mixin.py:151} INFO - [2023-08-23T21:58:05.844-0400] {example_kubernetes_executor.py:38} WARNING - The example_kubernetes_executor example DAG requires the kubernetes provider. Please install it with: pip install apache-airflow[cncf.kubernetes]
[2023-08-23T21:58:05.844-0400] {processor.py:841} WARNING - No viable dags retrieved from /Users/mauri/Desktop/repositorio/apache-airflow-tutorial/env/lib/python3.11/site-packages/airflow/example_dags/example_kubernetes_executor.py
[2023-08-23T21:58:05.877-0400] {processor.py:179} INFO - Processing /Users/mauri/Desktop/repositorio/apache-airflow-tutorial/env/lib/python3.11/site-packages/airflow/example_dags/example_kubernetes_executor.py took 0.064 seconds
[2023-08-23T21:59:21.261-0400] {processor.py:157} INFO - Started process (PID=10045) to work on /Users/mauri/Desktop/repositorio/apache-airflow-tutorial/env/lib/python3.11/site-packages/airflow/example_dags/example_kubernetes_executor.py
[2023-08-23T21:59:21.263-0400] {processor.py:829} INFO - Processing file /Users/mauri/Desktop/repositorio/apache-airflow-tutorial/env/lib/python3.11/site-packages/airflow/example_dags/example_kubernetes_executor.py for tasks to queue
[2023-08-23T21:59:21.263-0400] {logging_mixin.py:151} INFO - [2023-08-23T21:59:21.263-0400] {dagbag.py:539} INFO - Filling up the DagBag from /Users/mauri/Desktop/repositorio/apache-airflow-tutorial/env/lib/python3.11/site-packages/airflow/example_dags/example_kubernetes_executor.py
[2023-08-23T21:59:21.292-0400] {logging_mixin.py:151} INFO - [2023-08-23T21:59:21.292-0400] {example_kubernetes_executor.py:38} WARNING - The example_kubernetes_executor example DAG requires the kubernetes provider. Please install it with: pip install apache-airflow[cncf.kubernetes]
[2023-08-23T21:59:21.292-0400] {processor.py:841} WARNING - No viable dags retrieved from /Users/mauri/Desktop/repositorio/apache-airflow-tutorial/env/lib/python3.11/site-packages/airflow/example_dags/example_kubernetes_executor.py
[2023-08-23T21:59:21.325-0400] {processor.py:179} INFO - Processing /Users/mauri/Desktop/repositorio/apache-airflow-tutorial/env/lib/python3.11/site-packages/airflow/example_dags/example_kubernetes_executor.py took 0.064 seconds
