[2023-08-23T21:34:25.575-0400] {processor.py:157} INFO - Started process (PID=8517) to work on /Users/mauri/Desktop/repositorio/apache-airflow-tutorial/env/lib/python3.11/site-packages/airflow/example_dags/example_setup_teardown_taskflow.py
[2023-08-23T21:34:25.576-0400] {processor.py:829} INFO - Processing file /Users/mauri/Desktop/repositorio/apache-airflow-tutorial/env/lib/python3.11/site-packages/airflow/example_dags/example_setup_teardown_taskflow.py for tasks to queue
[2023-08-23T21:34:25.576-0400] {logging_mixin.py:151} INFO - [2023-08-23T21:34:25.576-0400] {dagbag.py:539} INFO - Filling up the DagBag from /Users/mauri/Desktop/repositorio/apache-airflow-tutorial/env/lib/python3.11/site-packages/airflow/example_dags/example_setup_teardown_taskflow.py
[2023-08-23T21:34:25.609-0400] {processor.py:839} INFO - DAG(s) dict_keys(['example_setup_teardown_taskflow']) retrieved from /Users/mauri/Desktop/repositorio/apache-airflow-tutorial/env/lib/python3.11/site-packages/airflow/example_dags/example_setup_teardown_taskflow.py
[2023-08-23T21:34:25.911-0400] {logging_mixin.py:151} INFO - [2023-08-23T21:34:25.911-0400] {manager.py:501} INFO - Created Permission View: can delete on DAG:example_setup_teardown_taskflow
[2023-08-23T21:34:25.914-0400] {logging_mixin.py:151} INFO - [2023-08-23T21:34:25.914-0400] {manager.py:501} INFO - Created Permission View: can read on DAG:example_setup_teardown_taskflow
[2023-08-23T21:34:25.916-0400] {logging_mixin.py:151} INFO - [2023-08-23T21:34:25.916-0400] {manager.py:501} INFO - Created Permission View: can edit on DAG:example_setup_teardown_taskflow
[2023-08-23T21:34:25.919-0400] {logging_mixin.py:151} INFO - [2023-08-23T21:34:25.919-0400] {dag.py:2907} INFO - Sync 1 DAGs
[2023-08-23T21:34:25.922-0400] {logging_mixin.py:151} INFO - [2023-08-23T21:34:25.922-0400] {dag.py:2929} INFO - Creating ORM DAG for example_setup_teardown_taskflow
[2023-08-23T21:34:25.924-0400] {logging_mixin.py:151} INFO - [2023-08-23T21:34:25.924-0400] {dag.py:3677} INFO - Setting next_dagrun for example_setup_teardown_taskflow to 2023-08-23T01:34:25.924771+00:00, run_after=2023-08-24T01:34:25.924771+00:00
[2023-08-23T21:34:25.930-0400] {processor.py:179} INFO - Processing /Users/mauri/Desktop/repositorio/apache-airflow-tutorial/env/lib/python3.11/site-packages/airflow/example_dags/example_setup_teardown_taskflow.py took 0.356 seconds
[2023-08-23T21:35:41.856-0400] {processor.py:157} INFO - Started process (PID=8572) to work on /Users/mauri/Desktop/repositorio/apache-airflow-tutorial/env/lib/python3.11/site-packages/airflow/example_dags/example_setup_teardown_taskflow.py
[2023-08-23T21:35:41.858-0400] {processor.py:829} INFO - Processing file /Users/mauri/Desktop/repositorio/apache-airflow-tutorial/env/lib/python3.11/site-packages/airflow/example_dags/example_setup_teardown_taskflow.py for tasks to queue
[2023-08-23T21:35:41.858-0400] {logging_mixin.py:151} INFO - [2023-08-23T21:35:41.858-0400] {dagbag.py:539} INFO - Filling up the DagBag from /Users/mauri/Desktop/repositorio/apache-airflow-tutorial/env/lib/python3.11/site-packages/airflow/example_dags/example_setup_teardown_taskflow.py
[2023-08-23T21:35:41.890-0400] {processor.py:839} INFO - DAG(s) dict_keys(['example_setup_teardown_taskflow']) retrieved from /Users/mauri/Desktop/repositorio/apache-airflow-tutorial/env/lib/python3.11/site-packages/airflow/example_dags/example_setup_teardown_taskflow.py
[2023-08-23T21:35:41.944-0400] {logging_mixin.py:151} INFO - [2023-08-23T21:35:41.944-0400] {dag.py:2907} INFO - Sync 1 DAGs
[2023-08-23T21:35:41.949-0400] {logging_mixin.py:151} INFO - [2023-08-23T21:35:41.949-0400] {dag.py:3677} INFO - Setting next_dagrun for example_setup_teardown_taskflow to 2023-08-23T01:35:41.949225+00:00, run_after=2023-08-24T01:35:41.949225+00:00
[2023-08-23T21:35:41.956-0400] {processor.py:179} INFO - Processing /Users/mauri/Desktop/repositorio/apache-airflow-tutorial/env/lib/python3.11/site-packages/airflow/example_dags/example_setup_teardown_taskflow.py took 0.101 seconds
[2023-08-23T21:36:55.324-0400] {processor.py:157} INFO - Started process (PID=8640) to work on /Users/mauri/Desktop/repositorio/apache-airflow-tutorial/env/lib/python3.11/site-packages/airflow/example_dags/example_setup_teardown_taskflow.py
[2023-08-23T21:36:55.326-0400] {processor.py:829} INFO - Processing file /Users/mauri/Desktop/repositorio/apache-airflow-tutorial/env/lib/python3.11/site-packages/airflow/example_dags/example_setup_teardown_taskflow.py for tasks to queue
[2023-08-23T21:36:55.327-0400] {logging_mixin.py:151} INFO - [2023-08-23T21:36:55.327-0400] {dagbag.py:539} INFO - Filling up the DagBag from /Users/mauri/Desktop/repositorio/apache-airflow-tutorial/env/lib/python3.11/site-packages/airflow/example_dags/example_setup_teardown_taskflow.py
[2023-08-23T21:36:55.358-0400] {processor.py:839} INFO - DAG(s) dict_keys(['example_setup_teardown_taskflow']) retrieved from /Users/mauri/Desktop/repositorio/apache-airflow-tutorial/env/lib/python3.11/site-packages/airflow/example_dags/example_setup_teardown_taskflow.py
[2023-08-23T21:36:55.410-0400] {logging_mixin.py:151} INFO - [2023-08-23T21:36:55.410-0400] {dag.py:2907} INFO - Sync 1 DAGs
[2023-08-23T21:36:55.415-0400] {logging_mixin.py:151} INFO - [2023-08-23T21:36:55.415-0400] {dag.py:3677} INFO - Setting next_dagrun for example_setup_teardown_taskflow to 2023-08-23T01:36:55.415791+00:00, run_after=2023-08-24T01:36:55.415791+00:00
[2023-08-23T21:36:55.423-0400] {processor.py:179} INFO - Processing /Users/mauri/Desktop/repositorio/apache-airflow-tutorial/env/lib/python3.11/site-packages/airflow/example_dags/example_setup_teardown_taskflow.py took 0.099 seconds
[2023-08-23T21:38:09.295-0400] {processor.py:157} INFO - Started process (PID=8699) to work on /Users/mauri/Desktop/repositorio/apache-airflow-tutorial/env/lib/python3.11/site-packages/airflow/example_dags/example_setup_teardown_taskflow.py
[2023-08-23T21:38:09.297-0400] {processor.py:829} INFO - Processing file /Users/mauri/Desktop/repositorio/apache-airflow-tutorial/env/lib/python3.11/site-packages/airflow/example_dags/example_setup_teardown_taskflow.py for tasks to queue
[2023-08-23T21:38:09.297-0400] {logging_mixin.py:151} INFO - [2023-08-23T21:38:09.297-0400] {dagbag.py:539} INFO - Filling up the DagBag from /Users/mauri/Desktop/repositorio/apache-airflow-tutorial/env/lib/python3.11/site-packages/airflow/example_dags/example_setup_teardown_taskflow.py
[2023-08-23T21:38:09.329-0400] {processor.py:839} INFO - DAG(s) dict_keys(['example_setup_teardown_taskflow']) retrieved from /Users/mauri/Desktop/repositorio/apache-airflow-tutorial/env/lib/python3.11/site-packages/airflow/example_dags/example_setup_teardown_taskflow.py
[2023-08-23T21:38:09.382-0400] {logging_mixin.py:151} INFO - [2023-08-23T21:38:09.382-0400] {dag.py:2907} INFO - Sync 1 DAGs
[2023-08-23T21:38:09.387-0400] {logging_mixin.py:151} INFO - [2023-08-23T21:38:09.387-0400] {dag.py:3677} INFO - Setting next_dagrun for example_setup_teardown_taskflow to 2023-08-23T01:38:09.387211+00:00, run_after=2023-08-24T01:38:09.387211+00:00
[2023-08-23T21:38:09.394-0400] {processor.py:179} INFO - Processing /Users/mauri/Desktop/repositorio/apache-airflow-tutorial/env/lib/python3.11/site-packages/airflow/example_dags/example_setup_teardown_taskflow.py took 0.100 seconds
[2023-08-23T21:39:25.348-0400] {processor.py:157} INFO - Started process (PID=8775) to work on /Users/mauri/Desktop/repositorio/apache-airflow-tutorial/env/lib/python3.11/site-packages/airflow/example_dags/example_setup_teardown_taskflow.py
[2023-08-23T21:39:25.350-0400] {processor.py:829} INFO - Processing file /Users/mauri/Desktop/repositorio/apache-airflow-tutorial/env/lib/python3.11/site-packages/airflow/example_dags/example_setup_teardown_taskflow.py for tasks to queue
[2023-08-23T21:39:25.350-0400] {logging_mixin.py:151} INFO - [2023-08-23T21:39:25.350-0400] {dagbag.py:539} INFO - Filling up the DagBag from /Users/mauri/Desktop/repositorio/apache-airflow-tutorial/env/lib/python3.11/site-packages/airflow/example_dags/example_setup_teardown_taskflow.py
[2023-08-23T21:39:25.382-0400] {processor.py:839} INFO - DAG(s) dict_keys(['example_setup_teardown_taskflow']) retrieved from /Users/mauri/Desktop/repositorio/apache-airflow-tutorial/env/lib/python3.11/site-packages/airflow/example_dags/example_setup_teardown_taskflow.py
[2023-08-23T21:39:25.435-0400] {logging_mixin.py:151} INFO - [2023-08-23T21:39:25.435-0400] {dag.py:2907} INFO - Sync 1 DAGs
[2023-08-23T21:39:25.440-0400] {logging_mixin.py:151} INFO - [2023-08-23T21:39:25.440-0400] {dag.py:3677} INFO - Setting next_dagrun for example_setup_teardown_taskflow to 2023-08-23T01:39:25.440787+00:00, run_after=2023-08-24T01:39:25.440787+00:00
[2023-08-23T21:39:25.448-0400] {processor.py:179} INFO - Processing /Users/mauri/Desktop/repositorio/apache-airflow-tutorial/env/lib/python3.11/site-packages/airflow/example_dags/example_setup_teardown_taskflow.py took 0.100 seconds
[2023-08-23T21:40:38.806-0400] {processor.py:157} INFO - Started process (PID=8836) to work on /Users/mauri/Desktop/repositorio/apache-airflow-tutorial/env/lib/python3.11/site-packages/airflow/example_dags/example_setup_teardown_taskflow.py
[2023-08-23T21:40:38.808-0400] {processor.py:829} INFO - Processing file /Users/mauri/Desktop/repositorio/apache-airflow-tutorial/env/lib/python3.11/site-packages/airflow/example_dags/example_setup_teardown_taskflow.py for tasks to queue
[2023-08-23T21:40:38.808-0400] {logging_mixin.py:151} INFO - [2023-08-23T21:40:38.808-0400] {dagbag.py:539} INFO - Filling up the DagBag from /Users/mauri/Desktop/repositorio/apache-airflow-tutorial/env/lib/python3.11/site-packages/airflow/example_dags/example_setup_teardown_taskflow.py
[2023-08-23T21:40:38.842-0400] {processor.py:839} INFO - DAG(s) dict_keys(['example_setup_teardown_taskflow']) retrieved from /Users/mauri/Desktop/repositorio/apache-airflow-tutorial/env/lib/python3.11/site-packages/airflow/example_dags/example_setup_teardown_taskflow.py
[2023-08-23T21:40:38.901-0400] {logging_mixin.py:151} INFO - [2023-08-23T21:40:38.901-0400] {dag.py:2907} INFO - Sync 1 DAGs
[2023-08-23T21:40:38.909-0400] {logging_mixin.py:151} INFO - [2023-08-23T21:40:38.909-0400] {dag.py:3677} INFO - Setting next_dagrun for example_setup_teardown_taskflow to 2023-08-23T01:40:38.909380+00:00, run_after=2023-08-24T01:40:38.909380+00:00
[2023-08-23T21:40:38.919-0400] {processor.py:179} INFO - Processing /Users/mauri/Desktop/repositorio/apache-airflow-tutorial/env/lib/python3.11/site-packages/airflow/example_dags/example_setup_teardown_taskflow.py took 0.113 seconds
[2023-08-23T21:41:51.693-0400] {processor.py:157} INFO - Started process (PID=8895) to work on /Users/mauri/Desktop/repositorio/apache-airflow-tutorial/env/lib/python3.11/site-packages/airflow/example_dags/example_setup_teardown_taskflow.py
[2023-08-23T21:41:51.695-0400] {processor.py:829} INFO - Processing file /Users/mauri/Desktop/repositorio/apache-airflow-tutorial/env/lib/python3.11/site-packages/airflow/example_dags/example_setup_teardown_taskflow.py for tasks to queue
[2023-08-23T21:41:51.695-0400] {logging_mixin.py:151} INFO - [2023-08-23T21:41:51.695-0400] {dagbag.py:539} INFO - Filling up the DagBag from /Users/mauri/Desktop/repositorio/apache-airflow-tutorial/env/lib/python3.11/site-packages/airflow/example_dags/example_setup_teardown_taskflow.py
[2023-08-23T21:41:51.727-0400] {processor.py:839} INFO - DAG(s) dict_keys(['example_setup_teardown_taskflow']) retrieved from /Users/mauri/Desktop/repositorio/apache-airflow-tutorial/env/lib/python3.11/site-packages/airflow/example_dags/example_setup_teardown_taskflow.py
[2023-08-23T21:41:51.781-0400] {logging_mixin.py:151} INFO - [2023-08-23T21:41:51.781-0400] {dag.py:2907} INFO - Sync 1 DAGs
[2023-08-23T21:41:51.786-0400] {logging_mixin.py:151} INFO - [2023-08-23T21:41:51.786-0400] {dag.py:3677} INFO - Setting next_dagrun for example_setup_teardown_taskflow to 2023-08-23T01:41:51.786342+00:00, run_after=2023-08-24T01:41:51.786342+00:00
[2023-08-23T21:41:51.793-0400] {processor.py:179} INFO - Processing /Users/mauri/Desktop/repositorio/apache-airflow-tutorial/env/lib/python3.11/site-packages/airflow/example_dags/example_setup_teardown_taskflow.py took 0.100 seconds
[2023-08-23T21:43:04.818-0400] {processor.py:157} INFO - Started process (PID=8960) to work on /Users/mauri/Desktop/repositorio/apache-airflow-tutorial/env/lib/python3.11/site-packages/airflow/example_dags/example_setup_teardown_taskflow.py
[2023-08-23T21:43:04.820-0400] {processor.py:829} INFO - Processing file /Users/mauri/Desktop/repositorio/apache-airflow-tutorial/env/lib/python3.11/site-packages/airflow/example_dags/example_setup_teardown_taskflow.py for tasks to queue
[2023-08-23T21:43:04.820-0400] {logging_mixin.py:151} INFO - [2023-08-23T21:43:04.820-0400] {dagbag.py:539} INFO - Filling up the DagBag from /Users/mauri/Desktop/repositorio/apache-airflow-tutorial/env/lib/python3.11/site-packages/airflow/example_dags/example_setup_teardown_taskflow.py
[2023-08-23T21:43:04.851-0400] {processor.py:839} INFO - DAG(s) dict_keys(['example_setup_teardown_taskflow']) retrieved from /Users/mauri/Desktop/repositorio/apache-airflow-tutorial/env/lib/python3.11/site-packages/airflow/example_dags/example_setup_teardown_taskflow.py
[2023-08-23T21:43:04.904-0400] {logging_mixin.py:151} INFO - [2023-08-23T21:43:04.904-0400] {dag.py:2907} INFO - Sync 1 DAGs
[2023-08-23T21:43:04.909-0400] {logging_mixin.py:151} INFO - [2023-08-23T21:43:04.909-0400] {dag.py:3677} INFO - Setting next_dagrun for example_setup_teardown_taskflow to 2023-08-23T01:43:04.909599+00:00, run_after=2023-08-24T01:43:04.909599+00:00
[2023-08-23T21:43:04.916-0400] {processor.py:179} INFO - Processing /Users/mauri/Desktop/repositorio/apache-airflow-tutorial/env/lib/python3.11/site-packages/airflow/example_dags/example_setup_teardown_taskflow.py took 0.098 seconds
[2023-08-23T21:44:13.815-0400] {processor.py:157} INFO - Started process (PID=9024) to work on /Users/mauri/Desktop/repositorio/apache-airflow-tutorial/env/lib/python3.11/site-packages/airflow/example_dags/example_setup_teardown_taskflow.py
[2023-08-23T21:44:13.816-0400] {processor.py:829} INFO - Processing file /Users/mauri/Desktop/repositorio/apache-airflow-tutorial/env/lib/python3.11/site-packages/airflow/example_dags/example_setup_teardown_taskflow.py for tasks to queue
[2023-08-23T21:44:13.816-0400] {logging_mixin.py:151} INFO - [2023-08-23T21:44:13.816-0400] {dagbag.py:539} INFO - Filling up the DagBag from /Users/mauri/Desktop/repositorio/apache-airflow-tutorial/env/lib/python3.11/site-packages/airflow/example_dags/example_setup_teardown_taskflow.py
[2023-08-23T21:44:13.851-0400] {processor.py:839} INFO - DAG(s) dict_keys(['example_setup_teardown_taskflow']) retrieved from /Users/mauri/Desktop/repositorio/apache-airflow-tutorial/env/lib/python3.11/site-packages/airflow/example_dags/example_setup_teardown_taskflow.py
[2023-08-23T21:44:13.905-0400] {logging_mixin.py:151} INFO - [2023-08-23T21:44:13.904-0400] {dag.py:2907} INFO - Sync 1 DAGs
[2023-08-23T21:44:13.910-0400] {logging_mixin.py:151} INFO - [2023-08-23T21:44:13.910-0400] {dag.py:3677} INFO - Setting next_dagrun for example_setup_teardown_taskflow to 2023-08-23T01:44:13.910219+00:00, run_after=2023-08-24T01:44:13.910219+00:00
[2023-08-23T21:44:13.917-0400] {processor.py:179} INFO - Processing /Users/mauri/Desktop/repositorio/apache-airflow-tutorial/env/lib/python3.11/site-packages/airflow/example_dags/example_setup_teardown_taskflow.py took 0.103 seconds
[2023-08-23T21:45:28.609-0400] {processor.py:157} INFO - Started process (PID=9102) to work on /Users/mauri/Desktop/repositorio/apache-airflow-tutorial/env/lib/python3.11/site-packages/airflow/example_dags/example_setup_teardown_taskflow.py
[2023-08-23T21:45:28.611-0400] {processor.py:829} INFO - Processing file /Users/mauri/Desktop/repositorio/apache-airflow-tutorial/env/lib/python3.11/site-packages/airflow/example_dags/example_setup_teardown_taskflow.py for tasks to queue
[2023-08-23T21:45:28.611-0400] {logging_mixin.py:151} INFO - [2023-08-23T21:45:28.611-0400] {dagbag.py:539} INFO - Filling up the DagBag from /Users/mauri/Desktop/repositorio/apache-airflow-tutorial/env/lib/python3.11/site-packages/airflow/example_dags/example_setup_teardown_taskflow.py
[2023-08-23T21:45:28.643-0400] {processor.py:839} INFO - DAG(s) dict_keys(['example_setup_teardown_taskflow']) retrieved from /Users/mauri/Desktop/repositorio/apache-airflow-tutorial/env/lib/python3.11/site-packages/airflow/example_dags/example_setup_teardown_taskflow.py
[2023-08-23T21:45:28.695-0400] {logging_mixin.py:151} INFO - [2023-08-23T21:45:28.695-0400] {dag.py:2907} INFO - Sync 1 DAGs
[2023-08-23T21:45:28.700-0400] {logging_mixin.py:151} INFO - [2023-08-23T21:45:28.700-0400] {dag.py:3677} INFO - Setting next_dagrun for example_setup_teardown_taskflow to 2023-08-23T01:45:28.700673+00:00, run_after=2023-08-24T01:45:28.700673+00:00
[2023-08-23T21:45:28.707-0400] {processor.py:179} INFO - Processing /Users/mauri/Desktop/repositorio/apache-airflow-tutorial/env/lib/python3.11/site-packages/airflow/example_dags/example_setup_teardown_taskflow.py took 0.098 seconds
[2023-08-23T21:46:39.736-0400] {processor.py:157} INFO - Started process (PID=9247) to work on /Users/mauri/Desktop/repositorio/apache-airflow-tutorial/env/lib/python3.11/site-packages/airflow/example_dags/example_setup_teardown_taskflow.py
[2023-08-23T21:46:39.737-0400] {processor.py:829} INFO - Processing file /Users/mauri/Desktop/repositorio/apache-airflow-tutorial/env/lib/python3.11/site-packages/airflow/example_dags/example_setup_teardown_taskflow.py for tasks to queue
[2023-08-23T21:46:39.737-0400] {logging_mixin.py:151} INFO - [2023-08-23T21:46:39.737-0400] {dagbag.py:539} INFO - Filling up the DagBag from /Users/mauri/Desktop/repositorio/apache-airflow-tutorial/env/lib/python3.11/site-packages/airflow/example_dags/example_setup_teardown_taskflow.py
[2023-08-23T21:46:39.769-0400] {processor.py:839} INFO - DAG(s) dict_keys(['example_setup_teardown_taskflow']) retrieved from /Users/mauri/Desktop/repositorio/apache-airflow-tutorial/env/lib/python3.11/site-packages/airflow/example_dags/example_setup_teardown_taskflow.py
[2023-08-23T21:46:39.821-0400] {logging_mixin.py:151} INFO - [2023-08-23T21:46:39.821-0400] {dag.py:2907} INFO - Sync 1 DAGs
[2023-08-23T21:46:39.827-0400] {logging_mixin.py:151} INFO - [2023-08-23T21:46:39.827-0400] {dag.py:3677} INFO - Setting next_dagrun for example_setup_teardown_taskflow to 2023-08-23T01:46:39.827295+00:00, run_after=2023-08-24T01:46:39.827295+00:00
[2023-08-23T21:46:39.835-0400] {processor.py:179} INFO - Processing /Users/mauri/Desktop/repositorio/apache-airflow-tutorial/env/lib/python3.11/site-packages/airflow/example_dags/example_setup_teardown_taskflow.py took 0.099 seconds
[2023-08-23T21:47:50.247-0400] {processor.py:157} INFO - Started process (PID=9362) to work on /Users/mauri/Desktop/repositorio/apache-airflow-tutorial/env/lib/python3.11/site-packages/airflow/example_dags/example_setup_teardown_taskflow.py
[2023-08-23T21:47:50.248-0400] {processor.py:829} INFO - Processing file /Users/mauri/Desktop/repositorio/apache-airflow-tutorial/env/lib/python3.11/site-packages/airflow/example_dags/example_setup_teardown_taskflow.py for tasks to queue
[2023-08-23T21:47:50.248-0400] {logging_mixin.py:151} INFO - [2023-08-23T21:47:50.248-0400] {dagbag.py:539} INFO - Filling up the DagBag from /Users/mauri/Desktop/repositorio/apache-airflow-tutorial/env/lib/python3.11/site-packages/airflow/example_dags/example_setup_teardown_taskflow.py
[2023-08-23T21:47:50.280-0400] {processor.py:839} INFO - DAG(s) dict_keys(['example_setup_teardown_taskflow']) retrieved from /Users/mauri/Desktop/repositorio/apache-airflow-tutorial/env/lib/python3.11/site-packages/airflow/example_dags/example_setup_teardown_taskflow.py
[2023-08-23T21:47:50.332-0400] {logging_mixin.py:151} INFO - [2023-08-23T21:47:50.332-0400] {dag.py:2907} INFO - Sync 1 DAGs
[2023-08-23T21:47:50.337-0400] {logging_mixin.py:151} INFO - [2023-08-23T21:47:50.337-0400] {dag.py:3677} INFO - Setting next_dagrun for example_setup_teardown_taskflow to 2023-08-23T01:47:50.337823+00:00, run_after=2023-08-24T01:47:50.337823+00:00
[2023-08-23T21:47:50.345-0400] {processor.py:179} INFO - Processing /Users/mauri/Desktop/repositorio/apache-airflow-tutorial/env/lib/python3.11/site-packages/airflow/example_dags/example_setup_teardown_taskflow.py took 0.098 seconds
[2023-08-23T21:49:03.358-0400] {processor.py:157} INFO - Started process (PID=9455) to work on /Users/mauri/Desktop/repositorio/apache-airflow-tutorial/env/lib/python3.11/site-packages/airflow/example_dags/example_setup_teardown_taskflow.py
[2023-08-23T21:49:03.359-0400] {processor.py:829} INFO - Processing file /Users/mauri/Desktop/repositorio/apache-airflow-tutorial/env/lib/python3.11/site-packages/airflow/example_dags/example_setup_teardown_taskflow.py for tasks to queue
[2023-08-23T21:49:03.359-0400] {logging_mixin.py:151} INFO - [2023-08-23T21:49:03.359-0400] {dagbag.py:539} INFO - Filling up the DagBag from /Users/mauri/Desktop/repositorio/apache-airflow-tutorial/env/lib/python3.11/site-packages/airflow/example_dags/example_setup_teardown_taskflow.py
[2023-08-23T21:49:03.391-0400] {processor.py:839} INFO - DAG(s) dict_keys(['example_setup_teardown_taskflow']) retrieved from /Users/mauri/Desktop/repositorio/apache-airflow-tutorial/env/lib/python3.11/site-packages/airflow/example_dags/example_setup_teardown_taskflow.py
[2023-08-23T21:49:03.444-0400] {logging_mixin.py:151} INFO - [2023-08-23T21:49:03.444-0400] {dag.py:2907} INFO - Sync 1 DAGs
[2023-08-23T21:49:03.449-0400] {logging_mixin.py:151} INFO - [2023-08-23T21:49:03.449-0400] {dag.py:3677} INFO - Setting next_dagrun for example_setup_teardown_taskflow to 2023-08-23T01:49:03.449786+00:00, run_after=2023-08-24T01:49:03.449786+00:00
[2023-08-23T21:49:03.457-0400] {processor.py:179} INFO - Processing /Users/mauri/Desktop/repositorio/apache-airflow-tutorial/env/lib/python3.11/site-packages/airflow/example_dags/example_setup_teardown_taskflow.py took 0.099 seconds
[2023-08-23T21:50:18.753-0400] {processor.py:157} INFO - Started process (PID=9527) to work on /Users/mauri/Desktop/repositorio/apache-airflow-tutorial/env/lib/python3.11/site-packages/airflow/example_dags/example_setup_teardown_taskflow.py
[2023-08-23T21:50:18.755-0400] {processor.py:829} INFO - Processing file /Users/mauri/Desktop/repositorio/apache-airflow-tutorial/env/lib/python3.11/site-packages/airflow/example_dags/example_setup_teardown_taskflow.py for tasks to queue
[2023-08-23T21:50:18.756-0400] {logging_mixin.py:151} INFO - [2023-08-23T21:50:18.755-0400] {dagbag.py:539} INFO - Filling up the DagBag from /Users/mauri/Desktop/repositorio/apache-airflow-tutorial/env/lib/python3.11/site-packages/airflow/example_dags/example_setup_teardown_taskflow.py
[2023-08-23T21:50:18.788-0400] {processor.py:839} INFO - DAG(s) dict_keys(['example_setup_teardown_taskflow']) retrieved from /Users/mauri/Desktop/repositorio/apache-airflow-tutorial/env/lib/python3.11/site-packages/airflow/example_dags/example_setup_teardown_taskflow.py
[2023-08-23T21:50:18.840-0400] {logging_mixin.py:151} INFO - [2023-08-23T21:50:18.840-0400] {dag.py:2907} INFO - Sync 1 DAGs
[2023-08-23T21:50:18.846-0400] {logging_mixin.py:151} INFO - [2023-08-23T21:50:18.845-0400] {dag.py:3677} INFO - Setting next_dagrun for example_setup_teardown_taskflow to 2023-08-23T01:50:18.845909+00:00, run_after=2023-08-24T01:50:18.845909+00:00
[2023-08-23T21:50:18.853-0400] {processor.py:179} INFO - Processing /Users/mauri/Desktop/repositorio/apache-airflow-tutorial/env/lib/python3.11/site-packages/airflow/example_dags/example_setup_teardown_taskflow.py took 0.100 seconds
[2023-08-23T21:51:33.199-0400] {processor.py:157} INFO - Started process (PID=9617) to work on /Users/mauri/Desktop/repositorio/apache-airflow-tutorial/env/lib/python3.11/site-packages/airflow/example_dags/example_setup_teardown_taskflow.py
[2023-08-23T21:51:33.201-0400] {processor.py:829} INFO - Processing file /Users/mauri/Desktop/repositorio/apache-airflow-tutorial/env/lib/python3.11/site-packages/airflow/example_dags/example_setup_teardown_taskflow.py for tasks to queue
[2023-08-23T21:51:33.202-0400] {logging_mixin.py:151} INFO - [2023-08-23T21:51:33.201-0400] {dagbag.py:539} INFO - Filling up the DagBag from /Users/mauri/Desktop/repositorio/apache-airflow-tutorial/env/lib/python3.11/site-packages/airflow/example_dags/example_setup_teardown_taskflow.py
[2023-08-23T21:51:33.234-0400] {processor.py:839} INFO - DAG(s) dict_keys(['example_setup_teardown_taskflow']) retrieved from /Users/mauri/Desktop/repositorio/apache-airflow-tutorial/env/lib/python3.11/site-packages/airflow/example_dags/example_setup_teardown_taskflow.py
[2023-08-23T21:51:33.287-0400] {logging_mixin.py:151} INFO - [2023-08-23T21:51:33.286-0400] {dag.py:2907} INFO - Sync 1 DAGs
[2023-08-23T21:51:33.292-0400] {logging_mixin.py:151} INFO - [2023-08-23T21:51:33.292-0400] {dag.py:3677} INFO - Setting next_dagrun for example_setup_teardown_taskflow to 2023-08-23T01:51:33.292032+00:00, run_after=2023-08-24T01:51:33.292032+00:00
[2023-08-23T21:51:33.299-0400] {processor.py:179} INFO - Processing /Users/mauri/Desktop/repositorio/apache-airflow-tutorial/env/lib/python3.11/site-packages/airflow/example_dags/example_setup_teardown_taskflow.py took 0.100 seconds
[2023-08-23T21:52:44.282-0400] {processor.py:157} INFO - Started process (PID=9682) to work on /Users/mauri/Desktop/repositorio/apache-airflow-tutorial/env/lib/python3.11/site-packages/airflow/example_dags/example_setup_teardown_taskflow.py
[2023-08-23T21:52:44.283-0400] {processor.py:829} INFO - Processing file /Users/mauri/Desktop/repositorio/apache-airflow-tutorial/env/lib/python3.11/site-packages/airflow/example_dags/example_setup_teardown_taskflow.py for tasks to queue
[2023-08-23T21:52:44.284-0400] {logging_mixin.py:151} INFO - [2023-08-23T21:52:44.283-0400] {dagbag.py:539} INFO - Filling up the DagBag from /Users/mauri/Desktop/repositorio/apache-airflow-tutorial/env/lib/python3.11/site-packages/airflow/example_dags/example_setup_teardown_taskflow.py
[2023-08-23T21:52:44.315-0400] {processor.py:839} INFO - DAG(s) dict_keys(['example_setup_teardown_taskflow']) retrieved from /Users/mauri/Desktop/repositorio/apache-airflow-tutorial/env/lib/python3.11/site-packages/airflow/example_dags/example_setup_teardown_taskflow.py
[2023-08-23T21:52:44.367-0400] {logging_mixin.py:151} INFO - [2023-08-23T21:52:44.367-0400] {dag.py:2907} INFO - Sync 1 DAGs
[2023-08-23T21:52:44.372-0400] {logging_mixin.py:151} INFO - [2023-08-23T21:52:44.372-0400] {dag.py:3677} INFO - Setting next_dagrun for example_setup_teardown_taskflow to 2023-08-23T01:52:44.372645+00:00, run_after=2023-08-24T01:52:44.372645+00:00
[2023-08-23T21:52:44.380-0400] {processor.py:179} INFO - Processing /Users/mauri/Desktop/repositorio/apache-airflow-tutorial/env/lib/python3.11/site-packages/airflow/example_dags/example_setup_teardown_taskflow.py took 0.098 seconds
[2023-08-23T21:53:55.439-0400] {processor.py:157} INFO - Started process (PID=9751) to work on /Users/mauri/Desktop/repositorio/apache-airflow-tutorial/env/lib/python3.11/site-packages/airflow/example_dags/example_setup_teardown_taskflow.py
[2023-08-23T21:53:55.440-0400] {processor.py:829} INFO - Processing file /Users/mauri/Desktop/repositorio/apache-airflow-tutorial/env/lib/python3.11/site-packages/airflow/example_dags/example_setup_teardown_taskflow.py for tasks to queue
[2023-08-23T21:53:55.441-0400] {logging_mixin.py:151} INFO - [2023-08-23T21:53:55.441-0400] {dagbag.py:539} INFO - Filling up the DagBag from /Users/mauri/Desktop/repositorio/apache-airflow-tutorial/env/lib/python3.11/site-packages/airflow/example_dags/example_setup_teardown_taskflow.py
[2023-08-23T21:53:55.478-0400] {processor.py:839} INFO - DAG(s) dict_keys(['example_setup_teardown_taskflow']) retrieved from /Users/mauri/Desktop/repositorio/apache-airflow-tutorial/env/lib/python3.11/site-packages/airflow/example_dags/example_setup_teardown_taskflow.py
[2023-08-23T21:53:55.538-0400] {logging_mixin.py:151} INFO - [2023-08-23T21:53:55.538-0400] {dag.py:2907} INFO - Sync 1 DAGs
[2023-08-23T21:53:55.544-0400] {logging_mixin.py:151} INFO - [2023-08-23T21:53:55.544-0400] {dag.py:3677} INFO - Setting next_dagrun for example_setup_teardown_taskflow to 2023-08-23T01:53:55.544794+00:00, run_after=2023-08-24T01:53:55.544794+00:00
[2023-08-23T21:53:55.552-0400] {processor.py:179} INFO - Processing /Users/mauri/Desktop/repositorio/apache-airflow-tutorial/env/lib/python3.11/site-packages/airflow/example_dags/example_setup_teardown_taskflow.py took 0.114 seconds
[2023-08-23T21:55:06.671-0400] {processor.py:157} INFO - Started process (PID=9814) to work on /Users/mauri/Desktop/repositorio/apache-airflow-tutorial/env/lib/python3.11/site-packages/airflow/example_dags/example_setup_teardown_taskflow.py
[2023-08-23T21:55:06.672-0400] {processor.py:829} INFO - Processing file /Users/mauri/Desktop/repositorio/apache-airflow-tutorial/env/lib/python3.11/site-packages/airflow/example_dags/example_setup_teardown_taskflow.py for tasks to queue
[2023-08-23T21:55:06.672-0400] {logging_mixin.py:151} INFO - [2023-08-23T21:55:06.672-0400] {dagbag.py:539} INFO - Filling up the DagBag from /Users/mauri/Desktop/repositorio/apache-airflow-tutorial/env/lib/python3.11/site-packages/airflow/example_dags/example_setup_teardown_taskflow.py
[2023-08-23T21:55:06.706-0400] {processor.py:839} INFO - DAG(s) dict_keys(['example_setup_teardown_taskflow']) retrieved from /Users/mauri/Desktop/repositorio/apache-airflow-tutorial/env/lib/python3.11/site-packages/airflow/example_dags/example_setup_teardown_taskflow.py
[2023-08-23T21:55:06.759-0400] {logging_mixin.py:151} INFO - [2023-08-23T21:55:06.759-0400] {dag.py:2907} INFO - Sync 1 DAGs
[2023-08-23T21:55:06.765-0400] {logging_mixin.py:151} INFO - [2023-08-23T21:55:06.764-0400] {dag.py:3677} INFO - Setting next_dagrun for example_setup_teardown_taskflow to 2023-08-23T01:55:06.764904+00:00, run_after=2023-08-24T01:55:06.764904+00:00
[2023-08-23T21:55:06.772-0400] {processor.py:179} INFO - Processing /Users/mauri/Desktop/repositorio/apache-airflow-tutorial/env/lib/python3.11/site-packages/airflow/example_dags/example_setup_teardown_taskflow.py took 0.102 seconds
[2023-08-23T21:56:19.832-0400] {processor.py:157} INFO - Started process (PID=9887) to work on /Users/mauri/Desktop/repositorio/apache-airflow-tutorial/env/lib/python3.11/site-packages/airflow/example_dags/example_setup_teardown_taskflow.py
[2023-08-23T21:56:19.834-0400] {processor.py:829} INFO - Processing file /Users/mauri/Desktop/repositorio/apache-airflow-tutorial/env/lib/python3.11/site-packages/airflow/example_dags/example_setup_teardown_taskflow.py for tasks to queue
[2023-08-23T21:56:19.834-0400] {logging_mixin.py:151} INFO - [2023-08-23T21:56:19.834-0400] {dagbag.py:539} INFO - Filling up the DagBag from /Users/mauri/Desktop/repositorio/apache-airflow-tutorial/env/lib/python3.11/site-packages/airflow/example_dags/example_setup_teardown_taskflow.py
[2023-08-23T21:56:19.867-0400] {processor.py:839} INFO - DAG(s) dict_keys(['example_setup_teardown_taskflow']) retrieved from /Users/mauri/Desktop/repositorio/apache-airflow-tutorial/env/lib/python3.11/site-packages/airflow/example_dags/example_setup_teardown_taskflow.py
[2023-08-23T21:56:19.924-0400] {logging_mixin.py:151} INFO - [2023-08-23T21:56:19.924-0400] {dag.py:2907} INFO - Sync 1 DAGs
[2023-08-23T21:56:19.929-0400] {logging_mixin.py:151} INFO - [2023-08-23T21:56:19.929-0400] {dag.py:3677} INFO - Setting next_dagrun for example_setup_teardown_taskflow to 2023-08-23T01:56:19.929447+00:00, run_after=2023-08-24T01:56:19.929447+00:00
[2023-08-23T21:56:19.937-0400] {processor.py:179} INFO - Processing /Users/mauri/Desktop/repositorio/apache-airflow-tutorial/env/lib/python3.11/site-packages/airflow/example_dags/example_setup_teardown_taskflow.py took 0.105 seconds
[2023-08-23T21:57:36.166-0400] {processor.py:157} INFO - Started process (PID=9952) to work on /Users/mauri/Desktop/repositorio/apache-airflow-tutorial/env/lib/python3.11/site-packages/airflow/example_dags/example_setup_teardown_taskflow.py
[2023-08-23T21:57:36.168-0400] {processor.py:829} INFO - Processing file /Users/mauri/Desktop/repositorio/apache-airflow-tutorial/env/lib/python3.11/site-packages/airflow/example_dags/example_setup_teardown_taskflow.py for tasks to queue
[2023-08-23T21:57:36.168-0400] {logging_mixin.py:151} INFO - [2023-08-23T21:57:36.168-0400] {dagbag.py:539} INFO - Filling up the DagBag from /Users/mauri/Desktop/repositorio/apache-airflow-tutorial/env/lib/python3.11/site-packages/airflow/example_dags/example_setup_teardown_taskflow.py
[2023-08-23T21:57:36.202-0400] {processor.py:839} INFO - DAG(s) dict_keys(['example_setup_teardown_taskflow']) retrieved from /Users/mauri/Desktop/repositorio/apache-airflow-tutorial/env/lib/python3.11/site-packages/airflow/example_dags/example_setup_teardown_taskflow.py
[2023-08-23T21:57:36.256-0400] {logging_mixin.py:151} INFO - [2023-08-23T21:57:36.256-0400] {dag.py:2907} INFO - Sync 1 DAGs
[2023-08-23T21:57:36.262-0400] {logging_mixin.py:151} INFO - [2023-08-23T21:57:36.261-0400] {dag.py:3677} INFO - Setting next_dagrun for example_setup_teardown_taskflow to 2023-08-23T01:57:36.261897+00:00, run_after=2023-08-24T01:57:36.261897+00:00
[2023-08-23T21:57:36.269-0400] {processor.py:179} INFO - Processing /Users/mauri/Desktop/repositorio/apache-airflow-tutorial/env/lib/python3.11/site-packages/airflow/example_dags/example_setup_teardown_taskflow.py took 0.103 seconds
[2023-08-23T21:58:50.920-0400] {processor.py:157} INFO - Started process (PID=10015) to work on /Users/mauri/Desktop/repositorio/apache-airflow-tutorial/env/lib/python3.11/site-packages/airflow/example_dags/example_setup_teardown_taskflow.py
[2023-08-23T21:58:50.921-0400] {processor.py:829} INFO - Processing file /Users/mauri/Desktop/repositorio/apache-airflow-tutorial/env/lib/python3.11/site-packages/airflow/example_dags/example_setup_teardown_taskflow.py for tasks to queue
[2023-08-23T21:58:50.921-0400] {logging_mixin.py:151} INFO - [2023-08-23T21:58:50.921-0400] {dagbag.py:539} INFO - Filling up the DagBag from /Users/mauri/Desktop/repositorio/apache-airflow-tutorial/env/lib/python3.11/site-packages/airflow/example_dags/example_setup_teardown_taskflow.py
[2023-08-23T21:58:50.953-0400] {processor.py:839} INFO - DAG(s) dict_keys(['example_setup_teardown_taskflow']) retrieved from /Users/mauri/Desktop/repositorio/apache-airflow-tutorial/env/lib/python3.11/site-packages/airflow/example_dags/example_setup_teardown_taskflow.py
[2023-08-23T21:58:51.007-0400] {logging_mixin.py:151} INFO - [2023-08-23T21:58:51.007-0400] {dag.py:2907} INFO - Sync 1 DAGs
[2023-08-23T21:58:51.012-0400] {logging_mixin.py:151} INFO - [2023-08-23T21:58:51.012-0400] {dag.py:3677} INFO - Setting next_dagrun for example_setup_teardown_taskflow to 2023-08-23T01:58:51.012870+00:00, run_after=2023-08-24T01:58:51.012870+00:00
[2023-08-23T21:58:51.020-0400] {processor.py:179} INFO - Processing /Users/mauri/Desktop/repositorio/apache-airflow-tutorial/env/lib/python3.11/site-packages/airflow/example_dags/example_setup_teardown_taskflow.py took 0.101 seconds
[2023-08-23T22:00:05.531-0400] {processor.py:157} INFO - Started process (PID=10086) to work on /Users/mauri/Desktop/repositorio/apache-airflow-tutorial/env/lib/python3.11/site-packages/airflow/example_dags/example_setup_teardown_taskflow.py
[2023-08-23T22:00:05.533-0400] {processor.py:829} INFO - Processing file /Users/mauri/Desktop/repositorio/apache-airflow-tutorial/env/lib/python3.11/site-packages/airflow/example_dags/example_setup_teardown_taskflow.py for tasks to queue
[2023-08-23T22:00:05.533-0400] {logging_mixin.py:151} INFO - [2023-08-23T22:00:05.533-0400] {dagbag.py:539} INFO - Filling up the DagBag from /Users/mauri/Desktop/repositorio/apache-airflow-tutorial/env/lib/python3.11/site-packages/airflow/example_dags/example_setup_teardown_taskflow.py
[2023-08-23T22:00:05.565-0400] {processor.py:839} INFO - DAG(s) dict_keys(['example_setup_teardown_taskflow']) retrieved from /Users/mauri/Desktop/repositorio/apache-airflow-tutorial/env/lib/python3.11/site-packages/airflow/example_dags/example_setup_teardown_taskflow.py
[2023-08-23T22:00:05.617-0400] {logging_mixin.py:151} INFO - [2023-08-23T22:00:05.617-0400] {dag.py:2907} INFO - Sync 1 DAGs
[2023-08-23T22:00:05.623-0400] {logging_mixin.py:151} INFO - [2023-08-23T22:00:05.623-0400] {dag.py:3677} INFO - Setting next_dagrun for example_setup_teardown_taskflow to 2023-08-23T02:00:05.623128+00:00, run_after=2023-08-24T02:00:05.623128+00:00
[2023-08-23T22:00:05.630-0400] {processor.py:179} INFO - Processing /Users/mauri/Desktop/repositorio/apache-airflow-tutorial/env/lib/python3.11/site-packages/airflow/example_dags/example_setup_teardown_taskflow.py took 0.099 seconds
