[2023-08-23T21:34:58.720-0400] {processor.py:157} INFO - Started process (PID=8539) to work on /Users/mauri/Desktop/repositorio/apache-airflow-tutorial/env/lib/python3.11/site-packages/airflow/example_dags/example_complex.py
[2023-08-23T21:34:58.721-0400] {processor.py:829} INFO - Processing file /Users/mauri/Desktop/repositorio/apache-airflow-tutorial/env/lib/python3.11/site-packages/airflow/example_dags/example_complex.py for tasks to queue
[2023-08-23T21:34:58.722-0400] {logging_mixin.py:151} INFO - [2023-08-23T21:34:58.722-0400] {dagbag.py:539} INFO - Filling up the DagBag from /Users/mauri/Desktop/repositorio/apache-airflow-tutorial/env/lib/python3.11/site-packages/airflow/example_dags/example_complex.py
[2023-08-23T21:34:58.731-0400] {processor.py:839} INFO - DAG(s) dict_keys(['example_complex']) retrieved from /Users/mauri/Desktop/repositorio/apache-airflow-tutorial/env/lib/python3.11/site-packages/airflow/example_dags/example_complex.py
[2023-08-23T21:34:59.047-0400] {logging_mixin.py:151} INFO - [2023-08-23T21:34:59.047-0400] {manager.py:501} INFO - Created Permission View: can read on DAG:example_complex
[2023-08-23T21:34:59.050-0400] {logging_mixin.py:151} INFO - [2023-08-23T21:34:59.050-0400] {manager.py:501} INFO - Created Permission View: can delete on DAG:example_complex
[2023-08-23T21:34:59.052-0400] {logging_mixin.py:151} INFO - [2023-08-23T21:34:59.052-0400] {manager.py:501} INFO - Created Permission View: can edit on DAG:example_complex
[2023-08-23T21:34:59.056-0400] {logging_mixin.py:151} INFO - [2023-08-23T21:34:59.056-0400] {dag.py:2907} INFO - Sync 1 DAGs
[2023-08-23T21:34:59.059-0400] {logging_mixin.py:151} INFO - [2023-08-23T21:34:59.059-0400] {dag.py:2929} INFO - Creating ORM DAG for example_complex
[2023-08-23T21:34:59.059-0400] {logging_mixin.py:151} INFO - [2023-08-23T21:34:59.059-0400] {dag.py:3677} INFO - Setting next_dagrun for example_complex to None, run_after=None
[2023-08-23T21:34:59.065-0400] {processor.py:179} INFO - Processing /Users/mauri/Desktop/repositorio/apache-airflow-tutorial/env/lib/python3.11/site-packages/airflow/example_dags/example_complex.py took 0.345 seconds
[2023-08-23T21:36:19.162-0400] {processor.py:157} INFO - Started process (PID=8612) to work on /Users/mauri/Desktop/repositorio/apache-airflow-tutorial/env/lib/python3.11/site-packages/airflow/example_dags/example_complex.py
[2023-08-23T21:36:19.164-0400] {processor.py:829} INFO - Processing file /Users/mauri/Desktop/repositorio/apache-airflow-tutorial/env/lib/python3.11/site-packages/airflow/example_dags/example_complex.py for tasks to queue
[2023-08-23T21:36:19.165-0400] {logging_mixin.py:151} INFO - [2023-08-23T21:36:19.164-0400] {dagbag.py:539} INFO - Filling up the DagBag from /Users/mauri/Desktop/repositorio/apache-airflow-tutorial/env/lib/python3.11/site-packages/airflow/example_dags/example_complex.py
[2023-08-23T21:36:19.173-0400] {processor.py:839} INFO - DAG(s) dict_keys(['example_complex']) retrieved from /Users/mauri/Desktop/repositorio/apache-airflow-tutorial/env/lib/python3.11/site-packages/airflow/example_dags/example_complex.py
[2023-08-23T21:36:19.245-0400] {logging_mixin.py:151} INFO - [2023-08-23T21:36:19.245-0400] {dag.py:2907} INFO - Sync 1 DAGs
[2023-08-23T21:36:19.248-0400] {logging_mixin.py:151} INFO - [2023-08-23T21:36:19.248-0400] {dag.py:3677} INFO - Setting next_dagrun for example_complex to None, run_after=None
[2023-08-23T21:36:19.254-0400] {processor.py:179} INFO - Processing /Users/mauri/Desktop/repositorio/apache-airflow-tutorial/env/lib/python3.11/site-packages/airflow/example_dags/example_complex.py took 0.092 seconds
[2023-08-23T21:37:34.137-0400] {processor.py:157} INFO - Started process (PID=8673) to work on /Users/mauri/Desktop/repositorio/apache-airflow-tutorial/env/lib/python3.11/site-packages/airflow/example_dags/example_complex.py
[2023-08-23T21:37:34.140-0400] {processor.py:829} INFO - Processing file /Users/mauri/Desktop/repositorio/apache-airflow-tutorial/env/lib/python3.11/site-packages/airflow/example_dags/example_complex.py for tasks to queue
[2023-08-23T21:37:34.140-0400] {logging_mixin.py:151} INFO - [2023-08-23T21:37:34.140-0400] {dagbag.py:539} INFO - Filling up the DagBag from /Users/mauri/Desktop/repositorio/apache-airflow-tutorial/env/lib/python3.11/site-packages/airflow/example_dags/example_complex.py
[2023-08-23T21:37:34.148-0400] {processor.py:839} INFO - DAG(s) dict_keys(['example_complex']) retrieved from /Users/mauri/Desktop/repositorio/apache-airflow-tutorial/env/lib/python3.11/site-packages/airflow/example_dags/example_complex.py
[2023-08-23T21:37:34.221-0400] {logging_mixin.py:151} INFO - [2023-08-23T21:37:34.221-0400] {dag.py:2907} INFO - Sync 1 DAGs
[2023-08-23T21:37:34.224-0400] {logging_mixin.py:151} INFO - [2023-08-23T21:37:34.224-0400] {dag.py:3677} INFO - Setting next_dagrun for example_complex to None, run_after=None
[2023-08-23T21:37:34.230-0400] {processor.py:179} INFO - Processing /Users/mauri/Desktop/repositorio/apache-airflow-tutorial/env/lib/python3.11/site-packages/airflow/example_dags/example_complex.py took 0.093 seconds
[2023-08-23T21:38:48.602-0400] {processor.py:157} INFO - Started process (PID=8744) to work on /Users/mauri/Desktop/repositorio/apache-airflow-tutorial/env/lib/python3.11/site-packages/airflow/example_dags/example_complex.py
[2023-08-23T21:38:48.604-0400] {processor.py:829} INFO - Processing file /Users/mauri/Desktop/repositorio/apache-airflow-tutorial/env/lib/python3.11/site-packages/airflow/example_dags/example_complex.py for tasks to queue
[2023-08-23T21:38:48.604-0400] {logging_mixin.py:151} INFO - [2023-08-23T21:38:48.604-0400] {dagbag.py:539} INFO - Filling up the DagBag from /Users/mauri/Desktop/repositorio/apache-airflow-tutorial/env/lib/python3.11/site-packages/airflow/example_dags/example_complex.py
[2023-08-23T21:38:48.613-0400] {processor.py:839} INFO - DAG(s) dict_keys(['example_complex']) retrieved from /Users/mauri/Desktop/repositorio/apache-airflow-tutorial/env/lib/python3.11/site-packages/airflow/example_dags/example_complex.py
[2023-08-23T21:38:48.693-0400] {logging_mixin.py:151} INFO - [2023-08-23T21:38:48.693-0400] {dag.py:2907} INFO - Sync 1 DAGs
[2023-08-23T21:38:48.697-0400] {logging_mixin.py:151} INFO - [2023-08-23T21:38:48.696-0400] {dag.py:3677} INFO - Setting next_dagrun for example_complex to None, run_after=None
[2023-08-23T21:38:48.703-0400] {processor.py:179} INFO - Processing /Users/mauri/Desktop/repositorio/apache-airflow-tutorial/env/lib/python3.11/site-packages/airflow/example_dags/example_complex.py took 0.102 seconds
[2023-08-23T21:40:04.150-0400] {processor.py:157} INFO - Started process (PID=8809) to work on /Users/mauri/Desktop/repositorio/apache-airflow-tutorial/env/lib/python3.11/site-packages/airflow/example_dags/example_complex.py
[2023-08-23T21:40:04.152-0400] {processor.py:829} INFO - Processing file /Users/mauri/Desktop/repositorio/apache-airflow-tutorial/env/lib/python3.11/site-packages/airflow/example_dags/example_complex.py for tasks to queue
[2023-08-23T21:40:04.152-0400] {logging_mixin.py:151} INFO - [2023-08-23T21:40:04.152-0400] {dagbag.py:539} INFO - Filling up the DagBag from /Users/mauri/Desktop/repositorio/apache-airflow-tutorial/env/lib/python3.11/site-packages/airflow/example_dags/example_complex.py
[2023-08-23T21:40:04.160-0400] {processor.py:839} INFO - DAG(s) dict_keys(['example_complex']) retrieved from /Users/mauri/Desktop/repositorio/apache-airflow-tutorial/env/lib/python3.11/site-packages/airflow/example_dags/example_complex.py
[2023-08-23T21:40:04.235-0400] {logging_mixin.py:151} INFO - [2023-08-23T21:40:04.235-0400] {dag.py:2907} INFO - Sync 1 DAGs
[2023-08-23T21:40:04.238-0400] {logging_mixin.py:151} INFO - [2023-08-23T21:40:04.238-0400] {dag.py:3677} INFO - Setting next_dagrun for example_complex to None, run_after=None
[2023-08-23T21:40:04.244-0400] {processor.py:179} INFO - Processing /Users/mauri/Desktop/repositorio/apache-airflow-tutorial/env/lib/python3.11/site-packages/airflow/example_dags/example_complex.py took 0.094 seconds
[2023-08-23T21:41:17.268-0400] {processor.py:157} INFO - Started process (PID=8865) to work on /Users/mauri/Desktop/repositorio/apache-airflow-tutorial/env/lib/python3.11/site-packages/airflow/example_dags/example_complex.py
[2023-08-23T21:41:17.269-0400] {processor.py:829} INFO - Processing file /Users/mauri/Desktop/repositorio/apache-airflow-tutorial/env/lib/python3.11/site-packages/airflow/example_dags/example_complex.py for tasks to queue
[2023-08-23T21:41:17.270-0400] {logging_mixin.py:151} INFO - [2023-08-23T21:41:17.269-0400] {dagbag.py:539} INFO - Filling up the DagBag from /Users/mauri/Desktop/repositorio/apache-airflow-tutorial/env/lib/python3.11/site-packages/airflow/example_dags/example_complex.py
[2023-08-23T21:41:17.279-0400] {processor.py:839} INFO - DAG(s) dict_keys(['example_complex']) retrieved from /Users/mauri/Desktop/repositorio/apache-airflow-tutorial/env/lib/python3.11/site-packages/airflow/example_dags/example_complex.py
[2023-08-23T21:41:17.361-0400] {logging_mixin.py:151} INFO - [2023-08-23T21:41:17.361-0400] {dag.py:2907} INFO - Sync 1 DAGs
[2023-08-23T21:41:17.364-0400] {logging_mixin.py:151} INFO - [2023-08-23T21:41:17.364-0400] {dag.py:3677} INFO - Setting next_dagrun for example_complex to None, run_after=None
[2023-08-23T21:41:17.370-0400] {processor.py:179} INFO - Processing /Users/mauri/Desktop/repositorio/apache-airflow-tutorial/env/lib/python3.11/site-packages/airflow/example_dags/example_complex.py took 0.103 seconds
[2023-08-23T21:42:30.106-0400] {processor.py:157} INFO - Started process (PID=8928) to work on /Users/mauri/Desktop/repositorio/apache-airflow-tutorial/env/lib/python3.11/site-packages/airflow/example_dags/example_complex.py
[2023-08-23T21:42:30.107-0400] {processor.py:829} INFO - Processing file /Users/mauri/Desktop/repositorio/apache-airflow-tutorial/env/lib/python3.11/site-packages/airflow/example_dags/example_complex.py for tasks to queue
[2023-08-23T21:42:30.107-0400] {logging_mixin.py:151} INFO - [2023-08-23T21:42:30.107-0400] {dagbag.py:539} INFO - Filling up the DagBag from /Users/mauri/Desktop/repositorio/apache-airflow-tutorial/env/lib/python3.11/site-packages/airflow/example_dags/example_complex.py
[2023-08-23T21:42:30.116-0400] {processor.py:839} INFO - DAG(s) dict_keys(['example_complex']) retrieved from /Users/mauri/Desktop/repositorio/apache-airflow-tutorial/env/lib/python3.11/site-packages/airflow/example_dags/example_complex.py
[2023-08-23T21:42:30.189-0400] {logging_mixin.py:151} INFO - [2023-08-23T21:42:30.189-0400] {dag.py:2907} INFO - Sync 1 DAGs
[2023-08-23T21:42:30.192-0400] {logging_mixin.py:151} INFO - [2023-08-23T21:42:30.192-0400] {dag.py:3677} INFO - Setting next_dagrun for example_complex to None, run_after=None
[2023-08-23T21:42:30.200-0400] {processor.py:179} INFO - Processing /Users/mauri/Desktop/repositorio/apache-airflow-tutorial/env/lib/python3.11/site-packages/airflow/example_dags/example_complex.py took 0.094 seconds
[2023-08-23T21:43:40.731-0400] {processor.py:157} INFO - Started process (PID=8989) to work on /Users/mauri/Desktop/repositorio/apache-airflow-tutorial/env/lib/python3.11/site-packages/airflow/example_dags/example_complex.py
[2023-08-23T21:43:40.732-0400] {processor.py:829} INFO - Processing file /Users/mauri/Desktop/repositorio/apache-airflow-tutorial/env/lib/python3.11/site-packages/airflow/example_dags/example_complex.py for tasks to queue
[2023-08-23T21:43:40.733-0400] {logging_mixin.py:151} INFO - [2023-08-23T21:43:40.733-0400] {dagbag.py:539} INFO - Filling up the DagBag from /Users/mauri/Desktop/repositorio/apache-airflow-tutorial/env/lib/python3.11/site-packages/airflow/example_dags/example_complex.py
[2023-08-23T21:43:40.742-0400] {processor.py:839} INFO - DAG(s) dict_keys(['example_complex']) retrieved from /Users/mauri/Desktop/repositorio/apache-airflow-tutorial/env/lib/python3.11/site-packages/airflow/example_dags/example_complex.py
[2023-08-23T21:43:40.817-0400] {logging_mixin.py:151} INFO - [2023-08-23T21:43:40.817-0400] {dag.py:2907} INFO - Sync 1 DAGs
[2023-08-23T21:43:40.820-0400] {logging_mixin.py:151} INFO - [2023-08-23T21:43:40.820-0400] {dag.py:3677} INFO - Setting next_dagrun for example_complex to None, run_after=None
[2023-08-23T21:43:40.827-0400] {processor.py:179} INFO - Processing /Users/mauri/Desktop/repositorio/apache-airflow-tutorial/env/lib/python3.11/site-packages/airflow/example_dags/example_complex.py took 0.096 seconds
[2023-08-23T21:44:53.168-0400] {processor.py:157} INFO - Started process (PID=9067) to work on /Users/mauri/Desktop/repositorio/apache-airflow-tutorial/env/lib/python3.11/site-packages/airflow/example_dags/example_complex.py
[2023-08-23T21:44:53.170-0400] {processor.py:829} INFO - Processing file /Users/mauri/Desktop/repositorio/apache-airflow-tutorial/env/lib/python3.11/site-packages/airflow/example_dags/example_complex.py for tasks to queue
[2023-08-23T21:44:53.170-0400] {logging_mixin.py:151} INFO - [2023-08-23T21:44:53.170-0400] {dagbag.py:539} INFO - Filling up the DagBag from /Users/mauri/Desktop/repositorio/apache-airflow-tutorial/env/lib/python3.11/site-packages/airflow/example_dags/example_complex.py
[2023-08-23T21:44:53.178-0400] {processor.py:839} INFO - DAG(s) dict_keys(['example_complex']) retrieved from /Users/mauri/Desktop/repositorio/apache-airflow-tutorial/env/lib/python3.11/site-packages/airflow/example_dags/example_complex.py
[2023-08-23T21:44:53.250-0400] {logging_mixin.py:151} INFO - [2023-08-23T21:44:53.250-0400] {dag.py:2907} INFO - Sync 1 DAGs
[2023-08-23T21:44:53.253-0400] {logging_mixin.py:151} INFO - [2023-08-23T21:44:53.253-0400] {dag.py:3677} INFO - Setting next_dagrun for example_complex to None, run_after=None
[2023-08-23T21:44:53.260-0400] {processor.py:179} INFO - Processing /Users/mauri/Desktop/repositorio/apache-airflow-tutorial/env/lib/python3.11/site-packages/airflow/example_dags/example_complex.py took 0.092 seconds
[2023-08-23T21:46:06.178-0400] {processor.py:157} INFO - Started process (PID=9185) to work on /Users/mauri/Desktop/repositorio/apache-airflow-tutorial/env/lib/python3.11/site-packages/airflow/example_dags/example_complex.py
[2023-08-23T21:46:06.180-0400] {processor.py:829} INFO - Processing file /Users/mauri/Desktop/repositorio/apache-airflow-tutorial/env/lib/python3.11/site-packages/airflow/example_dags/example_complex.py for tasks to queue
[2023-08-23T21:46:06.180-0400] {logging_mixin.py:151} INFO - [2023-08-23T21:46:06.180-0400] {dagbag.py:539} INFO - Filling up the DagBag from /Users/mauri/Desktop/repositorio/apache-airflow-tutorial/env/lib/python3.11/site-packages/airflow/example_dags/example_complex.py
[2023-08-23T21:46:06.188-0400] {processor.py:839} INFO - DAG(s) dict_keys(['example_complex']) retrieved from /Users/mauri/Desktop/repositorio/apache-airflow-tutorial/env/lib/python3.11/site-packages/airflow/example_dags/example_complex.py
[2023-08-23T21:46:06.259-0400] {logging_mixin.py:151} INFO - [2023-08-23T21:46:06.259-0400] {dag.py:2907} INFO - Sync 1 DAGs
[2023-08-23T21:46:06.262-0400] {logging_mixin.py:151} INFO - [2023-08-23T21:46:06.262-0400] {dag.py:3677} INFO - Setting next_dagrun for example_complex to None, run_after=None
[2023-08-23T21:46:06.269-0400] {processor.py:179} INFO - Processing /Users/mauri/Desktop/repositorio/apache-airflow-tutorial/env/lib/python3.11/site-packages/airflow/example_dags/example_complex.py took 0.091 seconds
[2023-08-23T21:47:15.116-0400] {processor.py:157} INFO - Started process (PID=9307) to work on /Users/mauri/Desktop/repositorio/apache-airflow-tutorial/env/lib/python3.11/site-packages/airflow/example_dags/example_complex.py
[2023-08-23T21:47:15.117-0400] {processor.py:829} INFO - Processing file /Users/mauri/Desktop/repositorio/apache-airflow-tutorial/env/lib/python3.11/site-packages/airflow/example_dags/example_complex.py for tasks to queue
[2023-08-23T21:47:15.117-0400] {logging_mixin.py:151} INFO - [2023-08-23T21:47:15.117-0400] {dagbag.py:539} INFO - Filling up the DagBag from /Users/mauri/Desktop/repositorio/apache-airflow-tutorial/env/lib/python3.11/site-packages/airflow/example_dags/example_complex.py
[2023-08-23T21:47:15.125-0400] {processor.py:839} INFO - DAG(s) dict_keys(['example_complex']) retrieved from /Users/mauri/Desktop/repositorio/apache-airflow-tutorial/env/lib/python3.11/site-packages/airflow/example_dags/example_complex.py
[2023-08-23T21:47:15.197-0400] {logging_mixin.py:151} INFO - [2023-08-23T21:47:15.197-0400] {dag.py:2907} INFO - Sync 1 DAGs
[2023-08-23T21:47:15.200-0400] {logging_mixin.py:151} INFO - [2023-08-23T21:47:15.200-0400] {dag.py:3677} INFO - Setting next_dagrun for example_complex to None, run_after=None
[2023-08-23T21:47:15.207-0400] {processor.py:179} INFO - Processing /Users/mauri/Desktop/repositorio/apache-airflow-tutorial/env/lib/python3.11/site-packages/airflow/example_dags/example_complex.py took 0.091 seconds
[2023-08-23T21:48:28.101-0400] {processor.py:157} INFO - Started process (PID=9421) to work on /Users/mauri/Desktop/repositorio/apache-airflow-tutorial/env/lib/python3.11/site-packages/airflow/example_dags/example_complex.py
[2023-08-23T21:48:28.102-0400] {processor.py:829} INFO - Processing file /Users/mauri/Desktop/repositorio/apache-airflow-tutorial/env/lib/python3.11/site-packages/airflow/example_dags/example_complex.py for tasks to queue
[2023-08-23T21:48:28.102-0400] {logging_mixin.py:151} INFO - [2023-08-23T21:48:28.102-0400] {dagbag.py:539} INFO - Filling up the DagBag from /Users/mauri/Desktop/repositorio/apache-airflow-tutorial/env/lib/python3.11/site-packages/airflow/example_dags/example_complex.py
[2023-08-23T21:48:28.111-0400] {processor.py:839} INFO - DAG(s) dict_keys(['example_complex']) retrieved from /Users/mauri/Desktop/repositorio/apache-airflow-tutorial/env/lib/python3.11/site-packages/airflow/example_dags/example_complex.py
[2023-08-23T21:48:28.189-0400] {logging_mixin.py:151} INFO - [2023-08-23T21:48:28.189-0400] {dag.py:2907} INFO - Sync 1 DAGs
[2023-08-23T21:48:28.192-0400] {logging_mixin.py:151} INFO - [2023-08-23T21:48:28.192-0400] {dag.py:3677} INFO - Setting next_dagrun for example_complex to None, run_after=None
[2023-08-23T21:48:28.200-0400] {processor.py:179} INFO - Processing /Users/mauri/Desktop/repositorio/apache-airflow-tutorial/env/lib/python3.11/site-packages/airflow/example_dags/example_complex.py took 0.099 seconds
[2023-08-23T21:49:41.051-0400] {processor.py:157} INFO - Started process (PID=9488) to work on /Users/mauri/Desktop/repositorio/apache-airflow-tutorial/env/lib/python3.11/site-packages/airflow/example_dags/example_complex.py
[2023-08-23T21:49:41.052-0400] {processor.py:829} INFO - Processing file /Users/mauri/Desktop/repositorio/apache-airflow-tutorial/env/lib/python3.11/site-packages/airflow/example_dags/example_complex.py for tasks to queue
[2023-08-23T21:49:41.052-0400] {logging_mixin.py:151} INFO - [2023-08-23T21:49:41.052-0400] {dagbag.py:539} INFO - Filling up the DagBag from /Users/mauri/Desktop/repositorio/apache-airflow-tutorial/env/lib/python3.11/site-packages/airflow/example_dags/example_complex.py
[2023-08-23T21:49:41.061-0400] {processor.py:839} INFO - DAG(s) dict_keys(['example_complex']) retrieved from /Users/mauri/Desktop/repositorio/apache-airflow-tutorial/env/lib/python3.11/site-packages/airflow/example_dags/example_complex.py
[2023-08-23T21:49:41.140-0400] {logging_mixin.py:151} INFO - [2023-08-23T21:49:41.140-0400] {dag.py:2907} INFO - Sync 1 DAGs
[2023-08-23T21:49:41.144-0400] {logging_mixin.py:151} INFO - [2023-08-23T21:49:41.143-0400] {dag.py:3677} INFO - Setting next_dagrun for example_complex to None, run_after=None
[2023-08-23T21:49:41.151-0400] {processor.py:179} INFO - Processing /Users/mauri/Desktop/repositorio/apache-airflow-tutorial/env/lib/python3.11/site-packages/airflow/example_dags/example_complex.py took 0.101 seconds
[2023-08-23T21:50:57.383-0400] {processor.py:157} INFO - Started process (PID=9556) to work on /Users/mauri/Desktop/repositorio/apache-airflow-tutorial/env/lib/python3.11/site-packages/airflow/example_dags/example_complex.py
[2023-08-23T21:50:57.385-0400] {processor.py:829} INFO - Processing file /Users/mauri/Desktop/repositorio/apache-airflow-tutorial/env/lib/python3.11/site-packages/airflow/example_dags/example_complex.py for tasks to queue
[2023-08-23T21:50:57.386-0400] {logging_mixin.py:151} INFO - [2023-08-23T21:50:57.385-0400] {dagbag.py:539} INFO - Filling up the DagBag from /Users/mauri/Desktop/repositorio/apache-airflow-tutorial/env/lib/python3.11/site-packages/airflow/example_dags/example_complex.py
[2023-08-23T21:50:57.394-0400] {processor.py:839} INFO - DAG(s) dict_keys(['example_complex']) retrieved from /Users/mauri/Desktop/repositorio/apache-airflow-tutorial/env/lib/python3.11/site-packages/airflow/example_dags/example_complex.py
[2023-08-23T21:50:57.467-0400] {logging_mixin.py:151} INFO - [2023-08-23T21:50:57.467-0400] {dag.py:2907} INFO - Sync 1 DAGs
[2023-08-23T21:50:57.470-0400] {logging_mixin.py:151} INFO - [2023-08-23T21:50:57.470-0400] {dag.py:3677} INFO - Setting next_dagrun for example_complex to None, run_after=None
[2023-08-23T21:50:57.477-0400] {processor.py:179} INFO - Processing /Users/mauri/Desktop/repositorio/apache-airflow-tutorial/env/lib/python3.11/site-packages/airflow/example_dags/example_complex.py took 0.094 seconds
[2023-08-23T21:52:10.656-0400] {processor.py:157} INFO - Started process (PID=9656) to work on /Users/mauri/Desktop/repositorio/apache-airflow-tutorial/env/lib/python3.11/site-packages/airflow/example_dags/example_complex.py
[2023-08-23T21:52:10.658-0400] {processor.py:829} INFO - Processing file /Users/mauri/Desktop/repositorio/apache-airflow-tutorial/env/lib/python3.11/site-packages/airflow/example_dags/example_complex.py for tasks to queue
[2023-08-23T21:52:10.658-0400] {logging_mixin.py:151} INFO - [2023-08-23T21:52:10.658-0400] {dagbag.py:539} INFO - Filling up the DagBag from /Users/mauri/Desktop/repositorio/apache-airflow-tutorial/env/lib/python3.11/site-packages/airflow/example_dags/example_complex.py
[2023-08-23T21:52:10.666-0400] {processor.py:839} INFO - DAG(s) dict_keys(['example_complex']) retrieved from /Users/mauri/Desktop/repositorio/apache-airflow-tutorial/env/lib/python3.11/site-packages/airflow/example_dags/example_complex.py
[2023-08-23T21:52:10.739-0400] {logging_mixin.py:151} INFO - [2023-08-23T21:52:10.739-0400] {dag.py:2907} INFO - Sync 1 DAGs
[2023-08-23T21:52:10.742-0400] {logging_mixin.py:151} INFO - [2023-08-23T21:52:10.742-0400] {dag.py:3677} INFO - Setting next_dagrun for example_complex to None, run_after=None
[2023-08-23T21:52:10.748-0400] {processor.py:179} INFO - Processing /Users/mauri/Desktop/repositorio/apache-airflow-tutorial/env/lib/python3.11/site-packages/airflow/example_dags/example_complex.py took 0.092 seconds
[2023-08-23T21:53:20.087-0400] {processor.py:157} INFO - Started process (PID=9720) to work on /Users/mauri/Desktop/repositorio/apache-airflow-tutorial/env/lib/python3.11/site-packages/airflow/example_dags/example_complex.py
[2023-08-23T21:53:20.088-0400] {processor.py:829} INFO - Processing file /Users/mauri/Desktop/repositorio/apache-airflow-tutorial/env/lib/python3.11/site-packages/airflow/example_dags/example_complex.py for tasks to queue
[2023-08-23T21:53:20.088-0400] {logging_mixin.py:151} INFO - [2023-08-23T21:53:20.088-0400] {dagbag.py:539} INFO - Filling up the DagBag from /Users/mauri/Desktop/repositorio/apache-airflow-tutorial/env/lib/python3.11/site-packages/airflow/example_dags/example_complex.py
[2023-08-23T21:53:20.097-0400] {processor.py:839} INFO - DAG(s) dict_keys(['example_complex']) retrieved from /Users/mauri/Desktop/repositorio/apache-airflow-tutorial/env/lib/python3.11/site-packages/airflow/example_dags/example_complex.py
[2023-08-23T21:53:20.177-0400] {logging_mixin.py:151} INFO - [2023-08-23T21:53:20.177-0400] {dag.py:2907} INFO - Sync 1 DAGs
[2023-08-23T21:53:20.181-0400] {logging_mixin.py:151} INFO - [2023-08-23T21:53:20.181-0400] {dag.py:3677} INFO - Setting next_dagrun for example_complex to None, run_after=None
[2023-08-23T21:53:20.189-0400] {processor.py:179} INFO - Processing /Users/mauri/Desktop/repositorio/apache-airflow-tutorial/env/lib/python3.11/site-packages/airflow/example_dags/example_complex.py took 0.102 seconds
[2023-08-23T21:54:32.130-0400] {processor.py:157} INFO - Started process (PID=9783) to work on /Users/mauri/Desktop/repositorio/apache-airflow-tutorial/env/lib/python3.11/site-packages/airflow/example_dags/example_complex.py
[2023-08-23T21:54:32.131-0400] {processor.py:829} INFO - Processing file /Users/mauri/Desktop/repositorio/apache-airflow-tutorial/env/lib/python3.11/site-packages/airflow/example_dags/example_complex.py for tasks to queue
[2023-08-23T21:54:32.131-0400] {logging_mixin.py:151} INFO - [2023-08-23T21:54:32.131-0400] {dagbag.py:539} INFO - Filling up the DagBag from /Users/mauri/Desktop/repositorio/apache-airflow-tutorial/env/lib/python3.11/site-packages/airflow/example_dags/example_complex.py
[2023-08-23T21:54:32.139-0400] {processor.py:839} INFO - DAG(s) dict_keys(['example_complex']) retrieved from /Users/mauri/Desktop/repositorio/apache-airflow-tutorial/env/lib/python3.11/site-packages/airflow/example_dags/example_complex.py
[2023-08-23T21:54:32.211-0400] {logging_mixin.py:151} INFO - [2023-08-23T21:54:32.211-0400] {dag.py:2907} INFO - Sync 1 DAGs
[2023-08-23T21:54:32.214-0400] {logging_mixin.py:151} INFO - [2023-08-23T21:54:32.214-0400] {dag.py:3677} INFO - Setting next_dagrun for example_complex to None, run_after=None
[2023-08-23T21:54:32.221-0400] {processor.py:179} INFO - Processing /Users/mauri/Desktop/repositorio/apache-airflow-tutorial/env/lib/python3.11/site-packages/airflow/example_dags/example_complex.py took 0.092 seconds
[2023-08-23T21:55:45.204-0400] {processor.py:157} INFO - Started process (PID=9853) to work on /Users/mauri/Desktop/repositorio/apache-airflow-tutorial/env/lib/python3.11/site-packages/airflow/example_dags/example_complex.py
[2023-08-23T21:55:45.205-0400] {processor.py:829} INFO - Processing file /Users/mauri/Desktop/repositorio/apache-airflow-tutorial/env/lib/python3.11/site-packages/airflow/example_dags/example_complex.py for tasks to queue
[2023-08-23T21:55:45.205-0400] {logging_mixin.py:151} INFO - [2023-08-23T21:55:45.205-0400] {dagbag.py:539} INFO - Filling up the DagBag from /Users/mauri/Desktop/repositorio/apache-airflow-tutorial/env/lib/python3.11/site-packages/airflow/example_dags/example_complex.py
[2023-08-23T21:55:45.213-0400] {processor.py:839} INFO - DAG(s) dict_keys(['example_complex']) retrieved from /Users/mauri/Desktop/repositorio/apache-airflow-tutorial/env/lib/python3.11/site-packages/airflow/example_dags/example_complex.py
[2023-08-23T21:55:45.285-0400] {logging_mixin.py:151} INFO - [2023-08-23T21:55:45.285-0400] {dag.py:2907} INFO - Sync 1 DAGs
[2023-08-23T21:55:45.288-0400] {logging_mixin.py:151} INFO - [2023-08-23T21:55:45.288-0400] {dag.py:3677} INFO - Setting next_dagrun for example_complex to None, run_after=None
[2023-08-23T21:55:45.295-0400] {processor.py:179} INFO - Processing /Users/mauri/Desktop/repositorio/apache-airflow-tutorial/env/lib/python3.11/site-packages/airflow/example_dags/example_complex.py took 0.091 seconds
[2023-08-23T21:56:58.347-0400] {processor.py:157} INFO - Started process (PID=9918) to work on /Users/mauri/Desktop/repositorio/apache-airflow-tutorial/env/lib/python3.11/site-packages/airflow/example_dags/example_complex.py
[2023-08-23T21:56:58.349-0400] {processor.py:829} INFO - Processing file /Users/mauri/Desktop/repositorio/apache-airflow-tutorial/env/lib/python3.11/site-packages/airflow/example_dags/example_complex.py for tasks to queue
[2023-08-23T21:56:58.349-0400] {logging_mixin.py:151} INFO - [2023-08-23T21:56:58.349-0400] {dagbag.py:539} INFO - Filling up the DagBag from /Users/mauri/Desktop/repositorio/apache-airflow-tutorial/env/lib/python3.11/site-packages/airflow/example_dags/example_complex.py
[2023-08-23T21:56:58.358-0400] {processor.py:839} INFO - DAG(s) dict_keys(['example_complex']) retrieved from /Users/mauri/Desktop/repositorio/apache-airflow-tutorial/env/lib/python3.11/site-packages/airflow/example_dags/example_complex.py
[2023-08-23T21:56:58.432-0400] {logging_mixin.py:151} INFO - [2023-08-23T21:56:58.432-0400] {dag.py:2907} INFO - Sync 1 DAGs
[2023-08-23T21:56:58.435-0400] {logging_mixin.py:151} INFO - [2023-08-23T21:56:58.435-0400] {dag.py:3677} INFO - Setting next_dagrun for example_complex to None, run_after=None
[2023-08-23T21:56:58.442-0400] {processor.py:179} INFO - Processing /Users/mauri/Desktop/repositorio/apache-airflow-tutorial/env/lib/python3.11/site-packages/airflow/example_dags/example_complex.py took 0.095 seconds
[2023-08-23T21:58:14.846-0400] {processor.py:157} INFO - Started process (PID=9987) to work on /Users/mauri/Desktop/repositorio/apache-airflow-tutorial/env/lib/python3.11/site-packages/airflow/example_dags/example_complex.py
[2023-08-23T21:58:14.847-0400] {processor.py:829} INFO - Processing file /Users/mauri/Desktop/repositorio/apache-airflow-tutorial/env/lib/python3.11/site-packages/airflow/example_dags/example_complex.py for tasks to queue
[2023-08-23T21:58:14.847-0400] {logging_mixin.py:151} INFO - [2023-08-23T21:58:14.847-0400] {dagbag.py:539} INFO - Filling up the DagBag from /Users/mauri/Desktop/repositorio/apache-airflow-tutorial/env/lib/python3.11/site-packages/airflow/example_dags/example_complex.py
[2023-08-23T21:58:14.856-0400] {processor.py:839} INFO - DAG(s) dict_keys(['example_complex']) retrieved from /Users/mauri/Desktop/repositorio/apache-airflow-tutorial/env/lib/python3.11/site-packages/airflow/example_dags/example_complex.py
[2023-08-23T21:58:14.931-0400] {logging_mixin.py:151} INFO - [2023-08-23T21:58:14.931-0400] {dag.py:2907} INFO - Sync 1 DAGs
[2023-08-23T21:58:14.934-0400] {logging_mixin.py:151} INFO - [2023-08-23T21:58:14.934-0400] {dag.py:3677} INFO - Setting next_dagrun for example_complex to None, run_after=None
[2023-08-23T21:58:14.942-0400] {processor.py:179} INFO - Processing /Users/mauri/Desktop/repositorio/apache-airflow-tutorial/env/lib/python3.11/site-packages/airflow/example_dags/example_complex.py took 0.097 seconds
[2023-08-23T21:59:29.713-0400] {processor.py:157} INFO - Started process (PID=10055) to work on /Users/mauri/Desktop/repositorio/apache-airflow-tutorial/env/lib/python3.11/site-packages/airflow/example_dags/example_complex.py
[2023-08-23T21:59:29.715-0400] {processor.py:829} INFO - Processing file /Users/mauri/Desktop/repositorio/apache-airflow-tutorial/env/lib/python3.11/site-packages/airflow/example_dags/example_complex.py for tasks to queue
[2023-08-23T21:59:29.715-0400] {logging_mixin.py:151} INFO - [2023-08-23T21:59:29.715-0400] {dagbag.py:539} INFO - Filling up the DagBag from /Users/mauri/Desktop/repositorio/apache-airflow-tutorial/env/lib/python3.11/site-packages/airflow/example_dags/example_complex.py
[2023-08-23T21:59:29.723-0400] {processor.py:839} INFO - DAG(s) dict_keys(['example_complex']) retrieved from /Users/mauri/Desktop/repositorio/apache-airflow-tutorial/env/lib/python3.11/site-packages/airflow/example_dags/example_complex.py
[2023-08-23T21:59:29.796-0400] {logging_mixin.py:151} INFO - [2023-08-23T21:59:29.796-0400] {dag.py:2907} INFO - Sync 1 DAGs
[2023-08-23T21:59:29.800-0400] {logging_mixin.py:151} INFO - [2023-08-23T21:59:29.799-0400] {dag.py:3677} INFO - Setting next_dagrun for example_complex to None, run_after=None
[2023-08-23T21:59:29.807-0400] {processor.py:179} INFO - Processing /Users/mauri/Desktop/repositorio/apache-airflow-tutorial/env/lib/python3.11/site-packages/airflow/example_dags/example_complex.py took 0.094 seconds
