[2023-08-23T21:34:11.813-0400] {processor.py:157} INFO - Started process (PID=8503) to work on /Users/mauri/Desktop/repositorio/apache-airflow-tutorial/env/lib/python3.11/site-packages/airflow/example_dags/example_time_delta_sensor_async.py
[2023-08-23T21:34:11.814-0400] {processor.py:829} INFO - Processing file /Users/mauri/Desktop/repositorio/apache-airflow-tutorial/env/lib/python3.11/site-packages/airflow/example_dags/example_time_delta_sensor_async.py for tasks to queue
[2023-08-23T21:34:11.814-0400] {logging_mixin.py:151} INFO - [2023-08-23T21:34:11.814-0400] {dagbag.py:539} INFO - Filling up the DagBag from /Users/mauri/Desktop/repositorio/apache-airflow-tutorial/env/lib/python3.11/site-packages/airflow/example_dags/example_time_delta_sensor_async.py
[2023-08-23T21:34:11.821-0400] {processor.py:839} INFO - DAG(s) dict_keys(['example_time_delta_sensor_async']) retrieved from /Users/mauri/Desktop/repositorio/apache-airflow-tutorial/env/lib/python3.11/site-packages/airflow/example_dags/example_time_delta_sensor_async.py
[2023-08-23T21:34:12.144-0400] {logging_mixin.py:151} INFO - [2023-08-23T21:34:12.144-0400] {manager.py:501} INFO - Created Permission View: can delete on DAG:example_time_delta_sensor_async
[2023-08-23T21:34:12.147-0400] {logging_mixin.py:151} INFO - [2023-08-23T21:34:12.147-0400] {manager.py:501} INFO - Created Permission View: can edit on DAG:example_time_delta_sensor_async
[2023-08-23T21:34:12.149-0400] {logging_mixin.py:151} INFO - [2023-08-23T21:34:12.149-0400] {manager.py:501} INFO - Created Permission View: can read on DAG:example_time_delta_sensor_async
[2023-08-23T21:34:12.153-0400] {logging_mixin.py:151} INFO - [2023-08-23T21:34:12.153-0400] {dag.py:2907} INFO - Sync 1 DAGs
[2023-08-23T21:34:12.156-0400] {logging_mixin.py:151} INFO - [2023-08-23T21:34:12.156-0400] {dag.py:2929} INFO - Creating ORM DAG for example_time_delta_sensor_async
[2023-08-23T21:34:12.156-0400] {logging_mixin.py:151} INFO - [2023-08-23T21:34:12.156-0400] {dag.py:3677} INFO - Setting next_dagrun for example_time_delta_sensor_async to None, run_after=None
[2023-08-23T21:34:12.162-0400] {processor.py:179} INFO - Processing /Users/mauri/Desktop/repositorio/apache-airflow-tutorial/env/lib/python3.11/site-packages/airflow/example_dags/example_time_delta_sensor_async.py took 0.349 seconds
[2023-08-23T21:35:30.662-0400] {processor.py:157} INFO - Started process (PID=8562) to work on /Users/mauri/Desktop/repositorio/apache-airflow-tutorial/env/lib/python3.11/site-packages/airflow/example_dags/example_time_delta_sensor_async.py
[2023-08-23T21:35:30.664-0400] {processor.py:829} INFO - Processing file /Users/mauri/Desktop/repositorio/apache-airflow-tutorial/env/lib/python3.11/site-packages/airflow/example_dags/example_time_delta_sensor_async.py for tasks to queue
[2023-08-23T21:35:30.664-0400] {logging_mixin.py:151} INFO - [2023-08-23T21:35:30.664-0400] {dagbag.py:539} INFO - Filling up the DagBag from /Users/mauri/Desktop/repositorio/apache-airflow-tutorial/env/lib/python3.11/site-packages/airflow/example_dags/example_time_delta_sensor_async.py
[2023-08-23T21:35:30.671-0400] {processor.py:839} INFO - DAG(s) dict_keys(['example_time_delta_sensor_async']) retrieved from /Users/mauri/Desktop/repositorio/apache-airflow-tutorial/env/lib/python3.11/site-packages/airflow/example_dags/example_time_delta_sensor_async.py
[2023-08-23T21:35:30.742-0400] {logging_mixin.py:151} INFO - [2023-08-23T21:35:30.741-0400] {dag.py:2907} INFO - Sync 1 DAGs
[2023-08-23T21:35:30.745-0400] {logging_mixin.py:151} INFO - [2023-08-23T21:35:30.744-0400] {dag.py:3677} INFO - Setting next_dagrun for example_time_delta_sensor_async to None, run_after=None
[2023-08-23T21:35:30.751-0400] {processor.py:179} INFO - Processing /Users/mauri/Desktop/repositorio/apache-airflow-tutorial/env/lib/python3.11/site-packages/airflow/example_dags/example_time_delta_sensor_async.py took 0.090 seconds
[2023-08-23T21:36:44.601-0400] {processor.py:157} INFO - Started process (PID=8632) to work on /Users/mauri/Desktop/repositorio/apache-airflow-tutorial/env/lib/python3.11/site-packages/airflow/example_dags/example_time_delta_sensor_async.py
[2023-08-23T21:36:44.604-0400] {processor.py:829} INFO - Processing file /Users/mauri/Desktop/repositorio/apache-airflow-tutorial/env/lib/python3.11/site-packages/airflow/example_dags/example_time_delta_sensor_async.py for tasks to queue
[2023-08-23T21:36:44.604-0400] {logging_mixin.py:151} INFO - [2023-08-23T21:36:44.604-0400] {dagbag.py:539} INFO - Filling up the DagBag from /Users/mauri/Desktop/repositorio/apache-airflow-tutorial/env/lib/python3.11/site-packages/airflow/example_dags/example_time_delta_sensor_async.py
[2023-08-23T21:36:44.611-0400] {processor.py:839} INFO - DAG(s) dict_keys(['example_time_delta_sensor_async']) retrieved from /Users/mauri/Desktop/repositorio/apache-airflow-tutorial/env/lib/python3.11/site-packages/airflow/example_dags/example_time_delta_sensor_async.py
[2023-08-23T21:36:44.684-0400] {logging_mixin.py:151} INFO - [2023-08-23T21:36:44.684-0400] {dag.py:2907} INFO - Sync 1 DAGs
[2023-08-23T21:36:44.687-0400] {logging_mixin.py:151} INFO - [2023-08-23T21:36:44.687-0400] {dag.py:3677} INFO - Setting next_dagrun for example_time_delta_sensor_async to None, run_after=None
[2023-08-23T21:36:44.694-0400] {processor.py:179} INFO - Processing /Users/mauri/Desktop/repositorio/apache-airflow-tutorial/env/lib/python3.11/site-packages/airflow/example_dags/example_time_delta_sensor_async.py took 0.093 seconds
[2023-08-23T21:37:58.104-0400] {processor.py:157} INFO - Started process (PID=8691) to work on /Users/mauri/Desktop/repositorio/apache-airflow-tutorial/env/lib/python3.11/site-packages/airflow/example_dags/example_time_delta_sensor_async.py
[2023-08-23T21:37:58.106-0400] {processor.py:829} INFO - Processing file /Users/mauri/Desktop/repositorio/apache-airflow-tutorial/env/lib/python3.11/site-packages/airflow/example_dags/example_time_delta_sensor_async.py for tasks to queue
[2023-08-23T21:37:58.106-0400] {logging_mixin.py:151} INFO - [2023-08-23T21:37:58.106-0400] {dagbag.py:539} INFO - Filling up the DagBag from /Users/mauri/Desktop/repositorio/apache-airflow-tutorial/env/lib/python3.11/site-packages/airflow/example_dags/example_time_delta_sensor_async.py
[2023-08-23T21:37:58.113-0400] {processor.py:839} INFO - DAG(s) dict_keys(['example_time_delta_sensor_async']) retrieved from /Users/mauri/Desktop/repositorio/apache-airflow-tutorial/env/lib/python3.11/site-packages/airflow/example_dags/example_time_delta_sensor_async.py
[2023-08-23T21:37:58.184-0400] {logging_mixin.py:151} INFO - [2023-08-23T21:37:58.183-0400] {dag.py:2907} INFO - Sync 1 DAGs
[2023-08-23T21:37:58.186-0400] {logging_mixin.py:151} INFO - [2023-08-23T21:37:58.186-0400] {dag.py:3677} INFO - Setting next_dagrun for example_time_delta_sensor_async to None, run_after=None
[2023-08-23T21:37:58.193-0400] {processor.py:179} INFO - Processing /Users/mauri/Desktop/repositorio/apache-airflow-tutorial/env/lib/python3.11/site-packages/airflow/example_dags/example_time_delta_sensor_async.py took 0.090 seconds
[2023-08-23T21:39:13.748-0400] {processor.py:157} INFO - Started process (PID=8766) to work on /Users/mauri/Desktop/repositorio/apache-airflow-tutorial/env/lib/python3.11/site-packages/airflow/example_dags/example_time_delta_sensor_async.py
[2023-08-23T21:39:13.750-0400] {processor.py:829} INFO - Processing file /Users/mauri/Desktop/repositorio/apache-airflow-tutorial/env/lib/python3.11/site-packages/airflow/example_dags/example_time_delta_sensor_async.py for tasks to queue
[2023-08-23T21:39:13.750-0400] {logging_mixin.py:151} INFO - [2023-08-23T21:39:13.750-0400] {dagbag.py:539} INFO - Filling up the DagBag from /Users/mauri/Desktop/repositorio/apache-airflow-tutorial/env/lib/python3.11/site-packages/airflow/example_dags/example_time_delta_sensor_async.py
[2023-08-23T21:39:13.757-0400] {processor.py:839} INFO - DAG(s) dict_keys(['example_time_delta_sensor_async']) retrieved from /Users/mauri/Desktop/repositorio/apache-airflow-tutorial/env/lib/python3.11/site-packages/airflow/example_dags/example_time_delta_sensor_async.py
[2023-08-23T21:39:13.829-0400] {logging_mixin.py:151} INFO - [2023-08-23T21:39:13.829-0400] {dag.py:2907} INFO - Sync 1 DAGs
[2023-08-23T21:39:13.832-0400] {logging_mixin.py:151} INFO - [2023-08-23T21:39:13.832-0400] {dag.py:3677} INFO - Setting next_dagrun for example_time_delta_sensor_async to None, run_after=None
[2023-08-23T21:39:13.839-0400] {processor.py:179} INFO - Processing /Users/mauri/Desktop/repositorio/apache-airflow-tutorial/env/lib/python3.11/site-packages/airflow/example_dags/example_time_delta_sensor_async.py took 0.091 seconds
[2023-08-23T21:40:28.186-0400] {processor.py:157} INFO - Started process (PID=8828) to work on /Users/mauri/Desktop/repositorio/apache-airflow-tutorial/env/lib/python3.11/site-packages/airflow/example_dags/example_time_delta_sensor_async.py
[2023-08-23T21:40:28.187-0400] {processor.py:829} INFO - Processing file /Users/mauri/Desktop/repositorio/apache-airflow-tutorial/env/lib/python3.11/site-packages/airflow/example_dags/example_time_delta_sensor_async.py for tasks to queue
[2023-08-23T21:40:28.187-0400] {logging_mixin.py:151} INFO - [2023-08-23T21:40:28.187-0400] {dagbag.py:539} INFO - Filling up the DagBag from /Users/mauri/Desktop/repositorio/apache-airflow-tutorial/env/lib/python3.11/site-packages/airflow/example_dags/example_time_delta_sensor_async.py
[2023-08-23T21:40:28.193-0400] {processor.py:839} INFO - DAG(s) dict_keys(['example_time_delta_sensor_async']) retrieved from /Users/mauri/Desktop/repositorio/apache-airflow-tutorial/env/lib/python3.11/site-packages/airflow/example_dags/example_time_delta_sensor_async.py
[2023-08-23T21:40:28.264-0400] {logging_mixin.py:151} INFO - [2023-08-23T21:40:28.264-0400] {dag.py:2907} INFO - Sync 1 DAGs
[2023-08-23T21:40:28.267-0400] {logging_mixin.py:151} INFO - [2023-08-23T21:40:28.267-0400] {dag.py:3677} INFO - Setting next_dagrun for example_time_delta_sensor_async to None, run_after=None
[2023-08-23T21:40:28.274-0400] {processor.py:179} INFO - Processing /Users/mauri/Desktop/repositorio/apache-airflow-tutorial/env/lib/python3.11/site-packages/airflow/example_dags/example_time_delta_sensor_async.py took 0.088 seconds
[2023-08-23T21:41:41.159-0400] {processor.py:157} INFO - Started process (PID=8887) to work on /Users/mauri/Desktop/repositorio/apache-airflow-tutorial/env/lib/python3.11/site-packages/airflow/example_dags/example_time_delta_sensor_async.py
[2023-08-23T21:41:41.161-0400] {processor.py:829} INFO - Processing file /Users/mauri/Desktop/repositorio/apache-airflow-tutorial/env/lib/python3.11/site-packages/airflow/example_dags/example_time_delta_sensor_async.py for tasks to queue
[2023-08-23T21:41:41.161-0400] {logging_mixin.py:151} INFO - [2023-08-23T21:41:41.161-0400] {dagbag.py:539} INFO - Filling up the DagBag from /Users/mauri/Desktop/repositorio/apache-airflow-tutorial/env/lib/python3.11/site-packages/airflow/example_dags/example_time_delta_sensor_async.py
[2023-08-23T21:41:41.167-0400] {processor.py:839} INFO - DAG(s) dict_keys(['example_time_delta_sensor_async']) retrieved from /Users/mauri/Desktop/repositorio/apache-airflow-tutorial/env/lib/python3.11/site-packages/airflow/example_dags/example_time_delta_sensor_async.py
[2023-08-23T21:41:41.238-0400] {logging_mixin.py:151} INFO - [2023-08-23T21:41:41.238-0400] {dag.py:2907} INFO - Sync 1 DAGs
[2023-08-23T21:41:41.241-0400] {logging_mixin.py:151} INFO - [2023-08-23T21:41:41.241-0400] {dag.py:3677} INFO - Setting next_dagrun for example_time_delta_sensor_async to None, run_after=None
[2023-08-23T21:41:41.248-0400] {processor.py:179} INFO - Processing /Users/mauri/Desktop/repositorio/apache-airflow-tutorial/env/lib/python3.11/site-packages/airflow/example_dags/example_time_delta_sensor_async.py took 0.089 seconds
[2023-08-23T21:42:53.524-0400] {processor.py:157} INFO - Started process (PID=8952) to work on /Users/mauri/Desktop/repositorio/apache-airflow-tutorial/env/lib/python3.11/site-packages/airflow/example_dags/example_time_delta_sensor_async.py
[2023-08-23T21:42:53.525-0400] {processor.py:829} INFO - Processing file /Users/mauri/Desktop/repositorio/apache-airflow-tutorial/env/lib/python3.11/site-packages/airflow/example_dags/example_time_delta_sensor_async.py for tasks to queue
[2023-08-23T21:42:53.525-0400] {logging_mixin.py:151} INFO - [2023-08-23T21:42:53.525-0400] {dagbag.py:539} INFO - Filling up the DagBag from /Users/mauri/Desktop/repositorio/apache-airflow-tutorial/env/lib/python3.11/site-packages/airflow/example_dags/example_time_delta_sensor_async.py
[2023-08-23T21:42:53.531-0400] {processor.py:839} INFO - DAG(s) dict_keys(['example_time_delta_sensor_async']) retrieved from /Users/mauri/Desktop/repositorio/apache-airflow-tutorial/env/lib/python3.11/site-packages/airflow/example_dags/example_time_delta_sensor_async.py
[2023-08-23T21:42:53.601-0400] {logging_mixin.py:151} INFO - [2023-08-23T21:42:53.601-0400] {dag.py:2907} INFO - Sync 1 DAGs
[2023-08-23T21:42:53.604-0400] {logging_mixin.py:151} INFO - [2023-08-23T21:42:53.604-0400] {dag.py:3677} INFO - Setting next_dagrun for example_time_delta_sensor_async to None, run_after=None
[2023-08-23T21:42:53.611-0400] {processor.py:179} INFO - Processing /Users/mauri/Desktop/repositorio/apache-airflow-tutorial/env/lib/python3.11/site-packages/airflow/example_dags/example_time_delta_sensor_async.py took 0.088 seconds
[2023-08-23T21:44:02.618-0400] {processor.py:157} INFO - Started process (PID=9015) to work on /Users/mauri/Desktop/repositorio/apache-airflow-tutorial/env/lib/python3.11/site-packages/airflow/example_dags/example_time_delta_sensor_async.py
[2023-08-23T21:44:02.619-0400] {processor.py:829} INFO - Processing file /Users/mauri/Desktop/repositorio/apache-airflow-tutorial/env/lib/python3.11/site-packages/airflow/example_dags/example_time_delta_sensor_async.py for tasks to queue
[2023-08-23T21:44:02.619-0400] {logging_mixin.py:151} INFO - [2023-08-23T21:44:02.619-0400] {dagbag.py:539} INFO - Filling up the DagBag from /Users/mauri/Desktop/repositorio/apache-airflow-tutorial/env/lib/python3.11/site-packages/airflow/example_dags/example_time_delta_sensor_async.py
[2023-08-23T21:44:02.625-0400] {processor.py:839} INFO - DAG(s) dict_keys(['example_time_delta_sensor_async']) retrieved from /Users/mauri/Desktop/repositorio/apache-airflow-tutorial/env/lib/python3.11/site-packages/airflow/example_dags/example_time_delta_sensor_async.py
[2023-08-23T21:44:02.697-0400] {logging_mixin.py:151} INFO - [2023-08-23T21:44:02.697-0400] {dag.py:2907} INFO - Sync 1 DAGs
[2023-08-23T21:44:02.700-0400] {logging_mixin.py:151} INFO - [2023-08-23T21:44:02.700-0400] {dag.py:3677} INFO - Setting next_dagrun for example_time_delta_sensor_async to None, run_after=None
[2023-08-23T21:44:02.707-0400] {processor.py:179} INFO - Processing /Users/mauri/Desktop/repositorio/apache-airflow-tutorial/env/lib/python3.11/site-packages/airflow/example_dags/example_time_delta_sensor_async.py took 0.089 seconds
[2023-08-23T21:45:17.361-0400] {processor.py:157} INFO - Started process (PID=9094) to work on /Users/mauri/Desktop/repositorio/apache-airflow-tutorial/env/lib/python3.11/site-packages/airflow/example_dags/example_time_delta_sensor_async.py
[2023-08-23T21:45:17.363-0400] {processor.py:829} INFO - Processing file /Users/mauri/Desktop/repositorio/apache-airflow-tutorial/env/lib/python3.11/site-packages/airflow/example_dags/example_time_delta_sensor_async.py for tasks to queue
[2023-08-23T21:45:17.363-0400] {logging_mixin.py:151} INFO - [2023-08-23T21:45:17.363-0400] {dagbag.py:539} INFO - Filling up the DagBag from /Users/mauri/Desktop/repositorio/apache-airflow-tutorial/env/lib/python3.11/site-packages/airflow/example_dags/example_time_delta_sensor_async.py
[2023-08-23T21:45:17.369-0400] {processor.py:839} INFO - DAG(s) dict_keys(['example_time_delta_sensor_async']) retrieved from /Users/mauri/Desktop/repositorio/apache-airflow-tutorial/env/lib/python3.11/site-packages/airflow/example_dags/example_time_delta_sensor_async.py
[2023-08-23T21:45:17.445-0400] {logging_mixin.py:151} INFO - [2023-08-23T21:45:17.445-0400] {dag.py:2907} INFO - Sync 1 DAGs
[2023-08-23T21:45:17.448-0400] {logging_mixin.py:151} INFO - [2023-08-23T21:45:17.448-0400] {dag.py:3677} INFO - Setting next_dagrun for example_time_delta_sensor_async to None, run_after=None
[2023-08-23T21:45:17.455-0400] {processor.py:179} INFO - Processing /Users/mauri/Desktop/repositorio/apache-airflow-tutorial/env/lib/python3.11/site-packages/airflow/example_dags/example_time_delta_sensor_async.py took 0.094 seconds
[2023-08-23T21:46:28.542-0400] {processor.py:157} INFO - Started process (PID=9207) to work on /Users/mauri/Desktop/repositorio/apache-airflow-tutorial/env/lib/python3.11/site-packages/airflow/example_dags/example_time_delta_sensor_async.py
[2023-08-23T21:46:28.544-0400] {processor.py:829} INFO - Processing file /Users/mauri/Desktop/repositorio/apache-airflow-tutorial/env/lib/python3.11/site-packages/airflow/example_dags/example_time_delta_sensor_async.py for tasks to queue
[2023-08-23T21:46:28.544-0400] {logging_mixin.py:151} INFO - [2023-08-23T21:46:28.544-0400] {dagbag.py:539} INFO - Filling up the DagBag from /Users/mauri/Desktop/repositorio/apache-airflow-tutorial/env/lib/python3.11/site-packages/airflow/example_dags/example_time_delta_sensor_async.py
[2023-08-23T21:46:28.550-0400] {processor.py:839} INFO - DAG(s) dict_keys(['example_time_delta_sensor_async']) retrieved from /Users/mauri/Desktop/repositorio/apache-airflow-tutorial/env/lib/python3.11/site-packages/airflow/example_dags/example_time_delta_sensor_async.py
[2023-08-23T21:46:28.620-0400] {logging_mixin.py:151} INFO - [2023-08-23T21:46:28.620-0400] {dag.py:2907} INFO - Sync 1 DAGs
[2023-08-23T21:46:28.623-0400] {logging_mixin.py:151} INFO - [2023-08-23T21:46:28.623-0400] {dag.py:3677} INFO - Setting next_dagrun for example_time_delta_sensor_async to None, run_after=None
[2023-08-23T21:46:28.630-0400] {processor.py:179} INFO - Processing /Users/mauri/Desktop/repositorio/apache-airflow-tutorial/env/lib/python3.11/site-packages/airflow/example_dags/example_time_delta_sensor_async.py took 0.088 seconds
[2023-08-23T21:47:38.470-0400] {processor.py:157} INFO - Started process (PID=9335) to work on /Users/mauri/Desktop/repositorio/apache-airflow-tutorial/env/lib/python3.11/site-packages/airflow/example_dags/example_time_delta_sensor_async.py
[2023-08-23T21:47:38.472-0400] {processor.py:829} INFO - Processing file /Users/mauri/Desktop/repositorio/apache-airflow-tutorial/env/lib/python3.11/site-packages/airflow/example_dags/example_time_delta_sensor_async.py for tasks to queue
[2023-08-23T21:47:38.472-0400] {logging_mixin.py:151} INFO - [2023-08-23T21:47:38.472-0400] {dagbag.py:539} INFO - Filling up the DagBag from /Users/mauri/Desktop/repositorio/apache-airflow-tutorial/env/lib/python3.11/site-packages/airflow/example_dags/example_time_delta_sensor_async.py
[2023-08-23T21:47:38.478-0400] {processor.py:839} INFO - DAG(s) dict_keys(['example_time_delta_sensor_async']) retrieved from /Users/mauri/Desktop/repositorio/apache-airflow-tutorial/env/lib/python3.11/site-packages/airflow/example_dags/example_time_delta_sensor_async.py
[2023-08-23T21:47:38.549-0400] {logging_mixin.py:151} INFO - [2023-08-23T21:47:38.548-0400] {dag.py:2907} INFO - Sync 1 DAGs
[2023-08-23T21:47:38.552-0400] {logging_mixin.py:151} INFO - [2023-08-23T21:47:38.551-0400] {dag.py:3677} INFO - Setting next_dagrun for example_time_delta_sensor_async to None, run_after=None
[2023-08-23T21:47:38.559-0400] {processor.py:179} INFO - Processing /Users/mauri/Desktop/repositorio/apache-airflow-tutorial/env/lib/python3.11/site-packages/airflow/example_dags/example_time_delta_sensor_async.py took 0.089 seconds
[2023-08-23T21:48:51.484-0400] {processor.py:157} INFO - Started process (PID=9442) to work on /Users/mauri/Desktop/repositorio/apache-airflow-tutorial/env/lib/python3.11/site-packages/airflow/example_dags/example_time_delta_sensor_async.py
[2023-08-23T21:48:51.485-0400] {processor.py:829} INFO - Processing file /Users/mauri/Desktop/repositorio/apache-airflow-tutorial/env/lib/python3.11/site-packages/airflow/example_dags/example_time_delta_sensor_async.py for tasks to queue
[2023-08-23T21:48:51.485-0400] {logging_mixin.py:151} INFO - [2023-08-23T21:48:51.485-0400] {dagbag.py:539} INFO - Filling up the DagBag from /Users/mauri/Desktop/repositorio/apache-airflow-tutorial/env/lib/python3.11/site-packages/airflow/example_dags/example_time_delta_sensor_async.py
[2023-08-23T21:48:51.492-0400] {processor.py:839} INFO - DAG(s) dict_keys(['example_time_delta_sensor_async']) retrieved from /Users/mauri/Desktop/repositorio/apache-airflow-tutorial/env/lib/python3.11/site-packages/airflow/example_dags/example_time_delta_sensor_async.py
[2023-08-23T21:48:51.575-0400] {logging_mixin.py:151} INFO - [2023-08-23T21:48:51.575-0400] {dag.py:2907} INFO - Sync 1 DAGs
[2023-08-23T21:48:51.579-0400] {logging_mixin.py:151} INFO - [2023-08-23T21:48:51.579-0400] {dag.py:3677} INFO - Setting next_dagrun for example_time_delta_sensor_async to None, run_after=None
[2023-08-23T21:48:51.586-0400] {processor.py:179} INFO - Processing /Users/mauri/Desktop/repositorio/apache-airflow-tutorial/env/lib/python3.11/site-packages/airflow/example_dags/example_time_delta_sensor_async.py took 0.103 seconds
[2023-08-23T21:50:07.564-0400] {processor.py:157} INFO - Started process (PID=9516) to work on /Users/mauri/Desktop/repositorio/apache-airflow-tutorial/env/lib/python3.11/site-packages/airflow/example_dags/example_time_delta_sensor_async.py
[2023-08-23T21:50:07.567-0400] {processor.py:829} INFO - Processing file /Users/mauri/Desktop/repositorio/apache-airflow-tutorial/env/lib/python3.11/site-packages/airflow/example_dags/example_time_delta_sensor_async.py for tasks to queue
[2023-08-23T21:50:07.567-0400] {logging_mixin.py:151} INFO - [2023-08-23T21:50:07.567-0400] {dagbag.py:539} INFO - Filling up the DagBag from /Users/mauri/Desktop/repositorio/apache-airflow-tutorial/env/lib/python3.11/site-packages/airflow/example_dags/example_time_delta_sensor_async.py
[2023-08-23T21:50:07.573-0400] {processor.py:839} INFO - DAG(s) dict_keys(['example_time_delta_sensor_async']) retrieved from /Users/mauri/Desktop/repositorio/apache-airflow-tutorial/env/lib/python3.11/site-packages/airflow/example_dags/example_time_delta_sensor_async.py
[2023-08-23T21:50:07.644-0400] {logging_mixin.py:151} INFO - [2023-08-23T21:50:07.644-0400] {dag.py:2907} INFO - Sync 1 DAGs
[2023-08-23T21:50:07.647-0400] {logging_mixin.py:151} INFO - [2023-08-23T21:50:07.647-0400] {dag.py:3677} INFO - Setting next_dagrun for example_time_delta_sensor_async to None, run_after=None
[2023-08-23T21:50:07.654-0400] {processor.py:179} INFO - Processing /Users/mauri/Desktop/repositorio/apache-airflow-tutorial/env/lib/python3.11/site-packages/airflow/example_dags/example_time_delta_sensor_async.py took 0.090 seconds
[2023-08-23T21:51:21.926-0400] {processor.py:157} INFO - Started process (PID=9606) to work on /Users/mauri/Desktop/repositorio/apache-airflow-tutorial/env/lib/python3.11/site-packages/airflow/example_dags/example_time_delta_sensor_async.py
[2023-08-23T21:51:21.929-0400] {processor.py:829} INFO - Processing file /Users/mauri/Desktop/repositorio/apache-airflow-tutorial/env/lib/python3.11/site-packages/airflow/example_dags/example_time_delta_sensor_async.py for tasks to queue
[2023-08-23T21:51:21.929-0400] {logging_mixin.py:151} INFO - [2023-08-23T21:51:21.929-0400] {dagbag.py:539} INFO - Filling up the DagBag from /Users/mauri/Desktop/repositorio/apache-airflow-tutorial/env/lib/python3.11/site-packages/airflow/example_dags/example_time_delta_sensor_async.py
[2023-08-23T21:51:21.935-0400] {processor.py:839} INFO - DAG(s) dict_keys(['example_time_delta_sensor_async']) retrieved from /Users/mauri/Desktop/repositorio/apache-airflow-tutorial/env/lib/python3.11/site-packages/airflow/example_dags/example_time_delta_sensor_async.py
[2023-08-23T21:51:22.005-0400] {logging_mixin.py:151} INFO - [2023-08-23T21:51:22.005-0400] {dag.py:2907} INFO - Sync 1 DAGs
[2023-08-23T21:51:22.008-0400] {logging_mixin.py:151} INFO - [2023-08-23T21:51:22.008-0400] {dag.py:3677} INFO - Setting next_dagrun for example_time_delta_sensor_async to None, run_after=None
[2023-08-23T21:51:22.015-0400] {processor.py:179} INFO - Processing /Users/mauri/Desktop/repositorio/apache-airflow-tutorial/env/lib/python3.11/site-packages/airflow/example_dags/example_time_delta_sensor_async.py took 0.089 seconds
[2023-08-23T21:52:33.100-0400] {processor.py:157} INFO - Started process (PID=9672) to work on /Users/mauri/Desktop/repositorio/apache-airflow-tutorial/env/lib/python3.11/site-packages/airflow/example_dags/example_time_delta_sensor_async.py
[2023-08-23T21:52:33.102-0400] {processor.py:829} INFO - Processing file /Users/mauri/Desktop/repositorio/apache-airflow-tutorial/env/lib/python3.11/site-packages/airflow/example_dags/example_time_delta_sensor_async.py for tasks to queue
[2023-08-23T21:52:33.102-0400] {logging_mixin.py:151} INFO - [2023-08-23T21:52:33.102-0400] {dagbag.py:539} INFO - Filling up the DagBag from /Users/mauri/Desktop/repositorio/apache-airflow-tutorial/env/lib/python3.11/site-packages/airflow/example_dags/example_time_delta_sensor_async.py
[2023-08-23T21:52:33.108-0400] {processor.py:839} INFO - DAG(s) dict_keys(['example_time_delta_sensor_async']) retrieved from /Users/mauri/Desktop/repositorio/apache-airflow-tutorial/env/lib/python3.11/site-packages/airflow/example_dags/example_time_delta_sensor_async.py
[2023-08-23T21:52:33.179-0400] {logging_mixin.py:151} INFO - [2023-08-23T21:52:33.179-0400] {dag.py:2907} INFO - Sync 1 DAGs
[2023-08-23T21:52:33.182-0400] {logging_mixin.py:151} INFO - [2023-08-23T21:52:33.182-0400] {dag.py:3677} INFO - Setting next_dagrun for example_time_delta_sensor_async to None, run_after=None
[2023-08-23T21:52:33.188-0400] {processor.py:179} INFO - Processing /Users/mauri/Desktop/repositorio/apache-airflow-tutorial/env/lib/python3.11/site-packages/airflow/example_dags/example_time_delta_sensor_async.py took 0.088 seconds
[2023-08-23T21:53:44.202-0400] {processor.py:157} INFO - Started process (PID=9740) to work on /Users/mauri/Desktop/repositorio/apache-airflow-tutorial/env/lib/python3.11/site-packages/airflow/example_dags/example_time_delta_sensor_async.py
[2023-08-23T21:53:44.203-0400] {processor.py:829} INFO - Processing file /Users/mauri/Desktop/repositorio/apache-airflow-tutorial/env/lib/python3.11/site-packages/airflow/example_dags/example_time_delta_sensor_async.py for tasks to queue
[2023-08-23T21:53:44.203-0400] {logging_mixin.py:151} INFO - [2023-08-23T21:53:44.203-0400] {dagbag.py:539} INFO - Filling up the DagBag from /Users/mauri/Desktop/repositorio/apache-airflow-tutorial/env/lib/python3.11/site-packages/airflow/example_dags/example_time_delta_sensor_async.py
[2023-08-23T21:53:44.209-0400] {processor.py:839} INFO - DAG(s) dict_keys(['example_time_delta_sensor_async']) retrieved from /Users/mauri/Desktop/repositorio/apache-airflow-tutorial/env/lib/python3.11/site-packages/airflow/example_dags/example_time_delta_sensor_async.py
[2023-08-23T21:53:44.281-0400] {logging_mixin.py:151} INFO - [2023-08-23T21:53:44.281-0400] {dag.py:2907} INFO - Sync 1 DAGs
[2023-08-23T21:53:44.284-0400] {logging_mixin.py:151} INFO - [2023-08-23T21:53:44.284-0400] {dag.py:3677} INFO - Setting next_dagrun for example_time_delta_sensor_async to None, run_after=None
[2023-08-23T21:53:44.292-0400] {processor.py:179} INFO - Processing /Users/mauri/Desktop/repositorio/apache-airflow-tutorial/env/lib/python3.11/site-packages/airflow/example_dags/example_time_delta_sensor_async.py took 0.090 seconds
[2023-08-23T21:54:56.053-0400] {processor.py:157} INFO - Started process (PID=9802) to work on /Users/mauri/Desktop/repositorio/apache-airflow-tutorial/env/lib/python3.11/site-packages/airflow/example_dags/example_time_delta_sensor_async.py
[2023-08-23T21:54:56.054-0400] {processor.py:829} INFO - Processing file /Users/mauri/Desktop/repositorio/apache-airflow-tutorial/env/lib/python3.11/site-packages/airflow/example_dags/example_time_delta_sensor_async.py for tasks to queue
[2023-08-23T21:54:56.054-0400] {logging_mixin.py:151} INFO - [2023-08-23T21:54:56.054-0400] {dagbag.py:539} INFO - Filling up the DagBag from /Users/mauri/Desktop/repositorio/apache-airflow-tutorial/env/lib/python3.11/site-packages/airflow/example_dags/example_time_delta_sensor_async.py
[2023-08-23T21:54:56.060-0400] {processor.py:839} INFO - DAG(s) dict_keys(['example_time_delta_sensor_async']) retrieved from /Users/mauri/Desktop/repositorio/apache-airflow-tutorial/env/lib/python3.11/site-packages/airflow/example_dags/example_time_delta_sensor_async.py
[2023-08-23T21:54:56.136-0400] {logging_mixin.py:151} INFO - [2023-08-23T21:54:56.136-0400] {dag.py:2907} INFO - Sync 1 DAGs
[2023-08-23T21:54:56.139-0400] {logging_mixin.py:151} INFO - [2023-08-23T21:54:56.139-0400] {dag.py:3677} INFO - Setting next_dagrun for example_time_delta_sensor_async to None, run_after=None
[2023-08-23T21:54:56.146-0400] {processor.py:179} INFO - Processing /Users/mauri/Desktop/repositorio/apache-airflow-tutorial/env/lib/python3.11/site-packages/airflow/example_dags/example_time_delta_sensor_async.py took 0.093 seconds
[2023-08-23T21:56:09.193-0400] {processor.py:157} INFO - Started process (PID=9879) to work on /Users/mauri/Desktop/repositorio/apache-airflow-tutorial/env/lib/python3.11/site-packages/airflow/example_dags/example_time_delta_sensor_async.py
[2023-08-23T21:56:09.194-0400] {processor.py:829} INFO - Processing file /Users/mauri/Desktop/repositorio/apache-airflow-tutorial/env/lib/python3.11/site-packages/airflow/example_dags/example_time_delta_sensor_async.py for tasks to queue
[2023-08-23T21:56:09.194-0400] {logging_mixin.py:151} INFO - [2023-08-23T21:56:09.194-0400] {dagbag.py:539} INFO - Filling up the DagBag from /Users/mauri/Desktop/repositorio/apache-airflow-tutorial/env/lib/python3.11/site-packages/airflow/example_dags/example_time_delta_sensor_async.py
[2023-08-23T21:56:09.200-0400] {processor.py:839} INFO - DAG(s) dict_keys(['example_time_delta_sensor_async']) retrieved from /Users/mauri/Desktop/repositorio/apache-airflow-tutorial/env/lib/python3.11/site-packages/airflow/example_dags/example_time_delta_sensor_async.py
[2023-08-23T21:56:09.272-0400] {logging_mixin.py:151} INFO - [2023-08-23T21:56:09.272-0400] {dag.py:2907} INFO - Sync 1 DAGs
[2023-08-23T21:56:09.275-0400] {logging_mixin.py:151} INFO - [2023-08-23T21:56:09.275-0400] {dag.py:3677} INFO - Setting next_dagrun for example_time_delta_sensor_async to None, run_after=None
[2023-08-23T21:56:09.282-0400] {processor.py:179} INFO - Processing /Users/mauri/Desktop/repositorio/apache-airflow-tutorial/env/lib/python3.11/site-packages/airflow/example_dags/example_time_delta_sensor_async.py took 0.090 seconds
[2023-08-23T21:57:24.178-0400] {processor.py:157} INFO - Started process (PID=9942) to work on /Users/mauri/Desktop/repositorio/apache-airflow-tutorial/env/lib/python3.11/site-packages/airflow/example_dags/example_time_delta_sensor_async.py
[2023-08-23T21:57:24.179-0400] {processor.py:829} INFO - Processing file /Users/mauri/Desktop/repositorio/apache-airflow-tutorial/env/lib/python3.11/site-packages/airflow/example_dags/example_time_delta_sensor_async.py for tasks to queue
[2023-08-23T21:57:24.179-0400] {logging_mixin.py:151} INFO - [2023-08-23T21:57:24.179-0400] {dagbag.py:539} INFO - Filling up the DagBag from /Users/mauri/Desktop/repositorio/apache-airflow-tutorial/env/lib/python3.11/site-packages/airflow/example_dags/example_time_delta_sensor_async.py
[2023-08-23T21:57:24.186-0400] {processor.py:839} INFO - DAG(s) dict_keys(['example_time_delta_sensor_async']) retrieved from /Users/mauri/Desktop/repositorio/apache-airflow-tutorial/env/lib/python3.11/site-packages/airflow/example_dags/example_time_delta_sensor_async.py
[2023-08-23T21:57:24.262-0400] {logging_mixin.py:151} INFO - [2023-08-23T21:57:24.262-0400] {dag.py:2907} INFO - Sync 1 DAGs
[2023-08-23T21:57:24.265-0400] {logging_mixin.py:151} INFO - [2023-08-23T21:57:24.265-0400] {dag.py:3677} INFO - Setting next_dagrun for example_time_delta_sensor_async to None, run_after=None
[2023-08-23T21:57:24.272-0400] {processor.py:179} INFO - Processing /Users/mauri/Desktop/repositorio/apache-airflow-tutorial/env/lib/python3.11/site-packages/airflow/example_dags/example_time_delta_sensor_async.py took 0.095 seconds
[2023-08-23T21:58:40.567-0400] {processor.py:157} INFO - Started process (PID=10005) to work on /Users/mauri/Desktop/repositorio/apache-airflow-tutorial/env/lib/python3.11/site-packages/airflow/example_dags/example_time_delta_sensor_async.py
[2023-08-23T21:58:40.568-0400] {processor.py:829} INFO - Processing file /Users/mauri/Desktop/repositorio/apache-airflow-tutorial/env/lib/python3.11/site-packages/airflow/example_dags/example_time_delta_sensor_async.py for tasks to queue
[2023-08-23T21:58:40.569-0400] {logging_mixin.py:151} INFO - [2023-08-23T21:58:40.568-0400] {dagbag.py:539} INFO - Filling up the DagBag from /Users/mauri/Desktop/repositorio/apache-airflow-tutorial/env/lib/python3.11/site-packages/airflow/example_dags/example_time_delta_sensor_async.py
[2023-08-23T21:58:40.575-0400] {processor.py:839} INFO - DAG(s) dict_keys(['example_time_delta_sensor_async']) retrieved from /Users/mauri/Desktop/repositorio/apache-airflow-tutorial/env/lib/python3.11/site-packages/airflow/example_dags/example_time_delta_sensor_async.py
[2023-08-23T21:58:40.650-0400] {logging_mixin.py:151} INFO - [2023-08-23T21:58:40.650-0400] {dag.py:2907} INFO - Sync 1 DAGs
[2023-08-23T21:58:40.653-0400] {logging_mixin.py:151} INFO - [2023-08-23T21:58:40.653-0400] {dag.py:3677} INFO - Setting next_dagrun for example_time_delta_sensor_async to None, run_after=None
[2023-08-23T21:58:40.661-0400] {processor.py:179} INFO - Processing /Users/mauri/Desktop/repositorio/apache-airflow-tutorial/env/lib/python3.11/site-packages/airflow/example_dags/example_time_delta_sensor_async.py took 0.094 seconds
[2023-08-23T21:59:53.728-0400] {processor.py:157} INFO - Started process (PID=10074) to work on /Users/mauri/Desktop/repositorio/apache-airflow-tutorial/env/lib/python3.11/site-packages/airflow/example_dags/example_time_delta_sensor_async.py
[2023-08-23T21:59:53.729-0400] {processor.py:829} INFO - Processing file /Users/mauri/Desktop/repositorio/apache-airflow-tutorial/env/lib/python3.11/site-packages/airflow/example_dags/example_time_delta_sensor_async.py for tasks to queue
[2023-08-23T21:59:53.730-0400] {logging_mixin.py:151} INFO - [2023-08-23T21:59:53.729-0400] {dagbag.py:539} INFO - Filling up the DagBag from /Users/mauri/Desktop/repositorio/apache-airflow-tutorial/env/lib/python3.11/site-packages/airflow/example_dags/example_time_delta_sensor_async.py
[2023-08-23T21:59:53.736-0400] {processor.py:839} INFO - DAG(s) dict_keys(['example_time_delta_sensor_async']) retrieved from /Users/mauri/Desktop/repositorio/apache-airflow-tutorial/env/lib/python3.11/site-packages/airflow/example_dags/example_time_delta_sensor_async.py
[2023-08-23T21:59:53.806-0400] {logging_mixin.py:151} INFO - [2023-08-23T21:59:53.806-0400] {dag.py:2907} INFO - Sync 1 DAGs
[2023-08-23T21:59:53.809-0400] {logging_mixin.py:151} INFO - [2023-08-23T21:59:53.809-0400] {dag.py:3677} INFO - Setting next_dagrun for example_time_delta_sensor_async to None, run_after=None
[2023-08-23T21:59:53.816-0400] {processor.py:179} INFO - Processing /Users/mauri/Desktop/repositorio/apache-airflow-tutorial/env/lib/python3.11/site-packages/airflow/example_dags/example_time_delta_sensor_async.py took 0.088 seconds
