[2023-08-23T21:34:52.798-0400] {processor.py:157} INFO - Started process (PID=8533) to work on /Users/mauri/Desktop/repositorio/apache-airflow-tutorial/env/lib/python3.11/site-packages/airflow/example_dags/example_dynamic_task_mapping.py
[2023-08-23T21:34:52.800-0400] {processor.py:829} INFO - Processing file /Users/mauri/Desktop/repositorio/apache-airflow-tutorial/env/lib/python3.11/site-packages/airflow/example_dags/example_dynamic_task_mapping.py for tasks to queue
[2023-08-23T21:34:52.800-0400] {logging_mixin.py:151} INFO - [2023-08-23T21:34:52.800-0400] {dagbag.py:539} INFO - Filling up the DagBag from /Users/mauri/Desktop/repositorio/apache-airflow-tutorial/env/lib/python3.11/site-packages/airflow/example_dags/example_dynamic_task_mapping.py
[2023-08-23T21:34:52.832-0400] {processor.py:839} INFO - DAG(s) dict_keys(['example_dynamic_task_mapping']) retrieved from /Users/mauri/Desktop/repositorio/apache-airflow-tutorial/env/lib/python3.11/site-packages/airflow/example_dags/example_dynamic_task_mapping.py
[2023-08-23T21:34:53.138-0400] {logging_mixin.py:151} INFO - [2023-08-23T21:34:53.138-0400] {manager.py:501} INFO - Created Permission View: can edit on DAG:example_dynamic_task_mapping
[2023-08-23T21:34:53.141-0400] {logging_mixin.py:151} INFO - [2023-08-23T21:34:53.140-0400] {manager.py:501} INFO - Created Permission View: can read on DAG:example_dynamic_task_mapping
[2023-08-23T21:34:53.143-0400] {logging_mixin.py:151} INFO - [2023-08-23T21:34:53.143-0400] {manager.py:501} INFO - Created Permission View: can delete on DAG:example_dynamic_task_mapping
[2023-08-23T21:34:53.147-0400] {logging_mixin.py:151} INFO - [2023-08-23T21:34:53.147-0400] {dag.py:2907} INFO - Sync 1 DAGs
[2023-08-23T21:34:53.150-0400] {logging_mixin.py:151} INFO - [2023-08-23T21:34:53.150-0400] {dag.py:2929} INFO - Creating ORM DAG for example_dynamic_task_mapping
[2023-08-23T21:34:53.153-0400] {logging_mixin.py:151} INFO - [2023-08-23T21:34:53.153-0400] {dag.py:3677} INFO - Setting next_dagrun for example_dynamic_task_mapping to 2022-03-04T00:00:00+00:00, run_after=2022-03-05T00:00:00+00:00
[2023-08-23T21:34:53.159-0400] {processor.py:179} INFO - Processing /Users/mauri/Desktop/repositorio/apache-airflow-tutorial/env/lib/python3.11/site-packages/airflow/example_dags/example_dynamic_task_mapping.py took 0.361 seconds
[2023-08-23T21:36:14.811-0400] {processor.py:157} INFO - Started process (PID=8607) to work on /Users/mauri/Desktop/repositorio/apache-airflow-tutorial/env/lib/python3.11/site-packages/airflow/example_dags/example_dynamic_task_mapping.py
[2023-08-23T21:36:14.812-0400] {processor.py:829} INFO - Processing file /Users/mauri/Desktop/repositorio/apache-airflow-tutorial/env/lib/python3.11/site-packages/airflow/example_dags/example_dynamic_task_mapping.py for tasks to queue
[2023-08-23T21:36:14.813-0400] {logging_mixin.py:151} INFO - [2023-08-23T21:36:14.813-0400] {dagbag.py:539} INFO - Filling up the DagBag from /Users/mauri/Desktop/repositorio/apache-airflow-tutorial/env/lib/python3.11/site-packages/airflow/example_dags/example_dynamic_task_mapping.py
[2023-08-23T21:36:14.846-0400] {processor.py:839} INFO - DAG(s) dict_keys(['example_dynamic_task_mapping']) retrieved from /Users/mauri/Desktop/repositorio/apache-airflow-tutorial/env/lib/python3.11/site-packages/airflow/example_dags/example_dynamic_task_mapping.py
[2023-08-23T21:36:14.898-0400] {logging_mixin.py:151} INFO - [2023-08-23T21:36:14.898-0400] {dag.py:2907} INFO - Sync 1 DAGs
[2023-08-23T21:36:14.903-0400] {logging_mixin.py:151} INFO - [2023-08-23T21:36:14.903-0400] {dag.py:3677} INFO - Setting next_dagrun for example_dynamic_task_mapping to 2022-03-04T00:00:00+00:00, run_after=2022-03-05T00:00:00+00:00
[2023-08-23T21:36:14.910-0400] {processor.py:179} INFO - Processing /Users/mauri/Desktop/repositorio/apache-airflow-tutorial/env/lib/python3.11/site-packages/airflow/example_dags/example_dynamic_task_mapping.py took 0.100 seconds
[2023-08-23T21:37:28.946-0400] {processor.py:157} INFO - Started process (PID=8670) to work on /Users/mauri/Desktop/repositorio/apache-airflow-tutorial/env/lib/python3.11/site-packages/airflow/example_dags/example_dynamic_task_mapping.py
[2023-08-23T21:37:28.948-0400] {processor.py:829} INFO - Processing file /Users/mauri/Desktop/repositorio/apache-airflow-tutorial/env/lib/python3.11/site-packages/airflow/example_dags/example_dynamic_task_mapping.py for tasks to queue
[2023-08-23T21:37:28.949-0400] {logging_mixin.py:151} INFO - [2023-08-23T21:37:28.948-0400] {dagbag.py:539} INFO - Filling up the DagBag from /Users/mauri/Desktop/repositorio/apache-airflow-tutorial/env/lib/python3.11/site-packages/airflow/example_dags/example_dynamic_task_mapping.py
[2023-08-23T21:37:28.980-0400] {processor.py:839} INFO - DAG(s) dict_keys(['example_dynamic_task_mapping']) retrieved from /Users/mauri/Desktop/repositorio/apache-airflow-tutorial/env/lib/python3.11/site-packages/airflow/example_dags/example_dynamic_task_mapping.py
[2023-08-23T21:37:29.032-0400] {logging_mixin.py:151} INFO - [2023-08-23T21:37:29.032-0400] {dag.py:2907} INFO - Sync 1 DAGs
[2023-08-23T21:37:29.037-0400] {logging_mixin.py:151} INFO - [2023-08-23T21:37:29.037-0400] {dag.py:3677} INFO - Setting next_dagrun for example_dynamic_task_mapping to 2022-03-04T00:00:00+00:00, run_after=2022-03-05T00:00:00+00:00
[2023-08-23T21:37:29.045-0400] {processor.py:179} INFO - Processing /Users/mauri/Desktop/repositorio/apache-airflow-tutorial/env/lib/python3.11/site-packages/airflow/example_dags/example_dynamic_task_mapping.py took 0.099 seconds
[2023-08-23T21:38:44.106-0400] {processor.py:157} INFO - Started process (PID=8739) to work on /Users/mauri/Desktop/repositorio/apache-airflow-tutorial/env/lib/python3.11/site-packages/airflow/example_dags/example_dynamic_task_mapping.py
[2023-08-23T21:38:44.109-0400] {processor.py:829} INFO - Processing file /Users/mauri/Desktop/repositorio/apache-airflow-tutorial/env/lib/python3.11/site-packages/airflow/example_dags/example_dynamic_task_mapping.py for tasks to queue
[2023-08-23T21:38:44.109-0400] {logging_mixin.py:151} INFO - [2023-08-23T21:38:44.109-0400] {dagbag.py:539} INFO - Filling up the DagBag from /Users/mauri/Desktop/repositorio/apache-airflow-tutorial/env/lib/python3.11/site-packages/airflow/example_dags/example_dynamic_task_mapping.py
[2023-08-23T21:38:44.140-0400] {processor.py:839} INFO - DAG(s) dict_keys(['example_dynamic_task_mapping']) retrieved from /Users/mauri/Desktop/repositorio/apache-airflow-tutorial/env/lib/python3.11/site-packages/airflow/example_dags/example_dynamic_task_mapping.py
[2023-08-23T21:38:44.192-0400] {logging_mixin.py:151} INFO - [2023-08-23T21:38:44.192-0400] {dag.py:2907} INFO - Sync 1 DAGs
[2023-08-23T21:38:44.197-0400] {logging_mixin.py:151} INFO - [2023-08-23T21:38:44.197-0400] {dag.py:3677} INFO - Setting next_dagrun for example_dynamic_task_mapping to 2022-03-04T00:00:00+00:00, run_after=2022-03-05T00:00:00+00:00
[2023-08-23T21:38:44.204-0400] {processor.py:179} INFO - Processing /Users/mauri/Desktop/repositorio/apache-airflow-tutorial/env/lib/python3.11/site-packages/airflow/example_dags/example_dynamic_task_mapping.py took 0.098 seconds
[2023-08-23T21:39:59.009-0400] {processor.py:157} INFO - Started process (PID=8806) to work on /Users/mauri/Desktop/repositorio/apache-airflow-tutorial/env/lib/python3.11/site-packages/airflow/example_dags/example_dynamic_task_mapping.py
[2023-08-23T21:39:59.010-0400] {processor.py:829} INFO - Processing file /Users/mauri/Desktop/repositorio/apache-airflow-tutorial/env/lib/python3.11/site-packages/airflow/example_dags/example_dynamic_task_mapping.py for tasks to queue
[2023-08-23T21:39:59.010-0400] {logging_mixin.py:151} INFO - [2023-08-23T21:39:59.010-0400] {dagbag.py:539} INFO - Filling up the DagBag from /Users/mauri/Desktop/repositorio/apache-airflow-tutorial/env/lib/python3.11/site-packages/airflow/example_dags/example_dynamic_task_mapping.py
[2023-08-23T21:39:59.041-0400] {processor.py:839} INFO - DAG(s) dict_keys(['example_dynamic_task_mapping']) retrieved from /Users/mauri/Desktop/repositorio/apache-airflow-tutorial/env/lib/python3.11/site-packages/airflow/example_dags/example_dynamic_task_mapping.py
[2023-08-23T21:39:59.094-0400] {logging_mixin.py:151} INFO - [2023-08-23T21:39:59.094-0400] {dag.py:2907} INFO - Sync 1 DAGs
[2023-08-23T21:39:59.100-0400] {logging_mixin.py:151} INFO - [2023-08-23T21:39:59.100-0400] {dag.py:3677} INFO - Setting next_dagrun for example_dynamic_task_mapping to 2022-03-04T00:00:00+00:00, run_after=2022-03-05T00:00:00+00:00
[2023-08-23T21:39:59.106-0400] {processor.py:179} INFO - Processing /Users/mauri/Desktop/repositorio/apache-airflow-tutorial/env/lib/python3.11/site-packages/airflow/example_dags/example_dynamic_task_mapping.py took 0.098 seconds
[2023-08-23T21:41:12.932-0400] {processor.py:157} INFO - Started process (PID=8862) to work on /Users/mauri/Desktop/repositorio/apache-airflow-tutorial/env/lib/python3.11/site-packages/airflow/example_dags/example_dynamic_task_mapping.py
[2023-08-23T21:41:12.933-0400] {processor.py:829} INFO - Processing file /Users/mauri/Desktop/repositorio/apache-airflow-tutorial/env/lib/python3.11/site-packages/airflow/example_dags/example_dynamic_task_mapping.py for tasks to queue
[2023-08-23T21:41:12.933-0400] {logging_mixin.py:151} INFO - [2023-08-23T21:41:12.933-0400] {dagbag.py:539} INFO - Filling up the DagBag from /Users/mauri/Desktop/repositorio/apache-airflow-tutorial/env/lib/python3.11/site-packages/airflow/example_dags/example_dynamic_task_mapping.py
[2023-08-23T21:41:12.965-0400] {processor.py:839} INFO - DAG(s) dict_keys(['example_dynamic_task_mapping']) retrieved from /Users/mauri/Desktop/repositorio/apache-airflow-tutorial/env/lib/python3.11/site-packages/airflow/example_dags/example_dynamic_task_mapping.py
[2023-08-23T21:41:13.017-0400] {logging_mixin.py:151} INFO - [2023-08-23T21:41:13.017-0400] {dag.py:2907} INFO - Sync 1 DAGs
[2023-08-23T21:41:13.023-0400] {logging_mixin.py:151} INFO - [2023-08-23T21:41:13.023-0400] {dag.py:3677} INFO - Setting next_dagrun for example_dynamic_task_mapping to 2022-03-04T00:00:00+00:00, run_after=2022-03-05T00:00:00+00:00
[2023-08-23T21:41:13.030-0400] {processor.py:179} INFO - Processing /Users/mauri/Desktop/repositorio/apache-airflow-tutorial/env/lib/python3.11/site-packages/airflow/example_dags/example_dynamic_task_mapping.py took 0.098 seconds
[2023-08-23T21:42:25.707-0400] {processor.py:157} INFO - Started process (PID=8921) to work on /Users/mauri/Desktop/repositorio/apache-airflow-tutorial/env/lib/python3.11/site-packages/airflow/example_dags/example_dynamic_task_mapping.py
[2023-08-23T21:42:25.708-0400] {processor.py:829} INFO - Processing file /Users/mauri/Desktop/repositorio/apache-airflow-tutorial/env/lib/python3.11/site-packages/airflow/example_dags/example_dynamic_task_mapping.py for tasks to queue
[2023-08-23T21:42:25.708-0400] {logging_mixin.py:151} INFO - [2023-08-23T21:42:25.708-0400] {dagbag.py:539} INFO - Filling up the DagBag from /Users/mauri/Desktop/repositorio/apache-airflow-tutorial/env/lib/python3.11/site-packages/airflow/example_dags/example_dynamic_task_mapping.py
[2023-08-23T21:42:25.739-0400] {processor.py:839} INFO - DAG(s) dict_keys(['example_dynamic_task_mapping']) retrieved from /Users/mauri/Desktop/repositorio/apache-airflow-tutorial/env/lib/python3.11/site-packages/airflow/example_dags/example_dynamic_task_mapping.py
[2023-08-23T21:42:25.791-0400] {logging_mixin.py:151} INFO - [2023-08-23T21:42:25.791-0400] {dag.py:2907} INFO - Sync 1 DAGs
[2023-08-23T21:42:25.796-0400] {logging_mixin.py:151} INFO - [2023-08-23T21:42:25.796-0400] {dag.py:3677} INFO - Setting next_dagrun for example_dynamic_task_mapping to 2022-03-04T00:00:00+00:00, run_after=2022-03-05T00:00:00+00:00
[2023-08-23T21:42:25.803-0400] {processor.py:179} INFO - Processing /Users/mauri/Desktop/repositorio/apache-airflow-tutorial/env/lib/python3.11/site-packages/airflow/example_dags/example_dynamic_task_mapping.py took 0.097 seconds
[2023-08-23T21:43:36.211-0400] {processor.py:157} INFO - Started process (PID=8986) to work on /Users/mauri/Desktop/repositorio/apache-airflow-tutorial/env/lib/python3.11/site-packages/airflow/example_dags/example_dynamic_task_mapping.py
[2023-08-23T21:43:36.212-0400] {processor.py:829} INFO - Processing file /Users/mauri/Desktop/repositorio/apache-airflow-tutorial/env/lib/python3.11/site-packages/airflow/example_dags/example_dynamic_task_mapping.py for tasks to queue
[2023-08-23T21:43:36.213-0400] {logging_mixin.py:151} INFO - [2023-08-23T21:43:36.212-0400] {dagbag.py:539} INFO - Filling up the DagBag from /Users/mauri/Desktop/repositorio/apache-airflow-tutorial/env/lib/python3.11/site-packages/airflow/example_dags/example_dynamic_task_mapping.py
[2023-08-23T21:43:36.244-0400] {processor.py:839} INFO - DAG(s) dict_keys(['example_dynamic_task_mapping']) retrieved from /Users/mauri/Desktop/repositorio/apache-airflow-tutorial/env/lib/python3.11/site-packages/airflow/example_dags/example_dynamic_task_mapping.py
[2023-08-23T21:43:36.296-0400] {logging_mixin.py:151} INFO - [2023-08-23T21:43:36.296-0400] {dag.py:2907} INFO - Sync 1 DAGs
[2023-08-23T21:43:36.301-0400] {logging_mixin.py:151} INFO - [2023-08-23T21:43:36.301-0400] {dag.py:3677} INFO - Setting next_dagrun for example_dynamic_task_mapping to 2022-03-04T00:00:00+00:00, run_after=2022-03-05T00:00:00+00:00
[2023-08-23T21:43:36.308-0400] {processor.py:179} INFO - Processing /Users/mauri/Desktop/repositorio/apache-airflow-tutorial/env/lib/python3.11/site-packages/airflow/example_dags/example_dynamic_task_mapping.py took 0.097 seconds
[2023-08-23T21:44:47.937-0400] {processor.py:157} INFO - Started process (PID=9064) to work on /Users/mauri/Desktop/repositorio/apache-airflow-tutorial/env/lib/python3.11/site-packages/airflow/example_dags/example_dynamic_task_mapping.py
[2023-08-23T21:44:47.938-0400] {processor.py:829} INFO - Processing file /Users/mauri/Desktop/repositorio/apache-airflow-tutorial/env/lib/python3.11/site-packages/airflow/example_dags/example_dynamic_task_mapping.py for tasks to queue
[2023-08-23T21:44:47.939-0400] {logging_mixin.py:151} INFO - [2023-08-23T21:44:47.938-0400] {dagbag.py:539} INFO - Filling up the DagBag from /Users/mauri/Desktop/repositorio/apache-airflow-tutorial/env/lib/python3.11/site-packages/airflow/example_dags/example_dynamic_task_mapping.py
[2023-08-23T21:44:47.969-0400] {processor.py:839} INFO - DAG(s) dict_keys(['example_dynamic_task_mapping']) retrieved from /Users/mauri/Desktop/repositorio/apache-airflow-tutorial/env/lib/python3.11/site-packages/airflow/example_dags/example_dynamic_task_mapping.py
[2023-08-23T21:44:48.022-0400] {logging_mixin.py:151} INFO - [2023-08-23T21:44:48.022-0400] {dag.py:2907} INFO - Sync 1 DAGs
[2023-08-23T21:44:48.027-0400] {logging_mixin.py:151} INFO - [2023-08-23T21:44:48.027-0400] {dag.py:3677} INFO - Setting next_dagrun for example_dynamic_task_mapping to 2022-03-04T00:00:00+00:00, run_after=2022-03-05T00:00:00+00:00
[2023-08-23T21:44:48.034-0400] {processor.py:179} INFO - Processing /Users/mauri/Desktop/repositorio/apache-airflow-tutorial/env/lib/python3.11/site-packages/airflow/example_dags/example_dynamic_task_mapping.py took 0.097 seconds
[2023-08-23T21:46:02.158-0400] {processor.py:157} INFO - Started process (PID=9166) to work on /Users/mauri/Desktop/repositorio/apache-airflow-tutorial/env/lib/python3.11/site-packages/airflow/example_dags/example_dynamic_task_mapping.py
[2023-08-23T21:46:02.159-0400] {processor.py:829} INFO - Processing file /Users/mauri/Desktop/repositorio/apache-airflow-tutorial/env/lib/python3.11/site-packages/airflow/example_dags/example_dynamic_task_mapping.py for tasks to queue
[2023-08-23T21:46:02.159-0400] {logging_mixin.py:151} INFO - [2023-08-23T21:46:02.159-0400] {dagbag.py:539} INFO - Filling up the DagBag from /Users/mauri/Desktop/repositorio/apache-airflow-tutorial/env/lib/python3.11/site-packages/airflow/example_dags/example_dynamic_task_mapping.py
[2023-08-23T21:46:02.190-0400] {processor.py:839} INFO - DAG(s) dict_keys(['example_dynamic_task_mapping']) retrieved from /Users/mauri/Desktop/repositorio/apache-airflow-tutorial/env/lib/python3.11/site-packages/airflow/example_dags/example_dynamic_task_mapping.py
[2023-08-23T21:46:02.242-0400] {logging_mixin.py:151} INFO - [2023-08-23T21:46:02.242-0400] {dag.py:2907} INFO - Sync 1 DAGs
[2023-08-23T21:46:02.247-0400] {logging_mixin.py:151} INFO - [2023-08-23T21:46:02.247-0400] {dag.py:3677} INFO - Setting next_dagrun for example_dynamic_task_mapping to 2022-03-04T00:00:00+00:00, run_after=2022-03-05T00:00:00+00:00
[2023-08-23T21:46:02.255-0400] {processor.py:179} INFO - Processing /Users/mauri/Desktop/repositorio/apache-airflow-tutorial/env/lib/python3.11/site-packages/airflow/example_dags/example_dynamic_task_mapping.py took 0.097 seconds
[2023-08-23T21:47:10.786-0400] {processor.py:157} INFO - Started process (PID=9304) to work on /Users/mauri/Desktop/repositorio/apache-airflow-tutorial/env/lib/python3.11/site-packages/airflow/example_dags/example_dynamic_task_mapping.py
[2023-08-23T21:47:10.787-0400] {processor.py:829} INFO - Processing file /Users/mauri/Desktop/repositorio/apache-airflow-tutorial/env/lib/python3.11/site-packages/airflow/example_dags/example_dynamic_task_mapping.py for tasks to queue
[2023-08-23T21:47:10.787-0400] {logging_mixin.py:151} INFO - [2023-08-23T21:47:10.787-0400] {dagbag.py:539} INFO - Filling up the DagBag from /Users/mauri/Desktop/repositorio/apache-airflow-tutorial/env/lib/python3.11/site-packages/airflow/example_dags/example_dynamic_task_mapping.py
[2023-08-23T21:47:10.818-0400] {processor.py:839} INFO - DAG(s) dict_keys(['example_dynamic_task_mapping']) retrieved from /Users/mauri/Desktop/repositorio/apache-airflow-tutorial/env/lib/python3.11/site-packages/airflow/example_dags/example_dynamic_task_mapping.py
[2023-08-23T21:47:10.870-0400] {logging_mixin.py:151} INFO - [2023-08-23T21:47:10.870-0400] {dag.py:2907} INFO - Sync 1 DAGs
[2023-08-23T21:47:10.875-0400] {logging_mixin.py:151} INFO - [2023-08-23T21:47:10.875-0400] {dag.py:3677} INFO - Setting next_dagrun for example_dynamic_task_mapping to 2022-03-04T00:00:00+00:00, run_after=2022-03-05T00:00:00+00:00
[2023-08-23T21:47:10.882-0400] {processor.py:179} INFO - Processing /Users/mauri/Desktop/repositorio/apache-airflow-tutorial/env/lib/python3.11/site-packages/airflow/example_dags/example_dynamic_task_mapping.py took 0.097 seconds
[2023-08-23T21:48:23.738-0400] {processor.py:157} INFO - Started process (PID=9418) to work on /Users/mauri/Desktop/repositorio/apache-airflow-tutorial/env/lib/python3.11/site-packages/airflow/example_dags/example_dynamic_task_mapping.py
[2023-08-23T21:48:23.740-0400] {processor.py:829} INFO - Processing file /Users/mauri/Desktop/repositorio/apache-airflow-tutorial/env/lib/python3.11/site-packages/airflow/example_dags/example_dynamic_task_mapping.py for tasks to queue
[2023-08-23T21:48:23.740-0400] {logging_mixin.py:151} INFO - [2023-08-23T21:48:23.740-0400] {dagbag.py:539} INFO - Filling up the DagBag from /Users/mauri/Desktop/repositorio/apache-airflow-tutorial/env/lib/python3.11/site-packages/airflow/example_dags/example_dynamic_task_mapping.py
[2023-08-23T21:48:23.771-0400] {processor.py:839} INFO - DAG(s) dict_keys(['example_dynamic_task_mapping']) retrieved from /Users/mauri/Desktop/repositorio/apache-airflow-tutorial/env/lib/python3.11/site-packages/airflow/example_dags/example_dynamic_task_mapping.py
[2023-08-23T21:48:23.823-0400] {logging_mixin.py:151} INFO - [2023-08-23T21:48:23.823-0400] {dag.py:2907} INFO - Sync 1 DAGs
[2023-08-23T21:48:23.828-0400] {logging_mixin.py:151} INFO - [2023-08-23T21:48:23.828-0400] {dag.py:3677} INFO - Setting next_dagrun for example_dynamic_task_mapping to 2022-03-04T00:00:00+00:00, run_after=2022-03-05T00:00:00+00:00
[2023-08-23T21:48:23.835-0400] {processor.py:179} INFO - Processing /Users/mauri/Desktop/repositorio/apache-airflow-tutorial/env/lib/python3.11/site-packages/airflow/example_dags/example_dynamic_task_mapping.py took 0.097 seconds
[2023-08-23T21:49:36.609-0400] {processor.py:157} INFO - Started process (PID=9482) to work on /Users/mauri/Desktop/repositorio/apache-airflow-tutorial/env/lib/python3.11/site-packages/airflow/example_dags/example_dynamic_task_mapping.py
[2023-08-23T21:49:36.610-0400] {processor.py:829} INFO - Processing file /Users/mauri/Desktop/repositorio/apache-airflow-tutorial/env/lib/python3.11/site-packages/airflow/example_dags/example_dynamic_task_mapping.py for tasks to queue
[2023-08-23T21:49:36.610-0400] {logging_mixin.py:151} INFO - [2023-08-23T21:49:36.610-0400] {dagbag.py:539} INFO - Filling up the DagBag from /Users/mauri/Desktop/repositorio/apache-airflow-tutorial/env/lib/python3.11/site-packages/airflow/example_dags/example_dynamic_task_mapping.py
[2023-08-23T21:49:36.644-0400] {processor.py:839} INFO - DAG(s) dict_keys(['example_dynamic_task_mapping']) retrieved from /Users/mauri/Desktop/repositorio/apache-airflow-tutorial/env/lib/python3.11/site-packages/airflow/example_dags/example_dynamic_task_mapping.py
[2023-08-23T21:49:36.698-0400] {logging_mixin.py:151} INFO - [2023-08-23T21:49:36.698-0400] {dag.py:2907} INFO - Sync 1 DAGs
[2023-08-23T21:49:36.703-0400] {logging_mixin.py:151} INFO - [2023-08-23T21:49:36.703-0400] {dag.py:3677} INFO - Setting next_dagrun for example_dynamic_task_mapping to 2022-03-04T00:00:00+00:00, run_after=2022-03-05T00:00:00+00:00
[2023-08-23T21:49:36.710-0400] {processor.py:179} INFO - Processing /Users/mauri/Desktop/repositorio/apache-airflow-tutorial/env/lib/python3.11/site-packages/airflow/example_dags/example_dynamic_task_mapping.py took 0.101 seconds
[2023-08-23T21:50:52.428-0400] {processor.py:157} INFO - Started process (PID=9553) to work on /Users/mauri/Desktop/repositorio/apache-airflow-tutorial/env/lib/python3.11/site-packages/airflow/example_dags/example_dynamic_task_mapping.py
[2023-08-23T21:50:52.430-0400] {processor.py:829} INFO - Processing file /Users/mauri/Desktop/repositorio/apache-airflow-tutorial/env/lib/python3.11/site-packages/airflow/example_dags/example_dynamic_task_mapping.py for tasks to queue
[2023-08-23T21:50:52.431-0400] {logging_mixin.py:151} INFO - [2023-08-23T21:50:52.431-0400] {dagbag.py:539} INFO - Filling up the DagBag from /Users/mauri/Desktop/repositorio/apache-airflow-tutorial/env/lib/python3.11/site-packages/airflow/example_dags/example_dynamic_task_mapping.py
[2023-08-23T21:50:52.462-0400] {processor.py:839} INFO - DAG(s) dict_keys(['example_dynamic_task_mapping']) retrieved from /Users/mauri/Desktop/repositorio/apache-airflow-tutorial/env/lib/python3.11/site-packages/airflow/example_dags/example_dynamic_task_mapping.py
[2023-08-23T21:50:52.513-0400] {logging_mixin.py:151} INFO - [2023-08-23T21:50:52.513-0400] {dag.py:2907} INFO - Sync 1 DAGs
[2023-08-23T21:50:52.518-0400] {logging_mixin.py:151} INFO - [2023-08-23T21:50:52.518-0400] {dag.py:3677} INFO - Setting next_dagrun for example_dynamic_task_mapping to 2022-03-04T00:00:00+00:00, run_after=2022-03-05T00:00:00+00:00
[2023-08-23T21:50:52.525-0400] {processor.py:179} INFO - Processing /Users/mauri/Desktop/repositorio/apache-airflow-tutorial/env/lib/python3.11/site-packages/airflow/example_dags/example_dynamic_task_mapping.py took 0.098 seconds
[2023-08-23T21:52:06.675-0400] {processor.py:157} INFO - Started process (PID=9651) to work on /Users/mauri/Desktop/repositorio/apache-airflow-tutorial/env/lib/python3.11/site-packages/airflow/example_dags/example_dynamic_task_mapping.py
[2023-08-23T21:52:06.676-0400] {processor.py:829} INFO - Processing file /Users/mauri/Desktop/repositorio/apache-airflow-tutorial/env/lib/python3.11/site-packages/airflow/example_dags/example_dynamic_task_mapping.py for tasks to queue
[2023-08-23T21:52:06.676-0400] {logging_mixin.py:151} INFO - [2023-08-23T21:52:06.676-0400] {dagbag.py:539} INFO - Filling up the DagBag from /Users/mauri/Desktop/repositorio/apache-airflow-tutorial/env/lib/python3.11/site-packages/airflow/example_dags/example_dynamic_task_mapping.py
[2023-08-23T21:52:06.709-0400] {processor.py:839} INFO - DAG(s) dict_keys(['example_dynamic_task_mapping']) retrieved from /Users/mauri/Desktop/repositorio/apache-airflow-tutorial/env/lib/python3.11/site-packages/airflow/example_dags/example_dynamic_task_mapping.py
[2023-08-23T21:52:06.763-0400] {logging_mixin.py:151} INFO - [2023-08-23T21:52:06.763-0400] {dag.py:2907} INFO - Sync 1 DAGs
[2023-08-23T21:52:06.769-0400] {logging_mixin.py:151} INFO - [2023-08-23T21:52:06.768-0400] {dag.py:3677} INFO - Setting next_dagrun for example_dynamic_task_mapping to 2022-03-04T00:00:00+00:00, run_after=2022-03-05T00:00:00+00:00
[2023-08-23T21:52:06.776-0400] {processor.py:179} INFO - Processing /Users/mauri/Desktop/repositorio/apache-airflow-tutorial/env/lib/python3.11/site-packages/airflow/example_dags/example_dynamic_task_mapping.py took 0.102 seconds
[2023-08-23T21:53:16.733-0400] {processor.py:157} INFO - Started process (PID=9717) to work on /Users/mauri/Desktop/repositorio/apache-airflow-tutorial/env/lib/python3.11/site-packages/airflow/example_dags/example_dynamic_task_mapping.py
[2023-08-23T21:53:16.734-0400] {processor.py:829} INFO - Processing file /Users/mauri/Desktop/repositorio/apache-airflow-tutorial/env/lib/python3.11/site-packages/airflow/example_dags/example_dynamic_task_mapping.py for tasks to queue
[2023-08-23T21:53:16.734-0400] {logging_mixin.py:151} INFO - [2023-08-23T21:53:16.734-0400] {dagbag.py:539} INFO - Filling up the DagBag from /Users/mauri/Desktop/repositorio/apache-airflow-tutorial/env/lib/python3.11/site-packages/airflow/example_dags/example_dynamic_task_mapping.py
[2023-08-23T21:53:16.770-0400] {processor.py:839} INFO - DAG(s) dict_keys(['example_dynamic_task_mapping']) retrieved from /Users/mauri/Desktop/repositorio/apache-airflow-tutorial/env/lib/python3.11/site-packages/airflow/example_dags/example_dynamic_task_mapping.py
[2023-08-23T21:53:16.824-0400] {logging_mixin.py:151} INFO - [2023-08-23T21:53:16.824-0400] {dag.py:2907} INFO - Sync 1 DAGs
[2023-08-23T21:53:16.830-0400] {logging_mixin.py:151} INFO - [2023-08-23T21:53:16.830-0400] {dag.py:3677} INFO - Setting next_dagrun for example_dynamic_task_mapping to 2022-03-04T00:00:00+00:00, run_after=2022-03-05T00:00:00+00:00
[2023-08-23T21:53:16.837-0400] {processor.py:179} INFO - Processing /Users/mauri/Desktop/repositorio/apache-airflow-tutorial/env/lib/python3.11/site-packages/airflow/example_dags/example_dynamic_task_mapping.py took 0.104 seconds
[2023-08-23T21:54:27.809-0400] {processor.py:157} INFO - Started process (PID=9780) to work on /Users/mauri/Desktop/repositorio/apache-airflow-tutorial/env/lib/python3.11/site-packages/airflow/example_dags/example_dynamic_task_mapping.py
[2023-08-23T21:54:27.810-0400] {processor.py:829} INFO - Processing file /Users/mauri/Desktop/repositorio/apache-airflow-tutorial/env/lib/python3.11/site-packages/airflow/example_dags/example_dynamic_task_mapping.py for tasks to queue
[2023-08-23T21:54:27.811-0400] {logging_mixin.py:151} INFO - [2023-08-23T21:54:27.810-0400] {dagbag.py:539} INFO - Filling up the DagBag from /Users/mauri/Desktop/repositorio/apache-airflow-tutorial/env/lib/python3.11/site-packages/airflow/example_dags/example_dynamic_task_mapping.py
[2023-08-23T21:54:27.841-0400] {processor.py:839} INFO - DAG(s) dict_keys(['example_dynamic_task_mapping']) retrieved from /Users/mauri/Desktop/repositorio/apache-airflow-tutorial/env/lib/python3.11/site-packages/airflow/example_dags/example_dynamic_task_mapping.py
[2023-08-23T21:54:27.893-0400] {logging_mixin.py:151} INFO - [2023-08-23T21:54:27.893-0400] {dag.py:2907} INFO - Sync 1 DAGs
[2023-08-23T21:54:27.898-0400] {logging_mixin.py:151} INFO - [2023-08-23T21:54:27.898-0400] {dag.py:3677} INFO - Setting next_dagrun for example_dynamic_task_mapping to 2022-03-04T00:00:00+00:00, run_after=2022-03-05T00:00:00+00:00
[2023-08-23T21:54:27.905-0400] {processor.py:179} INFO - Processing /Users/mauri/Desktop/repositorio/apache-airflow-tutorial/env/lib/python3.11/site-packages/airflow/example_dags/example_dynamic_task_mapping.py took 0.096 seconds
[2023-08-23T21:55:40.812-0400] {processor.py:157} INFO - Started process (PID=9848) to work on /Users/mauri/Desktop/repositorio/apache-airflow-tutorial/env/lib/python3.11/site-packages/airflow/example_dags/example_dynamic_task_mapping.py
[2023-08-23T21:55:40.813-0400] {processor.py:829} INFO - Processing file /Users/mauri/Desktop/repositorio/apache-airflow-tutorial/env/lib/python3.11/site-packages/airflow/example_dags/example_dynamic_task_mapping.py for tasks to queue
[2023-08-23T21:55:40.813-0400] {logging_mixin.py:151} INFO - [2023-08-23T21:55:40.813-0400] {dagbag.py:539} INFO - Filling up the DagBag from /Users/mauri/Desktop/repositorio/apache-airflow-tutorial/env/lib/python3.11/site-packages/airflow/example_dags/example_dynamic_task_mapping.py
[2023-08-23T21:55:40.844-0400] {processor.py:839} INFO - DAG(s) dict_keys(['example_dynamic_task_mapping']) retrieved from /Users/mauri/Desktop/repositorio/apache-airflow-tutorial/env/lib/python3.11/site-packages/airflow/example_dags/example_dynamic_task_mapping.py
[2023-08-23T21:55:40.897-0400] {logging_mixin.py:151} INFO - [2023-08-23T21:55:40.896-0400] {dag.py:2907} INFO - Sync 1 DAGs
[2023-08-23T21:55:40.902-0400] {logging_mixin.py:151} INFO - [2023-08-23T21:55:40.902-0400] {dag.py:3677} INFO - Setting next_dagrun for example_dynamic_task_mapping to 2022-03-04T00:00:00+00:00, run_after=2022-03-05T00:00:00+00:00
[2023-08-23T21:55:40.909-0400] {processor.py:179} INFO - Processing /Users/mauri/Desktop/repositorio/apache-airflow-tutorial/env/lib/python3.11/site-packages/airflow/example_dags/example_dynamic_task_mapping.py took 0.098 seconds
[2023-08-23T21:56:54.018-0400] {processor.py:157} INFO - Started process (PID=9915) to work on /Users/mauri/Desktop/repositorio/apache-airflow-tutorial/env/lib/python3.11/site-packages/airflow/example_dags/example_dynamic_task_mapping.py
[2023-08-23T21:56:54.019-0400] {processor.py:829} INFO - Processing file /Users/mauri/Desktop/repositorio/apache-airflow-tutorial/env/lib/python3.11/site-packages/airflow/example_dags/example_dynamic_task_mapping.py for tasks to queue
[2023-08-23T21:56:54.019-0400] {logging_mixin.py:151} INFO - [2023-08-23T21:56:54.019-0400] {dagbag.py:539} INFO - Filling up the DagBag from /Users/mauri/Desktop/repositorio/apache-airflow-tutorial/env/lib/python3.11/site-packages/airflow/example_dags/example_dynamic_task_mapping.py
[2023-08-23T21:56:54.050-0400] {processor.py:839} INFO - DAG(s) dict_keys(['example_dynamic_task_mapping']) retrieved from /Users/mauri/Desktop/repositorio/apache-airflow-tutorial/env/lib/python3.11/site-packages/airflow/example_dags/example_dynamic_task_mapping.py
[2023-08-23T21:56:54.101-0400] {logging_mixin.py:151} INFO - [2023-08-23T21:56:54.101-0400] {dag.py:2907} INFO - Sync 1 DAGs
[2023-08-23T21:56:54.107-0400] {logging_mixin.py:151} INFO - [2023-08-23T21:56:54.106-0400] {dag.py:3677} INFO - Setting next_dagrun for example_dynamic_task_mapping to 2022-03-04T00:00:00+00:00, run_after=2022-03-05T00:00:00+00:00
[2023-08-23T21:56:54.114-0400] {processor.py:179} INFO - Processing /Users/mauri/Desktop/repositorio/apache-airflow-tutorial/env/lib/python3.11/site-packages/airflow/example_dags/example_dynamic_task_mapping.py took 0.096 seconds
[2023-08-23T21:58:09.816-0400] {processor.py:157} INFO - Started process (PID=9984) to work on /Users/mauri/Desktop/repositorio/apache-airflow-tutorial/env/lib/python3.11/site-packages/airflow/example_dags/example_dynamic_task_mapping.py
[2023-08-23T21:58:09.818-0400] {processor.py:829} INFO - Processing file /Users/mauri/Desktop/repositorio/apache-airflow-tutorial/env/lib/python3.11/site-packages/airflow/example_dags/example_dynamic_task_mapping.py for tasks to queue
[2023-08-23T21:58:09.818-0400] {logging_mixin.py:151} INFO - [2023-08-23T21:58:09.818-0400] {dagbag.py:539} INFO - Filling up the DagBag from /Users/mauri/Desktop/repositorio/apache-airflow-tutorial/env/lib/python3.11/site-packages/airflow/example_dags/example_dynamic_task_mapping.py
[2023-08-23T21:58:09.849-0400] {processor.py:839} INFO - DAG(s) dict_keys(['example_dynamic_task_mapping']) retrieved from /Users/mauri/Desktop/repositorio/apache-airflow-tutorial/env/lib/python3.11/site-packages/airflow/example_dags/example_dynamic_task_mapping.py
[2023-08-23T21:58:09.900-0400] {logging_mixin.py:151} INFO - [2023-08-23T21:58:09.900-0400] {dag.py:2907} INFO - Sync 1 DAGs
[2023-08-23T21:58:09.906-0400] {logging_mixin.py:151} INFO - [2023-08-23T21:58:09.906-0400] {dag.py:3677} INFO - Setting next_dagrun for example_dynamic_task_mapping to 2022-03-04T00:00:00+00:00, run_after=2022-03-05T00:00:00+00:00
[2023-08-23T21:58:09.913-0400] {processor.py:179} INFO - Processing /Users/mauri/Desktop/repositorio/apache-airflow-tutorial/env/lib/python3.11/site-packages/airflow/example_dags/example_dynamic_task_mapping.py took 0.097 seconds
[2023-08-23T21:59:25.365-0400] {processor.py:157} INFO - Started process (PID=10052) to work on /Users/mauri/Desktop/repositorio/apache-airflow-tutorial/env/lib/python3.11/site-packages/airflow/example_dags/example_dynamic_task_mapping.py
[2023-08-23T21:59:25.366-0400] {processor.py:829} INFO - Processing file /Users/mauri/Desktop/repositorio/apache-airflow-tutorial/env/lib/python3.11/site-packages/airflow/example_dags/example_dynamic_task_mapping.py for tasks to queue
[2023-08-23T21:59:25.366-0400] {logging_mixin.py:151} INFO - [2023-08-23T21:59:25.366-0400] {dagbag.py:539} INFO - Filling up the DagBag from /Users/mauri/Desktop/repositorio/apache-airflow-tutorial/env/lib/python3.11/site-packages/airflow/example_dags/example_dynamic_task_mapping.py
[2023-08-23T21:59:25.399-0400] {processor.py:839} INFO - DAG(s) dict_keys(['example_dynamic_task_mapping']) retrieved from /Users/mauri/Desktop/repositorio/apache-airflow-tutorial/env/lib/python3.11/site-packages/airflow/example_dags/example_dynamic_task_mapping.py
[2023-08-23T21:59:25.453-0400] {logging_mixin.py:151} INFO - [2023-08-23T21:59:25.453-0400] {dag.py:2907} INFO - Sync 1 DAGs
[2023-08-23T21:59:25.459-0400] {logging_mixin.py:151} INFO - [2023-08-23T21:59:25.459-0400] {dag.py:3677} INFO - Setting next_dagrun for example_dynamic_task_mapping to 2022-03-04T00:00:00+00:00, run_after=2022-03-05T00:00:00+00:00
[2023-08-23T21:59:25.467-0400] {processor.py:179} INFO - Processing /Users/mauri/Desktop/repositorio/apache-airflow-tutorial/env/lib/python3.11/site-packages/airflow/example_dags/example_dynamic_task_mapping.py took 0.102 seconds
