[2023-08-23T21:34:45.316-0400] {processor.py:157} INFO - Started process (PID=8529) to work on /Users/mauri/Desktop/repositorio/apache-airflow-tutorial/env/lib/python3.11/site-packages/airflow/example_dags/example_latest_only.py
[2023-08-23T21:34:45.317-0400] {processor.py:829} INFO - Processing file /Users/mauri/Desktop/repositorio/apache-airflow-tutorial/env/lib/python3.11/site-packages/airflow/example_dags/example_latest_only.py for tasks to queue
[2023-08-23T21:34:45.317-0400] {logging_mixin.py:151} INFO - [2023-08-23T21:34:45.317-0400] {dagbag.py:539} INFO - Filling up the DagBag from /Users/mauri/Desktop/repositorio/apache-airflow-tutorial/env/lib/python3.11/site-packages/airflow/example_dags/example_latest_only.py
[2023-08-23T21:34:45.324-0400] {processor.py:839} INFO - DAG(s) dict_keys(['latest_only']) retrieved from /Users/mauri/Desktop/repositorio/apache-airflow-tutorial/env/lib/python3.11/site-packages/airflow/example_dags/example_latest_only.py
[2023-08-23T21:34:45.653-0400] {logging_mixin.py:151} INFO - [2023-08-23T21:34:45.653-0400] {manager.py:501} INFO - Created Permission View: can read on DAG:latest_only
[2023-08-23T21:34:45.655-0400] {logging_mixin.py:151} INFO - [2023-08-23T21:34:45.655-0400] {manager.py:501} INFO - Created Permission View: can edit on DAG:latest_only
[2023-08-23T21:34:45.657-0400] {logging_mixin.py:151} INFO - [2023-08-23T21:34:45.657-0400] {manager.py:501} INFO - Created Permission View: can delete on DAG:latest_only
[2023-08-23T21:34:45.661-0400] {logging_mixin.py:151} INFO - [2023-08-23T21:34:45.661-0400] {dag.py:2907} INFO - Sync 1 DAGs
[2023-08-23T21:34:45.664-0400] {logging_mixin.py:151} INFO - [2023-08-23T21:34:45.664-0400] {dag.py:2929} INFO - Creating ORM DAG for latest_only
[2023-08-23T21:34:45.666-0400] {logging_mixin.py:151} INFO - [2023-08-23T21:34:45.666-0400] {dag.py:3677} INFO - Setting next_dagrun for latest_only to 2023-08-23T21:34:45.666721+00:00, run_after=2023-08-24T01:34:45.666721+00:00
[2023-08-23T21:34:45.672-0400] {processor.py:179} INFO - Processing /Users/mauri/Desktop/repositorio/apache-airflow-tutorial/env/lib/python3.11/site-packages/airflow/example_dags/example_latest_only.py took 0.357 seconds
[2023-08-23T21:36:08.621-0400] {processor.py:157} INFO - Started process (PID=8601) to work on /Users/mauri/Desktop/repositorio/apache-airflow-tutorial/env/lib/python3.11/site-packages/airflow/example_dags/example_latest_only.py
[2023-08-23T21:36:08.624-0400] {processor.py:829} INFO - Processing file /Users/mauri/Desktop/repositorio/apache-airflow-tutorial/env/lib/python3.11/site-packages/airflow/example_dags/example_latest_only.py for tasks to queue
[2023-08-23T21:36:08.624-0400] {logging_mixin.py:151} INFO - [2023-08-23T21:36:08.624-0400] {dagbag.py:539} INFO - Filling up the DagBag from /Users/mauri/Desktop/repositorio/apache-airflow-tutorial/env/lib/python3.11/site-packages/airflow/example_dags/example_latest_only.py
[2023-08-23T21:36:08.630-0400] {processor.py:839} INFO - DAG(s) dict_keys(['latest_only']) retrieved from /Users/mauri/Desktop/repositorio/apache-airflow-tutorial/env/lib/python3.11/site-packages/airflow/example_dags/example_latest_only.py
[2023-08-23T21:36:08.701-0400] {logging_mixin.py:151} INFO - [2023-08-23T21:36:08.701-0400] {dag.py:2907} INFO - Sync 1 DAGs
[2023-08-23T21:36:08.706-0400] {logging_mixin.py:151} INFO - [2023-08-23T21:36:08.706-0400] {dag.py:3677} INFO - Setting next_dagrun for latest_only to 2023-08-23T21:36:08.706399+00:00, run_after=2023-08-24T01:36:08.706399+00:00
[2023-08-23T21:36:08.713-0400] {processor.py:179} INFO - Processing /Users/mauri/Desktop/repositorio/apache-airflow-tutorial/env/lib/python3.11/site-packages/airflow/example_dags/example_latest_only.py took 0.092 seconds
[2023-08-23T21:37:23.313-0400] {processor.py:157} INFO - Started process (PID=8666) to work on /Users/mauri/Desktop/repositorio/apache-airflow-tutorial/env/lib/python3.11/site-packages/airflow/example_dags/example_latest_only.py
[2023-08-23T21:37:23.315-0400] {processor.py:829} INFO - Processing file /Users/mauri/Desktop/repositorio/apache-airflow-tutorial/env/lib/python3.11/site-packages/airflow/example_dags/example_latest_only.py for tasks to queue
[2023-08-23T21:37:23.315-0400] {logging_mixin.py:151} INFO - [2023-08-23T21:37:23.315-0400] {dagbag.py:539} INFO - Filling up the DagBag from /Users/mauri/Desktop/repositorio/apache-airflow-tutorial/env/lib/python3.11/site-packages/airflow/example_dags/example_latest_only.py
[2023-08-23T21:37:23.321-0400] {processor.py:839} INFO - DAG(s) dict_keys(['latest_only']) retrieved from /Users/mauri/Desktop/repositorio/apache-airflow-tutorial/env/lib/python3.11/site-packages/airflow/example_dags/example_latest_only.py
[2023-08-23T21:37:23.392-0400] {logging_mixin.py:151} INFO - [2023-08-23T21:37:23.392-0400] {dag.py:2907} INFO - Sync 1 DAGs
[2023-08-23T21:37:23.397-0400] {logging_mixin.py:151} INFO - [2023-08-23T21:37:23.397-0400] {dag.py:3677} INFO - Setting next_dagrun for latest_only to 2023-08-23T21:37:23.397654+00:00, run_after=2023-08-24T01:37:23.397654+00:00
[2023-08-23T21:37:23.404-0400] {processor.py:179} INFO - Processing /Users/mauri/Desktop/repositorio/apache-airflow-tutorial/env/lib/python3.11/site-packages/airflow/example_dags/example_latest_only.py took 0.091 seconds
[2023-08-23T21:38:38.474-0400] {processor.py:157} INFO - Started process (PID=8730) to work on /Users/mauri/Desktop/repositorio/apache-airflow-tutorial/env/lib/python3.11/site-packages/airflow/example_dags/example_latest_only.py
[2023-08-23T21:38:38.476-0400] {processor.py:829} INFO - Processing file /Users/mauri/Desktop/repositorio/apache-airflow-tutorial/env/lib/python3.11/site-packages/airflow/example_dags/example_latest_only.py for tasks to queue
[2023-08-23T21:38:38.476-0400] {logging_mixin.py:151} INFO - [2023-08-23T21:38:38.476-0400] {dagbag.py:539} INFO - Filling up the DagBag from /Users/mauri/Desktop/repositorio/apache-airflow-tutorial/env/lib/python3.11/site-packages/airflow/example_dags/example_latest_only.py
[2023-08-23T21:38:38.484-0400] {processor.py:839} INFO - DAG(s) dict_keys(['latest_only']) retrieved from /Users/mauri/Desktop/repositorio/apache-airflow-tutorial/env/lib/python3.11/site-packages/airflow/example_dags/example_latest_only.py
[2023-08-23T21:38:38.572-0400] {logging_mixin.py:151} INFO - [2023-08-23T21:38:38.571-0400] {dag.py:2907} INFO - Sync 1 DAGs
[2023-08-23T21:38:38.578-0400] {logging_mixin.py:151} INFO - [2023-08-23T21:38:38.578-0400] {dag.py:3677} INFO - Setting next_dagrun for latest_only to 2023-08-23T21:38:38.578816+00:00, run_after=2023-08-24T01:38:38.578816+00:00
[2023-08-23T21:38:38.587-0400] {processor.py:179} INFO - Processing /Users/mauri/Desktop/repositorio/apache-airflow-tutorial/env/lib/python3.11/site-packages/airflow/example_dags/example_latest_only.py took 0.113 seconds
[2023-08-23T21:39:53.441-0400] {processor.py:157} INFO - Started process (PID=8798) to work on /Users/mauri/Desktop/repositorio/apache-airflow-tutorial/env/lib/python3.11/site-packages/airflow/example_dags/example_latest_only.py
[2023-08-23T21:39:53.444-0400] {processor.py:829} INFO - Processing file /Users/mauri/Desktop/repositorio/apache-airflow-tutorial/env/lib/python3.11/site-packages/airflow/example_dags/example_latest_only.py for tasks to queue
[2023-08-23T21:39:53.444-0400] {logging_mixin.py:151} INFO - [2023-08-23T21:39:53.444-0400] {dagbag.py:539} INFO - Filling up the DagBag from /Users/mauri/Desktop/repositorio/apache-airflow-tutorial/env/lib/python3.11/site-packages/airflow/example_dags/example_latest_only.py
[2023-08-23T21:39:53.451-0400] {processor.py:839} INFO - DAG(s) dict_keys(['latest_only']) retrieved from /Users/mauri/Desktop/repositorio/apache-airflow-tutorial/env/lib/python3.11/site-packages/airflow/example_dags/example_latest_only.py
[2023-08-23T21:39:53.528-0400] {logging_mixin.py:151} INFO - [2023-08-23T21:39:53.528-0400] {dag.py:2907} INFO - Sync 1 DAGs
[2023-08-23T21:39:53.534-0400] {logging_mixin.py:151} INFO - [2023-08-23T21:39:53.534-0400] {dag.py:3677} INFO - Setting next_dagrun for latest_only to 2023-08-23T21:39:53.534118+00:00, run_after=2023-08-24T01:39:53.534118+00:00
[2023-08-23T21:39:53.541-0400] {processor.py:179} INFO - Processing /Users/mauri/Desktop/repositorio/apache-airflow-tutorial/env/lib/python3.11/site-packages/airflow/example_dags/example_latest_only.py took 0.100 seconds
[2023-08-23T21:41:07.373-0400] {processor.py:157} INFO - Started process (PID=8858) to work on /Users/mauri/Desktop/repositorio/apache-airflow-tutorial/env/lib/python3.11/site-packages/airflow/example_dags/example_latest_only.py
[2023-08-23T21:41:07.374-0400] {processor.py:829} INFO - Processing file /Users/mauri/Desktop/repositorio/apache-airflow-tutorial/env/lib/python3.11/site-packages/airflow/example_dags/example_latest_only.py for tasks to queue
[2023-08-23T21:41:07.374-0400] {logging_mixin.py:151} INFO - [2023-08-23T21:41:07.374-0400] {dagbag.py:539} INFO - Filling up the DagBag from /Users/mauri/Desktop/repositorio/apache-airflow-tutorial/env/lib/python3.11/site-packages/airflow/example_dags/example_latest_only.py
[2023-08-23T21:41:07.380-0400] {processor.py:839} INFO - DAG(s) dict_keys(['latest_only']) retrieved from /Users/mauri/Desktop/repositorio/apache-airflow-tutorial/env/lib/python3.11/site-packages/airflow/example_dags/example_latest_only.py
[2023-08-23T21:41:07.451-0400] {logging_mixin.py:151} INFO - [2023-08-23T21:41:07.451-0400] {dag.py:2907} INFO - Sync 1 DAGs
[2023-08-23T21:41:07.457-0400] {logging_mixin.py:151} INFO - [2023-08-23T21:41:07.457-0400] {dag.py:3677} INFO - Setting next_dagrun for latest_only to 2023-08-23T21:41:07.457158+00:00, run_after=2023-08-24T01:41:07.457158+00:00
[2023-08-23T21:41:07.465-0400] {processor.py:179} INFO - Processing /Users/mauri/Desktop/repositorio/apache-airflow-tutorial/env/lib/python3.11/site-packages/airflow/example_dags/example_latest_only.py took 0.092 seconds
[2023-08-23T21:42:20.120-0400] {processor.py:157} INFO - Started process (PID=8915) to work on /Users/mauri/Desktop/repositorio/apache-airflow-tutorial/env/lib/python3.11/site-packages/airflow/example_dags/example_latest_only.py
[2023-08-23T21:42:20.122-0400] {processor.py:829} INFO - Processing file /Users/mauri/Desktop/repositorio/apache-airflow-tutorial/env/lib/python3.11/site-packages/airflow/example_dags/example_latest_only.py for tasks to queue
[2023-08-23T21:42:20.122-0400] {logging_mixin.py:151} INFO - [2023-08-23T21:42:20.122-0400] {dagbag.py:539} INFO - Filling up the DagBag from /Users/mauri/Desktop/repositorio/apache-airflow-tutorial/env/lib/python3.11/site-packages/airflow/example_dags/example_latest_only.py
[2023-08-23T21:42:20.128-0400] {processor.py:839} INFO - DAG(s) dict_keys(['latest_only']) retrieved from /Users/mauri/Desktop/repositorio/apache-airflow-tutorial/env/lib/python3.11/site-packages/airflow/example_dags/example_latest_only.py
[2023-08-23T21:42:20.200-0400] {logging_mixin.py:151} INFO - [2023-08-23T21:42:20.200-0400] {dag.py:2907} INFO - Sync 1 DAGs
[2023-08-23T21:42:20.205-0400] {logging_mixin.py:151} INFO - [2023-08-23T21:42:20.205-0400] {dag.py:3677} INFO - Setting next_dagrun for latest_only to 2023-08-23T21:42:20.205649+00:00, run_after=2023-08-24T01:42:20.205649+00:00
[2023-08-23T21:42:20.212-0400] {processor.py:179} INFO - Processing /Users/mauri/Desktop/repositorio/apache-airflow-tutorial/env/lib/python3.11/site-packages/airflow/example_dags/example_latest_only.py took 0.092 seconds
[2023-08-23T21:43:31.172-0400] {processor.py:157} INFO - Started process (PID=8979) to work on /Users/mauri/Desktop/repositorio/apache-airflow-tutorial/env/lib/python3.11/site-packages/airflow/example_dags/example_latest_only.py
[2023-08-23T21:43:31.173-0400] {processor.py:829} INFO - Processing file /Users/mauri/Desktop/repositorio/apache-airflow-tutorial/env/lib/python3.11/site-packages/airflow/example_dags/example_latest_only.py for tasks to queue
[2023-08-23T21:43:31.174-0400] {logging_mixin.py:151} INFO - [2023-08-23T21:43:31.174-0400] {dagbag.py:539} INFO - Filling up the DagBag from /Users/mauri/Desktop/repositorio/apache-airflow-tutorial/env/lib/python3.11/site-packages/airflow/example_dags/example_latest_only.py
[2023-08-23T21:43:31.180-0400] {processor.py:839} INFO - DAG(s) dict_keys(['latest_only']) retrieved from /Users/mauri/Desktop/repositorio/apache-airflow-tutorial/env/lib/python3.11/site-packages/airflow/example_dags/example_latest_only.py
[2023-08-23T21:43:31.252-0400] {logging_mixin.py:151} INFO - [2023-08-23T21:43:31.252-0400] {dag.py:2907} INFO - Sync 1 DAGs
[2023-08-23T21:43:31.258-0400] {logging_mixin.py:151} INFO - [2023-08-23T21:43:31.258-0400] {dag.py:3677} INFO - Setting next_dagrun for latest_only to 2023-08-23T21:43:31.258074+00:00, run_after=2023-08-24T01:43:31.258074+00:00
[2023-08-23T21:43:31.264-0400] {processor.py:179} INFO - Processing /Users/mauri/Desktop/repositorio/apache-airflow-tutorial/env/lib/python3.11/site-packages/airflow/example_dags/example_latest_only.py took 0.093 seconds
[2023-08-23T21:44:42.327-0400] {processor.py:157} INFO - Started process (PID=9060) to work on /Users/mauri/Desktop/repositorio/apache-airflow-tutorial/env/lib/python3.11/site-packages/airflow/example_dags/example_latest_only.py
[2023-08-23T21:44:42.329-0400] {processor.py:829} INFO - Processing file /Users/mauri/Desktop/repositorio/apache-airflow-tutorial/env/lib/python3.11/site-packages/airflow/example_dags/example_latest_only.py for tasks to queue
[2023-08-23T21:44:42.329-0400] {logging_mixin.py:151} INFO - [2023-08-23T21:44:42.329-0400] {dagbag.py:539} INFO - Filling up the DagBag from /Users/mauri/Desktop/repositorio/apache-airflow-tutorial/env/lib/python3.11/site-packages/airflow/example_dags/example_latest_only.py
[2023-08-23T21:44:42.335-0400] {processor.py:839} INFO - DAG(s) dict_keys(['latest_only']) retrieved from /Users/mauri/Desktop/repositorio/apache-airflow-tutorial/env/lib/python3.11/site-packages/airflow/example_dags/example_latest_only.py
[2023-08-23T21:44:42.408-0400] {logging_mixin.py:151} INFO - [2023-08-23T21:44:42.408-0400] {dag.py:2907} INFO - Sync 1 DAGs
[2023-08-23T21:44:42.413-0400] {logging_mixin.py:151} INFO - [2023-08-23T21:44:42.413-0400] {dag.py:3677} INFO - Setting next_dagrun for latest_only to 2023-08-23T21:44:42.413511+00:00, run_after=2023-08-24T01:44:42.413511+00:00
[2023-08-23T21:44:42.420-0400] {processor.py:179} INFO - Processing /Users/mauri/Desktop/repositorio/apache-airflow-tutorial/env/lib/python3.11/site-packages/airflow/example_dags/example_latest_only.py took 0.093 seconds
[2023-08-23T21:45:56.599-0400] {processor.py:157} INFO - Started process (PID=9158) to work on /Users/mauri/Desktop/repositorio/apache-airflow-tutorial/env/lib/python3.11/site-packages/airflow/example_dags/example_latest_only.py
[2023-08-23T21:45:56.601-0400] {processor.py:829} INFO - Processing file /Users/mauri/Desktop/repositorio/apache-airflow-tutorial/env/lib/python3.11/site-packages/airflow/example_dags/example_latest_only.py for tasks to queue
[2023-08-23T21:45:56.601-0400] {logging_mixin.py:151} INFO - [2023-08-23T21:45:56.601-0400] {dagbag.py:539} INFO - Filling up the DagBag from /Users/mauri/Desktop/repositorio/apache-airflow-tutorial/env/lib/python3.11/site-packages/airflow/example_dags/example_latest_only.py
[2023-08-23T21:45:56.607-0400] {processor.py:839} INFO - DAG(s) dict_keys(['latest_only']) retrieved from /Users/mauri/Desktop/repositorio/apache-airflow-tutorial/env/lib/python3.11/site-packages/airflow/example_dags/example_latest_only.py
[2023-08-23T21:45:56.676-0400] {logging_mixin.py:151} INFO - [2023-08-23T21:45:56.675-0400] {dag.py:2907} INFO - Sync 1 DAGs
[2023-08-23T21:45:56.681-0400] {logging_mixin.py:151} INFO - [2023-08-23T21:45:56.681-0400] {dag.py:3677} INFO - Setting next_dagrun for latest_only to 2023-08-23T21:45:56.681125+00:00, run_after=2023-08-24T01:45:56.681125+00:00
[2023-08-23T21:45:56.687-0400] {processor.py:179} INFO - Processing /Users/mauri/Desktop/repositorio/apache-airflow-tutorial/env/lib/python3.11/site-packages/airflow/example_dags/example_latest_only.py took 0.088 seconds
[2023-08-23T21:47:05.498-0400] {processor.py:157} INFO - Started process (PID=9292) to work on /Users/mauri/Desktop/repositorio/apache-airflow-tutorial/env/lib/python3.11/site-packages/airflow/example_dags/example_latest_only.py
[2023-08-23T21:47:05.499-0400] {processor.py:829} INFO - Processing file /Users/mauri/Desktop/repositorio/apache-airflow-tutorial/env/lib/python3.11/site-packages/airflow/example_dags/example_latest_only.py for tasks to queue
[2023-08-23T21:47:05.499-0400] {logging_mixin.py:151} INFO - [2023-08-23T21:47:05.499-0400] {dagbag.py:539} INFO - Filling up the DagBag from /Users/mauri/Desktop/repositorio/apache-airflow-tutorial/env/lib/python3.11/site-packages/airflow/example_dags/example_latest_only.py
[2023-08-23T21:47:05.505-0400] {processor.py:839} INFO - DAG(s) dict_keys(['latest_only']) retrieved from /Users/mauri/Desktop/repositorio/apache-airflow-tutorial/env/lib/python3.11/site-packages/airflow/example_dags/example_latest_only.py
[2023-08-23T21:47:05.573-0400] {logging_mixin.py:151} INFO - [2023-08-23T21:47:05.573-0400] {dag.py:2907} INFO - Sync 1 DAGs
[2023-08-23T21:47:05.578-0400] {logging_mixin.py:151} INFO - [2023-08-23T21:47:05.578-0400] {dag.py:3677} INFO - Setting next_dagrun for latest_only to 2023-08-23T21:47:05.578739+00:00, run_after=2023-08-24T01:47:05.578739+00:00
[2023-08-23T21:47:05.585-0400] {processor.py:179} INFO - Processing /Users/mauri/Desktop/repositorio/apache-airflow-tutorial/env/lib/python3.11/site-packages/airflow/example_dags/example_latest_only.py took 0.088 seconds
[2023-08-23T21:48:18.092-0400] {processor.py:157} INFO - Started process (PID=9414) to work on /Users/mauri/Desktop/repositorio/apache-airflow-tutorial/env/lib/python3.11/site-packages/airflow/example_dags/example_latest_only.py
[2023-08-23T21:48:18.093-0400] {processor.py:829} INFO - Processing file /Users/mauri/Desktop/repositorio/apache-airflow-tutorial/env/lib/python3.11/site-packages/airflow/example_dags/example_latest_only.py for tasks to queue
[2023-08-23T21:48:18.094-0400] {logging_mixin.py:151} INFO - [2023-08-23T21:48:18.093-0400] {dagbag.py:539} INFO - Filling up the DagBag from /Users/mauri/Desktop/repositorio/apache-airflow-tutorial/env/lib/python3.11/site-packages/airflow/example_dags/example_latest_only.py
[2023-08-23T21:48:18.100-0400] {processor.py:839} INFO - DAG(s) dict_keys(['latest_only']) retrieved from /Users/mauri/Desktop/repositorio/apache-airflow-tutorial/env/lib/python3.11/site-packages/airflow/example_dags/example_latest_only.py
[2023-08-23T21:48:18.173-0400] {logging_mixin.py:151} INFO - [2023-08-23T21:48:18.173-0400] {dag.py:2907} INFO - Sync 1 DAGs
[2023-08-23T21:48:18.179-0400] {logging_mixin.py:151} INFO - [2023-08-23T21:48:18.179-0400] {dag.py:3677} INFO - Setting next_dagrun for latest_only to 2023-08-23T21:48:18.178939+00:00, run_after=2023-08-24T01:48:18.178939+00:00
[2023-08-23T21:48:18.185-0400] {processor.py:179} INFO - Processing /Users/mauri/Desktop/repositorio/apache-airflow-tutorial/env/lib/python3.11/site-packages/airflow/example_dags/example_latest_only.py took 0.094 seconds
[2023-08-23T21:49:30.974-0400] {processor.py:157} INFO - Started process (PID=9478) to work on /Users/mauri/Desktop/repositorio/apache-airflow-tutorial/env/lib/python3.11/site-packages/airflow/example_dags/example_latest_only.py
[2023-08-23T21:49:30.977-0400] {processor.py:829} INFO - Processing file /Users/mauri/Desktop/repositorio/apache-airflow-tutorial/env/lib/python3.11/site-packages/airflow/example_dags/example_latest_only.py for tasks to queue
[2023-08-23T21:49:30.977-0400] {logging_mixin.py:151} INFO - [2023-08-23T21:49:30.977-0400] {dagbag.py:539} INFO - Filling up the DagBag from /Users/mauri/Desktop/repositorio/apache-airflow-tutorial/env/lib/python3.11/site-packages/airflow/example_dags/example_latest_only.py
[2023-08-23T21:49:30.984-0400] {processor.py:839} INFO - DAG(s) dict_keys(['latest_only']) retrieved from /Users/mauri/Desktop/repositorio/apache-airflow-tutorial/env/lib/python3.11/site-packages/airflow/example_dags/example_latest_only.py
[2023-08-23T21:49:31.058-0400] {logging_mixin.py:151} INFO - [2023-08-23T21:49:31.057-0400] {dag.py:2907} INFO - Sync 1 DAGs
[2023-08-23T21:49:31.063-0400] {logging_mixin.py:151} INFO - [2023-08-23T21:49:31.063-0400] {dag.py:3677} INFO - Setting next_dagrun for latest_only to 2023-08-23T21:49:31.063143+00:00, run_after=2023-08-24T01:49:31.063143+00:00
[2023-08-23T21:49:31.070-0400] {processor.py:179} INFO - Processing /Users/mauri/Desktop/repositorio/apache-airflow-tutorial/env/lib/python3.11/site-packages/airflow/example_dags/example_latest_only.py took 0.096 seconds
[2023-08-23T21:50:46.808-0400] {processor.py:157} INFO - Started process (PID=9549) to work on /Users/mauri/Desktop/repositorio/apache-airflow-tutorial/env/lib/python3.11/site-packages/airflow/example_dags/example_latest_only.py
[2023-08-23T21:50:46.811-0400] {processor.py:829} INFO - Processing file /Users/mauri/Desktop/repositorio/apache-airflow-tutorial/env/lib/python3.11/site-packages/airflow/example_dags/example_latest_only.py for tasks to queue
[2023-08-23T21:50:46.811-0400] {logging_mixin.py:151} INFO - [2023-08-23T21:50:46.811-0400] {dagbag.py:539} INFO - Filling up the DagBag from /Users/mauri/Desktop/repositorio/apache-airflow-tutorial/env/lib/python3.11/site-packages/airflow/example_dags/example_latest_only.py
[2023-08-23T21:50:46.817-0400] {processor.py:839} INFO - DAG(s) dict_keys(['latest_only']) retrieved from /Users/mauri/Desktop/repositorio/apache-airflow-tutorial/env/lib/python3.11/site-packages/airflow/example_dags/example_latest_only.py
[2023-08-23T21:50:46.886-0400] {logging_mixin.py:151} INFO - [2023-08-23T21:50:46.886-0400] {dag.py:2907} INFO - Sync 1 DAGs
[2023-08-23T21:50:46.892-0400] {logging_mixin.py:151} INFO - [2023-08-23T21:50:46.892-0400] {dag.py:3677} INFO - Setting next_dagrun for latest_only to 2023-08-23T21:50:46.892037+00:00, run_after=2023-08-24T01:50:46.892037+00:00
[2023-08-23T21:50:46.898-0400] {processor.py:179} INFO - Processing /Users/mauri/Desktop/repositorio/apache-airflow-tutorial/env/lib/python3.11/site-packages/airflow/example_dags/example_latest_only.py took 0.090 seconds
[2023-08-23T21:52:01.106-0400] {processor.py:157} INFO - Started process (PID=9643) to work on /Users/mauri/Desktop/repositorio/apache-airflow-tutorial/env/lib/python3.11/site-packages/airflow/example_dags/example_latest_only.py
[2023-08-23T21:52:01.109-0400] {processor.py:829} INFO - Processing file /Users/mauri/Desktop/repositorio/apache-airflow-tutorial/env/lib/python3.11/site-packages/airflow/example_dags/example_latest_only.py for tasks to queue
[2023-08-23T21:52:01.109-0400] {logging_mixin.py:151} INFO - [2023-08-23T21:52:01.109-0400] {dagbag.py:539} INFO - Filling up the DagBag from /Users/mauri/Desktop/repositorio/apache-airflow-tutorial/env/lib/python3.11/site-packages/airflow/example_dags/example_latest_only.py
[2023-08-23T21:52:01.115-0400] {processor.py:839} INFO - DAG(s) dict_keys(['latest_only']) retrieved from /Users/mauri/Desktop/repositorio/apache-airflow-tutorial/env/lib/python3.11/site-packages/airflow/example_dags/example_latest_only.py
[2023-08-23T21:52:01.183-0400] {logging_mixin.py:151} INFO - [2023-08-23T21:52:01.183-0400] {dag.py:2907} INFO - Sync 1 DAGs
[2023-08-23T21:52:01.189-0400] {logging_mixin.py:151} INFO - [2023-08-23T21:52:01.188-0400] {dag.py:3677} INFO - Setting next_dagrun for latest_only to 2023-08-23T21:52:01.188939+00:00, run_after=2023-08-24T01:52:01.188939+00:00
[2023-08-23T21:52:01.195-0400] {processor.py:179} INFO - Processing /Users/mauri/Desktop/repositorio/apache-airflow-tutorial/env/lib/python3.11/site-packages/airflow/example_dags/example_latest_only.py took 0.089 seconds
[2023-08-23T21:53:11.100-0400] {processor.py:157} INFO - Started process (PID=9713) to work on /Users/mauri/Desktop/repositorio/apache-airflow-tutorial/env/lib/python3.11/site-packages/airflow/example_dags/example_latest_only.py
[2023-08-23T21:53:11.101-0400] {processor.py:829} INFO - Processing file /Users/mauri/Desktop/repositorio/apache-airflow-tutorial/env/lib/python3.11/site-packages/airflow/example_dags/example_latest_only.py for tasks to queue
[2023-08-23T21:53:11.102-0400] {logging_mixin.py:151} INFO - [2023-08-23T21:53:11.102-0400] {dagbag.py:539} INFO - Filling up the DagBag from /Users/mauri/Desktop/repositorio/apache-airflow-tutorial/env/lib/python3.11/site-packages/airflow/example_dags/example_latest_only.py
[2023-08-23T21:53:11.108-0400] {processor.py:839} INFO - DAG(s) dict_keys(['latest_only']) retrieved from /Users/mauri/Desktop/repositorio/apache-airflow-tutorial/env/lib/python3.11/site-packages/airflow/example_dags/example_latest_only.py
[2023-08-23T21:53:11.184-0400] {logging_mixin.py:151} INFO - [2023-08-23T21:53:11.184-0400] {dag.py:2907} INFO - Sync 1 DAGs
[2023-08-23T21:53:11.190-0400] {logging_mixin.py:151} INFO - [2023-08-23T21:53:11.190-0400] {dag.py:3677} INFO - Setting next_dagrun for latest_only to 2023-08-23T21:53:11.190303+00:00, run_after=2023-08-24T01:53:11.190303+00:00
[2023-08-23T21:53:11.197-0400] {processor.py:179} INFO - Processing /Users/mauri/Desktop/repositorio/apache-airflow-tutorial/env/lib/python3.11/site-packages/airflow/example_dags/example_latest_only.py took 0.098 seconds
[2023-08-23T21:54:22.194-0400] {processor.py:157} INFO - Started process (PID=9776) to work on /Users/mauri/Desktop/repositorio/apache-airflow-tutorial/env/lib/python3.11/site-packages/airflow/example_dags/example_latest_only.py
[2023-08-23T21:54:22.196-0400] {processor.py:829} INFO - Processing file /Users/mauri/Desktop/repositorio/apache-airflow-tutorial/env/lib/python3.11/site-packages/airflow/example_dags/example_latest_only.py for tasks to queue
[2023-08-23T21:54:22.196-0400] {logging_mixin.py:151} INFO - [2023-08-23T21:54:22.196-0400] {dagbag.py:539} INFO - Filling up the DagBag from /Users/mauri/Desktop/repositorio/apache-airflow-tutorial/env/lib/python3.11/site-packages/airflow/example_dags/example_latest_only.py
[2023-08-23T21:54:22.202-0400] {processor.py:839} INFO - DAG(s) dict_keys(['latest_only']) retrieved from /Users/mauri/Desktop/repositorio/apache-airflow-tutorial/env/lib/python3.11/site-packages/airflow/example_dags/example_latest_only.py
[2023-08-23T21:54:22.272-0400] {logging_mixin.py:151} INFO - [2023-08-23T21:54:22.271-0400] {dag.py:2907} INFO - Sync 1 DAGs
[2023-08-23T21:54:22.277-0400] {logging_mixin.py:151} INFO - [2023-08-23T21:54:22.277-0400] {dag.py:3677} INFO - Setting next_dagrun for latest_only to 2023-08-23T21:54:22.277320+00:00, run_after=2023-08-24T01:54:22.277320+00:00
[2023-08-23T21:54:22.284-0400] {processor.py:179} INFO - Processing /Users/mauri/Desktop/repositorio/apache-airflow-tutorial/env/lib/python3.11/site-packages/airflow/example_dags/example_latest_only.py took 0.090 seconds
[2023-08-23T21:55:35.267-0400] {processor.py:157} INFO - Started process (PID=9844) to work on /Users/mauri/Desktop/repositorio/apache-airflow-tutorial/env/lib/python3.11/site-packages/airflow/example_dags/example_latest_only.py
[2023-08-23T21:55:35.268-0400] {processor.py:829} INFO - Processing file /Users/mauri/Desktop/repositorio/apache-airflow-tutorial/env/lib/python3.11/site-packages/airflow/example_dags/example_latest_only.py for tasks to queue
[2023-08-23T21:55:35.268-0400] {logging_mixin.py:151} INFO - [2023-08-23T21:55:35.268-0400] {dagbag.py:539} INFO - Filling up the DagBag from /Users/mauri/Desktop/repositorio/apache-airflow-tutorial/env/lib/python3.11/site-packages/airflow/example_dags/example_latest_only.py
[2023-08-23T21:55:35.275-0400] {processor.py:839} INFO - DAG(s) dict_keys(['latest_only']) retrieved from /Users/mauri/Desktop/repositorio/apache-airflow-tutorial/env/lib/python3.11/site-packages/airflow/example_dags/example_latest_only.py
[2023-08-23T21:55:35.348-0400] {logging_mixin.py:151} INFO - [2023-08-23T21:55:35.348-0400] {dag.py:2907} INFO - Sync 1 DAGs
[2023-08-23T21:55:35.354-0400] {logging_mixin.py:151} INFO - [2023-08-23T21:55:35.354-0400] {dag.py:3677} INFO - Setting next_dagrun for latest_only to 2023-08-23T21:55:35.353976+00:00, run_after=2023-08-24T01:55:35.353976+00:00
[2023-08-23T21:55:35.360-0400] {processor.py:179} INFO - Processing /Users/mauri/Desktop/repositorio/apache-airflow-tutorial/env/lib/python3.11/site-packages/airflow/example_dags/example_latest_only.py took 0.094 seconds
[2023-08-23T21:56:48.402-0400] {processor.py:157} INFO - Started process (PID=9911) to work on /Users/mauri/Desktop/repositorio/apache-airflow-tutorial/env/lib/python3.11/site-packages/airflow/example_dags/example_latest_only.py
[2023-08-23T21:56:48.404-0400] {processor.py:829} INFO - Processing file /Users/mauri/Desktop/repositorio/apache-airflow-tutorial/env/lib/python3.11/site-packages/airflow/example_dags/example_latest_only.py for tasks to queue
[2023-08-23T21:56:48.404-0400] {logging_mixin.py:151} INFO - [2023-08-23T21:56:48.404-0400] {dagbag.py:539} INFO - Filling up the DagBag from /Users/mauri/Desktop/repositorio/apache-airflow-tutorial/env/lib/python3.11/site-packages/airflow/example_dags/example_latest_only.py
[2023-08-23T21:56:48.410-0400] {processor.py:839} INFO - DAG(s) dict_keys(['latest_only']) retrieved from /Users/mauri/Desktop/repositorio/apache-airflow-tutorial/env/lib/python3.11/site-packages/airflow/example_dags/example_latest_only.py
[2023-08-23T21:56:48.481-0400] {logging_mixin.py:151} INFO - [2023-08-23T21:56:48.481-0400] {dag.py:2907} INFO - Sync 1 DAGs
[2023-08-23T21:56:48.487-0400] {logging_mixin.py:151} INFO - [2023-08-23T21:56:48.487-0400] {dag.py:3677} INFO - Setting next_dagrun for latest_only to 2023-08-23T21:56:48.487347+00:00, run_after=2023-08-24T01:56:48.487347+00:00
[2023-08-23T21:56:48.494-0400] {processor.py:179} INFO - Processing /Users/mauri/Desktop/repositorio/apache-airflow-tutorial/env/lib/python3.11/site-packages/airflow/example_dags/example_latest_only.py took 0.092 seconds
[2023-08-23T21:58:04.214-0400] {processor.py:157} INFO - Started process (PID=9978) to work on /Users/mauri/Desktop/repositorio/apache-airflow-tutorial/env/lib/python3.11/site-packages/airflow/example_dags/example_latest_only.py
[2023-08-23T21:58:04.215-0400] {processor.py:829} INFO - Processing file /Users/mauri/Desktop/repositorio/apache-airflow-tutorial/env/lib/python3.11/site-packages/airflow/example_dags/example_latest_only.py for tasks to queue
[2023-08-23T21:58:04.216-0400] {logging_mixin.py:151} INFO - [2023-08-23T21:58:04.215-0400] {dagbag.py:539} INFO - Filling up the DagBag from /Users/mauri/Desktop/repositorio/apache-airflow-tutorial/env/lib/python3.11/site-packages/airflow/example_dags/example_latest_only.py
[2023-08-23T21:58:04.222-0400] {processor.py:839} INFO - DAG(s) dict_keys(['latest_only']) retrieved from /Users/mauri/Desktop/repositorio/apache-airflow-tutorial/env/lib/python3.11/site-packages/airflow/example_dags/example_latest_only.py
[2023-08-23T21:58:04.290-0400] {logging_mixin.py:151} INFO - [2023-08-23T21:58:04.290-0400] {dag.py:2907} INFO - Sync 1 DAGs
[2023-08-23T21:58:04.296-0400] {logging_mixin.py:151} INFO - [2023-08-23T21:58:04.295-0400] {dag.py:3677} INFO - Setting next_dagrun for latest_only to 2023-08-23T21:58:04.295939+00:00, run_after=2023-08-24T01:58:04.295939+00:00
[2023-08-23T21:58:04.302-0400] {processor.py:179} INFO - Processing /Users/mauri/Desktop/repositorio/apache-airflow-tutorial/env/lib/python3.11/site-packages/airflow/example_dags/example_latest_only.py took 0.089 seconds
[2023-08-23T21:59:19.666-0400] {processor.py:157} INFO - Started process (PID=10044) to work on /Users/mauri/Desktop/repositorio/apache-airflow-tutorial/env/lib/python3.11/site-packages/airflow/example_dags/example_latest_only.py
[2023-08-23T21:59:19.668-0400] {processor.py:829} INFO - Processing file /Users/mauri/Desktop/repositorio/apache-airflow-tutorial/env/lib/python3.11/site-packages/airflow/example_dags/example_latest_only.py for tasks to queue
[2023-08-23T21:59:19.668-0400] {logging_mixin.py:151} INFO - [2023-08-23T21:59:19.668-0400] {dagbag.py:539} INFO - Filling up the DagBag from /Users/mauri/Desktop/repositorio/apache-airflow-tutorial/env/lib/python3.11/site-packages/airflow/example_dags/example_latest_only.py
[2023-08-23T21:59:19.674-0400] {processor.py:839} INFO - DAG(s) dict_keys(['latest_only']) retrieved from /Users/mauri/Desktop/repositorio/apache-airflow-tutorial/env/lib/python3.11/site-packages/airflow/example_dags/example_latest_only.py
[2023-08-23T21:59:19.743-0400] {logging_mixin.py:151} INFO - [2023-08-23T21:59:19.743-0400] {dag.py:2907} INFO - Sync 1 DAGs
[2023-08-23T21:59:19.749-0400] {logging_mixin.py:151} INFO - [2023-08-23T21:59:19.748-0400] {dag.py:3677} INFO - Setting next_dagrun for latest_only to 2023-08-23T21:59:19.748891+00:00, run_after=2023-08-24T01:59:19.748891+00:00
[2023-08-23T21:59:19.756-0400] {processor.py:179} INFO - Processing /Users/mauri/Desktop/repositorio/apache-airflow-tutorial/env/lib/python3.11/site-packages/airflow/example_dags/example_latest_only.py took 0.089 seconds
