[2023-08-23T21:34:43.990-0400] {processor.py:157} INFO - Started process (PID=8528) to work on /Users/mauri/Desktop/repositorio/apache-airflow-tutorial/env/lib/python3.11/site-packages/airflow/example_dags/example_latest_only_with_trigger.py
[2023-08-23T21:34:43.992-0400] {processor.py:829} INFO - Processing file /Users/mauri/Desktop/repositorio/apache-airflow-tutorial/env/lib/python3.11/site-packages/airflow/example_dags/example_latest_only_with_trigger.py for tasks to queue
[2023-08-23T21:34:43.992-0400] {logging_mixin.py:151} INFO - [2023-08-23T21:34:43.992-0400] {dagbag.py:539} INFO - Filling up the DagBag from /Users/mauri/Desktop/repositorio/apache-airflow-tutorial/env/lib/python3.11/site-packages/airflow/example_dags/example_latest_only_with_trigger.py
[2023-08-23T21:34:43.998-0400] {processor.py:839} INFO - DAG(s) dict_keys(['latest_only_with_trigger']) retrieved from /Users/mauri/Desktop/repositorio/apache-airflow-tutorial/env/lib/python3.11/site-packages/airflow/example_dags/example_latest_only_with_trigger.py
[2023-08-23T21:34:44.325-0400] {logging_mixin.py:151} INFO - [2023-08-23T21:34:44.325-0400] {manager.py:501} INFO - Created Permission View: can delete on DAG:latest_only_with_trigger
[2023-08-23T21:34:44.328-0400] {logging_mixin.py:151} INFO - [2023-08-23T21:34:44.328-0400] {manager.py:501} INFO - Created Permission View: can edit on DAG:latest_only_with_trigger
[2023-08-23T21:34:44.330-0400] {logging_mixin.py:151} INFO - [2023-08-23T21:34:44.330-0400] {manager.py:501} INFO - Created Permission View: can read on DAG:latest_only_with_trigger
[2023-08-23T21:34:44.334-0400] {logging_mixin.py:151} INFO - [2023-08-23T21:34:44.334-0400] {dag.py:2907} INFO - Sync 1 DAGs
[2023-08-23T21:34:44.337-0400] {logging_mixin.py:151} INFO - [2023-08-23T21:34:44.337-0400] {dag.py:2929} INFO - Creating ORM DAG for latest_only_with_trigger
[2023-08-23T21:34:44.340-0400] {logging_mixin.py:151} INFO - [2023-08-23T21:34:44.340-0400] {dag.py:3677} INFO - Setting next_dagrun for latest_only_with_trigger to 2023-08-23T21:34:44.340093+00:00, run_after=2023-08-24T01:34:44.340093+00:00
[2023-08-23T21:34:44.346-0400] {processor.py:179} INFO - Processing /Users/mauri/Desktop/repositorio/apache-airflow-tutorial/env/lib/python3.11/site-packages/airflow/example_dags/example_latest_only_with_trigger.py took 0.355 seconds
[2023-08-23T21:36:06.959-0400] {processor.py:157} INFO - Started process (PID=8599) to work on /Users/mauri/Desktop/repositorio/apache-airflow-tutorial/env/lib/python3.11/site-packages/airflow/example_dags/example_latest_only_with_trigger.py
[2023-08-23T21:36:06.961-0400] {processor.py:829} INFO - Processing file /Users/mauri/Desktop/repositorio/apache-airflow-tutorial/env/lib/python3.11/site-packages/airflow/example_dags/example_latest_only_with_trigger.py for tasks to queue
[2023-08-23T21:36:06.961-0400] {logging_mixin.py:151} INFO - [2023-08-23T21:36:06.961-0400] {dagbag.py:539} INFO - Filling up the DagBag from /Users/mauri/Desktop/repositorio/apache-airflow-tutorial/env/lib/python3.11/site-packages/airflow/example_dags/example_latest_only_with_trigger.py
[2023-08-23T21:36:06.970-0400] {processor.py:839} INFO - DAG(s) dict_keys(['latest_only_with_trigger']) retrieved from /Users/mauri/Desktop/repositorio/apache-airflow-tutorial/env/lib/python3.11/site-packages/airflow/example_dags/example_latest_only_with_trigger.py
[2023-08-23T21:36:07.062-0400] {logging_mixin.py:151} INFO - [2023-08-23T21:36:07.062-0400] {dag.py:2907} INFO - Sync 1 DAGs
[2023-08-23T21:36:07.068-0400] {logging_mixin.py:151} INFO - [2023-08-23T21:36:07.068-0400] {dag.py:3677} INFO - Setting next_dagrun for latest_only_with_trigger to 2023-08-23T21:36:07.068472+00:00, run_after=2023-08-24T01:36:07.068472+00:00
[2023-08-23T21:36:07.076-0400] {processor.py:179} INFO - Processing /Users/mauri/Desktop/repositorio/apache-airflow-tutorial/env/lib/python3.11/site-packages/airflow/example_dags/example_latest_only_with_trigger.py took 0.117 seconds
[2023-08-23T21:37:21.715-0400] {processor.py:157} INFO - Started process (PID=8665) to work on /Users/mauri/Desktop/repositorio/apache-airflow-tutorial/env/lib/python3.11/site-packages/airflow/example_dags/example_latest_only_with_trigger.py
[2023-08-23T21:37:21.718-0400] {processor.py:829} INFO - Processing file /Users/mauri/Desktop/repositorio/apache-airflow-tutorial/env/lib/python3.11/site-packages/airflow/example_dags/example_latest_only_with_trigger.py for tasks to queue
[2023-08-23T21:37:21.718-0400] {logging_mixin.py:151} INFO - [2023-08-23T21:37:21.718-0400] {dagbag.py:539} INFO - Filling up the DagBag from /Users/mauri/Desktop/repositorio/apache-airflow-tutorial/env/lib/python3.11/site-packages/airflow/example_dags/example_latest_only_with_trigger.py
[2023-08-23T21:37:21.724-0400] {processor.py:839} INFO - DAG(s) dict_keys(['latest_only_with_trigger']) retrieved from /Users/mauri/Desktop/repositorio/apache-airflow-tutorial/env/lib/python3.11/site-packages/airflow/example_dags/example_latest_only_with_trigger.py
[2023-08-23T21:37:21.794-0400] {logging_mixin.py:151} INFO - [2023-08-23T21:37:21.794-0400] {dag.py:2907} INFO - Sync 1 DAGs
[2023-08-23T21:37:21.800-0400] {logging_mixin.py:151} INFO - [2023-08-23T21:37:21.800-0400] {dag.py:3677} INFO - Setting next_dagrun for latest_only_with_trigger to 2023-08-23T21:37:21.800115+00:00, run_after=2023-08-24T01:37:21.800115+00:00
[2023-08-23T21:37:21.807-0400] {processor.py:179} INFO - Processing /Users/mauri/Desktop/repositorio/apache-airflow-tutorial/env/lib/python3.11/site-packages/airflow/example_dags/example_latest_only_with_trigger.py took 0.092 seconds
[2023-08-23T21:38:36.849-0400] {processor.py:157} INFO - Started process (PID=8729) to work on /Users/mauri/Desktop/repositorio/apache-airflow-tutorial/env/lib/python3.11/site-packages/airflow/example_dags/example_latest_only_with_trigger.py
[2023-08-23T21:38:36.851-0400] {processor.py:829} INFO - Processing file /Users/mauri/Desktop/repositorio/apache-airflow-tutorial/env/lib/python3.11/site-packages/airflow/example_dags/example_latest_only_with_trigger.py for tasks to queue
[2023-08-23T21:38:36.851-0400] {logging_mixin.py:151} INFO - [2023-08-23T21:38:36.851-0400] {dagbag.py:539} INFO - Filling up the DagBag from /Users/mauri/Desktop/repositorio/apache-airflow-tutorial/env/lib/python3.11/site-packages/airflow/example_dags/example_latest_only_with_trigger.py
[2023-08-23T21:38:36.859-0400] {processor.py:839} INFO - DAG(s) dict_keys(['latest_only_with_trigger']) retrieved from /Users/mauri/Desktop/repositorio/apache-airflow-tutorial/env/lib/python3.11/site-packages/airflow/example_dags/example_latest_only_with_trigger.py
[2023-08-23T21:38:36.938-0400] {logging_mixin.py:151} INFO - [2023-08-23T21:38:36.938-0400] {dag.py:2907} INFO - Sync 1 DAGs
[2023-08-23T21:38:36.944-0400] {logging_mixin.py:151} INFO - [2023-08-23T21:38:36.944-0400] {dag.py:3677} INFO - Setting next_dagrun for latest_only_with_trigger to 2023-08-23T21:38:36.944033+00:00, run_after=2023-08-24T01:38:36.944033+00:00
[2023-08-23T21:38:36.951-0400] {processor.py:179} INFO - Processing /Users/mauri/Desktop/repositorio/apache-airflow-tutorial/env/lib/python3.11/site-packages/airflow/example_dags/example_latest_only_with_trigger.py took 0.102 seconds
[2023-08-23T21:39:51.792-0400] {processor.py:157} INFO - Started process (PID=8797) to work on /Users/mauri/Desktop/repositorio/apache-airflow-tutorial/env/lib/python3.11/site-packages/airflow/example_dags/example_latest_only_with_trigger.py
[2023-08-23T21:39:51.793-0400] {processor.py:829} INFO - Processing file /Users/mauri/Desktop/repositorio/apache-airflow-tutorial/env/lib/python3.11/site-packages/airflow/example_dags/example_latest_only_with_trigger.py for tasks to queue
[2023-08-23T21:39:51.794-0400] {logging_mixin.py:151} INFO - [2023-08-23T21:39:51.793-0400] {dagbag.py:539} INFO - Filling up the DagBag from /Users/mauri/Desktop/repositorio/apache-airflow-tutorial/env/lib/python3.11/site-packages/airflow/example_dags/example_latest_only_with_trigger.py
[2023-08-23T21:39:51.800-0400] {processor.py:839} INFO - DAG(s) dict_keys(['latest_only_with_trigger']) retrieved from /Users/mauri/Desktop/repositorio/apache-airflow-tutorial/env/lib/python3.11/site-packages/airflow/example_dags/example_latest_only_with_trigger.py
[2023-08-23T21:39:51.870-0400] {logging_mixin.py:151} INFO - [2023-08-23T21:39:51.870-0400] {dag.py:2907} INFO - Sync 1 DAGs
[2023-08-23T21:39:51.876-0400] {logging_mixin.py:151} INFO - [2023-08-23T21:39:51.875-0400] {dag.py:3677} INFO - Setting next_dagrun for latest_only_with_trigger to 2023-08-23T21:39:51.875933+00:00, run_after=2023-08-24T01:39:51.875933+00:00
[2023-08-23T21:39:51.882-0400] {processor.py:179} INFO - Processing /Users/mauri/Desktop/repositorio/apache-airflow-tutorial/env/lib/python3.11/site-packages/airflow/example_dags/example_latest_only_with_trigger.py took 0.091 seconds
[2023-08-23T21:41:05.753-0400] {processor.py:157} INFO - Started process (PID=8857) to work on /Users/mauri/Desktop/repositorio/apache-airflow-tutorial/env/lib/python3.11/site-packages/airflow/example_dags/example_latest_only_with_trigger.py
[2023-08-23T21:41:05.754-0400] {processor.py:829} INFO - Processing file /Users/mauri/Desktop/repositorio/apache-airflow-tutorial/env/lib/python3.11/site-packages/airflow/example_dags/example_latest_only_with_trigger.py for tasks to queue
[2023-08-23T21:41:05.755-0400] {logging_mixin.py:151} INFO - [2023-08-23T21:41:05.754-0400] {dagbag.py:539} INFO - Filling up the DagBag from /Users/mauri/Desktop/repositorio/apache-airflow-tutorial/env/lib/python3.11/site-packages/airflow/example_dags/example_latest_only_with_trigger.py
[2023-08-23T21:41:05.761-0400] {processor.py:839} INFO - DAG(s) dict_keys(['latest_only_with_trigger']) retrieved from /Users/mauri/Desktop/repositorio/apache-airflow-tutorial/env/lib/python3.11/site-packages/airflow/example_dags/example_latest_only_with_trigger.py
[2023-08-23T21:41:05.834-0400] {logging_mixin.py:151} INFO - [2023-08-23T21:41:05.834-0400] {dag.py:2907} INFO - Sync 1 DAGs
[2023-08-23T21:41:05.839-0400] {logging_mixin.py:151} INFO - [2023-08-23T21:41:05.839-0400] {dag.py:3677} INFO - Setting next_dagrun for latest_only_with_trigger to 2023-08-23T21:41:05.839558+00:00, run_after=2023-08-24T01:41:05.839558+00:00
[2023-08-23T21:41:05.846-0400] {processor.py:179} INFO - Processing /Users/mauri/Desktop/repositorio/apache-airflow-tutorial/env/lib/python3.11/site-packages/airflow/example_dags/example_latest_only_with_trigger.py took 0.093 seconds
[2023-08-23T21:42:18.504-0400] {processor.py:157} INFO - Started process (PID=8914) to work on /Users/mauri/Desktop/repositorio/apache-airflow-tutorial/env/lib/python3.11/site-packages/airflow/example_dags/example_latest_only_with_trigger.py
[2023-08-23T21:42:18.505-0400] {processor.py:829} INFO - Processing file /Users/mauri/Desktop/repositorio/apache-airflow-tutorial/env/lib/python3.11/site-packages/airflow/example_dags/example_latest_only_with_trigger.py for tasks to queue
[2023-08-23T21:42:18.505-0400] {logging_mixin.py:151} INFO - [2023-08-23T21:42:18.505-0400] {dagbag.py:539} INFO - Filling up the DagBag from /Users/mauri/Desktop/repositorio/apache-airflow-tutorial/env/lib/python3.11/site-packages/airflow/example_dags/example_latest_only_with_trigger.py
[2023-08-23T21:42:18.512-0400] {processor.py:839} INFO - DAG(s) dict_keys(['latest_only_with_trigger']) retrieved from /Users/mauri/Desktop/repositorio/apache-airflow-tutorial/env/lib/python3.11/site-packages/airflow/example_dags/example_latest_only_with_trigger.py
[2023-08-23T21:42:18.583-0400] {logging_mixin.py:151} INFO - [2023-08-23T21:42:18.583-0400] {dag.py:2907} INFO - Sync 1 DAGs
[2023-08-23T21:42:18.588-0400] {logging_mixin.py:151} INFO - [2023-08-23T21:42:18.588-0400] {dag.py:3677} INFO - Setting next_dagrun for latest_only_with_trigger to 2023-08-23T21:42:18.588327+00:00, run_after=2023-08-24T01:42:18.588327+00:00
[2023-08-23T21:42:18.595-0400] {processor.py:179} INFO - Processing /Users/mauri/Desktop/repositorio/apache-airflow-tutorial/env/lib/python3.11/site-packages/airflow/example_dags/example_latest_only_with_trigger.py took 0.091 seconds
[2023-08-23T21:43:29.562-0400] {processor.py:157} INFO - Started process (PID=8978) to work on /Users/mauri/Desktop/repositorio/apache-airflow-tutorial/env/lib/python3.11/site-packages/airflow/example_dags/example_latest_only_with_trigger.py
[2023-08-23T21:43:29.563-0400] {processor.py:829} INFO - Processing file /Users/mauri/Desktop/repositorio/apache-airflow-tutorial/env/lib/python3.11/site-packages/airflow/example_dags/example_latest_only_with_trigger.py for tasks to queue
[2023-08-23T21:43:29.563-0400] {logging_mixin.py:151} INFO - [2023-08-23T21:43:29.563-0400] {dagbag.py:539} INFO - Filling up the DagBag from /Users/mauri/Desktop/repositorio/apache-airflow-tutorial/env/lib/python3.11/site-packages/airflow/example_dags/example_latest_only_with_trigger.py
[2023-08-23T21:43:29.569-0400] {processor.py:839} INFO - DAG(s) dict_keys(['latest_only_with_trigger']) retrieved from /Users/mauri/Desktop/repositorio/apache-airflow-tutorial/env/lib/python3.11/site-packages/airflow/example_dags/example_latest_only_with_trigger.py
[2023-08-23T21:43:29.638-0400] {logging_mixin.py:151} INFO - [2023-08-23T21:43:29.638-0400] {dag.py:2907} INFO - Sync 1 DAGs
[2023-08-23T21:43:29.644-0400] {logging_mixin.py:151} INFO - [2023-08-23T21:43:29.643-0400] {dag.py:3677} INFO - Setting next_dagrun for latest_only_with_trigger to 2023-08-23T21:43:29.643920+00:00, run_after=2023-08-24T01:43:29.643920+00:00
[2023-08-23T21:43:29.650-0400] {processor.py:179} INFO - Processing /Users/mauri/Desktop/repositorio/apache-airflow-tutorial/env/lib/python3.11/site-packages/airflow/example_dags/example_latest_only_with_trigger.py took 0.089 seconds
[2023-08-23T21:44:41.011-0400] {processor.py:157} INFO - Started process (PID=9057) to work on /Users/mauri/Desktop/repositorio/apache-airflow-tutorial/env/lib/python3.11/site-packages/airflow/example_dags/example_latest_only_with_trigger.py
[2023-08-23T21:44:41.012-0400] {processor.py:829} INFO - Processing file /Users/mauri/Desktop/repositorio/apache-airflow-tutorial/env/lib/python3.11/site-packages/airflow/example_dags/example_latest_only_with_trigger.py for tasks to queue
[2023-08-23T21:44:41.012-0400] {logging_mixin.py:151} INFO - [2023-08-23T21:44:41.012-0400] {dagbag.py:539} INFO - Filling up the DagBag from /Users/mauri/Desktop/repositorio/apache-airflow-tutorial/env/lib/python3.11/site-packages/airflow/example_dags/example_latest_only_with_trigger.py
[2023-08-23T21:44:41.019-0400] {processor.py:839} INFO - DAG(s) dict_keys(['latest_only_with_trigger']) retrieved from /Users/mauri/Desktop/repositorio/apache-airflow-tutorial/env/lib/python3.11/site-packages/airflow/example_dags/example_latest_only_with_trigger.py
[2023-08-23T21:44:41.093-0400] {logging_mixin.py:151} INFO - [2023-08-23T21:44:41.092-0400] {dag.py:2907} INFO - Sync 1 DAGs
[2023-08-23T21:44:41.099-0400] {logging_mixin.py:151} INFO - [2023-08-23T21:44:41.099-0400] {dag.py:3677} INFO - Setting next_dagrun for latest_only_with_trigger to 2023-08-23T21:44:41.099047+00:00, run_after=2023-08-24T01:44:41.099047+00:00
[2023-08-23T21:44:41.106-0400] {processor.py:179} INFO - Processing /Users/mauri/Desktop/repositorio/apache-airflow-tutorial/env/lib/python3.11/site-packages/airflow/example_dags/example_latest_only_with_trigger.py took 0.095 seconds
[2023-08-23T21:45:55.001-0400] {processor.py:157} INFO - Started process (PID=9123) to work on /Users/mauri/Desktop/repositorio/apache-airflow-tutorial/env/lib/python3.11/site-packages/airflow/example_dags/example_latest_only_with_trigger.py
[2023-08-23T21:45:55.002-0400] {processor.py:829} INFO - Processing file /Users/mauri/Desktop/repositorio/apache-airflow-tutorial/env/lib/python3.11/site-packages/airflow/example_dags/example_latest_only_with_trigger.py for tasks to queue
[2023-08-23T21:45:55.002-0400] {logging_mixin.py:151} INFO - [2023-08-23T21:45:55.002-0400] {dagbag.py:539} INFO - Filling up the DagBag from /Users/mauri/Desktop/repositorio/apache-airflow-tutorial/env/lib/python3.11/site-packages/airflow/example_dags/example_latest_only_with_trigger.py
[2023-08-23T21:45:55.008-0400] {processor.py:839} INFO - DAG(s) dict_keys(['latest_only_with_trigger']) retrieved from /Users/mauri/Desktop/repositorio/apache-airflow-tutorial/env/lib/python3.11/site-packages/airflow/example_dags/example_latest_only_with_trigger.py
[2023-08-23T21:45:55.078-0400] {logging_mixin.py:151} INFO - [2023-08-23T21:45:55.078-0400] {dag.py:2907} INFO - Sync 1 DAGs
[2023-08-23T21:45:55.083-0400] {logging_mixin.py:151} INFO - [2023-08-23T21:45:55.083-0400] {dag.py:3677} INFO - Setting next_dagrun for latest_only_with_trigger to 2023-08-23T21:45:55.083402+00:00, run_after=2023-08-24T01:45:55.083402+00:00
[2023-08-23T21:45:55.090-0400] {processor.py:179} INFO - Processing /Users/mauri/Desktop/repositorio/apache-airflow-tutorial/env/lib/python3.11/site-packages/airflow/example_dags/example_latest_only_with_trigger.py took 0.090 seconds
[2023-08-23T21:47:04.210-0400] {processor.py:157} INFO - Started process (PID=9291) to work on /Users/mauri/Desktop/repositorio/apache-airflow-tutorial/env/lib/python3.11/site-packages/airflow/example_dags/example_latest_only_with_trigger.py
[2023-08-23T21:47:04.211-0400] {processor.py:829} INFO - Processing file /Users/mauri/Desktop/repositorio/apache-airflow-tutorial/env/lib/python3.11/site-packages/airflow/example_dags/example_latest_only_with_trigger.py for tasks to queue
[2023-08-23T21:47:04.211-0400] {logging_mixin.py:151} INFO - [2023-08-23T21:47:04.211-0400] {dagbag.py:539} INFO - Filling up the DagBag from /Users/mauri/Desktop/repositorio/apache-airflow-tutorial/env/lib/python3.11/site-packages/airflow/example_dags/example_latest_only_with_trigger.py
[2023-08-23T21:47:04.217-0400] {processor.py:839} INFO - DAG(s) dict_keys(['latest_only_with_trigger']) retrieved from /Users/mauri/Desktop/repositorio/apache-airflow-tutorial/env/lib/python3.11/site-packages/airflow/example_dags/example_latest_only_with_trigger.py
[2023-08-23T21:47:04.287-0400] {logging_mixin.py:151} INFO - [2023-08-23T21:47:04.287-0400] {dag.py:2907} INFO - Sync 1 DAGs
[2023-08-23T21:47:04.292-0400] {logging_mixin.py:151} INFO - [2023-08-23T21:47:04.292-0400] {dag.py:3677} INFO - Setting next_dagrun for latest_only_with_trigger to 2023-08-23T21:47:04.292258+00:00, run_after=2023-08-24T01:47:04.292258+00:00
[2023-08-23T21:47:04.299-0400] {processor.py:179} INFO - Processing /Users/mauri/Desktop/repositorio/apache-airflow-tutorial/env/lib/python3.11/site-packages/airflow/example_dags/example_latest_only_with_trigger.py took 0.089 seconds
[2023-08-23T21:48:16.486-0400] {processor.py:157} INFO - Started process (PID=9413) to work on /Users/mauri/Desktop/repositorio/apache-airflow-tutorial/env/lib/python3.11/site-packages/airflow/example_dags/example_latest_only_with_trigger.py
[2023-08-23T21:48:16.487-0400] {processor.py:829} INFO - Processing file /Users/mauri/Desktop/repositorio/apache-airflow-tutorial/env/lib/python3.11/site-packages/airflow/example_dags/example_latest_only_with_trigger.py for tasks to queue
[2023-08-23T21:48:16.487-0400] {logging_mixin.py:151} INFO - [2023-08-23T21:48:16.487-0400] {dagbag.py:539} INFO - Filling up the DagBag from /Users/mauri/Desktop/repositorio/apache-airflow-tutorial/env/lib/python3.11/site-packages/airflow/example_dags/example_latest_only_with_trigger.py
[2023-08-23T21:48:16.494-0400] {processor.py:839} INFO - DAG(s) dict_keys(['latest_only_with_trigger']) retrieved from /Users/mauri/Desktop/repositorio/apache-airflow-tutorial/env/lib/python3.11/site-packages/airflow/example_dags/example_latest_only_with_trigger.py
[2023-08-23T21:48:16.570-0400] {logging_mixin.py:151} INFO - [2023-08-23T21:48:16.569-0400] {dag.py:2907} INFO - Sync 1 DAGs
[2023-08-23T21:48:16.575-0400] {logging_mixin.py:151} INFO - [2023-08-23T21:48:16.575-0400] {dag.py:3677} INFO - Setting next_dagrun for latest_only_with_trigger to 2023-08-23T21:48:16.575434+00:00, run_after=2023-08-24T01:48:16.575434+00:00
[2023-08-23T21:48:16.582-0400] {processor.py:179} INFO - Processing /Users/mauri/Desktop/repositorio/apache-airflow-tutorial/env/lib/python3.11/site-packages/airflow/example_dags/example_latest_only_with_trigger.py took 0.097 seconds
[2023-08-23T21:49:29.347-0400] {processor.py:157} INFO - Started process (PID=9477) to work on /Users/mauri/Desktop/repositorio/apache-airflow-tutorial/env/lib/python3.11/site-packages/airflow/example_dags/example_latest_only_with_trigger.py
[2023-08-23T21:49:29.348-0400] {processor.py:829} INFO - Processing file /Users/mauri/Desktop/repositorio/apache-airflow-tutorial/env/lib/python3.11/site-packages/airflow/example_dags/example_latest_only_with_trigger.py for tasks to queue
[2023-08-23T21:49:29.348-0400] {logging_mixin.py:151} INFO - [2023-08-23T21:49:29.348-0400] {dagbag.py:539} INFO - Filling up the DagBag from /Users/mauri/Desktop/repositorio/apache-airflow-tutorial/env/lib/python3.11/site-packages/airflow/example_dags/example_latest_only_with_trigger.py
[2023-08-23T21:49:29.354-0400] {processor.py:839} INFO - DAG(s) dict_keys(['latest_only_with_trigger']) retrieved from /Users/mauri/Desktop/repositorio/apache-airflow-tutorial/env/lib/python3.11/site-packages/airflow/example_dags/example_latest_only_with_trigger.py
[2023-08-23T21:49:29.424-0400] {logging_mixin.py:151} INFO - [2023-08-23T21:49:29.423-0400] {dag.py:2907} INFO - Sync 1 DAGs
[2023-08-23T21:49:29.429-0400] {logging_mixin.py:151} INFO - [2023-08-23T21:49:29.429-0400] {dag.py:3677} INFO - Setting next_dagrun for latest_only_with_trigger to 2023-08-23T21:49:29.429162+00:00, run_after=2023-08-24T01:49:29.429162+00:00
[2023-08-23T21:49:29.436-0400] {processor.py:179} INFO - Processing /Users/mauri/Desktop/repositorio/apache-airflow-tutorial/env/lib/python3.11/site-packages/airflow/example_dags/example_latest_only_with_trigger.py took 0.089 seconds
[2023-08-23T21:50:45.422-0400] {processor.py:157} INFO - Started process (PID=9548) to work on /Users/mauri/Desktop/repositorio/apache-airflow-tutorial/env/lib/python3.11/site-packages/airflow/example_dags/example_latest_only_with_trigger.py
[2023-08-23T21:50:45.424-0400] {processor.py:829} INFO - Processing file /Users/mauri/Desktop/repositorio/apache-airflow-tutorial/env/lib/python3.11/site-packages/airflow/example_dags/example_latest_only_with_trigger.py for tasks to queue
[2023-08-23T21:50:45.424-0400] {logging_mixin.py:151} INFO - [2023-08-23T21:50:45.424-0400] {dagbag.py:539} INFO - Filling up the DagBag from /Users/mauri/Desktop/repositorio/apache-airflow-tutorial/env/lib/python3.11/site-packages/airflow/example_dags/example_latest_only_with_trigger.py
[2023-08-23T21:50:45.431-0400] {processor.py:839} INFO - DAG(s) dict_keys(['latest_only_with_trigger']) retrieved from /Users/mauri/Desktop/repositorio/apache-airflow-tutorial/env/lib/python3.11/site-packages/airflow/example_dags/example_latest_only_with_trigger.py
[2023-08-23T21:50:45.500-0400] {logging_mixin.py:151} INFO - [2023-08-23T21:50:45.500-0400] {dag.py:2907} INFO - Sync 1 DAGs
[2023-08-23T21:50:45.505-0400] {logging_mixin.py:151} INFO - [2023-08-23T21:50:45.505-0400] {dag.py:3677} INFO - Setting next_dagrun for latest_only_with_trigger to 2023-08-23T21:50:45.505695+00:00, run_after=2023-08-24T01:50:45.505695+00:00
[2023-08-23T21:50:45.512-0400] {processor.py:179} INFO - Processing /Users/mauri/Desktop/repositorio/apache-airflow-tutorial/env/lib/python3.11/site-packages/airflow/example_dags/example_latest_only_with_trigger.py took 0.090 seconds
[2023-08-23T21:51:59.488-0400] {processor.py:157} INFO - Started process (PID=9642) to work on /Users/mauri/Desktop/repositorio/apache-airflow-tutorial/env/lib/python3.11/site-packages/airflow/example_dags/example_latest_only_with_trigger.py
[2023-08-23T21:51:59.490-0400] {processor.py:829} INFO - Processing file /Users/mauri/Desktop/repositorio/apache-airflow-tutorial/env/lib/python3.11/site-packages/airflow/example_dags/example_latest_only_with_trigger.py for tasks to queue
[2023-08-23T21:51:59.490-0400] {logging_mixin.py:151} INFO - [2023-08-23T21:51:59.490-0400] {dagbag.py:539} INFO - Filling up the DagBag from /Users/mauri/Desktop/repositorio/apache-airflow-tutorial/env/lib/python3.11/site-packages/airflow/example_dags/example_latest_only_with_trigger.py
[2023-08-23T21:51:59.497-0400] {processor.py:839} INFO - DAG(s) dict_keys(['latest_only_with_trigger']) retrieved from /Users/mauri/Desktop/repositorio/apache-airflow-tutorial/env/lib/python3.11/site-packages/airflow/example_dags/example_latest_only_with_trigger.py
[2023-08-23T21:51:59.572-0400] {logging_mixin.py:151} INFO - [2023-08-23T21:51:59.572-0400] {dag.py:2907} INFO - Sync 1 DAGs
[2023-08-23T21:51:59.577-0400] {logging_mixin.py:151} INFO - [2023-08-23T21:51:59.577-0400] {dag.py:3677} INFO - Setting next_dagrun for latest_only_with_trigger to 2023-08-23T21:51:59.577672+00:00, run_after=2023-08-24T01:51:59.577672+00:00
[2023-08-23T21:51:59.584-0400] {processor.py:179} INFO - Processing /Users/mauri/Desktop/repositorio/apache-airflow-tutorial/env/lib/python3.11/site-packages/airflow/example_dags/example_latest_only_with_trigger.py took 0.097 seconds
[2023-08-23T21:53:09.462-0400] {processor.py:157} INFO - Started process (PID=9712) to work on /Users/mauri/Desktop/repositorio/apache-airflow-tutorial/env/lib/python3.11/site-packages/airflow/example_dags/example_latest_only_with_trigger.py
[2023-08-23T21:53:09.463-0400] {processor.py:829} INFO - Processing file /Users/mauri/Desktop/repositorio/apache-airflow-tutorial/env/lib/python3.11/site-packages/airflow/example_dags/example_latest_only_with_trigger.py for tasks to queue
[2023-08-23T21:53:09.464-0400] {logging_mixin.py:151} INFO - [2023-08-23T21:53:09.464-0400] {dagbag.py:539} INFO - Filling up the DagBag from /Users/mauri/Desktop/repositorio/apache-airflow-tutorial/env/lib/python3.11/site-packages/airflow/example_dags/example_latest_only_with_trigger.py
[2023-08-23T21:53:09.470-0400] {processor.py:839} INFO - DAG(s) dict_keys(['latest_only_with_trigger']) retrieved from /Users/mauri/Desktop/repositorio/apache-airflow-tutorial/env/lib/python3.11/site-packages/airflow/example_dags/example_latest_only_with_trigger.py
[2023-08-23T21:53:09.551-0400] {logging_mixin.py:151} INFO - [2023-08-23T21:53:09.551-0400] {dag.py:2907} INFO - Sync 1 DAGs
[2023-08-23T21:53:09.557-0400] {logging_mixin.py:151} INFO - [2023-08-23T21:53:09.557-0400] {dag.py:3677} INFO - Setting next_dagrun for latest_only_with_trigger to 2023-08-23T21:53:09.557104+00:00, run_after=2023-08-24T01:53:09.557104+00:00
[2023-08-23T21:53:09.565-0400] {processor.py:179} INFO - Processing /Users/mauri/Desktop/repositorio/apache-airflow-tutorial/env/lib/python3.11/site-packages/airflow/example_dags/example_latest_only_with_trigger.py took 0.103 seconds
[2023-08-23T21:54:20.616-0400] {processor.py:157} INFO - Started process (PID=9775) to work on /Users/mauri/Desktop/repositorio/apache-airflow-tutorial/env/lib/python3.11/site-packages/airflow/example_dags/example_latest_only_with_trigger.py
[2023-08-23T21:54:20.617-0400] {processor.py:829} INFO - Processing file /Users/mauri/Desktop/repositorio/apache-airflow-tutorial/env/lib/python3.11/site-packages/airflow/example_dags/example_latest_only_with_trigger.py for tasks to queue
[2023-08-23T21:54:20.617-0400] {logging_mixin.py:151} INFO - [2023-08-23T21:54:20.617-0400] {dagbag.py:539} INFO - Filling up the DagBag from /Users/mauri/Desktop/repositorio/apache-airflow-tutorial/env/lib/python3.11/site-packages/airflow/example_dags/example_latest_only_with_trigger.py
[2023-08-23T21:54:20.624-0400] {processor.py:839} INFO - DAG(s) dict_keys(['latest_only_with_trigger']) retrieved from /Users/mauri/Desktop/repositorio/apache-airflow-tutorial/env/lib/python3.11/site-packages/airflow/example_dags/example_latest_only_with_trigger.py
[2023-08-23T21:54:20.693-0400] {logging_mixin.py:151} INFO - [2023-08-23T21:54:20.693-0400] {dag.py:2907} INFO - Sync 1 DAGs
[2023-08-23T21:54:20.698-0400] {logging_mixin.py:151} INFO - [2023-08-23T21:54:20.698-0400] {dag.py:3677} INFO - Setting next_dagrun for latest_only_with_trigger to 2023-08-23T21:54:20.698631+00:00, run_after=2023-08-24T01:54:20.698631+00:00
[2023-08-23T21:54:20.705-0400] {processor.py:179} INFO - Processing /Users/mauri/Desktop/repositorio/apache-airflow-tutorial/env/lib/python3.11/site-packages/airflow/example_dags/example_latest_only_with_trigger.py took 0.089 seconds
[2023-08-23T21:55:33.671-0400] {processor.py:157} INFO - Started process (PID=9843) to work on /Users/mauri/Desktop/repositorio/apache-airflow-tutorial/env/lib/python3.11/site-packages/airflow/example_dags/example_latest_only_with_trigger.py
[2023-08-23T21:55:33.672-0400] {processor.py:829} INFO - Processing file /Users/mauri/Desktop/repositorio/apache-airflow-tutorial/env/lib/python3.11/site-packages/airflow/example_dags/example_latest_only_with_trigger.py for tasks to queue
[2023-08-23T21:55:33.672-0400] {logging_mixin.py:151} INFO - [2023-08-23T21:55:33.672-0400] {dagbag.py:539} INFO - Filling up the DagBag from /Users/mauri/Desktop/repositorio/apache-airflow-tutorial/env/lib/python3.11/site-packages/airflow/example_dags/example_latest_only_with_trigger.py
[2023-08-23T21:55:33.678-0400] {processor.py:839} INFO - DAG(s) dict_keys(['latest_only_with_trigger']) retrieved from /Users/mauri/Desktop/repositorio/apache-airflow-tutorial/env/lib/python3.11/site-packages/airflow/example_dags/example_latest_only_with_trigger.py
[2023-08-23T21:55:33.749-0400] {logging_mixin.py:151} INFO - [2023-08-23T21:55:33.749-0400] {dag.py:2907} INFO - Sync 1 DAGs
[2023-08-23T21:55:33.754-0400] {logging_mixin.py:151} INFO - [2023-08-23T21:55:33.754-0400] {dag.py:3677} INFO - Setting next_dagrun for latest_only_with_trigger to 2023-08-23T21:55:33.754619+00:00, run_after=2023-08-24T01:55:33.754619+00:00
[2023-08-23T21:55:33.761-0400] {processor.py:179} INFO - Processing /Users/mauri/Desktop/repositorio/apache-airflow-tutorial/env/lib/python3.11/site-packages/airflow/example_dags/example_latest_only_with_trigger.py took 0.091 seconds
[2023-08-23T21:56:46.793-0400] {processor.py:157} INFO - Started process (PID=9910) to work on /Users/mauri/Desktop/repositorio/apache-airflow-tutorial/env/lib/python3.11/site-packages/airflow/example_dags/example_latest_only_with_trigger.py
[2023-08-23T21:56:46.794-0400] {processor.py:829} INFO - Processing file /Users/mauri/Desktop/repositorio/apache-airflow-tutorial/env/lib/python3.11/site-packages/airflow/example_dags/example_latest_only_with_trigger.py for tasks to queue
[2023-08-23T21:56:46.794-0400] {logging_mixin.py:151} INFO - [2023-08-23T21:56:46.794-0400] {dagbag.py:539} INFO - Filling up the DagBag from /Users/mauri/Desktop/repositorio/apache-airflow-tutorial/env/lib/python3.11/site-packages/airflow/example_dags/example_latest_only_with_trigger.py
[2023-08-23T21:56:46.801-0400] {processor.py:839} INFO - DAG(s) dict_keys(['latest_only_with_trigger']) retrieved from /Users/mauri/Desktop/repositorio/apache-airflow-tutorial/env/lib/python3.11/site-packages/airflow/example_dags/example_latest_only_with_trigger.py
[2023-08-23T21:56:46.878-0400] {logging_mixin.py:151} INFO - [2023-08-23T21:56:46.877-0400] {dag.py:2907} INFO - Sync 1 DAGs
[2023-08-23T21:56:46.883-0400] {logging_mixin.py:151} INFO - [2023-08-23T21:56:46.883-0400] {dag.py:3677} INFO - Setting next_dagrun for latest_only_with_trigger to 2023-08-23T21:56:46.883394+00:00, run_after=2023-08-24T01:56:46.883394+00:00
[2023-08-23T21:56:46.890-0400] {processor.py:179} INFO - Processing /Users/mauri/Desktop/repositorio/apache-airflow-tutorial/env/lib/python3.11/site-packages/airflow/example_dags/example_latest_only_with_trigger.py took 0.097 seconds
[2023-08-23T21:58:02.745-0400] {processor.py:157} INFO - Started process (PID=9975) to work on /Users/mauri/Desktop/repositorio/apache-airflow-tutorial/env/lib/python3.11/site-packages/airflow/example_dags/example_latest_only_with_trigger.py
[2023-08-23T21:58:02.746-0400] {processor.py:829} INFO - Processing file /Users/mauri/Desktop/repositorio/apache-airflow-tutorial/env/lib/python3.11/site-packages/airflow/example_dags/example_latest_only_with_trigger.py for tasks to queue
[2023-08-23T21:58:02.747-0400] {logging_mixin.py:151} INFO - [2023-08-23T21:58:02.747-0400] {dagbag.py:539} INFO - Filling up the DagBag from /Users/mauri/Desktop/repositorio/apache-airflow-tutorial/env/lib/python3.11/site-packages/airflow/example_dags/example_latest_only_with_trigger.py
[2023-08-23T21:58:02.753-0400] {processor.py:839} INFO - DAG(s) dict_keys(['latest_only_with_trigger']) retrieved from /Users/mauri/Desktop/repositorio/apache-airflow-tutorial/env/lib/python3.11/site-packages/airflow/example_dags/example_latest_only_with_trigger.py
[2023-08-23T21:58:02.824-0400] {logging_mixin.py:151} INFO - [2023-08-23T21:58:02.823-0400] {dag.py:2907} INFO - Sync 1 DAGs
[2023-08-23T21:58:02.829-0400] {logging_mixin.py:151} INFO - [2023-08-23T21:58:02.829-0400] {dag.py:3677} INFO - Setting next_dagrun for latest_only_with_trigger to 2023-08-23T21:58:02.829270+00:00, run_after=2023-08-24T01:58:02.829270+00:00
[2023-08-23T21:58:02.836-0400] {processor.py:179} INFO - Processing /Users/mauri/Desktop/repositorio/apache-airflow-tutorial/env/lib/python3.11/site-packages/airflow/example_dags/example_latest_only_with_trigger.py took 0.091 seconds
[2023-08-23T21:59:18.082-0400] {processor.py:157} INFO - Started process (PID=10042) to work on /Users/mauri/Desktop/repositorio/apache-airflow-tutorial/env/lib/python3.11/site-packages/airflow/example_dags/example_latest_only_with_trigger.py
[2023-08-23T21:59:18.083-0400] {processor.py:829} INFO - Processing file /Users/mauri/Desktop/repositorio/apache-airflow-tutorial/env/lib/python3.11/site-packages/airflow/example_dags/example_latest_only_with_trigger.py for tasks to queue
[2023-08-23T21:59:18.084-0400] {logging_mixin.py:151} INFO - [2023-08-23T21:59:18.084-0400] {dagbag.py:539} INFO - Filling up the DagBag from /Users/mauri/Desktop/repositorio/apache-airflow-tutorial/env/lib/python3.11/site-packages/airflow/example_dags/example_latest_only_with_trigger.py
[2023-08-23T21:59:18.090-0400] {processor.py:839} INFO - DAG(s) dict_keys(['latest_only_with_trigger']) retrieved from /Users/mauri/Desktop/repositorio/apache-airflow-tutorial/env/lib/python3.11/site-packages/airflow/example_dags/example_latest_only_with_trigger.py
[2023-08-23T21:59:18.159-0400] {logging_mixin.py:151} INFO - [2023-08-23T21:59:18.159-0400] {dag.py:2907} INFO - Sync 1 DAGs
[2023-08-23T21:59:18.164-0400] {logging_mixin.py:151} INFO - [2023-08-23T21:59:18.164-0400] {dag.py:3677} INFO - Setting next_dagrun for latest_only_with_trigger to 2023-08-23T21:59:18.164485+00:00, run_after=2023-08-24T01:59:18.164485+00:00
[2023-08-23T21:59:18.171-0400] {processor.py:179} INFO - Processing /Users/mauri/Desktop/repositorio/apache-airflow-tutorial/env/lib/python3.11/site-packages/airflow/example_dags/example_latest_only_with_trigger.py took 0.089 seconds
