[2023-08-23T21:35:03.772-0400] {processor.py:157} INFO - Started process (PID=8544) to work on /Users/mauri/Desktop/repositorio/apache-airflow-tutorial/env/lib/python3.11/site-packages/airflow/example_dags/example_branch_operator.py
[2023-08-23T21:35:03.773-0400] {processor.py:829} INFO - Processing file /Users/mauri/Desktop/repositorio/apache-airflow-tutorial/env/lib/python3.11/site-packages/airflow/example_dags/example_branch_operator.py for tasks to queue
[2023-08-23T21:35:03.773-0400] {logging_mixin.py:151} INFO - [2023-08-23T21:35:03.773-0400] {dagbag.py:539} INFO - Filling up the DagBag from /Users/mauri/Desktop/repositorio/apache-airflow-tutorial/env/lib/python3.11/site-packages/airflow/example_dags/example_branch_operator.py
[2023-08-23T21:35:03.804-0400] {processor.py:839} INFO - DAG(s) dict_keys(['example_branch_operator']) retrieved from /Users/mauri/Desktop/repositorio/apache-airflow-tutorial/env/lib/python3.11/site-packages/airflow/example_dags/example_branch_operator.py
[2023-08-23T21:35:04.127-0400] {logging_mixin.py:151} INFO - [2023-08-23T21:35:04.127-0400] {manager.py:501} INFO - Created Permission View: can edit on DAG:example_branch_operator
[2023-08-23T21:35:04.131-0400] {logging_mixin.py:151} INFO - [2023-08-23T21:35:04.131-0400] {manager.py:501} INFO - Created Permission View: can delete on DAG:example_branch_operator
[2023-08-23T21:35:04.133-0400] {logging_mixin.py:151} INFO - [2023-08-23T21:35:04.133-0400] {manager.py:501} INFO - Created Permission View: can read on DAG:example_branch_operator
[2023-08-23T21:35:04.137-0400] {logging_mixin.py:151} INFO - [2023-08-23T21:35:04.137-0400] {dag.py:2907} INFO - Sync 1 DAGs
[2023-08-23T21:35:04.140-0400] {logging_mixin.py:151} INFO - [2023-08-23T21:35:04.140-0400] {dag.py:2929} INFO - Creating ORM DAG for example_branch_operator
[2023-08-23T21:35:04.143-0400] {logging_mixin.py:151} INFO - [2023-08-23T21:35:04.143-0400] {dag.py:3677} INFO - Setting next_dagrun for example_branch_operator to 2023-08-23T00:00:00+00:00, run_after=2023-08-24T00:00:00+00:00
[2023-08-23T21:35:04.149-0400] {processor.py:179} INFO - Processing /Users/mauri/Desktop/repositorio/apache-airflow-tutorial/env/lib/python3.11/site-packages/airflow/example_dags/example_branch_operator.py took 0.378 seconds
[2023-08-23T21:36:24.049-0400] {processor.py:157} INFO - Started process (PID=8615) to work on /Users/mauri/Desktop/repositorio/apache-airflow-tutorial/env/lib/python3.11/site-packages/airflow/example_dags/example_branch_operator.py
[2023-08-23T21:36:24.050-0400] {processor.py:829} INFO - Processing file /Users/mauri/Desktop/repositorio/apache-airflow-tutorial/env/lib/python3.11/site-packages/airflow/example_dags/example_branch_operator.py for tasks to queue
[2023-08-23T21:36:24.050-0400] {logging_mixin.py:151} INFO - [2023-08-23T21:36:24.050-0400] {dagbag.py:539} INFO - Filling up the DagBag from /Users/mauri/Desktop/repositorio/apache-airflow-tutorial/env/lib/python3.11/site-packages/airflow/example_dags/example_branch_operator.py
[2023-08-23T21:36:24.078-0400] {processor.py:839} INFO - DAG(s) dict_keys(['example_branch_operator']) retrieved from /Users/mauri/Desktop/repositorio/apache-airflow-tutorial/env/lib/python3.11/site-packages/airflow/example_dags/example_branch_operator.py
[2023-08-23T21:36:24.133-0400] {logging_mixin.py:151} INFO - [2023-08-23T21:36:24.133-0400] {dag.py:2907} INFO - Sync 1 DAGs
[2023-08-23T21:36:24.139-0400] {logging_mixin.py:151} INFO - [2023-08-23T21:36:24.139-0400] {dag.py:3677} INFO - Setting next_dagrun for example_branch_operator to 2023-08-23T00:00:00+00:00, run_after=2023-08-24T00:00:00+00:00
[2023-08-23T21:36:24.146-0400] {processor.py:179} INFO - Processing /Users/mauri/Desktop/repositorio/apache-airflow-tutorial/env/lib/python3.11/site-packages/airflow/example_dags/example_branch_operator.py took 0.097 seconds
[2023-08-23T21:37:38.136-0400] {processor.py:157} INFO - Started process (PID=8676) to work on /Users/mauri/Desktop/repositorio/apache-airflow-tutorial/env/lib/python3.11/site-packages/airflow/example_dags/example_branch_operator.py
[2023-08-23T21:37:38.139-0400] {processor.py:829} INFO - Processing file /Users/mauri/Desktop/repositorio/apache-airflow-tutorial/env/lib/python3.11/site-packages/airflow/example_dags/example_branch_operator.py for tasks to queue
[2023-08-23T21:37:38.139-0400] {logging_mixin.py:151} INFO - [2023-08-23T21:37:38.139-0400] {dagbag.py:539} INFO - Filling up the DagBag from /Users/mauri/Desktop/repositorio/apache-airflow-tutorial/env/lib/python3.11/site-packages/airflow/example_dags/example_branch_operator.py
[2023-08-23T21:37:38.166-0400] {processor.py:839} INFO - DAG(s) dict_keys(['example_branch_operator']) retrieved from /Users/mauri/Desktop/repositorio/apache-airflow-tutorial/env/lib/python3.11/site-packages/airflow/example_dags/example_branch_operator.py
[2023-08-23T21:37:38.221-0400] {logging_mixin.py:151} INFO - [2023-08-23T21:37:38.221-0400] {dag.py:2907} INFO - Sync 1 DAGs
[2023-08-23T21:37:38.227-0400] {logging_mixin.py:151} INFO - [2023-08-23T21:37:38.227-0400] {dag.py:3677} INFO - Setting next_dagrun for example_branch_operator to 2023-08-23T00:00:00+00:00, run_after=2023-08-24T00:00:00+00:00
[2023-08-23T21:37:38.234-0400] {processor.py:179} INFO - Processing /Users/mauri/Desktop/repositorio/apache-airflow-tutorial/env/lib/python3.11/site-packages/airflow/example_dags/example_branch_operator.py took 0.098 seconds
[2023-08-23T21:38:53.194-0400] {processor.py:157} INFO - Started process (PID=8749) to work on /Users/mauri/Desktop/repositorio/apache-airflow-tutorial/env/lib/python3.11/site-packages/airflow/example_dags/example_branch_operator.py
[2023-08-23T21:38:53.197-0400] {processor.py:829} INFO - Processing file /Users/mauri/Desktop/repositorio/apache-airflow-tutorial/env/lib/python3.11/site-packages/airflow/example_dags/example_branch_operator.py for tasks to queue
[2023-08-23T21:38:53.197-0400] {logging_mixin.py:151} INFO - [2023-08-23T21:38:53.197-0400] {dagbag.py:539} INFO - Filling up the DagBag from /Users/mauri/Desktop/repositorio/apache-airflow-tutorial/env/lib/python3.11/site-packages/airflow/example_dags/example_branch_operator.py
[2023-08-23T21:38:53.224-0400] {processor.py:839} INFO - DAG(s) dict_keys(['example_branch_operator']) retrieved from /Users/mauri/Desktop/repositorio/apache-airflow-tutorial/env/lib/python3.11/site-packages/airflow/example_dags/example_branch_operator.py
[2023-08-23T21:38:53.279-0400] {logging_mixin.py:151} INFO - [2023-08-23T21:38:53.279-0400] {dag.py:2907} INFO - Sync 1 DAGs
[2023-08-23T21:38:53.284-0400] {logging_mixin.py:151} INFO - [2023-08-23T21:38:53.284-0400] {dag.py:3677} INFO - Setting next_dagrun for example_branch_operator to 2023-08-23T00:00:00+00:00, run_after=2023-08-24T00:00:00+00:00
[2023-08-23T21:38:53.291-0400] {processor.py:179} INFO - Processing /Users/mauri/Desktop/repositorio/apache-airflow-tutorial/env/lib/python3.11/site-packages/airflow/example_dags/example_branch_operator.py took 0.097 seconds
[2023-08-23T21:40:08.166-0400] {processor.py:157} INFO - Started process (PID=8812) to work on /Users/mauri/Desktop/repositorio/apache-airflow-tutorial/env/lib/python3.11/site-packages/airflow/example_dags/example_branch_operator.py
[2023-08-23T21:40:08.167-0400] {processor.py:829} INFO - Processing file /Users/mauri/Desktop/repositorio/apache-airflow-tutorial/env/lib/python3.11/site-packages/airflow/example_dags/example_branch_operator.py for tasks to queue
[2023-08-23T21:40:08.167-0400] {logging_mixin.py:151} INFO - [2023-08-23T21:40:08.167-0400] {dagbag.py:539} INFO - Filling up the DagBag from /Users/mauri/Desktop/repositorio/apache-airflow-tutorial/env/lib/python3.11/site-packages/airflow/example_dags/example_branch_operator.py
[2023-08-23T21:40:08.196-0400] {processor.py:839} INFO - DAG(s) dict_keys(['example_branch_operator']) retrieved from /Users/mauri/Desktop/repositorio/apache-airflow-tutorial/env/lib/python3.11/site-packages/airflow/example_dags/example_branch_operator.py
[2023-08-23T21:40:08.252-0400] {logging_mixin.py:151} INFO - [2023-08-23T21:40:08.252-0400] {dag.py:2907} INFO - Sync 1 DAGs
[2023-08-23T21:40:08.258-0400] {logging_mixin.py:151} INFO - [2023-08-23T21:40:08.258-0400] {dag.py:3677} INFO - Setting next_dagrun for example_branch_operator to 2023-08-23T00:00:00+00:00, run_after=2023-08-24T00:00:00+00:00
[2023-08-23T21:40:08.265-0400] {processor.py:179} INFO - Processing /Users/mauri/Desktop/repositorio/apache-airflow-tutorial/env/lib/python3.11/site-packages/airflow/example_dags/example_branch_operator.py took 0.099 seconds
[2023-08-23T21:41:21.265-0400] {processor.py:157} INFO - Started process (PID=8868) to work on /Users/mauri/Desktop/repositorio/apache-airflow-tutorial/env/lib/python3.11/site-packages/airflow/example_dags/example_branch_operator.py
[2023-08-23T21:41:21.266-0400] {processor.py:829} INFO - Processing file /Users/mauri/Desktop/repositorio/apache-airflow-tutorial/env/lib/python3.11/site-packages/airflow/example_dags/example_branch_operator.py for tasks to queue
[2023-08-23T21:41:21.266-0400] {logging_mixin.py:151} INFO - [2023-08-23T21:41:21.266-0400] {dagbag.py:539} INFO - Filling up the DagBag from /Users/mauri/Desktop/repositorio/apache-airflow-tutorial/env/lib/python3.11/site-packages/airflow/example_dags/example_branch_operator.py
[2023-08-23T21:41:21.293-0400] {processor.py:839} INFO - DAG(s) dict_keys(['example_branch_operator']) retrieved from /Users/mauri/Desktop/repositorio/apache-airflow-tutorial/env/lib/python3.11/site-packages/airflow/example_dags/example_branch_operator.py
[2023-08-23T21:41:21.347-0400] {logging_mixin.py:151} INFO - [2023-08-23T21:41:21.347-0400] {dag.py:2907} INFO - Sync 1 DAGs
[2023-08-23T21:41:21.353-0400] {logging_mixin.py:151} INFO - [2023-08-23T21:41:21.353-0400] {dag.py:3677} INFO - Setting next_dagrun for example_branch_operator to 2023-08-23T00:00:00+00:00, run_after=2023-08-24T00:00:00+00:00
[2023-08-23T21:41:21.359-0400] {processor.py:179} INFO - Processing /Users/mauri/Desktop/repositorio/apache-airflow-tutorial/env/lib/python3.11/site-packages/airflow/example_dags/example_branch_operator.py took 0.095 seconds
[2023-08-23T21:42:34.105-0400] {processor.py:157} INFO - Started process (PID=8935) to work on /Users/mauri/Desktop/repositorio/apache-airflow-tutorial/env/lib/python3.11/site-packages/airflow/example_dags/example_branch_operator.py
[2023-08-23T21:42:34.107-0400] {processor.py:829} INFO - Processing file /Users/mauri/Desktop/repositorio/apache-airflow-tutorial/env/lib/python3.11/site-packages/airflow/example_dags/example_branch_operator.py for tasks to queue
[2023-08-23T21:42:34.107-0400] {logging_mixin.py:151} INFO - [2023-08-23T21:42:34.107-0400] {dagbag.py:539} INFO - Filling up the DagBag from /Users/mauri/Desktop/repositorio/apache-airflow-tutorial/env/lib/python3.11/site-packages/airflow/example_dags/example_branch_operator.py
[2023-08-23T21:42:34.135-0400] {processor.py:839} INFO - DAG(s) dict_keys(['example_branch_operator']) retrieved from /Users/mauri/Desktop/repositorio/apache-airflow-tutorial/env/lib/python3.11/site-packages/airflow/example_dags/example_branch_operator.py
[2023-08-23T21:42:34.191-0400] {logging_mixin.py:151} INFO - [2023-08-23T21:42:34.191-0400] {dag.py:2907} INFO - Sync 1 DAGs
[2023-08-23T21:42:34.196-0400] {logging_mixin.py:151} INFO - [2023-08-23T21:42:34.196-0400] {dag.py:3677} INFO - Setting next_dagrun for example_branch_operator to 2023-08-23T00:00:00+00:00, run_after=2023-08-24T00:00:00+00:00
[2023-08-23T21:42:34.203-0400] {processor.py:179} INFO - Processing /Users/mauri/Desktop/repositorio/apache-airflow-tutorial/env/lib/python3.11/site-packages/airflow/example_dags/example_branch_operator.py took 0.098 seconds
[2023-08-23T21:43:45.652-0400] {processor.py:157} INFO - Started process (PID=8995) to work on /Users/mauri/Desktop/repositorio/apache-airflow-tutorial/env/lib/python3.11/site-packages/airflow/example_dags/example_branch_operator.py
[2023-08-23T21:43:45.653-0400] {processor.py:829} INFO - Processing file /Users/mauri/Desktop/repositorio/apache-airflow-tutorial/env/lib/python3.11/site-packages/airflow/example_dags/example_branch_operator.py for tasks to queue
[2023-08-23T21:43:45.653-0400] {logging_mixin.py:151} INFO - [2023-08-23T21:43:45.653-0400] {dagbag.py:539} INFO - Filling up the DagBag from /Users/mauri/Desktop/repositorio/apache-airflow-tutorial/env/lib/python3.11/site-packages/airflow/example_dags/example_branch_operator.py
[2023-08-23T21:43:45.681-0400] {processor.py:839} INFO - DAG(s) dict_keys(['example_branch_operator']) retrieved from /Users/mauri/Desktop/repositorio/apache-airflow-tutorial/env/lib/python3.11/site-packages/airflow/example_dags/example_branch_operator.py
[2023-08-23T21:43:45.737-0400] {logging_mixin.py:151} INFO - [2023-08-23T21:43:45.737-0400] {dag.py:2907} INFO - Sync 1 DAGs
[2023-08-23T21:43:45.743-0400] {logging_mixin.py:151} INFO - [2023-08-23T21:43:45.743-0400] {dag.py:3677} INFO - Setting next_dagrun for example_branch_operator to 2023-08-23T00:00:00+00:00, run_after=2023-08-24T00:00:00+00:00
[2023-08-23T21:43:45.749-0400] {processor.py:179} INFO - Processing /Users/mauri/Desktop/repositorio/apache-airflow-tutorial/env/lib/python3.11/site-packages/airflow/example_dags/example_branch_operator.py took 0.098 seconds
[2023-08-23T21:44:57.984-0400] {processor.py:157} INFO - Started process (PID=9070) to work on /Users/mauri/Desktop/repositorio/apache-airflow-tutorial/env/lib/python3.11/site-packages/airflow/example_dags/example_branch_operator.py
[2023-08-23T21:44:57.985-0400] {processor.py:829} INFO - Processing file /Users/mauri/Desktop/repositorio/apache-airflow-tutorial/env/lib/python3.11/site-packages/airflow/example_dags/example_branch_operator.py for tasks to queue
[2023-08-23T21:44:57.985-0400] {logging_mixin.py:151} INFO - [2023-08-23T21:44:57.985-0400] {dagbag.py:539} INFO - Filling up the DagBag from /Users/mauri/Desktop/repositorio/apache-airflow-tutorial/env/lib/python3.11/site-packages/airflow/example_dags/example_branch_operator.py
[2023-08-23T21:44:58.013-0400] {processor.py:839} INFO - DAG(s) dict_keys(['example_branch_operator']) retrieved from /Users/mauri/Desktop/repositorio/apache-airflow-tutorial/env/lib/python3.11/site-packages/airflow/example_dags/example_branch_operator.py
[2023-08-23T21:44:58.068-0400] {logging_mixin.py:151} INFO - [2023-08-23T21:44:58.068-0400] {dag.py:2907} INFO - Sync 1 DAGs
[2023-08-23T21:44:58.074-0400] {logging_mixin.py:151} INFO - [2023-08-23T21:44:58.074-0400] {dag.py:3677} INFO - Setting next_dagrun for example_branch_operator to 2023-08-23T00:00:00+00:00, run_after=2023-08-24T00:00:00+00:00
[2023-08-23T21:44:58.081-0400] {processor.py:179} INFO - Processing /Users/mauri/Desktop/repositorio/apache-airflow-tutorial/env/lib/python3.11/site-packages/airflow/example_dags/example_branch_operator.py took 0.097 seconds
[2023-08-23T21:46:10.981-0400] {processor.py:157} INFO - Started process (PID=9192) to work on /Users/mauri/Desktop/repositorio/apache-airflow-tutorial/env/lib/python3.11/site-packages/airflow/example_dags/example_branch_operator.py
[2023-08-23T21:46:10.982-0400] {processor.py:829} INFO - Processing file /Users/mauri/Desktop/repositorio/apache-airflow-tutorial/env/lib/python3.11/site-packages/airflow/example_dags/example_branch_operator.py for tasks to queue
[2023-08-23T21:46:10.982-0400] {logging_mixin.py:151} INFO - [2023-08-23T21:46:10.982-0400] {dagbag.py:539} INFO - Filling up the DagBag from /Users/mauri/Desktop/repositorio/apache-airflow-tutorial/env/lib/python3.11/site-packages/airflow/example_dags/example_branch_operator.py
[2023-08-23T21:46:11.009-0400] {processor.py:839} INFO - DAG(s) dict_keys(['example_branch_operator']) retrieved from /Users/mauri/Desktop/repositorio/apache-airflow-tutorial/env/lib/python3.11/site-packages/airflow/example_dags/example_branch_operator.py
[2023-08-23T21:46:11.065-0400] {logging_mixin.py:151} INFO - [2023-08-23T21:46:11.065-0400] {dag.py:2907} INFO - Sync 1 DAGs
[2023-08-23T21:46:11.071-0400] {logging_mixin.py:151} INFO - [2023-08-23T21:46:11.071-0400] {dag.py:3677} INFO - Setting next_dagrun for example_branch_operator to 2023-08-23T00:00:00+00:00, run_after=2023-08-24T00:00:00+00:00
[2023-08-23T21:46:11.078-0400] {processor.py:179} INFO - Processing /Users/mauri/Desktop/repositorio/apache-airflow-tutorial/env/lib/python3.11/site-packages/airflow/example_dags/example_branch_operator.py took 0.098 seconds
[2023-08-23T21:47:19.088-0400] {processor.py:157} INFO - Started process (PID=9314) to work on /Users/mauri/Desktop/repositorio/apache-airflow-tutorial/env/lib/python3.11/site-packages/airflow/example_dags/example_branch_operator.py
[2023-08-23T21:47:19.089-0400] {processor.py:829} INFO - Processing file /Users/mauri/Desktop/repositorio/apache-airflow-tutorial/env/lib/python3.11/site-packages/airflow/example_dags/example_branch_operator.py for tasks to queue
[2023-08-23T21:47:19.090-0400] {logging_mixin.py:151} INFO - [2023-08-23T21:47:19.090-0400] {dagbag.py:539} INFO - Filling up the DagBag from /Users/mauri/Desktop/repositorio/apache-airflow-tutorial/env/lib/python3.11/site-packages/airflow/example_dags/example_branch_operator.py
[2023-08-23T21:47:19.117-0400] {processor.py:839} INFO - DAG(s) dict_keys(['example_branch_operator']) retrieved from /Users/mauri/Desktop/repositorio/apache-airflow-tutorial/env/lib/python3.11/site-packages/airflow/example_dags/example_branch_operator.py
[2023-08-23T21:47:19.172-0400] {logging_mixin.py:151} INFO - [2023-08-23T21:47:19.172-0400] {dag.py:2907} INFO - Sync 1 DAGs
[2023-08-23T21:47:19.178-0400] {logging_mixin.py:151} INFO - [2023-08-23T21:47:19.178-0400] {dag.py:3677} INFO - Setting next_dagrun for example_branch_operator to 2023-08-23T00:00:00+00:00, run_after=2023-08-24T00:00:00+00:00
[2023-08-23T21:47:19.184-0400] {processor.py:179} INFO - Processing /Users/mauri/Desktop/repositorio/apache-airflow-tutorial/env/lib/python3.11/site-packages/airflow/example_dags/example_branch_operator.py took 0.097 seconds
[2023-08-23T21:48:32.125-0400] {processor.py:157} INFO - Started process (PID=9424) to work on /Users/mauri/Desktop/repositorio/apache-airflow-tutorial/env/lib/python3.11/site-packages/airflow/example_dags/example_branch_operator.py
[2023-08-23T21:48:32.126-0400] {processor.py:829} INFO - Processing file /Users/mauri/Desktop/repositorio/apache-airflow-tutorial/env/lib/python3.11/site-packages/airflow/example_dags/example_branch_operator.py for tasks to queue
[2023-08-23T21:48:32.126-0400] {logging_mixin.py:151} INFO - [2023-08-23T21:48:32.126-0400] {dagbag.py:539} INFO - Filling up the DagBag from /Users/mauri/Desktop/repositorio/apache-airflow-tutorial/env/lib/python3.11/site-packages/airflow/example_dags/example_branch_operator.py
[2023-08-23T21:48:32.153-0400] {processor.py:839} INFO - DAG(s) dict_keys(['example_branch_operator']) retrieved from /Users/mauri/Desktop/repositorio/apache-airflow-tutorial/env/lib/python3.11/site-packages/airflow/example_dags/example_branch_operator.py
[2023-08-23T21:48:32.208-0400] {logging_mixin.py:151} INFO - [2023-08-23T21:48:32.208-0400] {dag.py:2907} INFO - Sync 1 DAGs
[2023-08-23T21:48:32.214-0400] {logging_mixin.py:151} INFO - [2023-08-23T21:48:32.214-0400] {dag.py:3677} INFO - Setting next_dagrun for example_branch_operator to 2023-08-23T00:00:00+00:00, run_after=2023-08-24T00:00:00+00:00
[2023-08-23T21:48:32.221-0400] {processor.py:179} INFO - Processing /Users/mauri/Desktop/repositorio/apache-airflow-tutorial/env/lib/python3.11/site-packages/airflow/example_dags/example_branch_operator.py took 0.097 seconds
[2023-08-23T21:49:46.082-0400] {processor.py:157} INFO - Started process (PID=9492) to work on /Users/mauri/Desktop/repositorio/apache-airflow-tutorial/env/lib/python3.11/site-packages/airflow/example_dags/example_branch_operator.py
[2023-08-23T21:49:46.084-0400] {processor.py:829} INFO - Processing file /Users/mauri/Desktop/repositorio/apache-airflow-tutorial/env/lib/python3.11/site-packages/airflow/example_dags/example_branch_operator.py for tasks to queue
[2023-08-23T21:49:46.084-0400] {logging_mixin.py:151} INFO - [2023-08-23T21:49:46.084-0400] {dagbag.py:539} INFO - Filling up the DagBag from /Users/mauri/Desktop/repositorio/apache-airflow-tutorial/env/lib/python3.11/site-packages/airflow/example_dags/example_branch_operator.py
[2023-08-23T21:49:46.116-0400] {processor.py:839} INFO - DAG(s) dict_keys(['example_branch_operator']) retrieved from /Users/mauri/Desktop/repositorio/apache-airflow-tutorial/env/lib/python3.11/site-packages/airflow/example_dags/example_branch_operator.py
[2023-08-23T21:49:46.176-0400] {logging_mixin.py:151} INFO - [2023-08-23T21:49:46.176-0400] {dag.py:2907} INFO - Sync 1 DAGs
[2023-08-23T21:49:46.183-0400] {logging_mixin.py:151} INFO - [2023-08-23T21:49:46.182-0400] {dag.py:3677} INFO - Setting next_dagrun for example_branch_operator to 2023-08-23T00:00:00+00:00, run_after=2023-08-24T00:00:00+00:00
[2023-08-23T21:49:46.189-0400] {processor.py:179} INFO - Processing /Users/mauri/Desktop/repositorio/apache-airflow-tutorial/env/lib/python3.11/site-packages/airflow/example_dags/example_branch_operator.py took 0.108 seconds
[2023-08-23T21:51:01.276-0400] {processor.py:157} INFO - Started process (PID=9559) to work on /Users/mauri/Desktop/repositorio/apache-airflow-tutorial/env/lib/python3.11/site-packages/airflow/example_dags/example_branch_operator.py
[2023-08-23T21:51:01.278-0400] {processor.py:829} INFO - Processing file /Users/mauri/Desktop/repositorio/apache-airflow-tutorial/env/lib/python3.11/site-packages/airflow/example_dags/example_branch_operator.py for tasks to queue
[2023-08-23T21:51:01.279-0400] {logging_mixin.py:151} INFO - [2023-08-23T21:51:01.278-0400] {dagbag.py:539} INFO - Filling up the DagBag from /Users/mauri/Desktop/repositorio/apache-airflow-tutorial/env/lib/python3.11/site-packages/airflow/example_dags/example_branch_operator.py
[2023-08-23T21:51:01.307-0400] {processor.py:839} INFO - DAG(s) dict_keys(['example_branch_operator']) retrieved from /Users/mauri/Desktop/repositorio/apache-airflow-tutorial/env/lib/python3.11/site-packages/airflow/example_dags/example_branch_operator.py
[2023-08-23T21:51:01.362-0400] {logging_mixin.py:151} INFO - [2023-08-23T21:51:01.362-0400] {dag.py:2907} INFO - Sync 1 DAGs
[2023-08-23T21:51:01.368-0400] {logging_mixin.py:151} INFO - [2023-08-23T21:51:01.368-0400] {dag.py:3677} INFO - Setting next_dagrun for example_branch_operator to 2023-08-23T00:00:00+00:00, run_after=2023-08-24T00:00:00+00:00
[2023-08-23T21:51:01.375-0400] {processor.py:179} INFO - Processing /Users/mauri/Desktop/repositorio/apache-airflow-tutorial/env/lib/python3.11/site-packages/airflow/example_dags/example_branch_operator.py took 0.099 seconds
[2023-08-23T21:52:15.473-0400] {processor.py:157} INFO - Started process (PID=9659) to work on /Users/mauri/Desktop/repositorio/apache-airflow-tutorial/env/lib/python3.11/site-packages/airflow/example_dags/example_branch_operator.py
[2023-08-23T21:52:15.475-0400] {processor.py:829} INFO - Processing file /Users/mauri/Desktop/repositorio/apache-airflow-tutorial/env/lib/python3.11/site-packages/airflow/example_dags/example_branch_operator.py for tasks to queue
[2023-08-23T21:52:15.475-0400] {logging_mixin.py:151} INFO - [2023-08-23T21:52:15.475-0400] {dagbag.py:539} INFO - Filling up the DagBag from /Users/mauri/Desktop/repositorio/apache-airflow-tutorial/env/lib/python3.11/site-packages/airflow/example_dags/example_branch_operator.py
[2023-08-23T21:52:15.505-0400] {processor.py:839} INFO - DAG(s) dict_keys(['example_branch_operator']) retrieved from /Users/mauri/Desktop/repositorio/apache-airflow-tutorial/env/lib/python3.11/site-packages/airflow/example_dags/example_branch_operator.py
[2023-08-23T21:52:15.561-0400] {logging_mixin.py:151} INFO - [2023-08-23T21:52:15.561-0400] {dag.py:2907} INFO - Sync 1 DAGs
[2023-08-23T21:52:15.567-0400] {logging_mixin.py:151} INFO - [2023-08-23T21:52:15.566-0400] {dag.py:3677} INFO - Setting next_dagrun for example_branch_operator to 2023-08-23T00:00:00+00:00, run_after=2023-08-24T00:00:00+00:00
[2023-08-23T21:52:15.573-0400] {processor.py:179} INFO - Processing /Users/mauri/Desktop/repositorio/apache-airflow-tutorial/env/lib/python3.11/site-packages/airflow/example_dags/example_branch_operator.py took 0.100 seconds
[2023-08-23T21:53:24.697-0400] {processor.py:157} INFO - Started process (PID=9723) to work on /Users/mauri/Desktop/repositorio/apache-airflow-tutorial/env/lib/python3.11/site-packages/airflow/example_dags/example_branch_operator.py
[2023-08-23T21:53:24.698-0400] {processor.py:829} INFO - Processing file /Users/mauri/Desktop/repositorio/apache-airflow-tutorial/env/lib/python3.11/site-packages/airflow/example_dags/example_branch_operator.py for tasks to queue
[2023-08-23T21:53:24.699-0400] {logging_mixin.py:151} INFO - [2023-08-23T21:53:24.699-0400] {dagbag.py:539} INFO - Filling up the DagBag from /Users/mauri/Desktop/repositorio/apache-airflow-tutorial/env/lib/python3.11/site-packages/airflow/example_dags/example_branch_operator.py
[2023-08-23T21:53:24.731-0400] {processor.py:839} INFO - DAG(s) dict_keys(['example_branch_operator']) retrieved from /Users/mauri/Desktop/repositorio/apache-airflow-tutorial/env/lib/python3.11/site-packages/airflow/example_dags/example_branch_operator.py
[2023-08-23T21:53:24.792-0400] {logging_mixin.py:151} INFO - [2023-08-23T21:53:24.792-0400] {dag.py:2907} INFO - Sync 1 DAGs
[2023-08-23T21:53:24.798-0400] {logging_mixin.py:151} INFO - [2023-08-23T21:53:24.798-0400] {dag.py:3677} INFO - Setting next_dagrun for example_branch_operator to 2023-08-23T00:00:00+00:00, run_after=2023-08-24T00:00:00+00:00
[2023-08-23T21:53:24.806-0400] {processor.py:179} INFO - Processing /Users/mauri/Desktop/repositorio/apache-airflow-tutorial/env/lib/python3.11/site-packages/airflow/example_dags/example_branch_operator.py took 0.109 seconds
[2023-08-23T21:54:36.131-0400] {processor.py:157} INFO - Started process (PID=9786) to work on /Users/mauri/Desktop/repositorio/apache-airflow-tutorial/env/lib/python3.11/site-packages/airflow/example_dags/example_branch_operator.py
[2023-08-23T21:54:36.133-0400] {processor.py:829} INFO - Processing file /Users/mauri/Desktop/repositorio/apache-airflow-tutorial/env/lib/python3.11/site-packages/airflow/example_dags/example_branch_operator.py for tasks to queue
[2023-08-23T21:54:36.133-0400] {logging_mixin.py:151} INFO - [2023-08-23T21:54:36.133-0400] {dagbag.py:539} INFO - Filling up the DagBag from /Users/mauri/Desktop/repositorio/apache-airflow-tutorial/env/lib/python3.11/site-packages/airflow/example_dags/example_branch_operator.py
[2023-08-23T21:54:36.159-0400] {processor.py:839} INFO - DAG(s) dict_keys(['example_branch_operator']) retrieved from /Users/mauri/Desktop/repositorio/apache-airflow-tutorial/env/lib/python3.11/site-packages/airflow/example_dags/example_branch_operator.py
[2023-08-23T21:54:36.215-0400] {logging_mixin.py:151} INFO - [2023-08-23T21:54:36.215-0400] {dag.py:2907} INFO - Sync 1 DAGs
[2023-08-23T21:54:36.221-0400] {logging_mixin.py:151} INFO - [2023-08-23T21:54:36.221-0400] {dag.py:3677} INFO - Setting next_dagrun for example_branch_operator to 2023-08-23T00:00:00+00:00, run_after=2023-08-24T00:00:00+00:00
[2023-08-23T21:54:36.228-0400] {processor.py:179} INFO - Processing /Users/mauri/Desktop/repositorio/apache-airflow-tutorial/env/lib/python3.11/site-packages/airflow/example_dags/example_branch_operator.py took 0.096 seconds
[2023-08-23T21:55:49.205-0400] {processor.py:157} INFO - Started process (PID=9856) to work on /Users/mauri/Desktop/repositorio/apache-airflow-tutorial/env/lib/python3.11/site-packages/airflow/example_dags/example_branch_operator.py
[2023-08-23T21:55:49.206-0400] {processor.py:829} INFO - Processing file /Users/mauri/Desktop/repositorio/apache-airflow-tutorial/env/lib/python3.11/site-packages/airflow/example_dags/example_branch_operator.py for tasks to queue
[2023-08-23T21:55:49.206-0400] {logging_mixin.py:151} INFO - [2023-08-23T21:55:49.206-0400] {dagbag.py:539} INFO - Filling up the DagBag from /Users/mauri/Desktop/repositorio/apache-airflow-tutorial/env/lib/python3.11/site-packages/airflow/example_dags/example_branch_operator.py
[2023-08-23T21:55:49.233-0400] {processor.py:839} INFO - DAG(s) dict_keys(['example_branch_operator']) retrieved from /Users/mauri/Desktop/repositorio/apache-airflow-tutorial/env/lib/python3.11/site-packages/airflow/example_dags/example_branch_operator.py
[2023-08-23T21:55:49.288-0400] {logging_mixin.py:151} INFO - [2023-08-23T21:55:49.288-0400] {dag.py:2907} INFO - Sync 1 DAGs
[2023-08-23T21:55:49.294-0400] {logging_mixin.py:151} INFO - [2023-08-23T21:55:49.294-0400] {dag.py:3677} INFO - Setting next_dagrun for example_branch_operator to 2023-08-23T00:00:00+00:00, run_after=2023-08-24T00:00:00+00:00
[2023-08-23T21:55:49.301-0400] {processor.py:179} INFO - Processing /Users/mauri/Desktop/repositorio/apache-airflow-tutorial/env/lib/python3.11/site-packages/airflow/example_dags/example_branch_operator.py took 0.096 seconds
[2023-08-23T21:57:02.344-0400] {processor.py:157} INFO - Started process (PID=9921) to work on /Users/mauri/Desktop/repositorio/apache-airflow-tutorial/env/lib/python3.11/site-packages/airflow/example_dags/example_branch_operator.py
[2023-08-23T21:57:02.345-0400] {processor.py:829} INFO - Processing file /Users/mauri/Desktop/repositorio/apache-airflow-tutorial/env/lib/python3.11/site-packages/airflow/example_dags/example_branch_operator.py for tasks to queue
[2023-08-23T21:57:02.345-0400] {logging_mixin.py:151} INFO - [2023-08-23T21:57:02.345-0400] {dagbag.py:539} INFO - Filling up the DagBag from /Users/mauri/Desktop/repositorio/apache-airflow-tutorial/env/lib/python3.11/site-packages/airflow/example_dags/example_branch_operator.py
[2023-08-23T21:57:02.371-0400] {processor.py:839} INFO - DAG(s) dict_keys(['example_branch_operator']) retrieved from /Users/mauri/Desktop/repositorio/apache-airflow-tutorial/env/lib/python3.11/site-packages/airflow/example_dags/example_branch_operator.py
[2023-08-23T21:57:02.426-0400] {logging_mixin.py:151} INFO - [2023-08-23T21:57:02.426-0400] {dag.py:2907} INFO - Sync 1 DAGs
[2023-08-23T21:57:02.432-0400] {logging_mixin.py:151} INFO - [2023-08-23T21:57:02.432-0400] {dag.py:3677} INFO - Setting next_dagrun for example_branch_operator to 2023-08-23T00:00:00+00:00, run_after=2023-08-24T00:00:00+00:00
[2023-08-23T21:57:02.439-0400] {processor.py:179} INFO - Processing /Users/mauri/Desktop/repositorio/apache-airflow-tutorial/env/lib/python3.11/site-packages/airflow/example_dags/example_branch_operator.py took 0.095 seconds
[2023-08-23T21:58:19.382-0400] {processor.py:157} INFO - Started process (PID=9990) to work on /Users/mauri/Desktop/repositorio/apache-airflow-tutorial/env/lib/python3.11/site-packages/airflow/example_dags/example_branch_operator.py
[2023-08-23T21:58:19.383-0400] {processor.py:829} INFO - Processing file /Users/mauri/Desktop/repositorio/apache-airflow-tutorial/env/lib/python3.11/site-packages/airflow/example_dags/example_branch_operator.py for tasks to queue
[2023-08-23T21:58:19.383-0400] {logging_mixin.py:151} INFO - [2023-08-23T21:58:19.383-0400] {dagbag.py:539} INFO - Filling up the DagBag from /Users/mauri/Desktop/repositorio/apache-airflow-tutorial/env/lib/python3.11/site-packages/airflow/example_dags/example_branch_operator.py
[2023-08-23T21:58:19.412-0400] {processor.py:839} INFO - DAG(s) dict_keys(['example_branch_operator']) retrieved from /Users/mauri/Desktop/repositorio/apache-airflow-tutorial/env/lib/python3.11/site-packages/airflow/example_dags/example_branch_operator.py
[2023-08-23T21:58:19.472-0400] {logging_mixin.py:151} INFO - [2023-08-23T21:58:19.472-0400] {dag.py:2907} INFO - Sync 1 DAGs
[2023-08-23T21:58:19.478-0400] {logging_mixin.py:151} INFO - [2023-08-23T21:58:19.478-0400] {dag.py:3677} INFO - Setting next_dagrun for example_branch_operator to 2023-08-23T00:00:00+00:00, run_after=2023-08-24T00:00:00+00:00
[2023-08-23T21:58:19.485-0400] {processor.py:179} INFO - Processing /Users/mauri/Desktop/repositorio/apache-airflow-tutorial/env/lib/python3.11/site-packages/airflow/example_dags/example_branch_operator.py took 0.103 seconds
[2023-08-23T21:59:33.694-0400] {processor.py:157} INFO - Started process (PID=10058) to work on /Users/mauri/Desktop/repositorio/apache-airflow-tutorial/env/lib/python3.11/site-packages/airflow/example_dags/example_branch_operator.py
[2023-08-23T21:59:33.695-0400] {processor.py:829} INFO - Processing file /Users/mauri/Desktop/repositorio/apache-airflow-tutorial/env/lib/python3.11/site-packages/airflow/example_dags/example_branch_operator.py for tasks to queue
[2023-08-23T21:59:33.695-0400] {logging_mixin.py:151} INFO - [2023-08-23T21:59:33.695-0400] {dagbag.py:539} INFO - Filling up the DagBag from /Users/mauri/Desktop/repositorio/apache-airflow-tutorial/env/lib/python3.11/site-packages/airflow/example_dags/example_branch_operator.py
[2023-08-23T21:59:33.722-0400] {processor.py:839} INFO - DAG(s) dict_keys(['example_branch_operator']) retrieved from /Users/mauri/Desktop/repositorio/apache-airflow-tutorial/env/lib/python3.11/site-packages/airflow/example_dags/example_branch_operator.py
[2023-08-23T21:59:33.777-0400] {logging_mixin.py:151} INFO - [2023-08-23T21:59:33.777-0400] {dag.py:2907} INFO - Sync 1 DAGs
[2023-08-23T21:59:33.783-0400] {logging_mixin.py:151} INFO - [2023-08-23T21:59:33.783-0400] {dag.py:3677} INFO - Setting next_dagrun for example_branch_operator to 2023-08-23T00:00:00+00:00, run_after=2023-08-24T00:00:00+00:00
[2023-08-23T21:59:33.790-0400] {processor.py:179} INFO - Processing /Users/mauri/Desktop/repositorio/apache-airflow-tutorial/env/lib/python3.11/site-packages/airflow/example_dags/example_branch_operator.py took 0.096 seconds
