[2023-08-23T21:34:21.685-0400] {processor.py:157} INFO - Started process (PID=8515) to work on /Users/mauri/Desktop/repositorio/apache-airflow-tutorial/env/lib/python3.11/site-packages/airflow/example_dags/example_short_circuit_operator.py
[2023-08-23T21:34:21.686-0400] {processor.py:829} INFO - Processing file /Users/mauri/Desktop/repositorio/apache-airflow-tutorial/env/lib/python3.11/site-packages/airflow/example_dags/example_short_circuit_operator.py for tasks to queue
[2023-08-23T21:34:21.686-0400] {logging_mixin.py:151} INFO - [2023-08-23T21:34:21.686-0400] {dagbag.py:539} INFO - Filling up the DagBag from /Users/mauri/Desktop/repositorio/apache-airflow-tutorial/env/lib/python3.11/site-packages/airflow/example_dags/example_short_circuit_operator.py
[2023-08-23T21:34:21.713-0400] {processor.py:839} INFO - DAG(s) dict_keys(['example_short_circuit_operator']) retrieved from /Users/mauri/Desktop/repositorio/apache-airflow-tutorial/env/lib/python3.11/site-packages/airflow/example_dags/example_short_circuit_operator.py
[2023-08-23T21:34:22.021-0400] {logging_mixin.py:151} INFO - [2023-08-23T21:34:22.021-0400] {manager.py:501} INFO - Created Permission View: can read on DAG:example_short_circuit_operator
[2023-08-23T21:34:22.024-0400] {logging_mixin.py:151} INFO - [2023-08-23T21:34:22.024-0400] {manager.py:501} INFO - Created Permission View: can delete on DAG:example_short_circuit_operator
[2023-08-23T21:34:22.026-0400] {logging_mixin.py:151} INFO - [2023-08-23T21:34:22.026-0400] {manager.py:501} INFO - Created Permission View: can edit on DAG:example_short_circuit_operator
[2023-08-23T21:34:22.029-0400] {logging_mixin.py:151} INFO - [2023-08-23T21:34:22.029-0400] {dag.py:2907} INFO - Sync 1 DAGs
[2023-08-23T21:34:22.032-0400] {logging_mixin.py:151} INFO - [2023-08-23T21:34:22.032-0400] {dag.py:2929} INFO - Creating ORM DAG for example_short_circuit_operator
[2023-08-23T21:34:22.034-0400] {logging_mixin.py:151} INFO - [2023-08-23T21:34:22.034-0400] {dag.py:3677} INFO - Setting next_dagrun for example_short_circuit_operator to 2023-08-23T01:34:22.034708+00:00, run_after=2023-08-24T01:34:22.034708+00:00
[2023-08-23T21:34:22.040-0400] {processor.py:179} INFO - Processing /Users/mauri/Desktop/repositorio/apache-airflow-tutorial/env/lib/python3.11/site-packages/airflow/example_dags/example_short_circuit_operator.py took 0.355 seconds
[2023-08-23T21:35:39.535-0400] {processor.py:157} INFO - Started process (PID=8568) to work on /Users/mauri/Desktop/repositorio/apache-airflow-tutorial/env/lib/python3.11/site-packages/airflow/example_dags/example_short_circuit_operator.py
[2023-08-23T21:35:39.538-0400] {processor.py:829} INFO - Processing file /Users/mauri/Desktop/repositorio/apache-airflow-tutorial/env/lib/python3.11/site-packages/airflow/example_dags/example_short_circuit_operator.py for tasks to queue
[2023-08-23T21:35:39.538-0400] {logging_mixin.py:151} INFO - [2023-08-23T21:35:39.538-0400] {dagbag.py:539} INFO - Filling up the DagBag from /Users/mauri/Desktop/repositorio/apache-airflow-tutorial/env/lib/python3.11/site-packages/airflow/example_dags/example_short_circuit_operator.py
[2023-08-23T21:35:39.564-0400] {processor.py:839} INFO - DAG(s) dict_keys(['example_short_circuit_operator']) retrieved from /Users/mauri/Desktop/repositorio/apache-airflow-tutorial/env/lib/python3.11/site-packages/airflow/example_dags/example_short_circuit_operator.py
[2023-08-23T21:35:39.619-0400] {logging_mixin.py:151} INFO - [2023-08-23T21:35:39.619-0400] {dag.py:2907} INFO - Sync 1 DAGs
[2023-08-23T21:35:39.624-0400] {logging_mixin.py:151} INFO - [2023-08-23T21:35:39.624-0400] {dag.py:3677} INFO - Setting next_dagrun for example_short_circuit_operator to 2023-08-23T01:35:39.624801+00:00, run_after=2023-08-24T01:35:39.624801+00:00
[2023-08-23T21:35:39.631-0400] {processor.py:179} INFO - Processing /Users/mauri/Desktop/repositorio/apache-airflow-tutorial/env/lib/python3.11/site-packages/airflow/example_dags/example_short_circuit_operator.py took 0.096 seconds
[2023-08-23T21:36:52.097-0400] {processor.py:157} INFO - Started process (PID=8638) to work on /Users/mauri/Desktop/repositorio/apache-airflow-tutorial/env/lib/python3.11/site-packages/airflow/example_dags/example_short_circuit_operator.py
[2023-08-23T21:36:52.099-0400] {processor.py:829} INFO - Processing file /Users/mauri/Desktop/repositorio/apache-airflow-tutorial/env/lib/python3.11/site-packages/airflow/example_dags/example_short_circuit_operator.py for tasks to queue
[2023-08-23T21:36:52.100-0400] {logging_mixin.py:151} INFO - [2023-08-23T21:36:52.099-0400] {dagbag.py:539} INFO - Filling up the DagBag from /Users/mauri/Desktop/repositorio/apache-airflow-tutorial/env/lib/python3.11/site-packages/airflow/example_dags/example_short_circuit_operator.py
[2023-08-23T21:36:52.126-0400] {processor.py:839} INFO - DAG(s) dict_keys(['example_short_circuit_operator']) retrieved from /Users/mauri/Desktop/repositorio/apache-airflow-tutorial/env/lib/python3.11/site-packages/airflow/example_dags/example_short_circuit_operator.py
[2023-08-23T21:36:52.181-0400] {logging_mixin.py:151} INFO - [2023-08-23T21:36:52.181-0400] {dag.py:2907} INFO - Sync 1 DAGs
[2023-08-23T21:36:52.186-0400] {logging_mixin.py:151} INFO - [2023-08-23T21:36:52.186-0400] {dag.py:3677} INFO - Setting next_dagrun for example_short_circuit_operator to 2023-08-23T01:36:52.186451+00:00, run_after=2023-08-24T01:36:52.186451+00:00
[2023-08-23T21:36:52.193-0400] {processor.py:179} INFO - Processing /Users/mauri/Desktop/repositorio/apache-airflow-tutorial/env/lib/python3.11/site-packages/airflow/example_dags/example_short_circuit_operator.py took 0.096 seconds
[2023-08-23T21:38:06.089-0400] {processor.py:157} INFO - Started process (PID=8697) to work on /Users/mauri/Desktop/repositorio/apache-airflow-tutorial/env/lib/python3.11/site-packages/airflow/example_dags/example_short_circuit_operator.py
[2023-08-23T21:38:06.091-0400] {processor.py:829} INFO - Processing file /Users/mauri/Desktop/repositorio/apache-airflow-tutorial/env/lib/python3.11/site-packages/airflow/example_dags/example_short_circuit_operator.py for tasks to queue
[2023-08-23T21:38:06.091-0400] {logging_mixin.py:151} INFO - [2023-08-23T21:38:06.091-0400] {dagbag.py:539} INFO - Filling up the DagBag from /Users/mauri/Desktop/repositorio/apache-airflow-tutorial/env/lib/python3.11/site-packages/airflow/example_dags/example_short_circuit_operator.py
[2023-08-23T21:38:06.118-0400] {processor.py:839} INFO - DAG(s) dict_keys(['example_short_circuit_operator']) retrieved from /Users/mauri/Desktop/repositorio/apache-airflow-tutorial/env/lib/python3.11/site-packages/airflow/example_dags/example_short_circuit_operator.py
[2023-08-23T21:38:06.173-0400] {logging_mixin.py:151} INFO - [2023-08-23T21:38:06.173-0400] {dag.py:2907} INFO - Sync 1 DAGs
[2023-08-23T21:38:06.178-0400] {logging_mixin.py:151} INFO - [2023-08-23T21:38:06.178-0400] {dag.py:3677} INFO - Setting next_dagrun for example_short_circuit_operator to 2023-08-23T01:38:06.178873+00:00, run_after=2023-08-24T01:38:06.178873+00:00
[2023-08-23T21:38:06.185-0400] {processor.py:179} INFO - Processing /Users/mauri/Desktop/repositorio/apache-airflow-tutorial/env/lib/python3.11/site-packages/airflow/example_dags/example_short_circuit_operator.py took 0.097 seconds
[2023-08-23T21:39:23.008-0400] {processor.py:157} INFO - Started process (PID=8773) to work on /Users/mauri/Desktop/repositorio/apache-airflow-tutorial/env/lib/python3.11/site-packages/airflow/example_dags/example_short_circuit_operator.py
[2023-08-23T21:39:23.011-0400] {processor.py:829} INFO - Processing file /Users/mauri/Desktop/repositorio/apache-airflow-tutorial/env/lib/python3.11/site-packages/airflow/example_dags/example_short_circuit_operator.py for tasks to queue
[2023-08-23T21:39:23.011-0400] {logging_mixin.py:151} INFO - [2023-08-23T21:39:23.011-0400] {dagbag.py:539} INFO - Filling up the DagBag from /Users/mauri/Desktop/repositorio/apache-airflow-tutorial/env/lib/python3.11/site-packages/airflow/example_dags/example_short_circuit_operator.py
[2023-08-23T21:39:23.038-0400] {processor.py:839} INFO - DAG(s) dict_keys(['example_short_circuit_operator']) retrieved from /Users/mauri/Desktop/repositorio/apache-airflow-tutorial/env/lib/python3.11/site-packages/airflow/example_dags/example_short_circuit_operator.py
[2023-08-23T21:39:23.093-0400] {logging_mixin.py:151} INFO - [2023-08-23T21:39:23.093-0400] {dag.py:2907} INFO - Sync 1 DAGs
[2023-08-23T21:39:23.098-0400] {logging_mixin.py:151} INFO - [2023-08-23T21:39:23.098-0400] {dag.py:3677} INFO - Setting next_dagrun for example_short_circuit_operator to 2023-08-23T01:39:23.098575+00:00, run_after=2023-08-24T01:39:23.098575+00:00
[2023-08-23T21:39:23.105-0400] {processor.py:179} INFO - Processing /Users/mauri/Desktop/repositorio/apache-airflow-tutorial/env/lib/python3.11/site-packages/airflow/example_dags/example_short_circuit_operator.py took 0.097 seconds
[2023-08-23T21:40:36.181-0400] {processor.py:157} INFO - Started process (PID=8834) to work on /Users/mauri/Desktop/repositorio/apache-airflow-tutorial/env/lib/python3.11/site-packages/airflow/example_dags/example_short_circuit_operator.py
[2023-08-23T21:40:36.183-0400] {processor.py:829} INFO - Processing file /Users/mauri/Desktop/repositorio/apache-airflow-tutorial/env/lib/python3.11/site-packages/airflow/example_dags/example_short_circuit_operator.py for tasks to queue
[2023-08-23T21:40:36.183-0400] {logging_mixin.py:151} INFO - [2023-08-23T21:40:36.183-0400] {dagbag.py:539} INFO - Filling up the DagBag from /Users/mauri/Desktop/repositorio/apache-airflow-tutorial/env/lib/python3.11/site-packages/airflow/example_dags/example_short_circuit_operator.py
[2023-08-23T21:40:36.209-0400] {processor.py:839} INFO - DAG(s) dict_keys(['example_short_circuit_operator']) retrieved from /Users/mauri/Desktop/repositorio/apache-airflow-tutorial/env/lib/python3.11/site-packages/airflow/example_dags/example_short_circuit_operator.py
[2023-08-23T21:40:36.264-0400] {logging_mixin.py:151} INFO - [2023-08-23T21:40:36.264-0400] {dag.py:2907} INFO - Sync 1 DAGs
[2023-08-23T21:40:36.270-0400] {logging_mixin.py:151} INFO - [2023-08-23T21:40:36.270-0400] {dag.py:3677} INFO - Setting next_dagrun for example_short_circuit_operator to 2023-08-23T01:40:36.269952+00:00, run_after=2023-08-24T01:40:36.269952+00:00
[2023-08-23T21:40:36.276-0400] {processor.py:179} INFO - Processing /Users/mauri/Desktop/repositorio/apache-airflow-tutorial/env/lib/python3.11/site-packages/airflow/example_dags/example_short_circuit_operator.py took 0.095 seconds
[2023-08-23T21:41:49.162-0400] {processor.py:157} INFO - Started process (PID=8893) to work on /Users/mauri/Desktop/repositorio/apache-airflow-tutorial/env/lib/python3.11/site-packages/airflow/example_dags/example_short_circuit_operator.py
[2023-08-23T21:41:49.163-0400] {processor.py:829} INFO - Processing file /Users/mauri/Desktop/repositorio/apache-airflow-tutorial/env/lib/python3.11/site-packages/airflow/example_dags/example_short_circuit_operator.py for tasks to queue
[2023-08-23T21:41:49.163-0400] {logging_mixin.py:151} INFO - [2023-08-23T21:41:49.163-0400] {dagbag.py:539} INFO - Filling up the DagBag from /Users/mauri/Desktop/repositorio/apache-airflow-tutorial/env/lib/python3.11/site-packages/airflow/example_dags/example_short_circuit_operator.py
[2023-08-23T21:41:49.190-0400] {processor.py:839} INFO - DAG(s) dict_keys(['example_short_circuit_operator']) retrieved from /Users/mauri/Desktop/repositorio/apache-airflow-tutorial/env/lib/python3.11/site-packages/airflow/example_dags/example_short_circuit_operator.py
[2023-08-23T21:41:49.246-0400] {logging_mixin.py:151} INFO - [2023-08-23T21:41:49.246-0400] {dag.py:2907} INFO - Sync 1 DAGs
[2023-08-23T21:41:49.251-0400] {logging_mixin.py:151} INFO - [2023-08-23T21:41:49.251-0400] {dag.py:3677} INFO - Setting next_dagrun for example_short_circuit_operator to 2023-08-23T01:41:49.251623+00:00, run_after=2023-08-24T01:41:49.251623+00:00
[2023-08-23T21:41:49.258-0400] {processor.py:179} INFO - Processing /Users/mauri/Desktop/repositorio/apache-airflow-tutorial/env/lib/python3.11/site-packages/airflow/example_dags/example_short_circuit_operator.py took 0.097 seconds
[2023-08-23T21:43:01.563-0400] {processor.py:157} INFO - Started process (PID=8958) to work on /Users/mauri/Desktop/repositorio/apache-airflow-tutorial/env/lib/python3.11/site-packages/airflow/example_dags/example_short_circuit_operator.py
[2023-08-23T21:43:01.564-0400] {processor.py:829} INFO - Processing file /Users/mauri/Desktop/repositorio/apache-airflow-tutorial/env/lib/python3.11/site-packages/airflow/example_dags/example_short_circuit_operator.py for tasks to queue
[2023-08-23T21:43:01.564-0400] {logging_mixin.py:151} INFO - [2023-08-23T21:43:01.564-0400] {dagbag.py:539} INFO - Filling up the DagBag from /Users/mauri/Desktop/repositorio/apache-airflow-tutorial/env/lib/python3.11/site-packages/airflow/example_dags/example_short_circuit_operator.py
[2023-08-23T21:43:01.591-0400] {processor.py:839} INFO - DAG(s) dict_keys(['example_short_circuit_operator']) retrieved from /Users/mauri/Desktop/repositorio/apache-airflow-tutorial/env/lib/python3.11/site-packages/airflow/example_dags/example_short_circuit_operator.py
[2023-08-23T21:43:01.647-0400] {logging_mixin.py:151} INFO - [2023-08-23T21:43:01.646-0400] {dag.py:2907} INFO - Sync 1 DAGs
[2023-08-23T21:43:01.652-0400] {logging_mixin.py:151} INFO - [2023-08-23T21:43:01.652-0400] {dag.py:3677} INFO - Setting next_dagrun for example_short_circuit_operator to 2023-08-23T01:43:01.652138+00:00, run_after=2023-08-24T01:43:01.652138+00:00
[2023-08-23T21:43:01.658-0400] {processor.py:179} INFO - Processing /Users/mauri/Desktop/repositorio/apache-airflow-tutorial/env/lib/python3.11/site-packages/airflow/example_dags/example_short_circuit_operator.py took 0.096 seconds
[2023-08-23T21:44:11.465-0400] {processor.py:157} INFO - Started process (PID=9022) to work on /Users/mauri/Desktop/repositorio/apache-airflow-tutorial/env/lib/python3.11/site-packages/airflow/example_dags/example_short_circuit_operator.py
[2023-08-23T21:44:11.466-0400] {processor.py:829} INFO - Processing file /Users/mauri/Desktop/repositorio/apache-airflow-tutorial/env/lib/python3.11/site-packages/airflow/example_dags/example_short_circuit_operator.py for tasks to queue
[2023-08-23T21:44:11.466-0400] {logging_mixin.py:151} INFO - [2023-08-23T21:44:11.466-0400] {dagbag.py:539} INFO - Filling up the DagBag from /Users/mauri/Desktop/repositorio/apache-airflow-tutorial/env/lib/python3.11/site-packages/airflow/example_dags/example_short_circuit_operator.py
[2023-08-23T21:44:11.496-0400] {processor.py:839} INFO - DAG(s) dict_keys(['example_short_circuit_operator']) retrieved from /Users/mauri/Desktop/repositorio/apache-airflow-tutorial/env/lib/python3.11/site-packages/airflow/example_dags/example_short_circuit_operator.py
[2023-08-23T21:44:11.552-0400] {logging_mixin.py:151} INFO - [2023-08-23T21:44:11.552-0400] {dag.py:2907} INFO - Sync 1 DAGs
[2023-08-23T21:44:11.557-0400] {logging_mixin.py:151} INFO - [2023-08-23T21:44:11.557-0400] {dag.py:3677} INFO - Setting next_dagrun for example_short_circuit_operator to 2023-08-23T01:44:11.557822+00:00, run_after=2023-08-24T01:44:11.557822+00:00
[2023-08-23T21:44:11.564-0400] {processor.py:179} INFO - Processing /Users/mauri/Desktop/repositorio/apache-airflow-tutorial/env/lib/python3.11/site-packages/airflow/example_dags/example_short_circuit_operator.py took 0.100 seconds
[2023-08-23T21:45:25.689-0400] {processor.py:157} INFO - Started process (PID=9100) to work on /Users/mauri/Desktop/repositorio/apache-airflow-tutorial/env/lib/python3.11/site-packages/airflow/example_dags/example_short_circuit_operator.py
[2023-08-23T21:45:25.690-0400] {processor.py:829} INFO - Processing file /Users/mauri/Desktop/repositorio/apache-airflow-tutorial/env/lib/python3.11/site-packages/airflow/example_dags/example_short_circuit_operator.py for tasks to queue
[2023-08-23T21:45:25.691-0400] {logging_mixin.py:151} INFO - [2023-08-23T21:45:25.691-0400] {dagbag.py:539} INFO - Filling up the DagBag from /Users/mauri/Desktop/repositorio/apache-airflow-tutorial/env/lib/python3.11/site-packages/airflow/example_dags/example_short_circuit_operator.py
[2023-08-23T21:45:25.717-0400] {processor.py:839} INFO - DAG(s) dict_keys(['example_short_circuit_operator']) retrieved from /Users/mauri/Desktop/repositorio/apache-airflow-tutorial/env/lib/python3.11/site-packages/airflow/example_dags/example_short_circuit_operator.py
[2023-08-23T21:45:25.772-0400] {logging_mixin.py:151} INFO - [2023-08-23T21:45:25.772-0400] {dag.py:2907} INFO - Sync 1 DAGs
[2023-08-23T21:45:25.777-0400] {logging_mixin.py:151} INFO - [2023-08-23T21:45:25.777-0400] {dag.py:3677} INFO - Setting next_dagrun for example_short_circuit_operator to 2023-08-23T01:45:25.777623+00:00, run_after=2023-08-24T01:45:25.777623+00:00
[2023-08-23T21:45:25.784-0400] {processor.py:179} INFO - Processing /Users/mauri/Desktop/repositorio/apache-airflow-tutorial/env/lib/python3.11/site-packages/airflow/example_dags/example_short_circuit_operator.py took 0.095 seconds
[2023-08-23T21:46:37.320-0400] {processor.py:157} INFO - Started process (PID=9231) to work on /Users/mauri/Desktop/repositorio/apache-airflow-tutorial/env/lib/python3.11/site-packages/airflow/example_dags/example_short_circuit_operator.py
[2023-08-23T21:46:37.321-0400] {processor.py:829} INFO - Processing file /Users/mauri/Desktop/repositorio/apache-airflow-tutorial/env/lib/python3.11/site-packages/airflow/example_dags/example_short_circuit_operator.py for tasks to queue
[2023-08-23T21:46:37.322-0400] {logging_mixin.py:151} INFO - [2023-08-23T21:46:37.322-0400] {dagbag.py:539} INFO - Filling up the DagBag from /Users/mauri/Desktop/repositorio/apache-airflow-tutorial/env/lib/python3.11/site-packages/airflow/example_dags/example_short_circuit_operator.py
[2023-08-23T21:46:37.348-0400] {processor.py:839} INFO - DAG(s) dict_keys(['example_short_circuit_operator']) retrieved from /Users/mauri/Desktop/repositorio/apache-airflow-tutorial/env/lib/python3.11/site-packages/airflow/example_dags/example_short_circuit_operator.py
[2023-08-23T21:46:37.404-0400] {logging_mixin.py:151} INFO - [2023-08-23T21:46:37.404-0400] {dag.py:2907} INFO - Sync 1 DAGs
[2023-08-23T21:46:37.409-0400] {logging_mixin.py:151} INFO - [2023-08-23T21:46:37.409-0400] {dag.py:3677} INFO - Setting next_dagrun for example_short_circuit_operator to 2023-08-23T01:46:37.409445+00:00, run_after=2023-08-24T01:46:37.409445+00:00
[2023-08-23T21:46:37.416-0400] {processor.py:179} INFO - Processing /Users/mauri/Desktop/repositorio/apache-airflow-tutorial/env/lib/python3.11/site-packages/airflow/example_dags/example_short_circuit_operator.py took 0.096 seconds
[2023-08-23T21:47:47.016-0400] {processor.py:157} INFO - Started process (PID=9358) to work on /Users/mauri/Desktop/repositorio/apache-airflow-tutorial/env/lib/python3.11/site-packages/airflow/example_dags/example_short_circuit_operator.py
[2023-08-23T21:47:47.018-0400] {processor.py:829} INFO - Processing file /Users/mauri/Desktop/repositorio/apache-airflow-tutorial/env/lib/python3.11/site-packages/airflow/example_dags/example_short_circuit_operator.py for tasks to queue
[2023-08-23T21:47:47.018-0400] {logging_mixin.py:151} INFO - [2023-08-23T21:47:47.018-0400] {dagbag.py:539} INFO - Filling up the DagBag from /Users/mauri/Desktop/repositorio/apache-airflow-tutorial/env/lib/python3.11/site-packages/airflow/example_dags/example_short_circuit_operator.py
[2023-08-23T21:47:47.044-0400] {processor.py:839} INFO - DAG(s) dict_keys(['example_short_circuit_operator']) retrieved from /Users/mauri/Desktop/repositorio/apache-airflow-tutorial/env/lib/python3.11/site-packages/airflow/example_dags/example_short_circuit_operator.py
[2023-08-23T21:47:47.105-0400] {logging_mixin.py:151} INFO - [2023-08-23T21:47:47.105-0400] {dag.py:2907} INFO - Sync 1 DAGs
[2023-08-23T21:47:47.112-0400] {logging_mixin.py:151} INFO - [2023-08-23T21:47:47.112-0400] {dag.py:3677} INFO - Setting next_dagrun for example_short_circuit_operator to 2023-08-23T01:47:47.112298+00:00, run_after=2023-08-24T01:47:47.112298+00:00
[2023-08-23T21:47:47.119-0400] {processor.py:179} INFO - Processing /Users/mauri/Desktop/repositorio/apache-airflow-tutorial/env/lib/python3.11/site-packages/airflow/example_dags/example_short_circuit_operator.py took 0.103 seconds
[2023-08-23T21:49:00.190-0400] {processor.py:157} INFO - Started process (PID=9448) to work on /Users/mauri/Desktop/repositorio/apache-airflow-tutorial/env/lib/python3.11/site-packages/airflow/example_dags/example_short_circuit_operator.py
[2023-08-23T21:49:00.191-0400] {processor.py:829} INFO - Processing file /Users/mauri/Desktop/repositorio/apache-airflow-tutorial/env/lib/python3.11/site-packages/airflow/example_dags/example_short_circuit_operator.py for tasks to queue
[2023-08-23T21:49:00.192-0400] {logging_mixin.py:151} INFO - [2023-08-23T21:49:00.192-0400] {dagbag.py:539} INFO - Filling up the DagBag from /Users/mauri/Desktop/repositorio/apache-airflow-tutorial/env/lib/python3.11/site-packages/airflow/example_dags/example_short_circuit_operator.py
[2023-08-23T21:49:00.218-0400] {processor.py:839} INFO - DAG(s) dict_keys(['example_short_circuit_operator']) retrieved from /Users/mauri/Desktop/repositorio/apache-airflow-tutorial/env/lib/python3.11/site-packages/airflow/example_dags/example_short_circuit_operator.py
[2023-08-23T21:49:00.273-0400] {logging_mixin.py:151} INFO - [2023-08-23T21:49:00.273-0400] {dag.py:2907} INFO - Sync 1 DAGs
[2023-08-23T21:49:00.278-0400] {logging_mixin.py:151} INFO - [2023-08-23T21:49:00.278-0400] {dag.py:3677} INFO - Setting next_dagrun for example_short_circuit_operator to 2023-08-23T01:49:00.278754+00:00, run_after=2023-08-24T01:49:00.278754+00:00
[2023-08-23T21:49:00.285-0400] {processor.py:179} INFO - Processing /Users/mauri/Desktop/repositorio/apache-airflow-tutorial/env/lib/python3.11/site-packages/airflow/example_dags/example_short_circuit_operator.py took 0.096 seconds
[2023-08-23T21:50:16.415-0400] {processor.py:157} INFO - Started process (PID=9525) to work on /Users/mauri/Desktop/repositorio/apache-airflow-tutorial/env/lib/python3.11/site-packages/airflow/example_dags/example_short_circuit_operator.py
[2023-08-23T21:50:16.417-0400] {processor.py:829} INFO - Processing file /Users/mauri/Desktop/repositorio/apache-airflow-tutorial/env/lib/python3.11/site-packages/airflow/example_dags/example_short_circuit_operator.py for tasks to queue
[2023-08-23T21:50:16.418-0400] {logging_mixin.py:151} INFO - [2023-08-23T21:50:16.418-0400] {dagbag.py:539} INFO - Filling up the DagBag from /Users/mauri/Desktop/repositorio/apache-airflow-tutorial/env/lib/python3.11/site-packages/airflow/example_dags/example_short_circuit_operator.py
[2023-08-23T21:50:16.445-0400] {processor.py:839} INFO - DAG(s) dict_keys(['example_short_circuit_operator']) retrieved from /Users/mauri/Desktop/repositorio/apache-airflow-tutorial/env/lib/python3.11/site-packages/airflow/example_dags/example_short_circuit_operator.py
[2023-08-23T21:50:16.500-0400] {logging_mixin.py:151} INFO - [2023-08-23T21:50:16.500-0400] {dag.py:2907} INFO - Sync 1 DAGs
[2023-08-23T21:50:16.505-0400] {logging_mixin.py:151} INFO - [2023-08-23T21:50:16.505-0400] {dag.py:3677} INFO - Setting next_dagrun for example_short_circuit_operator to 2023-08-23T01:50:16.505441+00:00, run_after=2023-08-24T01:50:16.505441+00:00
[2023-08-23T21:50:16.512-0400] {processor.py:179} INFO - Processing /Users/mauri/Desktop/repositorio/apache-airflow-tutorial/env/lib/python3.11/site-packages/airflow/example_dags/example_short_circuit_operator.py took 0.097 seconds
[2023-08-23T21:51:30.891-0400] {processor.py:157} INFO - Started process (PID=9612) to work on /Users/mauri/Desktop/repositorio/apache-airflow-tutorial/env/lib/python3.11/site-packages/airflow/example_dags/example_short_circuit_operator.py
[2023-08-23T21:51:30.893-0400] {processor.py:829} INFO - Processing file /Users/mauri/Desktop/repositorio/apache-airflow-tutorial/env/lib/python3.11/site-packages/airflow/example_dags/example_short_circuit_operator.py for tasks to queue
[2023-08-23T21:51:30.893-0400] {logging_mixin.py:151} INFO - [2023-08-23T21:51:30.893-0400] {dagbag.py:539} INFO - Filling up the DagBag from /Users/mauri/Desktop/repositorio/apache-airflow-tutorial/env/lib/python3.11/site-packages/airflow/example_dags/example_short_circuit_operator.py
[2023-08-23T21:51:30.920-0400] {processor.py:839} INFO - DAG(s) dict_keys(['example_short_circuit_operator']) retrieved from /Users/mauri/Desktop/repositorio/apache-airflow-tutorial/env/lib/python3.11/site-packages/airflow/example_dags/example_short_circuit_operator.py
[2023-08-23T21:51:30.977-0400] {logging_mixin.py:151} INFO - [2023-08-23T21:51:30.977-0400] {dag.py:2907} INFO - Sync 1 DAGs
[2023-08-23T21:51:30.982-0400] {logging_mixin.py:151} INFO - [2023-08-23T21:51:30.982-0400] {dag.py:3677} INFO - Setting next_dagrun for example_short_circuit_operator to 2023-08-23T01:51:30.982658+00:00, run_after=2023-08-24T01:51:30.982658+00:00
[2023-08-23T21:51:30.989-0400] {processor.py:179} INFO - Processing /Users/mauri/Desktop/repositorio/apache-airflow-tutorial/env/lib/python3.11/site-packages/airflow/example_dags/example_short_circuit_operator.py took 0.099 seconds
[2023-08-23T21:52:41.850-0400] {processor.py:157} INFO - Started process (PID=9680) to work on /Users/mauri/Desktop/repositorio/apache-airflow-tutorial/env/lib/python3.11/site-packages/airflow/example_dags/example_short_circuit_operator.py
[2023-08-23T21:52:41.852-0400] {processor.py:829} INFO - Processing file /Users/mauri/Desktop/repositorio/apache-airflow-tutorial/env/lib/python3.11/site-packages/airflow/example_dags/example_short_circuit_operator.py for tasks to queue
[2023-08-23T21:52:41.852-0400] {logging_mixin.py:151} INFO - [2023-08-23T21:52:41.852-0400] {dagbag.py:539} INFO - Filling up the DagBag from /Users/mauri/Desktop/repositorio/apache-airflow-tutorial/env/lib/python3.11/site-packages/airflow/example_dags/example_short_circuit_operator.py
[2023-08-23T21:52:41.878-0400] {processor.py:839} INFO - DAG(s) dict_keys(['example_short_circuit_operator']) retrieved from /Users/mauri/Desktop/repositorio/apache-airflow-tutorial/env/lib/python3.11/site-packages/airflow/example_dags/example_short_circuit_operator.py
[2023-08-23T21:52:41.933-0400] {logging_mixin.py:151} INFO - [2023-08-23T21:52:41.933-0400] {dag.py:2907} INFO - Sync 1 DAGs
[2023-08-23T21:52:41.938-0400] {logging_mixin.py:151} INFO - [2023-08-23T21:52:41.938-0400] {dag.py:3677} INFO - Setting next_dagrun for example_short_circuit_operator to 2023-08-23T01:52:41.938688+00:00, run_after=2023-08-24T01:52:41.938688+00:00
[2023-08-23T21:52:41.945-0400] {processor.py:179} INFO - Processing /Users/mauri/Desktop/repositorio/apache-airflow-tutorial/env/lib/python3.11/site-packages/airflow/example_dags/example_short_circuit_operator.py took 0.095 seconds
[2023-08-23T21:53:52.745-0400] {processor.py:157} INFO - Started process (PID=9748) to work on /Users/mauri/Desktop/repositorio/apache-airflow-tutorial/env/lib/python3.11/site-packages/airflow/example_dags/example_short_circuit_operator.py
[2023-08-23T21:53:52.746-0400] {processor.py:829} INFO - Processing file /Users/mauri/Desktop/repositorio/apache-airflow-tutorial/env/lib/python3.11/site-packages/airflow/example_dags/example_short_circuit_operator.py for tasks to queue
[2023-08-23T21:53:52.746-0400] {logging_mixin.py:151} INFO - [2023-08-23T21:53:52.746-0400] {dagbag.py:539} INFO - Filling up the DagBag from /Users/mauri/Desktop/repositorio/apache-airflow-tutorial/env/lib/python3.11/site-packages/airflow/example_dags/example_short_circuit_operator.py
[2023-08-23T21:53:52.774-0400] {processor.py:839} INFO - DAG(s) dict_keys(['example_short_circuit_operator']) retrieved from /Users/mauri/Desktop/repositorio/apache-airflow-tutorial/env/lib/python3.11/site-packages/airflow/example_dags/example_short_circuit_operator.py
[2023-08-23T21:53:52.829-0400] {logging_mixin.py:151} INFO - [2023-08-23T21:53:52.829-0400] {dag.py:2907} INFO - Sync 1 DAGs
[2023-08-23T21:53:52.835-0400] {logging_mixin.py:151} INFO - [2023-08-23T21:53:52.835-0400] {dag.py:3677} INFO - Setting next_dagrun for example_short_circuit_operator to 2023-08-23T01:53:52.835034+00:00, run_after=2023-08-24T01:53:52.835034+00:00
[2023-08-23T21:53:52.842-0400] {processor.py:179} INFO - Processing /Users/mauri/Desktop/repositorio/apache-airflow-tutorial/env/lib/python3.11/site-packages/airflow/example_dags/example_short_circuit_operator.py took 0.097 seconds
[2023-08-23T21:55:04.118-0400] {processor.py:157} INFO - Started process (PID=9812) to work on /Users/mauri/Desktop/repositorio/apache-airflow-tutorial/env/lib/python3.11/site-packages/airflow/example_dags/example_short_circuit_operator.py
[2023-08-23T21:55:04.120-0400] {processor.py:829} INFO - Processing file /Users/mauri/Desktop/repositorio/apache-airflow-tutorial/env/lib/python3.11/site-packages/airflow/example_dags/example_short_circuit_operator.py for tasks to queue
[2023-08-23T21:55:04.120-0400] {logging_mixin.py:151} INFO - [2023-08-23T21:55:04.120-0400] {dagbag.py:539} INFO - Filling up the DagBag from /Users/mauri/Desktop/repositorio/apache-airflow-tutorial/env/lib/python3.11/site-packages/airflow/example_dags/example_short_circuit_operator.py
[2023-08-23T21:55:04.149-0400] {processor.py:839} INFO - DAG(s) dict_keys(['example_short_circuit_operator']) retrieved from /Users/mauri/Desktop/repositorio/apache-airflow-tutorial/env/lib/python3.11/site-packages/airflow/example_dags/example_short_circuit_operator.py
[2023-08-23T21:55:04.208-0400] {logging_mixin.py:151} INFO - [2023-08-23T21:55:04.208-0400] {dag.py:2907} INFO - Sync 1 DAGs
[2023-08-23T21:55:04.214-0400] {logging_mixin.py:151} INFO - [2023-08-23T21:55:04.214-0400] {dag.py:3677} INFO - Setting next_dagrun for example_short_circuit_operator to 2023-08-23T01:55:04.213984+00:00, run_after=2023-08-24T01:55:04.213984+00:00
[2023-08-23T21:55:04.221-0400] {processor.py:179} INFO - Processing /Users/mauri/Desktop/repositorio/apache-airflow-tutorial/env/lib/python3.11/site-packages/airflow/example_dags/example_short_circuit_operator.py took 0.103 seconds
[2023-08-23T21:56:17.182-0400] {processor.py:157} INFO - Started process (PID=9885) to work on /Users/mauri/Desktop/repositorio/apache-airflow-tutorial/env/lib/python3.11/site-packages/airflow/example_dags/example_short_circuit_operator.py
[2023-08-23T21:56:17.184-0400] {processor.py:829} INFO - Processing file /Users/mauri/Desktop/repositorio/apache-airflow-tutorial/env/lib/python3.11/site-packages/airflow/example_dags/example_short_circuit_operator.py for tasks to queue
[2023-08-23T21:56:17.184-0400] {logging_mixin.py:151} INFO - [2023-08-23T21:56:17.184-0400] {dagbag.py:539} INFO - Filling up the DagBag from /Users/mauri/Desktop/repositorio/apache-airflow-tutorial/env/lib/python3.11/site-packages/airflow/example_dags/example_short_circuit_operator.py
[2023-08-23T21:56:17.211-0400] {processor.py:839} INFO - DAG(s) dict_keys(['example_short_circuit_operator']) retrieved from /Users/mauri/Desktop/repositorio/apache-airflow-tutorial/env/lib/python3.11/site-packages/airflow/example_dags/example_short_circuit_operator.py
[2023-08-23T21:56:17.266-0400] {logging_mixin.py:151} INFO - [2023-08-23T21:56:17.266-0400] {dag.py:2907} INFO - Sync 1 DAGs
[2023-08-23T21:56:17.272-0400] {logging_mixin.py:151} INFO - [2023-08-23T21:56:17.271-0400] {dag.py:3677} INFO - Setting next_dagrun for example_short_circuit_operator to 2023-08-23T01:56:17.271899+00:00, run_after=2023-08-24T01:56:17.271899+00:00
[2023-08-23T21:56:17.278-0400] {processor.py:179} INFO - Processing /Users/mauri/Desktop/repositorio/apache-airflow-tutorial/env/lib/python3.11/site-packages/airflow/example_dags/example_short_circuit_operator.py took 0.096 seconds
[2023-08-23T21:57:33.195-0400] {processor.py:157} INFO - Started process (PID=9950) to work on /Users/mauri/Desktop/repositorio/apache-airflow-tutorial/env/lib/python3.11/site-packages/airflow/example_dags/example_short_circuit_operator.py
[2023-08-23T21:57:33.196-0400] {processor.py:829} INFO - Processing file /Users/mauri/Desktop/repositorio/apache-airflow-tutorial/env/lib/python3.11/site-packages/airflow/example_dags/example_short_circuit_operator.py for tasks to queue
[2023-08-23T21:57:33.196-0400] {logging_mixin.py:151} INFO - [2023-08-23T21:57:33.196-0400] {dagbag.py:539} INFO - Filling up the DagBag from /Users/mauri/Desktop/repositorio/apache-airflow-tutorial/env/lib/python3.11/site-packages/airflow/example_dags/example_short_circuit_operator.py
[2023-08-23T21:57:33.225-0400] {processor.py:839} INFO - DAG(s) dict_keys(['example_short_circuit_operator']) retrieved from /Users/mauri/Desktop/repositorio/apache-airflow-tutorial/env/lib/python3.11/site-packages/airflow/example_dags/example_short_circuit_operator.py
[2023-08-23T21:57:33.288-0400] {logging_mixin.py:151} INFO - [2023-08-23T21:57:33.288-0400] {dag.py:2907} INFO - Sync 1 DAGs
[2023-08-23T21:57:33.294-0400] {logging_mixin.py:151} INFO - [2023-08-23T21:57:33.294-0400] {dag.py:3677} INFO - Setting next_dagrun for example_short_circuit_operator to 2023-08-23T01:57:33.294180+00:00, run_after=2023-08-24T01:57:33.294180+00:00
[2023-08-23T21:57:33.301-0400] {processor.py:179} INFO - Processing /Users/mauri/Desktop/repositorio/apache-airflow-tutorial/env/lib/python3.11/site-packages/airflow/example_dags/example_short_circuit_operator.py took 0.106 seconds
[2023-08-23T21:58:48.522-0400] {processor.py:157} INFO - Started process (PID=10013) to work on /Users/mauri/Desktop/repositorio/apache-airflow-tutorial/env/lib/python3.11/site-packages/airflow/example_dags/example_short_circuit_operator.py
[2023-08-23T21:58:48.524-0400] {processor.py:829} INFO - Processing file /Users/mauri/Desktop/repositorio/apache-airflow-tutorial/env/lib/python3.11/site-packages/airflow/example_dags/example_short_circuit_operator.py for tasks to queue
[2023-08-23T21:58:48.524-0400] {logging_mixin.py:151} INFO - [2023-08-23T21:58:48.524-0400] {dagbag.py:539} INFO - Filling up the DagBag from /Users/mauri/Desktop/repositorio/apache-airflow-tutorial/env/lib/python3.11/site-packages/airflow/example_dags/example_short_circuit_operator.py
[2023-08-23T21:58:48.551-0400] {processor.py:839} INFO - DAG(s) dict_keys(['example_short_circuit_operator']) retrieved from /Users/mauri/Desktop/repositorio/apache-airflow-tutorial/env/lib/python3.11/site-packages/airflow/example_dags/example_short_circuit_operator.py
[2023-08-23T21:58:48.606-0400] {logging_mixin.py:151} INFO - [2023-08-23T21:58:48.606-0400] {dag.py:2907} INFO - Sync 1 DAGs
[2023-08-23T21:58:48.611-0400] {logging_mixin.py:151} INFO - [2023-08-23T21:58:48.611-0400] {dag.py:3677} INFO - Setting next_dagrun for example_short_circuit_operator to 2023-08-23T01:58:48.611661+00:00, run_after=2023-08-24T01:58:48.611661+00:00
[2023-08-23T21:58:48.618-0400] {processor.py:179} INFO - Processing /Users/mauri/Desktop/repositorio/apache-airflow-tutorial/env/lib/python3.11/site-packages/airflow/example_dags/example_short_circuit_operator.py took 0.096 seconds
[2023-08-23T22:00:02.299-0400] {processor.py:157} INFO - Started process (PID=10082) to work on /Users/mauri/Desktop/repositorio/apache-airflow-tutorial/env/lib/python3.11/site-packages/airflow/example_dags/example_short_circuit_operator.py
[2023-08-23T22:00:02.300-0400] {processor.py:829} INFO - Processing file /Users/mauri/Desktop/repositorio/apache-airflow-tutorial/env/lib/python3.11/site-packages/airflow/example_dags/example_short_circuit_operator.py for tasks to queue
[2023-08-23T22:00:02.300-0400] {logging_mixin.py:151} INFO - [2023-08-23T22:00:02.300-0400] {dagbag.py:539} INFO - Filling up the DagBag from /Users/mauri/Desktop/repositorio/apache-airflow-tutorial/env/lib/python3.11/site-packages/airflow/example_dags/example_short_circuit_operator.py
[2023-08-23T22:00:02.329-0400] {processor.py:839} INFO - DAG(s) dict_keys(['example_short_circuit_operator']) retrieved from /Users/mauri/Desktop/repositorio/apache-airflow-tutorial/env/lib/python3.11/site-packages/airflow/example_dags/example_short_circuit_operator.py
[2023-08-23T22:00:02.388-0400] {logging_mixin.py:151} INFO - [2023-08-23T22:00:02.387-0400] {dag.py:2907} INFO - Sync 1 DAGs
[2023-08-23T22:00:02.393-0400] {logging_mixin.py:151} INFO - [2023-08-23T22:00:02.393-0400] {dag.py:3677} INFO - Setting next_dagrun for example_short_circuit_operator to 2023-08-23T02:00:02.393391+00:00, run_after=2023-08-24T02:00:02.393391+00:00
[2023-08-23T22:00:02.400-0400] {processor.py:179} INFO - Processing /Users/mauri/Desktop/repositorio/apache-airflow-tutorial/env/lib/python3.11/site-packages/airflow/example_dags/example_short_circuit_operator.py took 0.102 seconds
