[2023-08-23T21:33:58.869-0400] {processor.py:157} INFO - Started process (PID=8493) to work on /Users/mauri/Desktop/repositorio/apache-airflow-tutorial/env/lib/python3.11/site-packages/airflow/example_dags/tutorial_taskflow_api.py
[2023-08-23T21:33:58.870-0400] {processor.py:829} INFO - Processing file /Users/mauri/Desktop/repositorio/apache-airflow-tutorial/env/lib/python3.11/site-packages/airflow/example_dags/tutorial_taskflow_api.py for tasks to queue
[2023-08-23T21:33:58.870-0400] {logging_mixin.py:151} INFO - [2023-08-23T21:33:58.870-0400] {dagbag.py:539} INFO - Filling up the DagBag from /Users/mauri/Desktop/repositorio/apache-airflow-tutorial/env/lib/python3.11/site-packages/airflow/example_dags/tutorial_taskflow_api.py
[2023-08-23T21:33:58.903-0400] {processor.py:839} INFO - DAG(s) dict_keys(['tutorial_taskflow_api']) retrieved from /Users/mauri/Desktop/repositorio/apache-airflow-tutorial/env/lib/python3.11/site-packages/airflow/example_dags/tutorial_taskflow_api.py
[2023-08-23T21:33:59.235-0400] {logging_mixin.py:151} INFO - [2023-08-23T21:33:59.235-0400] {manager.py:501} INFO - Created Permission View: can read on DAG:tutorial_taskflow_api
[2023-08-23T21:33:59.238-0400] {logging_mixin.py:151} INFO - [2023-08-23T21:33:59.238-0400] {manager.py:501} INFO - Created Permission View: can edit on DAG:tutorial_taskflow_api
[2023-08-23T21:33:59.239-0400] {logging_mixin.py:151} INFO - [2023-08-23T21:33:59.239-0400] {manager.py:501} INFO - Created Permission View: can delete on DAG:tutorial_taskflow_api
[2023-08-23T21:33:59.243-0400] {logging_mixin.py:151} INFO - [2023-08-23T21:33:59.243-0400] {dag.py:2907} INFO - Sync 1 DAGs
[2023-08-23T21:33:59.245-0400] {logging_mixin.py:151} INFO - [2023-08-23T21:33:59.245-0400] {dag.py:2929} INFO - Creating ORM DAG for tutorial_taskflow_api
[2023-08-23T21:33:59.246-0400] {logging_mixin.py:151} INFO - [2023-08-23T21:33:59.246-0400] {dag.py:3677} INFO - Setting next_dagrun for tutorial_taskflow_api to None, run_after=None
[2023-08-23T21:33:59.251-0400] {processor.py:179} INFO - Processing /Users/mauri/Desktop/repositorio/apache-airflow-tutorial/env/lib/python3.11/site-packages/airflow/example_dags/tutorial_taskflow_api.py took 0.383 seconds
[2023-08-23T21:35:21.102-0400] {processor.py:157} INFO - Started process (PID=8555) to work on /Users/mauri/Desktop/repositorio/apache-airflow-tutorial/env/lib/python3.11/site-packages/airflow/example_dags/tutorial_taskflow_api.py
[2023-08-23T21:35:21.104-0400] {processor.py:829} INFO - Processing file /Users/mauri/Desktop/repositorio/apache-airflow-tutorial/env/lib/python3.11/site-packages/airflow/example_dags/tutorial_taskflow_api.py for tasks to queue
[2023-08-23T21:35:21.104-0400] {logging_mixin.py:151} INFO - [2023-08-23T21:35:21.104-0400] {dagbag.py:539} INFO - Filling up the DagBag from /Users/mauri/Desktop/repositorio/apache-airflow-tutorial/env/lib/python3.11/site-packages/airflow/example_dags/tutorial_taskflow_api.py
[2023-08-23T21:35:21.136-0400] {processor.py:839} INFO - DAG(s) dict_keys(['tutorial_taskflow_api']) retrieved from /Users/mauri/Desktop/repositorio/apache-airflow-tutorial/env/lib/python3.11/site-packages/airflow/example_dags/tutorial_taskflow_api.py
[2023-08-23T21:35:21.189-0400] {logging_mixin.py:151} INFO - [2023-08-23T21:35:21.189-0400] {dag.py:2907} INFO - Sync 1 DAGs
[2023-08-23T21:35:21.192-0400] {logging_mixin.py:151} INFO - [2023-08-23T21:35:21.192-0400] {dag.py:3677} INFO - Setting next_dagrun for tutorial_taskflow_api to None, run_after=None
[2023-08-23T21:35:21.199-0400] {processor.py:179} INFO - Processing /Users/mauri/Desktop/repositorio/apache-airflow-tutorial/env/lib/python3.11/site-packages/airflow/example_dags/tutorial_taskflow_api.py took 0.097 seconds
[2023-08-23T21:36:03.501-0400] {processor.py:157} INFO - Started process (PID=8595) to work on /Users/mauri/Desktop/repositorio/apache-airflow-tutorial/env/lib/python3.11/site-packages/airflow/example_dags/tutorial_taskflow_api.py
[2023-08-23T21:36:03.503-0400] {processor.py:829} INFO - Processing file /Users/mauri/Desktop/repositorio/apache-airflow-tutorial/env/lib/python3.11/site-packages/airflow/example_dags/tutorial_taskflow_api.py for tasks to queue
[2023-08-23T21:36:03.504-0400] {logging_mixin.py:151} INFO - [2023-08-23T21:36:03.504-0400] {dagbag.py:539} INFO - Filling up the DagBag from /Users/mauri/Desktop/repositorio/apache-airflow-tutorial/env/lib/python3.11/site-packages/airflow/example_dags/tutorial_taskflow_api.py
[2023-08-23T21:36:03.537-0400] {processor.py:839} INFO - DAG(s) dict_keys(['tutorial_taskflow_api']) retrieved from /Users/mauri/Desktop/repositorio/apache-airflow-tutorial/env/lib/python3.11/site-packages/airflow/example_dags/tutorial_taskflow_api.py
[2023-08-23T21:36:03.592-0400] {logging_mixin.py:151} INFO - [2023-08-23T21:36:03.592-0400] {dag.py:2907} INFO - Sync 1 DAGs
[2023-08-23T21:36:03.595-0400] {logging_mixin.py:151} INFO - [2023-08-23T21:36:03.595-0400] {dag.py:3677} INFO - Setting next_dagrun for tutorial_taskflow_api to None, run_after=None
[2023-08-23T21:36:03.601-0400] {processor.py:179} INFO - Processing /Users/mauri/Desktop/repositorio/apache-airflow-tutorial/env/lib/python3.11/site-packages/airflow/example_dags/tutorial_taskflow_api.py took 0.101 seconds
[2023-08-23T21:37:16.111-0400] {processor.py:157} INFO - Started process (PID=8661) to work on /Users/mauri/Desktop/repositorio/apache-airflow-tutorial/env/lib/python3.11/site-packages/airflow/example_dags/tutorial_taskflow_api.py
[2023-08-23T21:37:16.114-0400] {processor.py:829} INFO - Processing file /Users/mauri/Desktop/repositorio/apache-airflow-tutorial/env/lib/python3.11/site-packages/airflow/example_dags/tutorial_taskflow_api.py for tasks to queue
[2023-08-23T21:37:16.114-0400] {logging_mixin.py:151} INFO - [2023-08-23T21:37:16.114-0400] {dagbag.py:539} INFO - Filling up the DagBag from /Users/mauri/Desktop/repositorio/apache-airflow-tutorial/env/lib/python3.11/site-packages/airflow/example_dags/tutorial_taskflow_api.py
[2023-08-23T21:37:16.147-0400] {processor.py:839} INFO - DAG(s) dict_keys(['tutorial_taskflow_api']) retrieved from /Users/mauri/Desktop/repositorio/apache-airflow-tutorial/env/lib/python3.11/site-packages/airflow/example_dags/tutorial_taskflow_api.py
[2023-08-23T21:37:16.200-0400] {logging_mixin.py:151} INFO - [2023-08-23T21:37:16.200-0400] {dag.py:2907} INFO - Sync 1 DAGs
[2023-08-23T21:37:16.203-0400] {logging_mixin.py:151} INFO - [2023-08-23T21:37:16.203-0400] {dag.py:3677} INFO - Setting next_dagrun for tutorial_taskflow_api to None, run_after=None
[2023-08-23T21:37:16.210-0400] {processor.py:179} INFO - Processing /Users/mauri/Desktop/repositorio/apache-airflow-tutorial/env/lib/python3.11/site-packages/airflow/example_dags/tutorial_taskflow_api.py took 0.098 seconds
[2023-08-23T21:38:30.205-0400] {processor.py:157} INFO - Started process (PID=8725) to work on /Users/mauri/Desktop/repositorio/apache-airflow-tutorial/env/lib/python3.11/site-packages/airflow/example_dags/tutorial_taskflow_api.py
[2023-08-23T21:38:30.207-0400] {processor.py:829} INFO - Processing file /Users/mauri/Desktop/repositorio/apache-airflow-tutorial/env/lib/python3.11/site-packages/airflow/example_dags/tutorial_taskflow_api.py for tasks to queue
[2023-08-23T21:38:30.207-0400] {logging_mixin.py:151} INFO - [2023-08-23T21:38:30.207-0400] {dagbag.py:539} INFO - Filling up the DagBag from /Users/mauri/Desktop/repositorio/apache-airflow-tutorial/env/lib/python3.11/site-packages/airflow/example_dags/tutorial_taskflow_api.py
[2023-08-23T21:38:30.239-0400] {processor.py:839} INFO - DAG(s) dict_keys(['tutorial_taskflow_api']) retrieved from /Users/mauri/Desktop/repositorio/apache-airflow-tutorial/env/lib/python3.11/site-packages/airflow/example_dags/tutorial_taskflow_api.py
[2023-08-23T21:38:30.294-0400] {logging_mixin.py:151} INFO - [2023-08-23T21:38:30.294-0400] {dag.py:2907} INFO - Sync 1 DAGs
[2023-08-23T21:38:30.297-0400] {logging_mixin.py:151} INFO - [2023-08-23T21:38:30.297-0400] {dag.py:3677} INFO - Setting next_dagrun for tutorial_taskflow_api to None, run_after=None
[2023-08-23T21:38:30.304-0400] {processor.py:179} INFO - Processing /Users/mauri/Desktop/repositorio/apache-airflow-tutorial/env/lib/python3.11/site-packages/airflow/example_dags/tutorial_taskflow_api.py took 0.099 seconds
[2023-08-23T21:39:46.180-0400] {processor.py:157} INFO - Started process (PID=8793) to work on /Users/mauri/Desktop/repositorio/apache-airflow-tutorial/env/lib/python3.11/site-packages/airflow/example_dags/tutorial_taskflow_api.py
[2023-08-23T21:39:46.181-0400] {processor.py:829} INFO - Processing file /Users/mauri/Desktop/repositorio/apache-airflow-tutorial/env/lib/python3.11/site-packages/airflow/example_dags/tutorial_taskflow_api.py for tasks to queue
[2023-08-23T21:39:46.182-0400] {logging_mixin.py:151} INFO - [2023-08-23T21:39:46.182-0400] {dagbag.py:539} INFO - Filling up the DagBag from /Users/mauri/Desktop/repositorio/apache-airflow-tutorial/env/lib/python3.11/site-packages/airflow/example_dags/tutorial_taskflow_api.py
[2023-08-23T21:39:46.213-0400] {processor.py:839} INFO - DAG(s) dict_keys(['tutorial_taskflow_api']) retrieved from /Users/mauri/Desktop/repositorio/apache-airflow-tutorial/env/lib/python3.11/site-packages/airflow/example_dags/tutorial_taskflow_api.py
[2023-08-23T21:39:46.266-0400] {logging_mixin.py:151} INFO - [2023-08-23T21:39:46.266-0400] {dag.py:2907} INFO - Sync 1 DAGs
[2023-08-23T21:39:46.269-0400] {logging_mixin.py:151} INFO - [2023-08-23T21:39:46.269-0400] {dag.py:3677} INFO - Setting next_dagrun for tutorial_taskflow_api to None, run_after=None
[2023-08-23T21:39:46.276-0400] {processor.py:179} INFO - Processing /Users/mauri/Desktop/repositorio/apache-airflow-tutorial/env/lib/python3.11/site-packages/airflow/example_dags/tutorial_taskflow_api.py took 0.096 seconds
[2023-08-23T21:40:59.639-0400] {processor.py:157} INFO - Started process (PID=8853) to work on /Users/mauri/Desktop/repositorio/apache-airflow-tutorial/env/lib/python3.11/site-packages/airflow/example_dags/tutorial_taskflow_api.py
[2023-08-23T21:40:59.641-0400] {processor.py:829} INFO - Processing file /Users/mauri/Desktop/repositorio/apache-airflow-tutorial/env/lib/python3.11/site-packages/airflow/example_dags/tutorial_taskflow_api.py for tasks to queue
[2023-08-23T21:40:59.641-0400] {logging_mixin.py:151} INFO - [2023-08-23T21:40:59.641-0400] {dagbag.py:539} INFO - Filling up the DagBag from /Users/mauri/Desktop/repositorio/apache-airflow-tutorial/env/lib/python3.11/site-packages/airflow/example_dags/tutorial_taskflow_api.py
[2023-08-23T21:40:59.673-0400] {processor.py:839} INFO - DAG(s) dict_keys(['tutorial_taskflow_api']) retrieved from /Users/mauri/Desktop/repositorio/apache-airflow-tutorial/env/lib/python3.11/site-packages/airflow/example_dags/tutorial_taskflow_api.py
[2023-08-23T21:40:59.726-0400] {logging_mixin.py:151} INFO - [2023-08-23T21:40:59.725-0400] {dag.py:2907} INFO - Sync 1 DAGs
[2023-08-23T21:40:59.729-0400] {logging_mixin.py:151} INFO - [2023-08-23T21:40:59.728-0400] {dag.py:3677} INFO - Setting next_dagrun for tutorial_taskflow_api to None, run_after=None
[2023-08-23T21:40:59.735-0400] {processor.py:179} INFO - Processing /Users/mauri/Desktop/repositorio/apache-airflow-tutorial/env/lib/python3.11/site-packages/airflow/example_dags/tutorial_taskflow_api.py took 0.096 seconds
[2023-08-23T21:42:12.379-0400] {processor.py:157} INFO - Started process (PID=8910) to work on /Users/mauri/Desktop/repositorio/apache-airflow-tutorial/env/lib/python3.11/site-packages/airflow/example_dags/tutorial_taskflow_api.py
[2023-08-23T21:42:12.381-0400] {processor.py:829} INFO - Processing file /Users/mauri/Desktop/repositorio/apache-airflow-tutorial/env/lib/python3.11/site-packages/airflow/example_dags/tutorial_taskflow_api.py for tasks to queue
[2023-08-23T21:42:12.381-0400] {logging_mixin.py:151} INFO - [2023-08-23T21:42:12.381-0400] {dagbag.py:539} INFO - Filling up the DagBag from /Users/mauri/Desktop/repositorio/apache-airflow-tutorial/env/lib/python3.11/site-packages/airflow/example_dags/tutorial_taskflow_api.py
[2023-08-23T21:42:12.411-0400] {processor.py:839} INFO - DAG(s) dict_keys(['tutorial_taskflow_api']) retrieved from /Users/mauri/Desktop/repositorio/apache-airflow-tutorial/env/lib/python3.11/site-packages/airflow/example_dags/tutorial_taskflow_api.py
[2023-08-23T21:42:12.463-0400] {logging_mixin.py:151} INFO - [2023-08-23T21:42:12.463-0400] {dag.py:2907} INFO - Sync 1 DAGs
[2023-08-23T21:42:12.466-0400] {logging_mixin.py:151} INFO - [2023-08-23T21:42:12.466-0400] {dag.py:3677} INFO - Setting next_dagrun for tutorial_taskflow_api to None, run_after=None
[2023-08-23T21:42:12.473-0400] {processor.py:179} INFO - Processing /Users/mauri/Desktop/repositorio/apache-airflow-tutorial/env/lib/python3.11/site-packages/airflow/example_dags/tutorial_taskflow_api.py took 0.094 seconds
[2023-08-23T21:43:23.948-0400] {processor.py:157} INFO - Started process (PID=8974) to work on /Users/mauri/Desktop/repositorio/apache-airflow-tutorial/env/lib/python3.11/site-packages/airflow/example_dags/tutorial_taskflow_api.py
[2023-08-23T21:43:23.949-0400] {processor.py:829} INFO - Processing file /Users/mauri/Desktop/repositorio/apache-airflow-tutorial/env/lib/python3.11/site-packages/airflow/example_dags/tutorial_taskflow_api.py for tasks to queue
[2023-08-23T21:43:23.950-0400] {logging_mixin.py:151} INFO - [2023-08-23T21:43:23.950-0400] {dagbag.py:539} INFO - Filling up the DagBag from /Users/mauri/Desktop/repositorio/apache-airflow-tutorial/env/lib/python3.11/site-packages/airflow/example_dags/tutorial_taskflow_api.py
[2023-08-23T21:43:23.982-0400] {processor.py:839} INFO - DAG(s) dict_keys(['tutorial_taskflow_api']) retrieved from /Users/mauri/Desktop/repositorio/apache-airflow-tutorial/env/lib/python3.11/site-packages/airflow/example_dags/tutorial_taskflow_api.py
[2023-08-23T21:43:24.043-0400] {logging_mixin.py:151} INFO - [2023-08-23T21:43:24.042-0400] {dag.py:2907} INFO - Sync 1 DAGs
[2023-08-23T21:43:24.046-0400] {logging_mixin.py:151} INFO - [2023-08-23T21:43:24.046-0400] {dag.py:3677} INFO - Setting next_dagrun for tutorial_taskflow_api to None, run_after=None
[2023-08-23T21:43:24.053-0400] {processor.py:179} INFO - Processing /Users/mauri/Desktop/repositorio/apache-airflow-tutorial/env/lib/python3.11/site-packages/airflow/example_dags/tutorial_taskflow_api.py took 0.105 seconds
[2023-08-23T21:44:35.870-0400] {processor.py:157} INFO - Started process (PID=9053) to work on /Users/mauri/Desktop/repositorio/apache-airflow-tutorial/env/lib/python3.11/site-packages/airflow/example_dags/tutorial_taskflow_api.py
[2023-08-23T21:44:35.871-0400] {processor.py:829} INFO - Processing file /Users/mauri/Desktop/repositorio/apache-airflow-tutorial/env/lib/python3.11/site-packages/airflow/example_dags/tutorial_taskflow_api.py for tasks to queue
[2023-08-23T21:44:35.871-0400] {logging_mixin.py:151} INFO - [2023-08-23T21:44:35.871-0400] {dagbag.py:539} INFO - Filling up the DagBag from /Users/mauri/Desktop/repositorio/apache-airflow-tutorial/env/lib/python3.11/site-packages/airflow/example_dags/tutorial_taskflow_api.py
[2023-08-23T21:44:35.903-0400] {processor.py:839} INFO - DAG(s) dict_keys(['tutorial_taskflow_api']) retrieved from /Users/mauri/Desktop/repositorio/apache-airflow-tutorial/env/lib/python3.11/site-packages/airflow/example_dags/tutorial_taskflow_api.py
[2023-08-23T21:44:35.960-0400] {logging_mixin.py:151} INFO - [2023-08-23T21:44:35.959-0400] {dag.py:2907} INFO - Sync 1 DAGs
[2023-08-23T21:44:35.963-0400] {logging_mixin.py:151} INFO - [2023-08-23T21:44:35.963-0400] {dag.py:3677} INFO - Setting next_dagrun for tutorial_taskflow_api to None, run_after=None
[2023-08-23T21:44:35.971-0400] {processor.py:179} INFO - Processing /Users/mauri/Desktop/repositorio/apache-airflow-tutorial/env/lib/python3.11/site-packages/airflow/example_dags/tutorial_taskflow_api.py took 0.102 seconds
[2023-08-23T21:45:49.402-0400] {processor.py:157} INFO - Started process (PID=9119) to work on /Users/mauri/Desktop/repositorio/apache-airflow-tutorial/env/lib/python3.11/site-packages/airflow/example_dags/tutorial_taskflow_api.py
[2023-08-23T21:45:49.403-0400] {processor.py:829} INFO - Processing file /Users/mauri/Desktop/repositorio/apache-airflow-tutorial/env/lib/python3.11/site-packages/airflow/example_dags/tutorial_taskflow_api.py for tasks to queue
[2023-08-23T21:45:49.403-0400] {logging_mixin.py:151} INFO - [2023-08-23T21:45:49.403-0400] {dagbag.py:539} INFO - Filling up the DagBag from /Users/mauri/Desktop/repositorio/apache-airflow-tutorial/env/lib/python3.11/site-packages/airflow/example_dags/tutorial_taskflow_api.py
[2023-08-23T21:45:49.434-0400] {processor.py:839} INFO - DAG(s) dict_keys(['tutorial_taskflow_api']) retrieved from /Users/mauri/Desktop/repositorio/apache-airflow-tutorial/env/lib/python3.11/site-packages/airflow/example_dags/tutorial_taskflow_api.py
[2023-08-23T21:45:49.486-0400] {logging_mixin.py:151} INFO - [2023-08-23T21:45:49.485-0400] {dag.py:2907} INFO - Sync 1 DAGs
[2023-08-23T21:45:49.489-0400] {logging_mixin.py:151} INFO - [2023-08-23T21:45:49.488-0400] {dag.py:3677} INFO - Setting next_dagrun for tutorial_taskflow_api to None, run_after=None
[2023-08-23T21:45:49.496-0400] {processor.py:179} INFO - Processing /Users/mauri/Desktop/repositorio/apache-airflow-tutorial/env/lib/python3.11/site-packages/airflow/example_dags/tutorial_taskflow_api.py took 0.094 seconds
[2023-08-23T21:46:58.063-0400] {processor.py:157} INFO - Started process (PID=9283) to work on /Users/mauri/Desktop/repositorio/apache-airflow-tutorial/env/lib/python3.11/site-packages/airflow/example_dags/tutorial_taskflow_api.py
[2023-08-23T21:46:58.064-0400] {processor.py:829} INFO - Processing file /Users/mauri/Desktop/repositorio/apache-airflow-tutorial/env/lib/python3.11/site-packages/airflow/example_dags/tutorial_taskflow_api.py for tasks to queue
[2023-08-23T21:46:58.064-0400] {logging_mixin.py:151} INFO - [2023-08-23T21:46:58.064-0400] {dagbag.py:539} INFO - Filling up the DagBag from /Users/mauri/Desktop/repositorio/apache-airflow-tutorial/env/lib/python3.11/site-packages/airflow/example_dags/tutorial_taskflow_api.py
[2023-08-23T21:46:58.095-0400] {processor.py:839} INFO - DAG(s) dict_keys(['tutorial_taskflow_api']) retrieved from /Users/mauri/Desktop/repositorio/apache-airflow-tutorial/env/lib/python3.11/site-packages/airflow/example_dags/tutorial_taskflow_api.py
[2023-08-23T21:46:58.147-0400] {logging_mixin.py:151} INFO - [2023-08-23T21:46:58.147-0400] {dag.py:2907} INFO - Sync 1 DAGs
[2023-08-23T21:46:58.150-0400] {logging_mixin.py:151} INFO - [2023-08-23T21:46:58.150-0400] {dag.py:3677} INFO - Setting next_dagrun for tutorial_taskflow_api to None, run_after=None
[2023-08-23T21:46:58.157-0400] {processor.py:179} INFO - Processing /Users/mauri/Desktop/repositorio/apache-airflow-tutorial/env/lib/python3.11/site-packages/airflow/example_dags/tutorial_taskflow_api.py took 0.094 seconds
[2023-08-23T21:48:10.968-0400] {processor.py:157} INFO - Started process (PID=9408) to work on /Users/mauri/Desktop/repositorio/apache-airflow-tutorial/env/lib/python3.11/site-packages/airflow/example_dags/tutorial_taskflow_api.py
[2023-08-23T21:48:10.970-0400] {processor.py:829} INFO - Processing file /Users/mauri/Desktop/repositorio/apache-airflow-tutorial/env/lib/python3.11/site-packages/airflow/example_dags/tutorial_taskflow_api.py for tasks to queue
[2023-08-23T21:48:10.970-0400] {logging_mixin.py:151} INFO - [2023-08-23T21:48:10.970-0400] {dagbag.py:539} INFO - Filling up the DagBag from /Users/mauri/Desktop/repositorio/apache-airflow-tutorial/env/lib/python3.11/site-packages/airflow/example_dags/tutorial_taskflow_api.py
[2023-08-23T21:48:11.001-0400] {processor.py:839} INFO - DAG(s) dict_keys(['tutorial_taskflow_api']) retrieved from /Users/mauri/Desktop/repositorio/apache-airflow-tutorial/env/lib/python3.11/site-packages/airflow/example_dags/tutorial_taskflow_api.py
[2023-08-23T21:48:11.053-0400] {logging_mixin.py:151} INFO - [2023-08-23T21:48:11.053-0400] {dag.py:2907} INFO - Sync 1 DAGs
[2023-08-23T21:48:11.056-0400] {logging_mixin.py:151} INFO - [2023-08-23T21:48:11.056-0400] {dag.py:3677} INFO - Setting next_dagrun for tutorial_taskflow_api to None, run_after=None
[2023-08-23T21:48:11.063-0400] {processor.py:179} INFO - Processing /Users/mauri/Desktop/repositorio/apache-airflow-tutorial/env/lib/python3.11/site-packages/airflow/example_dags/tutorial_taskflow_api.py took 0.095 seconds
[2023-08-23T21:49:23.755-0400] {processor.py:157} INFO - Started process (PID=9473) to work on /Users/mauri/Desktop/repositorio/apache-airflow-tutorial/env/lib/python3.11/site-packages/airflow/example_dags/tutorial_taskflow_api.py
[2023-08-23T21:49:23.756-0400] {processor.py:829} INFO - Processing file /Users/mauri/Desktop/repositorio/apache-airflow-tutorial/env/lib/python3.11/site-packages/airflow/example_dags/tutorial_taskflow_api.py for tasks to queue
[2023-08-23T21:49:23.756-0400] {logging_mixin.py:151} INFO - [2023-08-23T21:49:23.756-0400] {dagbag.py:539} INFO - Filling up the DagBag from /Users/mauri/Desktop/repositorio/apache-airflow-tutorial/env/lib/python3.11/site-packages/airflow/example_dags/tutorial_taskflow_api.py
[2023-08-23T21:49:23.791-0400] {processor.py:839} INFO - DAG(s) dict_keys(['tutorial_taskflow_api']) retrieved from /Users/mauri/Desktop/repositorio/apache-airflow-tutorial/env/lib/python3.11/site-packages/airflow/example_dags/tutorial_taskflow_api.py
[2023-08-23T21:49:23.849-0400] {logging_mixin.py:151} INFO - [2023-08-23T21:49:23.849-0400] {dag.py:2907} INFO - Sync 1 DAGs
[2023-08-23T21:49:23.852-0400] {logging_mixin.py:151} INFO - [2023-08-23T21:49:23.852-0400] {dag.py:3677} INFO - Setting next_dagrun for tutorial_taskflow_api to None, run_after=None
[2023-08-23T21:49:23.860-0400] {processor.py:179} INFO - Processing /Users/mauri/Desktop/repositorio/apache-airflow-tutorial/env/lib/python3.11/site-packages/airflow/example_dags/tutorial_taskflow_api.py took 0.105 seconds
[2023-08-23T21:50:40.307-0400] {processor.py:157} INFO - Started process (PID=9542) to work on /Users/mauri/Desktop/repositorio/apache-airflow-tutorial/env/lib/python3.11/site-packages/airflow/example_dags/tutorial_taskflow_api.py
[2023-08-23T21:50:40.310-0400] {processor.py:829} INFO - Processing file /Users/mauri/Desktop/repositorio/apache-airflow-tutorial/env/lib/python3.11/site-packages/airflow/example_dags/tutorial_taskflow_api.py for tasks to queue
[2023-08-23T21:50:40.310-0400] {logging_mixin.py:151} INFO - [2023-08-23T21:50:40.310-0400] {dagbag.py:539} INFO - Filling up the DagBag from /Users/mauri/Desktop/repositorio/apache-airflow-tutorial/env/lib/python3.11/site-packages/airflow/example_dags/tutorial_taskflow_api.py
[2023-08-23T21:50:40.341-0400] {processor.py:839} INFO - DAG(s) dict_keys(['tutorial_taskflow_api']) retrieved from /Users/mauri/Desktop/repositorio/apache-airflow-tutorial/env/lib/python3.11/site-packages/airflow/example_dags/tutorial_taskflow_api.py
[2023-08-23T21:50:40.393-0400] {logging_mixin.py:151} INFO - [2023-08-23T21:50:40.393-0400] {dag.py:2907} INFO - Sync 1 DAGs
[2023-08-23T21:50:40.396-0400] {logging_mixin.py:151} INFO - [2023-08-23T21:50:40.396-0400] {dag.py:3677} INFO - Setting next_dagrun for tutorial_taskflow_api to None, run_after=None
[2023-08-23T21:50:40.403-0400] {processor.py:179} INFO - Processing /Users/mauri/Desktop/repositorio/apache-airflow-tutorial/env/lib/python3.11/site-packages/airflow/example_dags/tutorial_taskflow_api.py took 0.095 seconds
[2023-08-23T21:51:53.877-0400] {processor.py:157} INFO - Started process (PID=9638) to work on /Users/mauri/Desktop/repositorio/apache-airflow-tutorial/env/lib/python3.11/site-packages/airflow/example_dags/tutorial_taskflow_api.py
[2023-08-23T21:51:53.879-0400] {processor.py:829} INFO - Processing file /Users/mauri/Desktop/repositorio/apache-airflow-tutorial/env/lib/python3.11/site-packages/airflow/example_dags/tutorial_taskflow_api.py for tasks to queue
[2023-08-23T21:51:53.880-0400] {logging_mixin.py:151} INFO - [2023-08-23T21:51:53.880-0400] {dagbag.py:539} INFO - Filling up the DagBag from /Users/mauri/Desktop/repositorio/apache-airflow-tutorial/env/lib/python3.11/site-packages/airflow/example_dags/tutorial_taskflow_api.py
[2023-08-23T21:51:53.911-0400] {processor.py:839} INFO - DAG(s) dict_keys(['tutorial_taskflow_api']) retrieved from /Users/mauri/Desktop/repositorio/apache-airflow-tutorial/env/lib/python3.11/site-packages/airflow/example_dags/tutorial_taskflow_api.py
[2023-08-23T21:51:53.964-0400] {logging_mixin.py:151} INFO - [2023-08-23T21:51:53.964-0400] {dag.py:2907} INFO - Sync 1 DAGs
[2023-08-23T21:51:53.967-0400] {logging_mixin.py:151} INFO - [2023-08-23T21:51:53.967-0400] {dag.py:3677} INFO - Setting next_dagrun for tutorial_taskflow_api to None, run_after=None
[2023-08-23T21:51:53.973-0400] {processor.py:179} INFO - Processing /Users/mauri/Desktop/repositorio/apache-airflow-tutorial/env/lib/python3.11/site-packages/airflow/example_dags/tutorial_taskflow_api.py took 0.097 seconds
[2023-08-23T21:53:03.753-0400] {processor.py:157} INFO - Started process (PID=9704) to work on /Users/mauri/Desktop/repositorio/apache-airflow-tutorial/env/lib/python3.11/site-packages/airflow/example_dags/tutorial_taskflow_api.py
[2023-08-23T21:53:03.754-0400] {processor.py:829} INFO - Processing file /Users/mauri/Desktop/repositorio/apache-airflow-tutorial/env/lib/python3.11/site-packages/airflow/example_dags/tutorial_taskflow_api.py for tasks to queue
[2023-08-23T21:53:03.754-0400] {logging_mixin.py:151} INFO - [2023-08-23T21:53:03.754-0400] {dagbag.py:539} INFO - Filling up the DagBag from /Users/mauri/Desktop/repositorio/apache-airflow-tutorial/env/lib/python3.11/site-packages/airflow/example_dags/tutorial_taskflow_api.py
[2023-08-23T21:53:03.785-0400] {processor.py:839} INFO - DAG(s) dict_keys(['tutorial_taskflow_api']) retrieved from /Users/mauri/Desktop/repositorio/apache-airflow-tutorial/env/lib/python3.11/site-packages/airflow/example_dags/tutorial_taskflow_api.py
[2023-08-23T21:53:03.837-0400] {logging_mixin.py:151} INFO - [2023-08-23T21:53:03.837-0400] {dag.py:2907} INFO - Sync 1 DAGs
[2023-08-23T21:53:03.840-0400] {logging_mixin.py:151} INFO - [2023-08-23T21:53:03.840-0400] {dag.py:3677} INFO - Setting next_dagrun for tutorial_taskflow_api to None, run_after=None
[2023-08-23T21:53:03.847-0400] {processor.py:179} INFO - Processing /Users/mauri/Desktop/repositorio/apache-airflow-tutorial/env/lib/python3.11/site-packages/airflow/example_dags/tutorial_taskflow_api.py took 0.095 seconds
[2023-08-23T21:54:15.042-0400] {processor.py:157} INFO - Started process (PID=9771) to work on /Users/mauri/Desktop/repositorio/apache-airflow-tutorial/env/lib/python3.11/site-packages/airflow/example_dags/tutorial_taskflow_api.py
[2023-08-23T21:54:15.043-0400] {processor.py:829} INFO - Processing file /Users/mauri/Desktop/repositorio/apache-airflow-tutorial/env/lib/python3.11/site-packages/airflow/example_dags/tutorial_taskflow_api.py for tasks to queue
[2023-08-23T21:54:15.043-0400] {logging_mixin.py:151} INFO - [2023-08-23T21:54:15.043-0400] {dagbag.py:539} INFO - Filling up the DagBag from /Users/mauri/Desktop/repositorio/apache-airflow-tutorial/env/lib/python3.11/site-packages/airflow/example_dags/tutorial_taskflow_api.py
[2023-08-23T21:54:15.074-0400] {processor.py:839} INFO - DAG(s) dict_keys(['tutorial_taskflow_api']) retrieved from /Users/mauri/Desktop/repositorio/apache-airflow-tutorial/env/lib/python3.11/site-packages/airflow/example_dags/tutorial_taskflow_api.py
[2023-08-23T21:54:15.126-0400] {logging_mixin.py:151} INFO - [2023-08-23T21:54:15.126-0400] {dag.py:2907} INFO - Sync 1 DAGs
[2023-08-23T21:54:15.129-0400] {logging_mixin.py:151} INFO - [2023-08-23T21:54:15.129-0400] {dag.py:3677} INFO - Setting next_dagrun for tutorial_taskflow_api to None, run_after=None
[2023-08-23T21:54:15.135-0400] {processor.py:179} INFO - Processing /Users/mauri/Desktop/repositorio/apache-airflow-tutorial/env/lib/python3.11/site-packages/airflow/example_dags/tutorial_taskflow_api.py took 0.094 seconds
[2023-08-23T21:55:28.066-0400] {processor.py:157} INFO - Started process (PID=9839) to work on /Users/mauri/Desktop/repositorio/apache-airflow-tutorial/env/lib/python3.11/site-packages/airflow/example_dags/tutorial_taskflow_api.py
[2023-08-23T21:55:28.068-0400] {processor.py:829} INFO - Processing file /Users/mauri/Desktop/repositorio/apache-airflow-tutorial/env/lib/python3.11/site-packages/airflow/example_dags/tutorial_taskflow_api.py for tasks to queue
[2023-08-23T21:55:28.068-0400] {logging_mixin.py:151} INFO - [2023-08-23T21:55:28.068-0400] {dagbag.py:539} INFO - Filling up the DagBag from /Users/mauri/Desktop/repositorio/apache-airflow-tutorial/env/lib/python3.11/site-packages/airflow/example_dags/tutorial_taskflow_api.py
[2023-08-23T21:55:28.099-0400] {processor.py:839} INFO - DAG(s) dict_keys(['tutorial_taskflow_api']) retrieved from /Users/mauri/Desktop/repositorio/apache-airflow-tutorial/env/lib/python3.11/site-packages/airflow/example_dags/tutorial_taskflow_api.py
[2023-08-23T21:55:28.151-0400] {logging_mixin.py:151} INFO - [2023-08-23T21:55:28.150-0400] {dag.py:2907} INFO - Sync 1 DAGs
[2023-08-23T21:55:28.153-0400] {logging_mixin.py:151} INFO - [2023-08-23T21:55:28.153-0400] {dag.py:3677} INFO - Setting next_dagrun for tutorial_taskflow_api to None, run_after=None
[2023-08-23T21:55:28.160-0400] {processor.py:179} INFO - Processing /Users/mauri/Desktop/repositorio/apache-airflow-tutorial/env/lib/python3.11/site-packages/airflow/example_dags/tutorial_taskflow_api.py took 0.094 seconds
[2023-08-23T21:56:41.202-0400] {processor.py:157} INFO - Started process (PID=9902) to work on /Users/mauri/Desktop/repositorio/apache-airflow-tutorial/env/lib/python3.11/site-packages/airflow/example_dags/tutorial_taskflow_api.py
[2023-08-23T21:56:41.204-0400] {processor.py:829} INFO - Processing file /Users/mauri/Desktop/repositorio/apache-airflow-tutorial/env/lib/python3.11/site-packages/airflow/example_dags/tutorial_taskflow_api.py for tasks to queue
[2023-08-23T21:56:41.204-0400] {logging_mixin.py:151} INFO - [2023-08-23T21:56:41.204-0400] {dagbag.py:539} INFO - Filling up the DagBag from /Users/mauri/Desktop/repositorio/apache-airflow-tutorial/env/lib/python3.11/site-packages/airflow/example_dags/tutorial_taskflow_api.py
[2023-08-23T21:56:41.235-0400] {processor.py:839} INFO - DAG(s) dict_keys(['tutorial_taskflow_api']) retrieved from /Users/mauri/Desktop/repositorio/apache-airflow-tutorial/env/lib/python3.11/site-packages/airflow/example_dags/tutorial_taskflow_api.py
[2023-08-23T21:56:41.288-0400] {logging_mixin.py:151} INFO - [2023-08-23T21:56:41.288-0400] {dag.py:2907} INFO - Sync 1 DAGs
[2023-08-23T21:56:41.291-0400] {logging_mixin.py:151} INFO - [2023-08-23T21:56:41.291-0400] {dag.py:3677} INFO - Setting next_dagrun for tutorial_taskflow_api to None, run_after=None
[2023-08-23T21:56:41.298-0400] {processor.py:179} INFO - Processing /Users/mauri/Desktop/repositorio/apache-airflow-tutorial/env/lib/python3.11/site-packages/airflow/example_dags/tutorial_taskflow_api.py took 0.096 seconds
[2023-08-23T21:57:57.104-0400] {processor.py:157} INFO - Started process (PID=9969) to work on /Users/mauri/Desktop/repositorio/apache-airflow-tutorial/env/lib/python3.11/site-packages/airflow/example_dags/tutorial_taskflow_api.py
[2023-08-23T21:57:57.105-0400] {processor.py:829} INFO - Processing file /Users/mauri/Desktop/repositorio/apache-airflow-tutorial/env/lib/python3.11/site-packages/airflow/example_dags/tutorial_taskflow_api.py for tasks to queue
[2023-08-23T21:57:57.105-0400] {logging_mixin.py:151} INFO - [2023-08-23T21:57:57.105-0400] {dagbag.py:539} INFO - Filling up the DagBag from /Users/mauri/Desktop/repositorio/apache-airflow-tutorial/env/lib/python3.11/site-packages/airflow/example_dags/tutorial_taskflow_api.py
[2023-08-23T21:57:57.137-0400] {processor.py:839} INFO - DAG(s) dict_keys(['tutorial_taskflow_api']) retrieved from /Users/mauri/Desktop/repositorio/apache-airflow-tutorial/env/lib/python3.11/site-packages/airflow/example_dags/tutorial_taskflow_api.py
[2023-08-23T21:57:57.189-0400] {logging_mixin.py:151} INFO - [2023-08-23T21:57:57.189-0400] {dag.py:2907} INFO - Sync 1 DAGs
[2023-08-23T21:57:57.192-0400] {logging_mixin.py:151} INFO - [2023-08-23T21:57:57.192-0400] {dag.py:3677} INFO - Setting next_dagrun for tutorial_taskflow_api to None, run_after=None
[2023-08-23T21:57:57.199-0400] {processor.py:179} INFO - Processing /Users/mauri/Desktop/repositorio/apache-airflow-tutorial/env/lib/python3.11/site-packages/airflow/example_dags/tutorial_taskflow_api.py took 0.096 seconds
[2023-08-23T21:59:12.577-0400] {processor.py:157} INFO - Started process (PID=10038) to work on /Users/mauri/Desktop/repositorio/apache-airflow-tutorial/env/lib/python3.11/site-packages/airflow/example_dags/tutorial_taskflow_api.py
[2023-08-23T21:59:12.578-0400] {processor.py:829} INFO - Processing file /Users/mauri/Desktop/repositorio/apache-airflow-tutorial/env/lib/python3.11/site-packages/airflow/example_dags/tutorial_taskflow_api.py for tasks to queue
[2023-08-23T21:59:12.578-0400] {logging_mixin.py:151} INFO - [2023-08-23T21:59:12.578-0400] {dagbag.py:539} INFO - Filling up the DagBag from /Users/mauri/Desktop/repositorio/apache-airflow-tutorial/env/lib/python3.11/site-packages/airflow/example_dags/tutorial_taskflow_api.py
[2023-08-23T21:59:12.609-0400] {processor.py:839} INFO - DAG(s) dict_keys(['tutorial_taskflow_api']) retrieved from /Users/mauri/Desktop/repositorio/apache-airflow-tutorial/env/lib/python3.11/site-packages/airflow/example_dags/tutorial_taskflow_api.py
[2023-08-23T21:59:12.662-0400] {logging_mixin.py:151} INFO - [2023-08-23T21:59:12.661-0400] {dag.py:2907} INFO - Sync 1 DAGs
[2023-08-23T21:59:12.664-0400] {logging_mixin.py:151} INFO - [2023-08-23T21:59:12.664-0400] {dag.py:3677} INFO - Setting next_dagrun for tutorial_taskflow_api to None, run_after=None
[2023-08-23T21:59:12.671-0400] {processor.py:179} INFO - Processing /Users/mauri/Desktop/repositorio/apache-airflow-tutorial/env/lib/python3.11/site-packages/airflow/example_dags/tutorial_taskflow_api.py took 0.095 seconds
