[2023-08-23T21:34:02.794-0400] {processor.py:157} INFO - Started process (PID=8498) to work on /Users/mauri/Desktop/repositorio/apache-airflow-tutorial/env/lib/python3.11/site-packages/airflow/example_dags/tutorial.py
[2023-08-23T21:34:02.796-0400] {processor.py:829} INFO - Processing file /Users/mauri/Desktop/repositorio/apache-airflow-tutorial/env/lib/python3.11/site-packages/airflow/example_dags/tutorial.py for tasks to queue
[2023-08-23T21:34:02.796-0400] {logging_mixin.py:151} INFO - [2023-08-23T21:34:02.796-0400] {dagbag.py:539} INFO - Filling up the DagBag from /Users/mauri/Desktop/repositorio/apache-airflow-tutorial/env/lib/python3.11/site-packages/airflow/example_dags/tutorial.py
[2023-08-23T21:34:02.803-0400] {processor.py:839} INFO - DAG(s) dict_keys(['tutorial']) retrieved from /Users/mauri/Desktop/repositorio/apache-airflow-tutorial/env/lib/python3.11/site-packages/airflow/example_dags/tutorial.py
[2023-08-23T21:34:03.128-0400] {logging_mixin.py:151} INFO - [2023-08-23T21:34:03.128-0400] {manager.py:501} INFO - Created Permission View: can read on DAG:tutorial
[2023-08-23T21:34:03.131-0400] {logging_mixin.py:151} INFO - [2023-08-23T21:34:03.131-0400] {manager.py:501} INFO - Created Permission View: can delete on DAG:tutorial
[2023-08-23T21:34:03.133-0400] {logging_mixin.py:151} INFO - [2023-08-23T21:34:03.133-0400] {manager.py:501} INFO - Created Permission View: can edit on DAG:tutorial
[2023-08-23T21:34:03.137-0400] {logging_mixin.py:151} INFO - [2023-08-23T21:34:03.137-0400] {dag.py:2907} INFO - Sync 1 DAGs
[2023-08-23T21:34:03.139-0400] {logging_mixin.py:151} INFO - [2023-08-23T21:34:03.139-0400] {dag.py:2929} INFO - Creating ORM DAG for tutorial
[2023-08-23T21:34:03.142-0400] {logging_mixin.py:151} INFO - [2023-08-23T21:34:03.142-0400] {dag.py:3677} INFO - Setting next_dagrun for tutorial to 2023-08-23T01:34:03.142201+00:00, run_after=2023-08-24T01:34:03.142201+00:00
[2023-08-23T21:34:03.148-0400] {processor.py:179} INFO - Processing /Users/mauri/Desktop/repositorio/apache-airflow-tutorial/env/lib/python3.11/site-packages/airflow/example_dags/tutorial.py took 0.354 seconds
[2023-08-23T21:35:24.326-0400] {processor.py:157} INFO - Started process (PID=8557) to work on /Users/mauri/Desktop/repositorio/apache-airflow-tutorial/env/lib/python3.11/site-packages/airflow/example_dags/tutorial.py
[2023-08-23T21:35:24.328-0400] {processor.py:829} INFO - Processing file /Users/mauri/Desktop/repositorio/apache-airflow-tutorial/env/lib/python3.11/site-packages/airflow/example_dags/tutorial.py for tasks to queue
[2023-08-23T21:35:24.328-0400] {logging_mixin.py:151} INFO - [2023-08-23T21:35:24.328-0400] {dagbag.py:539} INFO - Filling up the DagBag from /Users/mauri/Desktop/repositorio/apache-airflow-tutorial/env/lib/python3.11/site-packages/airflow/example_dags/tutorial.py
[2023-08-23T21:35:24.335-0400] {processor.py:839} INFO - DAG(s) dict_keys(['tutorial']) retrieved from /Users/mauri/Desktop/repositorio/apache-airflow-tutorial/env/lib/python3.11/site-packages/airflow/example_dags/tutorial.py
[2023-08-23T21:35:24.404-0400] {logging_mixin.py:151} INFO - [2023-08-23T21:35:24.404-0400] {dag.py:2907} INFO - Sync 1 DAGs
[2023-08-23T21:35:24.409-0400] {logging_mixin.py:151} INFO - [2023-08-23T21:35:24.409-0400] {dag.py:3677} INFO - Setting next_dagrun for tutorial to 2023-08-23T01:35:24.409673+00:00, run_after=2023-08-24T01:35:24.409673+00:00
[2023-08-23T21:35:24.417-0400] {processor.py:179} INFO - Processing /Users/mauri/Desktop/repositorio/apache-airflow-tutorial/env/lib/python3.11/site-packages/airflow/example_dags/tutorial.py took 0.091 seconds
[2023-08-23T21:36:37.565-0400] {processor.py:157} INFO - Started process (PID=8625) to work on /Users/mauri/Desktop/repositorio/apache-airflow-tutorial/env/lib/python3.11/site-packages/airflow/example_dags/tutorial.py
[2023-08-23T21:36:37.567-0400] {processor.py:829} INFO - Processing file /Users/mauri/Desktop/repositorio/apache-airflow-tutorial/env/lib/python3.11/site-packages/airflow/example_dags/tutorial.py for tasks to queue
[2023-08-23T21:36:37.567-0400] {logging_mixin.py:151} INFO - [2023-08-23T21:36:37.567-0400] {dagbag.py:539} INFO - Filling up the DagBag from /Users/mauri/Desktop/repositorio/apache-airflow-tutorial/env/lib/python3.11/site-packages/airflow/example_dags/tutorial.py
[2023-08-23T21:36:37.574-0400] {processor.py:839} INFO - DAG(s) dict_keys(['tutorial']) retrieved from /Users/mauri/Desktop/repositorio/apache-airflow-tutorial/env/lib/python3.11/site-packages/airflow/example_dags/tutorial.py
[2023-08-23T21:36:37.642-0400] {logging_mixin.py:151} INFO - [2023-08-23T21:36:37.642-0400] {dag.py:2907} INFO - Sync 1 DAGs
[2023-08-23T21:36:37.648-0400] {logging_mixin.py:151} INFO - [2023-08-23T21:36:37.648-0400] {dag.py:3677} INFO - Setting next_dagrun for tutorial to 2023-08-23T01:36:37.648007+00:00, run_after=2023-08-24T01:36:37.648007+00:00
[2023-08-23T21:36:37.655-0400] {processor.py:179} INFO - Processing /Users/mauri/Desktop/repositorio/apache-airflow-tutorial/env/lib/python3.11/site-packages/airflow/example_dags/tutorial.py took 0.090 seconds
[2023-08-23T21:37:19.309-0400] {processor.py:157} INFO - Started process (PID=8663) to work on /Users/mauri/Desktop/repositorio/apache-airflow-tutorial/env/lib/python3.11/site-packages/airflow/example_dags/tutorial.py
[2023-08-23T21:37:19.312-0400] {processor.py:829} INFO - Processing file /Users/mauri/Desktop/repositorio/apache-airflow-tutorial/env/lib/python3.11/site-packages/airflow/example_dags/tutorial.py for tasks to queue
[2023-08-23T21:37:19.312-0400] {logging_mixin.py:151} INFO - [2023-08-23T21:37:19.312-0400] {dagbag.py:539} INFO - Filling up the DagBag from /Users/mauri/Desktop/repositorio/apache-airflow-tutorial/env/lib/python3.11/site-packages/airflow/example_dags/tutorial.py
[2023-08-23T21:37:19.319-0400] {processor.py:839} INFO - DAG(s) dict_keys(['tutorial']) retrieved from /Users/mauri/Desktop/repositorio/apache-airflow-tutorial/env/lib/python3.11/site-packages/airflow/example_dags/tutorial.py
[2023-08-23T21:37:19.388-0400] {logging_mixin.py:151} INFO - [2023-08-23T21:37:19.388-0400] {dag.py:2907} INFO - Sync 1 DAGs
[2023-08-23T21:37:19.394-0400] {logging_mixin.py:151} INFO - [2023-08-23T21:37:19.394-0400] {dag.py:3677} INFO - Setting next_dagrun for tutorial to 2023-08-23T01:37:19.394046+00:00, run_after=2023-08-24T01:37:19.394046+00:00
[2023-08-23T21:37:19.401-0400] {processor.py:179} INFO - Processing /Users/mauri/Desktop/repositorio/apache-airflow-tutorial/env/lib/python3.11/site-packages/airflow/example_dags/tutorial.py took 0.092 seconds
[2023-08-23T21:38:33.581-0400] {processor.py:157} INFO - Started process (PID=8727) to work on /Users/mauri/Desktop/repositorio/apache-airflow-tutorial/env/lib/python3.11/site-packages/airflow/example_dags/tutorial.py
[2023-08-23T21:38:33.582-0400] {processor.py:829} INFO - Processing file /Users/mauri/Desktop/repositorio/apache-airflow-tutorial/env/lib/python3.11/site-packages/airflow/example_dags/tutorial.py for tasks to queue
[2023-08-23T21:38:33.583-0400] {logging_mixin.py:151} INFO - [2023-08-23T21:38:33.583-0400] {dagbag.py:539} INFO - Filling up the DagBag from /Users/mauri/Desktop/repositorio/apache-airflow-tutorial/env/lib/python3.11/site-packages/airflow/example_dags/tutorial.py
[2023-08-23T21:38:33.591-0400] {processor.py:839} INFO - DAG(s) dict_keys(['tutorial']) retrieved from /Users/mauri/Desktop/repositorio/apache-airflow-tutorial/env/lib/python3.11/site-packages/airflow/example_dags/tutorial.py
[2023-08-23T21:38:33.663-0400] {logging_mixin.py:151} INFO - [2023-08-23T21:38:33.663-0400] {dag.py:2907} INFO - Sync 1 DAGs
[2023-08-23T21:38:33.668-0400] {logging_mixin.py:151} INFO - [2023-08-23T21:38:33.668-0400] {dag.py:3677} INFO - Setting next_dagrun for tutorial to 2023-08-23T01:38:33.668730+00:00, run_after=2023-08-24T01:38:33.668730+00:00
[2023-08-23T21:38:33.677-0400] {processor.py:179} INFO - Processing /Users/mauri/Desktop/repositorio/apache-airflow-tutorial/env/lib/python3.11/site-packages/airflow/example_dags/tutorial.py took 0.096 seconds
[2023-08-23T21:39:49.443-0400] {processor.py:157} INFO - Started process (PID=8795) to work on /Users/mauri/Desktop/repositorio/apache-airflow-tutorial/env/lib/python3.11/site-packages/airflow/example_dags/tutorial.py
[2023-08-23T21:39:49.444-0400] {processor.py:829} INFO - Processing file /Users/mauri/Desktop/repositorio/apache-airflow-tutorial/env/lib/python3.11/site-packages/airflow/example_dags/tutorial.py for tasks to queue
[2023-08-23T21:39:49.444-0400] {logging_mixin.py:151} INFO - [2023-08-23T21:39:49.444-0400] {dagbag.py:539} INFO - Filling up the DagBag from /Users/mauri/Desktop/repositorio/apache-airflow-tutorial/env/lib/python3.11/site-packages/airflow/example_dags/tutorial.py
[2023-08-23T21:39:49.451-0400] {processor.py:839} INFO - DAG(s) dict_keys(['tutorial']) retrieved from /Users/mauri/Desktop/repositorio/apache-airflow-tutorial/env/lib/python3.11/site-packages/airflow/example_dags/tutorial.py
[2023-08-23T21:39:49.525-0400] {logging_mixin.py:151} INFO - [2023-08-23T21:39:49.524-0400] {dag.py:2907} INFO - Sync 1 DAGs
[2023-08-23T21:39:49.530-0400] {logging_mixin.py:151} INFO - [2023-08-23T21:39:49.530-0400] {dag.py:3677} INFO - Setting next_dagrun for tutorial to 2023-08-23T01:39:49.530433+00:00, run_after=2023-08-24T01:39:49.530433+00:00
[2023-08-23T21:39:49.537-0400] {processor.py:179} INFO - Processing /Users/mauri/Desktop/repositorio/apache-airflow-tutorial/env/lib/python3.11/site-packages/airflow/example_dags/tutorial.py took 0.095 seconds
[2023-08-23T21:41:02.880-0400] {processor.py:157} INFO - Started process (PID=8855) to work on /Users/mauri/Desktop/repositorio/apache-airflow-tutorial/env/lib/python3.11/site-packages/airflow/example_dags/tutorial.py
[2023-08-23T21:41:02.881-0400] {processor.py:829} INFO - Processing file /Users/mauri/Desktop/repositorio/apache-airflow-tutorial/env/lib/python3.11/site-packages/airflow/example_dags/tutorial.py for tasks to queue
[2023-08-23T21:41:02.881-0400] {logging_mixin.py:151} INFO - [2023-08-23T21:41:02.881-0400] {dagbag.py:539} INFO - Filling up the DagBag from /Users/mauri/Desktop/repositorio/apache-airflow-tutorial/env/lib/python3.11/site-packages/airflow/example_dags/tutorial.py
[2023-08-23T21:41:02.888-0400] {processor.py:839} INFO - DAG(s) dict_keys(['tutorial']) retrieved from /Users/mauri/Desktop/repositorio/apache-airflow-tutorial/env/lib/python3.11/site-packages/airflow/example_dags/tutorial.py
[2023-08-23T21:41:02.959-0400] {logging_mixin.py:151} INFO - [2023-08-23T21:41:02.959-0400] {dag.py:2907} INFO - Sync 1 DAGs
[2023-08-23T21:41:02.964-0400] {logging_mixin.py:151} INFO - [2023-08-23T21:41:02.964-0400] {dag.py:3677} INFO - Setting next_dagrun for tutorial to 2023-08-23T01:41:02.964482+00:00, run_after=2023-08-24T01:41:02.964482+00:00
[2023-08-23T21:41:02.971-0400] {processor.py:179} INFO - Processing /Users/mauri/Desktop/repositorio/apache-airflow-tutorial/env/lib/python3.11/site-packages/airflow/example_dags/tutorial.py took 0.092 seconds
[2023-08-23T21:42:15.598-0400] {processor.py:157} INFO - Started process (PID=8912) to work on /Users/mauri/Desktop/repositorio/apache-airflow-tutorial/env/lib/python3.11/site-packages/airflow/example_dags/tutorial.py
[2023-08-23T21:42:15.599-0400] {processor.py:829} INFO - Processing file /Users/mauri/Desktop/repositorio/apache-airflow-tutorial/env/lib/python3.11/site-packages/airflow/example_dags/tutorial.py for tasks to queue
[2023-08-23T21:42:15.599-0400] {logging_mixin.py:151} INFO - [2023-08-23T21:42:15.599-0400] {dagbag.py:539} INFO - Filling up the DagBag from /Users/mauri/Desktop/repositorio/apache-airflow-tutorial/env/lib/python3.11/site-packages/airflow/example_dags/tutorial.py
[2023-08-23T21:42:15.606-0400] {processor.py:839} INFO - DAG(s) dict_keys(['tutorial']) retrieved from /Users/mauri/Desktop/repositorio/apache-airflow-tutorial/env/lib/python3.11/site-packages/airflow/example_dags/tutorial.py
[2023-08-23T21:42:15.674-0400] {logging_mixin.py:151} INFO - [2023-08-23T21:42:15.674-0400] {dag.py:2907} INFO - Sync 1 DAGs
[2023-08-23T21:42:15.679-0400] {logging_mixin.py:151} INFO - [2023-08-23T21:42:15.679-0400] {dag.py:3677} INFO - Setting next_dagrun for tutorial to 2023-08-23T01:42:15.679783+00:00, run_after=2023-08-24T01:42:15.679783+00:00
[2023-08-23T21:42:15.686-0400] {processor.py:179} INFO - Processing /Users/mauri/Desktop/repositorio/apache-airflow-tutorial/env/lib/python3.11/site-packages/airflow/example_dags/tutorial.py took 0.089 seconds
[2023-08-23T21:43:27.200-0400] {processor.py:157} INFO - Started process (PID=8976) to work on /Users/mauri/Desktop/repositorio/apache-airflow-tutorial/env/lib/python3.11/site-packages/airflow/example_dags/tutorial.py
[2023-08-23T21:43:27.201-0400] {processor.py:829} INFO - Processing file /Users/mauri/Desktop/repositorio/apache-airflow-tutorial/env/lib/python3.11/site-packages/airflow/example_dags/tutorial.py for tasks to queue
[2023-08-23T21:43:27.201-0400] {logging_mixin.py:151} INFO - [2023-08-23T21:43:27.201-0400] {dagbag.py:539} INFO - Filling up the DagBag from /Users/mauri/Desktop/repositorio/apache-airflow-tutorial/env/lib/python3.11/site-packages/airflow/example_dags/tutorial.py
[2023-08-23T21:43:27.208-0400] {processor.py:839} INFO - DAG(s) dict_keys(['tutorial']) retrieved from /Users/mauri/Desktop/repositorio/apache-airflow-tutorial/env/lib/python3.11/site-packages/airflow/example_dags/tutorial.py
[2023-08-23T21:43:27.276-0400] {logging_mixin.py:151} INFO - [2023-08-23T21:43:27.276-0400] {dag.py:2907} INFO - Sync 1 DAGs
[2023-08-23T21:43:27.281-0400] {logging_mixin.py:151} INFO - [2023-08-23T21:43:27.281-0400] {dag.py:3677} INFO - Setting next_dagrun for tutorial to 2023-08-23T01:43:27.281720+00:00, run_after=2023-08-24T01:43:27.281720+00:00
[2023-08-23T21:43:27.288-0400] {processor.py:179} INFO - Processing /Users/mauri/Desktop/repositorio/apache-airflow-tutorial/env/lib/python3.11/site-packages/airflow/example_dags/tutorial.py took 0.088 seconds
[2023-08-23T21:44:38.341-0400] {processor.py:157} INFO - Started process (PID=9055) to work on /Users/mauri/Desktop/repositorio/apache-airflow-tutorial/env/lib/python3.11/site-packages/airflow/example_dags/tutorial.py
[2023-08-23T21:44:38.343-0400] {processor.py:829} INFO - Processing file /Users/mauri/Desktop/repositorio/apache-airflow-tutorial/env/lib/python3.11/site-packages/airflow/example_dags/tutorial.py for tasks to queue
[2023-08-23T21:44:38.343-0400] {logging_mixin.py:151} INFO - [2023-08-23T21:44:38.343-0400] {dagbag.py:539} INFO - Filling up the DagBag from /Users/mauri/Desktop/repositorio/apache-airflow-tutorial/env/lib/python3.11/site-packages/airflow/example_dags/tutorial.py
[2023-08-23T21:44:38.350-0400] {processor.py:839} INFO - DAG(s) dict_keys(['tutorial']) retrieved from /Users/mauri/Desktop/repositorio/apache-airflow-tutorial/env/lib/python3.11/site-packages/airflow/example_dags/tutorial.py
[2023-08-23T21:44:38.419-0400] {logging_mixin.py:151} INFO - [2023-08-23T21:44:38.419-0400] {dag.py:2907} INFO - Sync 1 DAGs
[2023-08-23T21:44:38.425-0400] {logging_mixin.py:151} INFO - [2023-08-23T21:44:38.424-0400] {dag.py:3677} INFO - Setting next_dagrun for tutorial to 2023-08-23T01:44:38.424876+00:00, run_after=2023-08-24T01:44:38.424876+00:00
[2023-08-23T21:44:38.432-0400] {processor.py:179} INFO - Processing /Users/mauri/Desktop/repositorio/apache-airflow-tutorial/env/lib/python3.11/site-packages/airflow/example_dags/tutorial.py took 0.091 seconds
[2023-08-23T21:45:52.616-0400] {processor.py:157} INFO - Started process (PID=9121) to work on /Users/mauri/Desktop/repositorio/apache-airflow-tutorial/env/lib/python3.11/site-packages/airflow/example_dags/tutorial.py
[2023-08-23T21:45:52.617-0400] {processor.py:829} INFO - Processing file /Users/mauri/Desktop/repositorio/apache-airflow-tutorial/env/lib/python3.11/site-packages/airflow/example_dags/tutorial.py for tasks to queue
[2023-08-23T21:45:52.617-0400] {logging_mixin.py:151} INFO - [2023-08-23T21:45:52.617-0400] {dagbag.py:539} INFO - Filling up the DagBag from /Users/mauri/Desktop/repositorio/apache-airflow-tutorial/env/lib/python3.11/site-packages/airflow/example_dags/tutorial.py
[2023-08-23T21:45:52.624-0400] {processor.py:839} INFO - DAG(s) dict_keys(['tutorial']) retrieved from /Users/mauri/Desktop/repositorio/apache-airflow-tutorial/env/lib/python3.11/site-packages/airflow/example_dags/tutorial.py
[2023-08-23T21:45:52.696-0400] {logging_mixin.py:151} INFO - [2023-08-23T21:45:52.696-0400] {dag.py:2907} INFO - Sync 1 DAGs
[2023-08-23T21:45:52.701-0400] {logging_mixin.py:151} INFO - [2023-08-23T21:45:52.701-0400] {dag.py:3677} INFO - Setting next_dagrun for tutorial to 2023-08-23T01:45:52.701553+00:00, run_after=2023-08-24T01:45:52.701553+00:00
[2023-08-23T21:45:52.709-0400] {processor.py:179} INFO - Processing /Users/mauri/Desktop/repositorio/apache-airflow-tutorial/env/lib/python3.11/site-packages/airflow/example_dags/tutorial.py took 0.093 seconds
[2023-08-23T21:47:01.245-0400] {processor.py:157} INFO - Started process (PID=9285) to work on /Users/mauri/Desktop/repositorio/apache-airflow-tutorial/env/lib/python3.11/site-packages/airflow/example_dags/tutorial.py
[2023-08-23T21:47:01.247-0400] {processor.py:829} INFO - Processing file /Users/mauri/Desktop/repositorio/apache-airflow-tutorial/env/lib/python3.11/site-packages/airflow/example_dags/tutorial.py for tasks to queue
[2023-08-23T21:47:01.247-0400] {logging_mixin.py:151} INFO - [2023-08-23T21:47:01.247-0400] {dagbag.py:539} INFO - Filling up the DagBag from /Users/mauri/Desktop/repositorio/apache-airflow-tutorial/env/lib/python3.11/site-packages/airflow/example_dags/tutorial.py
[2023-08-23T21:47:01.254-0400] {processor.py:839} INFO - DAG(s) dict_keys(['tutorial']) retrieved from /Users/mauri/Desktop/repositorio/apache-airflow-tutorial/env/lib/python3.11/site-packages/airflow/example_dags/tutorial.py
[2023-08-23T21:47:01.322-0400] {logging_mixin.py:151} INFO - [2023-08-23T21:47:01.322-0400] {dag.py:2907} INFO - Sync 1 DAGs
[2023-08-23T21:47:01.327-0400] {logging_mixin.py:151} INFO - [2023-08-23T21:47:01.327-0400] {dag.py:3677} INFO - Setting next_dagrun for tutorial to 2023-08-23T01:47:01.327773+00:00, run_after=2023-08-24T01:47:01.327773+00:00
[2023-08-23T21:47:01.334-0400] {processor.py:179} INFO - Processing /Users/mauri/Desktop/repositorio/apache-airflow-tutorial/env/lib/python3.11/site-packages/airflow/example_dags/tutorial.py took 0.089 seconds
[2023-08-23T21:48:14.209-0400] {processor.py:157} INFO - Started process (PID=9411) to work on /Users/mauri/Desktop/repositorio/apache-airflow-tutorial/env/lib/python3.11/site-packages/airflow/example_dags/tutorial.py
[2023-08-23T21:48:14.210-0400] {processor.py:829} INFO - Processing file /Users/mauri/Desktop/repositorio/apache-airflow-tutorial/env/lib/python3.11/site-packages/airflow/example_dags/tutorial.py for tasks to queue
[2023-08-23T21:48:14.210-0400] {logging_mixin.py:151} INFO - [2023-08-23T21:48:14.210-0400] {dagbag.py:539} INFO - Filling up the DagBag from /Users/mauri/Desktop/repositorio/apache-airflow-tutorial/env/lib/python3.11/site-packages/airflow/example_dags/tutorial.py
[2023-08-23T21:48:14.217-0400] {processor.py:839} INFO - DAG(s) dict_keys(['tutorial']) retrieved from /Users/mauri/Desktop/repositorio/apache-airflow-tutorial/env/lib/python3.11/site-packages/airflow/example_dags/tutorial.py
[2023-08-23T21:48:14.288-0400] {logging_mixin.py:151} INFO - [2023-08-23T21:48:14.288-0400] {dag.py:2907} INFO - Sync 1 DAGs
[2023-08-23T21:48:14.294-0400] {logging_mixin.py:151} INFO - [2023-08-23T21:48:14.294-0400] {dag.py:3677} INFO - Setting next_dagrun for tutorial to 2023-08-23T01:48:14.294059+00:00, run_after=2023-08-24T01:48:14.294059+00:00
[2023-08-23T21:48:14.300-0400] {processor.py:179} INFO - Processing /Users/mauri/Desktop/repositorio/apache-airflow-tutorial/env/lib/python3.11/site-packages/airflow/example_dags/tutorial.py took 0.092 seconds
[2023-08-23T21:49:26.948-0400] {processor.py:157} INFO - Started process (PID=9475) to work on /Users/mauri/Desktop/repositorio/apache-airflow-tutorial/env/lib/python3.11/site-packages/airflow/example_dags/tutorial.py
[2023-08-23T21:49:26.949-0400] {processor.py:829} INFO - Processing file /Users/mauri/Desktop/repositorio/apache-airflow-tutorial/env/lib/python3.11/site-packages/airflow/example_dags/tutorial.py for tasks to queue
[2023-08-23T21:49:26.949-0400] {logging_mixin.py:151} INFO - [2023-08-23T21:49:26.949-0400] {dagbag.py:539} INFO - Filling up the DagBag from /Users/mauri/Desktop/repositorio/apache-airflow-tutorial/env/lib/python3.11/site-packages/airflow/example_dags/tutorial.py
[2023-08-23T21:49:26.956-0400] {processor.py:839} INFO - DAG(s) dict_keys(['tutorial']) retrieved from /Users/mauri/Desktop/repositorio/apache-airflow-tutorial/env/lib/python3.11/site-packages/airflow/example_dags/tutorial.py
[2023-08-23T21:49:27.025-0400] {logging_mixin.py:151} INFO - [2023-08-23T21:49:27.024-0400] {dag.py:2907} INFO - Sync 1 DAGs
[2023-08-23T21:49:27.030-0400] {logging_mixin.py:151} INFO - [2023-08-23T21:49:27.030-0400] {dag.py:3677} INFO - Setting next_dagrun for tutorial to 2023-08-23T01:49:27.030182+00:00, run_after=2023-08-24T01:49:27.030182+00:00
[2023-08-23T21:49:27.037-0400] {processor.py:179} INFO - Processing /Users/mauri/Desktop/repositorio/apache-airflow-tutorial/env/lib/python3.11/site-packages/airflow/example_dags/tutorial.py took 0.089 seconds
[2023-08-23T21:50:42.807-0400] {processor.py:157} INFO - Started process (PID=9546) to work on /Users/mauri/Desktop/repositorio/apache-airflow-tutorial/env/lib/python3.11/site-packages/airflow/example_dags/tutorial.py
[2023-08-23T21:50:42.809-0400] {processor.py:829} INFO - Processing file /Users/mauri/Desktop/repositorio/apache-airflow-tutorial/env/lib/python3.11/site-packages/airflow/example_dags/tutorial.py for tasks to queue
[2023-08-23T21:50:42.810-0400] {logging_mixin.py:151} INFO - [2023-08-23T21:50:42.810-0400] {dagbag.py:539} INFO - Filling up the DagBag from /Users/mauri/Desktop/repositorio/apache-airflow-tutorial/env/lib/python3.11/site-packages/airflow/example_dags/tutorial.py
[2023-08-23T21:50:42.816-0400] {processor.py:839} INFO - DAG(s) dict_keys(['tutorial']) retrieved from /Users/mauri/Desktop/repositorio/apache-airflow-tutorial/env/lib/python3.11/site-packages/airflow/example_dags/tutorial.py
[2023-08-23T21:50:42.885-0400] {logging_mixin.py:151} INFO - [2023-08-23T21:50:42.885-0400] {dag.py:2907} INFO - Sync 1 DAGs
[2023-08-23T21:50:42.890-0400] {logging_mixin.py:151} INFO - [2023-08-23T21:50:42.890-0400] {dag.py:3677} INFO - Setting next_dagrun for tutorial to 2023-08-23T01:50:42.890474+00:00, run_after=2023-08-24T01:50:42.890474+00:00
[2023-08-23T21:50:42.897-0400] {processor.py:179} INFO - Processing /Users/mauri/Desktop/repositorio/apache-airflow-tutorial/env/lib/python3.11/site-packages/airflow/example_dags/tutorial.py took 0.090 seconds
[2023-08-23T21:51:56.590-0400] {processor.py:157} INFO - Started process (PID=9640) to work on /Users/mauri/Desktop/repositorio/apache-airflow-tutorial/env/lib/python3.11/site-packages/airflow/example_dags/tutorial.py
[2023-08-23T21:51:56.592-0400] {processor.py:829} INFO - Processing file /Users/mauri/Desktop/repositorio/apache-airflow-tutorial/env/lib/python3.11/site-packages/airflow/example_dags/tutorial.py for tasks to queue
[2023-08-23T21:51:56.593-0400] {logging_mixin.py:151} INFO - [2023-08-23T21:51:56.593-0400] {dagbag.py:539} INFO - Filling up the DagBag from /Users/mauri/Desktop/repositorio/apache-airflow-tutorial/env/lib/python3.11/site-packages/airflow/example_dags/tutorial.py
[2023-08-23T21:51:56.600-0400] {processor.py:839} INFO - DAG(s) dict_keys(['tutorial']) retrieved from /Users/mauri/Desktop/repositorio/apache-airflow-tutorial/env/lib/python3.11/site-packages/airflow/example_dags/tutorial.py
[2023-08-23T21:51:56.676-0400] {logging_mixin.py:151} INFO - [2023-08-23T21:51:56.676-0400] {dag.py:2907} INFO - Sync 1 DAGs
[2023-08-23T21:51:56.681-0400] {logging_mixin.py:151} INFO - [2023-08-23T21:51:56.681-0400] {dag.py:3677} INFO - Setting next_dagrun for tutorial to 2023-08-23T01:51:56.681821+00:00, run_after=2023-08-24T01:51:56.681821+00:00
[2023-08-23T21:51:56.696-0400] {processor.py:179} INFO - Processing /Users/mauri/Desktop/repositorio/apache-airflow-tutorial/env/lib/python3.11/site-packages/airflow/example_dags/tutorial.py took 0.106 seconds
[2023-08-23T21:53:06.286-0400] {processor.py:157} INFO - Started process (PID=9708) to work on /Users/mauri/Desktop/repositorio/apache-airflow-tutorial/env/lib/python3.11/site-packages/airflow/example_dags/tutorial.py
[2023-08-23T21:53:06.288-0400] {processor.py:829} INFO - Processing file /Users/mauri/Desktop/repositorio/apache-airflow-tutorial/env/lib/python3.11/site-packages/airflow/example_dags/tutorial.py for tasks to queue
[2023-08-23T21:53:06.288-0400] {logging_mixin.py:151} INFO - [2023-08-23T21:53:06.288-0400] {dagbag.py:539} INFO - Filling up the DagBag from /Users/mauri/Desktop/repositorio/apache-airflow-tutorial/env/lib/python3.11/site-packages/airflow/example_dags/tutorial.py
[2023-08-23T21:53:06.295-0400] {processor.py:839} INFO - DAG(s) dict_keys(['tutorial']) retrieved from /Users/mauri/Desktop/repositorio/apache-airflow-tutorial/env/lib/python3.11/site-packages/airflow/example_dags/tutorial.py
[2023-08-23T21:53:06.368-0400] {logging_mixin.py:151} INFO - [2023-08-23T21:53:06.368-0400] {dag.py:2907} INFO - Sync 1 DAGs
[2023-08-23T21:53:06.373-0400] {logging_mixin.py:151} INFO - [2023-08-23T21:53:06.373-0400] {dag.py:3677} INFO - Setting next_dagrun for tutorial to 2023-08-23T01:53:06.373857+00:00, run_after=2023-08-24T01:53:06.373857+00:00
[2023-08-23T21:53:06.380-0400] {processor.py:179} INFO - Processing /Users/mauri/Desktop/repositorio/apache-airflow-tutorial/env/lib/python3.11/site-packages/airflow/example_dags/tutorial.py took 0.094 seconds
[2023-08-23T21:54:18.223-0400] {processor.py:157} INFO - Started process (PID=9773) to work on /Users/mauri/Desktop/repositorio/apache-airflow-tutorial/env/lib/python3.11/site-packages/airflow/example_dags/tutorial.py
[2023-08-23T21:54:18.224-0400] {processor.py:829} INFO - Processing file /Users/mauri/Desktop/repositorio/apache-airflow-tutorial/env/lib/python3.11/site-packages/airflow/example_dags/tutorial.py for tasks to queue
[2023-08-23T21:54:18.224-0400] {logging_mixin.py:151} INFO - [2023-08-23T21:54:18.224-0400] {dagbag.py:539} INFO - Filling up the DagBag from /Users/mauri/Desktop/repositorio/apache-airflow-tutorial/env/lib/python3.11/site-packages/airflow/example_dags/tutorial.py
[2023-08-23T21:54:18.231-0400] {processor.py:839} INFO - DAG(s) dict_keys(['tutorial']) retrieved from /Users/mauri/Desktop/repositorio/apache-airflow-tutorial/env/lib/python3.11/site-packages/airflow/example_dags/tutorial.py
[2023-08-23T21:54:18.302-0400] {logging_mixin.py:151} INFO - [2023-08-23T21:54:18.302-0400] {dag.py:2907} INFO - Sync 1 DAGs
[2023-08-23T21:54:18.308-0400] {logging_mixin.py:151} INFO - [2023-08-23T21:54:18.308-0400] {dag.py:3677} INFO - Setting next_dagrun for tutorial to 2023-08-23T01:54:18.307950+00:00, run_after=2023-08-24T01:54:18.307950+00:00
[2023-08-23T21:54:18.314-0400] {processor.py:179} INFO - Processing /Users/mauri/Desktop/repositorio/apache-airflow-tutorial/env/lib/python3.11/site-packages/airflow/example_dags/tutorial.py took 0.092 seconds
[2023-08-23T21:55:31.234-0400] {processor.py:157} INFO - Started process (PID=9841) to work on /Users/mauri/Desktop/repositorio/apache-airflow-tutorial/env/lib/python3.11/site-packages/airflow/example_dags/tutorial.py
[2023-08-23T21:55:31.235-0400] {processor.py:829} INFO - Processing file /Users/mauri/Desktop/repositorio/apache-airflow-tutorial/env/lib/python3.11/site-packages/airflow/example_dags/tutorial.py for tasks to queue
[2023-08-23T21:55:31.235-0400] {logging_mixin.py:151} INFO - [2023-08-23T21:55:31.235-0400] {dagbag.py:539} INFO - Filling up the DagBag from /Users/mauri/Desktop/repositorio/apache-airflow-tutorial/env/lib/python3.11/site-packages/airflow/example_dags/tutorial.py
[2023-08-23T21:55:31.242-0400] {processor.py:839} INFO - DAG(s) dict_keys(['tutorial']) retrieved from /Users/mauri/Desktop/repositorio/apache-airflow-tutorial/env/lib/python3.11/site-packages/airflow/example_dags/tutorial.py
[2023-08-23T21:55:31.310-0400] {logging_mixin.py:151} INFO - [2023-08-23T21:55:31.310-0400] {dag.py:2907} INFO - Sync 1 DAGs
[2023-08-23T21:55:31.315-0400] {logging_mixin.py:151} INFO - [2023-08-23T21:55:31.315-0400] {dag.py:3677} INFO - Setting next_dagrun for tutorial to 2023-08-23T01:55:31.315557+00:00, run_after=2023-08-24T01:55:31.315557+00:00
[2023-08-23T21:55:31.322-0400] {processor.py:179} INFO - Processing /Users/mauri/Desktop/repositorio/apache-airflow-tutorial/env/lib/python3.11/site-packages/airflow/example_dags/tutorial.py took 0.089 seconds
[2023-08-23T21:56:44.451-0400] {processor.py:157} INFO - Started process (PID=9908) to work on /Users/mauri/Desktop/repositorio/apache-airflow-tutorial/env/lib/python3.11/site-packages/airflow/example_dags/tutorial.py
[2023-08-23T21:56:44.453-0400] {processor.py:829} INFO - Processing file /Users/mauri/Desktop/repositorio/apache-airflow-tutorial/env/lib/python3.11/site-packages/airflow/example_dags/tutorial.py for tasks to queue
[2023-08-23T21:56:44.453-0400] {logging_mixin.py:151} INFO - [2023-08-23T21:56:44.453-0400] {dagbag.py:539} INFO - Filling up the DagBag from /Users/mauri/Desktop/repositorio/apache-airflow-tutorial/env/lib/python3.11/site-packages/airflow/example_dags/tutorial.py
[2023-08-23T21:56:44.460-0400] {processor.py:839} INFO - DAG(s) dict_keys(['tutorial']) retrieved from /Users/mauri/Desktop/repositorio/apache-airflow-tutorial/env/lib/python3.11/site-packages/airflow/example_dags/tutorial.py
[2023-08-23T21:56:44.530-0400] {logging_mixin.py:151} INFO - [2023-08-23T21:56:44.530-0400] {dag.py:2907} INFO - Sync 1 DAGs
[2023-08-23T21:56:44.535-0400] {logging_mixin.py:151} INFO - [2023-08-23T21:56:44.535-0400] {dag.py:3677} INFO - Setting next_dagrun for tutorial to 2023-08-23T01:56:44.535644+00:00, run_after=2023-08-24T01:56:44.535644+00:00
[2023-08-23T21:56:44.542-0400] {processor.py:179} INFO - Processing /Users/mauri/Desktop/repositorio/apache-airflow-tutorial/env/lib/python3.11/site-packages/airflow/example_dags/tutorial.py took 0.091 seconds
[2023-08-23T21:58:00.228-0400] {processor.py:157} INFO - Started process (PID=9971) to work on /Users/mauri/Desktop/repositorio/apache-airflow-tutorial/env/lib/python3.11/site-packages/airflow/example_dags/tutorial.py
[2023-08-23T21:58:00.229-0400] {processor.py:829} INFO - Processing file /Users/mauri/Desktop/repositorio/apache-airflow-tutorial/env/lib/python3.11/site-packages/airflow/example_dags/tutorial.py for tasks to queue
[2023-08-23T21:58:00.229-0400] {logging_mixin.py:151} INFO - [2023-08-23T21:58:00.229-0400] {dagbag.py:539} INFO - Filling up the DagBag from /Users/mauri/Desktop/repositorio/apache-airflow-tutorial/env/lib/python3.11/site-packages/airflow/example_dags/tutorial.py
[2023-08-23T21:58:00.236-0400] {processor.py:839} INFO - DAG(s) dict_keys(['tutorial']) retrieved from /Users/mauri/Desktop/repositorio/apache-airflow-tutorial/env/lib/python3.11/site-packages/airflow/example_dags/tutorial.py
[2023-08-23T21:58:00.305-0400] {logging_mixin.py:151} INFO - [2023-08-23T21:58:00.305-0400] {dag.py:2907} INFO - Sync 1 DAGs
[2023-08-23T21:58:00.310-0400] {logging_mixin.py:151} INFO - [2023-08-23T21:58:00.310-0400] {dag.py:3677} INFO - Setting next_dagrun for tutorial to 2023-08-23T01:58:00.310326+00:00, run_after=2023-08-24T01:58:00.310326+00:00
[2023-08-23T21:58:00.317-0400] {processor.py:179} INFO - Processing /Users/mauri/Desktop/repositorio/apache-airflow-tutorial/env/lib/python3.11/site-packages/airflow/example_dags/tutorial.py took 0.089 seconds
[2023-08-23T21:59:15.797-0400] {processor.py:157} INFO - Started process (PID=10040) to work on /Users/mauri/Desktop/repositorio/apache-airflow-tutorial/env/lib/python3.11/site-packages/airflow/example_dags/tutorial.py
[2023-08-23T21:59:15.798-0400] {processor.py:829} INFO - Processing file /Users/mauri/Desktop/repositorio/apache-airflow-tutorial/env/lib/python3.11/site-packages/airflow/example_dags/tutorial.py for tasks to queue
[2023-08-23T21:59:15.798-0400] {logging_mixin.py:151} INFO - [2023-08-23T21:59:15.798-0400] {dagbag.py:539} INFO - Filling up the DagBag from /Users/mauri/Desktop/repositorio/apache-airflow-tutorial/env/lib/python3.11/site-packages/airflow/example_dags/tutorial.py
[2023-08-23T21:59:15.806-0400] {processor.py:839} INFO - DAG(s) dict_keys(['tutorial']) retrieved from /Users/mauri/Desktop/repositorio/apache-airflow-tutorial/env/lib/python3.11/site-packages/airflow/example_dags/tutorial.py
[2023-08-23T21:59:15.878-0400] {logging_mixin.py:151} INFO - [2023-08-23T21:59:15.878-0400] {dag.py:2907} INFO - Sync 1 DAGs
[2023-08-23T21:59:15.883-0400] {logging_mixin.py:151} INFO - [2023-08-23T21:59:15.883-0400] {dag.py:3677} INFO - Setting next_dagrun for tutorial to 2023-08-23T01:59:15.883366+00:00, run_after=2023-08-24T01:59:15.883366+00:00
[2023-08-23T21:59:15.890-0400] {processor.py:179} INFO - Processing /Users/mauri/Desktop/repositorio/apache-airflow-tutorial/env/lib/python3.11/site-packages/airflow/example_dags/tutorial.py took 0.093 seconds
