[2023-08-23T21:34:00.860-0400] {processor.py:157} INFO - Started process (PID=8497) to work on /Users/mauri/Desktop/repositorio/apache-airflow-tutorial/env/lib/python3.11/site-packages/airflow/example_dags/tutorial_dag.py
[2023-08-23T21:34:00.861-0400] {processor.py:829} INFO - Processing file /Users/mauri/Desktop/repositorio/apache-airflow-tutorial/env/lib/python3.11/site-packages/airflow/example_dags/tutorial_dag.py for tasks to queue
[2023-08-23T21:34:00.861-0400] {logging_mixin.py:151} INFO - [2023-08-23T21:34:00.861-0400] {dagbag.py:539} INFO - Filling up the DagBag from /Users/mauri/Desktop/repositorio/apache-airflow-tutorial/env/lib/python3.11/site-packages/airflow/example_dags/tutorial_dag.py
[2023-08-23T21:34:00.888-0400] {processor.py:839} INFO - DAG(s) dict_keys(['tutorial_dag']) retrieved from /Users/mauri/Desktop/repositorio/apache-airflow-tutorial/env/lib/python3.11/site-packages/airflow/example_dags/tutorial_dag.py
[2023-08-23T21:34:01.191-0400] {logging_mixin.py:151} INFO - [2023-08-23T21:34:01.191-0400] {manager.py:501} INFO - Created Permission View: can delete on DAG:tutorial_dag
[2023-08-23T21:34:01.194-0400] {logging_mixin.py:151} INFO - [2023-08-23T21:34:01.194-0400] {manager.py:501} INFO - Created Permission View: can edit on DAG:tutorial_dag
[2023-08-23T21:34:01.196-0400] {logging_mixin.py:151} INFO - [2023-08-23T21:34:01.196-0400] {manager.py:501} INFO - Created Permission View: can read on DAG:tutorial_dag
[2023-08-23T21:34:01.200-0400] {logging_mixin.py:151} INFO - [2023-08-23T21:34:01.200-0400] {dag.py:2907} INFO - Sync 1 DAGs
[2023-08-23T21:34:01.203-0400] {logging_mixin.py:151} INFO - [2023-08-23T21:34:01.203-0400] {dag.py:2929} INFO - Creating ORM DAG for tutorial_dag
[2023-08-23T21:34:01.203-0400] {logging_mixin.py:151} INFO - [2023-08-23T21:34:01.203-0400] {dag.py:3677} INFO - Setting next_dagrun for tutorial_dag to None, run_after=None
[2023-08-23T21:34:01.209-0400] {processor.py:179} INFO - Processing /Users/mauri/Desktop/repositorio/apache-airflow-tutorial/env/lib/python3.11/site-packages/airflow/example_dags/tutorial_dag.py took 0.349 seconds
[2023-08-23T21:35:22.712-0400] {processor.py:157} INFO - Started process (PID=8556) to work on /Users/mauri/Desktop/repositorio/apache-airflow-tutorial/env/lib/python3.11/site-packages/airflow/example_dags/tutorial_dag.py
[2023-08-23T21:35:22.714-0400] {processor.py:829} INFO - Processing file /Users/mauri/Desktop/repositorio/apache-airflow-tutorial/env/lib/python3.11/site-packages/airflow/example_dags/tutorial_dag.py for tasks to queue
[2023-08-23T21:35:22.715-0400] {logging_mixin.py:151} INFO - [2023-08-23T21:35:22.715-0400] {dagbag.py:539} INFO - Filling up the DagBag from /Users/mauri/Desktop/repositorio/apache-airflow-tutorial/env/lib/python3.11/site-packages/airflow/example_dags/tutorial_dag.py
[2023-08-23T21:35:22.740-0400] {processor.py:839} INFO - DAG(s) dict_keys(['tutorial_dag']) retrieved from /Users/mauri/Desktop/repositorio/apache-airflow-tutorial/env/lib/python3.11/site-packages/airflow/example_dags/tutorial_dag.py
[2023-08-23T21:35:22.794-0400] {logging_mixin.py:151} INFO - [2023-08-23T21:35:22.794-0400] {dag.py:2907} INFO - Sync 1 DAGs
[2023-08-23T21:35:22.797-0400] {logging_mixin.py:151} INFO - [2023-08-23T21:35:22.797-0400] {dag.py:3677} INFO - Setting next_dagrun for tutorial_dag to None, run_after=None
[2023-08-23T21:35:22.804-0400] {processor.py:179} INFO - Processing /Users/mauri/Desktop/repositorio/apache-airflow-tutorial/env/lib/python3.11/site-packages/airflow/example_dags/tutorial_dag.py took 0.092 seconds
[2023-08-23T21:36:04.318-0400] {processor.py:157} INFO - Started process (PID=8596) to work on /Users/mauri/Desktop/repositorio/apache-airflow-tutorial/env/lib/python3.11/site-packages/airflow/example_dags/tutorial_dag.py
[2023-08-23T21:36:04.320-0400] {processor.py:829} INFO - Processing file /Users/mauri/Desktop/repositorio/apache-airflow-tutorial/env/lib/python3.11/site-packages/airflow/example_dags/tutorial_dag.py for tasks to queue
[2023-08-23T21:36:04.320-0400] {logging_mixin.py:151} INFO - [2023-08-23T21:36:04.320-0400] {dagbag.py:539} INFO - Filling up the DagBag from /Users/mauri/Desktop/repositorio/apache-airflow-tutorial/env/lib/python3.11/site-packages/airflow/example_dags/tutorial_dag.py
[2023-08-23T21:36:04.346-0400] {processor.py:839} INFO - DAG(s) dict_keys(['tutorial_dag']) retrieved from /Users/mauri/Desktop/repositorio/apache-airflow-tutorial/env/lib/python3.11/site-packages/airflow/example_dags/tutorial_dag.py
[2023-08-23T21:36:04.401-0400] {logging_mixin.py:151} INFO - [2023-08-23T21:36:04.400-0400] {dag.py:2907} INFO - Sync 1 DAGs
[2023-08-23T21:36:04.403-0400] {logging_mixin.py:151} INFO - [2023-08-23T21:36:04.403-0400] {dag.py:3677} INFO - Setting next_dagrun for tutorial_dag to None, run_after=None
[2023-08-23T21:36:04.410-0400] {processor.py:179} INFO - Processing /Users/mauri/Desktop/repositorio/apache-airflow-tutorial/env/lib/python3.11/site-packages/airflow/example_dags/tutorial_dag.py took 0.092 seconds
[2023-08-23T21:37:17.712-0400] {processor.py:157} INFO - Started process (PID=8662) to work on /Users/mauri/Desktop/repositorio/apache-airflow-tutorial/env/lib/python3.11/site-packages/airflow/example_dags/tutorial_dag.py
[2023-08-23T21:37:17.714-0400] {processor.py:829} INFO - Processing file /Users/mauri/Desktop/repositorio/apache-airflow-tutorial/env/lib/python3.11/site-packages/airflow/example_dags/tutorial_dag.py for tasks to queue
[2023-08-23T21:37:17.714-0400] {logging_mixin.py:151} INFO - [2023-08-23T21:37:17.714-0400] {dagbag.py:539} INFO - Filling up the DagBag from /Users/mauri/Desktop/repositorio/apache-airflow-tutorial/env/lib/python3.11/site-packages/airflow/example_dags/tutorial_dag.py
[2023-08-23T21:37:17.742-0400] {processor.py:839} INFO - DAG(s) dict_keys(['tutorial_dag']) retrieved from /Users/mauri/Desktop/repositorio/apache-airflow-tutorial/env/lib/python3.11/site-packages/airflow/example_dags/tutorial_dag.py
[2023-08-23T21:37:17.796-0400] {logging_mixin.py:151} INFO - [2023-08-23T21:37:17.796-0400] {dag.py:2907} INFO - Sync 1 DAGs
[2023-08-23T21:37:17.799-0400] {logging_mixin.py:151} INFO - [2023-08-23T21:37:17.799-0400] {dag.py:3677} INFO - Setting next_dagrun for tutorial_dag to None, run_after=None
[2023-08-23T21:37:17.806-0400] {processor.py:179} INFO - Processing /Users/mauri/Desktop/repositorio/apache-airflow-tutorial/env/lib/python3.11/site-packages/airflow/example_dags/tutorial_dag.py took 0.095 seconds
[2023-08-23T21:38:31.873-0400] {processor.py:157} INFO - Started process (PID=8726) to work on /Users/mauri/Desktop/repositorio/apache-airflow-tutorial/env/lib/python3.11/site-packages/airflow/example_dags/tutorial_dag.py
[2023-08-23T21:38:31.874-0400] {processor.py:829} INFO - Processing file /Users/mauri/Desktop/repositorio/apache-airflow-tutorial/env/lib/python3.11/site-packages/airflow/example_dags/tutorial_dag.py for tasks to queue
[2023-08-23T21:38:31.875-0400] {logging_mixin.py:151} INFO - [2023-08-23T21:38:31.875-0400] {dagbag.py:539} INFO - Filling up the DagBag from /Users/mauri/Desktop/repositorio/apache-airflow-tutorial/env/lib/python3.11/site-packages/airflow/example_dags/tutorial_dag.py
[2023-08-23T21:38:31.906-0400] {processor.py:839} INFO - DAG(s) dict_keys(['tutorial_dag']) retrieved from /Users/mauri/Desktop/repositorio/apache-airflow-tutorial/env/lib/python3.11/site-packages/airflow/example_dags/tutorial_dag.py
[2023-08-23T21:38:31.972-0400] {logging_mixin.py:151} INFO - [2023-08-23T21:38:31.972-0400] {dag.py:2907} INFO - Sync 1 DAGs
[2023-08-23T21:38:31.976-0400] {logging_mixin.py:151} INFO - [2023-08-23T21:38:31.976-0400] {dag.py:3677} INFO - Setting next_dagrun for tutorial_dag to None, run_after=None
[2023-08-23T21:38:31.984-0400] {processor.py:179} INFO - Processing /Users/mauri/Desktop/repositorio/apache-airflow-tutorial/env/lib/python3.11/site-packages/airflow/example_dags/tutorial_dag.py took 0.112 seconds
[2023-08-23T21:39:47.807-0400] {processor.py:157} INFO - Started process (PID=8794) to work on /Users/mauri/Desktop/repositorio/apache-airflow-tutorial/env/lib/python3.11/site-packages/airflow/example_dags/tutorial_dag.py
[2023-08-23T21:39:47.808-0400] {processor.py:829} INFO - Processing file /Users/mauri/Desktop/repositorio/apache-airflow-tutorial/env/lib/python3.11/site-packages/airflow/example_dags/tutorial_dag.py for tasks to queue
[2023-08-23T21:39:47.809-0400] {logging_mixin.py:151} INFO - [2023-08-23T21:39:47.808-0400] {dagbag.py:539} INFO - Filling up the DagBag from /Users/mauri/Desktop/repositorio/apache-airflow-tutorial/env/lib/python3.11/site-packages/airflow/example_dags/tutorial_dag.py
[2023-08-23T21:39:47.835-0400] {processor.py:839} INFO - DAG(s) dict_keys(['tutorial_dag']) retrieved from /Users/mauri/Desktop/repositorio/apache-airflow-tutorial/env/lib/python3.11/site-packages/airflow/example_dags/tutorial_dag.py
[2023-08-23T21:39:47.890-0400] {logging_mixin.py:151} INFO - [2023-08-23T21:39:47.890-0400] {dag.py:2907} INFO - Sync 1 DAGs
[2023-08-23T21:39:47.893-0400] {logging_mixin.py:151} INFO - [2023-08-23T21:39:47.893-0400] {dag.py:3677} INFO - Setting next_dagrun for tutorial_dag to None, run_after=None
[2023-08-23T21:39:47.900-0400] {processor.py:179} INFO - Processing /Users/mauri/Desktop/repositorio/apache-airflow-tutorial/env/lib/python3.11/site-packages/airflow/example_dags/tutorial_dag.py took 0.093 seconds
[2023-08-23T21:41:01.263-0400] {processor.py:157} INFO - Started process (PID=8854) to work on /Users/mauri/Desktop/repositorio/apache-airflow-tutorial/env/lib/python3.11/site-packages/airflow/example_dags/tutorial_dag.py
[2023-08-23T21:41:01.265-0400] {processor.py:829} INFO - Processing file /Users/mauri/Desktop/repositorio/apache-airflow-tutorial/env/lib/python3.11/site-packages/airflow/example_dags/tutorial_dag.py for tasks to queue
[2023-08-23T21:41:01.265-0400] {logging_mixin.py:151} INFO - [2023-08-23T21:41:01.265-0400] {dagbag.py:539} INFO - Filling up the DagBag from /Users/mauri/Desktop/repositorio/apache-airflow-tutorial/env/lib/python3.11/site-packages/airflow/example_dags/tutorial_dag.py
[2023-08-23T21:41:01.291-0400] {processor.py:839} INFO - DAG(s) dict_keys(['tutorial_dag']) retrieved from /Users/mauri/Desktop/repositorio/apache-airflow-tutorial/env/lib/python3.11/site-packages/airflow/example_dags/tutorial_dag.py
[2023-08-23T21:41:01.346-0400] {logging_mixin.py:151} INFO - [2023-08-23T21:41:01.346-0400] {dag.py:2907} INFO - Sync 1 DAGs
[2023-08-23T21:41:01.349-0400] {logging_mixin.py:151} INFO - [2023-08-23T21:41:01.349-0400] {dag.py:3677} INFO - Setting next_dagrun for tutorial_dag to None, run_after=None
[2023-08-23T21:41:01.356-0400] {processor.py:179} INFO - Processing /Users/mauri/Desktop/repositorio/apache-airflow-tutorial/env/lib/python3.11/site-packages/airflow/example_dags/tutorial_dag.py took 0.093 seconds
[2023-08-23T21:42:13.990-0400] {processor.py:157} INFO - Started process (PID=8911) to work on /Users/mauri/Desktop/repositorio/apache-airflow-tutorial/env/lib/python3.11/site-packages/airflow/example_dags/tutorial_dag.py
[2023-08-23T21:42:13.991-0400] {processor.py:829} INFO - Processing file /Users/mauri/Desktop/repositorio/apache-airflow-tutorial/env/lib/python3.11/site-packages/airflow/example_dags/tutorial_dag.py for tasks to queue
[2023-08-23T21:42:13.991-0400] {logging_mixin.py:151} INFO - [2023-08-23T21:42:13.991-0400] {dagbag.py:539} INFO - Filling up the DagBag from /Users/mauri/Desktop/repositorio/apache-airflow-tutorial/env/lib/python3.11/site-packages/airflow/example_dags/tutorial_dag.py
[2023-08-23T21:42:14.016-0400] {processor.py:839} INFO - DAG(s) dict_keys(['tutorial_dag']) retrieved from /Users/mauri/Desktop/repositorio/apache-airflow-tutorial/env/lib/python3.11/site-packages/airflow/example_dags/tutorial_dag.py
[2023-08-23T21:42:14.071-0400] {logging_mixin.py:151} INFO - [2023-08-23T21:42:14.071-0400] {dag.py:2907} INFO - Sync 1 DAGs
[2023-08-23T21:42:14.074-0400] {logging_mixin.py:151} INFO - [2023-08-23T21:42:14.074-0400] {dag.py:3677} INFO - Setting next_dagrun for tutorial_dag to None, run_after=None
[2023-08-23T21:42:14.080-0400] {processor.py:179} INFO - Processing /Users/mauri/Desktop/repositorio/apache-airflow-tutorial/env/lib/python3.11/site-packages/airflow/example_dags/tutorial_dag.py took 0.091 seconds
[2023-08-23T21:43:25.592-0400] {processor.py:157} INFO - Started process (PID=8975) to work on /Users/mauri/Desktop/repositorio/apache-airflow-tutorial/env/lib/python3.11/site-packages/airflow/example_dags/tutorial_dag.py
[2023-08-23T21:43:25.593-0400] {processor.py:829} INFO - Processing file /Users/mauri/Desktop/repositorio/apache-airflow-tutorial/env/lib/python3.11/site-packages/airflow/example_dags/tutorial_dag.py for tasks to queue
[2023-08-23T21:43:25.593-0400] {logging_mixin.py:151} INFO - [2023-08-23T21:43:25.593-0400] {dagbag.py:539} INFO - Filling up the DagBag from /Users/mauri/Desktop/repositorio/apache-airflow-tutorial/env/lib/python3.11/site-packages/airflow/example_dags/tutorial_dag.py
[2023-08-23T21:43:25.620-0400] {processor.py:839} INFO - DAG(s) dict_keys(['tutorial_dag']) retrieved from /Users/mauri/Desktop/repositorio/apache-airflow-tutorial/env/lib/python3.11/site-packages/airflow/example_dags/tutorial_dag.py
[2023-08-23T21:43:25.677-0400] {logging_mixin.py:151} INFO - [2023-08-23T21:43:25.677-0400] {dag.py:2907} INFO - Sync 1 DAGs
[2023-08-23T21:43:25.680-0400] {logging_mixin.py:151} INFO - [2023-08-23T21:43:25.680-0400] {dag.py:3677} INFO - Setting next_dagrun for tutorial_dag to None, run_after=None
[2023-08-23T21:43:25.687-0400] {processor.py:179} INFO - Processing /Users/mauri/Desktop/repositorio/apache-airflow-tutorial/env/lib/python3.11/site-packages/airflow/example_dags/tutorial_dag.py took 0.096 seconds
[2023-08-23T21:44:36.704-0400] {processor.py:157} INFO - Started process (PID=9054) to work on /Users/mauri/Desktop/repositorio/apache-airflow-tutorial/env/lib/python3.11/site-packages/airflow/example_dags/tutorial_dag.py
[2023-08-23T21:44:36.705-0400] {processor.py:829} INFO - Processing file /Users/mauri/Desktop/repositorio/apache-airflow-tutorial/env/lib/python3.11/site-packages/airflow/example_dags/tutorial_dag.py for tasks to queue
[2023-08-23T21:44:36.705-0400] {logging_mixin.py:151} INFO - [2023-08-23T21:44:36.705-0400] {dagbag.py:539} INFO - Filling up the DagBag from /Users/mauri/Desktop/repositorio/apache-airflow-tutorial/env/lib/python3.11/site-packages/airflow/example_dags/tutorial_dag.py
[2023-08-23T21:44:36.732-0400] {processor.py:839} INFO - DAG(s) dict_keys(['tutorial_dag']) retrieved from /Users/mauri/Desktop/repositorio/apache-airflow-tutorial/env/lib/python3.11/site-packages/airflow/example_dags/tutorial_dag.py
[2023-08-23T21:44:36.787-0400] {logging_mixin.py:151} INFO - [2023-08-23T21:44:36.787-0400] {dag.py:2907} INFO - Sync 1 DAGs
[2023-08-23T21:44:36.790-0400] {logging_mixin.py:151} INFO - [2023-08-23T21:44:36.790-0400] {dag.py:3677} INFO - Setting next_dagrun for tutorial_dag to None, run_after=None
[2023-08-23T21:44:36.797-0400] {processor.py:179} INFO - Processing /Users/mauri/Desktop/repositorio/apache-airflow-tutorial/env/lib/python3.11/site-packages/airflow/example_dags/tutorial_dag.py took 0.093 seconds
[2023-08-23T21:45:51.008-0400] {processor.py:157} INFO - Started process (PID=9120) to work on /Users/mauri/Desktop/repositorio/apache-airflow-tutorial/env/lib/python3.11/site-packages/airflow/example_dags/tutorial_dag.py
[2023-08-23T21:45:51.009-0400] {processor.py:829} INFO - Processing file /Users/mauri/Desktop/repositorio/apache-airflow-tutorial/env/lib/python3.11/site-packages/airflow/example_dags/tutorial_dag.py for tasks to queue
[2023-08-23T21:45:51.009-0400] {logging_mixin.py:151} INFO - [2023-08-23T21:45:51.009-0400] {dagbag.py:539} INFO - Filling up the DagBag from /Users/mauri/Desktop/repositorio/apache-airflow-tutorial/env/lib/python3.11/site-packages/airflow/example_dags/tutorial_dag.py
[2023-08-23T21:45:51.037-0400] {processor.py:839} INFO - DAG(s) dict_keys(['tutorial_dag']) retrieved from /Users/mauri/Desktop/repositorio/apache-airflow-tutorial/env/lib/python3.11/site-packages/airflow/example_dags/tutorial_dag.py
[2023-08-23T21:45:51.095-0400] {logging_mixin.py:151} INFO - [2023-08-23T21:45:51.095-0400] {dag.py:2907} INFO - Sync 1 DAGs
[2023-08-23T21:45:51.098-0400] {logging_mixin.py:151} INFO - [2023-08-23T21:45:51.098-0400] {dag.py:3677} INFO - Setting next_dagrun for tutorial_dag to None, run_after=None
[2023-08-23T21:45:51.105-0400] {processor.py:179} INFO - Processing /Users/mauri/Desktop/repositorio/apache-airflow-tutorial/env/lib/python3.11/site-packages/airflow/example_dags/tutorial_dag.py took 0.098 seconds
[2023-08-23T21:46:59.657-0400] {processor.py:157} INFO - Started process (PID=9284) to work on /Users/mauri/Desktop/repositorio/apache-airflow-tutorial/env/lib/python3.11/site-packages/airflow/example_dags/tutorial_dag.py
[2023-08-23T21:46:59.659-0400] {processor.py:829} INFO - Processing file /Users/mauri/Desktop/repositorio/apache-airflow-tutorial/env/lib/python3.11/site-packages/airflow/example_dags/tutorial_dag.py for tasks to queue
[2023-08-23T21:46:59.659-0400] {logging_mixin.py:151} INFO - [2023-08-23T21:46:59.659-0400] {dagbag.py:539} INFO - Filling up the DagBag from /Users/mauri/Desktop/repositorio/apache-airflow-tutorial/env/lib/python3.11/site-packages/airflow/example_dags/tutorial_dag.py
[2023-08-23T21:46:59.684-0400] {processor.py:839} INFO - DAG(s) dict_keys(['tutorial_dag']) retrieved from /Users/mauri/Desktop/repositorio/apache-airflow-tutorial/env/lib/python3.11/site-packages/airflow/example_dags/tutorial_dag.py
[2023-08-23T21:46:59.739-0400] {logging_mixin.py:151} INFO - [2023-08-23T21:46:59.739-0400] {dag.py:2907} INFO - Sync 1 DAGs
[2023-08-23T21:46:59.742-0400] {logging_mixin.py:151} INFO - [2023-08-23T21:46:59.742-0400] {dag.py:3677} INFO - Setting next_dagrun for tutorial_dag to None, run_after=None
[2023-08-23T21:46:59.749-0400] {processor.py:179} INFO - Processing /Users/mauri/Desktop/repositorio/apache-airflow-tutorial/env/lib/python3.11/site-packages/airflow/example_dags/tutorial_dag.py took 0.092 seconds
[2023-08-23T21:48:12.583-0400] {processor.py:157} INFO - Started process (PID=9410) to work on /Users/mauri/Desktop/repositorio/apache-airflow-tutorial/env/lib/python3.11/site-packages/airflow/example_dags/tutorial_dag.py
[2023-08-23T21:48:12.584-0400] {processor.py:829} INFO - Processing file /Users/mauri/Desktop/repositorio/apache-airflow-tutorial/env/lib/python3.11/site-packages/airflow/example_dags/tutorial_dag.py for tasks to queue
[2023-08-23T21:48:12.584-0400] {logging_mixin.py:151} INFO - [2023-08-23T21:48:12.584-0400] {dagbag.py:539} INFO - Filling up the DagBag from /Users/mauri/Desktop/repositorio/apache-airflow-tutorial/env/lib/python3.11/site-packages/airflow/example_dags/tutorial_dag.py
[2023-08-23T21:48:12.612-0400] {processor.py:839} INFO - DAG(s) dict_keys(['tutorial_dag']) retrieved from /Users/mauri/Desktop/repositorio/apache-airflow-tutorial/env/lib/python3.11/site-packages/airflow/example_dags/tutorial_dag.py
[2023-08-23T21:48:12.672-0400] {logging_mixin.py:151} INFO - [2023-08-23T21:48:12.672-0400] {dag.py:2907} INFO - Sync 1 DAGs
[2023-08-23T21:48:12.675-0400] {logging_mixin.py:151} INFO - [2023-08-23T21:48:12.675-0400] {dag.py:3677} INFO - Setting next_dagrun for tutorial_dag to None, run_after=None
[2023-08-23T21:48:12.682-0400] {processor.py:179} INFO - Processing /Users/mauri/Desktop/repositorio/apache-airflow-tutorial/env/lib/python3.11/site-packages/airflow/example_dags/tutorial_dag.py took 0.100 seconds
[2023-08-23T21:49:25.386-0400] {processor.py:157} INFO - Started process (PID=9474) to work on /Users/mauri/Desktop/repositorio/apache-airflow-tutorial/env/lib/python3.11/site-packages/airflow/example_dags/tutorial_dag.py
[2023-08-23T21:49:25.387-0400] {processor.py:829} INFO - Processing file /Users/mauri/Desktop/repositorio/apache-airflow-tutorial/env/lib/python3.11/site-packages/airflow/example_dags/tutorial_dag.py for tasks to queue
[2023-08-23T21:49:25.387-0400] {logging_mixin.py:151} INFO - [2023-08-23T21:49:25.387-0400] {dagbag.py:539} INFO - Filling up the DagBag from /Users/mauri/Desktop/repositorio/apache-airflow-tutorial/env/lib/python3.11/site-packages/airflow/example_dags/tutorial_dag.py
[2023-08-23T21:49:25.413-0400] {processor.py:839} INFO - DAG(s) dict_keys(['tutorial_dag']) retrieved from /Users/mauri/Desktop/repositorio/apache-airflow-tutorial/env/lib/python3.11/site-packages/airflow/example_dags/tutorial_dag.py
[2023-08-23T21:49:25.467-0400] {logging_mixin.py:151} INFO - [2023-08-23T21:49:25.467-0400] {dag.py:2907} INFO - Sync 1 DAGs
[2023-08-23T21:49:25.470-0400] {logging_mixin.py:151} INFO - [2023-08-23T21:49:25.470-0400] {dag.py:3677} INFO - Setting next_dagrun for tutorial_dag to None, run_after=None
[2023-08-23T21:49:25.477-0400] {processor.py:179} INFO - Processing /Users/mauri/Desktop/repositorio/apache-airflow-tutorial/env/lib/python3.11/site-packages/airflow/example_dags/tutorial_dag.py took 0.091 seconds
[2023-08-23T21:50:41.178-0400] {processor.py:157} INFO - Started process (PID=9543) to work on /Users/mauri/Desktop/repositorio/apache-airflow-tutorial/env/lib/python3.11/site-packages/airflow/example_dags/tutorial_dag.py
[2023-08-23T21:50:41.180-0400] {processor.py:829} INFO - Processing file /Users/mauri/Desktop/repositorio/apache-airflow-tutorial/env/lib/python3.11/site-packages/airflow/example_dags/tutorial_dag.py for tasks to queue
[2023-08-23T21:50:41.180-0400] {logging_mixin.py:151} INFO - [2023-08-23T21:50:41.180-0400] {dagbag.py:539} INFO - Filling up the DagBag from /Users/mauri/Desktop/repositorio/apache-airflow-tutorial/env/lib/python3.11/site-packages/airflow/example_dags/tutorial_dag.py
[2023-08-23T21:50:41.206-0400] {processor.py:839} INFO - DAG(s) dict_keys(['tutorial_dag']) retrieved from /Users/mauri/Desktop/repositorio/apache-airflow-tutorial/env/lib/python3.11/site-packages/airflow/example_dags/tutorial_dag.py
[2023-08-23T21:50:41.260-0400] {logging_mixin.py:151} INFO - [2023-08-23T21:50:41.260-0400] {dag.py:2907} INFO - Sync 1 DAGs
[2023-08-23T21:50:41.264-0400] {logging_mixin.py:151} INFO - [2023-08-23T21:50:41.264-0400] {dag.py:3677} INFO - Setting next_dagrun for tutorial_dag to None, run_after=None
[2023-08-23T21:50:41.271-0400] {processor.py:179} INFO - Processing /Users/mauri/Desktop/repositorio/apache-airflow-tutorial/env/lib/python3.11/site-packages/airflow/example_dags/tutorial_dag.py took 0.093 seconds
[2023-08-23T21:51:55.480-0400] {processor.py:157} INFO - Started process (PID=9639) to work on /Users/mauri/Desktop/repositorio/apache-airflow-tutorial/env/lib/python3.11/site-packages/airflow/example_dags/tutorial_dag.py
[2023-08-23T21:51:55.483-0400] {processor.py:829} INFO - Processing file /Users/mauri/Desktop/repositorio/apache-airflow-tutorial/env/lib/python3.11/site-packages/airflow/example_dags/tutorial_dag.py for tasks to queue
[2023-08-23T21:51:55.483-0400] {logging_mixin.py:151} INFO - [2023-08-23T21:51:55.483-0400] {dagbag.py:539} INFO - Filling up the DagBag from /Users/mauri/Desktop/repositorio/apache-airflow-tutorial/env/lib/python3.11/site-packages/airflow/example_dags/tutorial_dag.py
[2023-08-23T21:51:55.509-0400] {processor.py:839} INFO - DAG(s) dict_keys(['tutorial_dag']) retrieved from /Users/mauri/Desktop/repositorio/apache-airflow-tutorial/env/lib/python3.11/site-packages/airflow/example_dags/tutorial_dag.py
[2023-08-23T21:51:55.563-0400] {logging_mixin.py:151} INFO - [2023-08-23T21:51:55.563-0400] {dag.py:2907} INFO - Sync 1 DAGs
[2023-08-23T21:51:55.566-0400] {logging_mixin.py:151} INFO - [2023-08-23T21:51:55.566-0400] {dag.py:3677} INFO - Setting next_dagrun for tutorial_dag to None, run_after=None
[2023-08-23T21:51:55.573-0400] {processor.py:179} INFO - Processing /Users/mauri/Desktop/repositorio/apache-airflow-tutorial/env/lib/python3.11/site-packages/airflow/example_dags/tutorial_dag.py took 0.093 seconds
[2023-08-23T21:53:05.358-0400] {processor.py:157} INFO - Started process (PID=9707) to work on /Users/mauri/Desktop/repositorio/apache-airflow-tutorial/env/lib/python3.11/site-packages/airflow/example_dags/tutorial_dag.py
[2023-08-23T21:53:05.359-0400] {processor.py:829} INFO - Processing file /Users/mauri/Desktop/repositorio/apache-airflow-tutorial/env/lib/python3.11/site-packages/airflow/example_dags/tutorial_dag.py for tasks to queue
[2023-08-23T21:53:05.359-0400] {logging_mixin.py:151} INFO - [2023-08-23T21:53:05.359-0400] {dagbag.py:539} INFO - Filling up the DagBag from /Users/mauri/Desktop/repositorio/apache-airflow-tutorial/env/lib/python3.11/site-packages/airflow/example_dags/tutorial_dag.py
[2023-08-23T21:53:05.385-0400] {processor.py:839} INFO - DAG(s) dict_keys(['tutorial_dag']) retrieved from /Users/mauri/Desktop/repositorio/apache-airflow-tutorial/env/lib/python3.11/site-packages/airflow/example_dags/tutorial_dag.py
[2023-08-23T21:53:05.439-0400] {logging_mixin.py:151} INFO - [2023-08-23T21:53:05.438-0400] {dag.py:2907} INFO - Sync 1 DAGs
[2023-08-23T21:53:05.441-0400] {logging_mixin.py:151} INFO - [2023-08-23T21:53:05.441-0400] {dag.py:3677} INFO - Setting next_dagrun for tutorial_dag to None, run_after=None
[2023-08-23T21:53:05.448-0400] {processor.py:179} INFO - Processing /Users/mauri/Desktop/repositorio/apache-airflow-tutorial/env/lib/python3.11/site-packages/airflow/example_dags/tutorial_dag.py took 0.091 seconds
[2023-08-23T21:54:16.637-0400] {processor.py:157} INFO - Started process (PID=9772) to work on /Users/mauri/Desktop/repositorio/apache-airflow-tutorial/env/lib/python3.11/site-packages/airflow/example_dags/tutorial_dag.py
[2023-08-23T21:54:16.638-0400] {processor.py:829} INFO - Processing file /Users/mauri/Desktop/repositorio/apache-airflow-tutorial/env/lib/python3.11/site-packages/airflow/example_dags/tutorial_dag.py for tasks to queue
[2023-08-23T21:54:16.638-0400] {logging_mixin.py:151} INFO - [2023-08-23T21:54:16.638-0400] {dagbag.py:539} INFO - Filling up the DagBag from /Users/mauri/Desktop/repositorio/apache-airflow-tutorial/env/lib/python3.11/site-packages/airflow/example_dags/tutorial_dag.py
[2023-08-23T21:54:16.663-0400] {processor.py:839} INFO - DAG(s) dict_keys(['tutorial_dag']) retrieved from /Users/mauri/Desktop/repositorio/apache-airflow-tutorial/env/lib/python3.11/site-packages/airflow/example_dags/tutorial_dag.py
[2023-08-23T21:54:16.717-0400] {logging_mixin.py:151} INFO - [2023-08-23T21:54:16.717-0400] {dag.py:2907} INFO - Sync 1 DAGs
[2023-08-23T21:54:16.720-0400] {logging_mixin.py:151} INFO - [2023-08-23T21:54:16.720-0400] {dag.py:3677} INFO - Setting next_dagrun for tutorial_dag to None, run_after=None
[2023-08-23T21:54:16.727-0400] {processor.py:179} INFO - Processing /Users/mauri/Desktop/repositorio/apache-airflow-tutorial/env/lib/python3.11/site-packages/airflow/example_dags/tutorial_dag.py took 0.090 seconds
[2023-08-23T21:55:29.661-0400] {processor.py:157} INFO - Started process (PID=9840) to work on /Users/mauri/Desktop/repositorio/apache-airflow-tutorial/env/lib/python3.11/site-packages/airflow/example_dags/tutorial_dag.py
[2023-08-23T21:55:29.662-0400] {processor.py:829} INFO - Processing file /Users/mauri/Desktop/repositorio/apache-airflow-tutorial/env/lib/python3.11/site-packages/airflow/example_dags/tutorial_dag.py for tasks to queue
[2023-08-23T21:55:29.662-0400] {logging_mixin.py:151} INFO - [2023-08-23T21:55:29.662-0400] {dagbag.py:539} INFO - Filling up the DagBag from /Users/mauri/Desktop/repositorio/apache-airflow-tutorial/env/lib/python3.11/site-packages/airflow/example_dags/tutorial_dag.py
[2023-08-23T21:55:29.687-0400] {processor.py:839} INFO - DAG(s) dict_keys(['tutorial_dag']) retrieved from /Users/mauri/Desktop/repositorio/apache-airflow-tutorial/env/lib/python3.11/site-packages/airflow/example_dags/tutorial_dag.py
[2023-08-23T21:55:29.742-0400] {logging_mixin.py:151} INFO - [2023-08-23T21:55:29.742-0400] {dag.py:2907} INFO - Sync 1 DAGs
[2023-08-23T21:55:29.745-0400] {logging_mixin.py:151} INFO - [2023-08-23T21:55:29.745-0400] {dag.py:3677} INFO - Setting next_dagrun for tutorial_dag to None, run_after=None
[2023-08-23T21:55:29.752-0400] {processor.py:179} INFO - Processing /Users/mauri/Desktop/repositorio/apache-airflow-tutorial/env/lib/python3.11/site-packages/airflow/example_dags/tutorial_dag.py took 0.092 seconds
[2023-08-23T21:56:42.821-0400] {processor.py:157} INFO - Started process (PID=9904) to work on /Users/mauri/Desktop/repositorio/apache-airflow-tutorial/env/lib/python3.11/site-packages/airflow/example_dags/tutorial_dag.py
[2023-08-23T21:56:42.823-0400] {processor.py:829} INFO - Processing file /Users/mauri/Desktop/repositorio/apache-airflow-tutorial/env/lib/python3.11/site-packages/airflow/example_dags/tutorial_dag.py for tasks to queue
[2023-08-23T21:56:42.823-0400] {logging_mixin.py:151} INFO - [2023-08-23T21:56:42.823-0400] {dagbag.py:539} INFO - Filling up the DagBag from /Users/mauri/Desktop/repositorio/apache-airflow-tutorial/env/lib/python3.11/site-packages/airflow/example_dags/tutorial_dag.py
[2023-08-23T21:56:42.850-0400] {processor.py:839} INFO - DAG(s) dict_keys(['tutorial_dag']) retrieved from /Users/mauri/Desktop/repositorio/apache-airflow-tutorial/env/lib/python3.11/site-packages/airflow/example_dags/tutorial_dag.py
[2023-08-23T21:56:42.904-0400] {logging_mixin.py:151} INFO - [2023-08-23T21:56:42.904-0400] {dag.py:2907} INFO - Sync 1 DAGs
[2023-08-23T21:56:42.908-0400] {logging_mixin.py:151} INFO - [2023-08-23T21:56:42.908-0400] {dag.py:3677} INFO - Setting next_dagrun for tutorial_dag to None, run_after=None
[2023-08-23T21:56:42.915-0400] {processor.py:179} INFO - Processing /Users/mauri/Desktop/repositorio/apache-airflow-tutorial/env/lib/python3.11/site-packages/airflow/example_dags/tutorial_dag.py took 0.093 seconds
[2023-08-23T21:57:58.587-0400] {processor.py:157} INFO - Started process (PID=9970) to work on /Users/mauri/Desktop/repositorio/apache-airflow-tutorial/env/lib/python3.11/site-packages/airflow/example_dags/tutorial_dag.py
[2023-08-23T21:57:58.589-0400] {processor.py:829} INFO - Processing file /Users/mauri/Desktop/repositorio/apache-airflow-tutorial/env/lib/python3.11/site-packages/airflow/example_dags/tutorial_dag.py for tasks to queue
[2023-08-23T21:57:58.589-0400] {logging_mixin.py:151} INFO - [2023-08-23T21:57:58.589-0400] {dagbag.py:539} INFO - Filling up the DagBag from /Users/mauri/Desktop/repositorio/apache-airflow-tutorial/env/lib/python3.11/site-packages/airflow/example_dags/tutorial_dag.py
[2023-08-23T21:57:58.615-0400] {processor.py:839} INFO - DAG(s) dict_keys(['tutorial_dag']) retrieved from /Users/mauri/Desktop/repositorio/apache-airflow-tutorial/env/lib/python3.11/site-packages/airflow/example_dags/tutorial_dag.py
[2023-08-23T21:57:58.670-0400] {logging_mixin.py:151} INFO - [2023-08-23T21:57:58.670-0400] {dag.py:2907} INFO - Sync 1 DAGs
[2023-08-23T21:57:58.673-0400] {logging_mixin.py:151} INFO - [2023-08-23T21:57:58.673-0400] {dag.py:3677} INFO - Setting next_dagrun for tutorial_dag to None, run_after=None
[2023-08-23T21:57:58.680-0400] {processor.py:179} INFO - Processing /Users/mauri/Desktop/repositorio/apache-airflow-tutorial/env/lib/python3.11/site-packages/airflow/example_dags/tutorial_dag.py took 0.092 seconds
[2023-08-23T21:59:14.194-0400] {processor.py:157} INFO - Started process (PID=10039) to work on /Users/mauri/Desktop/repositorio/apache-airflow-tutorial/env/lib/python3.11/site-packages/airflow/example_dags/tutorial_dag.py
[2023-08-23T21:59:14.195-0400] {processor.py:829} INFO - Processing file /Users/mauri/Desktop/repositorio/apache-airflow-tutorial/env/lib/python3.11/site-packages/airflow/example_dags/tutorial_dag.py for tasks to queue
[2023-08-23T21:59:14.195-0400] {logging_mixin.py:151} INFO - [2023-08-23T21:59:14.195-0400] {dagbag.py:539} INFO - Filling up the DagBag from /Users/mauri/Desktop/repositorio/apache-airflow-tutorial/env/lib/python3.11/site-packages/airflow/example_dags/tutorial_dag.py
[2023-08-23T21:59:14.220-0400] {processor.py:839} INFO - DAG(s) dict_keys(['tutorial_dag']) retrieved from /Users/mauri/Desktop/repositorio/apache-airflow-tutorial/env/lib/python3.11/site-packages/airflow/example_dags/tutorial_dag.py
[2023-08-23T21:59:14.275-0400] {logging_mixin.py:151} INFO - [2023-08-23T21:59:14.274-0400] {dag.py:2907} INFO - Sync 1 DAGs
[2023-08-23T21:59:14.278-0400] {logging_mixin.py:151} INFO - [2023-08-23T21:59:14.277-0400] {dag.py:3677} INFO - Setting next_dagrun for tutorial_dag to None, run_after=None
[2023-08-23T21:59:14.284-0400] {processor.py:179} INFO - Processing /Users/mauri/Desktop/repositorio/apache-airflow-tutorial/env/lib/python3.11/site-packages/airflow/example_dags/tutorial_dag.py took 0.091 seconds
