[2023-08-23T21:33:49.483-0400] {processor.py:157} INFO - Started process (PID=8482) to work on /Users/mauri/Desktop/repositorio/apache-airflow-tutorial/airflow/dags/hello_world.py
[2023-08-23T21:33:49.485-0400] {processor.py:829} INFO - Processing file /Users/mauri/Desktop/repositorio/apache-airflow-tutorial/airflow/dags/hello_world.py for tasks to queue
[2023-08-23T21:33:49.485-0400] {logging_mixin.py:151} INFO - [2023-08-23T21:33:49.485-0400] {dagbag.py:539} INFO - Filling up the DagBag from /Users/mauri/Desktop/repositorio/apache-airflow-tutorial/airflow/dags/hello_world.py
[2023-08-23T21:33:49.514-0400] {processor.py:839} INFO - DAG(s) dict_keys(['hello_world']) retrieved from /Users/mauri/Desktop/repositorio/apache-airflow-tutorial/airflow/dags/hello_world.py
[2023-08-23T21:33:49.822-0400] {logging_mixin.py:151} INFO - [2023-08-23T21:33:49.822-0400] {manager.py:501} INFO - Created Permission View: can edit on DAG:hello_world
[2023-08-23T21:33:49.825-0400] {logging_mixin.py:151} INFO - [2023-08-23T21:33:49.825-0400] {manager.py:501} INFO - Created Permission View: can delete on DAG:hello_world
[2023-08-23T21:33:49.827-0400] {logging_mixin.py:151} INFO - [2023-08-23T21:33:49.827-0400] {manager.py:501} INFO - Created Permission View: can read on DAG:hello_world
[2023-08-23T21:33:49.831-0400] {logging_mixin.py:151} INFO - [2023-08-23T21:33:49.831-0400] {dag.py:2907} INFO - Sync 1 DAGs
[2023-08-23T21:33:49.833-0400] {logging_mixin.py:151} INFO - [2023-08-23T21:33:49.833-0400] {dag.py:2929} INFO - Creating ORM DAG for hello_world
[2023-08-23T21:33:49.836-0400] {logging_mixin.py:151} INFO - [2023-08-23T21:33:49.836-0400] {dag.py:3677} INFO - Setting next_dagrun for hello_world to 2023-08-24T01:32:00+00:00, run_after=2023-08-24T01:33:00+00:00
[2023-08-23T21:33:49.842-0400] {processor.py:179} INFO - Processing /Users/mauri/Desktop/repositorio/apache-airflow-tutorial/airflow/dags/hello_world.py took 0.358 seconds
[2023-08-23T21:35:12.465-0400] {processor.py:157} INFO - Started process (PID=8549) to work on /Users/mauri/Desktop/repositorio/apache-airflow-tutorial/airflow/dags/hello_world.py
[2023-08-23T21:35:12.468-0400] {processor.py:829} INFO - Processing file /Users/mauri/Desktop/repositorio/apache-airflow-tutorial/airflow/dags/hello_world.py for tasks to queue
[2023-08-23T21:35:12.468-0400] {logging_mixin.py:151} INFO - [2023-08-23T21:35:12.468-0400] {dagbag.py:539} INFO - Filling up the DagBag from /Users/mauri/Desktop/repositorio/apache-airflow-tutorial/airflow/dags/hello_world.py
[2023-08-23T21:35:12.495-0400] {processor.py:839} INFO - DAG(s) dict_keys(['hello_world']) retrieved from /Users/mauri/Desktop/repositorio/apache-airflow-tutorial/airflow/dags/hello_world.py
[2023-08-23T21:35:12.549-0400] {logging_mixin.py:151} INFO - [2023-08-23T21:35:12.549-0400] {dag.py:2907} INFO - Sync 1 DAGs
[2023-08-23T21:35:12.555-0400] {logging_mixin.py:151} INFO - [2023-08-23T21:35:12.554-0400] {dag.py:3677} INFO - Setting next_dagrun for hello_world to 2023-08-24T01:34:00+00:00, run_after=2023-08-24T01:35:00+00:00
[2023-08-23T21:35:12.561-0400] {processor.py:179} INFO - Processing /Users/mauri/Desktop/repositorio/apache-airflow-tutorial/airflow/dags/hello_world.py took 0.096 seconds
[2023-08-23T21:35:54.736-0400] {processor.py:157} INFO - Started process (PID=8585) to work on /Users/mauri/Desktop/repositorio/apache-airflow-tutorial/airflow/dags/hello_world.py
[2023-08-23T21:35:54.738-0400] {processor.py:829} INFO - Processing file /Users/mauri/Desktop/repositorio/apache-airflow-tutorial/airflow/dags/hello_world.py for tasks to queue
[2023-08-23T21:35:54.738-0400] {logging_mixin.py:151} INFO - [2023-08-23T21:35:54.738-0400] {dagbag.py:539} INFO - Filling up the DagBag from /Users/mauri/Desktop/repositorio/apache-airflow-tutorial/airflow/dags/hello_world.py
[2023-08-23T21:35:54.764-0400] {processor.py:839} INFO - DAG(s) dict_keys(['hello_world']) retrieved from /Users/mauri/Desktop/repositorio/apache-airflow-tutorial/airflow/dags/hello_world.py
[2023-08-23T21:35:54.818-0400] {logging_mixin.py:151} INFO - [2023-08-23T21:35:54.818-0400] {dag.py:2907} INFO - Sync 1 DAGs
[2023-08-23T21:35:54.824-0400] {logging_mixin.py:151} INFO - [2023-08-23T21:35:54.824-0400] {dag.py:3677} INFO - Setting next_dagrun for hello_world to 2023-08-24T01:34:00+00:00, run_after=2023-08-24T01:35:00+00:00
[2023-08-23T21:35:54.830-0400] {processor.py:179} INFO - Processing /Users/mauri/Desktop/repositorio/apache-airflow-tutorial/airflow/dags/hello_world.py took 0.094 seconds
[2023-08-23T21:36:31.249-0400] {processor.py:157} INFO - Started process (PID=8620) to work on /Users/mauri/Desktop/repositorio/apache-airflow-tutorial/airflow/dags/hello_world.py
[2023-08-23T21:36:31.252-0400] {processor.py:829} INFO - Processing file /Users/mauri/Desktop/repositorio/apache-airflow-tutorial/airflow/dags/hello_world.py for tasks to queue
[2023-08-23T21:36:31.252-0400] {logging_mixin.py:151} INFO - [2023-08-23T21:36:31.252-0400] {dagbag.py:539} INFO - Filling up the DagBag from /Users/mauri/Desktop/repositorio/apache-airflow-tutorial/airflow/dags/hello_world.py
[2023-08-23T21:36:31.278-0400] {processor.py:839} INFO - DAG(s) dict_keys(['hello_world']) retrieved from /Users/mauri/Desktop/repositorio/apache-airflow-tutorial/airflow/dags/hello_world.py
[2023-08-23T21:36:31.332-0400] {logging_mixin.py:151} INFO - [2023-08-23T21:36:31.332-0400] {dag.py:2907} INFO - Sync 1 DAGs
[2023-08-23T21:36:31.337-0400] {logging_mixin.py:151} INFO - [2023-08-23T21:36:31.337-0400] {dag.py:3677} INFO - Setting next_dagrun for hello_world to 2023-08-24T01:35:00+00:00, run_after=2023-08-24T01:36:00+00:00
[2023-08-23T21:36:31.344-0400] {processor.py:179} INFO - Processing /Users/mauri/Desktop/repositorio/apache-airflow-tutorial/airflow/dags/hello_world.py took 0.095 seconds
[2023-08-23T21:37:08.166-0400] {processor.py:157} INFO - Started process (PID=8649) to work on /Users/mauri/Desktop/repositorio/apache-airflow-tutorial/airflow/dags/hello_world.py
[2023-08-23T21:37:08.167-0400] {processor.py:829} INFO - Processing file /Users/mauri/Desktop/repositorio/apache-airflow-tutorial/airflow/dags/hello_world.py for tasks to queue
[2023-08-23T21:37:08.167-0400] {logging_mixin.py:151} INFO - [2023-08-23T21:37:08.167-0400] {dagbag.py:539} INFO - Filling up the DagBag from /Users/mauri/Desktop/repositorio/apache-airflow-tutorial/airflow/dags/hello_world.py
[2023-08-23T21:37:08.193-0400] {processor.py:839} INFO - DAG(s) dict_keys(['hello_world']) retrieved from /Users/mauri/Desktop/repositorio/apache-airflow-tutorial/airflow/dags/hello_world.py
[2023-08-23T21:37:08.254-0400] {logging_mixin.py:151} INFO - [2023-08-23T21:37:08.254-0400] {dag.py:2907} INFO - Sync 1 DAGs
[2023-08-23T21:37:08.261-0400] {logging_mixin.py:151} INFO - [2023-08-23T21:37:08.261-0400] {dag.py:3677} INFO - Setting next_dagrun for hello_world to 2023-08-24T01:36:00+00:00, run_after=2023-08-24T01:37:00+00:00
[2023-08-23T21:37:08.269-0400] {processor.py:179} INFO - Processing /Users/mauri/Desktop/repositorio/apache-airflow-tutorial/airflow/dags/hello_world.py took 0.103 seconds
[2023-08-23T21:37:45.346-0400] {processor.py:157} INFO - Started process (PID=8682) to work on /Users/mauri/Desktop/repositorio/apache-airflow-tutorial/airflow/dags/hello_world.py
[2023-08-23T21:37:45.348-0400] {processor.py:829} INFO - Processing file /Users/mauri/Desktop/repositorio/apache-airflow-tutorial/airflow/dags/hello_world.py for tasks to queue
[2023-08-23T21:37:45.349-0400] {logging_mixin.py:151} INFO - [2023-08-23T21:37:45.349-0400] {dagbag.py:539} INFO - Filling up the DagBag from /Users/mauri/Desktop/repositorio/apache-airflow-tutorial/airflow/dags/hello_world.py
[2023-08-23T21:37:45.375-0400] {processor.py:839} INFO - DAG(s) dict_keys(['hello_world']) retrieved from /Users/mauri/Desktop/repositorio/apache-airflow-tutorial/airflow/dags/hello_world.py
[2023-08-23T21:37:45.429-0400] {logging_mixin.py:151} INFO - [2023-08-23T21:37:45.429-0400] {dag.py:2907} INFO - Sync 1 DAGs
[2023-08-23T21:37:45.435-0400] {logging_mixin.py:151} INFO - [2023-08-23T21:37:45.435-0400] {dag.py:3677} INFO - Setting next_dagrun for hello_world to 2023-08-24T01:36:00+00:00, run_after=2023-08-24T01:37:00+00:00
[2023-08-23T21:37:45.441-0400] {processor.py:179} INFO - Processing /Users/mauri/Desktop/repositorio/apache-airflow-tutorial/airflow/dags/hello_world.py took 0.095 seconds
[2023-08-23T21:38:22.306-0400] {processor.py:157} INFO - Started process (PID=8712) to work on /Users/mauri/Desktop/repositorio/apache-airflow-tutorial/airflow/dags/hello_world.py
[2023-08-23T21:38:22.307-0400] {processor.py:829} INFO - Processing file /Users/mauri/Desktop/repositorio/apache-airflow-tutorial/airflow/dags/hello_world.py for tasks to queue
[2023-08-23T21:38:22.308-0400] {logging_mixin.py:151} INFO - [2023-08-23T21:38:22.308-0400] {dagbag.py:539} INFO - Filling up the DagBag from /Users/mauri/Desktop/repositorio/apache-airflow-tutorial/airflow/dags/hello_world.py
[2023-08-23T21:38:22.338-0400] {processor.py:839} INFO - DAG(s) dict_keys(['hello_world']) retrieved from /Users/mauri/Desktop/repositorio/apache-airflow-tutorial/airflow/dags/hello_world.py
[2023-08-23T21:38:22.399-0400] {logging_mixin.py:151} INFO - [2023-08-23T21:38:22.399-0400] {dag.py:2907} INFO - Sync 1 DAGs
[2023-08-23T21:38:22.405-0400] {logging_mixin.py:151} INFO - [2023-08-23T21:38:22.405-0400] {dag.py:3677} INFO - Setting next_dagrun for hello_world to 2023-08-24T01:37:00+00:00, run_after=2023-08-24T01:38:00+00:00
[2023-08-23T21:38:22.412-0400] {processor.py:179} INFO - Processing /Users/mauri/Desktop/repositorio/apache-airflow-tutorial/airflow/dags/hello_world.py took 0.107 seconds
[2023-08-23T21:38:59.728-0400] {processor.py:157} INFO - Started process (PID=8754) to work on /Users/mauri/Desktop/repositorio/apache-airflow-tutorial/airflow/dags/hello_world.py
[2023-08-23T21:38:59.729-0400] {processor.py:829} INFO - Processing file /Users/mauri/Desktop/repositorio/apache-airflow-tutorial/airflow/dags/hello_world.py for tasks to queue
[2023-08-23T21:38:59.729-0400] {logging_mixin.py:151} INFO - [2023-08-23T21:38:59.729-0400] {dagbag.py:539} INFO - Filling up the DagBag from /Users/mauri/Desktop/repositorio/apache-airflow-tutorial/airflow/dags/hello_world.py
[2023-08-23T21:38:59.757-0400] {processor.py:839} INFO - DAG(s) dict_keys(['hello_world']) retrieved from /Users/mauri/Desktop/repositorio/apache-airflow-tutorial/airflow/dags/hello_world.py
[2023-08-23T21:38:59.811-0400] {logging_mixin.py:151} INFO - [2023-08-23T21:38:59.810-0400] {dag.py:2907} INFO - Sync 1 DAGs
[2023-08-23T21:38:59.816-0400] {logging_mixin.py:151} INFO - [2023-08-23T21:38:59.816-0400] {dag.py:3677} INFO - Setting next_dagrun for hello_world to 2023-08-24T01:37:00+00:00, run_after=2023-08-24T01:38:00+00:00
[2023-08-23T21:38:59.822-0400] {processor.py:179} INFO - Processing /Users/mauri/Desktop/repositorio/apache-airflow-tutorial/airflow/dags/hello_world.py took 0.095 seconds
[2023-08-23T21:39:37.630-0400] {processor.py:157} INFO - Started process (PID=8785) to work on /Users/mauri/Desktop/repositorio/apache-airflow-tutorial/airflow/dags/hello_world.py
[2023-08-23T21:39:37.631-0400] {processor.py:829} INFO - Processing file /Users/mauri/Desktop/repositorio/apache-airflow-tutorial/airflow/dags/hello_world.py for tasks to queue
[2023-08-23T21:39:37.631-0400] {logging_mixin.py:151} INFO - [2023-08-23T21:39:37.631-0400] {dagbag.py:539} INFO - Filling up the DagBag from /Users/mauri/Desktop/repositorio/apache-airflow-tutorial/airflow/dags/hello_world.py
[2023-08-23T21:39:37.658-0400] {processor.py:839} INFO - DAG(s) dict_keys(['hello_world']) retrieved from /Users/mauri/Desktop/repositorio/apache-airflow-tutorial/airflow/dags/hello_world.py
[2023-08-23T21:39:37.713-0400] {logging_mixin.py:151} INFO - [2023-08-23T21:39:37.713-0400] {dag.py:2907} INFO - Sync 1 DAGs
[2023-08-23T21:39:37.719-0400] {logging_mixin.py:151} INFO - [2023-08-23T21:39:37.719-0400] {dag.py:3677} INFO - Setting next_dagrun for hello_world to 2023-08-24T01:38:00+00:00, run_after=2023-08-24T01:39:00+00:00
[2023-08-23T21:39:37.725-0400] {processor.py:179} INFO - Processing /Users/mauri/Desktop/repositorio/apache-airflow-tutorial/airflow/dags/hello_world.py took 0.096 seconds
[2023-08-23T21:40:15.396-0400] {processor.py:157} INFO - Started process (PID=8819) to work on /Users/mauri/Desktop/repositorio/apache-airflow-tutorial/airflow/dags/hello_world.py
[2023-08-23T21:40:15.398-0400] {processor.py:829} INFO - Processing file /Users/mauri/Desktop/repositorio/apache-airflow-tutorial/airflow/dags/hello_world.py for tasks to queue
[2023-08-23T21:40:15.398-0400] {logging_mixin.py:151} INFO - [2023-08-23T21:40:15.398-0400] {dagbag.py:539} INFO - Filling up the DagBag from /Users/mauri/Desktop/repositorio/apache-airflow-tutorial/airflow/dags/hello_world.py
[2023-08-23T21:40:15.428-0400] {processor.py:839} INFO - DAG(s) dict_keys(['hello_world']) retrieved from /Users/mauri/Desktop/repositorio/apache-airflow-tutorial/airflow/dags/hello_world.py
[2023-08-23T21:40:15.487-0400] {logging_mixin.py:151} INFO - [2023-08-23T21:40:15.487-0400] {dag.py:2907} INFO - Sync 1 DAGs
[2023-08-23T21:40:15.493-0400] {logging_mixin.py:151} INFO - [2023-08-23T21:40:15.493-0400] {dag.py:3677} INFO - Setting next_dagrun for hello_world to 2023-08-24T01:39:00+00:00, run_after=2023-08-24T01:40:00+00:00
[2023-08-23T21:40:15.500-0400] {processor.py:179} INFO - Processing /Users/mauri/Desktop/repositorio/apache-airflow-tutorial/airflow/dags/hello_world.py took 0.104 seconds
[2023-08-23T21:40:52.267-0400] {processor.py:157} INFO - Started process (PID=8847) to work on /Users/mauri/Desktop/repositorio/apache-airflow-tutorial/airflow/dags/hello_world.py
[2023-08-23T21:40:52.268-0400] {processor.py:829} INFO - Processing file /Users/mauri/Desktop/repositorio/apache-airflow-tutorial/airflow/dags/hello_world.py for tasks to queue
[2023-08-23T21:40:52.268-0400] {logging_mixin.py:151} INFO - [2023-08-23T21:40:52.268-0400] {dagbag.py:539} INFO - Filling up the DagBag from /Users/mauri/Desktop/repositorio/apache-airflow-tutorial/airflow/dags/hello_world.py
[2023-08-23T21:40:52.295-0400] {processor.py:839} INFO - DAG(s) dict_keys(['hello_world']) retrieved from /Users/mauri/Desktop/repositorio/apache-airflow-tutorial/airflow/dags/hello_world.py
[2023-08-23T21:40:52.351-0400] {logging_mixin.py:151} INFO - [2023-08-23T21:40:52.351-0400] {dag.py:2907} INFO - Sync 1 DAGs
[2023-08-23T21:40:52.357-0400] {logging_mixin.py:151} INFO - [2023-08-23T21:40:52.357-0400] {dag.py:3677} INFO - Setting next_dagrun for hello_world to 2023-08-24T01:39:00+00:00, run_after=2023-08-24T01:40:00+00:00
[2023-08-23T21:40:52.364-0400] {processor.py:179} INFO - Processing /Users/mauri/Desktop/repositorio/apache-airflow-tutorial/airflow/dags/hello_world.py took 0.098 seconds
[2023-08-23T21:41:28.485-0400] {processor.py:157} INFO - Started process (PID=8873) to work on /Users/mauri/Desktop/repositorio/apache-airflow-tutorial/airflow/dags/hello_world.py
[2023-08-23T21:41:28.486-0400] {processor.py:829} INFO - Processing file /Users/mauri/Desktop/repositorio/apache-airflow-tutorial/airflow/dags/hello_world.py for tasks to queue
[2023-08-23T21:41:28.486-0400] {logging_mixin.py:151} INFO - [2023-08-23T21:41:28.486-0400] {dagbag.py:539} INFO - Filling up the DagBag from /Users/mauri/Desktop/repositorio/apache-airflow-tutorial/airflow/dags/hello_world.py
[2023-08-23T21:41:28.512-0400] {processor.py:839} INFO - DAG(s) dict_keys(['hello_world']) retrieved from /Users/mauri/Desktop/repositorio/apache-airflow-tutorial/airflow/dags/hello_world.py
[2023-08-23T21:41:28.566-0400] {logging_mixin.py:151} INFO - [2023-08-23T21:41:28.566-0400] {dag.py:2907} INFO - Sync 1 DAGs
[2023-08-23T21:41:28.571-0400] {logging_mixin.py:151} INFO - [2023-08-23T21:41:28.571-0400] {dag.py:3677} INFO - Setting next_dagrun for hello_world to 2023-08-24T01:40:00+00:00, run_after=2023-08-24T01:41:00+00:00
[2023-08-23T21:41:28.578-0400] {processor.py:179} INFO - Processing /Users/mauri/Desktop/repositorio/apache-airflow-tutorial/airflow/dags/hello_world.py took 0.094 seconds
[2023-08-23T21:42:04.788-0400] {processor.py:157} INFO - Started process (PID=8904) to work on /Users/mauri/Desktop/repositorio/apache-airflow-tutorial/airflow/dags/hello_world.py
[2023-08-23T21:42:04.789-0400] {processor.py:829} INFO - Processing file /Users/mauri/Desktop/repositorio/apache-airflow-tutorial/airflow/dags/hello_world.py for tasks to queue
[2023-08-23T21:42:04.789-0400] {logging_mixin.py:151} INFO - [2023-08-23T21:42:04.789-0400] {dagbag.py:539} INFO - Filling up the DagBag from /Users/mauri/Desktop/repositorio/apache-airflow-tutorial/airflow/dags/hello_world.py
[2023-08-23T21:42:04.815-0400] {processor.py:839} INFO - DAG(s) dict_keys(['hello_world']) retrieved from /Users/mauri/Desktop/repositorio/apache-airflow-tutorial/airflow/dags/hello_world.py
[2023-08-23T21:42:04.868-0400] {logging_mixin.py:151} INFO - [2023-08-23T21:42:04.868-0400] {dag.py:2907} INFO - Sync 1 DAGs
[2023-08-23T21:42:04.874-0400] {logging_mixin.py:151} INFO - [2023-08-23T21:42:04.874-0400] {dag.py:3677} INFO - Setting next_dagrun for hello_world to 2023-08-24T01:41:00+00:00, run_after=2023-08-24T01:42:00+00:00
[2023-08-23T21:42:04.881-0400] {processor.py:179} INFO - Processing /Users/mauri/Desktop/repositorio/apache-airflow-tutorial/airflow/dags/hello_world.py took 0.093 seconds
[2023-08-23T21:42:41.323-0400] {processor.py:157} INFO - Started process (PID=8943) to work on /Users/mauri/Desktop/repositorio/apache-airflow-tutorial/airflow/dags/hello_world.py
[2023-08-23T21:42:41.325-0400] {processor.py:829} INFO - Processing file /Users/mauri/Desktop/repositorio/apache-airflow-tutorial/airflow/dags/hello_world.py for tasks to queue
[2023-08-23T21:42:41.325-0400] {logging_mixin.py:151} INFO - [2023-08-23T21:42:41.325-0400] {dagbag.py:539} INFO - Filling up the DagBag from /Users/mauri/Desktop/repositorio/apache-airflow-tutorial/airflow/dags/hello_world.py
[2023-08-23T21:42:41.350-0400] {processor.py:839} INFO - DAG(s) dict_keys(['hello_world']) retrieved from /Users/mauri/Desktop/repositorio/apache-airflow-tutorial/airflow/dags/hello_world.py
[2023-08-23T21:42:41.408-0400] {logging_mixin.py:151} INFO - [2023-08-23T21:42:41.408-0400] {dag.py:2907} INFO - Sync 1 DAGs
[2023-08-23T21:42:41.414-0400] {logging_mixin.py:151} INFO - [2023-08-23T21:42:41.414-0400] {dag.py:3677} INFO - Setting next_dagrun for hello_world to 2023-08-24T01:41:00+00:00, run_after=2023-08-24T01:42:00+00:00
[2023-08-23T21:42:41.422-0400] {processor.py:179} INFO - Processing /Users/mauri/Desktop/repositorio/apache-airflow-tutorial/airflow/dags/hello_world.py took 0.099 seconds
[2023-08-23T21:43:17.060-0400] {processor.py:157} INFO - Started process (PID=8969) to work on /Users/mauri/Desktop/repositorio/apache-airflow-tutorial/airflow/dags/hello_world.py
[2023-08-23T21:43:17.061-0400] {processor.py:829} INFO - Processing file /Users/mauri/Desktop/repositorio/apache-airflow-tutorial/airflow/dags/hello_world.py for tasks to queue
[2023-08-23T21:43:17.061-0400] {logging_mixin.py:151} INFO - [2023-08-23T21:43:17.061-0400] {dagbag.py:539} INFO - Filling up the DagBag from /Users/mauri/Desktop/repositorio/apache-airflow-tutorial/airflow/dags/hello_world.py
[2023-08-23T21:43:17.087-0400] {processor.py:839} INFO - DAG(s) dict_keys(['hello_world']) retrieved from /Users/mauri/Desktop/repositorio/apache-airflow-tutorial/airflow/dags/hello_world.py
[2023-08-23T21:43:17.141-0400] {logging_mixin.py:151} INFO - [2023-08-23T21:43:17.141-0400] {dag.py:2907} INFO - Sync 1 DAGs
[2023-08-23T21:43:17.146-0400] {logging_mixin.py:151} INFO - [2023-08-23T21:43:17.146-0400] {dag.py:3677} INFO - Setting next_dagrun for hello_world to 2023-08-24T01:42:00+00:00, run_after=2023-08-24T01:43:00+00:00
[2023-08-23T21:43:17.153-0400] {processor.py:179} INFO - Processing /Users/mauri/Desktop/repositorio/apache-airflow-tutorial/airflow/dags/hello_world.py took 0.093 seconds
[2023-08-23T21:43:51.971-0400] {processor.py:157} INFO - Started process (PID=9002) to work on /Users/mauri/Desktop/repositorio/apache-airflow-tutorial/airflow/dags/hello_world.py
[2023-08-23T21:43:51.973-0400] {processor.py:829} INFO - Processing file /Users/mauri/Desktop/repositorio/apache-airflow-tutorial/airflow/dags/hello_world.py for tasks to queue
[2023-08-23T21:43:51.973-0400] {logging_mixin.py:151} INFO - [2023-08-23T21:43:51.973-0400] {dagbag.py:539} INFO - Filling up the DagBag from /Users/mauri/Desktop/repositorio/apache-airflow-tutorial/airflow/dags/hello_world.py
[2023-08-23T21:43:51.999-0400] {processor.py:839} INFO - DAG(s) dict_keys(['hello_world']) retrieved from /Users/mauri/Desktop/repositorio/apache-airflow-tutorial/airflow/dags/hello_world.py
[2023-08-23T21:43:52.053-0400] {logging_mixin.py:151} INFO - [2023-08-23T21:43:52.053-0400] {dag.py:2907} INFO - Sync 1 DAGs
[2023-08-23T21:43:52.058-0400] {logging_mixin.py:151} INFO - [2023-08-23T21:43:52.058-0400] {dag.py:3677} INFO - Setting next_dagrun for hello_world to 2023-08-24T01:42:00+00:00, run_after=2023-08-24T01:43:00+00:00
[2023-08-23T21:43:52.065-0400] {processor.py:179} INFO - Processing /Users/mauri/Desktop/repositorio/apache-airflow-tutorial/airflow/dags/hello_world.py took 0.093 seconds
[2023-08-23T21:44:27.165-0400] {processor.py:157} INFO - Started process (PID=9045) to work on /Users/mauri/Desktop/repositorio/apache-airflow-tutorial/airflow/dags/hello_world.py
[2023-08-23T21:44:27.166-0400] {processor.py:829} INFO - Processing file /Users/mauri/Desktop/repositorio/apache-airflow-tutorial/airflow/dags/hello_world.py for tasks to queue
[2023-08-23T21:44:27.167-0400] {logging_mixin.py:151} INFO - [2023-08-23T21:44:27.167-0400] {dagbag.py:539} INFO - Filling up the DagBag from /Users/mauri/Desktop/repositorio/apache-airflow-tutorial/airflow/dags/hello_world.py
[2023-08-23T21:44:27.194-0400] {processor.py:839} INFO - DAG(s) dict_keys(['hello_world']) retrieved from /Users/mauri/Desktop/repositorio/apache-airflow-tutorial/airflow/dags/hello_world.py
[2023-08-23T21:44:27.250-0400] {logging_mixin.py:151} INFO - [2023-08-23T21:44:27.250-0400] {dag.py:2907} INFO - Sync 1 DAGs
[2023-08-23T21:44:27.256-0400] {logging_mixin.py:151} INFO - [2023-08-23T21:44:27.256-0400] {dag.py:3677} INFO - Setting next_dagrun for hello_world to 2023-08-24T01:44:00+00:00, run_after=2023-08-24T01:45:00+00:00
[2023-08-23T21:44:27.263-0400] {processor.py:179} INFO - Processing /Users/mauri/Desktop/repositorio/apache-airflow-tutorial/airflow/dags/hello_world.py took 0.098 seconds
[2023-08-23T21:45:04.412-0400] {processor.py:157} INFO - Started process (PID=9079) to work on /Users/mauri/Desktop/repositorio/apache-airflow-tutorial/airflow/dags/hello_world.py
[2023-08-23T21:45:04.413-0400] {processor.py:829} INFO - Processing file /Users/mauri/Desktop/repositorio/apache-airflow-tutorial/airflow/dags/hello_world.py for tasks to queue
[2023-08-23T21:45:04.414-0400] {logging_mixin.py:151} INFO - [2023-08-23T21:45:04.413-0400] {dagbag.py:539} INFO - Filling up the DagBag from /Users/mauri/Desktop/repositorio/apache-airflow-tutorial/airflow/dags/hello_world.py
[2023-08-23T21:45:04.443-0400] {processor.py:839} INFO - DAG(s) dict_keys(['hello_world']) retrieved from /Users/mauri/Desktop/repositorio/apache-airflow-tutorial/airflow/dags/hello_world.py
[2023-08-23T21:45:04.505-0400] {logging_mixin.py:151} INFO - [2023-08-23T21:45:04.505-0400] {dag.py:2907} INFO - Sync 1 DAGs
[2023-08-23T21:45:04.511-0400] {logging_mixin.py:151} INFO - [2023-08-23T21:45:04.511-0400] {dag.py:3677} INFO - Setting next_dagrun for hello_world to 2023-08-24T01:45:00+00:00, run_after=2023-08-24T01:46:00+00:00
[2023-08-23T21:45:04.518-0400] {processor.py:179} INFO - Processing /Users/mauri/Desktop/repositorio/apache-airflow-tutorial/airflow/dags/hello_world.py took 0.107 seconds
[2023-08-23T21:45:41.297-0400] {processor.py:157} INFO - Started process (PID=9111) to work on /Users/mauri/Desktop/repositorio/apache-airflow-tutorial/airflow/dags/hello_world.py
[2023-08-23T21:45:41.299-0400] {processor.py:829} INFO - Processing file /Users/mauri/Desktop/repositorio/apache-airflow-tutorial/airflow/dags/hello_world.py for tasks to queue
[2023-08-23T21:45:41.299-0400] {logging_mixin.py:151} INFO - [2023-08-23T21:45:41.299-0400] {dagbag.py:539} INFO - Filling up the DagBag from /Users/mauri/Desktop/repositorio/apache-airflow-tutorial/airflow/dags/hello_world.py
[2023-08-23T21:45:41.325-0400] {processor.py:839} INFO - DAG(s) dict_keys(['hello_world']) retrieved from /Users/mauri/Desktop/repositorio/apache-airflow-tutorial/airflow/dags/hello_world.py
[2023-08-23T21:45:41.378-0400] {logging_mixin.py:151} INFO - [2023-08-23T21:45:41.378-0400] {dag.py:2907} INFO - Sync 1 DAGs
[2023-08-23T21:45:41.384-0400] {logging_mixin.py:151} INFO - [2023-08-23T21:45:41.384-0400] {dag.py:3677} INFO - Setting next_dagrun for hello_world to 2023-08-24T01:45:00+00:00, run_after=2023-08-24T01:46:00+00:00
[2023-08-23T21:45:41.391-0400] {processor.py:179} INFO - Processing /Users/mauri/Desktop/repositorio/apache-airflow-tutorial/airflow/dags/hello_world.py took 0.094 seconds
[2023-08-23T21:46:17.349-0400] {processor.py:157} INFO - Started process (PID=9197) to work on /Users/mauri/Desktop/repositorio/apache-airflow-tutorial/airflow/dags/hello_world.py
[2023-08-23T21:46:17.350-0400] {processor.py:829} INFO - Processing file /Users/mauri/Desktop/repositorio/apache-airflow-tutorial/airflow/dags/hello_world.py for tasks to queue
[2023-08-23T21:46:17.351-0400] {logging_mixin.py:151} INFO - [2023-08-23T21:46:17.350-0400] {dagbag.py:539} INFO - Filling up the DagBag from /Users/mauri/Desktop/repositorio/apache-airflow-tutorial/airflow/dags/hello_world.py
[2023-08-23T21:46:17.376-0400] {processor.py:839} INFO - DAG(s) dict_keys(['hello_world']) retrieved from /Users/mauri/Desktop/repositorio/apache-airflow-tutorial/airflow/dags/hello_world.py
[2023-08-23T21:46:17.430-0400] {logging_mixin.py:151} INFO - [2023-08-23T21:46:17.430-0400] {dag.py:2907} INFO - Sync 1 DAGs
[2023-08-23T21:46:17.436-0400] {logging_mixin.py:151} INFO - [2023-08-23T21:46:17.436-0400] {dag.py:3677} INFO - Setting next_dagrun for hello_world to 2023-08-24T01:46:00+00:00, run_after=2023-08-24T01:47:00+00:00
[2023-08-23T21:46:17.442-0400] {processor.py:179} INFO - Processing /Users/mauri/Desktop/repositorio/apache-airflow-tutorial/airflow/dags/hello_world.py took 0.094 seconds
[2023-08-23T21:46:52.526-0400] {processor.py:157} INFO - Started process (PID=9278) to work on /Users/mauri/Desktop/repositorio/apache-airflow-tutorial/airflow/dags/hello_world.py
[2023-08-23T21:46:52.527-0400] {processor.py:829} INFO - Processing file /Users/mauri/Desktop/repositorio/apache-airflow-tutorial/airflow/dags/hello_world.py for tasks to queue
[2023-08-23T21:46:52.527-0400] {logging_mixin.py:151} INFO - [2023-08-23T21:46:52.527-0400] {dagbag.py:539} INFO - Filling up the DagBag from /Users/mauri/Desktop/repositorio/apache-airflow-tutorial/airflow/dags/hello_world.py
[2023-08-23T21:46:52.559-0400] {processor.py:839} INFO - DAG(s) dict_keys(['hello_world']) retrieved from /Users/mauri/Desktop/repositorio/apache-airflow-tutorial/airflow/dags/hello_world.py
[2023-08-23T21:46:52.620-0400] {logging_mixin.py:151} INFO - [2023-08-23T21:46:52.620-0400] {dag.py:2907} INFO - Sync 1 DAGs
[2023-08-23T21:46:52.627-0400] {logging_mixin.py:151} INFO - [2023-08-23T21:46:52.627-0400] {dag.py:3677} INFO - Setting next_dagrun for hello_world to 2023-08-24T01:46:00+00:00, run_after=2023-08-24T01:47:00+00:00
[2023-08-23T21:46:52.634-0400] {processor.py:179} INFO - Processing /Users/mauri/Desktop/repositorio/apache-airflow-tutorial/airflow/dags/hello_world.py took 0.109 seconds
[2023-08-23T21:47:26.279-0400] {processor.py:157} INFO - Started process (PID=9321) to work on /Users/mauri/Desktop/repositorio/apache-airflow-tutorial/airflow/dags/hello_world.py
[2023-08-23T21:47:26.280-0400] {processor.py:829} INFO - Processing file /Users/mauri/Desktop/repositorio/apache-airflow-tutorial/airflow/dags/hello_world.py for tasks to queue
[2023-08-23T21:47:26.280-0400] {logging_mixin.py:151} INFO - [2023-08-23T21:47:26.280-0400] {dagbag.py:539} INFO - Filling up the DagBag from /Users/mauri/Desktop/repositorio/apache-airflow-tutorial/airflow/dags/hello_world.py
[2023-08-23T21:47:26.306-0400] {processor.py:839} INFO - DAG(s) dict_keys(['hello_world']) retrieved from /Users/mauri/Desktop/repositorio/apache-airflow-tutorial/airflow/dags/hello_world.py
[2023-08-23T21:47:26.360-0400] {logging_mixin.py:151} INFO - [2023-08-23T21:47:26.360-0400] {dag.py:2907} INFO - Sync 1 DAGs
[2023-08-23T21:47:26.365-0400] {logging_mixin.py:151} INFO - [2023-08-23T21:47:26.365-0400] {dag.py:3677} INFO - Setting next_dagrun for hello_world to 2023-08-24T01:47:00+00:00, run_after=2023-08-24T01:48:00+00:00
[2023-08-23T21:47:26.372-0400] {processor.py:179} INFO - Processing /Users/mauri/Desktop/repositorio/apache-airflow-tutorial/airflow/dags/hello_world.py took 0.093 seconds
[2023-08-23T21:48:02.945-0400] {processor.py:157} INFO - Started process (PID=9395) to work on /Users/mauri/Desktop/repositorio/apache-airflow-tutorial/airflow/dags/hello_world.py
[2023-08-23T21:48:02.946-0400] {processor.py:829} INFO - Processing file /Users/mauri/Desktop/repositorio/apache-airflow-tutorial/airflow/dags/hello_world.py for tasks to queue
[2023-08-23T21:48:02.947-0400] {logging_mixin.py:151} INFO - [2023-08-23T21:48:02.947-0400] {dagbag.py:539} INFO - Filling up the DagBag from /Users/mauri/Desktop/repositorio/apache-airflow-tutorial/airflow/dags/hello_world.py
[2023-08-23T21:48:02.973-0400] {processor.py:839} INFO - DAG(s) dict_keys(['hello_world']) retrieved from /Users/mauri/Desktop/repositorio/apache-airflow-tutorial/airflow/dags/hello_world.py
[2023-08-23T21:48:03.027-0400] {logging_mixin.py:151} INFO - [2023-08-23T21:48:03.027-0400] {dag.py:2907} INFO - Sync 1 DAGs
[2023-08-23T21:48:03.033-0400] {logging_mixin.py:151} INFO - [2023-08-23T21:48:03.032-0400] {dag.py:3677} INFO - Setting next_dagrun for hello_world to 2023-08-24T01:48:00+00:00, run_after=2023-08-24T01:49:00+00:00
[2023-08-23T21:48:03.039-0400] {processor.py:179} INFO - Processing /Users/mauri/Desktop/repositorio/apache-airflow-tutorial/airflow/dags/hello_world.py took 0.094 seconds
[2023-08-23T21:48:38.727-0400] {processor.py:157} INFO - Started process (PID=9429) to work on /Users/mauri/Desktop/repositorio/apache-airflow-tutorial/airflow/dags/hello_world.py
[2023-08-23T21:48:38.729-0400] {processor.py:829} INFO - Processing file /Users/mauri/Desktop/repositorio/apache-airflow-tutorial/airflow/dags/hello_world.py for tasks to queue
[2023-08-23T21:48:38.729-0400] {logging_mixin.py:151} INFO - [2023-08-23T21:48:38.729-0400] {dagbag.py:539} INFO - Filling up the DagBag from /Users/mauri/Desktop/repositorio/apache-airflow-tutorial/airflow/dags/hello_world.py
[2023-08-23T21:48:38.755-0400] {processor.py:839} INFO - DAG(s) dict_keys(['hello_world']) retrieved from /Users/mauri/Desktop/repositorio/apache-airflow-tutorial/airflow/dags/hello_world.py
[2023-08-23T21:48:38.809-0400] {logging_mixin.py:151} INFO - [2023-08-23T21:48:38.809-0400] {dag.py:2907} INFO - Sync 1 DAGs
[2023-08-23T21:48:38.815-0400] {logging_mixin.py:151} INFO - [2023-08-23T21:48:38.815-0400] {dag.py:3677} INFO - Setting next_dagrun for hello_world to 2023-08-24T01:48:00+00:00, run_after=2023-08-24T01:49:00+00:00
[2023-08-23T21:48:38.822-0400] {processor.py:179} INFO - Processing /Users/mauri/Desktop/repositorio/apache-airflow-tutorial/airflow/dags/hello_world.py took 0.094 seconds
[2023-08-23T21:49:16.244-0400] {processor.py:157} INFO - Started process (PID=9466) to work on /Users/mauri/Desktop/repositorio/apache-airflow-tutorial/airflow/dags/hello_world.py
[2023-08-23T21:49:16.245-0400] {processor.py:829} INFO - Processing file /Users/mauri/Desktop/repositorio/apache-airflow-tutorial/airflow/dags/hello_world.py for tasks to queue
[2023-08-23T21:49:16.245-0400] {logging_mixin.py:151} INFO - [2023-08-23T21:49:16.245-0400] {dagbag.py:539} INFO - Filling up the DagBag from /Users/mauri/Desktop/repositorio/apache-airflow-tutorial/airflow/dags/hello_world.py
[2023-08-23T21:49:16.271-0400] {processor.py:839} INFO - DAG(s) dict_keys(['hello_world']) retrieved from /Users/mauri/Desktop/repositorio/apache-airflow-tutorial/airflow/dags/hello_world.py
[2023-08-23T21:49:16.325-0400] {logging_mixin.py:151} INFO - [2023-08-23T21:49:16.325-0400] {dag.py:2907} INFO - Sync 1 DAGs
[2023-08-23T21:49:16.331-0400] {logging_mixin.py:151} INFO - [2023-08-23T21:49:16.331-0400] {dag.py:3677} INFO - Setting next_dagrun for hello_world to 2023-08-24T01:49:00+00:00, run_after=2023-08-24T01:50:00+00:00
[2023-08-23T21:49:16.338-0400] {processor.py:179} INFO - Processing /Users/mauri/Desktop/repositorio/apache-airflow-tutorial/airflow/dags/hello_world.py took 0.095 seconds
[2023-08-23T21:49:53.326-0400] {processor.py:157} INFO - Started process (PID=9497) to work on /Users/mauri/Desktop/repositorio/apache-airflow-tutorial/airflow/dags/hello_world.py
[2023-08-23T21:49:53.327-0400] {processor.py:829} INFO - Processing file /Users/mauri/Desktop/repositorio/apache-airflow-tutorial/airflow/dags/hello_world.py for tasks to queue
[2023-08-23T21:49:53.327-0400] {logging_mixin.py:151} INFO - [2023-08-23T21:49:53.327-0400] {dagbag.py:539} INFO - Filling up the DagBag from /Users/mauri/Desktop/repositorio/apache-airflow-tutorial/airflow/dags/hello_world.py
[2023-08-23T21:49:53.354-0400] {processor.py:839} INFO - DAG(s) dict_keys(['hello_world']) retrieved from /Users/mauri/Desktop/repositorio/apache-airflow-tutorial/airflow/dags/hello_world.py
[2023-08-23T21:49:53.408-0400] {logging_mixin.py:151} INFO - [2023-08-23T21:49:53.408-0400] {dag.py:2907} INFO - Sync 1 DAGs
[2023-08-23T21:49:53.414-0400] {logging_mixin.py:151} INFO - [2023-08-23T21:49:53.414-0400] {dag.py:3677} INFO - Setting next_dagrun for hello_world to 2023-08-24T01:49:00+00:00, run_after=2023-08-24T01:50:00+00:00
[2023-08-23T21:49:53.420-0400] {processor.py:179} INFO - Processing /Users/mauri/Desktop/repositorio/apache-airflow-tutorial/airflow/dags/hello_world.py took 0.095 seconds
[2023-08-23T21:50:31.640-0400] {processor.py:157} INFO - Started process (PID=9536) to work on /Users/mauri/Desktop/repositorio/apache-airflow-tutorial/airflow/dags/hello_world.py
[2023-08-23T21:50:31.641-0400] {processor.py:829} INFO - Processing file /Users/mauri/Desktop/repositorio/apache-airflow-tutorial/airflow/dags/hello_world.py for tasks to queue
[2023-08-23T21:50:31.642-0400] {logging_mixin.py:151} INFO - [2023-08-23T21:50:31.642-0400] {dagbag.py:539} INFO - Filling up the DagBag from /Users/mauri/Desktop/repositorio/apache-airflow-tutorial/airflow/dags/hello_world.py
[2023-08-23T21:50:31.669-0400] {processor.py:839} INFO - DAG(s) dict_keys(['hello_world']) retrieved from /Users/mauri/Desktop/repositorio/apache-airflow-tutorial/airflow/dags/hello_world.py
[2023-08-23T21:50:31.724-0400] {logging_mixin.py:151} INFO - [2023-08-23T21:50:31.724-0400] {dag.py:2907} INFO - Sync 1 DAGs
[2023-08-23T21:50:31.730-0400] {logging_mixin.py:151} INFO - [2023-08-23T21:50:31.729-0400] {dag.py:3677} INFO - Setting next_dagrun for hello_world to 2023-08-24T01:50:00+00:00, run_after=2023-08-24T01:51:00+00:00
[2023-08-23T21:50:31.736-0400] {processor.py:179} INFO - Processing /Users/mauri/Desktop/repositorio/apache-airflow-tutorial/airflow/dags/hello_world.py took 0.096 seconds
[2023-08-23T21:51:09.171-0400] {processor.py:157} INFO - Started process (PID=9576) to work on /Users/mauri/Desktop/repositorio/apache-airflow-tutorial/airflow/dags/hello_world.py
[2023-08-23T21:51:09.174-0400] {processor.py:829} INFO - Processing file /Users/mauri/Desktop/repositorio/apache-airflow-tutorial/airflow/dags/hello_world.py for tasks to queue
[2023-08-23T21:51:09.174-0400] {logging_mixin.py:151} INFO - [2023-08-23T21:51:09.174-0400] {dagbag.py:539} INFO - Filling up the DagBag from /Users/mauri/Desktop/repositorio/apache-airflow-tutorial/airflow/dags/hello_world.py
[2023-08-23T21:51:09.200-0400] {processor.py:839} INFO - DAG(s) dict_keys(['hello_world']) retrieved from /Users/mauri/Desktop/repositorio/apache-airflow-tutorial/airflow/dags/hello_world.py
[2023-08-23T21:51:09.256-0400] {logging_mixin.py:151} INFO - [2023-08-23T21:51:09.256-0400] {dag.py:2907} INFO - Sync 1 DAGs
[2023-08-23T21:51:09.263-0400] {logging_mixin.py:151} INFO - [2023-08-23T21:51:09.263-0400] {dag.py:3677} INFO - Setting next_dagrun for hello_world to 2023-08-24T01:51:00+00:00, run_after=2023-08-24T01:52:00+00:00
[2023-08-23T21:51:09.272-0400] {processor.py:179} INFO - Processing /Users/mauri/Desktop/repositorio/apache-airflow-tutorial/airflow/dags/hello_world.py took 0.100 seconds
[2023-08-23T21:51:46.008-0400] {processor.py:157} INFO - Started process (PID=9632) to work on /Users/mauri/Desktop/repositorio/apache-airflow-tutorial/airflow/dags/hello_world.py
[2023-08-23T21:51:46.010-0400] {processor.py:829} INFO - Processing file /Users/mauri/Desktop/repositorio/apache-airflow-tutorial/airflow/dags/hello_world.py for tasks to queue
[2023-08-23T21:51:46.010-0400] {logging_mixin.py:151} INFO - [2023-08-23T21:51:46.010-0400] {dagbag.py:539} INFO - Filling up the DagBag from /Users/mauri/Desktop/repositorio/apache-airflow-tutorial/airflow/dags/hello_world.py
[2023-08-23T21:51:46.036-0400] {processor.py:839} INFO - DAG(s) dict_keys(['hello_world']) retrieved from /Users/mauri/Desktop/repositorio/apache-airflow-tutorial/airflow/dags/hello_world.py
[2023-08-23T21:51:46.090-0400] {logging_mixin.py:151} INFO - [2023-08-23T21:51:46.090-0400] {dag.py:2907} INFO - Sync 1 DAGs
[2023-08-23T21:51:46.095-0400] {logging_mixin.py:151} INFO - [2023-08-23T21:51:46.095-0400] {dag.py:3677} INFO - Setting next_dagrun for hello_world to 2023-08-24T01:51:00+00:00, run_after=2023-08-24T01:52:00+00:00
[2023-08-23T21:51:46.102-0400] {processor.py:179} INFO - Processing /Users/mauri/Desktop/repositorio/apache-airflow-tutorial/airflow/dags/hello_world.py took 0.094 seconds
[2023-08-23T21:52:21.868-0400] {processor.py:157} INFO - Started process (PID=9664) to work on /Users/mauri/Desktop/repositorio/apache-airflow-tutorial/airflow/dags/hello_world.py
[2023-08-23T21:52:21.869-0400] {processor.py:829} INFO - Processing file /Users/mauri/Desktop/repositorio/apache-airflow-tutorial/airflow/dags/hello_world.py for tasks to queue
[2023-08-23T21:52:21.870-0400] {logging_mixin.py:151} INFO - [2023-08-23T21:52:21.870-0400] {dagbag.py:539} INFO - Filling up the DagBag from /Users/mauri/Desktop/repositorio/apache-airflow-tutorial/airflow/dags/hello_world.py
[2023-08-23T21:52:21.898-0400] {processor.py:839} INFO - DAG(s) dict_keys(['hello_world']) retrieved from /Users/mauri/Desktop/repositorio/apache-airflow-tutorial/airflow/dags/hello_world.py
[2023-08-23T21:52:21.955-0400] {logging_mixin.py:151} INFO - [2023-08-23T21:52:21.955-0400] {dag.py:2907} INFO - Sync 1 DAGs
[2023-08-23T21:52:21.961-0400] {logging_mixin.py:151} INFO - [2023-08-23T21:52:21.961-0400] {dag.py:3677} INFO - Setting next_dagrun for hello_world to 2023-08-24T01:52:00+00:00, run_after=2023-08-24T01:53:00+00:00
[2023-08-23T21:52:21.968-0400] {processor.py:179} INFO - Processing /Users/mauri/Desktop/repositorio/apache-airflow-tutorial/airflow/dags/hello_world.py took 0.100 seconds
[2023-08-23T21:52:57.072-0400] {processor.py:157} INFO - Started process (PID=9697) to work on /Users/mauri/Desktop/repositorio/apache-airflow-tutorial/airflow/dags/hello_world.py
[2023-08-23T21:52:57.073-0400] {processor.py:829} INFO - Processing file /Users/mauri/Desktop/repositorio/apache-airflow-tutorial/airflow/dags/hello_world.py for tasks to queue
[2023-08-23T21:52:57.073-0400] {logging_mixin.py:151} INFO - [2023-08-23T21:52:57.073-0400] {dagbag.py:539} INFO - Filling up the DagBag from /Users/mauri/Desktop/repositorio/apache-airflow-tutorial/airflow/dags/hello_world.py
[2023-08-23T21:52:57.099-0400] {processor.py:839} INFO - DAG(s) dict_keys(['hello_world']) retrieved from /Users/mauri/Desktop/repositorio/apache-airflow-tutorial/airflow/dags/hello_world.py
[2023-08-23T21:52:57.154-0400] {logging_mixin.py:151} INFO - [2023-08-23T21:52:57.154-0400] {dag.py:2907} INFO - Sync 1 DAGs
[2023-08-23T21:52:57.159-0400] {logging_mixin.py:151} INFO - [2023-08-23T21:52:57.159-0400] {dag.py:3677} INFO - Setting next_dagrun for hello_world to 2023-08-24T01:52:00+00:00, run_after=2023-08-24T01:53:00+00:00
[2023-08-23T21:52:57.166-0400] {processor.py:179} INFO - Processing /Users/mauri/Desktop/repositorio/apache-airflow-tutorial/airflow/dags/hello_world.py took 0.095 seconds
[2023-08-23T21:53:31.977-0400] {processor.py:157} INFO - Started process (PID=9728) to work on /Users/mauri/Desktop/repositorio/apache-airflow-tutorial/airflow/dags/hello_world.py
[2023-08-23T21:53:31.978-0400] {processor.py:829} INFO - Processing file /Users/mauri/Desktop/repositorio/apache-airflow-tutorial/airflow/dags/hello_world.py for tasks to queue
[2023-08-23T21:53:31.979-0400] {logging_mixin.py:151} INFO - [2023-08-23T21:53:31.979-0400] {dagbag.py:539} INFO - Filling up the DagBag from /Users/mauri/Desktop/repositorio/apache-airflow-tutorial/airflow/dags/hello_world.py
[2023-08-23T21:53:32.006-0400] {processor.py:839} INFO - DAG(s) dict_keys(['hello_world']) retrieved from /Users/mauri/Desktop/repositorio/apache-airflow-tutorial/airflow/dags/hello_world.py
[2023-08-23T21:53:32.064-0400] {logging_mixin.py:151} INFO - [2023-08-23T21:53:32.064-0400] {dag.py:2907} INFO - Sync 1 DAGs
[2023-08-23T21:53:32.071-0400] {logging_mixin.py:151} INFO - [2023-08-23T21:53:32.070-0400] {dag.py:3677} INFO - Setting next_dagrun for hello_world to 2023-08-24T01:53:00+00:00, run_after=2023-08-24T01:54:00+00:00
[2023-08-23T21:53:32.079-0400] {processor.py:179} INFO - Processing /Users/mauri/Desktop/repositorio/apache-airflow-tutorial/airflow/dags/hello_world.py took 0.102 seconds
[2023-08-23T21:54:07.886-0400] {processor.py:157} INFO - Started process (PID=9764) to work on /Users/mauri/Desktop/repositorio/apache-airflow-tutorial/airflow/dags/hello_world.py
[2023-08-23T21:54:07.887-0400] {processor.py:829} INFO - Processing file /Users/mauri/Desktop/repositorio/apache-airflow-tutorial/airflow/dags/hello_world.py for tasks to queue
[2023-08-23T21:54:07.888-0400] {logging_mixin.py:151} INFO - [2023-08-23T21:54:07.887-0400] {dagbag.py:539} INFO - Filling up the DagBag from /Users/mauri/Desktop/repositorio/apache-airflow-tutorial/airflow/dags/hello_world.py
[2023-08-23T21:54:07.913-0400] {processor.py:839} INFO - DAG(s) dict_keys(['hello_world']) retrieved from /Users/mauri/Desktop/repositorio/apache-airflow-tutorial/airflow/dags/hello_world.py
[2023-08-23T21:54:07.971-0400] {logging_mixin.py:151} INFO - [2023-08-23T21:54:07.971-0400] {dag.py:2907} INFO - Sync 1 DAGs
[2023-08-23T21:54:07.977-0400] {logging_mixin.py:151} INFO - [2023-08-23T21:54:07.977-0400] {dag.py:3677} INFO - Setting next_dagrun for hello_world to 2023-08-24T01:54:00+00:00, run_after=2023-08-24T01:55:00+00:00
[2023-08-23T21:54:07.983-0400] {processor.py:179} INFO - Processing /Users/mauri/Desktop/repositorio/apache-airflow-tutorial/airflow/dags/hello_world.py took 0.098 seconds
[2023-08-23T21:54:43.293-0400] {processor.py:157} INFO - Started process (PID=9793) to work on /Users/mauri/Desktop/repositorio/apache-airflow-tutorial/airflow/dags/hello_world.py
[2023-08-23T21:54:43.294-0400] {processor.py:829} INFO - Processing file /Users/mauri/Desktop/repositorio/apache-airflow-tutorial/airflow/dags/hello_world.py for tasks to queue
[2023-08-23T21:54:43.294-0400] {logging_mixin.py:151} INFO - [2023-08-23T21:54:43.294-0400] {dagbag.py:539} INFO - Filling up the DagBag from /Users/mauri/Desktop/repositorio/apache-airflow-tutorial/airflow/dags/hello_world.py
[2023-08-23T21:54:43.322-0400] {processor.py:839} INFO - DAG(s) dict_keys(['hello_world']) retrieved from /Users/mauri/Desktop/repositorio/apache-airflow-tutorial/airflow/dags/hello_world.py
[2023-08-23T21:54:43.381-0400] {logging_mixin.py:151} INFO - [2023-08-23T21:54:43.381-0400] {dag.py:2907} INFO - Sync 1 DAGs
[2023-08-23T21:54:43.388-0400] {logging_mixin.py:151} INFO - [2023-08-23T21:54:43.388-0400] {dag.py:3677} INFO - Setting next_dagrun for hello_world to 2023-08-24T01:54:00+00:00, run_after=2023-08-24T01:55:00+00:00
[2023-08-23T21:54:43.395-0400] {processor.py:179} INFO - Processing /Users/mauri/Desktop/repositorio/apache-airflow-tutorial/airflow/dags/hello_world.py took 0.103 seconds
[2023-08-23T21:55:20.197-0400] {processor.py:157} INFO - Started process (PID=9829) to work on /Users/mauri/Desktop/repositorio/apache-airflow-tutorial/airflow/dags/hello_world.py
[2023-08-23T21:55:20.198-0400] {processor.py:829} INFO - Processing file /Users/mauri/Desktop/repositorio/apache-airflow-tutorial/airflow/dags/hello_world.py for tasks to queue
[2023-08-23T21:55:20.198-0400] {logging_mixin.py:151} INFO - [2023-08-23T21:55:20.198-0400] {dagbag.py:539} INFO - Filling up the DagBag from /Users/mauri/Desktop/repositorio/apache-airflow-tutorial/airflow/dags/hello_world.py
[2023-08-23T21:55:20.223-0400] {processor.py:839} INFO - DAG(s) dict_keys(['hello_world']) retrieved from /Users/mauri/Desktop/repositorio/apache-airflow-tutorial/airflow/dags/hello_world.py
[2023-08-23T21:55:20.277-0400] {logging_mixin.py:151} INFO - [2023-08-23T21:55:20.277-0400] {dag.py:2907} INFO - Sync 1 DAGs
[2023-08-23T21:55:20.283-0400] {logging_mixin.py:151} INFO - [2023-08-23T21:55:20.283-0400] {dag.py:3677} INFO - Setting next_dagrun for hello_world to 2023-08-24T01:55:00+00:00, run_after=2023-08-24T01:56:00+00:00
[2023-08-23T21:55:20.290-0400] {processor.py:179} INFO - Processing /Users/mauri/Desktop/repositorio/apache-airflow-tutorial/airflow/dags/hello_world.py took 0.093 seconds
[2023-08-23T21:55:56.408-0400] {processor.py:157} INFO - Started process (PID=9862) to work on /Users/mauri/Desktop/repositorio/apache-airflow-tutorial/airflow/dags/hello_world.py
[2023-08-23T21:55:56.409-0400] {processor.py:829} INFO - Processing file /Users/mauri/Desktop/repositorio/apache-airflow-tutorial/airflow/dags/hello_world.py for tasks to queue
[2023-08-23T21:55:56.409-0400] {logging_mixin.py:151} INFO - [2023-08-23T21:55:56.409-0400] {dagbag.py:539} INFO - Filling up the DagBag from /Users/mauri/Desktop/repositorio/apache-airflow-tutorial/airflow/dags/hello_world.py
[2023-08-23T21:55:56.439-0400] {processor.py:839} INFO - DAG(s) dict_keys(['hello_world']) retrieved from /Users/mauri/Desktop/repositorio/apache-airflow-tutorial/airflow/dags/hello_world.py
[2023-08-23T21:55:56.500-0400] {logging_mixin.py:151} INFO - [2023-08-23T21:55:56.500-0400] {dag.py:2907} INFO - Sync 1 DAGs
[2023-08-23T21:55:56.507-0400] {logging_mixin.py:151} INFO - [2023-08-23T21:55:56.507-0400] {dag.py:3677} INFO - Setting next_dagrun for hello_world to 2023-08-24T01:55:00+00:00, run_after=2023-08-24T01:56:00+00:00
[2023-08-23T21:55:56.514-0400] {processor.py:179} INFO - Processing /Users/mauri/Desktop/repositorio/apache-airflow-tutorial/airflow/dags/hello_world.py took 0.107 seconds
[2023-08-23T21:56:33.310-0400] {processor.py:157} INFO - Started process (PID=9896) to work on /Users/mauri/Desktop/repositorio/apache-airflow-tutorial/airflow/dags/hello_world.py
[2023-08-23T21:56:33.311-0400] {processor.py:829} INFO - Processing file /Users/mauri/Desktop/repositorio/apache-airflow-tutorial/airflow/dags/hello_world.py for tasks to queue
[2023-08-23T21:56:33.312-0400] {logging_mixin.py:151} INFO - [2023-08-23T21:56:33.312-0400] {dagbag.py:539} INFO - Filling up the DagBag from /Users/mauri/Desktop/repositorio/apache-airflow-tutorial/airflow/dags/hello_world.py
[2023-08-23T21:56:33.339-0400] {processor.py:839} INFO - DAG(s) dict_keys(['hello_world']) retrieved from /Users/mauri/Desktop/repositorio/apache-airflow-tutorial/airflow/dags/hello_world.py
[2023-08-23T21:56:33.393-0400] {logging_mixin.py:151} INFO - [2023-08-23T21:56:33.393-0400] {dag.py:2907} INFO - Sync 1 DAGs
[2023-08-23T21:56:33.398-0400] {logging_mixin.py:151} INFO - [2023-08-23T21:56:33.398-0400] {dag.py:3677} INFO - Setting next_dagrun for hello_world to 2023-08-24T01:56:00+00:00, run_after=2023-08-24T01:57:00+00:00
[2023-08-23T21:56:33.405-0400] {processor.py:179} INFO - Processing /Users/mauri/Desktop/repositorio/apache-airflow-tutorial/airflow/dags/hello_world.py took 0.095 seconds
[2023-08-23T21:57:10.299-0400] {processor.py:157} INFO - Started process (PID=9932) to work on /Users/mauri/Desktop/repositorio/apache-airflow-tutorial/airflow/dags/hello_world.py
[2023-08-23T21:57:10.300-0400] {processor.py:829} INFO - Processing file /Users/mauri/Desktop/repositorio/apache-airflow-tutorial/airflow/dags/hello_world.py for tasks to queue
[2023-08-23T21:57:10.301-0400] {logging_mixin.py:151} INFO - [2023-08-23T21:57:10.301-0400] {dagbag.py:539} INFO - Filling up the DagBag from /Users/mauri/Desktop/repositorio/apache-airflow-tutorial/airflow/dags/hello_world.py
[2023-08-23T21:57:10.326-0400] {processor.py:839} INFO - DAG(s) dict_keys(['hello_world']) retrieved from /Users/mauri/Desktop/repositorio/apache-airflow-tutorial/airflow/dags/hello_world.py
[2023-08-23T21:57:10.380-0400] {logging_mixin.py:151} INFO - [2023-08-23T21:57:10.380-0400] {dag.py:2907} INFO - Sync 1 DAGs
[2023-08-23T21:57:10.386-0400] {logging_mixin.py:151} INFO - [2023-08-23T21:57:10.385-0400] {dag.py:3677} INFO - Setting next_dagrun for hello_world to 2023-08-24T01:57:00+00:00, run_after=2023-08-24T01:58:00+00:00
[2023-08-23T21:57:10.392-0400] {processor.py:179} INFO - Processing /Users/mauri/Desktop/repositorio/apache-airflow-tutorial/airflow/dags/hello_world.py took 0.094 seconds
[2023-08-23T21:57:49.008-0400] {processor.py:157} INFO - Started process (PID=9963) to work on /Users/mauri/Desktop/repositorio/apache-airflow-tutorial/airflow/dags/hello_world.py
[2023-08-23T21:57:49.010-0400] {processor.py:829} INFO - Processing file /Users/mauri/Desktop/repositorio/apache-airflow-tutorial/airflow/dags/hello_world.py for tasks to queue
[2023-08-23T21:57:49.010-0400] {logging_mixin.py:151} INFO - [2023-08-23T21:57:49.010-0400] {dagbag.py:539} INFO - Filling up the DagBag from /Users/mauri/Desktop/repositorio/apache-airflow-tutorial/airflow/dags/hello_world.py
[2023-08-23T21:57:49.036-0400] {processor.py:839} INFO - DAG(s) dict_keys(['hello_world']) retrieved from /Users/mauri/Desktop/repositorio/apache-airflow-tutorial/airflow/dags/hello_world.py
[2023-08-23T21:57:49.092-0400] {logging_mixin.py:151} INFO - [2023-08-23T21:57:49.092-0400] {dag.py:2907} INFO - Sync 1 DAGs
[2023-08-23T21:57:49.097-0400] {logging_mixin.py:151} INFO - [2023-08-23T21:57:49.097-0400] {dag.py:3677} INFO - Setting next_dagrun for hello_world to 2023-08-24T01:57:00+00:00, run_after=2023-08-24T01:58:00+00:00
[2023-08-23T21:57:49.104-0400] {processor.py:179} INFO - Processing /Users/mauri/Desktop/repositorio/apache-airflow-tutorial/airflow/dags/hello_world.py took 0.096 seconds
[2023-08-23T21:58:26.064-0400] {processor.py:157} INFO - Started process (PID=9995) to work on /Users/mauri/Desktop/repositorio/apache-airflow-tutorial/airflow/dags/hello_world.py
[2023-08-23T21:58:26.066-0400] {processor.py:829} INFO - Processing file /Users/mauri/Desktop/repositorio/apache-airflow-tutorial/airflow/dags/hello_world.py for tasks to queue
[2023-08-23T21:58:26.066-0400] {logging_mixin.py:151} INFO - [2023-08-23T21:58:26.066-0400] {dagbag.py:539} INFO - Filling up the DagBag from /Users/mauri/Desktop/repositorio/apache-airflow-tutorial/airflow/dags/hello_world.py
[2023-08-23T21:58:26.094-0400] {processor.py:839} INFO - DAG(s) dict_keys(['hello_world']) retrieved from /Users/mauri/Desktop/repositorio/apache-airflow-tutorial/airflow/dags/hello_world.py
[2023-08-23T21:58:26.150-0400] {logging_mixin.py:151} INFO - [2023-08-23T21:58:26.150-0400] {dag.py:2907} INFO - Sync 1 DAGs
[2023-08-23T21:58:26.156-0400] {logging_mixin.py:151} INFO - [2023-08-23T21:58:26.156-0400] {dag.py:3677} INFO - Setting next_dagrun for hello_world to 2023-08-24T01:58:00+00:00, run_after=2023-08-24T01:59:00+00:00
[2023-08-23T21:58:26.162-0400] {processor.py:179} INFO - Processing /Users/mauri/Desktop/repositorio/apache-airflow-tutorial/airflow/dags/hello_world.py took 0.098 seconds
[2023-08-23T21:59:04.156-0400] {processor.py:157} INFO - Started process (PID=10030) to work on /Users/mauri/Desktop/repositorio/apache-airflow-tutorial/airflow/dags/hello_world.py
[2023-08-23T21:59:04.157-0400] {processor.py:829} INFO - Processing file /Users/mauri/Desktop/repositorio/apache-airflow-tutorial/airflow/dags/hello_world.py for tasks to queue
[2023-08-23T21:59:04.157-0400] {logging_mixin.py:151} INFO - [2023-08-23T21:59:04.157-0400] {dagbag.py:539} INFO - Filling up the DagBag from /Users/mauri/Desktop/repositorio/apache-airflow-tutorial/airflow/dags/hello_world.py
[2023-08-23T21:59:04.184-0400] {processor.py:839} INFO - DAG(s) dict_keys(['hello_world']) retrieved from /Users/mauri/Desktop/repositorio/apache-airflow-tutorial/airflow/dags/hello_world.py
[2023-08-23T21:59:04.239-0400] {logging_mixin.py:151} INFO - [2023-08-23T21:59:04.239-0400] {dag.py:2907} INFO - Sync 1 DAGs
[2023-08-23T21:59:04.245-0400] {logging_mixin.py:151} INFO - [2023-08-23T21:59:04.245-0400] {dag.py:3677} INFO - Setting next_dagrun for hello_world to 2023-08-24T01:59:00+00:00, run_after=2023-08-24T02:00:00+00:00
[2023-08-23T21:59:04.252-0400] {processor.py:179} INFO - Processing /Users/mauri/Desktop/repositorio/apache-airflow-tutorial/airflow/dags/hello_world.py took 0.096 seconds
[2023-08-23T21:59:40.919-0400] {processor.py:157} INFO - Started process (PID=10063) to work on /Users/mauri/Desktop/repositorio/apache-airflow-tutorial/airflow/dags/hello_world.py
[2023-08-23T21:59:40.921-0400] {processor.py:829} INFO - Processing file /Users/mauri/Desktop/repositorio/apache-airflow-tutorial/airflow/dags/hello_world.py for tasks to queue
[2023-08-23T21:59:40.921-0400] {logging_mixin.py:151} INFO - [2023-08-23T21:59:40.921-0400] {dagbag.py:539} INFO - Filling up the DagBag from /Users/mauri/Desktop/repositorio/apache-airflow-tutorial/airflow/dags/hello_world.py
[2023-08-23T21:59:40.948-0400] {processor.py:839} INFO - DAG(s) dict_keys(['hello_world']) retrieved from /Users/mauri/Desktop/repositorio/apache-airflow-tutorial/airflow/dags/hello_world.py
[2023-08-23T21:59:41.002-0400] {logging_mixin.py:151} INFO - [2023-08-23T21:59:41.002-0400] {dag.py:2907} INFO - Sync 1 DAGs
[2023-08-23T21:59:41.008-0400] {logging_mixin.py:151} INFO - [2023-08-23T21:59:41.008-0400] {dag.py:3677} INFO - Setting next_dagrun for hello_world to 2023-08-24T01:59:00+00:00, run_after=2023-08-24T02:00:00+00:00
[2023-08-23T21:59:41.015-0400] {processor.py:179} INFO - Processing /Users/mauri/Desktop/repositorio/apache-airflow-tutorial/airflow/dags/hello_world.py took 0.096 seconds
