[2023-08-23T21:33:51.417-0400] {processor.py:157} INFO - Started process (PID=8484) to work on /Users/mauri/Desktop/repositorio/apache-airflow-tutorial/env/lib/python3.11/site-packages/airflow/example_dags/subdags/subdag.py
[2023-08-23T21:33:51.419-0400] {processor.py:829} INFO - Processing file /Users/mauri/Desktop/repositorio/apache-airflow-tutorial/env/lib/python3.11/site-packages/airflow/example_dags/subdags/subdag.py for tasks to queue
[2023-08-23T21:33:51.419-0400] {logging_mixin.py:151} INFO - [2023-08-23T21:33:51.419-0400] {dagbag.py:539} INFO - Filling up the DagBag from /Users/mauri/Desktop/repositorio/apache-airflow-tutorial/env/lib/python3.11/site-packages/airflow/example_dags/subdags/subdag.py
[2023-08-23T21:33:51.420-0400] {processor.py:841} WARNING - No viable dags retrieved from /Users/mauri/Desktop/repositorio/apache-airflow-tutorial/env/lib/python3.11/site-packages/airflow/example_dags/subdags/subdag.py
[2023-08-23T21:33:51.472-0400] {processor.py:179} INFO - Processing /Users/mauri/Desktop/repositorio/apache-airflow-tutorial/env/lib/python3.11/site-packages/airflow/example_dags/subdags/subdag.py took 0.054 seconds
[2023-08-23T21:35:14.076-0400] {processor.py:157} INFO - Started process (PID=8550) to work on /Users/mauri/Desktop/repositorio/apache-airflow-tutorial/env/lib/python3.11/site-packages/airflow/example_dags/subdags/subdag.py
[2023-08-23T21:35:14.078-0400] {processor.py:829} INFO - Processing file /Users/mauri/Desktop/repositorio/apache-airflow-tutorial/env/lib/python3.11/site-packages/airflow/example_dags/subdags/subdag.py for tasks to queue
[2023-08-23T21:35:14.078-0400] {logging_mixin.py:151} INFO - [2023-08-23T21:35:14.078-0400] {dagbag.py:539} INFO - Filling up the DagBag from /Users/mauri/Desktop/repositorio/apache-airflow-tutorial/env/lib/python3.11/site-packages/airflow/example_dags/subdags/subdag.py
[2023-08-23T21:35:14.080-0400] {processor.py:841} WARNING - No viable dags retrieved from /Users/mauri/Desktop/repositorio/apache-airflow-tutorial/env/lib/python3.11/site-packages/airflow/example_dags/subdags/subdag.py
[2023-08-23T21:35:14.131-0400] {processor.py:179} INFO - Processing /Users/mauri/Desktop/repositorio/apache-airflow-tutorial/env/lib/python3.11/site-packages/airflow/example_dags/subdags/subdag.py took 0.056 seconds
[2023-08-23T21:35:56.323-0400] {processor.py:157} INFO - Started process (PID=8588) to work on /Users/mauri/Desktop/repositorio/apache-airflow-tutorial/env/lib/python3.11/site-packages/airflow/example_dags/subdags/subdag.py
[2023-08-23T21:35:56.326-0400] {processor.py:829} INFO - Processing file /Users/mauri/Desktop/repositorio/apache-airflow-tutorial/env/lib/python3.11/site-packages/airflow/example_dags/subdags/subdag.py for tasks to queue
[2023-08-23T21:35:56.326-0400] {logging_mixin.py:151} INFO - [2023-08-23T21:35:56.326-0400] {dagbag.py:539} INFO - Filling up the DagBag from /Users/mauri/Desktop/repositorio/apache-airflow-tutorial/env/lib/python3.11/site-packages/airflow/example_dags/subdags/subdag.py
[2023-08-23T21:35:56.327-0400] {processor.py:841} WARNING - No viable dags retrieved from /Users/mauri/Desktop/repositorio/apache-airflow-tutorial/env/lib/python3.11/site-packages/airflow/example_dags/subdags/subdag.py
[2023-08-23T21:35:56.379-0400] {processor.py:179} INFO - Processing /Users/mauri/Desktop/repositorio/apache-airflow-tutorial/env/lib/python3.11/site-packages/airflow/example_dags/subdags/subdag.py took 0.056 seconds
[2023-08-23T21:36:31.989-0400] {processor.py:157} INFO - Started process (PID=8621) to work on /Users/mauri/Desktop/repositorio/apache-airflow-tutorial/env/lib/python3.11/site-packages/airflow/example_dags/subdags/subdag.py
[2023-08-23T21:36:31.992-0400] {processor.py:829} INFO - Processing file /Users/mauri/Desktop/repositorio/apache-airflow-tutorial/env/lib/python3.11/site-packages/airflow/example_dags/subdags/subdag.py for tasks to queue
[2023-08-23T21:36:31.992-0400] {logging_mixin.py:151} INFO - [2023-08-23T21:36:31.992-0400] {dagbag.py:539} INFO - Filling up the DagBag from /Users/mauri/Desktop/repositorio/apache-airflow-tutorial/env/lib/python3.11/site-packages/airflow/example_dags/subdags/subdag.py
[2023-08-23T21:36:31.993-0400] {processor.py:841} WARNING - No viable dags retrieved from /Users/mauri/Desktop/repositorio/apache-airflow-tutorial/env/lib/python3.11/site-packages/airflow/example_dags/subdags/subdag.py
[2023-08-23T21:36:32.046-0400] {processor.py:179} INFO - Processing /Users/mauri/Desktop/repositorio/apache-airflow-tutorial/env/lib/python3.11/site-packages/airflow/example_dags/subdags/subdag.py took 0.057 seconds
[2023-08-23T21:37:09.798-0400] {processor.py:157} INFO - Started process (PID=8652) to work on /Users/mauri/Desktop/repositorio/apache-airflow-tutorial/env/lib/python3.11/site-packages/airflow/example_dags/subdags/subdag.py
[2023-08-23T21:37:09.799-0400] {processor.py:829} INFO - Processing file /Users/mauri/Desktop/repositorio/apache-airflow-tutorial/env/lib/python3.11/site-packages/airflow/example_dags/subdags/subdag.py for tasks to queue
[2023-08-23T21:37:09.799-0400] {logging_mixin.py:151} INFO - [2023-08-23T21:37:09.799-0400] {dagbag.py:539} INFO - Filling up the DagBag from /Users/mauri/Desktop/repositorio/apache-airflow-tutorial/env/lib/python3.11/site-packages/airflow/example_dags/subdags/subdag.py
[2023-08-23T21:37:09.800-0400] {processor.py:841} WARNING - No viable dags retrieved from /Users/mauri/Desktop/repositorio/apache-airflow-tutorial/env/lib/python3.11/site-packages/airflow/example_dags/subdags/subdag.py
[2023-08-23T21:37:09.852-0400] {processor.py:179} INFO - Processing /Users/mauri/Desktop/repositorio/apache-airflow-tutorial/env/lib/python3.11/site-packages/airflow/example_dags/subdags/subdag.py took 0.054 seconds
[2023-08-23T21:37:46.945-0400] {processor.py:157} INFO - Started process (PID=8683) to work on /Users/mauri/Desktop/repositorio/apache-airflow-tutorial/env/lib/python3.11/site-packages/airflow/example_dags/subdags/subdag.py
[2023-08-23T21:37:46.949-0400] {processor.py:829} INFO - Processing file /Users/mauri/Desktop/repositorio/apache-airflow-tutorial/env/lib/python3.11/site-packages/airflow/example_dags/subdags/subdag.py for tasks to queue
[2023-08-23T21:37:46.949-0400] {logging_mixin.py:151} INFO - [2023-08-23T21:37:46.949-0400] {dagbag.py:539} INFO - Filling up the DagBag from /Users/mauri/Desktop/repositorio/apache-airflow-tutorial/env/lib/python3.11/site-packages/airflow/example_dags/subdags/subdag.py
[2023-08-23T21:37:46.950-0400] {processor.py:841} WARNING - No viable dags retrieved from /Users/mauri/Desktop/repositorio/apache-airflow-tutorial/env/lib/python3.11/site-packages/airflow/example_dags/subdags/subdag.py
[2023-08-23T21:37:47.006-0400] {processor.py:179} INFO - Processing /Users/mauri/Desktop/repositorio/apache-airflow-tutorial/env/lib/python3.11/site-packages/airflow/example_dags/subdags/subdag.py took 0.062 seconds
[2023-08-23T21:38:22.923-0400] {processor.py:157} INFO - Started process (PID=8719) to work on /Users/mauri/Desktop/repositorio/apache-airflow-tutorial/env/lib/python3.11/site-packages/airflow/example_dags/subdags/subdag.py
[2023-08-23T21:38:22.925-0400] {processor.py:829} INFO - Processing file /Users/mauri/Desktop/repositorio/apache-airflow-tutorial/env/lib/python3.11/site-packages/airflow/example_dags/subdags/subdag.py for tasks to queue
[2023-08-23T21:38:22.926-0400] {logging_mixin.py:151} INFO - [2023-08-23T21:38:22.926-0400] {dagbag.py:539} INFO - Filling up the DagBag from /Users/mauri/Desktop/repositorio/apache-airflow-tutorial/env/lib/python3.11/site-packages/airflow/example_dags/subdags/subdag.py
[2023-08-23T21:38:22.927-0400] {processor.py:841} WARNING - No viable dags retrieved from /Users/mauri/Desktop/repositorio/apache-airflow-tutorial/env/lib/python3.11/site-packages/airflow/example_dags/subdags/subdag.py
[2023-08-23T21:38:22.988-0400] {processor.py:179} INFO - Processing /Users/mauri/Desktop/repositorio/apache-airflow-tutorial/env/lib/python3.11/site-packages/airflow/example_dags/subdags/subdag.py took 0.065 seconds
[2023-08-23T21:39:01.373-0400] {processor.py:157} INFO - Started process (PID=8755) to work on /Users/mauri/Desktop/repositorio/apache-airflow-tutorial/env/lib/python3.11/site-packages/airflow/example_dags/subdags/subdag.py
[2023-08-23T21:39:01.374-0400] {processor.py:829} INFO - Processing file /Users/mauri/Desktop/repositorio/apache-airflow-tutorial/env/lib/python3.11/site-packages/airflow/example_dags/subdags/subdag.py for tasks to queue
[2023-08-23T21:39:01.375-0400] {logging_mixin.py:151} INFO - [2023-08-23T21:39:01.374-0400] {dagbag.py:539} INFO - Filling up the DagBag from /Users/mauri/Desktop/repositorio/apache-airflow-tutorial/env/lib/python3.11/site-packages/airflow/example_dags/subdags/subdag.py
[2023-08-23T21:39:01.375-0400] {processor.py:841} WARNING - No viable dags retrieved from /Users/mauri/Desktop/repositorio/apache-airflow-tutorial/env/lib/python3.11/site-packages/airflow/example_dags/subdags/subdag.py
[2023-08-23T21:39:01.428-0400] {processor.py:179} INFO - Processing /Users/mauri/Desktop/repositorio/apache-airflow-tutorial/env/lib/python3.11/site-packages/airflow/example_dags/subdags/subdag.py took 0.055 seconds
[2023-08-23T21:39:39.262-0400] {processor.py:157} INFO - Started process (PID=8786) to work on /Users/mauri/Desktop/repositorio/apache-airflow-tutorial/env/lib/python3.11/site-packages/airflow/example_dags/subdags/subdag.py
[2023-08-23T21:39:39.263-0400] {processor.py:829} INFO - Processing file /Users/mauri/Desktop/repositorio/apache-airflow-tutorial/env/lib/python3.11/site-packages/airflow/example_dags/subdags/subdag.py for tasks to queue
[2023-08-23T21:39:39.264-0400] {logging_mixin.py:151} INFO - [2023-08-23T21:39:39.263-0400] {dagbag.py:539} INFO - Filling up the DagBag from /Users/mauri/Desktop/repositorio/apache-airflow-tutorial/env/lib/python3.11/site-packages/airflow/example_dags/subdags/subdag.py
[2023-08-23T21:39:39.264-0400] {processor.py:841} WARNING - No viable dags retrieved from /Users/mauri/Desktop/repositorio/apache-airflow-tutorial/env/lib/python3.11/site-packages/airflow/example_dags/subdags/subdag.py
[2023-08-23T21:39:39.318-0400] {processor.py:179} INFO - Processing /Users/mauri/Desktop/repositorio/apache-airflow-tutorial/env/lib/python3.11/site-packages/airflow/example_dags/subdags/subdag.py took 0.056 seconds
[2023-08-23T21:40:16.190-0400] {processor.py:157} INFO - Started process (PID=8820) to work on /Users/mauri/Desktop/repositorio/apache-airflow-tutorial/env/lib/python3.11/site-packages/airflow/example_dags/subdags/subdag.py
[2023-08-23T21:40:16.192-0400] {processor.py:829} INFO - Processing file /Users/mauri/Desktop/repositorio/apache-airflow-tutorial/env/lib/python3.11/site-packages/airflow/example_dags/subdags/subdag.py for tasks to queue
[2023-08-23T21:40:16.192-0400] {logging_mixin.py:151} INFO - [2023-08-23T21:40:16.192-0400] {dagbag.py:539} INFO - Filling up the DagBag from /Users/mauri/Desktop/repositorio/apache-airflow-tutorial/env/lib/python3.11/site-packages/airflow/example_dags/subdags/subdag.py
[2023-08-23T21:40:16.193-0400] {processor.py:841} WARNING - No viable dags retrieved from /Users/mauri/Desktop/repositorio/apache-airflow-tutorial/env/lib/python3.11/site-packages/airflow/example_dags/subdags/subdag.py
[2023-08-23T21:40:16.249-0400] {processor.py:179} INFO - Processing /Users/mauri/Desktop/repositorio/apache-airflow-tutorial/env/lib/python3.11/site-packages/airflow/example_dags/subdags/subdag.py took 0.059 seconds
[2023-08-23T21:40:52.968-0400] {processor.py:157} INFO - Started process (PID=8848) to work on /Users/mauri/Desktop/repositorio/apache-airflow-tutorial/env/lib/python3.11/site-packages/airflow/example_dags/subdags/subdag.py
[2023-08-23T21:40:52.969-0400] {processor.py:829} INFO - Processing file /Users/mauri/Desktop/repositorio/apache-airflow-tutorial/env/lib/python3.11/site-packages/airflow/example_dags/subdags/subdag.py for tasks to queue
[2023-08-23T21:40:52.969-0400] {logging_mixin.py:151} INFO - [2023-08-23T21:40:52.969-0400] {dagbag.py:539} INFO - Filling up the DagBag from /Users/mauri/Desktop/repositorio/apache-airflow-tutorial/env/lib/python3.11/site-packages/airflow/example_dags/subdags/subdag.py
[2023-08-23T21:40:52.970-0400] {processor.py:841} WARNING - No viable dags retrieved from /Users/mauri/Desktop/repositorio/apache-airflow-tutorial/env/lib/python3.11/site-packages/airflow/example_dags/subdags/subdag.py
[2023-08-23T21:40:53.023-0400] {processor.py:179} INFO - Processing /Users/mauri/Desktop/repositorio/apache-airflow-tutorial/env/lib/python3.11/site-packages/airflow/example_dags/subdags/subdag.py took 0.056 seconds
[2023-08-23T21:41:30.097-0400] {processor.py:157} INFO - Started process (PID=8874) to work on /Users/mauri/Desktop/repositorio/apache-airflow-tutorial/env/lib/python3.11/site-packages/airflow/example_dags/subdags/subdag.py
[2023-08-23T21:41:30.099-0400] {processor.py:829} INFO - Processing file /Users/mauri/Desktop/repositorio/apache-airflow-tutorial/env/lib/python3.11/site-packages/airflow/example_dags/subdags/subdag.py for tasks to queue
[2023-08-23T21:41:30.099-0400] {logging_mixin.py:151} INFO - [2023-08-23T21:41:30.099-0400] {dagbag.py:539} INFO - Filling up the DagBag from /Users/mauri/Desktop/repositorio/apache-airflow-tutorial/env/lib/python3.11/site-packages/airflow/example_dags/subdags/subdag.py
[2023-08-23T21:41:30.099-0400] {processor.py:841} WARNING - No viable dags retrieved from /Users/mauri/Desktop/repositorio/apache-airflow-tutorial/env/lib/python3.11/site-packages/airflow/example_dags/subdags/subdag.py
[2023-08-23T21:41:30.151-0400] {processor.py:179} INFO - Processing /Users/mauri/Desktop/repositorio/apache-airflow-tutorial/env/lib/python3.11/site-packages/airflow/example_dags/subdags/subdag.py took 0.054 seconds
[2023-08-23T21:42:05.760-0400] {processor.py:157} INFO - Started process (PID=8905) to work on /Users/mauri/Desktop/repositorio/apache-airflow-tutorial/env/lib/python3.11/site-packages/airflow/example_dags/subdags/subdag.py
[2023-08-23T21:42:05.761-0400] {processor.py:829} INFO - Processing file /Users/mauri/Desktop/repositorio/apache-airflow-tutorial/env/lib/python3.11/site-packages/airflow/example_dags/subdags/subdag.py for tasks to queue
[2023-08-23T21:42:05.761-0400] {logging_mixin.py:151} INFO - [2023-08-23T21:42:05.761-0400] {dagbag.py:539} INFO - Filling up the DagBag from /Users/mauri/Desktop/repositorio/apache-airflow-tutorial/env/lib/python3.11/site-packages/airflow/example_dags/subdags/subdag.py
[2023-08-23T21:42:05.762-0400] {processor.py:841} WARNING - No viable dags retrieved from /Users/mauri/Desktop/repositorio/apache-airflow-tutorial/env/lib/python3.11/site-packages/airflow/example_dags/subdags/subdag.py
[2023-08-23T21:42:05.813-0400] {processor.py:179} INFO - Processing /Users/mauri/Desktop/repositorio/apache-airflow-tutorial/env/lib/python3.11/site-packages/airflow/example_dags/subdags/subdag.py took 0.054 seconds
[2023-08-23T21:42:42.944-0400] {processor.py:157} INFO - Started process (PID=8944) to work on /Users/mauri/Desktop/repositorio/apache-airflow-tutorial/env/lib/python3.11/site-packages/airflow/example_dags/subdags/subdag.py
[2023-08-23T21:42:42.945-0400] {processor.py:829} INFO - Processing file /Users/mauri/Desktop/repositorio/apache-airflow-tutorial/env/lib/python3.11/site-packages/airflow/example_dags/subdags/subdag.py for tasks to queue
[2023-08-23T21:42:42.945-0400] {logging_mixin.py:151} INFO - [2023-08-23T21:42:42.945-0400] {dagbag.py:539} INFO - Filling up the DagBag from /Users/mauri/Desktop/repositorio/apache-airflow-tutorial/env/lib/python3.11/site-packages/airflow/example_dags/subdags/subdag.py
[2023-08-23T21:42:42.946-0400] {processor.py:841} WARNING - No viable dags retrieved from /Users/mauri/Desktop/repositorio/apache-airflow-tutorial/env/lib/python3.11/site-packages/airflow/example_dags/subdags/subdag.py
[2023-08-23T21:42:42.998-0400] {processor.py:179} INFO - Processing /Users/mauri/Desktop/repositorio/apache-airflow-tutorial/env/lib/python3.11/site-packages/airflow/example_dags/subdags/subdag.py took 0.055 seconds
[2023-08-23T21:43:18.375-0400] {processor.py:157} INFO - Started process (PID=8970) to work on /Users/mauri/Desktop/repositorio/apache-airflow-tutorial/env/lib/python3.11/site-packages/airflow/example_dags/subdags/subdag.py
[2023-08-23T21:43:18.376-0400] {processor.py:829} INFO - Processing file /Users/mauri/Desktop/repositorio/apache-airflow-tutorial/env/lib/python3.11/site-packages/airflow/example_dags/subdags/subdag.py for tasks to queue
[2023-08-23T21:43:18.376-0400] {logging_mixin.py:151} INFO - [2023-08-23T21:43:18.376-0400] {dagbag.py:539} INFO - Filling up the DagBag from /Users/mauri/Desktop/repositorio/apache-airflow-tutorial/env/lib/python3.11/site-packages/airflow/example_dags/subdags/subdag.py
[2023-08-23T21:43:18.377-0400] {processor.py:841} WARNING - No viable dags retrieved from /Users/mauri/Desktop/repositorio/apache-airflow-tutorial/env/lib/python3.11/site-packages/airflow/example_dags/subdags/subdag.py
[2023-08-23T21:43:18.428-0400] {processor.py:179} INFO - Processing /Users/mauri/Desktop/repositorio/apache-airflow-tutorial/env/lib/python3.11/site-packages/airflow/example_dags/subdags/subdag.py took 0.054 seconds
[2023-08-23T21:43:52.773-0400] {processor.py:157} INFO - Started process (PID=9004) to work on /Users/mauri/Desktop/repositorio/apache-airflow-tutorial/env/lib/python3.11/site-packages/airflow/example_dags/subdags/subdag.py
[2023-08-23T21:43:52.774-0400] {processor.py:829} INFO - Processing file /Users/mauri/Desktop/repositorio/apache-airflow-tutorial/env/lib/python3.11/site-packages/airflow/example_dags/subdags/subdag.py for tasks to queue
[2023-08-23T21:43:52.774-0400] {logging_mixin.py:151} INFO - [2023-08-23T21:43:52.774-0400] {dagbag.py:539} INFO - Filling up the DagBag from /Users/mauri/Desktop/repositorio/apache-airflow-tutorial/env/lib/python3.11/site-packages/airflow/example_dags/subdags/subdag.py
[2023-08-23T21:43:52.775-0400] {processor.py:841} WARNING - No viable dags retrieved from /Users/mauri/Desktop/repositorio/apache-airflow-tutorial/env/lib/python3.11/site-packages/airflow/example_dags/subdags/subdag.py
[2023-08-23T21:43:52.827-0400] {processor.py:179} INFO - Processing /Users/mauri/Desktop/repositorio/apache-airflow-tutorial/env/lib/python3.11/site-packages/airflow/example_dags/subdags/subdag.py took 0.054 seconds
[2023-08-23T21:44:28.828-0400] {processor.py:157} INFO - Started process (PID=9046) to work on /Users/mauri/Desktop/repositorio/apache-airflow-tutorial/env/lib/python3.11/site-packages/airflow/example_dags/subdags/subdag.py
[2023-08-23T21:44:28.830-0400] {processor.py:829} INFO - Processing file /Users/mauri/Desktop/repositorio/apache-airflow-tutorial/env/lib/python3.11/site-packages/airflow/example_dags/subdags/subdag.py for tasks to queue
[2023-08-23T21:44:28.830-0400] {logging_mixin.py:151} INFO - [2023-08-23T21:44:28.830-0400] {dagbag.py:539} INFO - Filling up the DagBag from /Users/mauri/Desktop/repositorio/apache-airflow-tutorial/env/lib/python3.11/site-packages/airflow/example_dags/subdags/subdag.py
[2023-08-23T21:44:28.831-0400] {processor.py:841} WARNING - No viable dags retrieved from /Users/mauri/Desktop/repositorio/apache-airflow-tutorial/env/lib/python3.11/site-packages/airflow/example_dags/subdags/subdag.py
[2023-08-23T21:44:28.886-0400] {processor.py:179} INFO - Processing /Users/mauri/Desktop/repositorio/apache-airflow-tutorial/env/lib/python3.11/site-packages/airflow/example_dags/subdags/subdag.py took 0.058 seconds
[2023-08-23T21:45:06.070-0400] {processor.py:157} INFO - Started process (PID=9080) to work on /Users/mauri/Desktop/repositorio/apache-airflow-tutorial/env/lib/python3.11/site-packages/airflow/example_dags/subdags/subdag.py
[2023-08-23T21:45:06.072-0400] {processor.py:829} INFO - Processing file /Users/mauri/Desktop/repositorio/apache-airflow-tutorial/env/lib/python3.11/site-packages/airflow/example_dags/subdags/subdag.py for tasks to queue
[2023-08-23T21:45:06.072-0400] {logging_mixin.py:151} INFO - [2023-08-23T21:45:06.072-0400] {dagbag.py:539} INFO - Filling up the DagBag from /Users/mauri/Desktop/repositorio/apache-airflow-tutorial/env/lib/python3.11/site-packages/airflow/example_dags/subdags/subdag.py
[2023-08-23T21:45:06.073-0400] {processor.py:841} WARNING - No viable dags retrieved from /Users/mauri/Desktop/repositorio/apache-airflow-tutorial/env/lib/python3.11/site-packages/airflow/example_dags/subdags/subdag.py
[2023-08-23T21:45:06.128-0400] {processor.py:179} INFO - Processing /Users/mauri/Desktop/repositorio/apache-airflow-tutorial/env/lib/python3.11/site-packages/airflow/example_dags/subdags/subdag.py took 0.058 seconds
[2023-08-23T21:45:42.469-0400] {processor.py:157} INFO - Started process (PID=9114) to work on /Users/mauri/Desktop/repositorio/apache-airflow-tutorial/env/lib/python3.11/site-packages/airflow/example_dags/subdags/subdag.py
[2023-08-23T21:45:42.470-0400] {processor.py:829} INFO - Processing file /Users/mauri/Desktop/repositorio/apache-airflow-tutorial/env/lib/python3.11/site-packages/airflow/example_dags/subdags/subdag.py for tasks to queue
[2023-08-23T21:45:42.470-0400] {logging_mixin.py:151} INFO - [2023-08-23T21:45:42.470-0400] {dagbag.py:539} INFO - Filling up the DagBag from /Users/mauri/Desktop/repositorio/apache-airflow-tutorial/env/lib/python3.11/site-packages/airflow/example_dags/subdags/subdag.py
[2023-08-23T21:45:42.471-0400] {processor.py:841} WARNING - No viable dags retrieved from /Users/mauri/Desktop/repositorio/apache-airflow-tutorial/env/lib/python3.11/site-packages/airflow/example_dags/subdags/subdag.py
[2023-08-23T21:45:42.527-0400] {processor.py:179} INFO - Processing /Users/mauri/Desktop/repositorio/apache-airflow-tutorial/env/lib/python3.11/site-packages/airflow/example_dags/subdags/subdag.py took 0.059 seconds
[2023-08-23T21:46:18.945-0400] {processor.py:157} INFO - Started process (PID=9198) to work on /Users/mauri/Desktop/repositorio/apache-airflow-tutorial/env/lib/python3.11/site-packages/airflow/example_dags/subdags/subdag.py
[2023-08-23T21:46:18.946-0400] {processor.py:829} INFO - Processing file /Users/mauri/Desktop/repositorio/apache-airflow-tutorial/env/lib/python3.11/site-packages/airflow/example_dags/subdags/subdag.py for tasks to queue
[2023-08-23T21:46:18.946-0400] {logging_mixin.py:151} INFO - [2023-08-23T21:46:18.946-0400] {dagbag.py:539} INFO - Filling up the DagBag from /Users/mauri/Desktop/repositorio/apache-airflow-tutorial/env/lib/python3.11/site-packages/airflow/example_dags/subdags/subdag.py
[2023-08-23T21:46:18.947-0400] {processor.py:841} WARNING - No viable dags retrieved from /Users/mauri/Desktop/repositorio/apache-airflow-tutorial/env/lib/python3.11/site-packages/airflow/example_dags/subdags/subdag.py
[2023-08-23T21:46:18.998-0400] {processor.py:179} INFO - Processing /Users/mauri/Desktop/repositorio/apache-airflow-tutorial/env/lib/python3.11/site-packages/airflow/example_dags/subdags/subdag.py took 0.054 seconds
[2023-08-23T21:46:54.163-0400] {processor.py:157} INFO - Started process (PID=9279) to work on /Users/mauri/Desktop/repositorio/apache-airflow-tutorial/env/lib/python3.11/site-packages/airflow/example_dags/subdags/subdag.py
[2023-08-23T21:46:54.164-0400] {processor.py:829} INFO - Processing file /Users/mauri/Desktop/repositorio/apache-airflow-tutorial/env/lib/python3.11/site-packages/airflow/example_dags/subdags/subdag.py for tasks to queue
[2023-08-23T21:46:54.164-0400] {logging_mixin.py:151} INFO - [2023-08-23T21:46:54.164-0400] {dagbag.py:539} INFO - Filling up the DagBag from /Users/mauri/Desktop/repositorio/apache-airflow-tutorial/env/lib/python3.11/site-packages/airflow/example_dags/subdags/subdag.py
[2023-08-23T21:46:54.165-0400] {processor.py:841} WARNING - No viable dags retrieved from /Users/mauri/Desktop/repositorio/apache-airflow-tutorial/env/lib/python3.11/site-packages/airflow/example_dags/subdags/subdag.py
[2023-08-23T21:46:54.217-0400] {processor.py:179} INFO - Processing /Users/mauri/Desktop/repositorio/apache-airflow-tutorial/env/lib/python3.11/site-packages/airflow/example_dags/subdags/subdag.py took 0.054 seconds
[2023-08-23T21:47:27.880-0400] {processor.py:157} INFO - Started process (PID=9323) to work on /Users/mauri/Desktop/repositorio/apache-airflow-tutorial/env/lib/python3.11/site-packages/airflow/example_dags/subdags/subdag.py
[2023-08-23T21:47:27.882-0400] {processor.py:829} INFO - Processing file /Users/mauri/Desktop/repositorio/apache-airflow-tutorial/env/lib/python3.11/site-packages/airflow/example_dags/subdags/subdag.py for tasks to queue
[2023-08-23T21:47:27.882-0400] {logging_mixin.py:151} INFO - [2023-08-23T21:47:27.882-0400] {dagbag.py:539} INFO - Filling up the DagBag from /Users/mauri/Desktop/repositorio/apache-airflow-tutorial/env/lib/python3.11/site-packages/airflow/example_dags/subdags/subdag.py
[2023-08-23T21:47:27.883-0400] {processor.py:841} WARNING - No viable dags retrieved from /Users/mauri/Desktop/repositorio/apache-airflow-tutorial/env/lib/python3.11/site-packages/airflow/example_dags/subdags/subdag.py
[2023-08-23T21:47:27.945-0400] {processor.py:179} INFO - Processing /Users/mauri/Desktop/repositorio/apache-airflow-tutorial/env/lib/python3.11/site-packages/airflow/example_dags/subdags/subdag.py took 0.065 seconds
[2023-08-23T21:48:03.850-0400] {processor.py:157} INFO - Started process (PID=9398) to work on /Users/mauri/Desktop/repositorio/apache-airflow-tutorial/env/lib/python3.11/site-packages/airflow/example_dags/subdags/subdag.py
[2023-08-23T21:48:03.851-0400] {processor.py:829} INFO - Processing file /Users/mauri/Desktop/repositorio/apache-airflow-tutorial/env/lib/python3.11/site-packages/airflow/example_dags/subdags/subdag.py for tasks to queue
[2023-08-23T21:48:03.852-0400] {logging_mixin.py:151} INFO - [2023-08-23T21:48:03.852-0400] {dagbag.py:539} INFO - Filling up the DagBag from /Users/mauri/Desktop/repositorio/apache-airflow-tutorial/env/lib/python3.11/site-packages/airflow/example_dags/subdags/subdag.py
[2023-08-23T21:48:03.852-0400] {processor.py:841} WARNING - No viable dags retrieved from /Users/mauri/Desktop/repositorio/apache-airflow-tutorial/env/lib/python3.11/site-packages/airflow/example_dags/subdags/subdag.py
[2023-08-23T21:48:03.907-0400] {processor.py:179} INFO - Processing /Users/mauri/Desktop/repositorio/apache-airflow-tutorial/env/lib/python3.11/site-packages/airflow/example_dags/subdags/subdag.py took 0.057 seconds
[2023-08-23T21:48:40.373-0400] {processor.py:157} INFO - Started process (PID=9430) to work on /Users/mauri/Desktop/repositorio/apache-airflow-tutorial/env/lib/python3.11/site-packages/airflow/example_dags/subdags/subdag.py
[2023-08-23T21:48:40.374-0400] {processor.py:829} INFO - Processing file /Users/mauri/Desktop/repositorio/apache-airflow-tutorial/env/lib/python3.11/site-packages/airflow/example_dags/subdags/subdag.py for tasks to queue
[2023-08-23T21:48:40.375-0400] {logging_mixin.py:151} INFO - [2023-08-23T21:48:40.375-0400] {dagbag.py:539} INFO - Filling up the DagBag from /Users/mauri/Desktop/repositorio/apache-airflow-tutorial/env/lib/python3.11/site-packages/airflow/example_dags/subdags/subdag.py
[2023-08-23T21:48:40.376-0400] {processor.py:841} WARNING - No viable dags retrieved from /Users/mauri/Desktop/repositorio/apache-airflow-tutorial/env/lib/python3.11/site-packages/airflow/example_dags/subdags/subdag.py
[2023-08-23T21:48:40.431-0400] {processor.py:179} INFO - Processing /Users/mauri/Desktop/repositorio/apache-airflow-tutorial/env/lib/python3.11/site-packages/airflow/example_dags/subdags/subdag.py took 0.058 seconds
[2023-08-23T21:49:17.019-0400] {processor.py:157} INFO - Started process (PID=9467) to work on /Users/mauri/Desktop/repositorio/apache-airflow-tutorial/env/lib/python3.11/site-packages/airflow/example_dags/subdags/subdag.py
[2023-08-23T21:49:17.021-0400] {processor.py:829} INFO - Processing file /Users/mauri/Desktop/repositorio/apache-airflow-tutorial/env/lib/python3.11/site-packages/airflow/example_dags/subdags/subdag.py for tasks to queue
[2023-08-23T21:49:17.021-0400] {logging_mixin.py:151} INFO - [2023-08-23T21:49:17.021-0400] {dagbag.py:539} INFO - Filling up the DagBag from /Users/mauri/Desktop/repositorio/apache-airflow-tutorial/env/lib/python3.11/site-packages/airflow/example_dags/subdags/subdag.py
[2023-08-23T21:49:17.022-0400] {processor.py:841} WARNING - No viable dags retrieved from /Users/mauri/Desktop/repositorio/apache-airflow-tutorial/env/lib/python3.11/site-packages/airflow/example_dags/subdags/subdag.py
[2023-08-23T21:49:17.078-0400] {processor.py:179} INFO - Processing /Users/mauri/Desktop/repositorio/apache-airflow-tutorial/env/lib/python3.11/site-packages/airflow/example_dags/subdags/subdag.py took 0.059 seconds
[2023-08-23T21:49:54.972-0400] {processor.py:157} INFO - Started process (PID=9498) to work on /Users/mauri/Desktop/repositorio/apache-airflow-tutorial/env/lib/python3.11/site-packages/airflow/example_dags/subdags/subdag.py
[2023-08-23T21:49:54.974-0400] {processor.py:829} INFO - Processing file /Users/mauri/Desktop/repositorio/apache-airflow-tutorial/env/lib/python3.11/site-packages/airflow/example_dags/subdags/subdag.py for tasks to queue
[2023-08-23T21:49:54.974-0400] {logging_mixin.py:151} INFO - [2023-08-23T21:49:54.974-0400] {dagbag.py:539} INFO - Filling up the DagBag from /Users/mauri/Desktop/repositorio/apache-airflow-tutorial/env/lib/python3.11/site-packages/airflow/example_dags/subdags/subdag.py
[2023-08-23T21:49:54.975-0400] {processor.py:841} WARNING - No viable dags retrieved from /Users/mauri/Desktop/repositorio/apache-airflow-tutorial/env/lib/python3.11/site-packages/airflow/example_dags/subdags/subdag.py
[2023-08-23T21:49:55.040-0400] {processor.py:179} INFO - Processing /Users/mauri/Desktop/repositorio/apache-airflow-tutorial/env/lib/python3.11/site-packages/airflow/example_dags/subdags/subdag.py took 0.069 seconds
[2023-08-23T21:50:33.264-0400] {processor.py:157} INFO - Started process (PID=9537) to work on /Users/mauri/Desktop/repositorio/apache-airflow-tutorial/env/lib/python3.11/site-packages/airflow/example_dags/subdags/subdag.py
[2023-08-23T21:50:33.265-0400] {processor.py:829} INFO - Processing file /Users/mauri/Desktop/repositorio/apache-airflow-tutorial/env/lib/python3.11/site-packages/airflow/example_dags/subdags/subdag.py for tasks to queue
[2023-08-23T21:50:33.265-0400] {logging_mixin.py:151} INFO - [2023-08-23T21:50:33.265-0400] {dagbag.py:539} INFO - Filling up the DagBag from /Users/mauri/Desktop/repositorio/apache-airflow-tutorial/env/lib/python3.11/site-packages/airflow/example_dags/subdags/subdag.py
[2023-08-23T21:50:33.266-0400] {processor.py:841} WARNING - No viable dags retrieved from /Users/mauri/Desktop/repositorio/apache-airflow-tutorial/env/lib/python3.11/site-packages/airflow/example_dags/subdags/subdag.py
[2023-08-23T21:50:33.319-0400] {processor.py:179} INFO - Processing /Users/mauri/Desktop/repositorio/apache-airflow-tutorial/env/lib/python3.11/site-packages/airflow/example_dags/subdags/subdag.py took 0.056 seconds
[2023-08-23T21:51:10.811-0400] {processor.py:157} INFO - Started process (PID=9587) to work on /Users/mauri/Desktop/repositorio/apache-airflow-tutorial/env/lib/python3.11/site-packages/airflow/example_dags/subdags/subdag.py
[2023-08-23T21:51:10.813-0400] {processor.py:829} INFO - Processing file /Users/mauri/Desktop/repositorio/apache-airflow-tutorial/env/lib/python3.11/site-packages/airflow/example_dags/subdags/subdag.py for tasks to queue
[2023-08-23T21:51:10.813-0400] {logging_mixin.py:151} INFO - [2023-08-23T21:51:10.813-0400] {dagbag.py:539} INFO - Filling up the DagBag from /Users/mauri/Desktop/repositorio/apache-airflow-tutorial/env/lib/python3.11/site-packages/airflow/example_dags/subdags/subdag.py
[2023-08-23T21:51:10.814-0400] {processor.py:841} WARNING - No viable dags retrieved from /Users/mauri/Desktop/repositorio/apache-airflow-tutorial/env/lib/python3.11/site-packages/airflow/example_dags/subdags/subdag.py
[2023-08-23T21:51:10.866-0400] {processor.py:179} INFO - Processing /Users/mauri/Desktop/repositorio/apache-airflow-tutorial/env/lib/python3.11/site-packages/airflow/example_dags/subdags/subdag.py took 0.055 seconds
[2023-08-23T21:51:47.605-0400] {processor.py:157} INFO - Started process (PID=9633) to work on /Users/mauri/Desktop/repositorio/apache-airflow-tutorial/env/lib/python3.11/site-packages/airflow/example_dags/subdags/subdag.py
[2023-08-23T21:51:47.606-0400] {processor.py:829} INFO - Processing file /Users/mauri/Desktop/repositorio/apache-airflow-tutorial/env/lib/python3.11/site-packages/airflow/example_dags/subdags/subdag.py for tasks to queue
[2023-08-23T21:51:47.607-0400] {logging_mixin.py:151} INFO - [2023-08-23T21:51:47.606-0400] {dagbag.py:539} INFO - Filling up the DagBag from /Users/mauri/Desktop/repositorio/apache-airflow-tutorial/env/lib/python3.11/site-packages/airflow/example_dags/subdags/subdag.py
[2023-08-23T21:51:47.607-0400] {processor.py:841} WARNING - No viable dags retrieved from /Users/mauri/Desktop/repositorio/apache-airflow-tutorial/env/lib/python3.11/site-packages/airflow/example_dags/subdags/subdag.py
[2023-08-23T21:51:47.659-0400] {processor.py:179} INFO - Processing /Users/mauri/Desktop/repositorio/apache-airflow-tutorial/env/lib/python3.11/site-packages/airflow/example_dags/subdags/subdag.py took 0.054 seconds
[2023-08-23T21:52:23.448-0400] {processor.py:157} INFO - Started process (PID=9665) to work on /Users/mauri/Desktop/repositorio/apache-airflow-tutorial/env/lib/python3.11/site-packages/airflow/example_dags/subdags/subdag.py
[2023-08-23T21:52:23.449-0400] {processor.py:829} INFO - Processing file /Users/mauri/Desktop/repositorio/apache-airflow-tutorial/env/lib/python3.11/site-packages/airflow/example_dags/subdags/subdag.py for tasks to queue
[2023-08-23T21:52:23.449-0400] {logging_mixin.py:151} INFO - [2023-08-23T21:52:23.449-0400] {dagbag.py:539} INFO - Filling up the DagBag from /Users/mauri/Desktop/repositorio/apache-airflow-tutorial/env/lib/python3.11/site-packages/airflow/example_dags/subdags/subdag.py
[2023-08-23T21:52:23.450-0400] {processor.py:841} WARNING - No viable dags retrieved from /Users/mauri/Desktop/repositorio/apache-airflow-tutorial/env/lib/python3.11/site-packages/airflow/example_dags/subdags/subdag.py
[2023-08-23T21:52:23.502-0400] {processor.py:179} INFO - Processing /Users/mauri/Desktop/repositorio/apache-airflow-tutorial/env/lib/python3.11/site-packages/airflow/example_dags/subdags/subdag.py took 0.054 seconds
[2023-08-23T21:52:58.555-0400] {processor.py:157} INFO - Started process (PID=9698) to work on /Users/mauri/Desktop/repositorio/apache-airflow-tutorial/env/lib/python3.11/site-packages/airflow/example_dags/subdags/subdag.py
[2023-08-23T21:52:58.557-0400] {processor.py:829} INFO - Processing file /Users/mauri/Desktop/repositorio/apache-airflow-tutorial/env/lib/python3.11/site-packages/airflow/example_dags/subdags/subdag.py for tasks to queue
[2023-08-23T21:52:58.557-0400] {logging_mixin.py:151} INFO - [2023-08-23T21:52:58.557-0400] {dagbag.py:539} INFO - Filling up the DagBag from /Users/mauri/Desktop/repositorio/apache-airflow-tutorial/env/lib/python3.11/site-packages/airflow/example_dags/subdags/subdag.py
[2023-08-23T21:52:58.558-0400] {processor.py:841} WARNING - No viable dags retrieved from /Users/mauri/Desktop/repositorio/apache-airflow-tutorial/env/lib/python3.11/site-packages/airflow/example_dags/subdags/subdag.py
[2023-08-23T21:52:58.610-0400] {processor.py:179} INFO - Processing /Users/mauri/Desktop/repositorio/apache-airflow-tutorial/env/lib/python3.11/site-packages/airflow/example_dags/subdags/subdag.py took 0.055 seconds
[2023-08-23T21:53:33.600-0400] {processor.py:157} INFO - Started process (PID=9729) to work on /Users/mauri/Desktop/repositorio/apache-airflow-tutorial/env/lib/python3.11/site-packages/airflow/example_dags/subdags/subdag.py
[2023-08-23T21:53:33.601-0400] {processor.py:829} INFO - Processing file /Users/mauri/Desktop/repositorio/apache-airflow-tutorial/env/lib/python3.11/site-packages/airflow/example_dags/subdags/subdag.py for tasks to queue
[2023-08-23T21:53:33.602-0400] {logging_mixin.py:151} INFO - [2023-08-23T21:53:33.602-0400] {dagbag.py:539} INFO - Filling up the DagBag from /Users/mauri/Desktop/repositorio/apache-airflow-tutorial/env/lib/python3.11/site-packages/airflow/example_dags/subdags/subdag.py
[2023-08-23T21:53:33.602-0400] {processor.py:841} WARNING - No viable dags retrieved from /Users/mauri/Desktop/repositorio/apache-airflow-tutorial/env/lib/python3.11/site-packages/airflow/example_dags/subdags/subdag.py
[2023-08-23T21:53:33.659-0400] {processor.py:179} INFO - Processing /Users/mauri/Desktop/repositorio/apache-airflow-tutorial/env/lib/python3.11/site-packages/airflow/example_dags/subdags/subdag.py took 0.060 seconds
[2023-08-23T21:54:09.487-0400] {processor.py:157} INFO - Started process (PID=9767) to work on /Users/mauri/Desktop/repositorio/apache-airflow-tutorial/env/lib/python3.11/site-packages/airflow/example_dags/subdags/subdag.py
[2023-08-23T21:54:09.488-0400] {processor.py:829} INFO - Processing file /Users/mauri/Desktop/repositorio/apache-airflow-tutorial/env/lib/python3.11/site-packages/airflow/example_dags/subdags/subdag.py for tasks to queue
[2023-08-23T21:54:09.488-0400] {logging_mixin.py:151} INFO - [2023-08-23T21:54:09.488-0400] {dagbag.py:539} INFO - Filling up the DagBag from /Users/mauri/Desktop/repositorio/apache-airflow-tutorial/env/lib/python3.11/site-packages/airflow/example_dags/subdags/subdag.py
[2023-08-23T21:54:09.489-0400] {processor.py:841} WARNING - No viable dags retrieved from /Users/mauri/Desktop/repositorio/apache-airflow-tutorial/env/lib/python3.11/site-packages/airflow/example_dags/subdags/subdag.py
[2023-08-23T21:54:09.541-0400] {processor.py:179} INFO - Processing /Users/mauri/Desktop/repositorio/apache-airflow-tutorial/env/lib/python3.11/site-packages/airflow/example_dags/subdags/subdag.py took 0.054 seconds
[2023-08-23T21:54:44.272-0400] {processor.py:157} INFO - Started process (PID=9794) to work on /Users/mauri/Desktop/repositorio/apache-airflow-tutorial/env/lib/python3.11/site-packages/airflow/example_dags/subdags/subdag.py
[2023-08-23T21:54:44.274-0400] {processor.py:829} INFO - Processing file /Users/mauri/Desktop/repositorio/apache-airflow-tutorial/env/lib/python3.11/site-packages/airflow/example_dags/subdags/subdag.py for tasks to queue
[2023-08-23T21:54:44.274-0400] {logging_mixin.py:151} INFO - [2023-08-23T21:54:44.274-0400] {dagbag.py:539} INFO - Filling up the DagBag from /Users/mauri/Desktop/repositorio/apache-airflow-tutorial/env/lib/python3.11/site-packages/airflow/example_dags/subdags/subdag.py
[2023-08-23T21:54:44.275-0400] {processor.py:841} WARNING - No viable dags retrieved from /Users/mauri/Desktop/repositorio/apache-airflow-tutorial/env/lib/python3.11/site-packages/airflow/example_dags/subdags/subdag.py
[2023-08-23T21:54:44.327-0400] {processor.py:179} INFO - Processing /Users/mauri/Desktop/repositorio/apache-airflow-tutorial/env/lib/python3.11/site-packages/airflow/example_dags/subdags/subdag.py took 0.056 seconds
[2023-08-23T21:55:20.984-0400] {processor.py:157} INFO - Started process (PID=9830) to work on /Users/mauri/Desktop/repositorio/apache-airflow-tutorial/env/lib/python3.11/site-packages/airflow/example_dags/subdags/subdag.py
[2023-08-23T21:55:20.985-0400] {processor.py:829} INFO - Processing file /Users/mauri/Desktop/repositorio/apache-airflow-tutorial/env/lib/python3.11/site-packages/airflow/example_dags/subdags/subdag.py for tasks to queue
[2023-08-23T21:55:20.985-0400] {logging_mixin.py:151} INFO - [2023-08-23T21:55:20.985-0400] {dagbag.py:539} INFO - Filling up the DagBag from /Users/mauri/Desktop/repositorio/apache-airflow-tutorial/env/lib/python3.11/site-packages/airflow/example_dags/subdags/subdag.py
[2023-08-23T21:55:20.986-0400] {processor.py:841} WARNING - No viable dags retrieved from /Users/mauri/Desktop/repositorio/apache-airflow-tutorial/env/lib/python3.11/site-packages/airflow/example_dags/subdags/subdag.py
[2023-08-23T21:55:21.038-0400] {processor.py:179} INFO - Processing /Users/mauri/Desktop/repositorio/apache-airflow-tutorial/env/lib/python3.11/site-packages/airflow/example_dags/subdags/subdag.py took 0.054 seconds
[2023-08-23T21:55:57.407-0400] {processor.py:157} INFO - Started process (PID=9863) to work on /Users/mauri/Desktop/repositorio/apache-airflow-tutorial/env/lib/python3.11/site-packages/airflow/example_dags/subdags/subdag.py
[2023-08-23T21:55:57.409-0400] {processor.py:829} INFO - Processing file /Users/mauri/Desktop/repositorio/apache-airflow-tutorial/env/lib/python3.11/site-packages/airflow/example_dags/subdags/subdag.py for tasks to queue
[2023-08-23T21:55:57.409-0400] {logging_mixin.py:151} INFO - [2023-08-23T21:55:57.409-0400] {dagbag.py:539} INFO - Filling up the DagBag from /Users/mauri/Desktop/repositorio/apache-airflow-tutorial/env/lib/python3.11/site-packages/airflow/example_dags/subdags/subdag.py
[2023-08-23T21:55:57.410-0400] {processor.py:841} WARNING - No viable dags retrieved from /Users/mauri/Desktop/repositorio/apache-airflow-tutorial/env/lib/python3.11/site-packages/airflow/example_dags/subdags/subdag.py
[2023-08-23T21:55:57.471-0400] {processor.py:179} INFO - Processing /Users/mauri/Desktop/repositorio/apache-airflow-tutorial/env/lib/python3.11/site-packages/airflow/example_dags/subdags/subdag.py took 0.064 seconds
[2023-08-23T21:56:34.022-0400] {processor.py:157} INFO - Started process (PID=9897) to work on /Users/mauri/Desktop/repositorio/apache-airflow-tutorial/env/lib/python3.11/site-packages/airflow/example_dags/subdags/subdag.py
[2023-08-23T21:56:34.023-0400] {processor.py:829} INFO - Processing file /Users/mauri/Desktop/repositorio/apache-airflow-tutorial/env/lib/python3.11/site-packages/airflow/example_dags/subdags/subdag.py for tasks to queue
[2023-08-23T21:56:34.023-0400] {logging_mixin.py:151} INFO - [2023-08-23T21:56:34.023-0400] {dagbag.py:539} INFO - Filling up the DagBag from /Users/mauri/Desktop/repositorio/apache-airflow-tutorial/env/lib/python3.11/site-packages/airflow/example_dags/subdags/subdag.py
[2023-08-23T21:56:34.024-0400] {processor.py:841} WARNING - No viable dags retrieved from /Users/mauri/Desktop/repositorio/apache-airflow-tutorial/env/lib/python3.11/site-packages/airflow/example_dags/subdags/subdag.py
[2023-08-23T21:56:34.079-0400] {processor.py:179} INFO - Processing /Users/mauri/Desktop/repositorio/apache-airflow-tutorial/env/lib/python3.11/site-packages/airflow/example_dags/subdags/subdag.py took 0.058 seconds
[2023-08-23T21:57:11.932-0400] {processor.py:157} INFO - Started process (PID=9933) to work on /Users/mauri/Desktop/repositorio/apache-airflow-tutorial/env/lib/python3.11/site-packages/airflow/example_dags/subdags/subdag.py
[2023-08-23T21:57:11.933-0400] {processor.py:829} INFO - Processing file /Users/mauri/Desktop/repositorio/apache-airflow-tutorial/env/lib/python3.11/site-packages/airflow/example_dags/subdags/subdag.py for tasks to queue
[2023-08-23T21:57:11.934-0400] {logging_mixin.py:151} INFO - [2023-08-23T21:57:11.933-0400] {dagbag.py:539} INFO - Filling up the DagBag from /Users/mauri/Desktop/repositorio/apache-airflow-tutorial/env/lib/python3.11/site-packages/airflow/example_dags/subdags/subdag.py
[2023-08-23T21:57:11.934-0400] {processor.py:841} WARNING - No viable dags retrieved from /Users/mauri/Desktop/repositorio/apache-airflow-tutorial/env/lib/python3.11/site-packages/airflow/example_dags/subdags/subdag.py
[2023-08-23T21:57:11.987-0400] {processor.py:179} INFO - Processing /Users/mauri/Desktop/repositorio/apache-airflow-tutorial/env/lib/python3.11/site-packages/airflow/example_dags/subdags/subdag.py took 0.055 seconds
[2023-08-23T21:57:50.653-0400] {processor.py:157} INFO - Started process (PID=9964) to work on /Users/mauri/Desktop/repositorio/apache-airflow-tutorial/env/lib/python3.11/site-packages/airflow/example_dags/subdags/subdag.py
[2023-08-23T21:57:50.654-0400] {processor.py:829} INFO - Processing file /Users/mauri/Desktop/repositorio/apache-airflow-tutorial/env/lib/python3.11/site-packages/airflow/example_dags/subdags/subdag.py for tasks to queue
[2023-08-23T21:57:50.655-0400] {logging_mixin.py:151} INFO - [2023-08-23T21:57:50.655-0400] {dagbag.py:539} INFO - Filling up the DagBag from /Users/mauri/Desktop/repositorio/apache-airflow-tutorial/env/lib/python3.11/site-packages/airflow/example_dags/subdags/subdag.py
[2023-08-23T21:57:50.655-0400] {processor.py:841} WARNING - No viable dags retrieved from /Users/mauri/Desktop/repositorio/apache-airflow-tutorial/env/lib/python3.11/site-packages/airflow/example_dags/subdags/subdag.py
[2023-08-23T21:57:50.712-0400] {processor.py:179} INFO - Processing /Users/mauri/Desktop/repositorio/apache-airflow-tutorial/env/lib/python3.11/site-packages/airflow/example_dags/subdags/subdag.py took 0.059 seconds
[2023-08-23T21:58:27.645-0400] {processor.py:157} INFO - Started process (PID=9996) to work on /Users/mauri/Desktop/repositorio/apache-airflow-tutorial/env/lib/python3.11/site-packages/airflow/example_dags/subdags/subdag.py
[2023-08-23T21:58:27.647-0400] {processor.py:829} INFO - Processing file /Users/mauri/Desktop/repositorio/apache-airflow-tutorial/env/lib/python3.11/site-packages/airflow/example_dags/subdags/subdag.py for tasks to queue
[2023-08-23T21:58:27.647-0400] {logging_mixin.py:151} INFO - [2023-08-23T21:58:27.647-0400] {dagbag.py:539} INFO - Filling up the DagBag from /Users/mauri/Desktop/repositorio/apache-airflow-tutorial/env/lib/python3.11/site-packages/airflow/example_dags/subdags/subdag.py
[2023-08-23T21:58:27.648-0400] {processor.py:841} WARNING - No viable dags retrieved from /Users/mauri/Desktop/repositorio/apache-airflow-tutorial/env/lib/python3.11/site-packages/airflow/example_dags/subdags/subdag.py
[2023-08-23T21:58:27.699-0400] {processor.py:179} INFO - Processing /Users/mauri/Desktop/repositorio/apache-airflow-tutorial/env/lib/python3.11/site-packages/airflow/example_dags/subdags/subdag.py took 0.054 seconds
[2023-08-23T21:59:05.446-0400] {processor.py:157} INFO - Started process (PID=10031) to work on /Users/mauri/Desktop/repositorio/apache-airflow-tutorial/env/lib/python3.11/site-packages/airflow/example_dags/subdags/subdag.py
[2023-08-23T21:59:05.448-0400] {processor.py:829} INFO - Processing file /Users/mauri/Desktop/repositorio/apache-airflow-tutorial/env/lib/python3.11/site-packages/airflow/example_dags/subdags/subdag.py for tasks to queue
[2023-08-23T21:59:05.448-0400] {logging_mixin.py:151} INFO - [2023-08-23T21:59:05.448-0400] {dagbag.py:539} INFO - Filling up the DagBag from /Users/mauri/Desktop/repositorio/apache-airflow-tutorial/env/lib/python3.11/site-packages/airflow/example_dags/subdags/subdag.py
[2023-08-23T21:59:05.449-0400] {processor.py:841} WARNING - No viable dags retrieved from /Users/mauri/Desktop/repositorio/apache-airflow-tutorial/env/lib/python3.11/site-packages/airflow/example_dags/subdags/subdag.py
[2023-08-23T21:59:05.509-0400] {processor.py:179} INFO - Processing /Users/mauri/Desktop/repositorio/apache-airflow-tutorial/env/lib/python3.11/site-packages/airflow/example_dags/subdags/subdag.py took 0.063 seconds
[2023-08-23T21:59:42.528-0400] {processor.py:157} INFO - Started process (PID=10066) to work on /Users/mauri/Desktop/repositorio/apache-airflow-tutorial/env/lib/python3.11/site-packages/airflow/example_dags/subdags/subdag.py
[2023-08-23T21:59:42.529-0400] {processor.py:829} INFO - Processing file /Users/mauri/Desktop/repositorio/apache-airflow-tutorial/env/lib/python3.11/site-packages/airflow/example_dags/subdags/subdag.py for tasks to queue
[2023-08-23T21:59:42.529-0400] {logging_mixin.py:151} INFO - [2023-08-23T21:59:42.529-0400] {dagbag.py:539} INFO - Filling up the DagBag from /Users/mauri/Desktop/repositorio/apache-airflow-tutorial/env/lib/python3.11/site-packages/airflow/example_dags/subdags/subdag.py
[2023-08-23T21:59:42.530-0400] {processor.py:841} WARNING - No viable dags retrieved from /Users/mauri/Desktop/repositorio/apache-airflow-tutorial/env/lib/python3.11/site-packages/airflow/example_dags/subdags/subdag.py
[2023-08-23T21:59:42.583-0400] {processor.py:179} INFO - Processing /Users/mauri/Desktop/repositorio/apache-airflow-tutorial/env/lib/python3.11/site-packages/airflow/example_dags/subdags/subdag.py took 0.056 seconds
